---------------------------------------------------------------
[ 2020-05-16T09:42:56+08:00 ] 127.0.0.1 OPTIONS www.hardphp.com/index.php/admin/login/index
[运行时间：0.474375s] [吞吐率：2.11req/s] [内存消耗：1,707.69kb] [文件加载：63]
[ info ] [ LANG ] D:\phpStudy\PHPTutorial\WWW\hardphp\thinkphp\lang\zh-cn.php
[ info ] [ ROUTE ] array (
  'type' => 'module',
  'module' => 
  array (
    0 => 'admin',
    1 => 'login',
    2 => 'index',
  ),
)
[ info ] [ HEADER ] array (
  'accept-language' => 'zh-CN,zh;q=0.9',
  'accept-encoding' => 'gzip, deflate',
  'referer' => 'http://localhost:8080/',
  'accept' => '*/*',
  'access-control-request-headers' => 'x-access-appid',
  'user-agent' => 'Mozilla/5.0 (Windows NT 10.0; WOW64) AppleWebKit/537.36 (KHTML, like Gecko) Chrome/78.0.3904.108 Safari/537.36',
  'origin' => 'http://localhost:8080',
  'access-control-request-method' => 'POST',
  'connection' => 'close',
  'host' => 'www.hardphp.com',
)
[ info ] [ PARAM ] array (
)
[ info ] [ LOG ] INIT File
---------------------------------------------------------------
[ 2020-05-16T09:42:57+08:00 ] 127.0.0.1 POST www.hardphp.com/index.php/admin/login/index
[运行时间：0.722220s] [吞吐率：1.38req/s] [内存消耗：2,831.38kb] [文件加载：78]
[ info ] [ LANG ] D:\phpStudy\PHPTutorial\WWW\hardphp\thinkphp\lang\zh-cn.php
[ info ] [ ROUTE ] array (
  'type' => 'module',
  'module' => 
  array (
    0 => 'admin',
    1 => 'login',
    2 => 'index',
  ),
)
[ info ] [ HEADER ] array (
  'accept-language' => 'zh-CN,zh;q=0.9',
  'accept-encoding' => 'gzip, deflate',
  'referer' => 'http://localhost:8080/',
  'content-type' => 'application/x-www-form-urlencoded;charset=UTF-8',
  'x-access-appid' => '123456',
  'user-agent' => 'Mozilla/5.0 (Windows NT 10.0; WOW64) AppleWebKit/537.36 (KHTML, like Gecko) Chrome/78.0.3904.108 Safari/537.36',
  'origin' => 'http://localhost:8080',
  'accept' => 'application/json, text/plain, */*',
  'content-length' => '73',
  'connection' => 'close',
  'host' => 'www.hardphp.com',
)
[ info ] [ PARAM ] array (
  'userName' => 'admin',
  'password' => '123456',
  'signature' => '5c9dde2ed54c2625dcafa37e79314ea6',
)
[ info ] [ DB ] INIT mysql
[ info ] [ RUN ] app\admin\controller\Login->index[ D:\phpStudy\PHPTutorial\WWW\hardphp\application\admin\controller\Login.php ]
[ info ] [ CACHE ] INIT File
[ info ] [ LOG ] INIT File
---------------------------------------------------------------
[ 2020-05-16T09:42:57+08:00 ] 127.0.0.1 OPTIONS www.hardphp.com/index.php/admin/admin/getuser
[运行时间：0.085127s] [吞吐率：11.75req/s] [内存消耗：1,753.53kb] [文件加载：65]
[ info ] [ LANG ] D:\phpStudy\PHPTutorial\WWW\hardphp\thinkphp\lang\zh-cn.php
[ info ] [ ROUTE ] array (
  'type' => 'module',
  'module' => 
  array (
    0 => 'admin',
    1 => 'admin',
    2 => 'getuser',
  ),
)
[ info ] [ HEADER ] array (
  'accept-language' => 'zh-CN,zh;q=0.9',
  'accept-encoding' => 'gzip, deflate',
  'referer' => 'http://localhost:8080/',
  'accept' => '*/*',
  'access-control-request-headers' => 'x-access-appid,x-access-token',
  'user-agent' => 'Mozilla/5.0 (Windows NT 10.0; WOW64) AppleWebKit/537.36 (KHTML, like Gecko) Chrome/78.0.3904.108 Safari/537.36',
  'origin' => 'http://localhost:8080',
  'access-control-request-method' => 'POST',
  'connection' => 'close',
  'host' => 'www.hardphp.com',
)
[ info ] [ PARAM ] array (
)
[ info ] [ LOG ] INIT File
---------------------------------------------------------------
[ 2020-05-16T09:42:57+08:00 ] 127.0.0.1 POST www.hardphp.com/index.php/admin/admin/getuser
[运行时间：0.176987s] [吞吐率：5.65req/s] [内存消耗：2,847.08kb] [文件加载：77]
[ info ] [ LANG ] D:\phpStudy\PHPTutorial\WWW\hardphp\thinkphp\lang\zh-cn.php
[ info ] [ ROUTE ] array (
  'type' => 'module',
  'module' => 
  array (
    0 => 'admin',
    1 => 'admin',
    2 => 'getuser',
  ),
)
[ info ] [ HEADER ] array (
  'accept-language' => 'zh-CN,zh;q=0.9',
  'accept-encoding' => 'gzip, deflate',
  'referer' => 'http://localhost:8080/',
  'content-type' => 'application/x-www-form-urlencoded;charset=UTF-8',
  'x-access-appid' => '123456',
  'user-agent' => 'Mozilla/5.0 (Windows NT 10.0; WOW64) AppleWebKit/537.36 (KHTML, like Gecko) Chrome/78.0.3904.108 Safari/537.36',
  'x-access-token' => '2DE854C20F24A64CCAB1F2AE47BDF2F8MDAwMDAwMDAwML6Mna-FqrqSib2cgMOHoIC7o36CkY6xfLjQzqGGZIXVuGadr4u5um-LunZ_w4efabGmjmWDo3-gu5SsqIhkp6vHZJ3Ynau-moXTqGG4nZSnyX-ohIONk4a7qbtoiGOJu7KJYpqMt7KIheBxpbeJaWWypnCkiqZ_q8eWv2qWeIXayYiDsoepx22cunZ7tHl2pbt9fqCTgIOwv6nAgIqIn7vGop2uhaShdg',
  'origin' => 'http://localhost:8080',
  'accept' => 'application/json, text/plain, */*',
  'content-length' => '42',
  'connection' => 'close',
  'host' => 'www.hardphp.com',
)
[ info ] [ PARAM ] array (
  'signature' => '776a8773415590486189e97e10f77114',
)
[ info ] [ DB ] INIT mysql
[ info ] [ RUN ] app\admin\controller\Admin->getuser[ D:\phpStudy\PHPTutorial\WWW\hardphp\application\admin\controller\Admin.php ]
[ info ] [ LOG ] INIT File
---------------------------------------------------------------
[ 2020-05-16T09:43:04+08:00 ] 127.0.0.1 GET www.hardphp.com/index.php/websocket
[运行时间：0.067242s] [吞吐率：14.87req/s] [内存消耗：1,456.89kb] [文件加载：53]
[ info ] [ LANG ] D:\phpStudy\PHPTutorial\WWW\hardphp\thinkphp\lang\zh-cn.php
[ info ] [ ROUTE ] array (
  'type' => 'module',
  'module' => 
  array (
    0 => 'websocket',
    1 => NULL,
    2 => NULL,
  ),
)
[ info ] [ HEADER ] array (
  'host' => 'www.hardphp.com',
  'connection' => 'close',
  'upgrade-insecure-requests' => '1',
  'user-agent' => 'Mozilla/5.0 (Windows NT 10.0; WOW64) AppleWebKit/537.36 (KHTML, like Gecko) Chrome/78.0.3904.108 Safari/537.36',
  'accept' => 'text/html,application/xhtml+xml,application/xml;q=0.9,image/webp,image/apng,*/*;q=0.8,application/signed-exchange;v=b3',
  'purpose' => 'prefetch',
  'sec-fetch-site' => 'same-origin',
  'sec-fetch-mode' => 'navigate',
  'referer' => 'http://localhost:8080/',
  'accept-encoding' => 'gzip, deflate, br',
  'accept-language' => 'zh-CN,zh;q=0.9',
  'cookie' => '__guid=111872281.1962723270080201500.1583671016763.6533; monitor_count=1; Admin-Token=2DE854C20F24A64CCAB1F2AE47BDF2F8MDAwMDAwMDAwML6Mna-FqrqSib2cgMOHoIC7o36CkY6xfLjQzqGGZIXVuGadr4u5um-LunZ_w4efabGmjmWDo3-gu5SsqIhkp6vHZJ3Ynau-moXTqGG4nZSnyX-ohIONk4a7qbtoiGOJu7KJYpqMt7KIheBxpbeJaWWypnCkiqZ_q8eWv2qWeIXayYiDsoepx22cunZ7tHl2pbt9fqCTgIOwv6nAgIqIn7vGop2uhaShdg',
  'x-forwarded-for' => '127.0.0.1',
  'x-forwarded-port' => '8080',
  'x-forwarded-proto' => 'http',
  'x-forwarded-host' => 'localhost:8080',
)
[ info ] [ PARAM ] array (
)
[ info ] [ LOG ] INIT File
---------------------------------------------------------------
[ 2020-05-16T09:43:05+08:00 ] 127.0.0.1 OPTIONS www.hardphp.com/index.php/admin/Banner/getbanner?signature=776a8773415590486189e97e10f77114
[运行时间：0.068198s] [吞吐率：14.66req/s] [内存消耗：1,731.75kb] [文件加载：65]
[ info ] [ LANG ] D:\phpStudy\PHPTutorial\WWW\hardphp\thinkphp\lang\zh-cn.php
[ info ] [ ROUTE ] array (
  'type' => 'module',
  'module' => 
  array (
    0 => 'admin',
    1 => 'Banner',
    2 => 'getbanner',
  ),
)
[ info ] [ HEADER ] array (
  'accept-language' => 'zh-CN,zh;q=0.9',
  'accept-encoding' => 'gzip, deflate',
  'referer' => 'http://localhost:8080/',
  'accept' => '*/*',
  'access-control-request-headers' => 'x-access-appid,x-access-token',
  'user-agent' => 'Mozilla/5.0 (Windows NT 10.0; WOW64) AppleWebKit/537.36 (KHTML, like Gecko) Chrome/78.0.3904.108 Safari/537.36',
  'origin' => 'http://localhost:8080',
  'access-control-request-method' => 'GET',
  'connection' => 'close',
  'host' => 'www.hardphp.com',
)
[ info ] [ PARAM ] array (
  'signature' => '776a8773415590486189e97e10f77114',
)
[ info ] [ LOG ] INIT File
---------------------------------------------------------------
[ 2020-05-16T09:43:05+08:00 ] 127.0.0.1 GET www.hardphp.com/index.php/admin/Banner/getbanner?signature=776a8773415590486189e97e10f77114
[运行时间：0.148661s] [吞吐率：6.73req/s] [内存消耗：2,763.00kb] [文件加载：76]
[ info ] [ LANG ] D:\phpStudy\PHPTutorial\WWW\hardphp\thinkphp\lang\zh-cn.php
[ info ] [ ROUTE ] array (
  'type' => 'module',
  'module' => 
  array (
    0 => 'admin',
    1 => 'Banner',
    2 => 'getbanner',
  ),
)
[ info ] [ HEADER ] array (
  'accept-language' => 'zh-CN,zh;q=0.9',
  'accept-encoding' => 'gzip, deflate',
  'referer' => 'http://localhost:8080/',
  'x-access-appid' => '123456',
  'user-agent' => 'Mozilla/5.0 (Windows NT 10.0; WOW64) AppleWebKit/537.36 (KHTML, like Gecko) Chrome/78.0.3904.108 Safari/537.36',
  'x-access-token' => '2DE854C20F24A64CCAB1F2AE47BDF2F8MDAwMDAwMDAwML6Mna-FqrqSib2cgMOHoIC7o36CkY6xfLjQzqGGZIXVuGadr4u5um-LunZ_w4efabGmjmWDo3-gu5SsqIhkp6vHZJ3Ynau-moXTqGG4nZSnyX-ohIONk4a7qbtoiGOJu7KJYpqMt7KIheBxpbeJaWWypnCkiqZ_q8eWv2qWeIXayYiDsoepx22cunZ7tHl2pbt9fqCTgIOwv6nAgIqIn7vGop2uhaShdg',
  'origin' => 'http://localhost:8080',
  'accept' => 'application/json, text/plain, */*',
  'connection' => 'close',
  'host' => 'www.hardphp.com',
)
[ info ] [ PARAM ] array (
  'signature' => '776a8773415590486189e97e10f77114',
)
[ info ] [ DB ] INIT mysql
[ info ] [ RUN ] app\admin\controller\Banner->getbanner[ D:\phpStudy\PHPTutorial\WWW\hardphp\application\admin\controller\Banner.php ]
[ info ] [ LOG ] INIT File
---------------------------------------------------------------
[ 2020-05-16T09:43:32+08:00 ] 127.0.0.1 OPTIONS www.hardphp.com/index.php/admin/upload/upimage
[运行时间：0.058079s] [吞吐率：17.22req/s] [内存消耗：1,620.28kb] [文件加载：57]
[ info ] [ LANG ] D:\phpStudy\PHPTutorial\WWW\hardphp\thinkphp\lang\zh-cn.php
[ info ] [ ROUTE ] array (
  'type' => 'module',
  'module' => 
  array (
    0 => 'admin',
    1 => 'upload',
    2 => 'upimage',
  ),
)
[ info ] [ HEADER ] array (
  'accept-language' => 'zh-CN,zh;q=0.9',
  'accept-encoding' => 'gzip, deflate',
  'referer' => 'http://localhost:8080/',
  'accept' => '*/*',
  'user-agent' => 'Mozilla/5.0 (Windows NT 10.0; WOW64) AppleWebKit/537.36 (KHTML, like Gecko) Chrome/78.0.3904.108 Safari/537.36',
  'origin' => 'http://localhost:8080',
  'access-control-request-method' => 'POST',
  'connection' => 'close',
  'host' => 'www.hardphp.com',
)
[ info ] [ PARAM ] array (
)
[ info ] [ RUN ] app\admin\controller\Upload->upimage[ D:\phpStudy\PHPTutorial\WWW\hardphp\application\admin\controller\Upload.php ]
[ info ] [ LOG ] INIT File
---------------------------------------------------------------
[ 2020-05-16T09:43:32+08:00 ] 127.0.0.1 POST www.hardphp.com/index.php/admin/upload/upimage
[运行时间：0.059639s] [吞吐率：16.77req/s] [内存消耗：1,701.20kb] [文件加载：59]
[ info ] [ LANG ] D:\phpStudy\PHPTutorial\WWW\hardphp\thinkphp\lang\zh-cn.php
[ info ] [ ROUTE ] array (
  'type' => 'module',
  'module' => 
  array (
    0 => 'admin',
    1 => 'upload',
    2 => 'upimage',
  ),
)
[ info ] [ HEADER ] array (
  'accept-language' => 'zh-CN,zh;q=0.9',
  'accept-encoding' => 'gzip, deflate',
  'referer' => 'http://localhost:8080/',
  'accept' => '*/*',
  'content-type' => 'multipart/form-data; boundary=----WebKitFormBoundarymsADZIkwvaqFI24Q',
  'user-agent' => 'Mozilla/5.0 (Windows NT 10.0; WOW64) AppleWebKit/537.36 (KHTML, like Gecko) Chrome/78.0.3904.108 Safari/537.36',
  'origin' => 'http://localhost:8080',
  'content-length' => '7145',
  'connection' => 'close',
  'host' => 'www.hardphp.com',
)
[ info ] [ PARAM ] array (
  'filename' => 'img',
)
[ info ] [ RUN ] app\admin\controller\Upload->upimage[ D:\phpStudy\PHPTutorial\WWW\hardphp\application\admin\controller\Upload.php ]
[ info ] [ LOG ] INIT File
---------------------------------------------------------------
[ 2020-05-16T09:44:50+08:00 ] 127.0.0.1 OPTIONS www.hardphp.com/index.php/admin/admin/getuser
[运行时间：0.044517s] [吞吐率：22.46req/s] [内存消耗：1,753.53kb] [文件加载：65]
[ info ] [ LANG ] D:\phpStudy\PHPTutorial\WWW\hardphp\thinkphp\lang\zh-cn.php
[ info ] [ ROUTE ] array (
  'type' => 'module',
  'module' => 
  array (
    0 => 'admin',
    1 => 'admin',
    2 => 'getuser',
  ),
)
[ info ] [ HEADER ] array (
  'accept-language' => 'zh-CN,zh;q=0.9',
  'accept-encoding' => 'gzip, deflate',
  'referer' => 'http://localhost:8080/',
  'accept' => '*/*',
  'access-control-request-headers' => 'x-access-appid,x-access-token',
  'user-agent' => 'Mozilla/5.0 (Windows NT 10.0; WOW64) AppleWebKit/537.36 (KHTML, like Gecko) Chrome/78.0.3904.108 Safari/537.36',
  'origin' => 'http://localhost:8080',
  'access-control-request-method' => 'POST',
  'connection' => 'close',
  'host' => 'www.hardphp.com',
)
[ info ] [ PARAM ] array (
)
[ info ] [ LOG ] INIT File
---------------------------------------------------------------
[ 2020-05-16T09:44:50+08:00 ] 127.0.0.1 POST www.hardphp.com/index.php/admin/admin/getuser
[运行时间：0.094806s] [吞吐率：10.55req/s] [内存消耗：2,847.08kb] [文件加载：77]
[ info ] [ LANG ] D:\phpStudy\PHPTutorial\WWW\hardphp\thinkphp\lang\zh-cn.php
[ info ] [ ROUTE ] array (
  'type' => 'module',
  'module' => 
  array (
    0 => 'admin',
    1 => 'admin',
    2 => 'getuser',
  ),
)
[ info ] [ HEADER ] array (
  'accept-language' => 'zh-CN,zh;q=0.9',
  'accept-encoding' => 'gzip, deflate',
  'referer' => 'http://localhost:8080/',
  'content-type' => 'application/x-www-form-urlencoded;charset=UTF-8',
  'x-access-appid' => '123456',
  'user-agent' => 'Mozilla/5.0 (Windows NT 10.0; WOW64) AppleWebKit/537.36 (KHTML, like Gecko) Chrome/78.0.3904.108 Safari/537.36',
  'x-access-token' => '2DE854C20F24A64CCAB1F2AE47BDF2F8MDAwMDAwMDAwML6Mna-FqrqSib2cgMOHoIC7o36CkY6xfLjQzqGGZIXVuGadr4u5um-LunZ_w4efabGmjmWDo3-gu5SsqIhkp6vHZJ3Ynau-moXTqGG4nZSnyX-ohIONk4a7qbtoiGOJu7KJYpqMt7KIheBxpbeJaWWypnCkiqZ_q8eWv2qWeIXayYiDsoepx22cunZ7tHl2pbt9fqCTgIOwv6nAgIqIn7vGop2uhaShdg',
  'origin' => 'http://localhost:8080',
  'accept' => 'application/json, text/plain, */*',
  'content-length' => '42',
  'connection' => 'close',
  'host' => 'www.hardphp.com',
)
[ info ] [ PARAM ] array (
  'signature' => '776a8773415590486189e97e10f77114',
)
[ info ] [ DB ] INIT mysql
[ info ] [ RUN ] app\admin\controller\Admin->getuser[ D:\phpStudy\PHPTutorial\WWW\hardphp\application\admin\controller\Admin.php ]
[ info ] [ LOG ] INIT File
---------------------------------------------------------------
[ 2020-05-16T09:44:50+08:00 ] 127.0.0.1 OPTIONS www.hardphp.com/index.php/admin/Banner/getbanner?signature=776a8773415590486189e97e10f77114
[运行时间：0.037265s] [吞吐率：26.83req/s] [内存消耗：1,731.75kb] [文件加载：65]
[ info ] [ LANG ] D:\phpStudy\PHPTutorial\WWW\hardphp\thinkphp\lang\zh-cn.php
[ info ] [ ROUTE ] array (
  'type' => 'module',
  'module' => 
  array (
    0 => 'admin',
    1 => 'Banner',
    2 => 'getbanner',
  ),
)
[ info ] [ HEADER ] array (
  'accept-language' => 'zh-CN,zh;q=0.9',
  'accept-encoding' => 'gzip, deflate',
  'referer' => 'http://localhost:8080/',
  'accept' => '*/*',
  'access-control-request-headers' => 'x-access-appid,x-access-token',
  'user-agent' => 'Mozilla/5.0 (Windows NT 10.0; WOW64) AppleWebKit/537.36 (KHTML, like Gecko) Chrome/78.0.3904.108 Safari/537.36',
  'origin' => 'http://localhost:8080',
  'access-control-request-method' => 'GET',
  'connection' => 'close',
  'host' => 'www.hardphp.com',
)
[ info ] [ PARAM ] array (
  'signature' => '776a8773415590486189e97e10f77114',
)
[ info ] [ LOG ] INIT File
---------------------------------------------------------------
[ 2020-05-16T09:44:51+08:00 ] 127.0.0.1 GET www.hardphp.com/index.php/admin/Banner/getbanner?signature=776a8773415590486189e97e10f77114
[运行时间：0.129243s] [吞吐率：7.74req/s] [内存消耗：2,763.00kb] [文件加载：76]
[ info ] [ LANG ] D:\phpStudy\PHPTutorial\WWW\hardphp\thinkphp\lang\zh-cn.php
[ info ] [ ROUTE ] array (
  'type' => 'module',
  'module' => 
  array (
    0 => 'admin',
    1 => 'Banner',
    2 => 'getbanner',
  ),
)
[ info ] [ HEADER ] array (
  'accept-language' => 'zh-CN,zh;q=0.9',
  'accept-encoding' => 'gzip, deflate',
  'referer' => 'http://localhost:8080/',
  'x-access-appid' => '123456',
  'user-agent' => 'Mozilla/5.0 (Windows NT 10.0; WOW64) AppleWebKit/537.36 (KHTML, like Gecko) Chrome/78.0.3904.108 Safari/537.36',
  'x-access-token' => '2DE854C20F24A64CCAB1F2AE47BDF2F8MDAwMDAwMDAwML6Mna-FqrqSib2cgMOHoIC7o36CkY6xfLjQzqGGZIXVuGadr4u5um-LunZ_w4efabGmjmWDo3-gu5SsqIhkp6vHZJ3Ynau-moXTqGG4nZSnyX-ohIONk4a7qbtoiGOJu7KJYpqMt7KIheBxpbeJaWWypnCkiqZ_q8eWv2qWeIXayYiDsoepx22cunZ7tHl2pbt9fqCTgIOwv6nAgIqIn7vGop2uhaShdg',
  'origin' => 'http://localhost:8080',
  'accept' => 'application/json, text/plain, */*',
  'connection' => 'close',
  'host' => 'www.hardphp.com',
)
[ info ] [ PARAM ] array (
  'signature' => '776a8773415590486189e97e10f77114',
)
[ info ] [ DB ] INIT mysql
[ info ] [ RUN ] app\admin\controller\Banner->getbanner[ D:\phpStudy\PHPTutorial\WWW\hardphp\application\admin\controller\Banner.php ]
[ info ] [ LOG ] INIT File
---------------------------------------------------------------
[ 2020-05-16T09:45:00+08:00 ] 127.0.0.1 OPTIONS www.hardphp.com/index.php/admin/upload/upimage
[运行时间：0.040770s] [吞吐率：24.53req/s] [内存消耗：1,619.95kb] [文件加载：57]
[ info ] [ LANG ] D:\phpStudy\PHPTutorial\WWW\hardphp\thinkphp\lang\zh-cn.php
[ info ] [ ROUTE ] array (
  'type' => 'module',
  'module' => 
  array (
    0 => 'admin',
    1 => 'upload',
    2 => 'upimage',
  ),
)
[ info ] [ HEADER ] array (
  'accept-language' => 'zh-CN,zh;q=0.9',
  'accept-encoding' => 'gzip, deflate',
  'referer' => 'http://localhost:8080/',
  'accept' => '*/*',
  'user-agent' => 'Mozilla/5.0 (Windows NT 10.0; WOW64) AppleWebKit/537.36 (KHTML, like Gecko) Chrome/78.0.3904.108 Safari/537.36',
  'origin' => 'http://localhost:8080',
  'access-control-request-method' => 'POST',
  'connection' => 'close',
  'host' => 'www.hardphp.com',
)
[ info ] [ PARAM ] array (
)
[ info ] [ RUN ] app\admin\controller\Upload->upimage[ D:\phpStudy\PHPTutorial\WWW\hardphp\application\admin\controller\Upload.php ]
[ info ] [ LOG ] INIT File
---------------------------------------------------------------
[ 2020-05-16T09:45:00+08:00 ] 127.0.0.1 POST www.hardphp.com/index.php/admin/upload/upimage
[运行时间：0.031840s] [吞吐率：31.41req/s] [内存消耗：1,620.65kb] [文件加载：57]
[ info ] [ LANG ] D:\phpStudy\PHPTutorial\WWW\hardphp\thinkphp\lang\zh-cn.php
[ info ] [ ROUTE ] array (
  'type' => 'module',
  'module' => 
  array (
    0 => 'admin',
    1 => 'upload',
    2 => 'upimage',
  ),
)
[ info ] [ HEADER ] array (
  'accept-language' => 'zh-CN,zh;q=0.9',
  'accept-encoding' => 'gzip, deflate',
  'referer' => 'http://localhost:8080/',
  'accept' => '*/*',
  'content-type' => 'multipart/form-data; boundary=----WebKitFormBoundaryWAiPgVQPfcnLihPB',
  'user-agent' => 'Mozilla/5.0 (Windows NT 10.0; WOW64) AppleWebKit/537.36 (KHTML, like Gecko) Chrome/78.0.3904.108 Safari/537.36',
  'origin' => 'http://localhost:8080',
  'content-length' => '24480',
  'connection' => 'close',
  'host' => 'www.hardphp.com',
)
[ info ] [ PARAM ] array (
  'filename' => 'img',
)
[ info ] [ RUN ] app\admin\controller\Upload->upimage[ D:\phpStudy\PHPTutorial\WWW\hardphp\application\admin\controller\Upload.php ]
[ info ] [ LOG ] INIT File
---------------------------------------------------------------
[ 2020-05-16T09:46:08+08:00 ] 127.0.0.1 OPTIONS www.hardphp.com/index.php/admin/admin/getuser
[运行时间：0.043889s] [吞吐率：22.78req/s] [内存消耗：1,753.53kb] [文件加载：65]
[ info ] [ LANG ] D:\phpStudy\PHPTutorial\WWW\hardphp\thinkphp\lang\zh-cn.php
[ info ] [ ROUTE ] array (
  'type' => 'module',
  'module' => 
  array (
    0 => 'admin',
    1 => 'admin',
    2 => 'getuser',
  ),
)
[ info ] [ HEADER ] array (
  'accept-language' => 'zh-CN,zh;q=0.9',
  'accept-encoding' => 'gzip, deflate',
  'referer' => 'http://localhost:8080/',
  'accept' => '*/*',
  'access-control-request-headers' => 'x-access-appid,x-access-token',
  'user-agent' => 'Mozilla/5.0 (Windows NT 10.0; WOW64) AppleWebKit/537.36 (KHTML, like Gecko) Chrome/78.0.3904.108 Safari/537.36',
  'origin' => 'http://localhost:8080',
  'access-control-request-method' => 'POST',
  'connection' => 'close',
  'host' => 'www.hardphp.com',
)
[ info ] [ PARAM ] array (
)
[ info ] [ LOG ] INIT File
---------------------------------------------------------------
[ 2020-05-16T09:46:08+08:00 ] 127.0.0.1 POST www.hardphp.com/index.php/admin/admin/getuser
[运行时间：0.109594s] [吞吐率：9.12req/s] [内存消耗：2,847.08kb] [文件加载：77]
[ info ] [ LANG ] D:\phpStudy\PHPTutorial\WWW\hardphp\thinkphp\lang\zh-cn.php
[ info ] [ ROUTE ] array (
  'type' => 'module',
  'module' => 
  array (
    0 => 'admin',
    1 => 'admin',
    2 => 'getuser',
  ),
)
[ info ] [ HEADER ] array (
  'accept-language' => 'zh-CN,zh;q=0.9',
  'accept-encoding' => 'gzip, deflate',
  'referer' => 'http://localhost:8080/',
  'content-type' => 'application/x-www-form-urlencoded;charset=UTF-8',
  'x-access-appid' => '123456',
  'user-agent' => 'Mozilla/5.0 (Windows NT 10.0; WOW64) AppleWebKit/537.36 (KHTML, like Gecko) Chrome/78.0.3904.108 Safari/537.36',
  'x-access-token' => '2DE854C20F24A64CCAB1F2AE47BDF2F8MDAwMDAwMDAwML6Mna-FqrqSib2cgMOHoIC7o36CkY6xfLjQzqGGZIXVuGadr4u5um-LunZ_w4efabGmjmWDo3-gu5SsqIhkp6vHZJ3Ynau-moXTqGG4nZSnyX-ohIONk4a7qbtoiGOJu7KJYpqMt7KIheBxpbeJaWWypnCkiqZ_q8eWv2qWeIXayYiDsoepx22cunZ7tHl2pbt9fqCTgIOwv6nAgIqIn7vGop2uhaShdg',
  'origin' => 'http://localhost:8080',
  'accept' => 'application/json, text/plain, */*',
  'content-length' => '42',
  'connection' => 'close',
  'host' => 'www.hardphp.com',
)
[ info ] [ PARAM ] array (
  'signature' => '776a8773415590486189e97e10f77114',
)
[ info ] [ DB ] INIT mysql
[ info ] [ RUN ] app\admin\controller\Admin->getuser[ D:\phpStudy\PHPTutorial\WWW\hardphp\application\admin\controller\Admin.php ]
[ info ] [ LOG ] INIT File
---------------------------------------------------------------
[ 2020-05-16T09:46:09+08:00 ] 127.0.0.1 OPTIONS www.hardphp.com/index.php/admin/Banner/getbanner?signature=776a8773415590486189e97e10f77114
[运行时间：0.039933s] [吞吐率：25.04req/s] [内存消耗：1,731.75kb] [文件加载：65]
[ info ] [ LANG ] D:\phpStudy\PHPTutorial\WWW\hardphp\thinkphp\lang\zh-cn.php
[ info ] [ ROUTE ] array (
  'type' => 'module',
  'module' => 
  array (
    0 => 'admin',
    1 => 'Banner',
    2 => 'getbanner',
  ),
)
[ info ] [ HEADER ] array (
  'accept-language' => 'zh-CN,zh;q=0.9',
  'accept-encoding' => 'gzip, deflate',
  'referer' => 'http://localhost:8080/',
  'accept' => '*/*',
  'access-control-request-headers' => 'x-access-appid,x-access-token',
  'user-agent' => 'Mozilla/5.0 (Windows NT 10.0; WOW64) AppleWebKit/537.36 (KHTML, like Gecko) Chrome/78.0.3904.108 Safari/537.36',
  'origin' => 'http://localhost:8080',
  'access-control-request-method' => 'GET',
  'connection' => 'close',
  'host' => 'www.hardphp.com',
)
[ info ] [ PARAM ] array (
  'signature' => '776a8773415590486189e97e10f77114',
)
[ info ] [ LOG ] INIT File
---------------------------------------------------------------
[ 2020-05-16T09:46:09+08:00 ] 127.0.0.1 GET www.hardphp.com/index.php/admin/Banner/getbanner?signature=776a8773415590486189e97e10f77114
[运行时间：0.107598s] [吞吐率：9.29req/s] [内存消耗：2,763.00kb] [文件加载：76]
[ info ] [ LANG ] D:\phpStudy\PHPTutorial\WWW\hardphp\thinkphp\lang\zh-cn.php
[ info ] [ ROUTE ] array (
  'type' => 'module',
  'module' => 
  array (
    0 => 'admin',
    1 => 'Banner',
    2 => 'getbanner',
  ),
)
[ info ] [ HEADER ] array (
  'accept-language' => 'zh-CN,zh;q=0.9',
  'accept-encoding' => 'gzip, deflate',
  'referer' => 'http://localhost:8080/',
  'x-access-appid' => '123456',
  'user-agent' => 'Mozilla/5.0 (Windows NT 10.0; WOW64) AppleWebKit/537.36 (KHTML, like Gecko) Chrome/78.0.3904.108 Safari/537.36',
  'x-access-token' => '2DE854C20F24A64CCAB1F2AE47BDF2F8MDAwMDAwMDAwML6Mna-FqrqSib2cgMOHoIC7o36CkY6xfLjQzqGGZIXVuGadr4u5um-LunZ_w4efabGmjmWDo3-gu5SsqIhkp6vHZJ3Ynau-moXTqGG4nZSnyX-ohIONk4a7qbtoiGOJu7KJYpqMt7KIheBxpbeJaWWypnCkiqZ_q8eWv2qWeIXayYiDsoepx22cunZ7tHl2pbt9fqCTgIOwv6nAgIqIn7vGop2uhaShdg',
  'origin' => 'http://localhost:8080',
  'accept' => 'application/json, text/plain, */*',
  'connection' => 'close',
  'host' => 'www.hardphp.com',
)
[ info ] [ PARAM ] array (
  'signature' => '776a8773415590486189e97e10f77114',
)
[ info ] [ DB ] INIT mysql
[ info ] [ RUN ] app\admin\controller\Banner->getbanner[ D:\phpStudy\PHPTutorial\WWW\hardphp\application\admin\controller\Banner.php ]
[ info ] [ LOG ] INIT File
---------------------------------------------------------------
[ 2020-05-16T09:46:49+08:00 ] 127.0.0.1 OPTIONS www.hardphp.com/index.php/admin/upload/upimage
[运行时间：0.035475s] [吞吐率：28.19req/s] [内存消耗：1,620.35kb] [文件加载：57]
[ info ] [ LANG ] D:\phpStudy\PHPTutorial\WWW\hardphp\thinkphp\lang\zh-cn.php
[ info ] [ ROUTE ] array (
  'type' => 'module',
  'module' => 
  array (
    0 => 'admin',
    1 => 'upload',
    2 => 'upimage',
  ),
)
[ info ] [ HEADER ] array (
  'accept-language' => 'zh-CN,zh;q=0.9',
  'accept-encoding' => 'gzip, deflate',
  'referer' => 'http://localhost:8080/',
  'accept' => '*/*',
  'user-agent' => 'Mozilla/5.0 (Windows NT 10.0; WOW64) AppleWebKit/537.36 (KHTML, like Gecko) Chrome/78.0.3904.108 Safari/537.36',
  'origin' => 'http://localhost:8080',
  'access-control-request-method' => 'POST',
  'connection' => 'close',
  'host' => 'www.hardphp.com',
)
[ info ] [ PARAM ] array (
)
[ info ] [ RUN ] app\admin\controller\Upload->upimage[ D:\phpStudy\PHPTutorial\WWW\hardphp\application\admin\controller\Upload.php ]
[ info ] [ LOG ] INIT File
---------------------------------------------------------------
[ 2020-05-16T09:46:49+08:00 ] 127.0.0.1 POST www.hardphp.com/index.php/admin/upload/upimage
[运行时间：0.034721s] [吞吐率：28.80req/s] [内存消耗：1,689.34kb] [文件加载：58]
[ info ] [ LANG ] D:\phpStudy\PHPTutorial\WWW\hardphp\thinkphp\lang\zh-cn.php
[ info ] [ ROUTE ] array (
  'type' => 'module',
  'module' => 
  array (
    0 => 'admin',
    1 => 'upload',
    2 => 'upimage',
  ),
)
[ info ] [ HEADER ] array (
  'accept-language' => 'zh-CN,zh;q=0.9',
  'accept-encoding' => 'gzip, deflate',
  'referer' => 'http://localhost:8080/',
  'accept' => '*/*',
  'content-type' => 'multipart/form-data; boundary=----WebKitFormBoundaryFurKN2b8fFqfNBUQ',
  'user-agent' => 'Mozilla/5.0 (Windows NT 10.0; WOW64) AppleWebKit/537.36 (KHTML, like Gecko) Chrome/78.0.3904.108 Safari/537.36',
  'origin' => 'http://localhost:8080',
  'content-length' => '397195',
  'connection' => 'close',
  'host' => 'www.hardphp.com',
)
[ info ] [ PARAM ] array (
  'filename' => 'img',
)
[ info ] [ RUN ] app\admin\controller\Upload->upimage[ D:\phpStudy\PHPTutorial\WWW\hardphp\application\admin\controller\Upload.php ]
[ info ] [ LOG ] INIT File
