---------------------------------------------------------------
[ 2019-10-22T13:50:24+08:00 ] 127.0.0.1 GET api.hardphp.com/
[运行时间：0.281000s] [吞吐率：3.56req/s] [内存消耗：1,784.05kb] [文件加载：56]
[ info ] [ LANG ] D:\phpStudy2016\WWW\hardphp\thinkphp\lang\zh-cn.php
[ info ] [ ROUTE ] array (
  'type' => 'module',
  'module' => 
  array (
    0 => '',
    1 => NULL,
    2 => NULL,
  ),
)
[ info ] [ HEADER ] array (
  'host' => 'api.hardphp.com',
  'connection' => 'keep-alive',
  'upgrade-insecure-requests' => '1',
  'user-agent' => 'Mozilla/5.0 (Windows NT 6.1; Win64; x64) AppleWebKit/537.36 (KHTML, like Gecko) Chrome/74.0.3729.131 Safari/537.36',
  'accept' => 'text/html,application/xhtml+xml,application/xml;q=0.9,image/webp,image/apng,*/*;q=0.8,application/signed-exchange;v=b3',
  'accept-encoding' => 'gzip, deflate',
  'accept-language' => 'zh-CN,zh;q=0.9',
)
[ info ] [ PARAM ] array (
)
[ info ] [ RUN ] app\index\controller\Index->index[ D:\phpStudy2016\WWW\hardphp\application\index\controller\Index.php ]
[ info ] [ LOG ] INIT File
---------------------------------------------------------------
[ 2019-10-22T13:50:25+08:00 ] 127.0.0.1 GET api.hardphp.com/favicon.ico
[运行时间：0.041000s] [吞吐率：24.39req/s] [内存消耗：1,768.75kb] [文件加载：56]
[ info ] [ LANG ] D:\phpStudy2016\WWW\hardphp\thinkphp\lang\zh-cn.php
[ info ] [ ROUTE ] array (
  'type' => 'module',
  'module' => 
  array (
    0 => 'favicon.ico',
    1 => NULL,
    2 => NULL,
  ),
)
[ info ] [ HEADER ] array (
  'host' => 'api.hardphp.com',
  'connection' => 'keep-alive',
  'user-agent' => 'Mozilla/5.0 (Windows NT 6.1; Win64; x64) AppleWebKit/537.36 (KHTML, like Gecko) Chrome/74.0.3729.131 Safari/537.36',
  'accept' => 'image/webp,image/apng,image/*,*/*;q=0.8',
  'referer' => 'http://api.hardphp.com/',
  'accept-encoding' => 'gzip, deflate',
  'accept-language' => 'zh-CN,zh;q=0.9',
)
[ info ] [ PARAM ] array (
)
[ info ] [ LOG ] INIT File
---------------------------------------------------------------
[ 2019-10-22T13:50:35+08:00 ] 127.0.0.1 GET api.hardphp.com/admin
[运行时间：0.073000s] [吞吐率：13.70req/s] [内存消耗：2,104.41kb] [文件加载：68]
[ info ] [ LANG ] D:\phpStudy2016\WWW\hardphp\thinkphp\lang\zh-cn.php
[ info ] [ ROUTE ] array (
  'type' => 'module',
  'module' => 
  array (
    0 => 'admin',
    1 => NULL,
    2 => NULL,
  ),
)
[ info ] [ HEADER ] array (
  'host' => 'api.hardphp.com',
  'connection' => 'keep-alive',
  'upgrade-insecure-requests' => '1',
  'user-agent' => 'Mozilla/5.0 (Windows NT 6.1; Win64; x64) AppleWebKit/537.36 (KHTML, like Gecko) Chrome/74.0.3729.131 Safari/537.36',
  'accept' => 'text/html,application/xhtml+xml,application/xml;q=0.9,image/webp,image/apng,*/*;q=0.8,application/signed-exchange;v=b3',
  'accept-encoding' => 'gzip, deflate',
  'accept-language' => 'zh-CN,zh;q=0.9',
)
[ info ] [ PARAM ] array (
)
[ info ] [ LOG ] INIT File
---------------------------------------------------------------
[ 2019-10-22T13:50:35+08:00 ] 127.0.0.1 GET api.hardphp.com/favicon.ico
[运行时间：0.032000s] [吞吐率：31.25req/s] [内存消耗：1,768.90kb] [文件加载：56]
[ info ] [ LANG ] D:\phpStudy2016\WWW\hardphp\thinkphp\lang\zh-cn.php
[ info ] [ ROUTE ] array (
  'type' => 'module',
  'module' => 
  array (
    0 => 'favicon.ico',
    1 => NULL,
    2 => NULL,
  ),
)
[ info ] [ HEADER ] array (
  'host' => 'api.hardphp.com',
  'connection' => 'keep-alive',
  'user-agent' => 'Mozilla/5.0 (Windows NT 6.1; Win64; x64) AppleWebKit/537.36 (KHTML, like Gecko) Chrome/74.0.3729.131 Safari/537.36',
  'accept' => 'image/webp,image/apng,image/*,*/*;q=0.8',
  'referer' => 'http://api.hardphp.com/admin',
  'accept-encoding' => 'gzip, deflate',
  'accept-language' => 'zh-CN,zh;q=0.9',
)
[ info ] [ PARAM ] array (
)
[ info ] [ LOG ] INIT File
---------------------------------------------------------------
[ 2019-10-22T13:56:13+08:00 ] 127.0.0.1 POST api.hardphp.com/index.php/admin/login/index
[运行时间：0.117000s] [吞吐率：8.55req/s] [内存消耗：3,342.52kb] [文件加载：77]
[ info ] [ LANG ] D:\phpStudy2016\WWW\hardphp\thinkphp\lang\zh-cn.php
[ info ] [ ROUTE ] array (
  'type' => 'module',
  'module' => 
  array (
    0 => 'admin',
    1 => 'login',
    2 => 'index',
  ),
)
[ info ] [ HEADER ] array (
  'x-forwarded-host' => 'localhost:8080',
  'x-forwarded-proto' => 'http',
  'x-forwarded-port' => '8080',
  'x-forwarded-for' => '127.0.0.1',
  'cookie' => 'sidebarStatus=1',
  'accept-language' => 'zh-CN,zh;q=0.9',
  'accept-encoding' => 'gzip, deflate, br',
  'referer' => 'http://localhost:8080/',
  'content-type' => 'application/x-www-form-urlencoded;charset=UTF-8',
  'x-access-appid' => 'ty9fd2848a039ab554',
  'user-agent' => 'Mozilla/5.0 (Windows NT 6.1; Win64; x64) AppleWebKit/537.36 (KHTML, like Gecko) Chrome/74.0.3729.131 Safari/537.36',
  'origin' => 'http://localhost:8080',
  'accept' => 'application/json, text/plain, */*',
  'cache-control' => 'no-cache',
  'pragma' => 'no-cache',
  'content-length' => '73',
  'connection' => 'close',
  'host' => 'api.hardphp.com',
)
[ info ] [ PARAM ] array (
  'userName' => 'admin',
  'password' => '111111',
  'signature' => '1e0d22f14477a9b56132ba7bde22dcdd',
)
[ info ] [ DB ] INIT mysql
[ info ] [ RUN ] app\admin\controller\Login->index[ D:\phpStudy2016\WWW\hardphp\application\admin\controller\Login.php ]
[ info ] [ LOG ] INIT File
---------------------------------------------------------------
[ 2019-10-22T13:56:17+08:00 ] 127.0.0.1 POST api.hardphp.com/index.php/admin/login/index
[运行时间：0.091000s] [吞吐率：10.99req/s] [内存消耗：3,342.52kb] [文件加载：77]
[ info ] [ LANG ] D:\phpStudy2016\WWW\hardphp\thinkphp\lang\zh-cn.php
[ info ] [ ROUTE ] array (
  'type' => 'module',
  'module' => 
  array (
    0 => 'admin',
    1 => 'login',
    2 => 'index',
  ),
)
[ info ] [ HEADER ] array (
  'x-forwarded-host' => 'localhost:8080',
  'x-forwarded-proto' => 'http',
  'x-forwarded-port' => '8080',
  'x-forwarded-for' => '127.0.0.1',
  'cookie' => 'sidebarStatus=1',
  'accept-language' => 'zh-CN,zh;q=0.9',
  'accept-encoding' => 'gzip, deflate, br',
  'referer' => 'http://localhost:8080/',
  'content-type' => 'application/x-www-form-urlencoded;charset=UTF-8',
  'x-access-appid' => 'ty9fd2848a039ab554',
  'user-agent' => 'Mozilla/5.0 (Windows NT 6.1; Win64; x64) AppleWebKit/537.36 (KHTML, like Gecko) Chrome/74.0.3729.131 Safari/537.36',
  'origin' => 'http://localhost:8080',
  'accept' => 'application/json, text/plain, */*',
  'cache-control' => 'no-cache',
  'pragma' => 'no-cache',
  'content-length' => '73',
  'connection' => 'close',
  'host' => 'api.hardphp.com',
)
[ info ] [ PARAM ] array (
  'userName' => 'admin',
  'password' => '132456',
  'signature' => '7cc6960881272cf69c322d232b1b6e25',
)
[ info ] [ DB ] INIT mysql
[ info ] [ RUN ] app\admin\controller\Login->index[ D:\phpStudy2016\WWW\hardphp\application\admin\controller\Login.php ]
[ info ] [ LOG ] INIT File
---------------------------------------------------------------
[ 2019-10-22T13:56:49+08:00 ] 127.0.0.1 POST api.hardphp.com/index.php/admin/login/index
[运行时间：0.089000s] [吞吐率：11.24req/s] [内存消耗：3,342.52kb] [文件加载：77]
[ info ] [ LANG ] D:\phpStudy2016\WWW\hardphp\thinkphp\lang\zh-cn.php
[ info ] [ ROUTE ] array (
  'type' => 'module',
  'module' => 
  array (
    0 => 'admin',
    1 => 'login',
    2 => 'index',
  ),
)
[ info ] [ HEADER ] array (
  'x-forwarded-host' => 'localhost:8080',
  'x-forwarded-proto' => 'http',
  'x-forwarded-port' => '8080',
  'x-forwarded-for' => '127.0.0.1',
  'cookie' => 'sidebarStatus=1',
  'accept-language' => 'zh-CN,zh;q=0.9',
  'accept-encoding' => 'gzip, deflate, br',
  'referer' => 'http://localhost:8080/',
  'content-type' => 'application/x-www-form-urlencoded;charset=UTF-8',
  'x-access-appid' => 'ty9fd2848a039ab554',
  'user-agent' => 'Mozilla/5.0 (Windows NT 6.1; Win64; x64) AppleWebKit/537.36 (KHTML, like Gecko) Chrome/74.0.3729.131 Safari/537.36',
  'origin' => 'http://localhost:8080',
  'accept' => 'application/json, text/plain, */*',
  'cache-control' => 'no-cache',
  'pragma' => 'no-cache',
  'content-length' => '73',
  'connection' => 'close',
  'host' => 'api.hardphp.com',
)
[ info ] [ PARAM ] array (
  'userName' => 'admin',
  'password' => '132456',
  'signature' => '7cc6960881272cf69c322d232b1b6e25',
)
[ info ] [ DB ] INIT mysql
[ info ] [ RUN ] app\admin\controller\Login->index[ D:\phpStudy2016\WWW\hardphp\application\admin\controller\Login.php ]
[ info ] [ LOG ] INIT File
---------------------------------------------------------------
[ 2019-10-22T14:02:01+08:00 ] 127.0.0.1 POST api.hardphp.com/index.php/admin/login/index
[运行时间：0.225000s] [吞吐率：4.44req/s] [内存消耗：3,516.15kb] [文件加载：81]
[ info ] [ LANG ] D:\phpStudy2016\WWW\hardphp\thinkphp\lang\zh-cn.php
[ info ] [ ROUTE ] array (
  'type' => 'module',
  'module' => 
  array (
    0 => 'admin',
    1 => 'login',
    2 => 'index',
  ),
)
[ info ] [ HEADER ] array (
  'x-forwarded-host' => 'localhost:8080',
  'x-forwarded-proto' => 'http',
  'x-forwarded-port' => '8080',
  'x-forwarded-for' => '127.0.0.1',
  'cookie' => 'sidebarStatus=1',
  'accept-language' => 'zh-CN,zh;q=0.9',
  'accept-encoding' => 'gzip, deflate, br',
  'referer' => 'http://localhost:8080/',
  'content-type' => 'application/x-www-form-urlencoded;charset=UTF-8',
  'x-access-appid' => 'ty9fd2848a039ab554',
  'user-agent' => 'Mozilla/5.0 (Windows NT 6.1; Win64; x64) AppleWebKit/537.36 (KHTML, like Gecko) Chrome/74.0.3729.131 Safari/537.36',
  'origin' => 'http://localhost:8080',
  'accept' => 'application/json, text/plain, */*',
  'cache-control' => 'no-cache',
  'pragma' => 'no-cache',
  'content-length' => '73',
  'connection' => 'close',
  'host' => 'api.hardphp.com',
)
[ info ] [ PARAM ] array (
  'userName' => 'admin',
  'password' => '123456',
  'signature' => 'fcac63765b8ac787d8ea6e16c87f3205',
)
[ info ] [ DB ] INIT mysql
[ info ] [ RUN ] app\admin\controller\Login->index[ D:\phpStudy2016\WWW\hardphp\application\admin\controller\Login.php ]
[ info ] [ CACHE ] INIT File
[ info ] [ LOG ] INIT File
---------------------------------------------------------------
[ 2019-10-22T14:02:01+08:00 ] 127.0.0.1 POST api.hardphp.com/index.php/admin/admin/getuser
[运行时间：0.107000s] [吞吐率：9.35req/s] [内存消耗：3,511.98kb] [文件加载：80]
[ info ] [ LANG ] D:\phpStudy2016\WWW\hardphp\thinkphp\lang\zh-cn.php
[ info ] [ ROUTE ] array (
  'type' => 'module',
  'module' => 
  array (
    0 => 'admin',
    1 => 'admin',
    2 => 'getuser',
  ),
)
[ info ] [ HEADER ] array (
  'x-forwarded-host' => 'localhost:8080',
  'x-forwarded-proto' => 'http',
  'x-forwarded-port' => '8080',
  'x-forwarded-for' => '127.0.0.1',
  'cookie' => 'sidebarStatus=1; Admin-Token=16B743F90F2352DCA292B159118491BFMDAwMDAwMDAwML6Mna-FqrqSib2cgMOHoIC7o36CkY6xfLjQzqGGZIXVuGadr4u5um-LunZ_w4efabGmjmWDo3-gu5SsqIhkp6vHZJ3Ynau-moXTqGG4nZSnyX-ohIONk4a7qbuyiIiJz8mJZqmKu9CHj6pxpbeKcoqxkGyklaStkLS4yWiGd4W1tWaUmJyn0IaSl5SWsYabrMiln6eTpKGiurq8noudibi4eqG-jLShdg',
  'accept-language' => 'zh-CN,zh;q=0.9',
  'accept-encoding' => 'gzip, deflate, br',
  'referer' => 'http://localhost:8080/',
  'content-type' => 'application/x-www-form-urlencoded;charset=UTF-8',
  'x-access-appid' => 'ty9fd2848a039ab554',
  'user-agent' => 'Mozilla/5.0 (Windows NT 6.1; Win64; x64) AppleWebKit/537.36 (KHTML, like Gecko) Chrome/74.0.3729.131 Safari/537.36',
  'x-access-token' => '16B743F90F2352DCA292B159118491BFMDAwMDAwMDAwML6Mna-FqrqSib2cgMOHoIC7o36CkY6xfLjQzqGGZIXVuGadr4u5um-LunZ_w4efabGmjmWDo3-gu5SsqIhkp6vHZJ3Ynau-moXTqGG4nZSnyX-ohIONk4a7qbuyiIiJz8mJZqmKu9CHj6pxpbeKcoqxkGyklaStkLS4yWiGd4W1tWaUmJyn0IaSl5SWsYabrMiln6eTpKGiurq8noudibi4eqG-jLShdg',
  'origin' => 'http://localhost:8080',
  'accept' => 'application/json, text/plain, */*',
  'cache-control' => 'no-cache',
  'pragma' => 'no-cache',
  'content-length' => '42',
  'connection' => 'close',
  'host' => 'api.hardphp.com',
)
[ info ] [ PARAM ] array (
  'signature' => '37d7b5e3d72e32c75290100a102e0eb7',
)
[ info ] [ DB ] INIT mysql
[ info ] [ RUN ] app\admin\controller\Admin->getuser[ D:\phpStudy2016\WWW\hardphp\application\admin\controller\Admin.php ]
[ info ] [ LOG ] INIT File
---------------------------------------------------------------
[ 2019-10-22T14:02:02+08:00 ] 127.0.0.1 GET api.hardphp.com/uploads/images/20190322/41ef26c97b94a327562671abd56385a6.jpg
[运行时间：0.027000s] [吞吐率：37.04req/s] [内存消耗：1,769.54kb] [文件加载：56]
[ info ] [ LANG ] D:\phpStudy2016\WWW\hardphp\thinkphp\lang\zh-cn.php
[ info ] [ ROUTE ] array (
  'type' => 'module',
  'module' => 
  array (
    0 => 'uploads',
    1 => 'images',
    2 => '20190322',
  ),
)
[ info ] [ HEADER ] array (
  'host' => 'api.hardphp.com',
  'connection' => 'keep-alive',
  'pragma' => 'no-cache',
  'cache-control' => 'no-cache',
  'user-agent' => 'Mozilla/5.0 (Windows NT 6.1; Win64; x64) AppleWebKit/537.36 (KHTML, like Gecko) Chrome/74.0.3729.131 Safari/537.36',
  'accept' => 'image/webp,image/apng,image/*,*/*;q=0.8',
  'referer' => 'http://localhost:8080/',
  'accept-encoding' => 'gzip, deflate',
  'accept-language' => 'zh-CN,zh;q=0.9',
)
[ info ] [ PARAM ] array (
)
[ info ] [ LOG ] INIT File
---------------------------------------------------------------
[ 2019-10-22T14:02:10+08:00 ] 127.0.0.1 POST api.hardphp.com/index.php/admin/admin/index
[运行时间：0.123000s] [吞吐率：8.13req/s] [内存消耗：3,501.48kb] [文件加载：80]
[ info ] [ LANG ] D:\phpStudy2016\WWW\hardphp\thinkphp\lang\zh-cn.php
[ info ] [ ROUTE ] array (
  'type' => 'module',
  'module' => 
  array (
    0 => 'admin',
    1 => 'admin',
    2 => 'index',
  ),
)
[ info ] [ HEADER ] array (
  'x-forwarded-host' => 'localhost:8080',
  'x-forwarded-proto' => 'http',
  'x-forwarded-port' => '8080',
  'x-forwarded-for' => '127.0.0.1',
  'cookie' => 'Admin-Token=16B743F90F2352DCA292B159118491BFMDAwMDAwMDAwML6Mna-FqrqSib2cgMOHoIC7o36CkY6xfLjQzqGGZIXVuGadr4u5um-LunZ_w4efabGmjmWDo3-gu5SsqIhkp6vHZJ3Ynau-moXTqGG4nZSnyX-ohIONk4a7qbuyiIiJz8mJZqmKu9CHj6pxpbeKcoqxkGyklaStkLS4yWiGd4W1tWaUmJyn0IaSl5SWsYabrMiln6eTpKGiurq8noudibi4eqG-jLShdg; sidebarStatus=0',
  'accept-language' => 'zh-CN,zh;q=0.9',
  'accept-encoding' => 'gzip, deflate, br',
  'referer' => 'http://localhost:8080/',
  'content-type' => 'application/x-www-form-urlencoded;charset=UTF-8',
  'x-access-appid' => 'ty9fd2848a039ab554',
  'user-agent' => 'Mozilla/5.0 (Windows NT 6.1; Win64; x64) AppleWebKit/537.36 (KHTML, like Gecko) Chrome/74.0.3729.131 Safari/537.36',
  'x-access-token' => '16B743F90F2352DCA292B159118491BFMDAwMDAwMDAwML6Mna-FqrqSib2cgMOHoIC7o36CkY6xfLjQzqGGZIXVuGadr4u5um-LunZ_w4efabGmjmWDo3-gu5SsqIhkp6vHZJ3Ynau-moXTqGG4nZSnyX-ohIONk4a7qbuyiIiJz8mJZqmKu9CHj6pxpbeKcoqxkGyklaStkLS4yWiGd4W1tWaUmJyn0IaSl5SWsYabrMiln6eTpKGiurq8noudibi4eqG-jLShdg',
  'origin' => 'http://localhost:8080',
  'accept' => 'application/json, text/plain, */*',
  'content-length' => '118',
  'connection' => 'close',
  'host' => 'api.hardphp.com',
)
[ info ] [ PARAM ] array (
  'page' => '1',
  'psize' => '10',
  'isEnabled' => '-1',
  'userName' => '',
  'phone' => '',
  'realName' => '',
  'startTime' => '',
  'endTime' => '',
  'signature' => '36e567fc90c3e99571ddf6e9781c00e7',
)
[ info ] [ DB ] INIT mysql
[ info ] [ RUN ] app\admin\controller\Admin->index[ D:\phpStudy2016\WWW\hardphp\application\admin\controller\Admin.php ]
[ info ] [ LOG ] INIT File
---------------------------------------------------------------
[ 2019-10-22T14:02:10+08:00 ] 127.0.0.1 POST api.hardphp.com/index.php/admin/roles/getLists
[运行时间：0.131000s] [吞吐率：7.63req/s] [内存消耗：3,456.02kb] [文件加载：80]
[ info ] [ LANG ] D:\phpStudy2016\WWW\hardphp\thinkphp\lang\zh-cn.php
[ info ] [ ROUTE ] array (
  'type' => 'module',
  'module' => 
  array (
    0 => 'admin',
    1 => 'roles',
    2 => 'getLists',
  ),
)
[ info ] [ HEADER ] array (
  'x-forwarded-host' => 'localhost:8080',
  'x-forwarded-proto' => 'http',
  'x-forwarded-port' => '8080',
  'x-forwarded-for' => '127.0.0.1',
  'cookie' => 'Admin-Token=16B743F90F2352DCA292B159118491BFMDAwMDAwMDAwML6Mna-FqrqSib2cgMOHoIC7o36CkY6xfLjQzqGGZIXVuGadr4u5um-LunZ_w4efabGmjmWDo3-gu5SsqIhkp6vHZJ3Ynau-moXTqGG4nZSnyX-ohIONk4a7qbuyiIiJz8mJZqmKu9CHj6pxpbeKcoqxkGyklaStkLS4yWiGd4W1tWaUmJyn0IaSl5SWsYabrMiln6eTpKGiurq8noudibi4eqG-jLShdg; sidebarStatus=0',
  'accept-language' => 'zh-CN,zh;q=0.9',
  'accept-encoding' => 'gzip, deflate, br',
  'referer' => 'http://localhost:8080/',
  'content-type' => 'application/x-www-form-urlencoded;charset=UTF-8',
  'x-access-appid' => 'ty9fd2848a039ab554',
  'user-agent' => 'Mozilla/5.0 (Windows NT 6.1; Win64; x64) AppleWebKit/537.36 (KHTML, like Gecko) Chrome/74.0.3729.131 Safari/537.36',
  'x-access-token' => '16B743F90F2352DCA292B159118491BFMDAwMDAwMDAwML6Mna-FqrqSib2cgMOHoIC7o36CkY6xfLjQzqGGZIXVuGadr4u5um-LunZ_w4efabGmjmWDo3-gu5SsqIhkp6vHZJ3Ynau-moXTqGG4nZSnyX-ohIONk4a7qbuyiIiJz8mJZqmKu9CHj6pxpbeKcoqxkGyklaStkLS4yWiGd4W1tWaUmJyn0IaSl5SWsYabrMiln6eTpKGiurq8noudibi4eqG-jLShdg',
  'origin' => 'http://localhost:8080',
  'accept' => 'application/json, text/plain, */*',
  'content-length' => '42',
  'connection' => 'close',
  'host' => 'api.hardphp.com',
)
[ info ] [ PARAM ] array (
  'signature' => '37d7b5e3d72e32c75290100a102e0eb7',
)
[ info ] [ DB ] INIT mysql
[ info ] [ RUN ] app\admin\controller\Roles->getLists[ D:\phpStudy2016\WWW\hardphp\application\admin\controller\Roles.php ]
[ info ] [ LOG ] INIT File
---------------------------------------------------------------
[ 2019-10-22T14:02:10+08:00 ] 127.0.0.1 GET api.hardphp.com/uploads/images/20190322/41ef26c97b94a327562671abd56385a6.jpg
[运行时间：0.033000s] [吞吐率：30.30req/s] [内存消耗：1,769.02kb] [文件加载：56]
[ info ] [ LANG ] D:\phpStudy2016\WWW\hardphp\thinkphp\lang\zh-cn.php
[ info ] [ ROUTE ] array (
  'type' => 'module',
  'module' => 
  array (
    0 => 'uploads',
    1 => 'images',
    2 => '20190322',
  ),
)
[ info ] [ HEADER ] array (
  'host' => 'api.hardphp.com',
  'connection' => 'keep-alive',
  'user-agent' => 'Mozilla/5.0 (Windows NT 6.1; Win64; x64) AppleWebKit/537.36 (KHTML, like Gecko) Chrome/74.0.3729.131 Safari/537.36',
  'accept' => 'image/webp,image/apng,image/*,*/*;q=0.8',
  'referer' => 'http://localhost:8080/',
  'accept-encoding' => 'gzip, deflate',
  'accept-language' => 'zh-CN,zh;q=0.9',
)
[ info ] [ PARAM ] array (
)
[ info ] [ LOG ] INIT File
---------------------------------------------------------------
[ 2019-10-22T14:02:13+08:00 ] 127.0.0.1 POST api.hardphp.com/index.php/admin/rules/index
[运行时间：0.094000s] [吞吐率：10.64req/s] [内存消耗：3,374.33kb] [文件加载：77]
[ info ] [ LANG ] D:\phpStudy2016\WWW\hardphp\thinkphp\lang\zh-cn.php
[ info ] [ ROUTE ] array (
  'type' => 'module',
  'module' => 
  array (
    0 => 'admin',
    1 => 'rules',
    2 => 'index',
  ),
)
[ info ] [ HEADER ] array (
  'x-forwarded-host' => 'localhost:8080',
  'x-forwarded-proto' => 'http',
  'x-forwarded-port' => '8080',
  'x-forwarded-for' => '127.0.0.1',
  'cookie' => 'Admin-Token=16B743F90F2352DCA292B159118491BFMDAwMDAwMDAwML6Mna-FqrqSib2cgMOHoIC7o36CkY6xfLjQzqGGZIXVuGadr4u5um-LunZ_w4efabGmjmWDo3-gu5SsqIhkp6vHZJ3Ynau-moXTqGG4nZSnyX-ohIONk4a7qbuyiIiJz8mJZqmKu9CHj6pxpbeKcoqxkGyklaStkLS4yWiGd4W1tWaUmJyn0IaSl5SWsYabrMiln6eTpKGiurq8noudibi4eqG-jLShdg; sidebarStatus=0',
  'accept-language' => 'zh-CN,zh;q=0.9',
  'accept-encoding' => 'gzip, deflate, br',
  'referer' => 'http://localhost:8080/',
  'content-type' => 'application/x-www-form-urlencoded;charset=UTF-8',
  'x-access-appid' => 'ty9fd2848a039ab554',
  'user-agent' => 'Mozilla/5.0 (Windows NT 6.1; Win64; x64) AppleWebKit/537.36 (KHTML, like Gecko) Chrome/74.0.3729.131 Safari/537.36',
  'x-access-token' => '16B743F90F2352DCA292B159118491BFMDAwMDAwMDAwML6Mna-FqrqSib2cgMOHoIC7o36CkY6xfLjQzqGGZIXVuGadr4u5um-LunZ_w4efabGmjmWDo3-gu5SsqIhkp6vHZJ3Ynau-moXTqGG4nZSnyX-ohIONk4a7qbuyiIiJz8mJZqmKu9CHj6pxpbeKcoqxkGyklaStkLS4yWiGd4W1tWaUmJyn0IaSl5SWsYabrMiln6eTpKGiurq8noudibi4eqG-jLShdg',
  'origin' => 'http://localhost:8080',
  'accept' => 'application/json, text/plain, */*',
  'content-length' => '59',
  'connection' => 'close',
  'host' => 'api.hardphp.com',
)
[ info ] [ PARAM ] array (
  'status' => '-1',
  'title' => '',
  'signature' => '0ee39f2f82c238924d13515b7fcccdf2',
)
[ info ] [ DB ] INIT mysql
[ info ] [ RUN ] app\admin\controller\Rules->index[ D:\phpStudy2016\WWW\hardphp\application\admin\controller\Rules.php ]
[ info ] [ LOG ] INIT File
---------------------------------------------------------------
[ 2019-10-22T14:03:04+08:00 ] 127.0.0.1 POST api.hardphp.com/index.php/admin/login/index
[运行时间：0.262000s] [吞吐率：3.82req/s] [内存消耗：3,516.15kb] [文件加载：81]
[ info ] [ LANG ] D:\phpStudy2016\WWW\hardphp\thinkphp\lang\zh-cn.php
[ info ] [ ROUTE ] array (
  'type' => 'module',
  'module' => 
  array (
    0 => 'admin',
    1 => 'login',
    2 => 'index',
  ),
)
[ info ] [ HEADER ] array (
  'x-forwarded-host' => 'localhost:8080',
  'x-forwarded-proto' => 'http',
  'x-forwarded-port' => '8080',
  'x-forwarded-for' => '127.0.0.1',
  'cookie' => 'sidebarStatus=0',
  'accept-language' => 'zh-CN,zh;q=0.9',
  'accept-encoding' => 'gzip, deflate, br',
  'referer' => 'http://localhost:8080/',
  'content-type' => 'application/x-www-form-urlencoded;charset=UTF-8',
  'x-access-appid' => 'ty9fd2848a039ab554',
  'user-agent' => 'Mozilla/5.0 (Windows NT 6.1; Win64; x64) AppleWebKit/537.36 (KHTML, like Gecko) Chrome/74.0.3729.131 Safari/537.36',
  'origin' => 'http://localhost:8080',
  'accept' => 'application/json, text/plain, */*',
  'cache-control' => 'no-cache',
  'pragma' => 'no-cache',
  'content-length' => '73',
  'connection' => 'close',
  'host' => 'api.hardphp.com',
)
[ info ] [ PARAM ] array (
  'userName' => 'admin',
  'password' => '123456',
  'signature' => 'fcac63765b8ac787d8ea6e16c87f3205',
)
[ info ] [ DB ] INIT mysql
[ info ] [ RUN ] app\admin\controller\Login->index[ D:\phpStudy2016\WWW\hardphp\application\admin\controller\Login.php ]
[ info ] [ CACHE ] INIT File
[ info ] [ LOG ] INIT File
---------------------------------------------------------------
[ 2019-10-22T14:03:05+08:00 ] 127.0.0.1 POST api.hardphp.com/index.php/admin/admin/getuser
[运行时间：0.121000s] [吞吐率：8.26req/s] [内存消耗：3,511.98kb] [文件加载：80]
[ info ] [ LANG ] D:\phpStudy2016\WWW\hardphp\thinkphp\lang\zh-cn.php
[ info ] [ ROUTE ] array (
  'type' => 'module',
  'module' => 
  array (
    0 => 'admin',
    1 => 'admin',
    2 => 'getuser',
  ),
)
[ info ] [ HEADER ] array (
  'x-forwarded-host' => 'localhost:8080',
  'x-forwarded-proto' => 'http',
  'x-forwarded-port' => '8080',
  'x-forwarded-for' => '127.0.0.1',
  'cookie' => 'sidebarStatus=0; Admin-Token=8D2E34A82B97D915EF3FF4EC3697BECCMDAwMDAwMDAwML6Mna-FqrqSib2cgMOHoIC7o36CkY6xfLjQzqGGZIXVuGadr4u5um-LunZ_w4efabGmjmWDo3-gu5SsqIhkp6vHZJ3Ynau-moXTqGG4nZSnyX-ohIONk4a7qbuyiIiJz8mJZqmKt7aIi6pxpcWdYaG_pXqJgaSLgce6r2qHnavdvox3uZvRrqWaqoKRuGWFZcqNeaiGp3-ZuJbAo5iIhZm9ZXeZjLShdg',
  'accept-language' => 'zh-CN,zh;q=0.9',
  'accept-encoding' => 'gzip, deflate, br',
  'referer' => 'http://localhost:8080/',
  'content-type' => 'application/x-www-form-urlencoded;charset=UTF-8',
  'x-access-appid' => 'ty9fd2848a039ab554',
  'user-agent' => 'Mozilla/5.0 (Windows NT 6.1; Win64; x64) AppleWebKit/537.36 (KHTML, like Gecko) Chrome/74.0.3729.131 Safari/537.36',
  'x-access-token' => '8D2E34A82B97D915EF3FF4EC3697BECCMDAwMDAwMDAwML6Mna-FqrqSib2cgMOHoIC7o36CkY6xfLjQzqGGZIXVuGadr4u5um-LunZ_w4efabGmjmWDo3-gu5SsqIhkp6vHZJ3Ynau-moXTqGG4nZSnyX-ohIONk4a7qbuyiIiJz8mJZqmKt7aIi6pxpcWdYaG_pXqJgaSLgce6r2qHnavdvox3uZvRrqWaqoKRuGWFZcqNeaiGp3-ZuJbAo5iIhZm9ZXeZjLShdg',
  'origin' => 'http://localhost:8080',
  'accept' => 'application/json, text/plain, */*',
  'cache-control' => 'no-cache',
  'pragma' => 'no-cache',
  'content-length' => '42',
  'connection' => 'close',
  'host' => 'api.hardphp.com',
)
[ info ] [ PARAM ] array (
  'signature' => '37d7b5e3d72e32c75290100a102e0eb7',
)
[ info ] [ DB ] INIT mysql
[ info ] [ RUN ] app\admin\controller\Admin->getuser[ D:\phpStudy2016\WWW\hardphp\application\admin\controller\Admin.php ]
[ info ] [ LOG ] INIT File
---------------------------------------------------------------
[ 2019-10-22T14:03:05+08:00 ] 127.0.0.1 GET api.hardphp.com/uploads/images/20190322/41ef26c97b94a327562671abd56385a6.jpg
[运行时间：0.033000s] [吞吐率：30.30req/s] [内存消耗：1,769.54kb] [文件加载：56]
[ info ] [ LANG ] D:\phpStudy2016\WWW\hardphp\thinkphp\lang\zh-cn.php
[ info ] [ ROUTE ] array (
  'type' => 'module',
  'module' => 
  array (
    0 => 'uploads',
    1 => 'images',
    2 => '20190322',
  ),
)
[ info ] [ HEADER ] array (
  'host' => 'api.hardphp.com',
  'connection' => 'keep-alive',
  'pragma' => 'no-cache',
  'cache-control' => 'no-cache',
  'user-agent' => 'Mozilla/5.0 (Windows NT 6.1; Win64; x64) AppleWebKit/537.36 (KHTML, like Gecko) Chrome/74.0.3729.131 Safari/537.36',
  'accept' => 'image/webp,image/apng,image/*,*/*;q=0.8',
  'referer' => 'http://localhost:8080/',
  'accept-encoding' => 'gzip, deflate',
  'accept-language' => 'zh-CN,zh;q=0.9',
)
[ info ] [ PARAM ] array (
)
[ info ] [ LOG ] INIT File
---------------------------------------------------------------
[ 2019-10-22T14:03:05+08:00 ] 127.0.0.1 POST api.hardphp.com/index.php/admin/rules/index
[运行时间：0.120000s] [吞吐率：8.33req/s] [内存消耗：3,374.54kb] [文件加载：77]
[ info ] [ LANG ] D:\phpStudy2016\WWW\hardphp\thinkphp\lang\zh-cn.php
[ info ] [ ROUTE ] array (
  'type' => 'module',
  'module' => 
  array (
    0 => 'admin',
    1 => 'rules',
    2 => 'index',
  ),
)
[ info ] [ HEADER ] array (
  'x-forwarded-host' => 'localhost:8080',
  'x-forwarded-proto' => 'http',
  'x-forwarded-port' => '8080',
  'x-forwarded-for' => '127.0.0.1',
  'cookie' => 'sidebarStatus=0; Admin-Token=8D2E34A82B97D915EF3FF4EC3697BECCMDAwMDAwMDAwML6Mna-FqrqSib2cgMOHoIC7o36CkY6xfLjQzqGGZIXVuGadr4u5um-LunZ_w4efabGmjmWDo3-gu5SsqIhkp6vHZJ3Ynau-moXTqGG4nZSnyX-ohIONk4a7qbuyiIiJz8mJZqmKt7aIi6pxpcWdYaG_pXqJgaSLgce6r2qHnavdvox3uZvRrqWaqoKRuGWFZcqNeaiGp3-ZuJbAo5iIhZm9ZXeZjLShdg',
  'accept-language' => 'zh-CN,zh;q=0.9',
  'accept-encoding' => 'gzip, deflate, br',
  'referer' => 'http://localhost:8080/',
  'content-type' => 'application/x-www-form-urlencoded;charset=UTF-8',
  'x-access-appid' => 'ty9fd2848a039ab554',
  'user-agent' => 'Mozilla/5.0 (Windows NT 6.1; Win64; x64) AppleWebKit/537.36 (KHTML, like Gecko) Chrome/74.0.3729.131 Safari/537.36',
  'x-access-token' => '8D2E34A82B97D915EF3FF4EC3697BECCMDAwMDAwMDAwML6Mna-FqrqSib2cgMOHoIC7o36CkY6xfLjQzqGGZIXVuGadr4u5um-LunZ_w4efabGmjmWDo3-gu5SsqIhkp6vHZJ3Ynau-moXTqGG4nZSnyX-ohIONk4a7qbuyiIiJz8mJZqmKt7aIi6pxpcWdYaG_pXqJgaSLgce6r2qHnavdvox3uZvRrqWaqoKRuGWFZcqNeaiGp3-ZuJbAo5iIhZm9ZXeZjLShdg',
  'origin' => 'http://localhost:8080',
  'accept' => 'application/json, text/plain, */*',
  'cache-control' => 'no-cache',
  'pragma' => 'no-cache',
  'content-length' => '59',
  'connection' => 'close',
  'host' => 'api.hardphp.com',
)
[ info ] [ PARAM ] array (
  'status' => '-1',
  'title' => '',
  'signature' => '0ee39f2f82c238924d13515b7fcccdf2',
)
[ info ] [ DB ] INIT mysql
[ info ] [ RUN ] app\admin\controller\Rules->index[ D:\phpStudy2016\WWW\hardphp\application\admin\controller\Rules.php ]
[ info ] [ LOG ] INIT File
---------------------------------------------------------------
[ 2019-10-22T14:03:56+08:00 ] 127.0.0.1 POST api.hardphp.com/index.php/admin/login/index
[运行时间：0.090000s] [吞吐率：11.11req/s] [内存消耗：3,342.52kb] [文件加载：77]
[ info ] [ LANG ] D:\phpStudy2016\WWW\hardphp\thinkphp\lang\zh-cn.php
[ info ] [ ROUTE ] array (
  'type' => 'module',
  'module' => 
  array (
    0 => 'admin',
    1 => 'login',
    2 => 'index',
  ),
)
[ info ] [ HEADER ] array (
  'x-forwarded-host' => 'localhost:8080',
  'x-forwarded-proto' => 'http',
  'x-forwarded-port' => '8080',
  'x-forwarded-for' => '127.0.0.1',
  'cookie' => 'sidebarStatus=0',
  'accept-language' => 'zh-CN,zh;q=0.9',
  'accept-encoding' => 'gzip, deflate, br',
  'referer' => 'http://localhost:8080/',
  'content-type' => 'application/x-www-form-urlencoded;charset=UTF-8',
  'x-access-appid' => 'ty9fd2848a039ab554',
  'user-agent' => 'Mozilla/5.0 (Windows NT 6.1; Win64; x64) AppleWebKit/537.36 (KHTML, like Gecko) Chrome/74.0.3729.131 Safari/537.36',
  'origin' => 'http://localhost:8080',
  'accept' => 'application/json, text/plain, */*',
  'cache-control' => 'no-cache',
  'pragma' => 'no-cache',
  'content-length' => '73',
  'connection' => 'close',
  'host' => 'api.hardphp.com',
)
[ info ] [ PARAM ] array (
  'userName' => 'admin',
  'password' => '123456',
  'signature' => 'fcac63765b8ac787d8ea6e16c87f3205',
)
[ info ] [ DB ] INIT mysql
[ info ] [ RUN ] app\admin\controller\Login->index[ D:\phpStudy2016\WWW\hardphp\application\admin\controller\Login.php ]
[ info ] [ LOG ] INIT File
---------------------------------------------------------------
[ 2019-10-22T14:04:16+08:00 ] 127.0.0.1 POST api.hardphp.com/index.php/admin/login/index
[运行时间：0.171000s] [吞吐率：5.85req/s] [内存消耗：3,516.15kb] [文件加载：81]
[ info ] [ LANG ] D:\phpStudy2016\WWW\hardphp\thinkphp\lang\zh-cn.php
[ info ] [ ROUTE ] array (
  'type' => 'module',
  'module' => 
  array (
    0 => 'admin',
    1 => 'login',
    2 => 'index',
  ),
)
[ info ] [ HEADER ] array (
  'x-forwarded-host' => 'localhost:8080',
  'x-forwarded-proto' => 'http',
  'x-forwarded-port' => '8080',
  'x-forwarded-for' => '127.0.0.1',
  'cookie' => 'sidebarStatus=0',
  'accept-language' => 'zh-CN,zh;q=0.9',
  'accept-encoding' => 'gzip, deflate, br',
  'referer' => 'http://localhost:8080/',
  'content-type' => 'application/x-www-form-urlencoded;charset=UTF-8',
  'x-access-appid' => 'ty9fd2848a039ab554',
  'user-agent' => 'Mozilla/5.0 (Windows NT 6.1; Win64; x64) AppleWebKit/537.36 (KHTML, like Gecko) Chrome/74.0.3729.131 Safari/537.36',
  'origin' => 'http://localhost:8080',
  'accept' => 'application/json, text/plain, */*',
  'cache-control' => 'no-cache',
  'pragma' => 'no-cache',
  'content-length' => '73',
  'connection' => 'close',
  'host' => 'api.hardphp.com',
)
[ info ] [ PARAM ] array (
  'userName' => 'admin',
  'password' => '123456',
  'signature' => 'fcac63765b8ac787d8ea6e16c87f3205',
)
[ info ] [ DB ] INIT mysql
[ info ] [ RUN ] app\admin\controller\Login->index[ D:\phpStudy2016\WWW\hardphp\application\admin\controller\Login.php ]
[ info ] [ CACHE ] INIT File
[ info ] [ LOG ] INIT File
---------------------------------------------------------------
[ 2019-10-22T14:04:16+08:00 ] 127.0.0.1 POST api.hardphp.com/index.php/admin/admin/getuser
[运行时间：0.105000s] [吞吐率：9.52req/s] [内存消耗：3,511.98kb] [文件加载：80]
[ info ] [ LANG ] D:\phpStudy2016\WWW\hardphp\thinkphp\lang\zh-cn.php
[ info ] [ ROUTE ] array (
  'type' => 'module',
  'module' => 
  array (
    0 => 'admin',
    1 => 'admin',
    2 => 'getuser',
  ),
)
[ info ] [ HEADER ] array (
  'x-forwarded-host' => 'localhost:8080',
  'x-forwarded-proto' => 'http',
  'x-forwarded-port' => '8080',
  'x-forwarded-for' => '127.0.0.1',
  'cookie' => 'sidebarStatus=0; Admin-Token=3CAA07DF265F06E452F5CA2804140B8CMDAwMDAwMDAwML6Mna-FqrqSib2cgMOHoIC7o36CkY6xfLjQzqGGZIXVuGadr4u5um-LunZ_w4efabGmjmWDo3-gu5SsqIhkp6vHZJ3Ynau-moXTqGG4nZSnyX-ohIONk4a7qbuyiIiJz8mJZqmLt6qImtBxpbOHoIjGkIKjkWuxgrO3rKiBd6uaxYhzvYbOvqGQlmGBuZ2gjbZpgn-CaouxuM60spVljJm9nn-8ibShdg',
  'accept-language' => 'zh-CN,zh;q=0.9',
  'accept-encoding' => 'gzip, deflate, br',
  'referer' => 'http://localhost:8080/',
  'content-type' => 'application/x-www-form-urlencoded;charset=UTF-8',
  'x-access-appid' => 'ty9fd2848a039ab554',
  'user-agent' => 'Mozilla/5.0 (Windows NT 6.1; Win64; x64) AppleWebKit/537.36 (KHTML, like Gecko) Chrome/74.0.3729.131 Safari/537.36',
  'x-access-token' => '3CAA07DF265F06E452F5CA2804140B8CMDAwMDAwMDAwML6Mna-FqrqSib2cgMOHoIC7o36CkY6xfLjQzqGGZIXVuGadr4u5um-LunZ_w4efabGmjmWDo3-gu5SsqIhkp6vHZJ3Ynau-moXTqGG4nZSnyX-ohIONk4a7qbuyiIiJz8mJZqmLt6qImtBxpbOHoIjGkIKjkWuxgrO3rKiBd6uaxYhzvYbOvqGQlmGBuZ2gjbZpgn-CaouxuM60spVljJm9nn-8ibShdg',
  'origin' => 'http://localhost:8080',
  'accept' => 'application/json, text/plain, */*',
  'cache-control' => 'no-cache',
  'pragma' => 'no-cache',
  'content-length' => '42',
  'connection' => 'close',
  'host' => 'api.hardphp.com',
)
[ info ] [ PARAM ] array (
  'signature' => '37d7b5e3d72e32c75290100a102e0eb7',
)
[ info ] [ DB ] INIT mysql
[ info ] [ RUN ] app\admin\controller\Admin->getuser[ D:\phpStudy2016\WWW\hardphp\application\admin\controller\Admin.php ]
[ info ] [ LOG ] INIT File
---------------------------------------------------------------
[ 2019-10-22T14:04:16+08:00 ] 127.0.0.1 GET api.hardphp.com/uploads/images/20190322/41ef26c97b94a327562671abd56385a6.jpg
[运行时间：0.030000s] [吞吐率：33.33req/s] [内存消耗：1,769.54kb] [文件加载：56]
[ info ] [ LANG ] D:\phpStudy2016\WWW\hardphp\thinkphp\lang\zh-cn.php
[ info ] [ ROUTE ] array (
  'type' => 'module',
  'module' => 
  array (
    0 => 'uploads',
    1 => 'images',
    2 => '20190322',
  ),
)
[ info ] [ HEADER ] array (
  'host' => 'api.hardphp.com',
  'connection' => 'keep-alive',
  'pragma' => 'no-cache',
  'cache-control' => 'no-cache',
  'user-agent' => 'Mozilla/5.0 (Windows NT 6.1; Win64; x64) AppleWebKit/537.36 (KHTML, like Gecko) Chrome/74.0.3729.131 Safari/537.36',
  'accept' => 'image/webp,image/apng,image/*,*/*;q=0.8',
  'referer' => 'http://localhost:8080/',
  'accept-encoding' => 'gzip, deflate',
  'accept-language' => 'zh-CN,zh;q=0.9',
)
[ info ] [ PARAM ] array (
)
[ info ] [ LOG ] INIT File
---------------------------------------------------------------
[ 2019-10-22T14:04:16+08:00 ] 127.0.0.1 POST api.hardphp.com/index.php/admin/rules/index
[运行时间：0.109000s] [吞吐率：9.17req/s] [内存消耗：3,374.54kb] [文件加载：77]
[ info ] [ LANG ] D:\phpStudy2016\WWW\hardphp\thinkphp\lang\zh-cn.php
[ info ] [ ROUTE ] array (
  'type' => 'module',
  'module' => 
  array (
    0 => 'admin',
    1 => 'rules',
    2 => 'index',
  ),
)
[ info ] [ HEADER ] array (
  'x-forwarded-host' => 'localhost:8080',
  'x-forwarded-proto' => 'http',
  'x-forwarded-port' => '8080',
  'x-forwarded-for' => '127.0.0.1',
  'cookie' => 'sidebarStatus=0; Admin-Token=3CAA07DF265F06E452F5CA2804140B8CMDAwMDAwMDAwML6Mna-FqrqSib2cgMOHoIC7o36CkY6xfLjQzqGGZIXVuGadr4u5um-LunZ_w4efabGmjmWDo3-gu5SsqIhkp6vHZJ3Ynau-moXTqGG4nZSnyX-ohIONk4a7qbuyiIiJz8mJZqmLt6qImtBxpbOHoIjGkIKjkWuxgrO3rKiBd6uaxYhzvYbOvqGQlmGBuZ2gjbZpgn-CaouxuM60spVljJm9nn-8ibShdg',
  'accept-language' => 'zh-CN,zh;q=0.9',
  'accept-encoding' => 'gzip, deflate, br',
  'referer' => 'http://localhost:8080/',
  'content-type' => 'application/x-www-form-urlencoded;charset=UTF-8',
  'x-access-appid' => 'ty9fd2848a039ab554',
  'user-agent' => 'Mozilla/5.0 (Windows NT 6.1; Win64; x64) AppleWebKit/537.36 (KHTML, like Gecko) Chrome/74.0.3729.131 Safari/537.36',
  'x-access-token' => '3CAA07DF265F06E452F5CA2804140B8CMDAwMDAwMDAwML6Mna-FqrqSib2cgMOHoIC7o36CkY6xfLjQzqGGZIXVuGadr4u5um-LunZ_w4efabGmjmWDo3-gu5SsqIhkp6vHZJ3Ynau-moXTqGG4nZSnyX-ohIONk4a7qbuyiIiJz8mJZqmLt6qImtBxpbOHoIjGkIKjkWuxgrO3rKiBd6uaxYhzvYbOvqGQlmGBuZ2gjbZpgn-CaouxuM60spVljJm9nn-8ibShdg',
  'origin' => 'http://localhost:8080',
  'accept' => 'application/json, text/plain, */*',
  'cache-control' => 'no-cache',
  'pragma' => 'no-cache',
  'content-length' => '59',
  'connection' => 'close',
  'host' => 'api.hardphp.com',
)
[ info ] [ PARAM ] array (
  'status' => '-1',
  'title' => '',
  'signature' => '0ee39f2f82c238924d13515b7fcccdf2',
)
[ info ] [ DB ] INIT mysql
[ info ] [ RUN ] app\admin\controller\Rules->index[ D:\phpStudy2016\WWW\hardphp\application\admin\controller\Rules.php ]
[ info ] [ LOG ] INIT File
---------------------------------------------------------------
[ 2019-10-22T16:45:18+08:00 ] 127.0.0.1 GET api.hardphp.com/index.php/admin/rules/getinfo?id=1&signature=e7fef94a760055ebd2eccdd1e036cecc
[运行时间：0.095000s] [吞吐率：10.53req/s] [内存消耗：3,361.38kb] [文件加载：77]
[ info ] [ LANG ] D:\phpStudy2016\WWW\hardphp\thinkphp\lang\zh-cn.php
[ info ] [ ROUTE ] array (
  'type' => 'module',
  'module' => 
  array (
    0 => 'admin',
    1 => 'rules',
    2 => 'getinfo',
  ),
)
[ info ] [ HEADER ] array (
  'x-forwarded-host' => 'localhost:8080',
  'x-forwarded-proto' => 'http',
  'x-forwarded-port' => '8080',
  'x-forwarded-for' => '127.0.0.1',
  'cookie' => 'sidebarStatus=0; Admin-Token=3CAA07DF265F06E452F5CA2804140B8CMDAwMDAwMDAwML6Mna-FqrqSib2cgMOHoIC7o36CkY6xfLjQzqGGZIXVuGadr4u5um-LunZ_w4efabGmjmWDo3-gu5SsqIhkp6vHZJ3Ynau-moXTqGG4nZSnyX-ohIONk4a7qbuyiIiJz8mJZqmLt6qImtBxpbOHoIjGkIKjkWuxgrO3rKiBd6uaxYhzvYbOvqGQlmGBuZ2gjbZpgn-CaouxuM60spVljJm9nn-8ibShdg',
  'accept-language' => 'zh-CN,zh;q=0.9',
  'accept-encoding' => 'gzip, deflate, br',
  'referer' => 'http://localhost:8080/',
  'x-access-appid' => 'ty9fd2848a039ab554',
  'user-agent' => 'Mozilla/5.0 (Windows NT 6.1; Win64; x64) AppleWebKit/537.36 (KHTML, like Gecko) Chrome/74.0.3729.131 Safari/537.36',
  'x-access-token' => '3CAA07DF265F06E452F5CA2804140B8CMDAwMDAwMDAwML6Mna-FqrqSib2cgMOHoIC7o36CkY6xfLjQzqGGZIXVuGadr4u5um-LunZ_w4efabGmjmWDo3-gu5SsqIhkp6vHZJ3Ynau-moXTqGG4nZSnyX-ohIONk4a7qbuyiIiJz8mJZqmLt6qImtBxpbOHoIjGkIKjkWuxgrO3rKiBd6uaxYhzvYbOvqGQlmGBuZ2gjbZpgn-CaouxuM60spVljJm9nn-8ibShdg',
  'accept' => 'application/json, text/plain, */*',
  'connection' => 'close',
  'host' => 'api.hardphp.com',
)
[ info ] [ PARAM ] array (
  'id' => '1',
  'signature' => 'e7fef94a760055ebd2eccdd1e036cecc',
)
[ info ] [ DB ] INIT mysql
[ info ] [ RUN ] app\admin\controller\Rules->getinfo[ D:\phpStudy2016\WWW\hardphp\application\admin\controller\Rules.php ]
[ info ] [ LOG ] INIT File
---------------------------------------------------------------
[ 2019-10-22T16:45:26+08:00 ] 127.0.0.1 POST api.hardphp.com/index.php/admin/roles/index
[运行时间：0.122000s] [吞吐率：8.20req/s] [内存消耗：3,458.48kb] [文件加载：80]
[ info ] [ LANG ] D:\phpStudy2016\WWW\hardphp\thinkphp\lang\zh-cn.php
[ info ] [ ROUTE ] array (
  'type' => 'module',
  'module' => 
  array (
    0 => 'admin',
    1 => 'roles',
    2 => 'index',
  ),
)
[ info ] [ HEADER ] array (
  'x-forwarded-host' => 'localhost:8080',
  'x-forwarded-proto' => 'http',
  'x-forwarded-port' => '8080',
  'x-forwarded-for' => '127.0.0.1',
  'cookie' => 'sidebarStatus=0; Admin-Token=3CAA07DF265F06E452F5CA2804140B8CMDAwMDAwMDAwML6Mna-FqrqSib2cgMOHoIC7o36CkY6xfLjQzqGGZIXVuGadr4u5um-LunZ_w4efabGmjmWDo3-gu5SsqIhkp6vHZJ3Ynau-moXTqGG4nZSnyX-ohIONk4a7qbuyiIiJz8mJZqmLt6qImtBxpbOHoIjGkIKjkWuxgrO3rKiBd6uaxYhzvYbOvqGQlmGBuZ2gjbZpgn-CaouxuM60spVljJm9nn-8ibShdg',
  'accept-language' => 'zh-CN,zh;q=0.9',
  'accept-encoding' => 'gzip, deflate, br',
  'referer' => 'http://localhost:8080/',
  'content-type' => 'application/x-www-form-urlencoded;charset=UTF-8',
  'x-access-appid' => 'ty9fd2848a039ab554',
  'user-agent' => 'Mozilla/5.0 (Windows NT 6.1; Win64; x64) AppleWebKit/537.36 (KHTML, like Gecko) Chrome/74.0.3729.131 Safari/537.36',
  'x-access-token' => '3CAA07DF265F06E452F5CA2804140B8CMDAwMDAwMDAwML6Mna-FqrqSib2cgMOHoIC7o36CkY6xfLjQzqGGZIXVuGadr4u5um-LunZ_w4efabGmjmWDo3-gu5SsqIhkp6vHZJ3Ynau-moXTqGG4nZSnyX-ohIONk4a7qbuyiIiJz8mJZqmLt6qImtBxpbOHoIjGkIKjkWuxgrO3rKiBd6uaxYhzvYbOvqGQlmGBuZ2gjbZpgn-CaouxuM60spVljJm9nn-8ibShdg',
  'origin' => 'http://localhost:8080',
  'accept' => 'application/json, text/plain, */*',
  'content-length' => '75',
  'connection' => 'close',
  'host' => 'api.hardphp.com',
)
[ info ] [ PARAM ] array (
  'page' => '1',
  'psize' => '10',
  'status' => '-1',
  'title' => '',
  'signature' => '39abfe8063320a276268531c5b5cdb25',
)
[ info ] [ DB ] INIT mysql
[ info ] [ RUN ] app\admin\controller\Roles->index[ D:\phpStudy2016\WWW\hardphp\application\admin\controller\Roles.php ]
[ info ] [ LOG ] INIT File
---------------------------------------------------------------
[ 2019-10-22T16:45:26+08:00 ] 127.0.0.1 POST api.hardphp.com/index.php/admin/rules/getLists
[运行时间：0.135000s] [吞吐率：7.41req/s] [内存消耗：3,376.38kb] [文件加载：78]
[ info ] [ LANG ] D:\phpStudy2016\WWW\hardphp\thinkphp\lang\zh-cn.php
[ info ] [ ROUTE ] array (
  'type' => 'module',
  'module' => 
  array (
    0 => 'admin',
    1 => 'rules',
    2 => 'getLists',
  ),
)
[ info ] [ HEADER ] array (
  'x-forwarded-host' => 'localhost:8080',
  'x-forwarded-proto' => 'http',
  'x-forwarded-port' => '8080',
  'x-forwarded-for' => '127.0.0.1',
  'cookie' => 'sidebarStatus=0; Admin-Token=3CAA07DF265F06E452F5CA2804140B8CMDAwMDAwMDAwML6Mna-FqrqSib2cgMOHoIC7o36CkY6xfLjQzqGGZIXVuGadr4u5um-LunZ_w4efabGmjmWDo3-gu5SsqIhkp6vHZJ3Ynau-moXTqGG4nZSnyX-ohIONk4a7qbuyiIiJz8mJZqmLt6qImtBxpbOHoIjGkIKjkWuxgrO3rKiBd6uaxYhzvYbOvqGQlmGBuZ2gjbZpgn-CaouxuM60spVljJm9nn-8ibShdg',
  'accept-language' => 'zh-CN,zh;q=0.9',
  'accept-encoding' => 'gzip, deflate, br',
  'referer' => 'http://localhost:8080/',
  'content-type' => 'application/x-www-form-urlencoded;charset=UTF-8',
  'x-access-appid' => 'ty9fd2848a039ab554',
  'user-agent' => 'Mozilla/5.0 (Windows NT 6.1; Win64; x64) AppleWebKit/537.36 (KHTML, like Gecko) Chrome/74.0.3729.131 Safari/537.36',
  'x-access-token' => '3CAA07DF265F06E452F5CA2804140B8CMDAwMDAwMDAwML6Mna-FqrqSib2cgMOHoIC7o36CkY6xfLjQzqGGZIXVuGadr4u5um-LunZ_w4efabGmjmWDo3-gu5SsqIhkp6vHZJ3Ynau-moXTqGG4nZSnyX-ohIONk4a7qbuyiIiJz8mJZqmLt6qImtBxpbOHoIjGkIKjkWuxgrO3rKiBd6uaxYhzvYbOvqGQlmGBuZ2gjbZpgn-CaouxuM60spVljJm9nn-8ibShdg',
  'origin' => 'http://localhost:8080',
  'accept' => 'application/json, text/plain, */*',
  'content-length' => '42',
  'connection' => 'close',
  'host' => 'api.hardphp.com',
)
[ info ] [ PARAM ] array (
  'signature' => '37d7b5e3d72e32c75290100a102e0eb7',
)
[ info ] [ DB ] INIT mysql
[ info ] [ RUN ] app\admin\controller\Rules->getLists[ D:\phpStudy2016\WWW\hardphp\application\admin\controller\Rules.php ]
[ info ] [ LOG ] INIT File
---------------------------------------------------------------
[ 2019-10-22T16:45:31+08:00 ] 127.0.0.1 GET api.hardphp.com/index.php/admin/roles/getinfo?id=1&signature=e7fef94a760055ebd2eccdd1e036cecc
[运行时间：0.105000s] [吞吐率：9.52req/s] [内存消耗：3,451.85kb] [文件加载：79]
[ info ] [ LANG ] D:\phpStudy2016\WWW\hardphp\thinkphp\lang\zh-cn.php
[ info ] [ ROUTE ] array (
  'type' => 'module',
  'module' => 
  array (
    0 => 'admin',
    1 => 'roles',
    2 => 'getinfo',
  ),
)
[ info ] [ HEADER ] array (
  'x-forwarded-host' => 'localhost:8080',
  'x-forwarded-proto' => 'http',
  'x-forwarded-port' => '8080',
  'x-forwarded-for' => '127.0.0.1',
  'cookie' => 'sidebarStatus=0; Admin-Token=3CAA07DF265F06E452F5CA2804140B8CMDAwMDAwMDAwML6Mna-FqrqSib2cgMOHoIC7o36CkY6xfLjQzqGGZIXVuGadr4u5um-LunZ_w4efabGmjmWDo3-gu5SsqIhkp6vHZJ3Ynau-moXTqGG4nZSnyX-ohIONk4a7qbuyiIiJz8mJZqmLt6qImtBxpbOHoIjGkIKjkWuxgrO3rKiBd6uaxYhzvYbOvqGQlmGBuZ2gjbZpgn-CaouxuM60spVljJm9nn-8ibShdg',
  'accept-language' => 'zh-CN,zh;q=0.9',
  'accept-encoding' => 'gzip, deflate, br',
  'referer' => 'http://localhost:8080/',
  'x-access-appid' => 'ty9fd2848a039ab554',
  'user-agent' => 'Mozilla/5.0 (Windows NT 6.1; Win64; x64) AppleWebKit/537.36 (KHTML, like Gecko) Chrome/74.0.3729.131 Safari/537.36',
  'x-access-token' => '3CAA07DF265F06E452F5CA2804140B8CMDAwMDAwMDAwML6Mna-FqrqSib2cgMOHoIC7o36CkY6xfLjQzqGGZIXVuGadr4u5um-LunZ_w4efabGmjmWDo3-gu5SsqIhkp6vHZJ3Ynau-moXTqGG4nZSnyX-ohIONk4a7qbuyiIiJz8mJZqmLt6qImtBxpbOHoIjGkIKjkWuxgrO3rKiBd6uaxYhzvYbOvqGQlmGBuZ2gjbZpgn-CaouxuM60spVljJm9nn-8ibShdg',
  'accept' => 'application/json, text/plain, */*',
  'connection' => 'close',
  'host' => 'api.hardphp.com',
)
[ info ] [ PARAM ] array (
  'id' => '1',
  'signature' => 'e7fef94a760055ebd2eccdd1e036cecc',
)
[ info ] [ DB ] INIT mysql
[ info ] [ RUN ] app\admin\controller\Roles->getinfo[ D:\phpStudy2016\WWW\hardphp\application\admin\controller\Roles.php ]
[ info ] [ LOG ] INIT File
---------------------------------------------------------------
[ 2019-10-22T16:45:36+08:00 ] 127.0.0.1 POST api.hardphp.com/index.php/admin/rules/index
[运行时间：0.114000s] [吞吐率：8.77req/s] [内存消耗：3,374.31kb] [文件加载：77]
[ info ] [ LANG ] D:\phpStudy2016\WWW\hardphp\thinkphp\lang\zh-cn.php
[ info ] [ ROUTE ] array (
  'type' => 'module',
  'module' => 
  array (
    0 => 'admin',
    1 => 'rules',
    2 => 'index',
  ),
)
[ info ] [ HEADER ] array (
  'x-forwarded-host' => 'localhost:8080',
  'x-forwarded-proto' => 'http',
  'x-forwarded-port' => '8080',
  'x-forwarded-for' => '127.0.0.1',
  'cookie' => 'sidebarStatus=0; Admin-Token=3CAA07DF265F06E452F5CA2804140B8CMDAwMDAwMDAwML6Mna-FqrqSib2cgMOHoIC7o36CkY6xfLjQzqGGZIXVuGadr4u5um-LunZ_w4efabGmjmWDo3-gu5SsqIhkp6vHZJ3Ynau-moXTqGG4nZSnyX-ohIONk4a7qbuyiIiJz8mJZqmLt6qImtBxpbOHoIjGkIKjkWuxgrO3rKiBd6uaxYhzvYbOvqGQlmGBuZ2gjbZpgn-CaouxuM60spVljJm9nn-8ibShdg',
  'accept-language' => 'zh-CN,zh;q=0.9',
  'accept-encoding' => 'gzip, deflate, br',
  'referer' => 'http://localhost:8080/',
  'content-type' => 'application/x-www-form-urlencoded;charset=UTF-8',
  'x-access-appid' => 'ty9fd2848a039ab554',
  'user-agent' => 'Mozilla/5.0 (Windows NT 6.1; Win64; x64) AppleWebKit/537.36 (KHTML, like Gecko) Chrome/74.0.3729.131 Safari/537.36',
  'x-access-token' => '3CAA07DF265F06E452F5CA2804140B8CMDAwMDAwMDAwML6Mna-FqrqSib2cgMOHoIC7o36CkY6xfLjQzqGGZIXVuGadr4u5um-LunZ_w4efabGmjmWDo3-gu5SsqIhkp6vHZJ3Ynau-moXTqGG4nZSnyX-ohIONk4a7qbuyiIiJz8mJZqmLt6qImtBxpbOHoIjGkIKjkWuxgrO3rKiBd6uaxYhzvYbOvqGQlmGBuZ2gjbZpgn-CaouxuM60spVljJm9nn-8ibShdg',
  'origin' => 'http://localhost:8080',
  'accept' => 'application/json, text/plain, */*',
  'content-length' => '59',
  'connection' => 'close',
  'host' => 'api.hardphp.com',
)
[ info ] [ PARAM ] array (
  'status' => '-1',
  'title' => '',
  'signature' => '0ee39f2f82c238924d13515b7fcccdf2',
)
[ info ] [ DB ] INIT mysql
[ info ] [ RUN ] app\admin\controller\Rules->index[ D:\phpStudy2016\WWW\hardphp\application\admin\controller\Rules.php ]
[ info ] [ LOG ] INIT File
---------------------------------------------------------------
[ 2019-10-22T16:45:38+08:00 ] 127.0.0.1 POST api.hardphp.com/index.php/admin/admin/index
[运行时间：0.121000s] [吞吐率：8.26req/s] [内存消耗：3,501.48kb] [文件加载：80]
[ info ] [ LANG ] D:\phpStudy2016\WWW\hardphp\thinkphp\lang\zh-cn.php
[ info ] [ ROUTE ] array (
  'type' => 'module',
  'module' => 
  array (
    0 => 'admin',
    1 => 'admin',
    2 => 'index',
  ),
)
[ info ] [ HEADER ] array (
  'x-forwarded-host' => 'localhost:8080',
  'x-forwarded-proto' => 'http',
  'x-forwarded-port' => '8080',
  'x-forwarded-for' => '127.0.0.1',
  'cookie' => 'sidebarStatus=0; Admin-Token=3CAA07DF265F06E452F5CA2804140B8CMDAwMDAwMDAwML6Mna-FqrqSib2cgMOHoIC7o36CkY6xfLjQzqGGZIXVuGadr4u5um-LunZ_w4efabGmjmWDo3-gu5SsqIhkp6vHZJ3Ynau-moXTqGG4nZSnyX-ohIONk4a7qbuyiIiJz8mJZqmLt6qImtBxpbOHoIjGkIKjkWuxgrO3rKiBd6uaxYhzvYbOvqGQlmGBuZ2gjbZpgn-CaouxuM60spVljJm9nn-8ibShdg',
  'accept-language' => 'zh-CN,zh;q=0.9',
  'accept-encoding' => 'gzip, deflate, br',
  'referer' => 'http://localhost:8080/',
  'content-type' => 'application/x-www-form-urlencoded;charset=UTF-8',
  'x-access-appid' => 'ty9fd2848a039ab554',
  'user-agent' => 'Mozilla/5.0 (Windows NT 6.1; Win64; x64) AppleWebKit/537.36 (KHTML, like Gecko) Chrome/74.0.3729.131 Safari/537.36',
  'x-access-token' => '3CAA07DF265F06E452F5CA2804140B8CMDAwMDAwMDAwML6Mna-FqrqSib2cgMOHoIC7o36CkY6xfLjQzqGGZIXVuGadr4u5um-LunZ_w4efabGmjmWDo3-gu5SsqIhkp6vHZJ3Ynau-moXTqGG4nZSnyX-ohIONk4a7qbuyiIiJz8mJZqmLt6qImtBxpbOHoIjGkIKjkWuxgrO3rKiBd6uaxYhzvYbOvqGQlmGBuZ2gjbZpgn-CaouxuM60spVljJm9nn-8ibShdg',
  'origin' => 'http://localhost:8080',
  'accept' => 'application/json, text/plain, */*',
  'content-length' => '118',
  'connection' => 'close',
  'host' => 'api.hardphp.com',
)
[ info ] [ PARAM ] array (
  'page' => '1',
  'psize' => '10',
  'isEnabled' => '-1',
  'userName' => '',
  'phone' => '',
  'realName' => '',
  'startTime' => '',
  'endTime' => '',
  'signature' => '36e567fc90c3e99571ddf6e9781c00e7',
)
[ info ] [ DB ] INIT mysql
[ info ] [ RUN ] app\admin\controller\Admin->index[ D:\phpStudy2016\WWW\hardphp\application\admin\controller\Admin.php ]
[ info ] [ LOG ] INIT File
---------------------------------------------------------------
[ 2019-10-22T16:45:38+08:00 ] 127.0.0.1 POST api.hardphp.com/index.php/admin/roles/getLists
[运行时间：0.125000s] [吞吐率：8.00req/s] [内存消耗：3,455.91kb] [文件加载：80]
[ info ] [ LANG ] D:\phpStudy2016\WWW\hardphp\thinkphp\lang\zh-cn.php
[ info ] [ ROUTE ] array (
  'type' => 'module',
  'module' => 
  array (
    0 => 'admin',
    1 => 'roles',
    2 => 'getLists',
  ),
)
[ info ] [ HEADER ] array (
  'x-forwarded-host' => 'localhost:8080',
  'x-forwarded-proto' => 'http',
  'x-forwarded-port' => '8080',
  'x-forwarded-for' => '127.0.0.1',
  'cookie' => 'sidebarStatus=0; Admin-Token=3CAA07DF265F06E452F5CA2804140B8CMDAwMDAwMDAwML6Mna-FqrqSib2cgMOHoIC7o36CkY6xfLjQzqGGZIXVuGadr4u5um-LunZ_w4efabGmjmWDo3-gu5SsqIhkp6vHZJ3Ynau-moXTqGG4nZSnyX-ohIONk4a7qbuyiIiJz8mJZqmLt6qImtBxpbOHoIjGkIKjkWuxgrO3rKiBd6uaxYhzvYbOvqGQlmGBuZ2gjbZpgn-CaouxuM60spVljJm9nn-8ibShdg',
  'accept-language' => 'zh-CN,zh;q=0.9',
  'accept-encoding' => 'gzip, deflate, br',
  'referer' => 'http://localhost:8080/',
  'content-type' => 'application/x-www-form-urlencoded;charset=UTF-8',
  'x-access-appid' => 'ty9fd2848a039ab554',
  'user-agent' => 'Mozilla/5.0 (Windows NT 6.1; Win64; x64) AppleWebKit/537.36 (KHTML, like Gecko) Chrome/74.0.3729.131 Safari/537.36',
  'x-access-token' => '3CAA07DF265F06E452F5CA2804140B8CMDAwMDAwMDAwML6Mna-FqrqSib2cgMOHoIC7o36CkY6xfLjQzqGGZIXVuGadr4u5um-LunZ_w4efabGmjmWDo3-gu5SsqIhkp6vHZJ3Ynau-moXTqGG4nZSnyX-ohIONk4a7qbuyiIiJz8mJZqmLt6qImtBxpbOHoIjGkIKjkWuxgrO3rKiBd6uaxYhzvYbOvqGQlmGBuZ2gjbZpgn-CaouxuM60spVljJm9nn-8ibShdg',
  'origin' => 'http://localhost:8080',
  'accept' => 'application/json, text/plain, */*',
  'content-length' => '42',
  'connection' => 'close',
  'host' => 'api.hardphp.com',
)
[ info ] [ PARAM ] array (
  'signature' => '37d7b5e3d72e32c75290100a102e0eb7',
)
[ info ] [ DB ] INIT mysql
[ info ] [ RUN ] app\admin\controller\Roles->getLists[ D:\phpStudy2016\WWW\hardphp\application\admin\controller\Roles.php ]
[ info ] [ LOG ] INIT File
---------------------------------------------------------------
[ 2019-10-22T16:45:38+08:00 ] 127.0.0.1 GET api.hardphp.com/uploads/images/20190322/41ef26c97b94a327562671abd56385a6.jpg
[运行时间：0.033000s] [吞吐率：30.30req/s] [内存消耗：1,769.02kb] [文件加载：56]
[ info ] [ LANG ] D:\phpStudy2016\WWW\hardphp\thinkphp\lang\zh-cn.php
[ info ] [ ROUTE ] array (
  'type' => 'module',
  'module' => 
  array (
    0 => 'uploads',
    1 => 'images',
    2 => '20190322',
  ),
)
[ info ] [ HEADER ] array (
  'host' => 'api.hardphp.com',
  'connection' => 'keep-alive',
  'user-agent' => 'Mozilla/5.0 (Windows NT 6.1; Win64; x64) AppleWebKit/537.36 (KHTML, like Gecko) Chrome/74.0.3729.131 Safari/537.36',
  'accept' => 'image/webp,image/apng,image/*,*/*;q=0.8',
  'referer' => 'http://localhost:8080/',
  'accept-encoding' => 'gzip, deflate',
  'accept-language' => 'zh-CN,zh;q=0.9',
)
[ info ] [ PARAM ] array (
)
[ info ] [ LOG ] INIT File
---------------------------------------------------------------
[ 2019-10-22T16:45:43+08:00 ] 127.0.0.1 POST api.hardphp.com/index.php/admin/admin/index
[运行时间：0.118000s] [吞吐率：8.47req/s] [内存消耗：3,501.48kb] [文件加载：80]
[ info ] [ LANG ] D:\phpStudy2016\WWW\hardphp\thinkphp\lang\zh-cn.php
[ info ] [ ROUTE ] array (
  'type' => 'module',
  'module' => 
  array (
    0 => 'admin',
    1 => 'admin',
    2 => 'index',
  ),
)
[ info ] [ HEADER ] array (
  'x-forwarded-host' => 'localhost:8080',
  'x-forwarded-proto' => 'http',
  'x-forwarded-port' => '8080',
  'x-forwarded-for' => '127.0.0.1',
  'cookie' => 'sidebarStatus=0; Admin-Token=3CAA07DF265F06E452F5CA2804140B8CMDAwMDAwMDAwML6Mna-FqrqSib2cgMOHoIC7o36CkY6xfLjQzqGGZIXVuGadr4u5um-LunZ_w4efabGmjmWDo3-gu5SsqIhkp6vHZJ3Ynau-moXTqGG4nZSnyX-ohIONk4a7qbuyiIiJz8mJZqmLt6qImtBxpbOHoIjGkIKjkWuxgrO3rKiBd6uaxYhzvYbOvqGQlmGBuZ2gjbZpgn-CaouxuM60spVljJm9nn-8ibShdg',
  'accept-language' => 'zh-CN,zh;q=0.9',
  'accept-encoding' => 'gzip, deflate, br',
  'referer' => 'http://localhost:8080/',
  'content-type' => 'application/x-www-form-urlencoded;charset=UTF-8',
  'x-access-appid' => 'ty9fd2848a039ab554',
  'user-agent' => 'Mozilla/5.0 (Windows NT 6.1; Win64; x64) AppleWebKit/537.36 (KHTML, like Gecko) Chrome/74.0.3729.131 Safari/537.36',
  'x-access-token' => '3CAA07DF265F06E452F5CA2804140B8CMDAwMDAwMDAwML6Mna-FqrqSib2cgMOHoIC7o36CkY6xfLjQzqGGZIXVuGadr4u5um-LunZ_w4efabGmjmWDo3-gu5SsqIhkp6vHZJ3Ynau-moXTqGG4nZSnyX-ohIONk4a7qbuyiIiJz8mJZqmLt6qImtBxpbOHoIjGkIKjkWuxgrO3rKiBd6uaxYhzvYbOvqGQlmGBuZ2gjbZpgn-CaouxuM60spVljJm9nn-8ibShdg',
  'origin' => 'http://localhost:8080',
  'accept' => 'application/json, text/plain, */*',
  'content-length' => '118',
  'connection' => 'close',
  'host' => 'api.hardphp.com',
)
[ info ] [ PARAM ] array (
  'page' => '1',
  'psize' => '10',
  'isEnabled' => '-1',
  'userName' => '',
  'phone' => '',
  'realName' => '',
  'startTime' => '',
  'endTime' => '',
  'signature' => '36e567fc90c3e99571ddf6e9781c00e7',
)
[ info ] [ DB ] INIT mysql
[ info ] [ RUN ] app\admin\controller\Admin->index[ D:\phpStudy2016\WWW\hardphp\application\admin\controller\Admin.php ]
[ info ] [ LOG ] INIT File
---------------------------------------------------------------
[ 2019-10-22T16:45:43+08:00 ] 127.0.0.1 POST api.hardphp.com/index.php/admin/roles/getLists
[运行时间：0.119000s] [吞吐率：8.40req/s] [内存消耗：3,456.02kb] [文件加载：80]
[ info ] [ LANG ] D:\phpStudy2016\WWW\hardphp\thinkphp\lang\zh-cn.php
[ info ] [ ROUTE ] array (
  'type' => 'module',
  'module' => 
  array (
    0 => 'admin',
    1 => 'roles',
    2 => 'getLists',
  ),
)
[ info ] [ HEADER ] array (
  'x-forwarded-host' => 'localhost:8080',
  'x-forwarded-proto' => 'http',
  'x-forwarded-port' => '8080',
  'x-forwarded-for' => '127.0.0.1',
  'cookie' => 'sidebarStatus=0; Admin-Token=3CAA07DF265F06E452F5CA2804140B8CMDAwMDAwMDAwML6Mna-FqrqSib2cgMOHoIC7o36CkY6xfLjQzqGGZIXVuGadr4u5um-LunZ_w4efabGmjmWDo3-gu5SsqIhkp6vHZJ3Ynau-moXTqGG4nZSnyX-ohIONk4a7qbuyiIiJz8mJZqmLt6qImtBxpbOHoIjGkIKjkWuxgrO3rKiBd6uaxYhzvYbOvqGQlmGBuZ2gjbZpgn-CaouxuM60spVljJm9nn-8ibShdg',
  'accept-language' => 'zh-CN,zh;q=0.9',
  'accept-encoding' => 'gzip, deflate, br',
  'referer' => 'http://localhost:8080/',
  'content-type' => 'application/x-www-form-urlencoded;charset=UTF-8',
  'x-access-appid' => 'ty9fd2848a039ab554',
  'user-agent' => 'Mozilla/5.0 (Windows NT 6.1; Win64; x64) AppleWebKit/537.36 (KHTML, like Gecko) Chrome/74.0.3729.131 Safari/537.36',
  'x-access-token' => '3CAA07DF265F06E452F5CA2804140B8CMDAwMDAwMDAwML6Mna-FqrqSib2cgMOHoIC7o36CkY6xfLjQzqGGZIXVuGadr4u5um-LunZ_w4efabGmjmWDo3-gu5SsqIhkp6vHZJ3Ynau-moXTqGG4nZSnyX-ohIONk4a7qbuyiIiJz8mJZqmLt6qImtBxpbOHoIjGkIKjkWuxgrO3rKiBd6uaxYhzvYbOvqGQlmGBuZ2gjbZpgn-CaouxuM60spVljJm9nn-8ibShdg',
  'origin' => 'http://localhost:8080',
  'accept' => 'application/json, text/plain, */*',
  'content-length' => '42',
  'connection' => 'close',
  'host' => 'api.hardphp.com',
)
[ info ] [ PARAM ] array (
  'signature' => '37d7b5e3d72e32c75290100a102e0eb7',
)
[ info ] [ DB ] INIT mysql
[ info ] [ RUN ] app\admin\controller\Roles->getLists[ D:\phpStudy2016\WWW\hardphp\application\admin\controller\Roles.php ]
[ info ] [ LOG ] INIT File
---------------------------------------------------------------
[ 2019-10-22T16:45:44+08:00 ] 127.0.0.1 GET api.hardphp.com/uploads/images/20190322/41ef26c97b94a327562671abd56385a6.jpg
[运行时间：0.033000s] [吞吐率：30.30req/s] [内存消耗：1,769.02kb] [文件加载：56]
[ info ] [ LANG ] D:\phpStudy2016\WWW\hardphp\thinkphp\lang\zh-cn.php
[ info ] [ ROUTE ] array (
  'type' => 'module',
  'module' => 
  array (
    0 => 'uploads',
    1 => 'images',
    2 => '20190322',
  ),
)
[ info ] [ HEADER ] array (
  'host' => 'api.hardphp.com',
  'connection' => 'keep-alive',
  'user-agent' => 'Mozilla/5.0 (Windows NT 6.1; Win64; x64) AppleWebKit/537.36 (KHTML, like Gecko) Chrome/74.0.3729.131 Safari/537.36',
  'accept' => 'image/webp,image/apng,image/*,*/*;q=0.8',
  'referer' => 'http://localhost:8080/',
  'accept-encoding' => 'gzip, deflate',
  'accept-language' => 'zh-CN,zh;q=0.9',
)
[ info ] [ PARAM ] array (
)
[ info ] [ LOG ] INIT File
---------------------------------------------------------------
[ 2019-10-22T16:45:45+08:00 ] 127.0.0.1 POST api.hardphp.com/index.php/admin/rules/getLists
[运行时间：0.119000s] [吞吐率：8.40req/s] [内存消耗：3,376.38kb] [文件加载：78]
[ info ] [ LANG ] D:\phpStudy2016\WWW\hardphp\thinkphp\lang\zh-cn.php
[ info ] [ ROUTE ] array (
  'type' => 'module',
  'module' => 
  array (
    0 => 'admin',
    1 => 'rules',
    2 => 'getLists',
  ),
)
[ info ] [ HEADER ] array (
  'x-forwarded-host' => 'localhost:8080',
  'x-forwarded-proto' => 'http',
  'x-forwarded-port' => '8080',
  'x-forwarded-for' => '127.0.0.1',
  'cookie' => 'sidebarStatus=0; Admin-Token=3CAA07DF265F06E452F5CA2804140B8CMDAwMDAwMDAwML6Mna-FqrqSib2cgMOHoIC7o36CkY6xfLjQzqGGZIXVuGadr4u5um-LunZ_w4efabGmjmWDo3-gu5SsqIhkp6vHZJ3Ynau-moXTqGG4nZSnyX-ohIONk4a7qbuyiIiJz8mJZqmLt6qImtBxpbOHoIjGkIKjkWuxgrO3rKiBd6uaxYhzvYbOvqGQlmGBuZ2gjbZpgn-CaouxuM60spVljJm9nn-8ibShdg',
  'accept-language' => 'zh-CN,zh;q=0.9',
  'accept-encoding' => 'gzip, deflate, br',
  'referer' => 'http://localhost:8080/',
  'content-type' => 'application/x-www-form-urlencoded;charset=UTF-8',
  'x-access-appid' => 'ty9fd2848a039ab554',
  'user-agent' => 'Mozilla/5.0 (Windows NT 6.1; Win64; x64) AppleWebKit/537.36 (KHTML, like Gecko) Chrome/74.0.3729.131 Safari/537.36',
  'x-access-token' => '3CAA07DF265F06E452F5CA2804140B8CMDAwMDAwMDAwML6Mna-FqrqSib2cgMOHoIC7o36CkY6xfLjQzqGGZIXVuGadr4u5um-LunZ_w4efabGmjmWDo3-gu5SsqIhkp6vHZJ3Ynau-moXTqGG4nZSnyX-ohIONk4a7qbuyiIiJz8mJZqmLt6qImtBxpbOHoIjGkIKjkWuxgrO3rKiBd6uaxYhzvYbOvqGQlmGBuZ2gjbZpgn-CaouxuM60spVljJm9nn-8ibShdg',
  'origin' => 'http://localhost:8080',
  'accept' => 'application/json, text/plain, */*',
  'content-length' => '42',
  'connection' => 'close',
  'host' => 'api.hardphp.com',
)
[ info ] [ PARAM ] array (
  'signature' => '37d7b5e3d72e32c75290100a102e0eb7',
)
[ info ] [ DB ] INIT mysql
[ info ] [ RUN ] app\admin\controller\Rules->getLists[ D:\phpStudy2016\WWW\hardphp\application\admin\controller\Rules.php ]
[ info ] [ LOG ] INIT File
---------------------------------------------------------------
[ 2019-10-22T16:45:45+08:00 ] 127.0.0.1 POST api.hardphp.com/index.php/admin/roles/index
[运行时间：0.132000s] [吞吐率：7.58req/s] [内存消耗：3,458.48kb] [文件加载：80]
[ info ] [ LANG ] D:\phpStudy2016\WWW\hardphp\thinkphp\lang\zh-cn.php
[ info ] [ ROUTE ] array (
  'type' => 'module',
  'module' => 
  array (
    0 => 'admin',
    1 => 'roles',
    2 => 'index',
  ),
)
[ info ] [ HEADER ] array (
  'x-forwarded-host' => 'localhost:8080',
  'x-forwarded-proto' => 'http',
  'x-forwarded-port' => '8080',
  'x-forwarded-for' => '127.0.0.1',
  'cookie' => 'sidebarStatus=0; Admin-Token=3CAA07DF265F06E452F5CA2804140B8CMDAwMDAwMDAwML6Mna-FqrqSib2cgMOHoIC7o36CkY6xfLjQzqGGZIXVuGadr4u5um-LunZ_w4efabGmjmWDo3-gu5SsqIhkp6vHZJ3Ynau-moXTqGG4nZSnyX-ohIONk4a7qbuyiIiJz8mJZqmLt6qImtBxpbOHoIjGkIKjkWuxgrO3rKiBd6uaxYhzvYbOvqGQlmGBuZ2gjbZpgn-CaouxuM60spVljJm9nn-8ibShdg',
  'accept-language' => 'zh-CN,zh;q=0.9',
  'accept-encoding' => 'gzip, deflate, br',
  'referer' => 'http://localhost:8080/',
  'content-type' => 'application/x-www-form-urlencoded;charset=UTF-8',
  'x-access-appid' => 'ty9fd2848a039ab554',
  'user-agent' => 'Mozilla/5.0 (Windows NT 6.1; Win64; x64) AppleWebKit/537.36 (KHTML, like Gecko) Chrome/74.0.3729.131 Safari/537.36',
  'x-access-token' => '3CAA07DF265F06E452F5CA2804140B8CMDAwMDAwMDAwML6Mna-FqrqSib2cgMOHoIC7o36CkY6xfLjQzqGGZIXVuGadr4u5um-LunZ_w4efabGmjmWDo3-gu5SsqIhkp6vHZJ3Ynau-moXTqGG4nZSnyX-ohIONk4a7qbuyiIiJz8mJZqmLt6qImtBxpbOHoIjGkIKjkWuxgrO3rKiBd6uaxYhzvYbOvqGQlmGBuZ2gjbZpgn-CaouxuM60spVljJm9nn-8ibShdg',
  'origin' => 'http://localhost:8080',
  'accept' => 'application/json, text/plain, */*',
  'content-length' => '75',
  'connection' => 'close',
  'host' => 'api.hardphp.com',
)
[ info ] [ PARAM ] array (
  'page' => '1',
  'psize' => '10',
  'status' => '-1',
  'title' => '',
  'signature' => '39abfe8063320a276268531c5b5cdb25',
)
[ info ] [ DB ] INIT mysql
[ info ] [ RUN ] app\admin\controller\Roles->index[ D:\phpStudy2016\WWW\hardphp\application\admin\controller\Roles.php ]
[ info ] [ LOG ] INIT File
---------------------------------------------------------------
[ 2019-10-22T16:45:46+08:00 ] 127.0.0.1 POST api.hardphp.com/index.php/admin/rules/index
[运行时间：0.104000s] [吞吐率：9.62req/s] [内存消耗：3,374.31kb] [文件加载：77]
[ info ] [ LANG ] D:\phpStudy2016\WWW\hardphp\thinkphp\lang\zh-cn.php
[ info ] [ ROUTE ] array (
  'type' => 'module',
  'module' => 
  array (
    0 => 'admin',
    1 => 'rules',
    2 => 'index',
  ),
)
[ info ] [ HEADER ] array (
  'x-forwarded-host' => 'localhost:8080',
  'x-forwarded-proto' => 'http',
  'x-forwarded-port' => '8080',
  'x-forwarded-for' => '127.0.0.1',
  'cookie' => 'sidebarStatus=0; Admin-Token=3CAA07DF265F06E452F5CA2804140B8CMDAwMDAwMDAwML6Mna-FqrqSib2cgMOHoIC7o36CkY6xfLjQzqGGZIXVuGadr4u5um-LunZ_w4efabGmjmWDo3-gu5SsqIhkp6vHZJ3Ynau-moXTqGG4nZSnyX-ohIONk4a7qbuyiIiJz8mJZqmLt6qImtBxpbOHoIjGkIKjkWuxgrO3rKiBd6uaxYhzvYbOvqGQlmGBuZ2gjbZpgn-CaouxuM60spVljJm9nn-8ibShdg',
  'accept-language' => 'zh-CN,zh;q=0.9',
  'accept-encoding' => 'gzip, deflate, br',
  'referer' => 'http://localhost:8080/',
  'content-type' => 'application/x-www-form-urlencoded;charset=UTF-8',
  'x-access-appid' => 'ty9fd2848a039ab554',
  'user-agent' => 'Mozilla/5.0 (Windows NT 6.1; Win64; x64) AppleWebKit/537.36 (KHTML, like Gecko) Chrome/74.0.3729.131 Safari/537.36',
  'x-access-token' => '3CAA07DF265F06E452F5CA2804140B8CMDAwMDAwMDAwML6Mna-FqrqSib2cgMOHoIC7o36CkY6xfLjQzqGGZIXVuGadr4u5um-LunZ_w4efabGmjmWDo3-gu5SsqIhkp6vHZJ3Ynau-moXTqGG4nZSnyX-ohIONk4a7qbuyiIiJz8mJZqmLt6qImtBxpbOHoIjGkIKjkWuxgrO3rKiBd6uaxYhzvYbOvqGQlmGBuZ2gjbZpgn-CaouxuM60spVljJm9nn-8ibShdg',
  'origin' => 'http://localhost:8080',
  'accept' => 'application/json, text/plain, */*',
  'content-length' => '59',
  'connection' => 'close',
  'host' => 'api.hardphp.com',
)
[ info ] [ PARAM ] array (
  'status' => '-1',
  'title' => '',
  'signature' => '0ee39f2f82c238924d13515b7fcccdf2',
)
[ info ] [ DB ] INIT mysql
[ info ] [ RUN ] app\admin\controller\Rules->index[ D:\phpStudy2016\WWW\hardphp\application\admin\controller\Rules.php ]
[ info ] [ LOG ] INIT File
---------------------------------------------------------------
[ 2019-10-22T16:46:10+08:00 ] 127.0.0.1 POST api.hardphp.com/index.php/admin/log/index
[运行时间：0.151000s] [吞吐率：6.62req/s] [内存消耗：3,422.84kb] [文件加载：80]
[ info ] [ LANG ] D:\phpStudy2016\WWW\hardphp\thinkphp\lang\zh-cn.php
[ info ] [ ROUTE ] array (
  'type' => 'module',
  'module' => 
  array (
    0 => 'admin',
    1 => 'log',
    2 => 'index',
  ),
)
[ info ] [ HEADER ] array (
  'x-forwarded-host' => 'localhost:8080',
  'x-forwarded-proto' => 'http',
  'x-forwarded-port' => '8080',
  'x-forwarded-for' => '127.0.0.1',
  'cookie' => 'sidebarStatus=0; Admin-Token=3CAA07DF265F06E452F5CA2804140B8CMDAwMDAwMDAwML6Mna-FqrqSib2cgMOHoIC7o36CkY6xfLjQzqGGZIXVuGadr4u5um-LunZ_w4efabGmjmWDo3-gu5SsqIhkp6vHZJ3Ynau-moXTqGG4nZSnyX-ohIONk4a7qbuyiIiJz8mJZqmLt6qImtBxpbOHoIjGkIKjkWuxgrO3rKiBd6uaxYhzvYbOvqGQlmGBuZ2gjbZpgn-CaouxuM60spVljJm9nn-8ibShdg',
  'accept-language' => 'zh-CN,zh;q=0.9',
  'accept-encoding' => 'gzip, deflate, br',
  'referer' => 'http://localhost:8080/',
  'content-type' => 'application/x-www-form-urlencoded;charset=UTF-8',
  'x-access-appid' => 'ty9fd2848a039ab554',
  'user-agent' => 'Mozilla/5.0 (Windows NT 6.1; Win64; x64) AppleWebKit/537.36 (KHTML, like Gecko) Chrome/74.0.3729.131 Safari/537.36',
  'x-access-token' => '3CAA07DF265F06E452F5CA2804140B8CMDAwMDAwMDAwML6Mna-FqrqSib2cgMOHoIC7o36CkY6xfLjQzqGGZIXVuGadr4u5um-LunZ_w4efabGmjmWDo3-gu5SsqIhkp6vHZJ3Ynau-moXTqGG4nZSnyX-ohIONk4a7qbuyiIiJz8mJZqmLt6qImtBxpbOHoIjGkIKjkWuxgrO3rKiBd6uaxYhzvYbOvqGQlmGBuZ2gjbZpgn-CaouxuM60spVljJm9nn-8ibShdg',
  'origin' => 'http://localhost:8080',
  'accept' => 'application/json, text/plain, */*',
  'content-length' => '102',
  'connection' => 'close',
  'host' => 'api.hardphp.com',
)
[ info ] [ PARAM ] array (
  'page' => '1',
  'psize' => '10',
  'uid' => '',
  'userName' => '',
  'loginIp' => '',
  'startTime' => '',
  'endTime' => '',
  'signature' => '08e1735cb5c347c5140ebe6d606befbc',
)
[ info ] [ DB ] INIT mysql
[ info ] [ RUN ] app\admin\controller\Log->index[ D:\phpStudy2016\WWW\hardphp\application\admin\controller\Log.php ]
[ info ] [ LOG ] INIT File
---------------------------------------------------------------
[ 2019-10-22T16:46:41+08:00 ] 127.0.0.1 POST api.hardphp.com/index.php/admin/admin/index
[运行时间：0.116000s] [吞吐率：8.62req/s] [内存消耗：3,501.48kb] [文件加载：80]
[ info ] [ LANG ] D:\phpStudy2016\WWW\hardphp\thinkphp\lang\zh-cn.php
[ info ] [ ROUTE ] array (
  'type' => 'module',
  'module' => 
  array (
    0 => 'admin',
    1 => 'admin',
    2 => 'index',
  ),
)
[ info ] [ HEADER ] array (
  'x-forwarded-host' => 'localhost:8080',
  'x-forwarded-proto' => 'http',
  'x-forwarded-port' => '8080',
  'x-forwarded-for' => '127.0.0.1',
  'cookie' => 'sidebarStatus=0; Admin-Token=3CAA07DF265F06E452F5CA2804140B8CMDAwMDAwMDAwML6Mna-FqrqSib2cgMOHoIC7o36CkY6xfLjQzqGGZIXVuGadr4u5um-LunZ_w4efabGmjmWDo3-gu5SsqIhkp6vHZJ3Ynau-moXTqGG4nZSnyX-ohIONk4a7qbuyiIiJz8mJZqmLt6qImtBxpbOHoIjGkIKjkWuxgrO3rKiBd6uaxYhzvYbOvqGQlmGBuZ2gjbZpgn-CaouxuM60spVljJm9nn-8ibShdg',
  'accept-language' => 'zh-CN,zh;q=0.9',
  'accept-encoding' => 'gzip, deflate, br',
  'referer' => 'http://localhost:8080/',
  'content-type' => 'application/x-www-form-urlencoded;charset=UTF-8',
  'x-access-appid' => 'ty9fd2848a039ab554',
  'user-agent' => 'Mozilla/5.0 (Windows NT 6.1; Win64; x64) AppleWebKit/537.36 (KHTML, like Gecko) Chrome/74.0.3729.131 Safari/537.36',
  'x-access-token' => '3CAA07DF265F06E452F5CA2804140B8CMDAwMDAwMDAwML6Mna-FqrqSib2cgMOHoIC7o36CkY6xfLjQzqGGZIXVuGadr4u5um-LunZ_w4efabGmjmWDo3-gu5SsqIhkp6vHZJ3Ynau-moXTqGG4nZSnyX-ohIONk4a7qbuyiIiJz8mJZqmLt6qImtBxpbOHoIjGkIKjkWuxgrO3rKiBd6uaxYhzvYbOvqGQlmGBuZ2gjbZpgn-CaouxuM60spVljJm9nn-8ibShdg',
  'origin' => 'http://localhost:8080',
  'accept' => 'application/json, text/plain, */*',
  'content-length' => '118',
  'connection' => 'close',
  'host' => 'api.hardphp.com',
)
[ info ] [ PARAM ] array (
  'page' => '1',
  'psize' => '10',
  'isEnabled' => '-1',
  'userName' => '',
  'phone' => '',
  'realName' => '',
  'startTime' => '',
  'endTime' => '',
  'signature' => '36e567fc90c3e99571ddf6e9781c00e7',
)
[ info ] [ DB ] INIT mysql
[ info ] [ RUN ] app\admin\controller\Admin->index[ D:\phpStudy2016\WWW\hardphp\application\admin\controller\Admin.php ]
[ info ] [ LOG ] INIT File
---------------------------------------------------------------
[ 2019-10-22T16:46:41+08:00 ] 127.0.0.1 POST api.hardphp.com/index.php/admin/roles/getLists
[运行时间：0.124000s] [吞吐率：8.06req/s] [内存消耗：3,455.91kb] [文件加载：80]
[ info ] [ LANG ] D:\phpStudy2016\WWW\hardphp\thinkphp\lang\zh-cn.php
[ info ] [ ROUTE ] array (
  'type' => 'module',
  'module' => 
  array (
    0 => 'admin',
    1 => 'roles',
    2 => 'getLists',
  ),
)
[ info ] [ HEADER ] array (
  'x-forwarded-host' => 'localhost:8080',
  'x-forwarded-proto' => 'http',
  'x-forwarded-port' => '8080',
  'x-forwarded-for' => '127.0.0.1',
  'cookie' => 'sidebarStatus=0; Admin-Token=3CAA07DF265F06E452F5CA2804140B8CMDAwMDAwMDAwML6Mna-FqrqSib2cgMOHoIC7o36CkY6xfLjQzqGGZIXVuGadr4u5um-LunZ_w4efabGmjmWDo3-gu5SsqIhkp6vHZJ3Ynau-moXTqGG4nZSnyX-ohIONk4a7qbuyiIiJz8mJZqmLt6qImtBxpbOHoIjGkIKjkWuxgrO3rKiBd6uaxYhzvYbOvqGQlmGBuZ2gjbZpgn-CaouxuM60spVljJm9nn-8ibShdg',
  'accept-language' => 'zh-CN,zh;q=0.9',
  'accept-encoding' => 'gzip, deflate, br',
  'referer' => 'http://localhost:8080/',
  'content-type' => 'application/x-www-form-urlencoded;charset=UTF-8',
  'x-access-appid' => 'ty9fd2848a039ab554',
  'user-agent' => 'Mozilla/5.0 (Windows NT 6.1; Win64; x64) AppleWebKit/537.36 (KHTML, like Gecko) Chrome/74.0.3729.131 Safari/537.36',
  'x-access-token' => '3CAA07DF265F06E452F5CA2804140B8CMDAwMDAwMDAwML6Mna-FqrqSib2cgMOHoIC7o36CkY6xfLjQzqGGZIXVuGadr4u5um-LunZ_w4efabGmjmWDo3-gu5SsqIhkp6vHZJ3Ynau-moXTqGG4nZSnyX-ohIONk4a7qbuyiIiJz8mJZqmLt6qImtBxpbOHoIjGkIKjkWuxgrO3rKiBd6uaxYhzvYbOvqGQlmGBuZ2gjbZpgn-CaouxuM60spVljJm9nn-8ibShdg',
  'origin' => 'http://localhost:8080',
  'accept' => 'application/json, text/plain, */*',
  'content-length' => '42',
  'connection' => 'close',
  'host' => 'api.hardphp.com',
)
[ info ] [ PARAM ] array (
  'signature' => '37d7b5e3d72e32c75290100a102e0eb7',
)
[ info ] [ DB ] INIT mysql
[ info ] [ RUN ] app\admin\controller\Roles->getLists[ D:\phpStudy2016\WWW\hardphp\application\admin\controller\Roles.php ]
[ info ] [ LOG ] INIT File
---------------------------------------------------------------
[ 2019-10-22T16:46:41+08:00 ] 127.0.0.1 GET api.hardphp.com/uploads/images/20190322/41ef26c97b94a327562671abd56385a6.jpg
[运行时间：0.036000s] [吞吐率：27.78req/s] [内存消耗：1,769.02kb] [文件加载：56]
[ info ] [ LANG ] D:\phpStudy2016\WWW\hardphp\thinkphp\lang\zh-cn.php
[ info ] [ ROUTE ] array (
  'type' => 'module',
  'module' => 
  array (
    0 => 'uploads',
    1 => 'images',
    2 => '20190322',
  ),
)
[ info ] [ HEADER ] array (
  'host' => 'api.hardphp.com',
  'connection' => 'keep-alive',
  'user-agent' => 'Mozilla/5.0 (Windows NT 6.1; Win64; x64) AppleWebKit/537.36 (KHTML, like Gecko) Chrome/74.0.3729.131 Safari/537.36',
  'accept' => 'image/webp,image/apng,image/*,*/*;q=0.8',
  'referer' => 'http://localhost:8080/',
  'accept-encoding' => 'gzip, deflate',
  'accept-language' => 'zh-CN,zh;q=0.9',
)
[ info ] [ PARAM ] array (
)
[ info ] [ LOG ] INIT File
---------------------------------------------------------------
[ 2019-10-22T16:46:50+08:00 ] 127.0.0.1 POST api.hardphp.com/index.php/admin/log/index
[运行时间：0.111000s] [吞吐率：9.01req/s] [内存消耗：3,422.84kb] [文件加载：80]
[ info ] [ LANG ] D:\phpStudy2016\WWW\hardphp\thinkphp\lang\zh-cn.php
[ info ] [ ROUTE ] array (
  'type' => 'module',
  'module' => 
  array (
    0 => 'admin',
    1 => 'log',
    2 => 'index',
  ),
)
[ info ] [ HEADER ] array (
  'x-forwarded-host' => 'localhost:8080',
  'x-forwarded-proto' => 'http',
  'x-forwarded-port' => '8080',
  'x-forwarded-for' => '127.0.0.1',
  'cookie' => 'sidebarStatus=0; Admin-Token=3CAA07DF265F06E452F5CA2804140B8CMDAwMDAwMDAwML6Mna-FqrqSib2cgMOHoIC7o36CkY6xfLjQzqGGZIXVuGadr4u5um-LunZ_w4efabGmjmWDo3-gu5SsqIhkp6vHZJ3Ynau-moXTqGG4nZSnyX-ohIONk4a7qbuyiIiJz8mJZqmLt6qImtBxpbOHoIjGkIKjkWuxgrO3rKiBd6uaxYhzvYbOvqGQlmGBuZ2gjbZpgn-CaouxuM60spVljJm9nn-8ibShdg',
  'accept-language' => 'zh-CN,zh;q=0.9',
  'accept-encoding' => 'gzip, deflate, br',
  'referer' => 'http://localhost:8080/',
  'content-type' => 'application/x-www-form-urlencoded;charset=UTF-8',
  'x-access-appid' => 'ty9fd2848a039ab554',
  'user-agent' => 'Mozilla/5.0 (Windows NT 6.1; Win64; x64) AppleWebKit/537.36 (KHTML, like Gecko) Chrome/74.0.3729.131 Safari/537.36',
  'x-access-token' => '3CAA07DF265F06E452F5CA2804140B8CMDAwMDAwMDAwML6Mna-FqrqSib2cgMOHoIC7o36CkY6xfLjQzqGGZIXVuGadr4u5um-LunZ_w4efabGmjmWDo3-gu5SsqIhkp6vHZJ3Ynau-moXTqGG4nZSnyX-ohIONk4a7qbuyiIiJz8mJZqmLt6qImtBxpbOHoIjGkIKjkWuxgrO3rKiBd6uaxYhzvYbOvqGQlmGBuZ2gjbZpgn-CaouxuM60spVljJm9nn-8ibShdg',
  'origin' => 'http://localhost:8080',
  'accept' => 'application/json, text/plain, */*',
  'content-length' => '102',
  'connection' => 'close',
  'host' => 'api.hardphp.com',
)
[ info ] [ PARAM ] array (
  'page' => '1',
  'psize' => '10',
  'uid' => '',
  'userName' => '',
  'loginIp' => '',
  'startTime' => '',
  'endTime' => '',
  'signature' => '08e1735cb5c347c5140ebe6d606befbc',
)
[ info ] [ DB ] INIT mysql
[ info ] [ RUN ] app\admin\controller\Log->index[ D:\phpStudy2016\WWW\hardphp\application\admin\controller\Log.php ]
[ info ] [ LOG ] INIT File
