---------------------------------------------------------------
[ 2019-10-22T13:56:13+08:00 ] 127.0.0.1 POST api.hardphp.com/index.php/admin/login/index
[ sql ] [ DB ] CONNECT:[ UseTime:0.029000s ] mysql:host=127.0.0.1;dbname=tp5qpi;charset=utf8
[ sql ] [ SQL ] SHOW COLUMNS FROM `tp_app` [ RunTime:0.008000s ]
[ sql ] [ SQL ] SELECT * FROM `tp_app` WHERE  `appId` = 'ty9fd2848a039ab554' LIMIT 1 [ RunTime:0.001000s ]
[ sql ] [ SQL ] SHOW COLUMNS FROM `tp_admin` [ RunTime:0.007000s ]
[ sql ] [ SQL ] SELECT `a`.*,`b`.`title` FROM `tp_admin` `a` LEFT JOIN `tp_auth_group` `b` ON `a`.`groupId`=`b`.`id` WHERE  `userName` = 'admin' LIMIT 1 [ RunTime:0.002000s ]
---------------------------------------------------------------
[ 2019-10-22T13:56:17+08:00 ] 127.0.0.1 POST api.hardphp.com/index.php/admin/login/index
[ sql ] [ DB ] CONNECT:[ UseTime:0.010000s ] mysql:host=127.0.0.1;dbname=tp5qpi;charset=utf8
[ sql ] [ SQL ] SHOW COLUMNS FROM `tp_app` [ RunTime:0.007000s ]
[ sql ] [ SQL ] SELECT * FROM `tp_app` WHERE  `appId` = 'ty9fd2848a039ab554' LIMIT 1 [ RunTime:0.001000s ]
[ sql ] [ SQL ] SHOW COLUMNS FROM `tp_admin` [ RunTime:0.008000s ]
[ sql ] [ SQL ] SELECT `a`.*,`b`.`title` FROM `tp_admin` `a` LEFT JOIN `tp_auth_group` `b` ON `a`.`groupId`=`b`.`id` WHERE  `userName` = 'admin' LIMIT 1 [ RunTime:0.001000s ]
---------------------------------------------------------------
[ 2019-10-22T13:56:49+08:00 ] 127.0.0.1 POST api.hardphp.com/index.php/admin/login/index
[ sql ] [ DB ] CONNECT:[ UseTime:0.010000s ] mysql:host=127.0.0.1;dbname=tp5qpi;charset=utf8
[ sql ] [ SQL ] SHOW COLUMNS FROM `tp_app` [ RunTime:0.007000s ]
[ sql ] [ SQL ] SELECT * FROM `tp_app` WHERE  `appId` = 'ty9fd2848a039ab554' LIMIT 1 [ RunTime:0.001000s ]
[ sql ] [ SQL ] SHOW COLUMNS FROM `tp_admin` [ RunTime:0.007000s ]
[ sql ] [ SQL ] SELECT `a`.*,`b`.`title` FROM `tp_admin` `a` LEFT JOIN `tp_auth_group` `b` ON `a`.`groupId`=`b`.`id` WHERE  `userName` = 'admin' LIMIT 1 [ RunTime:0.001000s ]
---------------------------------------------------------------
[ 2019-10-22T14:02:01+08:00 ] 127.0.0.1 POST api.hardphp.com/index.php/admin/login/index
[ sql ] [ DB ] CONNECT:[ UseTime:0.002000s ] mysql:host=127.0.0.1;dbname=tp5qpi;charset=utf8
[ sql ] [ SQL ] SHOW COLUMNS FROM `tp_app` [ RunTime:0.009000s ]
[ sql ] [ SQL ] SELECT * FROM `tp_app` WHERE  `appId` = 'ty9fd2848a039ab554' LIMIT 1 [ RunTime:0.001000s ]
[ sql ] [ SQL ] SHOW COLUMNS FROM `tp_admin` [ RunTime:0.008000s ]
[ sql ] [ SQL ] SELECT `a`.*,`b`.`title` FROM `tp_admin` `a` LEFT JOIN `tp_auth_group` `b` ON `a`.`groupId`=`b`.`id` WHERE  `userName` = 'admin' LIMIT 1 [ RunTime:0.000000s ]
[ sql ] [ SQL ] SHOW COLUMNS FROM `tp_auth_group` [ RunTime:0.008000s ]
[ sql ] [ SQL ] SELECT * FROM `tp_auth_group` WHERE  `id` = 1 LIMIT 1 [ RunTime:0.000000s ]
[ sql ] [ SQL ] SHOW COLUMNS FROM `tp_login_log` [ RunTime:0.016000s ]
[ sql ] [ SQL ] INSERT INTO `tp_login_log` (`uid` , `userName` , `roles` , `loginTime` , `loginIp`) VALUES (1 , 'admin' , '超级管理员' , 1571724121 , '127.0.0.1') [ RunTime:0.029000s ]
[ sql ] [ SQL ] UPDATE `tp_admin`  SET `loginTime`=1571724121  WHERE  `id` = 1 [ RunTime:0.051000s ]
---------------------------------------------------------------
[ 2019-10-22T14:02:01+08:00 ] 127.0.0.1 POST api.hardphp.com/index.php/admin/admin/getuser
[ sql ] [ DB ] CONNECT:[ UseTime:0.001000s ] mysql:host=127.0.0.1;dbname=tp5qpi;charset=utf8
[ sql ] [ SQL ] SHOW COLUMNS FROM `tp_app` [ RunTime:0.007000s ]
[ sql ] [ SQL ] SELECT * FROM `tp_app` WHERE  `appId` = 'ty9fd2848a039ab554' LIMIT 1 [ RunTime:0.001000s ]
[ sql ] [ SQL ] SHOW COLUMNS FROM `tp_admin` [ RunTime:0.007000s ]
[ sql ] [ SQL ] SELECT * FROM `tp_admin` WHERE  `id` = 1 LIMIT 1 [ RunTime:0.000000s ]
[ sql ] [ SQL ] SHOW COLUMNS FROM `tp_auth_rule` [ RunTime:0.015000s ]
[ sql ] [ SQL ] SELECT * FROM `tp_auth_rule` WHERE  `name` = 'admin/admin/getuser' LIMIT 1 [ RunTime:0.001000s ]
[ sql ] [ SQL ] SHOW COLUMNS FROM `tp_auth_group` [ RunTime:0.007000s ]
[ sql ] [ SQL ] SELECT * FROM `tp_auth_group` WHERE  `id` = 1 LIMIT 1 [ RunTime:0.000000s ]
[ sql ] [ SQL ] SELECT * FROM `tp_auth_rule` WHERE  `id` IN (44,45,41,43,42,39,40,1,38,7,2)  AND `status` = 1 ORDER BY `sorts` [ RunTime:0.000000s ]
[ sql ] [ SQL ] SELECT * FROM `tp_auth_group` WHERE  `id` = 1 LIMIT 1 [ RunTime:0.001000s ]
---------------------------------------------------------------
[ 2019-10-22T14:02:10+08:00 ] 127.0.0.1 POST api.hardphp.com/index.php/admin/admin/index
[ sql ] [ DB ] CONNECT:[ UseTime:0.003000s ] mysql:host=127.0.0.1;dbname=tp5qpi;charset=utf8
[ sql ] [ SQL ] SHOW COLUMNS FROM `tp_app` [ RunTime:0.026000s ]
[ sql ] [ SQL ] SELECT * FROM `tp_app` WHERE  `appId` = 'ty9fd2848a039ab554' LIMIT 1 [ RunTime:0.001000s ]
[ sql ] [ SQL ] SHOW COLUMNS FROM `tp_admin` [ RunTime:0.011000s ]
[ sql ] [ SQL ] SELECT * FROM `tp_admin` WHERE  `id` = 1 LIMIT 1 [ RunTime:0.001000s ]
[ sql ] [ SQL ] SHOW COLUMNS FROM `tp_auth_rule` [ RunTime:0.011000s ]
[ sql ] [ SQL ] SELECT * FROM `tp_auth_rule` WHERE  `name` = 'admin/admin/index' LIMIT 1 [ RunTime:0.000000s ]
[ sql ] [ SQL ] SELECT `a`.*,`b`.`title` FROM `tp_admin` `a` LEFT JOIN `tp_auth_group` `b` ON `a`.`groupId`=`b`.`id` ORDER BY `a`.`id` DESC LIMIT 0,10 [ RunTime:0.000000s ]
[ sql ] [ SQL ] SELECT COUNT(*) AS tp_count FROM `tp_admin` `a` LEFT JOIN `tp_auth_group` `b` ON `a`.`groupId`=`b`.`id` LIMIT 1 [ RunTime:0.001000s ]
---------------------------------------------------------------
[ 2019-10-22T14:02:10+08:00 ] 127.0.0.1 POST api.hardphp.com/index.php/admin/roles/getLists
[ sql ] [ DB ] CONNECT:[ UseTime:0.004000s ] mysql:host=127.0.0.1;dbname=tp5qpi;charset=utf8
[ sql ] [ SQL ] SHOW COLUMNS FROM `tp_app` [ RunTime:0.026000s ]
[ sql ] [ SQL ] SELECT * FROM `tp_app` WHERE  `appId` = 'ty9fd2848a039ab554' LIMIT 1 [ RunTime:0.001000s ]
[ sql ] [ SQL ] SHOW COLUMNS FROM `tp_admin` [ RunTime:0.010000s ]
[ sql ] [ SQL ] SELECT * FROM `tp_admin` WHERE  `id` = 1 LIMIT 1 [ RunTime:0.000000s ]
[ sql ] [ SQL ] SHOW COLUMNS FROM `tp_auth_rule` [ RunTime:0.012000s ]
[ sql ] [ SQL ] SELECT * FROM `tp_auth_rule` WHERE  `name` = 'admin/roles/getlists' LIMIT 1 [ RunTime:0.001000s ]
[ sql ] [ SQL ] SHOW COLUMNS FROM `tp_auth_group` [ RunTime:0.008000s ]
[ sql ] [ SQL ] SELECT `a`.* FROM `tp_auth_group` `a` WHERE  (  1 and a.status =  1 ) ORDER BY `a`.`id` ASC [ RunTime:0.001000s ]
---------------------------------------------------------------
[ 2019-10-22T14:02:13+08:00 ] 127.0.0.1 POST api.hardphp.com/index.php/admin/rules/index
[ sql ] [ DB ] CONNECT:[ UseTime:0.002000s ] mysql:host=127.0.0.1;dbname=tp5qpi;charset=utf8
[ sql ] [ SQL ] SHOW COLUMNS FROM `tp_app` [ RunTime:0.008000s ]
[ sql ] [ SQL ] SELECT * FROM `tp_app` WHERE  `appId` = 'ty9fd2848a039ab554' LIMIT 1 [ RunTime:0.000000s ]
[ sql ] [ SQL ] SHOW COLUMNS FROM `tp_admin` [ RunTime:0.008000s ]
[ sql ] [ SQL ] SELECT * FROM `tp_admin` WHERE  `id` = 1 LIMIT 1 [ RunTime:0.001000s ]
[ sql ] [ SQL ] SHOW COLUMNS FROM `tp_auth_rule` [ RunTime:0.008000s ]
[ sql ] [ SQL ] SELECT * FROM `tp_auth_rule` WHERE  `name` = 'admin/rules/index' LIMIT 1 [ RunTime:0.001000s ]
[ sql ] [ SQL ] SELECT `a`.* FROM `tp_auth_rule` `a` [ RunTime:0.001000s ]
---------------------------------------------------------------
[ 2019-10-22T14:03:04+08:00 ] 127.0.0.1 POST api.hardphp.com/index.php/admin/login/index
[ sql ] [ DB ] CONNECT:[ UseTime:0.010000s ] mysql:host=127.0.0.1;dbname=tp5qpi;charset=utf8
[ sql ] [ SQL ] SHOW COLUMNS FROM `tp_app` [ RunTime:0.007000s ]
[ sql ] [ SQL ] SELECT * FROM `tp_app` WHERE  `appId` = 'ty9fd2848a039ab554' LIMIT 1 [ RunTime:0.001000s ]
[ sql ] [ SQL ] SHOW COLUMNS FROM `tp_admin` [ RunTime:0.007000s ]
[ sql ] [ SQL ] SELECT `a`.*,`b`.`title` FROM `tp_admin` `a` LEFT JOIN `tp_auth_group` `b` ON `a`.`groupId`=`b`.`id` WHERE  `userName` = 'admin' LIMIT 1 [ RunTime:0.000000s ]
[ sql ] [ SQL ] SHOW COLUMNS FROM `tp_auth_group` [ RunTime:0.008000s ]
[ sql ] [ SQL ] SELECT * FROM `tp_auth_group` WHERE  `id` = 1 LIMIT 1 [ RunTime:0.001000s ]
[ sql ] [ SQL ] SHOW COLUMNS FROM `tp_login_log` [ RunTime:0.006000s ]
[ sql ] [ SQL ] INSERT INTO `tp_login_log` (`uid` , `userName` , `roles` , `loginTime` , `loginIp`) VALUES (1 , 'admin' , '超级管理员' , 1571724184 , '127.0.0.1') [ RunTime:0.032000s ]
[ sql ] [ SQL ] UPDATE `tp_admin`  SET `loginTime`=1571724184  WHERE  `id` = 1 [ RunTime:0.112000s ]
---------------------------------------------------------------
[ 2019-10-22T14:03:05+08:00 ] 127.0.0.1 POST api.hardphp.com/index.php/admin/admin/getuser
[ sql ] [ DB ] CONNECT:[ UseTime:0.010000s ] mysql:host=127.0.0.1;dbname=tp5qpi;charset=utf8
[ sql ] [ SQL ] SHOW COLUMNS FROM `tp_app` [ RunTime:0.009000s ]
[ sql ] [ SQL ] SELECT * FROM `tp_app` WHERE  `appId` = 'ty9fd2848a039ab554' LIMIT 1 [ RunTime:0.001000s ]
[ sql ] [ SQL ] SHOW COLUMNS FROM `tp_admin` [ RunTime:0.007000s ]
[ sql ] [ SQL ] SELECT * FROM `tp_admin` WHERE  `id` = 1 LIMIT 1 [ RunTime:0.000000s ]
[ sql ] [ SQL ] SHOW COLUMNS FROM `tp_auth_rule` [ RunTime:0.008000s ]
[ sql ] [ SQL ] SELECT * FROM `tp_auth_rule` WHERE  `name` = 'admin/admin/getuser' LIMIT 1 [ RunTime:0.000000s ]
[ sql ] [ SQL ] SHOW COLUMNS FROM `tp_auth_group` [ RunTime:0.009000s ]
[ sql ] [ SQL ] SELECT * FROM `tp_auth_group` WHERE  `id` = 1 LIMIT 1 [ RunTime:0.000000s ]
[ sql ] [ SQL ] SELECT * FROM `tp_auth_rule` WHERE  `id` IN (44,45,41,43,42,39,40,1,38,7,2)  AND `status` = 1 ORDER BY `sorts` [ RunTime:0.001000s ]
[ sql ] [ SQL ] SELECT * FROM `tp_auth_group` WHERE  `id` = 1 LIMIT 1 [ RunTime:0.000000s ]
---------------------------------------------------------------
[ 2019-10-22T14:03:05+08:00 ] 127.0.0.1 POST api.hardphp.com/index.php/admin/rules/index
[ sql ] [ DB ] CONNECT:[ UseTime:0.001000s ] mysql:host=127.0.0.1;dbname=tp5qpi;charset=utf8
[ sql ] [ SQL ] SHOW COLUMNS FROM `tp_app` [ RunTime:0.016000s ]
[ sql ] [ SQL ] SELECT * FROM `tp_app` WHERE  `appId` = 'ty9fd2848a039ab554' LIMIT 1 [ RunTime:0.001000s ]
[ sql ] [ SQL ] SHOW COLUMNS FROM `tp_admin` [ RunTime:0.012000s ]
[ sql ] [ SQL ] SELECT * FROM `tp_admin` WHERE  `id` = 1 LIMIT 1 [ RunTime:0.001000s ]
[ sql ] [ SQL ] SHOW COLUMNS FROM `tp_auth_rule` [ RunTime:0.014000s ]
[ sql ] [ SQL ] SELECT * FROM `tp_auth_rule` WHERE  `name` = 'admin/rules/index' LIMIT 1 [ RunTime:0.001000s ]
[ sql ] [ SQL ] SELECT `a`.* FROM `tp_auth_rule` `a` [ RunTime:0.001000s ]
---------------------------------------------------------------
[ 2019-10-22T14:03:56+08:00 ] 127.0.0.1 POST api.hardphp.com/index.php/admin/login/index
[ sql ] [ DB ] CONNECT:[ UseTime:0.001000s ] mysql:host=127.0.0.1;dbname=tp5qpi;charset=utf8
[ sql ] [ SQL ] SHOW COLUMNS FROM `tp_app` [ RunTime:0.006000s ]
[ sql ] [ SQL ] SELECT * FROM `tp_app` WHERE  `appId` = 'ty9fd2848a039ab554' LIMIT 1 [ RunTime:0.000000s ]
[ sql ] [ SQL ] SHOW COLUMNS FROM `tp_admin` [ RunTime:0.007000s ]
[ sql ] [ SQL ] SELECT `a`.*,`b`.`title` FROM `tp_admin` `a` LEFT JOIN `tp_auth_group` `b` ON `a`.`groupId`=`b`.`id` WHERE  `userName` = 'admin' LIMIT 1 [ RunTime:0.000000s ]
---------------------------------------------------------------
[ 2019-10-22T14:04:16+08:00 ] 127.0.0.1 POST api.hardphp.com/index.php/admin/login/index
[ sql ] [ DB ] CONNECT:[ UseTime:0.001000s ] mysql:host=127.0.0.1;dbname=tp5qpi;charset=utf8
[ sql ] [ SQL ] SHOW COLUMNS FROM `tp_app` [ RunTime:0.007000s ]
[ sql ] [ SQL ] SELECT * FROM `tp_app` WHERE  `appId` = 'ty9fd2848a039ab554' LIMIT 1 [ RunTime:0.000000s ]
[ sql ] [ SQL ] SHOW COLUMNS FROM `tp_admin` [ RunTime:0.007000s ]
[ sql ] [ SQL ] SELECT `a`.*,`b`.`title` FROM `tp_admin` `a` LEFT JOIN `tp_auth_group` `b` ON `a`.`groupId`=`b`.`id` WHERE  `userName` = 'admin' LIMIT 1 [ RunTime:0.000000s ]
[ sql ] [ SQL ] SHOW COLUMNS FROM `tp_auth_group` [ RunTime:0.007000s ]
[ sql ] [ SQL ] SELECT * FROM `tp_auth_group` WHERE  `id` = 1 LIMIT 1 [ RunTime:0.001000s ]
[ sql ] [ SQL ] SHOW COLUMNS FROM `tp_login_log` [ RunTime:0.006000s ]
[ sql ] [ SQL ] INSERT INTO `tp_login_log` (`uid` , `userName` , `roles` , `loginTime` , `loginIp`) VALUES (1 , 'admin' , '超级管理员' , 1571724256 , '127.0.0.1') [ RunTime:0.033000s ]
[ sql ] [ SQL ] UPDATE `tp_admin`  SET `loginTime`=1571724256  WHERE  `id` = 1 [ RunTime:0.028000s ]
---------------------------------------------------------------
[ 2019-10-22T14:04:16+08:00 ] 127.0.0.1 POST api.hardphp.com/index.php/admin/admin/getuser
[ sql ] [ DB ] CONNECT:[ UseTime:0.001000s ] mysql:host=127.0.0.1;dbname=tp5qpi;charset=utf8
[ sql ] [ SQL ] SHOW COLUMNS FROM `tp_app` [ RunTime:0.007000s ]
[ sql ] [ SQL ] SELECT * FROM `tp_app` WHERE  `appId` = 'ty9fd2848a039ab554' LIMIT 1 [ RunTime:0.000000s ]
[ sql ] [ SQL ] SHOW COLUMNS FROM `tp_admin` [ RunTime:0.009000s ]
[ sql ] [ SQL ] SELECT * FROM `tp_admin` WHERE  `id` = 1 LIMIT 1 [ RunTime:0.001000s ]
[ sql ] [ SQL ] SHOW COLUMNS FROM `tp_auth_rule` [ RunTime:0.008000s ]
[ sql ] [ SQL ] SELECT * FROM `tp_auth_rule` WHERE  `name` = 'admin/admin/getuser' LIMIT 1 [ RunTime:0.000000s ]
[ sql ] [ SQL ] SHOW COLUMNS FROM `tp_auth_group` [ RunTime:0.007000s ]
[ sql ] [ SQL ] SELECT * FROM `tp_auth_group` WHERE  `id` = 1 LIMIT 1 [ RunTime:0.001000s ]
[ sql ] [ SQL ] SELECT * FROM `tp_auth_rule` WHERE  `id` IN (44,45,41,43,42,39,40,1,38,7,2)  AND `status` = 1 ORDER BY `sorts` [ RunTime:0.001000s ]
[ sql ] [ SQL ] SELECT * FROM `tp_auth_group` WHERE  `id` = 1 LIMIT 1 [ RunTime:0.001000s ]
---------------------------------------------------------------
[ 2019-10-22T14:04:16+08:00 ] 127.0.0.1 POST api.hardphp.com/index.php/admin/rules/index
[ sql ] [ DB ] CONNECT:[ UseTime:0.023000s ] mysql:host=127.0.0.1;dbname=tp5qpi;charset=utf8
[ sql ] [ SQL ] SHOW COLUMNS FROM `tp_app` [ RunTime:0.007000s ]
[ sql ] [ SQL ] SELECT * FROM `tp_app` WHERE  `appId` = 'ty9fd2848a039ab554' LIMIT 1 [ RunTime:0.000000s ]
[ sql ] [ SQL ] SHOW COLUMNS FROM `tp_admin` [ RunTime:0.007000s ]
[ sql ] [ SQL ] SELECT * FROM `tp_admin` WHERE  `id` = 1 LIMIT 1 [ RunTime:0.000000s ]
[ sql ] [ SQL ] SHOW COLUMNS FROM `tp_auth_rule` [ RunTime:0.008000s ]
[ sql ] [ SQL ] SELECT * FROM `tp_auth_rule` WHERE  `name` = 'admin/rules/index' LIMIT 1 [ RunTime:0.001000s ]
[ sql ] [ SQL ] SELECT `a`.* FROM `tp_auth_rule` `a` [ RunTime:0.001000s ]
---------------------------------------------------------------
[ 2019-10-22T16:45:18+08:00 ] 127.0.0.1 GET api.hardphp.com/index.php/admin/rules/getinfo?id=1&signature=e7fef94a760055ebd2eccdd1e036cecc
[ sql ] [ DB ] CONNECT:[ UseTime:0.001000s ] mysql:host=127.0.0.1;dbname=tp5qpi;charset=utf8
[ sql ] [ SQL ] SHOW COLUMNS FROM `tp_app` [ RunTime:0.007000s ]
[ sql ] [ SQL ] SELECT * FROM `tp_app` WHERE  `appId` = 'ty9fd2848a039ab554' LIMIT 1 [ RunTime:0.000000s ]
[ sql ] [ SQL ] SHOW COLUMNS FROM `tp_admin` [ RunTime:0.008000s ]
[ sql ] [ SQL ] SELECT * FROM `tp_admin` WHERE  `id` = 1 LIMIT 1 [ RunTime:0.000000s ]
[ sql ] [ SQL ] SHOW COLUMNS FROM `tp_auth_rule` [ RunTime:0.008000s ]
[ sql ] [ SQL ] SELECT * FROM `tp_auth_rule` WHERE  `name` = 'admin/rules/getinfo' LIMIT 1 [ RunTime:0.001000s ]
[ sql ] [ SQL ] SELECT * FROM `tp_auth_rule` WHERE  `id` = 1 LIMIT 1 [ RunTime:0.000000s ]
---------------------------------------------------------------
[ 2019-10-22T16:45:26+08:00 ] 127.0.0.1 POST api.hardphp.com/index.php/admin/roles/index
[ sql ] [ DB ] CONNECT:[ UseTime:0.001000s ] mysql:host=127.0.0.1;dbname=tp5qpi;charset=utf8
[ sql ] [ SQL ] SHOW COLUMNS FROM `tp_app` [ RunTime:0.007000s ]
[ sql ] [ SQL ] SELECT * FROM `tp_app` WHERE  `appId` = 'ty9fd2848a039ab554' LIMIT 1 [ RunTime:0.001000s ]
[ sql ] [ SQL ] SHOW COLUMNS FROM `tp_admin` [ RunTime:0.008000s ]
[ sql ] [ SQL ] SELECT * FROM `tp_admin` WHERE  `id` = 1 LIMIT 1 [ RunTime:0.001000s ]
[ sql ] [ SQL ] SHOW COLUMNS FROM `tp_auth_rule` [ RunTime:0.010000s ]
[ sql ] [ SQL ] SELECT * FROM `tp_auth_rule` WHERE  `name` = 'admin/roles/index' LIMIT 1 [ RunTime:0.000000s ]
[ sql ] [ SQL ] SHOW COLUMNS FROM `tp_auth_group` [ RunTime:0.013000s ]
[ sql ] [ SQL ] SELECT * FROM `tp_auth_group` LIMIT 0,10 [ RunTime:0.000000s ]
[ sql ] [ SQL ] SELECT COUNT(*) AS tp_count FROM `tp_auth_group` LIMIT 1 [ RunTime:0.000000s ]
---------------------------------------------------------------
[ 2019-10-22T16:45:26+08:00 ] 127.0.0.1 POST api.hardphp.com/index.php/admin/rules/getLists
[ sql ] [ DB ] CONNECT:[ UseTime:0.010000s ] mysql:host=127.0.0.1;dbname=tp5qpi;charset=utf8
[ sql ] [ SQL ] SHOW COLUMNS FROM `tp_app` [ RunTime:0.009000s ]
[ sql ] [ SQL ] SELECT * FROM `tp_app` WHERE  `appId` = 'ty9fd2848a039ab554' LIMIT 1 [ RunTime:0.000000s ]
[ sql ] [ SQL ] SHOW COLUMNS FROM `tp_admin` [ RunTime:0.018000s ]
[ sql ] [ SQL ] SELECT * FROM `tp_admin` WHERE  `id` = 1 LIMIT 1 [ RunTime:0.001000s ]
[ sql ] [ SQL ] SHOW COLUMNS FROM `tp_auth_rule` [ RunTime:0.009000s ]
[ sql ] [ SQL ] SELECT * FROM `tp_auth_rule` WHERE  `name` = 'admin/rules/getlists' LIMIT 1 [ RunTime:0.000000s ]
[ sql ] [ SQL ] SELECT `a`.* FROM `tp_auth_rule` `a` WHERE  (  1 and a.status =  1 ) ORDER BY `a`.`id` DESC [ RunTime:0.001000s ]
---------------------------------------------------------------
[ 2019-10-22T16:45:31+08:00 ] 127.0.0.1 GET api.hardphp.com/index.php/admin/roles/getinfo?id=1&signature=e7fef94a760055ebd2eccdd1e036cecc
[ sql ] [ DB ] CONNECT:[ UseTime:0.010000s ] mysql:host=127.0.0.1;dbname=tp5qpi;charset=utf8
[ sql ] [ SQL ] SHOW COLUMNS FROM `tp_app` [ RunTime:0.007000s ]
[ sql ] [ SQL ] SELECT * FROM `tp_app` WHERE  `appId` = 'ty9fd2848a039ab554' LIMIT 1 [ RunTime:0.001000s ]
[ sql ] [ SQL ] SHOW COLUMNS FROM `tp_admin` [ RunTime:0.007000s ]
[ sql ] [ SQL ] SELECT * FROM `tp_admin` WHERE  `id` = 1 LIMIT 1 [ RunTime:0.000000s ]
[ sql ] [ SQL ] SHOW COLUMNS FROM `tp_auth_rule` [ RunTime:0.008000s ]
[ sql ] [ SQL ] SELECT * FROM `tp_auth_rule` WHERE  `name` = 'admin/roles/getinfo' LIMIT 1 [ RunTime:0.000000s ]
[ sql ] [ SQL ] SHOW COLUMNS FROM `tp_auth_group` [ RunTime:0.007000s ]
[ sql ] [ SQL ] SELECT * FROM `tp_auth_group` WHERE  `id` = 1 LIMIT 1 [ RunTime:0.000000s ]
---------------------------------------------------------------
[ 2019-10-22T16:45:36+08:00 ] 127.0.0.1 POST api.hardphp.com/index.php/admin/rules/index
[ sql ] [ DB ] CONNECT:[ UseTime:0.010000s ] mysql:host=127.0.0.1;dbname=tp5qpi;charset=utf8
[ sql ] [ SQL ] SHOW COLUMNS FROM `tp_app` [ RunTime:0.008000s ]
[ sql ] [ SQL ] SELECT * FROM `tp_app` WHERE  `appId` = 'ty9fd2848a039ab554' LIMIT 1 [ RunTime:0.001000s ]
[ sql ] [ SQL ] SHOW COLUMNS FROM `tp_admin` [ RunTime:0.007000s ]
[ sql ] [ SQL ] SELECT * FROM `tp_admin` WHERE  `id` = 1 LIMIT 1 [ RunTime:0.001000s ]
[ sql ] [ SQL ] SHOW COLUMNS FROM `tp_auth_rule` [ RunTime:0.007000s ]
[ sql ] [ SQL ] SELECT * FROM `tp_auth_rule` WHERE  `name` = 'admin/rules/index' LIMIT 1 [ RunTime:0.000000s ]
[ sql ] [ SQL ] SELECT `a`.* FROM `tp_auth_rule` `a` [ RunTime:0.001000s ]
---------------------------------------------------------------
[ 2019-10-22T16:45:38+08:00 ] 127.0.0.1 POST api.hardphp.com/index.php/admin/admin/index
[ sql ] [ DB ] CONNECT:[ UseTime:0.001000s ] mysql:host=127.0.0.1;dbname=tp5qpi;charset=utf8
[ sql ] [ SQL ] SHOW COLUMNS FROM `tp_app` [ RunTime:0.011000s ]
[ sql ] [ SQL ] SELECT * FROM `tp_app` WHERE  `appId` = 'ty9fd2848a039ab554' LIMIT 1 [ RunTime:0.000000s ]
[ sql ] [ SQL ] SHOW COLUMNS FROM `tp_admin` [ RunTime:0.012000s ]
[ sql ] [ SQL ] SELECT * FROM `tp_admin` WHERE  `id` = 1 LIMIT 1 [ RunTime:0.001000s ]
[ sql ] [ SQL ] SHOW COLUMNS FROM `tp_auth_rule` [ RunTime:0.012000s ]
[ sql ] [ SQL ] SELECT * FROM `tp_auth_rule` WHERE  `name` = 'admin/admin/index' LIMIT 1 [ RunTime:0.000000s ]
[ sql ] [ SQL ] SELECT `a`.*,`b`.`title` FROM `tp_admin` `a` LEFT JOIN `tp_auth_group` `b` ON `a`.`groupId`=`b`.`id` ORDER BY `a`.`id` DESC LIMIT 0,10 [ RunTime:0.001000s ]
[ sql ] [ SQL ] SELECT COUNT(*) AS tp_count FROM `tp_admin` `a` LEFT JOIN `tp_auth_group` `b` ON `a`.`groupId`=`b`.`id` LIMIT 1 [ RunTime:0.000000s ]
---------------------------------------------------------------
[ 2019-10-22T16:45:38+08:00 ] 127.0.0.1 POST api.hardphp.com/index.php/admin/roles/getLists
[ sql ] [ DB ] CONNECT:[ UseTime:0.002000s ] mysql:host=127.0.0.1;dbname=tp5qpi;charset=utf8
[ sql ] [ SQL ] SHOW COLUMNS FROM `tp_app` [ RunTime:0.010000s ]
[ sql ] [ SQL ] SELECT * FROM `tp_app` WHERE  `appId` = 'ty9fd2848a039ab554' LIMIT 1 [ RunTime:0.000000s ]
[ sql ] [ SQL ] SHOW COLUMNS FROM `tp_admin` [ RunTime:0.011000s ]
[ sql ] [ SQL ] SELECT * FROM `tp_admin` WHERE  `id` = 1 LIMIT 1 [ RunTime:0.001000s ]
[ sql ] [ SQL ] SHOW COLUMNS FROM `tp_auth_rule` [ RunTime:0.012000s ]
[ sql ] [ SQL ] SELECT * FROM `tp_auth_rule` WHERE  `name` = 'admin/roles/getlists' LIMIT 1 [ RunTime:0.001000s ]
[ sql ] [ SQL ] SHOW COLUMNS FROM `tp_auth_group` [ RunTime:0.007000s ]
[ sql ] [ SQL ] SELECT `a`.* FROM `tp_auth_group` `a` WHERE  (  1 and a.status =  1 ) ORDER BY `a`.`id` ASC [ RunTime:0.001000s ]
---------------------------------------------------------------
[ 2019-10-22T16:45:43+08:00 ] 127.0.0.1 POST api.hardphp.com/index.php/admin/admin/index
[ sql ] [ DB ] CONNECT:[ UseTime:0.010000s ] mysql:host=127.0.0.1;dbname=tp5qpi;charset=utf8
[ sql ] [ SQL ] SHOW COLUMNS FROM `tp_app` [ RunTime:0.012000s ]
[ sql ] [ SQL ] SELECT * FROM `tp_app` WHERE  `appId` = 'ty9fd2848a039ab554' LIMIT 1 [ RunTime:0.001000s ]
[ sql ] [ SQL ] SHOW COLUMNS FROM `tp_admin` [ RunTime:0.013000s ]
[ sql ] [ SQL ] SELECT * FROM `tp_admin` WHERE  `id` = 1 LIMIT 1 [ RunTime:0.001000s ]
[ sql ] [ SQL ] SHOW COLUMNS FROM `tp_auth_rule` [ RunTime:0.012000s ]
[ sql ] [ SQL ] SELECT * FROM `tp_auth_rule` WHERE  `name` = 'admin/admin/index' LIMIT 1 [ RunTime:0.001000s ]
[ sql ] [ SQL ] SELECT `a`.*,`b`.`title` FROM `tp_admin` `a` LEFT JOIN `tp_auth_group` `b` ON `a`.`groupId`=`b`.`id` ORDER BY `a`.`id` DESC LIMIT 0,10 [ RunTime:0.000000s ]
[ sql ] [ SQL ] SELECT COUNT(*) AS tp_count FROM `tp_admin` `a` LEFT JOIN `tp_auth_group` `b` ON `a`.`groupId`=`b`.`id` LIMIT 1 [ RunTime:0.001000s ]
---------------------------------------------------------------
[ 2019-10-22T16:45:43+08:00 ] 127.0.0.1 POST api.hardphp.com/index.php/admin/roles/getLists
[ sql ] [ DB ] CONNECT:[ UseTime:0.001000s ] mysql:host=127.0.0.1;dbname=tp5qpi;charset=utf8
[ sql ] [ SQL ] SHOW COLUMNS FROM `tp_app` [ RunTime:0.012000s ]
[ sql ] [ SQL ] SELECT * FROM `tp_app` WHERE  `appId` = 'ty9fd2848a039ab554' LIMIT 1 [ RunTime:0.000000s ]
[ sql ] [ SQL ] SHOW COLUMNS FROM `tp_admin` [ RunTime:0.014000s ]
[ sql ] [ SQL ] SELECT * FROM `tp_admin` WHERE  `id` = 1 LIMIT 1 [ RunTime:0.001000s ]
[ sql ] [ SQL ] SHOW COLUMNS FROM `tp_auth_rule` [ RunTime:0.012000s ]
[ sql ] [ SQL ] SELECT * FROM `tp_auth_rule` WHERE  `name` = 'admin/roles/getlists' LIMIT 1 [ RunTime:0.001000s ]
[ sql ] [ SQL ] SHOW COLUMNS FROM `tp_auth_group` [ RunTime:0.009000s ]
[ sql ] [ SQL ] SELECT `a`.* FROM `tp_auth_group` `a` WHERE  (  1 and a.status =  1 ) ORDER BY `a`.`id` ASC [ RunTime:0.000000s ]
---------------------------------------------------------------
[ 2019-10-22T16:45:45+08:00 ] 127.0.0.1 POST api.hardphp.com/index.php/admin/rules/getLists
[ sql ] [ DB ] CONNECT:[ UseTime:0.001000s ] mysql:host=127.0.0.1;dbname=tp5qpi;charset=utf8
[ sql ] [ SQL ] SHOW COLUMNS FROM `tp_app` [ RunTime:0.014000s ]
[ sql ] [ SQL ] SELECT * FROM `tp_app` WHERE  `appId` = 'ty9fd2848a039ab554' LIMIT 1 [ RunTime:0.001000s ]
[ sql ] [ SQL ] SHOW COLUMNS FROM `tp_admin` [ RunTime:0.013000s ]
[ sql ] [ SQL ] SELECT * FROM `tp_admin` WHERE  `id` = 1 LIMIT 1 [ RunTime:0.001000s ]
[ sql ] [ SQL ] SHOW COLUMNS FROM `tp_auth_rule` [ RunTime:0.011000s ]
[ sql ] [ SQL ] SELECT * FROM `tp_auth_rule` WHERE  `name` = 'admin/rules/getlists' LIMIT 1 [ RunTime:0.000000s ]
[ sql ] [ SQL ] SELECT `a`.* FROM `tp_auth_rule` `a` WHERE  (  1 and a.status =  1 ) ORDER BY `a`.`id` DESC [ RunTime:0.000000s ]
---------------------------------------------------------------
[ 2019-10-22T16:45:45+08:00 ] 127.0.0.1 POST api.hardphp.com/index.php/admin/roles/index
[ sql ] [ DB ] CONNECT:[ UseTime:0.001000s ] mysql:host=127.0.0.1;dbname=tp5qpi;charset=utf8
[ sql ] [ SQL ] SHOW COLUMNS FROM `tp_app` [ RunTime:0.014000s ]
[ sql ] [ SQL ] SELECT * FROM `tp_app` WHERE  `appId` = 'ty9fd2848a039ab554' LIMIT 1 [ RunTime:0.001000s ]
[ sql ] [ SQL ] SHOW COLUMNS FROM `tp_admin` [ RunTime:0.013000s ]
[ sql ] [ SQL ] SELECT * FROM `tp_admin` WHERE  `id` = 1 LIMIT 1 [ RunTime:0.000000s ]
[ sql ] [ SQL ] SHOW COLUMNS FROM `tp_auth_rule` [ RunTime:0.011000s ]
[ sql ] [ SQL ] SELECT * FROM `tp_auth_rule` WHERE  `name` = 'admin/roles/index' LIMIT 1 [ RunTime:0.001000s ]
[ sql ] [ SQL ] SHOW COLUMNS FROM `tp_auth_group` [ RunTime:0.010000s ]
[ sql ] [ SQL ] SELECT * FROM `tp_auth_group` LIMIT 0,10 [ RunTime:0.001000s ]
[ sql ] [ SQL ] SELECT COUNT(*) AS tp_count FROM `tp_auth_group` LIMIT 1 [ RunTime:0.000000s ]
---------------------------------------------------------------
[ 2019-10-22T16:45:46+08:00 ] 127.0.0.1 POST api.hardphp.com/index.php/admin/rules/index
[ sql ] [ DB ] CONNECT:[ UseTime:0.001000s ] mysql:host=127.0.0.1;dbname=tp5qpi;charset=utf8
[ sql ] [ SQL ] SHOW COLUMNS FROM `tp_app` [ RunTime:0.008000s ]
[ sql ] [ SQL ] SELECT * FROM `tp_app` WHERE  `appId` = 'ty9fd2848a039ab554' LIMIT 1 [ RunTime:0.000000s ]
[ sql ] [ SQL ] SHOW COLUMNS FROM `tp_admin` [ RunTime:0.010000s ]
[ sql ] [ SQL ] SELECT * FROM `tp_admin` WHERE  `id` = 1 LIMIT 1 [ RunTime:0.001000s ]
[ sql ] [ SQL ] SHOW COLUMNS FROM `tp_auth_rule` [ RunTime:0.010000s ]
[ sql ] [ SQL ] SELECT * FROM `tp_auth_rule` WHERE  `name` = 'admin/rules/index' LIMIT 1 [ RunTime:0.001000s ]
[ sql ] [ SQL ] SELECT `a`.* FROM `tp_auth_rule` `a` [ RunTime:0.001000s ]
---------------------------------------------------------------
[ 2019-10-22T16:46:10+08:00 ] 127.0.0.1 POST api.hardphp.com/index.php/admin/log/index
[ sql ] [ DB ] CONNECT:[ UseTime:0.001000s ] mysql:host=127.0.0.1;dbname=tp5qpi;charset=utf8
[ sql ] [ SQL ] SHOW COLUMNS FROM `tp_app` [ RunTime:0.007000s ]
[ sql ] [ SQL ] SELECT * FROM `tp_app` WHERE  `appId` = 'ty9fd2848a039ab554' LIMIT 1 [ RunTime:0.000000s ]
[ sql ] [ SQL ] SHOW COLUMNS FROM `tp_admin` [ RunTime:0.007000s ]
[ sql ] [ SQL ] SELECT * FROM `tp_admin` WHERE  `id` = 1 LIMIT 1 [ RunTime:0.000000s ]
[ sql ] [ SQL ] SHOW COLUMNS FROM `tp_auth_rule` [ RunTime:0.008000s ]
[ sql ] [ SQL ] SELECT * FROM `tp_auth_rule` WHERE  `name` = 'admin/log/index' LIMIT 1 [ RunTime:0.001000s ]
[ sql ] [ SQL ] SHOW COLUMNS FROM `tp_login_log` [ RunTime:0.008000s ]
[ sql ] [ SQL ] SELECT `a`.* FROM `tp_login_log` `a` ORDER BY `a`.`id` DESC LIMIT 0,10 [ RunTime:0.001000s ]
[ sql ] [ SQL ] SELECT COUNT(*) AS tp_count FROM `tp_login_log` `a` LIMIT 1 [ RunTime:0.001000s ]
---------------------------------------------------------------
[ 2019-10-22T16:46:41+08:00 ] 127.0.0.1 POST api.hardphp.com/index.php/admin/admin/index
[ sql ] [ DB ] CONNECT:[ UseTime:0.011000s ] mysql:host=127.0.0.1;dbname=tp5qpi;charset=utf8
[ sql ] [ SQL ] SHOW COLUMNS FROM `tp_app` [ RunTime:0.010000s ]
[ sql ] [ SQL ] SELECT * FROM `tp_app` WHERE  `appId` = 'ty9fd2848a039ab554' LIMIT 1 [ RunTime:0.001000s ]
[ sql ] [ SQL ] SHOW COLUMNS FROM `tp_admin` [ RunTime:0.009000s ]
[ sql ] [ SQL ] SELECT * FROM `tp_admin` WHERE  `id` = 1 LIMIT 1 [ RunTime:0.000000s ]
[ sql ] [ SQL ] SHOW COLUMNS FROM `tp_auth_rule` [ RunTime:0.010000s ]
[ sql ] [ SQL ] SELECT * FROM `tp_auth_rule` WHERE  `name` = 'admin/admin/index' LIMIT 1 [ RunTime:0.000000s ]
[ sql ] [ SQL ] SELECT `a`.*,`b`.`title` FROM `tp_admin` `a` LEFT JOIN `tp_auth_group` `b` ON `a`.`groupId`=`b`.`id` ORDER BY `a`.`id` DESC LIMIT 0,10 [ RunTime:0.001000s ]
[ sql ] [ SQL ] SELECT COUNT(*) AS tp_count FROM `tp_admin` `a` LEFT JOIN `tp_auth_group` `b` ON `a`.`groupId`=`b`.`id` LIMIT 1 [ RunTime:0.001000s ]
---------------------------------------------------------------
[ 2019-10-22T16:46:41+08:00 ] 127.0.0.1 POST api.hardphp.com/index.php/admin/roles/getLists
[ sql ] [ DB ] CONNECT:[ UseTime:0.010000s ] mysql:host=127.0.0.1;dbname=tp5qpi;charset=utf8
[ sql ] [ SQL ] SHOW COLUMNS FROM `tp_app` [ RunTime:0.010000s ]
[ sql ] [ SQL ] SELECT * FROM `tp_app` WHERE  `appId` = 'ty9fd2848a039ab554' LIMIT 1 [ RunTime:0.001000s ]
[ sql ] [ SQL ] SHOW COLUMNS FROM `tp_admin` [ RunTime:0.010000s ]
[ sql ] [ SQL ] SELECT * FROM `tp_admin` WHERE  `id` = 1 LIMIT 1 [ RunTime:0.001000s ]
[ sql ] [ SQL ] SHOW COLUMNS FROM `tp_auth_rule` [ RunTime:0.012000s ]
[ sql ] [ SQL ] SELECT * FROM `tp_auth_rule` WHERE  `name` = 'admin/roles/getlists' LIMIT 1 [ RunTime:0.001000s ]
[ sql ] [ SQL ] SHOW COLUMNS FROM `tp_auth_group` [ RunTime:0.009000s ]
[ sql ] [ SQL ] SELECT `a`.* FROM `tp_auth_group` `a` WHERE  (  1 and a.status =  1 ) ORDER BY `a`.`id` ASC [ RunTime:0.001000s ]
---------------------------------------------------------------
[ 2019-10-22T16:46:50+08:00 ] 127.0.0.1 POST api.hardphp.com/index.php/admin/log/index
[ sql ] [ DB ] CONNECT:[ UseTime:0.001000s ] mysql:host=127.0.0.1;dbname=tp5qpi;charset=utf8
[ sql ] [ SQL ] SHOW COLUMNS FROM `tp_app` [ RunTime:0.008000s ]
[ sql ] [ SQL ] SELECT * FROM `tp_app` WHERE  `appId` = 'ty9fd2848a039ab554' LIMIT 1 [ RunTime:0.000000s ]
[ sql ] [ SQL ] SHOW COLUMNS FROM `tp_admin` [ RunTime:0.009000s ]
[ sql ] [ SQL ] SELECT * FROM `tp_admin` WHERE  `id` = 1 LIMIT 1 [ RunTime:0.001000s ]
[ sql ] [ SQL ] SHOW COLUMNS FROM `tp_auth_rule` [ RunTime:0.008000s ]
[ sql ] [ SQL ] SELECT * FROM `tp_auth_rule` WHERE  `name` = 'admin/log/index' LIMIT 1 [ RunTime:0.000000s ]
[ sql ] [ SQL ] SHOW COLUMNS FROM `tp_login_log` [ RunTime:0.009000s ]
[ sql ] [ SQL ] SELECT `a`.* FROM `tp_login_log` `a` ORDER BY `a`.`id` DESC LIMIT 0,10 [ RunTime:0.001000s ]
[ sql ] [ SQL ] SELECT COUNT(*) AS tp_count FROM `tp_login_log` `a` LIMIT 1 [ RunTime:0.000000s ]
