---------------------------------------------------------------
[ 2019-10-23T20:18:53+08:00 ] 127.0.0.1 POST api.hardphp.com/index.php/admin/login/index
[运行时间：2.633000s] [吞吐率：0.38req/s] [内存消耗：3,516.02kb] [文件加载：81]
[ info ] [ LANG ] D:\phpStudy2016\WWW\hardphp\thinkphp\lang\zh-cn.php
[ info ] [ ROUTE ] array (
  'type' => 'module',
  'module' => 
  array (
    0 => 'admin',
    1 => 'login',
    2 => 'index',
  ),
)
[ info ] [ HEADER ] array (
  'x-forwarded-host' => 'localhost:8080',
  'x-forwarded-proto' => 'http',
  'x-forwarded-port' => '8080',
  'x-forwarded-for' => '127.0.0.1',
  'accept-language' => 'zh-CN,zh;q=0.9',
  'accept-encoding' => 'gzip, deflate, br',
  'referer' => 'http://localhost:8080/',
  'content-type' => 'application/x-www-form-urlencoded;charset=UTF-8',
  'x-access-appid' => 'ty9fd2848a039ab554',
  'user-agent' => 'Mozilla/5.0 (Windows NT 6.1; Win64; x64) AppleWebKit/537.36 (KHTML, like Gecko) Chrome/74.0.3729.131 Safari/537.36',
  'origin' => 'http://localhost:8080',
  'accept' => 'application/json, text/plain, */*',
  'cache-control' => 'no-cache',
  'pragma' => 'no-cache',
  'content-length' => '73',
  'connection' => 'close',
  'host' => 'api.hardphp.com',
)
[ info ] [ PARAM ] array (
  'userName' => 'admin',
  'password' => '123456',
  'signature' => 'fcac63765b8ac787d8ea6e16c87f3205',
)
[ info ] [ DB ] INIT mysql
[ info ] [ RUN ] app\admin\controller\Login->index[ D:\phpStudy2016\WWW\hardphp\application\admin\controller\Login.php ]
[ info ] [ CACHE ] INIT File
[ info ] [ LOG ] INIT File
---------------------------------------------------------------
[ 2019-10-23T20:18:53+08:00 ] 127.0.0.1 POST api.hardphp.com/index.php/admin/admin/getuser
[运行时间：0.147000s] [吞吐率：6.80req/s] [内存消耗：3,512.10kb] [文件加载：80]
[ info ] [ LANG ] D:\phpStudy2016\WWW\hardphp\thinkphp\lang\zh-cn.php
[ info ] [ ROUTE ] array (
  'type' => 'module',
  'module' => 
  array (
    0 => 'admin',
    1 => 'admin',
    2 => 'getuser',
  ),
)
[ info ] [ HEADER ] array (
  'x-forwarded-host' => 'localhost:8080',
  'x-forwarded-proto' => 'http',
  'x-forwarded-port' => '8080',
  'x-forwarded-for' => '127.0.0.1',
  'cookie' => 'Admin-Token=A65C0FA2B25FE15CD0CAC1BAC6D7D52BMDAwMDAwMDAwML6Mna-FqrqSib2cgMOHoIC7o36CkY6xfLjQzqGGZIXVuGadr4u5um-LunZ_w4efabGmjmWDo3-gu5SsqIhkp6vHZJ3Ynau-moXTqGG4nZSnyX-ohIONk4a7qbuyiIiJ08mfYpqKu9SHheBxpcaeeq63gG2efX6TqL_RzoaGnnnXs4iVqJu7pquEvKCEsXl5ablpfnyKpoOJs6nNbYCHkN61i6Wrmtqhdg',
  'accept-language' => 'zh-CN,zh;q=0.9',
  'accept-encoding' => 'gzip, deflate, br',
  'referer' => 'http://localhost:8080/',
  'content-type' => 'application/x-www-form-urlencoded;charset=UTF-8',
  'x-access-appid' => 'ty9fd2848a039ab554',
  'user-agent' => 'Mozilla/5.0 (Windows NT 6.1; Win64; x64) AppleWebKit/537.36 (KHTML, like Gecko) Chrome/74.0.3729.131 Safari/537.36',
  'x-access-token' => 'A65C0FA2B25FE15CD0CAC1BAC6D7D52BMDAwMDAwMDAwML6Mna-FqrqSib2cgMOHoIC7o36CkY6xfLjQzqGGZIXVuGadr4u5um-LunZ_w4efabGmjmWDo3-gu5SsqIhkp6vHZJ3Ynau-moXTqGG4nZSnyX-ohIONk4a7qbuyiIiJ08mfYpqKu9SHheBxpcaeeq63gG2efX6TqL_RzoaGnnnXs4iVqJu7pquEvKCEsXl5ablpfnyKpoOJs6nNbYCHkN61i6Wrmtqhdg',
  'origin' => 'http://localhost:8080',
  'accept' => 'application/json, text/plain, */*',
  'cache-control' => 'no-cache',
  'pragma' => 'no-cache',
  'content-length' => '42',
  'connection' => 'close',
  'host' => 'api.hardphp.com',
)
[ info ] [ PARAM ] array (
  'signature' => '37d7b5e3d72e32c75290100a102e0eb7',
)
[ info ] [ DB ] INIT mysql
[ info ] [ RUN ] app\admin\controller\Admin->getuser[ D:\phpStudy2016\WWW\hardphp\application\admin\controller\Admin.php ]
[ info ] [ LOG ] INIT File
---------------------------------------------------------------
[ 2019-10-23T20:18:54+08:00 ] 127.0.0.1 GET api.hardphp.com/uploads/images/20190322/41ef26c97b94a327562671abd56385a6.jpg
[运行时间：0.028000s] [吞吐率：35.71req/s] [内存消耗：1,769.54kb] [文件加载：56]
[ info ] [ LANG ] D:\phpStudy2016\WWW\hardphp\thinkphp\lang\zh-cn.php
[ info ] [ ROUTE ] array (
  'type' => 'module',
  'module' => 
  array (
    0 => 'uploads',
    1 => 'images',
    2 => '20190322',
  ),
)
[ info ] [ HEADER ] array (
  'host' => 'api.hardphp.com',
  'connection' => 'keep-alive',
  'pragma' => 'no-cache',
  'cache-control' => 'no-cache',
  'user-agent' => 'Mozilla/5.0 (Windows NT 6.1; Win64; x64) AppleWebKit/537.36 (KHTML, like Gecko) Chrome/74.0.3729.131 Safari/537.36',
  'accept' => 'image/webp,image/apng,image/*,*/*;q=0.8',
  'referer' => 'http://localhost:8080/',
  'accept-encoding' => 'gzip, deflate',
  'accept-language' => 'zh-CN,zh;q=0.9',
)
[ info ] [ PARAM ] array (
)
[ info ] [ LOG ] INIT File
---------------------------------------------------------------
[ 2019-10-23T20:19:01+08:00 ] 127.0.0.1 POST api.hardphp.com/index.php/admin/admin/index
[运行时间：0.119000s] [吞吐率：8.40req/s] [内存消耗：3,501.58kb] [文件加载：80]
[ info ] [ LANG ] D:\phpStudy2016\WWW\hardphp\thinkphp\lang\zh-cn.php
[ info ] [ ROUTE ] array (
  'type' => 'module',
  'module' => 
  array (
    0 => 'admin',
    1 => 'admin',
    2 => 'index',
  ),
)
[ info ] [ HEADER ] array (
  'x-forwarded-host' => 'localhost:8080',
  'x-forwarded-proto' => 'http',
  'x-forwarded-port' => '8080',
  'x-forwarded-for' => '127.0.0.1',
  'cookie' => 'Admin-Token=A65C0FA2B25FE15CD0CAC1BAC6D7D52BMDAwMDAwMDAwML6Mna-FqrqSib2cgMOHoIC7o36CkY6xfLjQzqGGZIXVuGadr4u5um-LunZ_w4efabGmjmWDo3-gu5SsqIhkp6vHZJ3Ynau-moXTqGG4nZSnyX-ohIONk4a7qbuyiIiJ08mfYpqKu9SHheBxpcaeeq63gG2efX6TqL_RzoaGnnnXs4iVqJu7pquEvKCEsXl5ablpfnyKpoOJs6nNbYCHkN61i6Wrmtqhdg',
  'accept-language' => 'zh-CN,zh;q=0.9',
  'accept-encoding' => 'gzip, deflate, br',
  'referer' => 'http://localhost:8080/',
  'content-type' => 'application/x-www-form-urlencoded;charset=UTF-8',
  'x-access-appid' => 'ty9fd2848a039ab554',
  'user-agent' => 'Mozilla/5.0 (Windows NT 6.1; Win64; x64) AppleWebKit/537.36 (KHTML, like Gecko) Chrome/74.0.3729.131 Safari/537.36',
  'x-access-token' => 'A65C0FA2B25FE15CD0CAC1BAC6D7D52BMDAwMDAwMDAwML6Mna-FqrqSib2cgMOHoIC7o36CkY6xfLjQzqGGZIXVuGadr4u5um-LunZ_w4efabGmjmWDo3-gu5SsqIhkp6vHZJ3Ynau-moXTqGG4nZSnyX-ohIONk4a7qbuyiIiJ08mfYpqKu9SHheBxpcaeeq63gG2efX6TqL_RzoaGnnnXs4iVqJu7pquEvKCEsXl5ablpfnyKpoOJs6nNbYCHkN61i6Wrmtqhdg',
  'origin' => 'http://localhost:8080',
  'accept' => 'application/json, text/plain, */*',
  'content-length' => '118',
  'connection' => 'close',
  'host' => 'api.hardphp.com',
)
[ info ] [ PARAM ] array (
  'page' => '1',
  'psize' => '10',
  'isEnabled' => '-1',
  'userName' => '',
  'phone' => '',
  'realName' => '',
  'startTime' => '',
  'endTime' => '',
  'signature' => '36e567fc90c3e99571ddf6e9781c00e7',
)
[ info ] [ DB ] INIT mysql
[ info ] [ RUN ] app\admin\controller\Admin->index[ D:\phpStudy2016\WWW\hardphp\application\admin\controller\Admin.php ]
[ info ] [ LOG ] INIT File
---------------------------------------------------------------
[ 2019-10-23T20:19:01+08:00 ] 127.0.0.1 GET api.hardphp.com/uploads/images/20190322/41ef26c97b94a327562671abd56385a6.jpg
[运行时间：0.035000s] [吞吐率：28.57req/s] [内存消耗：1,769.02kb] [文件加载：56]
[ info ] [ LANG ] D:\phpStudy2016\WWW\hardphp\thinkphp\lang\zh-cn.php
[ info ] [ ROUTE ] array (
  'type' => 'module',
  'module' => 
  array (
    0 => 'uploads',
    1 => 'images',
    2 => '20190322',
  ),
)
[ info ] [ HEADER ] array (
  'host' => 'api.hardphp.com',
  'connection' => 'keep-alive',
  'user-agent' => 'Mozilla/5.0 (Windows NT 6.1; Win64; x64) AppleWebKit/537.36 (KHTML, like Gecko) Chrome/74.0.3729.131 Safari/537.36',
  'accept' => 'image/webp,image/apng,image/*,*/*;q=0.8',
  'referer' => 'http://localhost:8080/',
  'accept-encoding' => 'gzip, deflate',
  'accept-language' => 'zh-CN,zh;q=0.9',
)
[ info ] [ PARAM ] array (
)
[ info ] [ LOG ] INIT File
---------------------------------------------------------------
[ 2019-10-23T20:19:01+08:00 ] 127.0.0.1 POST api.hardphp.com/index.php/admin/roles/getLists
[运行时间：0.107000s] [吞吐率：9.35req/s] [内存消耗：3,455.98kb] [文件加载：80]
[ info ] [ LANG ] D:\phpStudy2016\WWW\hardphp\thinkphp\lang\zh-cn.php
[ info ] [ ROUTE ] array (
  'type' => 'module',
  'module' => 
  array (
    0 => 'admin',
    1 => 'roles',
    2 => 'getLists',
  ),
)
[ info ] [ HEADER ] array (
  'x-forwarded-host' => 'localhost:8080',
  'x-forwarded-proto' => 'http',
  'x-forwarded-port' => '8080',
  'x-forwarded-for' => '127.0.0.1',
  'cookie' => 'Admin-Token=A65C0FA2B25FE15CD0CAC1BAC6D7D52BMDAwMDAwMDAwML6Mna-FqrqSib2cgMOHoIC7o36CkY6xfLjQzqGGZIXVuGadr4u5um-LunZ_w4efabGmjmWDo3-gu5SsqIhkp6vHZJ3Ynau-moXTqGG4nZSnyX-ohIONk4a7qbuyiIiJ08mfYpqKu9SHheBxpcaeeq63gG2efX6TqL_RzoaGnnnXs4iVqJu7pquEvKCEsXl5ablpfnyKpoOJs6nNbYCHkN61i6Wrmtqhdg',
  'accept-language' => 'zh-CN,zh;q=0.9',
  'accept-encoding' => 'gzip, deflate, br',
  'referer' => 'http://localhost:8080/',
  'content-type' => 'application/x-www-form-urlencoded;charset=UTF-8',
  'x-access-appid' => 'ty9fd2848a039ab554',
  'user-agent' => 'Mozilla/5.0 (Windows NT 6.1; Win64; x64) AppleWebKit/537.36 (KHTML, like Gecko) Chrome/74.0.3729.131 Safari/537.36',
  'x-access-token' => 'A65C0FA2B25FE15CD0CAC1BAC6D7D52BMDAwMDAwMDAwML6Mna-FqrqSib2cgMOHoIC7o36CkY6xfLjQzqGGZIXVuGadr4u5um-LunZ_w4efabGmjmWDo3-gu5SsqIhkp6vHZJ3Ynau-moXTqGG4nZSnyX-ohIONk4a7qbuyiIiJ08mfYpqKu9SHheBxpcaeeq63gG2efX6TqL_RzoaGnnnXs4iVqJu7pquEvKCEsXl5ablpfnyKpoOJs6nNbYCHkN61i6Wrmtqhdg',
  'origin' => 'http://localhost:8080',
  'accept' => 'application/json, text/plain, */*',
  'content-length' => '42',
  'connection' => 'close',
  'host' => 'api.hardphp.com',
)
[ info ] [ PARAM ] array (
  'signature' => '37d7b5e3d72e32c75290100a102e0eb7',
)
[ info ] [ DB ] INIT mysql
[ info ] [ RUN ] app\admin\controller\Roles->getLists[ D:\phpStudy2016\WWW\hardphp\application\admin\controller\Roles.php ]
[ info ] [ LOG ] INIT File
---------------------------------------------------------------
[ 2019-10-23T20:19:05+08:00 ] 127.0.0.1 POST api.hardphp.com/index.php/admin/rules/index
[运行时间：0.093000s] [吞吐率：10.75req/s] [内存消耗：3,374.00kb] [文件加载：77]
[ info ] [ LANG ] D:\phpStudy2016\WWW\hardphp\thinkphp\lang\zh-cn.php
[ info ] [ ROUTE ] array (
  'type' => 'module',
  'module' => 
  array (
    0 => 'admin',
    1 => 'rules',
    2 => 'index',
  ),
)
[ info ] [ HEADER ] array (
  'x-forwarded-host' => 'localhost:8080',
  'x-forwarded-proto' => 'http',
  'x-forwarded-port' => '8080',
  'x-forwarded-for' => '127.0.0.1',
  'cookie' => 'Admin-Token=A65C0FA2B25FE15CD0CAC1BAC6D7D52BMDAwMDAwMDAwML6Mna-FqrqSib2cgMOHoIC7o36CkY6xfLjQzqGGZIXVuGadr4u5um-LunZ_w4efabGmjmWDo3-gu5SsqIhkp6vHZJ3Ynau-moXTqGG4nZSnyX-ohIONk4a7qbuyiIiJ08mfYpqKu9SHheBxpcaeeq63gG2efX6TqL_RzoaGnnnXs4iVqJu7pquEvKCEsXl5ablpfnyKpoOJs6nNbYCHkN61i6Wrmtqhdg',
  'accept-language' => 'zh-CN,zh;q=0.9',
  'accept-encoding' => 'gzip, deflate, br',
  'referer' => 'http://localhost:8080/',
  'content-type' => 'application/x-www-form-urlencoded;charset=UTF-8',
  'x-access-appid' => 'ty9fd2848a039ab554',
  'user-agent' => 'Mozilla/5.0 (Windows NT 6.1; Win64; x64) AppleWebKit/537.36 (KHTML, like Gecko) Chrome/74.0.3729.131 Safari/537.36',
  'x-access-token' => 'A65C0FA2B25FE15CD0CAC1BAC6D7D52BMDAwMDAwMDAwML6Mna-FqrqSib2cgMOHoIC7o36CkY6xfLjQzqGGZIXVuGadr4u5um-LunZ_w4efabGmjmWDo3-gu5SsqIhkp6vHZJ3Ynau-moXTqGG4nZSnyX-ohIONk4a7qbuyiIiJ08mfYpqKu9SHheBxpcaeeq63gG2efX6TqL_RzoaGnnnXs4iVqJu7pquEvKCEsXl5ablpfnyKpoOJs6nNbYCHkN61i6Wrmtqhdg',
  'origin' => 'http://localhost:8080',
  'accept' => 'application/json, text/plain, */*',
  'content-length' => '59',
  'connection' => 'close',
  'host' => 'api.hardphp.com',
)
[ info ] [ PARAM ] array (
  'status' => '-1',
  'title' => '',
  'signature' => '0ee39f2f82c238924d13515b7fcccdf2',
)
[ info ] [ DB ] INIT mysql
[ info ] [ RUN ] app\admin\controller\Rules->index[ D:\phpStudy2016\WWW\hardphp\application\admin\controller\Rules.php ]
[ info ] [ LOG ] INIT File
---------------------------------------------------------------
[ 2019-10-23T20:19:08+08:00 ] 127.0.0.1 POST api.hardphp.com/index.php/admin/rules/index
[运行时间：0.091000s] [吞吐率：10.99req/s] [内存消耗：3,374.00kb] [文件加载：77]
[ info ] [ LANG ] D:\phpStudy2016\WWW\hardphp\thinkphp\lang\zh-cn.php
[ info ] [ ROUTE ] array (
  'type' => 'module',
  'module' => 
  array (
    0 => 'admin',
    1 => 'rules',
    2 => 'index',
  ),
)
[ info ] [ HEADER ] array (
  'x-forwarded-host' => 'localhost:8080',
  'x-forwarded-proto' => 'http',
  'x-forwarded-port' => '8080',
  'x-forwarded-for' => '127.0.0.1',
  'cookie' => 'Admin-Token=A65C0FA2B25FE15CD0CAC1BAC6D7D52BMDAwMDAwMDAwML6Mna-FqrqSib2cgMOHoIC7o36CkY6xfLjQzqGGZIXVuGadr4u5um-LunZ_w4efabGmjmWDo3-gu5SsqIhkp6vHZJ3Ynau-moXTqGG4nZSnyX-ohIONk4a7qbuyiIiJ08mfYpqKu9SHheBxpcaeeq63gG2efX6TqL_RzoaGnnnXs4iVqJu7pquEvKCEsXl5ablpfnyKpoOJs6nNbYCHkN61i6Wrmtqhdg',
  'accept-language' => 'zh-CN,zh;q=0.9',
  'accept-encoding' => 'gzip, deflate, br',
  'referer' => 'http://localhost:8080/',
  'content-type' => 'application/x-www-form-urlencoded;charset=UTF-8',
  'x-access-appid' => 'ty9fd2848a039ab554',
  'user-agent' => 'Mozilla/5.0 (Windows NT 6.1; Win64; x64) AppleWebKit/537.36 (KHTML, like Gecko) Chrome/74.0.3729.131 Safari/537.36',
  'x-access-token' => 'A65C0FA2B25FE15CD0CAC1BAC6D7D52BMDAwMDAwMDAwML6Mna-FqrqSib2cgMOHoIC7o36CkY6xfLjQzqGGZIXVuGadr4u5um-LunZ_w4efabGmjmWDo3-gu5SsqIhkp6vHZJ3Ynau-moXTqGG4nZSnyX-ohIONk4a7qbuyiIiJ08mfYpqKu9SHheBxpcaeeq63gG2efX6TqL_RzoaGnnnXs4iVqJu7pquEvKCEsXl5ablpfnyKpoOJs6nNbYCHkN61i6Wrmtqhdg',
  'origin' => 'http://localhost:8080',
  'accept' => 'application/json, text/plain, */*',
  'content-length' => '59',
  'connection' => 'close',
  'host' => 'api.hardphp.com',
)
[ info ] [ PARAM ] array (
  'status' => '-1',
  'title' => '',
  'signature' => '0ee39f2f82c238924d13515b7fcccdf2',
)
[ info ] [ DB ] INIT mysql
[ info ] [ RUN ] app\admin\controller\Rules->index[ D:\phpStudy2016\WWW\hardphp\application\admin\controller\Rules.php ]
[ info ] [ LOG ] INIT File
