---------------------------------------------------------------
[ 2019-10-24T16:36:46+08:00 ] 127.0.0.1 POST api.hardphp.com/index.php/admin/login/index
[运行时间：0.775000s] [吞吐率：1.29req/s] [内存消耗：3,516.02kb] [文件加载：81]
[ info ] [ LANG ] D:\phpStudy2016\WWW\hardphp\thinkphp\lang\zh-cn.php
[ info ] [ ROUTE ] array (
  'type' => 'module',
  'module' => 
  array (
    0 => 'admin',
    1 => 'login',
    2 => 'index',
  ),
)
[ info ] [ HEADER ] array (
  'x-forwarded-host' => 'localhost:8080',
  'x-forwarded-proto' => 'http',
  'x-forwarded-port' => '8080',
  'x-forwarded-for' => '127.0.0.1',
  'accept-language' => 'zh-CN,zh;q=0.9',
  'accept-encoding' => 'gzip, deflate, br',
  'referer' => 'http://localhost:8080/',
  'content-type' => 'application/x-www-form-urlencoded;charset=UTF-8',
  'x-access-appid' => 'ty9fd2848a039ab554',
  'user-agent' => 'Mozilla/5.0 (Windows NT 6.1; Win64; x64) AppleWebKit/537.36 (KHTML, like Gecko) Chrome/74.0.3729.131 Safari/537.36',
  'origin' => 'http://localhost:8080',
  'accept' => 'application/json, text/plain, */*',
  'cache-control' => 'no-cache',
  'pragma' => 'no-cache',
  'content-length' => '73',
  'connection' => 'close',
  'host' => 'api.hardphp.com',
)
[ info ] [ PARAM ] array (
  'userName' => 'admin',
  'password' => '123456',
  'signature' => 'fcac63765b8ac787d8ea6e16c87f3205',
)
[ info ] [ DB ] INIT mysql
[ info ] [ RUN ] app\admin\controller\Login->index[ D:\phpStudy2016\WWW\hardphp\application\admin\controller\Login.php ]
[ info ] [ CACHE ] INIT File
[ info ] [ LOG ] INIT File
---------------------------------------------------------------
[ 2019-10-24T16:36:46+08:00 ] 127.0.0.1 POST api.hardphp.com/index.php/admin/admin/getuser
[运行时间：0.146000s] [吞吐率：6.85req/s] [内存消耗：3,512.10kb] [文件加载：80]
[ info ] [ LANG ] D:\phpStudy2016\WWW\hardphp\thinkphp\lang\zh-cn.php
[ info ] [ ROUTE ] array (
  'type' => 'module',
  'module' => 
  array (
    0 => 'admin',
    1 => 'admin',
    2 => 'getuser',
  ),
)
[ info ] [ HEADER ] array (
  'x-forwarded-host' => 'localhost:8080',
  'x-forwarded-proto' => 'http',
  'x-forwarded-port' => '8080',
  'x-forwarded-for' => '127.0.0.1',
  'cookie' => 'Admin-Token=D8CB1A55BE0461A8D24E7A455F7D8C75MDAwMDAwMDAwML6Mna-FqrqSib2cgMOHoIC7o36CkY6xfLjQzqGGZIXVuGadr4u5um-LunZ_w4efabGmjmWDo3-gu5SsqIhkp6vHZJ3Ynau-moXTqGG4nZSnyX-ohIONk4a7qbuyiIiJ18hkZtWLu8iImtBxpbuJaK65p46lhn5yj7rRsHyOY5HdsqChyoeptqWHraRkvGOGeLaknHmTpIust87Sq5d6garFoaG6haShdg',
  'accept-language' => 'zh-CN,zh;q=0.9',
  'accept-encoding' => 'gzip, deflate, br',
  'referer' => 'http://localhost:8080/',
  'content-type' => 'application/x-www-form-urlencoded;charset=UTF-8',
  'x-access-appid' => 'ty9fd2848a039ab554',
  'user-agent' => 'Mozilla/5.0 (Windows NT 6.1; Win64; x64) AppleWebKit/537.36 (KHTML, like Gecko) Chrome/74.0.3729.131 Safari/537.36',
  'x-access-token' => 'D8CB1A55BE0461A8D24E7A455F7D8C75MDAwMDAwMDAwML6Mna-FqrqSib2cgMOHoIC7o36CkY6xfLjQzqGGZIXVuGadr4u5um-LunZ_w4efabGmjmWDo3-gu5SsqIhkp6vHZJ3Ynau-moXTqGG4nZSnyX-ohIONk4a7qbuyiIiJ18hkZtWLu8iImtBxpbuJaK65p46lhn5yj7rRsHyOY5HdsqChyoeptqWHraRkvGOGeLaknHmTpIust87Sq5d6garFoaG6haShdg',
  'origin' => 'http://localhost:8080',
  'accept' => 'application/json, text/plain, */*',
  'cache-control' => 'no-cache',
  'pragma' => 'no-cache',
  'content-length' => '42',
  'connection' => 'close',
  'host' => 'api.hardphp.com',
)
[ info ] [ PARAM ] array (
  'signature' => '37d7b5e3d72e32c75290100a102e0eb7',
)
[ info ] [ DB ] INIT mysql
[ info ] [ RUN ] app\admin\controller\Admin->getuser[ D:\phpStudy2016\WWW\hardphp\application\admin\controller\Admin.php ]
[ info ] [ LOG ] INIT File
---------------------------------------------------------------
[ 2019-10-24T16:36:47+08:00 ] 127.0.0.1 GET api.hardphp.com/uploads/images/20190322/41ef26c97b94a327562671abd56385a6.jpg
[运行时间：0.030000s] [吞吐率：33.33req/s] [内存消耗：1,769.54kb] [文件加载：56]
[ info ] [ LANG ] D:\phpStudy2016\WWW\hardphp\thinkphp\lang\zh-cn.php
[ info ] [ ROUTE ] array (
  'type' => 'module',
  'module' => 
  array (
    0 => 'uploads',
    1 => 'images',
    2 => '20190322',
  ),
)
[ info ] [ HEADER ] array (
  'host' => 'api.hardphp.com',
  'connection' => 'keep-alive',
  'pragma' => 'no-cache',
  'cache-control' => 'no-cache',
  'user-agent' => 'Mozilla/5.0 (Windows NT 6.1; Win64; x64) AppleWebKit/537.36 (KHTML, like Gecko) Chrome/74.0.3729.131 Safari/537.36',
  'accept' => 'image/webp,image/apng,image/*,*/*;q=0.8',
  'referer' => 'http://localhost:8080/',
  'accept-encoding' => 'gzip, deflate',
  'accept-language' => 'zh-CN,zh;q=0.9',
)
[ info ] [ PARAM ] array (
)
[ info ] [ LOG ] INIT File
---------------------------------------------------------------
[ 2019-10-24T16:41:56+08:00 ] 127.0.0.1 POST api.hardphp.com/index.php/admin/admin/getuser
[运行时间：0.110000s] [吞吐率：9.09req/s] [内存消耗：3,512.10kb] [文件加载：80]
[ info ] [ LANG ] D:\phpStudy2016\WWW\hardphp\thinkphp\lang\zh-cn.php
[ info ] [ ROUTE ] array (
  'type' => 'module',
  'module' => 
  array (
    0 => 'admin',
    1 => 'admin',
    2 => 'getuser',
  ),
)
[ info ] [ HEADER ] array (
  'x-forwarded-host' => 'localhost:8080',
  'x-forwarded-proto' => 'http',
  'x-forwarded-port' => '8080',
  'x-forwarded-for' => '127.0.0.1',
  'cookie' => 'Admin-Token=D8CB1A55BE0461A8D24E7A455F7D8C75MDAwMDAwMDAwML6Mna-FqrqSib2cgMOHoIC7o36CkY6xfLjQzqGGZIXVuGadr4u5um-LunZ_w4efabGmjmWDo3-gu5SsqIhkp6vHZJ3Ynau-moXTqGG4nZSnyX-ohIONk4a7qbuyiIiJ18hkZtWLu8iImtBxpbuJaK65p46lhn5yj7rRsHyOY5HdsqChyoeptqWHraRkvGOGeLaknHmTpIust87Sq5d6garFoaG6haShdg',
  'accept-language' => 'zh-CN,zh;q=0.9',
  'accept-encoding' => 'gzip, deflate, br',
  'referer' => 'http://localhost:8080/',
  'content-type' => 'application/x-www-form-urlencoded;charset=UTF-8',
  'x-access-appid' => 'ty9fd2848a039ab554',
  'user-agent' => 'Mozilla/5.0 (Windows NT 6.1; Win64; x64) AppleWebKit/537.36 (KHTML, like Gecko) Chrome/74.0.3729.131 Safari/537.36',
  'x-access-token' => 'D8CB1A55BE0461A8D24E7A455F7D8C75MDAwMDAwMDAwML6Mna-FqrqSib2cgMOHoIC7o36CkY6xfLjQzqGGZIXVuGadr4u5um-LunZ_w4efabGmjmWDo3-gu5SsqIhkp6vHZJ3Ynau-moXTqGG4nZSnyX-ohIONk4a7qbuyiIiJ18hkZtWLu8iImtBxpbuJaK65p46lhn5yj7rRsHyOY5HdsqChyoeptqWHraRkvGOGeLaknHmTpIust87Sq5d6garFoaG6haShdg',
  'origin' => 'http://localhost:8080',
  'accept' => 'application/json, text/plain, */*',
  'cache-control' => 'no-cache',
  'pragma' => 'no-cache',
  'content-length' => '42',
  'connection' => 'close',
  'host' => 'api.hardphp.com',
)
[ info ] [ PARAM ] array (
  'signature' => '37d7b5e3d72e32c75290100a102e0eb7',
)
[ info ] [ DB ] INIT mysql
[ info ] [ RUN ] app\admin\controller\Admin->getuser[ D:\phpStudy2016\WWW\hardphp\application\admin\controller\Admin.php ]
[ info ] [ LOG ] INIT File
---------------------------------------------------------------
[ 2019-10-24T16:41:57+08:00 ] 127.0.0.1 GET api.hardphp.com/uploads/images/20190322/41ef26c97b94a327562671abd56385a6.jpg
[运行时间：0.027000s] [吞吐率：37.04req/s] [内存消耗：1,769.54kb] [文件加载：56]
[ info ] [ LANG ] D:\phpStudy2016\WWW\hardphp\thinkphp\lang\zh-cn.php
[ info ] [ ROUTE ] array (
  'type' => 'module',
  'module' => 
  array (
    0 => 'uploads',
    1 => 'images',
    2 => '20190322',
  ),
)
[ info ] [ HEADER ] array (
  'host' => 'api.hardphp.com',
  'connection' => 'keep-alive',
  'pragma' => 'no-cache',
  'cache-control' => 'no-cache',
  'user-agent' => 'Mozilla/5.0 (Windows NT 6.1; Win64; x64) AppleWebKit/537.36 (KHTML, like Gecko) Chrome/74.0.3729.131 Safari/537.36',
  'accept' => 'image/webp,image/apng,image/*,*/*;q=0.8',
  'referer' => 'http://localhost:8080/',
  'accept-encoding' => 'gzip, deflate',
  'accept-language' => 'zh-CN,zh;q=0.9',
)
[ info ] [ PARAM ] array (
)
[ info ] [ LOG ] INIT File
---------------------------------------------------------------
[ 2019-10-24T16:42:15+08:00 ] 127.0.0.1 POST api.hardphp.com/index.php/admin/admin/getuser
[运行时间：0.129000s] [吞吐率：7.75req/s] [内存消耗：3,512.10kb] [文件加载：80]
[ info ] [ LANG ] D:\phpStudy2016\WWW\hardphp\thinkphp\lang\zh-cn.php
[ info ] [ ROUTE ] array (
  'type' => 'module',
  'module' => 
  array (
    0 => 'admin',
    1 => 'admin',
    2 => 'getuser',
  ),
)
[ info ] [ HEADER ] array (
  'x-forwarded-host' => 'localhost:8080',
  'x-forwarded-proto' => 'http',
  'x-forwarded-port' => '8080',
  'x-forwarded-for' => '127.0.0.1',
  'cookie' => 'Admin-Token=D8CB1A55BE0461A8D24E7A455F7D8C75MDAwMDAwMDAwML6Mna-FqrqSib2cgMOHoIC7o36CkY6xfLjQzqGGZIXVuGadr4u5um-LunZ_w4efabGmjmWDo3-gu5SsqIhkp6vHZJ3Ynau-moXTqGG4nZSnyX-ohIONk4a7qbuyiIiJ18hkZtWLu8iImtBxpbuJaK65p46lhn5yj7rRsHyOY5HdsqChyoeptqWHraRkvGOGeLaknHmTpIust87Sq5d6garFoaG6haShdg',
  'accept-language' => 'zh-CN,zh;q=0.9',
  'accept-encoding' => 'gzip, deflate, br',
  'referer' => 'http://localhost:8080/',
  'content-type' => 'application/x-www-form-urlencoded;charset=UTF-8',
  'x-access-appid' => 'ty9fd2848a039ab554',
  'user-agent' => 'Mozilla/5.0 (Windows NT 6.1; Win64; x64) AppleWebKit/537.36 (KHTML, like Gecko) Chrome/74.0.3729.131 Safari/537.36',
  'x-access-token' => 'D8CB1A55BE0461A8D24E7A455F7D8C75MDAwMDAwMDAwML6Mna-FqrqSib2cgMOHoIC7o36CkY6xfLjQzqGGZIXVuGadr4u5um-LunZ_w4efabGmjmWDo3-gu5SsqIhkp6vHZJ3Ynau-moXTqGG4nZSnyX-ohIONk4a7qbuyiIiJ18hkZtWLu8iImtBxpbuJaK65p46lhn5yj7rRsHyOY5HdsqChyoeptqWHraRkvGOGeLaknHmTpIust87Sq5d6garFoaG6haShdg',
  'origin' => 'http://localhost:8080',
  'accept' => 'application/json, text/plain, */*',
  'cache-control' => 'no-cache',
  'pragma' => 'no-cache',
  'content-length' => '42',
  'connection' => 'close',
  'host' => 'api.hardphp.com',
)
[ info ] [ PARAM ] array (
  'signature' => '37d7b5e3d72e32c75290100a102e0eb7',
)
[ info ] [ DB ] INIT mysql
[ info ] [ RUN ] app\admin\controller\Admin->getuser[ D:\phpStudy2016\WWW\hardphp\application\admin\controller\Admin.php ]
[ info ] [ LOG ] INIT File
---------------------------------------------------------------
[ 2019-10-24T16:42:16+08:00 ] 127.0.0.1 GET api.hardphp.com/uploads/images/20190322/41ef26c97b94a327562671abd56385a6.jpg
[运行时间：0.032000s] [吞吐率：31.25req/s] [内存消耗：1,769.54kb] [文件加载：56]
[ info ] [ LANG ] D:\phpStudy2016\WWW\hardphp\thinkphp\lang\zh-cn.php
[ info ] [ ROUTE ] array (
  'type' => 'module',
  'module' => 
  array (
    0 => 'uploads',
    1 => 'images',
    2 => '20190322',
  ),
)
[ info ] [ HEADER ] array (
  'host' => 'api.hardphp.com',
  'connection' => 'keep-alive',
  'pragma' => 'no-cache',
  'cache-control' => 'no-cache',
  'user-agent' => 'Mozilla/5.0 (Windows NT 6.1; Win64; x64) AppleWebKit/537.36 (KHTML, like Gecko) Chrome/74.0.3729.131 Safari/537.36',
  'accept' => 'image/webp,image/apng,image/*,*/*;q=0.8',
  'referer' => 'http://localhost:8080/',
  'accept-encoding' => 'gzip, deflate',
  'accept-language' => 'zh-CN,zh;q=0.9',
)
[ info ] [ PARAM ] array (
)
[ info ] [ LOG ] INIT File
---------------------------------------------------------------
[ 2019-10-24T16:43:21+08:00 ] 127.0.0.1 POST api.hardphp.com/index.php/admin/admin/getuser
[运行时间：0.109000s] [吞吐率：9.17req/s] [内存消耗：3,512.10kb] [文件加载：80]
[ info ] [ LANG ] D:\phpStudy2016\WWW\hardphp\thinkphp\lang\zh-cn.php
[ info ] [ ROUTE ] array (
  'type' => 'module',
  'module' => 
  array (
    0 => 'admin',
    1 => 'admin',
    2 => 'getuser',
  ),
)
[ info ] [ HEADER ] array (
  'x-forwarded-host' => 'localhost:8080',
  'x-forwarded-proto' => 'http',
  'x-forwarded-port' => '8080',
  'x-forwarded-for' => '127.0.0.1',
  'cookie' => 'Admin-Token=D8CB1A55BE0461A8D24E7A455F7D8C75MDAwMDAwMDAwML6Mna-FqrqSib2cgMOHoIC7o36CkY6xfLjQzqGGZIXVuGadr4u5um-LunZ_w4efabGmjmWDo3-gu5SsqIhkp6vHZJ3Ynau-moXTqGG4nZSnyX-ohIONk4a7qbuyiIiJ18hkZtWLu8iImtBxpbuJaK65p46lhn5yj7rRsHyOY5HdsqChyoeptqWHraRkvGOGeLaknHmTpIust87Sq5d6garFoaG6haShdg',
  'accept-language' => 'zh-CN,zh;q=0.9',
  'accept-encoding' => 'gzip, deflate, br',
  'referer' => 'http://localhost:8080/',
  'content-type' => 'application/x-www-form-urlencoded;charset=UTF-8',
  'x-access-appid' => 'ty9fd2848a039ab554',
  'user-agent' => 'Mozilla/5.0 (Windows NT 6.1; Win64; x64) AppleWebKit/537.36 (KHTML, like Gecko) Chrome/74.0.3729.131 Safari/537.36',
  'x-access-token' => 'D8CB1A55BE0461A8D24E7A455F7D8C75MDAwMDAwMDAwML6Mna-FqrqSib2cgMOHoIC7o36CkY6xfLjQzqGGZIXVuGadr4u5um-LunZ_w4efabGmjmWDo3-gu5SsqIhkp6vHZJ3Ynau-moXTqGG4nZSnyX-ohIONk4a7qbuyiIiJ18hkZtWLu8iImtBxpbuJaK65p46lhn5yj7rRsHyOY5HdsqChyoeptqWHraRkvGOGeLaknHmTpIust87Sq5d6garFoaG6haShdg',
  'origin' => 'http://localhost:8080',
  'accept' => 'application/json, text/plain, */*',
  'cache-control' => 'no-cache',
  'pragma' => 'no-cache',
  'content-length' => '42',
  'connection' => 'close',
  'host' => 'api.hardphp.com',
)
[ info ] [ PARAM ] array (
  'signature' => '37d7b5e3d72e32c75290100a102e0eb7',
)
[ info ] [ DB ] INIT mysql
[ info ] [ RUN ] app\admin\controller\Admin->getuser[ D:\phpStudy2016\WWW\hardphp\application\admin\controller\Admin.php ]
[ info ] [ LOG ] INIT File
---------------------------------------------------------------
[ 2019-10-24T16:43:22+08:00 ] 127.0.0.1 GET api.hardphp.com/uploads/images/20190322/41ef26c97b94a327562671abd56385a6.jpg
[运行时间：0.031000s] [吞吐率：32.26req/s] [内存消耗：1,769.54kb] [文件加载：56]
[ info ] [ LANG ] D:\phpStudy2016\WWW\hardphp\thinkphp\lang\zh-cn.php
[ info ] [ ROUTE ] array (
  'type' => 'module',
  'module' => 
  array (
    0 => 'uploads',
    1 => 'images',
    2 => '20190322',
  ),
)
[ info ] [ HEADER ] array (
  'host' => 'api.hardphp.com',
  'connection' => 'keep-alive',
  'pragma' => 'no-cache',
  'cache-control' => 'no-cache',
  'user-agent' => 'Mozilla/5.0 (Windows NT 6.1; Win64; x64) AppleWebKit/537.36 (KHTML, like Gecko) Chrome/74.0.3729.131 Safari/537.36',
  'accept' => 'image/webp,image/apng,image/*,*/*;q=0.8',
  'referer' => 'http://localhost:8080/',
  'accept-encoding' => 'gzip, deflate',
  'accept-language' => 'zh-CN,zh;q=0.9',
)
[ info ] [ PARAM ] array (
)
[ info ] [ LOG ] INIT File
---------------------------------------------------------------
[ 2019-10-24T16:45:36+08:00 ] 127.0.0.1 POST api.hardphp.com/index.php/admin/admin/getuser
[运行时间：0.120000s] [吞吐率：8.33req/s] [内存消耗：3,512.10kb] [文件加载：80]
[ info ] [ LANG ] D:\phpStudy2016\WWW\hardphp\thinkphp\lang\zh-cn.php
[ info ] [ ROUTE ] array (
  'type' => 'module',
  'module' => 
  array (
    0 => 'admin',
    1 => 'admin',
    2 => 'getuser',
  ),
)
[ info ] [ HEADER ] array (
  'x-forwarded-host' => 'localhost:8080',
  'x-forwarded-proto' => 'http',
  'x-forwarded-port' => '8080',
  'x-forwarded-for' => '127.0.0.1',
  'cookie' => 'Admin-Token=D8CB1A55BE0461A8D24E7A455F7D8C75MDAwMDAwMDAwML6Mna-FqrqSib2cgMOHoIC7o36CkY6xfLjQzqGGZIXVuGadr4u5um-LunZ_w4efabGmjmWDo3-gu5SsqIhkp6vHZJ3Ynau-moXTqGG4nZSnyX-ohIONk4a7qbuyiIiJ18hkZtWLu8iImtBxpbuJaK65p46lhn5yj7rRsHyOY5HdsqChyoeptqWHraRkvGOGeLaknHmTpIust87Sq5d6garFoaG6haShdg',
  'accept-language' => 'zh-CN,zh;q=0.9',
  'accept-encoding' => 'gzip, deflate, br',
  'referer' => 'http://localhost:8080/',
  'content-type' => 'application/x-www-form-urlencoded;charset=UTF-8',
  'x-access-appid' => 'ty9fd2848a039ab554',
  'user-agent' => 'Mozilla/5.0 (Windows NT 6.1; Win64; x64) AppleWebKit/537.36 (KHTML, like Gecko) Chrome/74.0.3729.131 Safari/537.36',
  'x-access-token' => 'D8CB1A55BE0461A8D24E7A455F7D8C75MDAwMDAwMDAwML6Mna-FqrqSib2cgMOHoIC7o36CkY6xfLjQzqGGZIXVuGadr4u5um-LunZ_w4efabGmjmWDo3-gu5SsqIhkp6vHZJ3Ynau-moXTqGG4nZSnyX-ohIONk4a7qbuyiIiJ18hkZtWLu8iImtBxpbuJaK65p46lhn5yj7rRsHyOY5HdsqChyoeptqWHraRkvGOGeLaknHmTpIust87Sq5d6garFoaG6haShdg',
  'origin' => 'http://localhost:8080',
  'accept' => 'application/json, text/plain, */*',
  'cache-control' => 'no-cache',
  'pragma' => 'no-cache',
  'content-length' => '42',
  'connection' => 'close',
  'host' => 'api.hardphp.com',
)
[ info ] [ PARAM ] array (
  'signature' => '37d7b5e3d72e32c75290100a102e0eb7',
)
[ info ] [ DB ] INIT mysql
[ info ] [ RUN ] app\admin\controller\Admin->getuser[ D:\phpStudy2016\WWW\hardphp\application\admin\controller\Admin.php ]
[ info ] [ LOG ] INIT File
---------------------------------------------------------------
[ 2019-10-24T16:45:37+08:00 ] 127.0.0.1 GET api.hardphp.com/uploads/images/20190322/41ef26c97b94a327562671abd56385a6.jpg
[运行时间：0.034000s] [吞吐率：29.41req/s] [内存消耗：1,769.54kb] [文件加载：56]
[ info ] [ LANG ] D:\phpStudy2016\WWW\hardphp\thinkphp\lang\zh-cn.php
[ info ] [ ROUTE ] array (
  'type' => 'module',
  'module' => 
  array (
    0 => 'uploads',
    1 => 'images',
    2 => '20190322',
  ),
)
[ info ] [ HEADER ] array (
  'host' => 'api.hardphp.com',
  'connection' => 'keep-alive',
  'pragma' => 'no-cache',
  'cache-control' => 'no-cache',
  'user-agent' => 'Mozilla/5.0 (Windows NT 6.1; Win64; x64) AppleWebKit/537.36 (KHTML, like Gecko) Chrome/74.0.3729.131 Safari/537.36',
  'accept' => 'image/webp,image/apng,image/*,*/*;q=0.8',
  'referer' => 'http://localhost:8080/',
  'accept-encoding' => 'gzip, deflate',
  'accept-language' => 'zh-CN,zh;q=0.9',
)
[ info ] [ PARAM ] array (
)
[ info ] [ LOG ] INIT File
---------------------------------------------------------------
[ 2019-10-24T16:49:20+08:00 ] 127.0.0.1 POST api.hardphp.com/index.php/admin/admin/getuser
[运行时间：0.120000s] [吞吐率：8.33req/s] [内存消耗：3,512.10kb] [文件加载：80]
[ info ] [ LANG ] D:\phpStudy2016\WWW\hardphp\thinkphp\lang\zh-cn.php
[ info ] [ ROUTE ] array (
  'type' => 'module',
  'module' => 
  array (
    0 => 'admin',
    1 => 'admin',
    2 => 'getuser',
  ),
)
[ info ] [ HEADER ] array (
  'x-forwarded-host' => 'localhost:8080',
  'x-forwarded-proto' => 'http',
  'x-forwarded-port' => '8080',
  'x-forwarded-for' => '127.0.0.1',
  'cookie' => 'Admin-Token=D8CB1A55BE0461A8D24E7A455F7D8C75MDAwMDAwMDAwML6Mna-FqrqSib2cgMOHoIC7o36CkY6xfLjQzqGGZIXVuGadr4u5um-LunZ_w4efabGmjmWDo3-gu5SsqIhkp6vHZJ3Ynau-moXTqGG4nZSnyX-ohIONk4a7qbuyiIiJ18hkZtWLu8iImtBxpbuJaK65p46lhn5yj7rRsHyOY5HdsqChyoeptqWHraRkvGOGeLaknHmTpIust87Sq5d6garFoaG6haShdg',
  'accept-language' => 'zh-CN,zh;q=0.9',
  'accept-encoding' => 'gzip, deflate, br',
  'referer' => 'http://localhost:8080/',
  'content-type' => 'application/x-www-form-urlencoded;charset=UTF-8',
  'x-access-appid' => 'ty9fd2848a039ab554',
  'user-agent' => 'Mozilla/5.0 (Windows NT 6.1; Win64; x64) AppleWebKit/537.36 (KHTML, like Gecko) Chrome/74.0.3729.131 Safari/537.36',
  'x-access-token' => 'D8CB1A55BE0461A8D24E7A455F7D8C75MDAwMDAwMDAwML6Mna-FqrqSib2cgMOHoIC7o36CkY6xfLjQzqGGZIXVuGadr4u5um-LunZ_w4efabGmjmWDo3-gu5SsqIhkp6vHZJ3Ynau-moXTqGG4nZSnyX-ohIONk4a7qbuyiIiJ18hkZtWLu8iImtBxpbuJaK65p46lhn5yj7rRsHyOY5HdsqChyoeptqWHraRkvGOGeLaknHmTpIust87Sq5d6garFoaG6haShdg',
  'origin' => 'http://localhost:8080',
  'accept' => 'application/json, text/plain, */*',
  'cache-control' => 'no-cache',
  'pragma' => 'no-cache',
  'content-length' => '42',
  'connection' => 'close',
  'host' => 'api.hardphp.com',
)
[ info ] [ PARAM ] array (
  'signature' => '37d7b5e3d72e32c75290100a102e0eb7',
)
[ info ] [ DB ] INIT mysql
[ info ] [ RUN ] app\admin\controller\Admin->getuser[ D:\phpStudy2016\WWW\hardphp\application\admin\controller\Admin.php ]
[ info ] [ LOG ] INIT File
---------------------------------------------------------------
[ 2019-10-24T16:49:21+08:00 ] 127.0.0.1 GET api.hardphp.com/uploads/images/20190322/41ef26c97b94a327562671abd56385a6.jpg
[运行时间：0.037000s] [吞吐率：27.03req/s] [内存消耗：1,769.54kb] [文件加载：56]
[ info ] [ LANG ] D:\phpStudy2016\WWW\hardphp\thinkphp\lang\zh-cn.php
[ info ] [ ROUTE ] array (
  'type' => 'module',
  'module' => 
  array (
    0 => 'uploads',
    1 => 'images',
    2 => '20190322',
  ),
)
[ info ] [ HEADER ] array (
  'host' => 'api.hardphp.com',
  'connection' => 'keep-alive',
  'pragma' => 'no-cache',
  'cache-control' => 'no-cache',
  'user-agent' => 'Mozilla/5.0 (Windows NT 6.1; Win64; x64) AppleWebKit/537.36 (KHTML, like Gecko) Chrome/74.0.3729.131 Safari/537.36',
  'accept' => 'image/webp,image/apng,image/*,*/*;q=0.8',
  'referer' => 'http://localhost:8080/',
  'accept-encoding' => 'gzip, deflate',
  'accept-language' => 'zh-CN,zh;q=0.9',
)
[ info ] [ PARAM ] array (
)
[ info ] [ LOG ] INIT File
---------------------------------------------------------------
[ 2019-10-24T16:50:11+08:00 ] 127.0.0.1 POST api.hardphp.com/index.php/admin/admin/getuser
[运行时间：0.109000s] [吞吐率：9.17req/s] [内存消耗：3,512.10kb] [文件加载：80]
[ info ] [ LANG ] D:\phpStudy2016\WWW\hardphp\thinkphp\lang\zh-cn.php
[ info ] [ ROUTE ] array (
  'type' => 'module',
  'module' => 
  array (
    0 => 'admin',
    1 => 'admin',
    2 => 'getuser',
  ),
)
[ info ] [ HEADER ] array (
  'x-forwarded-host' => 'localhost:8080',
  'x-forwarded-proto' => 'http',
  'x-forwarded-port' => '8080',
  'x-forwarded-for' => '127.0.0.1',
  'cookie' => 'Admin-Token=D8CB1A55BE0461A8D24E7A455F7D8C75MDAwMDAwMDAwML6Mna-FqrqSib2cgMOHoIC7o36CkY6xfLjQzqGGZIXVuGadr4u5um-LunZ_w4efabGmjmWDo3-gu5SsqIhkp6vHZJ3Ynau-moXTqGG4nZSnyX-ohIONk4a7qbuyiIiJ18hkZtWLu8iImtBxpbuJaK65p46lhn5yj7rRsHyOY5HdsqChyoeptqWHraRkvGOGeLaknHmTpIust87Sq5d6garFoaG6haShdg',
  'accept-language' => 'zh-CN,zh;q=0.9',
  'accept-encoding' => 'gzip, deflate, br',
  'referer' => 'http://localhost:8080/',
  'content-type' => 'application/x-www-form-urlencoded;charset=UTF-8',
  'x-access-appid' => 'ty9fd2848a039ab554',
  'user-agent' => 'Mozilla/5.0 (Windows NT 6.1; Win64; x64) AppleWebKit/537.36 (KHTML, like Gecko) Chrome/74.0.3729.131 Safari/537.36',
  'x-access-token' => 'D8CB1A55BE0461A8D24E7A455F7D8C75MDAwMDAwMDAwML6Mna-FqrqSib2cgMOHoIC7o36CkY6xfLjQzqGGZIXVuGadr4u5um-LunZ_w4efabGmjmWDo3-gu5SsqIhkp6vHZJ3Ynau-moXTqGG4nZSnyX-ohIONk4a7qbuyiIiJ18hkZtWLu8iImtBxpbuJaK65p46lhn5yj7rRsHyOY5HdsqChyoeptqWHraRkvGOGeLaknHmTpIust87Sq5d6garFoaG6haShdg',
  'origin' => 'http://localhost:8080',
  'accept' => 'application/json, text/plain, */*',
  'cache-control' => 'no-cache',
  'pragma' => 'no-cache',
  'content-length' => '42',
  'connection' => 'close',
  'host' => 'api.hardphp.com',
)
[ info ] [ PARAM ] array (
  'signature' => '37d7b5e3d72e32c75290100a102e0eb7',
)
[ info ] [ DB ] INIT mysql
[ info ] [ RUN ] app\admin\controller\Admin->getuser[ D:\phpStudy2016\WWW\hardphp\application\admin\controller\Admin.php ]
[ info ] [ LOG ] INIT File
---------------------------------------------------------------
[ 2019-10-24T16:50:12+08:00 ] 127.0.0.1 GET api.hardphp.com/uploads/images/20190322/41ef26c97b94a327562671abd56385a6.jpg
[运行时间：0.030000s] [吞吐率：33.33req/s] [内存消耗：1,769.54kb] [文件加载：56]
[ info ] [ LANG ] D:\phpStudy2016\WWW\hardphp\thinkphp\lang\zh-cn.php
[ info ] [ ROUTE ] array (
  'type' => 'module',
  'module' => 
  array (
    0 => 'uploads',
    1 => 'images',
    2 => '20190322',
  ),
)
[ info ] [ HEADER ] array (
  'host' => 'api.hardphp.com',
  'connection' => 'keep-alive',
  'pragma' => 'no-cache',
  'cache-control' => 'no-cache',
  'user-agent' => 'Mozilla/5.0 (Windows NT 6.1; Win64; x64) AppleWebKit/537.36 (KHTML, like Gecko) Chrome/74.0.3729.131 Safari/537.36',
  'accept' => 'image/webp,image/apng,image/*,*/*;q=0.8',
  'referer' => 'http://localhost:8080/',
  'accept-encoding' => 'gzip, deflate',
  'accept-language' => 'zh-CN,zh;q=0.9',
)
[ info ] [ PARAM ] array (
)
[ info ] [ LOG ] INIT File
