---------------------------------------------------------------
[ 2019-10-26T09:39:04+08:00 ] 127.0.0.1 POST api.hardphp.com/index.php/admin/login/index
[ sql ] [ DB ] CONNECT:[ UseTime:0.011000s ] mysql:host=127.0.0.1;dbname=tp5qpi;charset=utf8
[ sql ] [ SQL ] SHOW COLUMNS FROM `tp_app` [ RunTime:0.064000s ]
[ sql ] [ SQL ] SELECT * FROM `tp_app` WHERE  `appId` = 'ty9fd2848a039ab554' LIMIT 1 [ RunTime:0.001000s ]
[ sql ] [ SQL ] SHOW COLUMNS FROM `tp_admin` [ RunTime:0.026000s ]
[ sql ] [ SQL ] SELECT `a`.*,`b`.`title` FROM `tp_admin` `a` LEFT JOIN `tp_auth_group` `b` ON `a`.`groupId`=`b`.`id` WHERE  `userName` = 'admin' LIMIT 1 [ RunTime:0.009000s ]
[ sql ] [ SQL ] SHOW COLUMNS FROM `tp_auth_group` [ RunTime:0.008000s ]
[ sql ] [ SQL ] SELECT * FROM `tp_auth_group` WHERE  `id` = 1 LIMIT 1 [ RunTime:0.000000s ]
[ sql ] [ SQL ] SHOW COLUMNS FROM `tp_login_log` [ RunTime:0.008000s ]
[ sql ] [ SQL ] INSERT INTO `tp_login_log` (`uid` , `userName` , `roles` , `loginTime` , `loginIp`) VALUES (1 , 'admin' , '超级管理员' , 1572053944 , '127.0.0.1') [ RunTime:0.082000s ]
[ sql ] [ SQL ] UPDATE `tp_admin`  SET `loginTime`=1572053944  WHERE  `id` = 1 [ RunTime:0.037000s ]
---------------------------------------------------------------
[ 2019-10-26T09:39:04+08:00 ] 127.0.0.1 POST api.hardphp.com/index.php/admin/admin/getuser
[ sql ] [ DB ] CONNECT:[ UseTime:0.010000s ] mysql:host=127.0.0.1;dbname=tp5qpi;charset=utf8
[ sql ] [ SQL ] SHOW COLUMNS FROM `tp_app` [ RunTime:0.007000s ]
[ sql ] [ SQL ] SELECT * FROM `tp_app` WHERE  `appId` = 'ty9fd2848a039ab554' LIMIT 1 [ RunTime:0.001000s ]
[ sql ] [ SQL ] SHOW COLUMNS FROM `tp_admin` [ RunTime:0.006000s ]
[ sql ] [ SQL ] SELECT * FROM `tp_admin` WHERE  `id` = 1 LIMIT 1 [ RunTime:0.001000s ]
[ sql ] [ SQL ] SHOW COLUMNS FROM `tp_auth_rule` [ RunTime:0.026000s ]
[ sql ] [ SQL ] SELECT * FROM `tp_auth_rule` WHERE  `name` = 'admin/admin/getuser' LIMIT 1 [ RunTime:0.001000s ]
[ sql ] [ SQL ] SHOW COLUMNS FROM `tp_auth_group` [ RunTime:0.008000s ]
[ sql ] [ SQL ] SELECT * FROM `tp_auth_group` WHERE  `id` = 1 LIMIT 1 [ RunTime:0.001000s ]
[ sql ] [ SQL ] SELECT * FROM `tp_auth_rule` WHERE  `id` IN (44,45,41,43,42,39,40,1,38,7,2)  AND `status` = 1 ORDER BY `sorts` [ RunTime:0.001000s ]
[ sql ] [ SQL ] SELECT * FROM `tp_auth_group` WHERE  `id` = 1 LIMIT 1 [ RunTime:0.000000s ]
---------------------------------------------------------------
[ 2019-10-26T09:54:24+08:00 ] 127.0.0.1 POST api.hardphp.com/index.php/admin/admin/getuser
[ sql ] [ DB ] CONNECT:[ UseTime:0.001000s ] mysql:host=127.0.0.1;dbname=tp5qpi;charset=utf8
[ sql ] [ SQL ] SHOW COLUMNS FROM `tp_app` [ RunTime:0.008000s ]
[ sql ] [ SQL ] SELECT * FROM `tp_app` WHERE  `appId` = 'ty9fd2848a039ab554' LIMIT 1 [ RunTime:0.000000s ]
[ sql ] [ SQL ] SHOW COLUMNS FROM `tp_admin` [ RunTime:0.007000s ]
[ sql ] [ SQL ] SELECT * FROM `tp_admin` WHERE  `id` = 1 LIMIT 1 [ RunTime:0.001000s ]
[ sql ] [ SQL ] SHOW COLUMNS FROM `tp_auth_rule` [ RunTime:0.007000s ]
[ sql ] [ SQL ] SELECT * FROM `tp_auth_rule` WHERE  `name` = 'admin/admin/getuser' LIMIT 1 [ RunTime:0.000000s ]
[ sql ] [ SQL ] SHOW COLUMNS FROM `tp_auth_group` [ RunTime:0.008000s ]
[ sql ] [ SQL ] SELECT * FROM `tp_auth_group` WHERE  `id` = 1 LIMIT 1 [ RunTime:0.001000s ]
[ sql ] [ SQL ] SELECT * FROM `tp_auth_rule` WHERE  `id` IN (44,45,41,43,42,39,40,1,38,7,2)  AND `status` = 1 ORDER BY `sorts` [ RunTime:0.000000s ]
[ sql ] [ SQL ] SELECT * FROM `tp_auth_group` WHERE  `id` = 1 LIMIT 1 [ RunTime:0.000000s ]
---------------------------------------------------------------
[ 2019-10-26T09:56:31+08:00 ] 127.0.0.1 POST api.hardphp.com/index.php/admin/admin/getuser
[ sql ] [ DB ] CONNECT:[ UseTime:0.001000s ] mysql:host=127.0.0.1;dbname=tp5qpi;charset=utf8
[ sql ] [ SQL ] SHOW COLUMNS FROM `tp_app` [ RunTime:0.008000s ]
[ sql ] [ SQL ] SELECT * FROM `tp_app` WHERE  `appId` = 'ty9fd2848a039ab554' LIMIT 1 [ RunTime:0.001000s ]
[ sql ] [ SQL ] SHOW COLUMNS FROM `tp_admin` [ RunTime:0.007000s ]
[ sql ] [ SQL ] SELECT * FROM `tp_admin` WHERE  `id` = 1 LIMIT 1 [ RunTime:0.000000s ]
[ sql ] [ SQL ] SHOW COLUMNS FROM `tp_auth_rule` [ RunTime:0.009000s ]
[ sql ] [ SQL ] SELECT * FROM `tp_auth_rule` WHERE  `name` = 'admin/admin/getuser' LIMIT 1 [ RunTime:0.001000s ]
[ sql ] [ SQL ] SHOW COLUMNS FROM `tp_auth_group` [ RunTime:0.010000s ]
[ sql ] [ SQL ] SELECT * FROM `tp_auth_group` WHERE  `id` = 1 LIMIT 1 [ RunTime:0.000000s ]
[ sql ] [ SQL ] SELECT * FROM `tp_auth_rule` WHERE  `id` IN (44,45,41,43,42,39,40,1,38,7,2)  AND `status` = 1 ORDER BY `sorts` [ RunTime:0.000000s ]
[ sql ] [ SQL ] SELECT * FROM `tp_auth_group` WHERE  `id` = 1 LIMIT 1 [ RunTime:0.000000s ]
---------------------------------------------------------------
[ 2019-10-26T10:08:35+08:00 ] 127.0.0.1 POST api.hardphp.com/index.php/admin/admin/getuser
[ sql ] [ DB ] CONNECT:[ UseTime:0.002000s ] mysql:host=127.0.0.1;dbname=tp5qpi;charset=utf8
[ sql ] [ SQL ] SHOW COLUMNS FROM `tp_app` [ RunTime:0.009000s ]
[ sql ] [ SQL ] SELECT * FROM `tp_app` WHERE  `appId` = 'ty9fd2848a039ab554' LIMIT 1 [ RunTime:0.001000s ]
[ sql ] [ SQL ] SHOW COLUMNS FROM `tp_admin` [ RunTime:0.008000s ]
[ sql ] [ SQL ] SELECT * FROM `tp_admin` WHERE  `id` = 1 LIMIT 1 [ RunTime:0.001000s ]
[ sql ] [ SQL ] SHOW COLUMNS FROM `tp_auth_rule` [ RunTime:0.008000s ]
[ sql ] [ SQL ] SELECT * FROM `tp_auth_rule` WHERE  `name` = 'admin/admin/getuser' LIMIT 1 [ RunTime:0.002000s ]
[ sql ] [ SQL ] SHOW COLUMNS FROM `tp_auth_group` [ RunTime:0.008000s ]
[ sql ] [ SQL ] SELECT * FROM `tp_auth_group` WHERE  `id` = 1 LIMIT 1 [ RunTime:0.011000s ]
[ sql ] [ SQL ] SELECT * FROM `tp_auth_rule` WHERE  `id` IN (44,45,41,43,42,39,40,1,38,7,2)  AND `status` = 1 ORDER BY `sorts` [ RunTime:0.002000s ]
[ sql ] [ SQL ] SELECT * FROM `tp_auth_group` WHERE  `id` = 1 LIMIT 1 [ RunTime:0.001000s ]
---------------------------------------------------------------
[ 2019-10-26T10:08:41+08:00 ] 127.0.0.1 POST api.hardphp.com/index.php/admin/admin/index
[ sql ] [ DB ] CONNECT:[ UseTime:0.010000s ] mysql:host=127.0.0.1;dbname=tp5qpi;charset=utf8
[ sql ] [ SQL ] SHOW COLUMNS FROM `tp_app` [ RunTime:0.012000s ]
[ sql ] [ SQL ] SELECT * FROM `tp_app` WHERE  `appId` = 'ty9fd2848a039ab554' LIMIT 1 [ RunTime:0.001000s ]
[ sql ] [ SQL ] SHOW COLUMNS FROM `tp_admin` [ RunTime:0.011000s ]
[ sql ] [ SQL ] SELECT * FROM `tp_admin` WHERE  `id` = 1 LIMIT 1 [ RunTime:0.001000s ]
[ sql ] [ SQL ] SHOW COLUMNS FROM `tp_auth_rule` [ RunTime:0.012000s ]
[ sql ] [ SQL ] SELECT * FROM `tp_auth_rule` WHERE  `name` = 'admin/admin/index' LIMIT 1 [ RunTime:0.001000s ]
[ sql ] [ SQL ] SELECT `a`.*,`b`.`title` FROM `tp_admin` `a` LEFT JOIN `tp_auth_group` `b` ON `a`.`groupId`=`b`.`id` ORDER BY `a`.`id` DESC LIMIT 0,10 [ RunTime:0.001000s ]
[ sql ] [ SQL ] SELECT COUNT(*) AS tp_count FROM `tp_admin` `a` LEFT JOIN `tp_auth_group` `b` ON `a`.`groupId`=`b`.`id` LIMIT 1 [ RunTime:0.001000s ]
---------------------------------------------------------------
[ 2019-10-26T10:08:41+08:00 ] 127.0.0.1 POST api.hardphp.com/index.php/admin/roles/getLists
[ sql ] [ DB ] CONNECT:[ UseTime:0.011000s ] mysql:host=127.0.0.1;dbname=tp5qpi;charset=utf8
[ sql ] [ SQL ] SHOW COLUMNS FROM `tp_app` [ RunTime:0.011000s ]
[ sql ] [ SQL ] SELECT * FROM `tp_app` WHERE  `appId` = 'ty9fd2848a039ab554' LIMIT 1 [ RunTime:0.001000s ]
[ sql ] [ SQL ] SHOW COLUMNS FROM `tp_admin` [ RunTime:0.008000s ]
[ sql ] [ SQL ] SELECT * FROM `tp_admin` WHERE  `id` = 1 LIMIT 1 [ RunTime:0.001000s ]
[ sql ] [ SQL ] SHOW COLUMNS FROM `tp_auth_rule` [ RunTime:0.008000s ]
[ sql ] [ SQL ] SELECT * FROM `tp_auth_rule` WHERE  `name` = 'admin/roles/getlists' LIMIT 1 [ RunTime:0.001000s ]
[ sql ] [ SQL ] SHOW COLUMNS FROM `tp_auth_group` [ RunTime:0.007000s ]
[ sql ] [ SQL ] SELECT `a`.* FROM `tp_auth_group` `a` WHERE  (  1 and a.status =  1 ) ORDER BY `a`.`id` ASC [ RunTime:0.000000s ]
---------------------------------------------------------------
[ 2019-10-26T10:21:47+08:00 ] 127.0.0.1 POST api.hardphp.com/index.php/admin/admin/getuser
[ sql ] [ DB ] CONNECT:[ UseTime:0.001000s ] mysql:host=127.0.0.1;dbname=tp5qpi;charset=utf8
[ sql ] [ SQL ] SHOW COLUMNS FROM `tp_app` [ RunTime:0.010000s ]
[ sql ] [ SQL ] SELECT * FROM `tp_app` WHERE  `appId` = 'ty9fd2848a039ab554' LIMIT 1 [ RunTime:0.001000s ]
[ sql ] [ SQL ] SHOW COLUMNS FROM `tp_admin` [ RunTime:0.010000s ]
[ sql ] [ SQL ] SELECT * FROM `tp_admin` WHERE  `id` = 1 LIMIT 1 [ RunTime:0.001000s ]
[ sql ] [ SQL ] SHOW COLUMNS FROM `tp_auth_rule` [ RunTime:0.012000s ]
[ sql ] [ SQL ] SELECT * FROM `tp_auth_rule` WHERE  `name` = 'admin/admin/getuser' LIMIT 1 [ RunTime:0.003000s ]
[ sql ] [ SQL ] SHOW COLUMNS FROM `tp_auth_group` [ RunTime:0.020000s ]
[ sql ] [ SQL ] SELECT * FROM `tp_auth_group` WHERE  `id` = 1 LIMIT 1 [ RunTime:0.005000s ]
[ sql ] [ SQL ] SELECT * FROM `tp_auth_rule` WHERE  `id` IN (44,45,41,43,42,39,40,1,38,7,2)  AND `status` = 1 ORDER BY `sorts` [ RunTime:0.002000s ]
[ sql ] [ SQL ] SELECT * FROM `tp_auth_group` WHERE  `id` = 1 LIMIT 1 [ RunTime:0.002000s ]
---------------------------------------------------------------
[ 2019-10-26T10:22:17+08:00 ] 127.0.0.1 POST api.hardphp.com/index.php/admin/admin/getuser
[ sql ] [ DB ] CONNECT:[ UseTime:0.001000s ] mysql:host=127.0.0.1;dbname=tp5qpi;charset=utf8
[ sql ] [ SQL ] SHOW COLUMNS FROM `tp_app` [ RunTime:0.011000s ]
[ sql ] [ SQL ] SELECT * FROM `tp_app` WHERE  `appId` = 'ty9fd2848a039ab554' LIMIT 1 [ RunTime:0.001000s ]
[ sql ] [ SQL ] SHOW COLUMNS FROM `tp_admin` [ RunTime:0.012000s ]
[ sql ] [ SQL ] SELECT * FROM `tp_admin` WHERE  `id` = 1 LIMIT 1 [ RunTime:0.000000s ]
[ sql ] [ SQL ] SHOW COLUMNS FROM `tp_auth_rule` [ RunTime:0.008000s ]
[ sql ] [ SQL ] SELECT * FROM `tp_auth_rule` WHERE  `name` = 'admin/admin/getuser' LIMIT 1 [ RunTime:0.001000s ]
[ sql ] [ SQL ] SHOW COLUMNS FROM `tp_auth_group` [ RunTime:0.018000s ]
[ sql ] [ SQL ] SELECT * FROM `tp_auth_group` WHERE  `id` = 1 LIMIT 1 [ RunTime:0.002000s ]
[ sql ] [ SQL ] SELECT * FROM `tp_auth_rule` WHERE  `id` IN (44,45,41,43,42,39,40,1,38,7,2)  AND `status` = 1 ORDER BY `sorts` [ RunTime:0.001000s ]
[ sql ] [ SQL ] SELECT * FROM `tp_auth_group` WHERE  `id` = 1 LIMIT 1 [ RunTime:0.000000s ]
---------------------------------------------------------------
[ 2019-10-26T10:27:32+08:00 ] 127.0.0.1 POST api.hardphp.com/index.php/admin/admin/getuser
[ sql ] [ DB ] CONNECT:[ UseTime:0.001000s ] mysql:host=127.0.0.1;dbname=tp5qpi;charset=utf8
[ sql ] [ SQL ] SHOW COLUMNS FROM `tp_app` [ RunTime:0.013000s ]
[ sql ] [ SQL ] SELECT * FROM `tp_app` WHERE  `appId` = 'ty9fd2848a039ab554' LIMIT 1 [ RunTime:0.001000s ]
[ sql ] [ SQL ] SHOW COLUMNS FROM `tp_admin` [ RunTime:0.011000s ]
[ sql ] [ SQL ] SELECT * FROM `tp_admin` WHERE  `id` = 1 LIMIT 1 [ RunTime:0.001000s ]
[ sql ] [ SQL ] SHOW COLUMNS FROM `tp_auth_rule` [ RunTime:0.009000s ]
[ sql ] [ SQL ] SELECT * FROM `tp_auth_rule` WHERE  `name` = 'admin/admin/getuser' LIMIT 1 [ RunTime:0.000000s ]
[ sql ] [ SQL ] SHOW COLUMNS FROM `tp_auth_group` [ RunTime:0.016000s ]
[ sql ] [ SQL ] SELECT * FROM `tp_auth_group` WHERE  `id` = 1 LIMIT 1 [ RunTime:0.003000s ]
[ sql ] [ SQL ] SELECT * FROM `tp_auth_rule` WHERE  `id` IN (44,45,41,43,42,39,40,1,38,7,2)  AND `status` = 1 ORDER BY `sorts` [ RunTime:0.009000s ]
[ sql ] [ SQL ] SELECT * FROM `tp_auth_group` WHERE  `id` = 1 LIMIT 1 [ RunTime:0.002000s ]
---------------------------------------------------------------
[ 2019-10-26T10:34:10+08:00 ] 127.0.0.1 POST api.hardphp.com/index.php/admin/admin/getuser
[ sql ] [ DB ] CONNECT:[ UseTime:0.001000s ] mysql:host=127.0.0.1;dbname=tp5qpi;charset=utf8
[ sql ] [ SQL ] SHOW COLUMNS FROM `tp_app` [ RunTime:0.008000s ]
[ sql ] [ SQL ] SELECT * FROM `tp_app` WHERE  `appId` = 'ty9fd2848a039ab554' LIMIT 1 [ RunTime:0.001000s ]
[ sql ] [ SQL ] SHOW COLUMNS FROM `tp_admin` [ RunTime:0.008000s ]
[ sql ] [ SQL ] SELECT * FROM `tp_admin` WHERE  `id` = 1 LIMIT 1 [ RunTime:0.000000s ]
[ sql ] [ SQL ] SHOW COLUMNS FROM `tp_auth_rule` [ RunTime:0.007000s ]
[ sql ] [ SQL ] SELECT * FROM `tp_auth_rule` WHERE  `name` = 'admin/admin/getuser' LIMIT 1 [ RunTime:0.001000s ]
[ sql ] [ SQL ] SHOW COLUMNS FROM `tp_auth_group` [ RunTime:0.008000s ]
[ sql ] [ SQL ] SELECT * FROM `tp_auth_group` WHERE  `id` = 1 LIMIT 1 [ RunTime:0.000000s ]
[ sql ] [ SQL ] SELECT * FROM `tp_auth_rule` WHERE  `id` IN (44,45,41,43,42,39,40,1,38,7,2)  AND `status` = 1 ORDER BY `sorts` [ RunTime:0.000000s ]
[ sql ] [ SQL ] SELECT * FROM `tp_auth_group` WHERE  `id` = 1 LIMIT 1 [ RunTime:0.001000s ]
---------------------------------------------------------------
[ 2019-10-26T10:34:25+08:00 ] 127.0.0.1 POST api.hardphp.com/index.php/admin/admin/getuser
[ sql ] [ DB ] CONNECT:[ UseTime:0.001000s ] mysql:host=127.0.0.1;dbname=tp5qpi;charset=utf8
[ sql ] [ SQL ] SHOW COLUMNS FROM `tp_app` [ RunTime:0.009000s ]
[ sql ] [ SQL ] SELECT * FROM `tp_app` WHERE  `appId` = 'ty9fd2848a039ab554' LIMIT 1 [ RunTime:0.002000s ]
[ sql ] [ SQL ] SHOW COLUMNS FROM `tp_admin` [ RunTime:0.006000s ]
[ sql ] [ SQL ] SELECT * FROM `tp_admin` WHERE  `id` = 1 LIMIT 1 [ RunTime:0.001000s ]
[ sql ] [ SQL ] SHOW COLUMNS FROM `tp_auth_rule` [ RunTime:0.007000s ]
[ sql ] [ SQL ] SELECT * FROM `tp_auth_rule` WHERE  `name` = 'admin/admin/getuser' LIMIT 1 [ RunTime:0.001000s ]
[ sql ] [ SQL ] SHOW COLUMNS FROM `tp_auth_group` [ RunTime:0.008000s ]
[ sql ] [ SQL ] SELECT * FROM `tp_auth_group` WHERE  `id` = 1 LIMIT 1 [ RunTime:0.001000s ]
[ sql ] [ SQL ] SELECT * FROM `tp_auth_rule` WHERE  `id` IN (44,45,41,43,42,39,40,1,38,7,2)  AND `status` = 1 ORDER BY `sorts` [ RunTime:0.001000s ]
[ sql ] [ SQL ] SELECT * FROM `tp_auth_group` WHERE  `id` = 1 LIMIT 1 [ RunTime:0.001000s ]
---------------------------------------------------------------
[ 2019-10-26T10:34:30+08:00 ] 127.0.0.1 POST api.hardphp.com/index.php/admin/admin/getuser
[ sql ] [ DB ] CONNECT:[ UseTime:0.010000s ] mysql:host=127.0.0.1;dbname=tp5qpi;charset=utf8
[ sql ] [ SQL ] SHOW COLUMNS FROM `tp_app` [ RunTime:0.006000s ]
[ sql ] [ SQL ] SELECT * FROM `tp_app` WHERE  `appId` = 'ty9fd2848a039ab554' LIMIT 1 [ RunTime:0.001000s ]
[ sql ] [ SQL ] SHOW COLUMNS FROM `tp_admin` [ RunTime:0.008000s ]
[ sql ] [ SQL ] SELECT * FROM `tp_admin` WHERE  `id` = 1 LIMIT 1 [ RunTime:0.001000s ]
[ sql ] [ SQL ] SHOW COLUMNS FROM `tp_auth_rule` [ RunTime:0.006000s ]
[ sql ] [ SQL ] SELECT * FROM `tp_auth_rule` WHERE  `name` = 'admin/admin/getuser' LIMIT 1 [ RunTime:0.000000s ]
[ sql ] [ SQL ] SHOW COLUMNS FROM `tp_auth_group` [ RunTime:0.008000s ]
[ sql ] [ SQL ] SELECT * FROM `tp_auth_group` WHERE  `id` = 1 LIMIT 1 [ RunTime:0.002000s ]
[ sql ] [ SQL ] SELECT * FROM `tp_auth_rule` WHERE  `id` IN (44,45,41,43,42,39,40,1,38,7,2)  AND `status` = 1 ORDER BY `sorts` [ RunTime:0.000000s ]
[ sql ] [ SQL ] SELECT * FROM `tp_auth_group` WHERE  `id` = 1 LIMIT 1 [ RunTime:0.001000s ]
---------------------------------------------------------------
[ 2019-10-26T11:23:45+08:00 ] 127.0.0.1 POST api.hardphp.com/index.php/admin/admin/getuser
[ sql ] [ DB ] CONNECT:[ UseTime:0.011000s ] mysql:host=127.0.0.1;dbname=tp5qpi;charset=utf8
[ sql ] [ SQL ] SHOW COLUMNS FROM `tp_app` [ RunTime:0.007000s ]
[ sql ] [ SQL ] SELECT * FROM `tp_app` WHERE  `appId` = 'ty9fd2848a039ab554' LIMIT 1 [ RunTime:0.000000s ]
[ sql ] [ SQL ] SHOW COLUMNS FROM `tp_admin` [ RunTime:0.008000s ]
[ sql ] [ SQL ] SELECT * FROM `tp_admin` WHERE  `id` = 1 LIMIT 1 [ RunTime:0.001000s ]
[ sql ] [ SQL ] SHOW COLUMNS FROM `tp_auth_rule` [ RunTime:0.007000s ]
[ sql ] [ SQL ] SELECT * FROM `tp_auth_rule` WHERE  `name` = 'admin/admin/getuser' LIMIT 1 [ RunTime:0.001000s ]
[ sql ] [ SQL ] SHOW COLUMNS FROM `tp_auth_group` [ RunTime:0.007000s ]
[ sql ] [ SQL ] SELECT * FROM `tp_auth_group` WHERE  `id` = 1 LIMIT 1 [ RunTime:0.001000s ]
[ sql ] [ SQL ] SELECT * FROM `tp_auth_rule` WHERE  `id` IN (44,45,41,43,42,39,40,1,38,7,2)  AND `status` = 1 ORDER BY `sorts` [ RunTime:0.001000s ]
[ sql ] [ SQL ] SELECT * FROM `tp_auth_group` WHERE  `id` = 1 LIMIT 1 [ RunTime:0.000000s ]
---------------------------------------------------------------
[ 2019-10-26T11:26:05+08:00 ] 127.0.0.1 POST api.hardphp.com/index.php/admin/admin/getuser
[ sql ] [ DB ] CONNECT:[ UseTime:0.010000s ] mysql:host=127.0.0.1;dbname=tp5qpi;charset=utf8
[ sql ] [ SQL ] SHOW COLUMNS FROM `tp_app` [ RunTime:0.009000s ]
[ sql ] [ SQL ] SELECT * FROM `tp_app` WHERE  `appId` = 'ty9fd2848a039ab554' LIMIT 1 [ RunTime:0.001000s ]
[ sql ] [ SQL ] SHOW COLUMNS FROM `tp_admin` [ RunTime:0.009000s ]
[ sql ] [ SQL ] SELECT * FROM `tp_admin` WHERE  `id` = 1 LIMIT 1 [ RunTime:0.001000s ]
[ sql ] [ SQL ] SHOW COLUMNS FROM `tp_auth_rule` [ RunTime:0.007000s ]
[ sql ] [ SQL ] SELECT * FROM `tp_auth_rule` WHERE  `name` = 'admin/admin/getuser' LIMIT 1 [ RunTime:0.000000s ]
[ sql ] [ SQL ] SHOW COLUMNS FROM `tp_auth_group` [ RunTime:0.009000s ]
[ sql ] [ SQL ] SELECT * FROM `tp_auth_group` WHERE  `id` = 1 LIMIT 1 [ RunTime:0.001000s ]
[ sql ] [ SQL ] SELECT * FROM `tp_auth_rule` WHERE  `id` IN (44,45,41,43,42,39,40,1,38,7,2)  AND `status` = 1 ORDER BY `sorts` [ RunTime:0.001000s ]
[ sql ] [ SQL ] SELECT * FROM `tp_auth_group` WHERE  `id` = 1 LIMIT 1 [ RunTime:0.000000s ]
---------------------------------------------------------------
[ 2019-10-26T11:26:17+08:00 ] 127.0.0.1 POST api.hardphp.com/index.php/admin/admin/getuser
[ sql ] [ DB ] CONNECT:[ UseTime:0.002000s ] mysql:host=127.0.0.1;dbname=tp5qpi;charset=utf8
[ sql ] [ SQL ] SHOW COLUMNS FROM `tp_app` [ RunTime:0.010000s ]
[ sql ] [ SQL ] SELECT * FROM `tp_app` WHERE  `appId` = 'ty9fd2848a039ab554' LIMIT 1 [ RunTime:0.001000s ]
[ sql ] [ SQL ] SHOW COLUMNS FROM `tp_admin` [ RunTime:0.007000s ]
[ sql ] [ SQL ] SELECT * FROM `tp_admin` WHERE  `id` = 1 LIMIT 1 [ RunTime:0.001000s ]
[ sql ] [ SQL ] SHOW COLUMNS FROM `tp_auth_rule` [ RunTime:0.009000s ]
[ sql ] [ SQL ] SELECT * FROM `tp_auth_rule` WHERE  `name` = 'admin/admin/getuser' LIMIT 1 [ RunTime:0.001000s ]
[ sql ] [ SQL ] SHOW COLUMNS FROM `tp_auth_group` [ RunTime:0.015000s ]
[ sql ] [ SQL ] SELECT * FROM `tp_auth_group` WHERE  `id` = 1 LIMIT 1 [ RunTime:0.001000s ]
[ sql ] [ SQL ] SELECT * FROM `tp_auth_rule` WHERE  `id` IN (44,45,41,43,42,39,40,1,38,7,2)  AND `status` = 1 ORDER BY `sorts` [ RunTime:0.001000s ]
[ sql ] [ SQL ] SELECT * FROM `tp_auth_group` WHERE  `id` = 1 LIMIT 1 [ RunTime:0.001000s ]
---------------------------------------------------------------
[ 2019-10-26T11:33:59+08:00 ] 127.0.0.1 POST api.hardphp.com/index.php/admin/admin/getuser
[ sql ] [ DB ] CONNECT:[ UseTime:0.001000s ] mysql:host=127.0.0.1;dbname=tp5qpi;charset=utf8
[ sql ] [ SQL ] SHOW COLUMNS FROM `tp_app` [ RunTime:0.008000s ]
[ sql ] [ SQL ] SELECT * FROM `tp_app` WHERE  `appId` = 'ty9fd2848a039ab554' LIMIT 1 [ RunTime:0.000000s ]
[ sql ] [ SQL ] SHOW COLUMNS FROM `tp_admin` [ RunTime:0.007000s ]
[ sql ] [ SQL ] SELECT * FROM `tp_admin` WHERE  `id` = 1 LIMIT 1 [ RunTime:0.000000s ]
[ sql ] [ SQL ] SHOW COLUMNS FROM `tp_auth_rule` [ RunTime:0.008000s ]
[ sql ] [ SQL ] SELECT * FROM `tp_auth_rule` WHERE  `name` = 'admin/admin/getuser' LIMIT 1 [ RunTime:0.000000s ]
[ sql ] [ SQL ] SHOW COLUMNS FROM `tp_auth_group` [ RunTime:0.008000s ]
[ sql ] [ SQL ] SELECT * FROM `tp_auth_group` WHERE  `id` = 1 LIMIT 1 [ RunTime:0.001000s ]
[ sql ] [ SQL ] SELECT * FROM `tp_auth_rule` WHERE  `id` IN (44,45,41,43,42,39,40,1,38,7,2)  AND `status` = 1 ORDER BY `sorts` [ RunTime:0.001000s ]
---------------------------------------------------------------
[ 2019-10-26T11:38:55+08:00 ] 127.0.0.1 POST api.hardphp.com/index.php/admin/login/index
[ sql ] [ DB ] CONNECT:[ UseTime:0.010000s ] mysql:host=127.0.0.1;dbname=tp5qpi;charset=utf8
[ sql ] [ SQL ] SHOW COLUMNS FROM `tp_app` [ RunTime:0.007000s ]
[ sql ] [ SQL ] SELECT * FROM `tp_app` WHERE  `appId` = 'ty9fd2848a039ab554' LIMIT 1 [ RunTime:0.001000s ]
[ sql ] [ SQL ] SHOW COLUMNS FROM `tp_admin` [ RunTime:0.007000s ]
[ sql ] [ SQL ] SELECT `a`.*,`b`.`title` FROM `tp_admin` `a` LEFT JOIN `tp_auth_group` `b` ON `a`.`groupId`=`b`.`id` WHERE  `userName` = 'admin' LIMIT 1 [ RunTime:0.000000s ]
[ sql ] [ SQL ] SHOW COLUMNS FROM `tp_auth_group` [ RunTime:0.006000s ]
[ sql ] [ SQL ] SELECT * FROM `tp_auth_group` WHERE  `id` = 1 LIMIT 1 [ RunTime:0.000000s ]
[ sql ] [ SQL ] SHOW COLUMNS FROM `tp_login_log` [ RunTime:0.007000s ]
[ sql ] [ SQL ] INSERT INTO `tp_login_log` (`uid` , `userName` , `roles` , `loginTime` , `loginIp`) VALUES (1 , 'admin' , '超级管理员' , 1572061135 , '127.0.0.1') [ RunTime:0.037000s ]
[ sql ] [ SQL ] UPDATE `tp_admin`  SET `loginTime`=1572061135  WHERE  `id` = 1 [ RunTime:0.024000s ]
---------------------------------------------------------------
[ 2019-10-26T11:38:55+08:00 ] 127.0.0.1 POST api.hardphp.com/index.php/admin/admin/getuser
[ sql ] [ DB ] CONNECT:[ UseTime:0.010000s ] mysql:host=127.0.0.1;dbname=tp5qpi;charset=utf8
[ sql ] [ SQL ] SHOW COLUMNS FROM `tp_app` [ RunTime:0.006000s ]
[ sql ] [ SQL ] SELECT * FROM `tp_app` WHERE  `appId` = 'ty9fd2848a039ab554' LIMIT 1 [ RunTime:0.001000s ]
[ sql ] [ SQL ] SHOW COLUMNS FROM `tp_admin` [ RunTime:0.008000s ]
[ sql ] [ SQL ] SELECT * FROM `tp_admin` WHERE  `id` = 1 LIMIT 1 [ RunTime:0.001000s ]
[ sql ] [ SQL ] SHOW COLUMNS FROM `tp_auth_rule` [ RunTime:0.009000s ]
[ sql ] [ SQL ] SELECT * FROM `tp_auth_rule` WHERE  `name` = 'admin/admin/getuser' LIMIT 1 [ RunTime:0.001000s ]
[ sql ] [ SQL ] SHOW COLUMNS FROM `tp_auth_group` [ RunTime:0.006000s ]
[ sql ] [ SQL ] SELECT * FROM `tp_auth_group` WHERE  `id` = 1 LIMIT 1 [ RunTime:0.001000s ]
[ sql ] [ SQL ] SELECT * FROM `tp_auth_rule` WHERE  `id` IN (44,45,41,43,42,39,40,1,38,7,2)  AND `status` = 1 ORDER BY `sorts` [ RunTime:0.001000s ]
---------------------------------------------------------------
[ 2019-10-26T11:39:17+08:00 ] 127.0.0.1 POST api.hardphp.com/index.php/admin/login/index
[ sql ] [ DB ] CONNECT:[ UseTime:0.010000s ] mysql:host=127.0.0.1;dbname=tp5qpi;charset=utf8
[ sql ] [ SQL ] SHOW COLUMNS FROM `tp_app` [ RunTime:0.006000s ]
[ sql ] [ SQL ] SELECT * FROM `tp_app` WHERE  `appId` = 'ty9fd2848a039ab554' LIMIT 1 [ RunTime:0.000000s ]
[ sql ] [ SQL ] SHOW COLUMNS FROM `tp_admin` [ RunTime:0.007000s ]
[ sql ] [ SQL ] SELECT `a`.*,`b`.`title` FROM `tp_admin` `a` LEFT JOIN `tp_auth_group` `b` ON `a`.`groupId`=`b`.`id` WHERE  `userName` = 'admin' LIMIT 1 [ RunTime:0.000000s ]
[ sql ] [ SQL ] SHOW COLUMNS FROM `tp_auth_group` [ RunTime:0.007000s ]
[ sql ] [ SQL ] SELECT * FROM `tp_auth_group` WHERE  `id` = 1 LIMIT 1 [ RunTime:0.000000s ]
[ sql ] [ SQL ] SHOW COLUMNS FROM `tp_login_log` [ RunTime:0.007000s ]
[ sql ] [ SQL ] INSERT INTO `tp_login_log` (`uid` , `userName` , `roles` , `loginTime` , `loginIp`) VALUES (1 , 'admin' , '超级管理员' , 1572061157 , '127.0.0.1') [ RunTime:0.040000s ]
[ sql ] [ SQL ] UPDATE `tp_admin`  SET `loginTime`=1572061157  WHERE  `id` = 1 [ RunTime:0.024000s ]
---------------------------------------------------------------
[ 2019-10-26T11:39:17+08:00 ] 127.0.0.1 POST api.hardphp.com/index.php/admin/admin/getuser
[ sql ] [ DB ] CONNECT:[ UseTime:0.011000s ] mysql:host=127.0.0.1;dbname=tp5qpi;charset=utf8
[ sql ] [ SQL ] SHOW COLUMNS FROM `tp_app` [ RunTime:0.006000s ]
[ sql ] [ SQL ] SELECT * FROM `tp_app` WHERE  `appId` = 'ty9fd2848a039ab554' LIMIT 1 [ RunTime:0.001000s ]
[ sql ] [ SQL ] SHOW COLUMNS FROM `tp_admin` [ RunTime:0.006000s ]
[ sql ] [ SQL ] SELECT * FROM `tp_admin` WHERE  `id` = 1 LIMIT 1 [ RunTime:0.001000s ]
[ sql ] [ SQL ] SHOW COLUMNS FROM `tp_auth_rule` [ RunTime:0.008000s ]
[ sql ] [ SQL ] SELECT * FROM `tp_auth_rule` WHERE  `name` = 'admin/admin/getuser' LIMIT 1 [ RunTime:0.000000s ]
[ sql ] [ SQL ] SHOW COLUMNS FROM `tp_auth_group` [ RunTime:0.007000s ]
[ sql ] [ SQL ] SELECT * FROM `tp_auth_group` WHERE  `id` = 1 LIMIT 1 [ RunTime:0.000000s ]
[ sql ] [ SQL ] SELECT * FROM `tp_auth_rule` WHERE  `id` IN (44,45,41,43,42,39,40,1,38,7,2)  AND `status` = 1 ORDER BY `sorts` [ RunTime:0.001000s ]
[ sql ] [ SQL ] SELECT * FROM `tp_auth_group` WHERE  `id` = 1 LIMIT 1 [ RunTime:0.001000s ]
---------------------------------------------------------------
[ 2019-10-26T14:49:24+08:00 ] 127.0.0.1 POST api.hardphp.com/index.php/admin/admin/index
[ sql ] [ DB ] CONNECT:[ UseTime:0.000000s ] mysql:host=127.0.0.1;dbname=tp5qpi;charset=utf8
[ sql ] [ SQL ] SHOW COLUMNS FROM `tp_app` [ RunTime:0.012000s ]
[ sql ] [ SQL ] SELECT * FROM `tp_app` WHERE  `appId` = 'ty9fd2848a039ab554' LIMIT 1 [ RunTime:0.001000s ]
[ sql ] [ SQL ] SHOW COLUMNS FROM `tp_admin` [ RunTime:0.009000s ]
[ sql ] [ SQL ] SELECT * FROM `tp_admin` WHERE  `id` = 1 LIMIT 1 [ RunTime:0.000000s ]
[ sql ] [ SQL ] SHOW COLUMNS FROM `tp_auth_rule` [ RunTime:0.008000s ]
[ sql ] [ SQL ] SELECT * FROM `tp_auth_rule` WHERE  `name` = 'admin/admin/index' LIMIT 1 [ RunTime:0.001000s ]
[ sql ] [ SQL ] SELECT `a`.*,`b`.`title` FROM `tp_admin` `a` LEFT JOIN `tp_auth_group` `b` ON `a`.`groupId`=`b`.`id` ORDER BY `a`.`id` DESC LIMIT 0,10 [ RunTime:0.001000s ]
[ sql ] [ SQL ] SELECT COUNT(*) AS tp_count FROM `tp_admin` `a` LEFT JOIN `tp_auth_group` `b` ON `a`.`groupId`=`b`.`id` LIMIT 1 [ RunTime:0.000000s ]
---------------------------------------------------------------
[ 2019-10-26T14:49:24+08:00 ] 127.0.0.1 POST api.hardphp.com/index.php/admin/roles/getLists
[ sql ] [ DB ] CONNECT:[ UseTime:0.001000s ] mysql:host=127.0.0.1;dbname=tp5qpi;charset=utf8
[ sql ] [ SQL ] SHOW COLUMNS FROM `tp_app` [ RunTime:0.011000s ]
[ sql ] [ SQL ] SELECT * FROM `tp_app` WHERE  `appId` = 'ty9fd2848a039ab554' LIMIT 1 [ RunTime:0.000000s ]
[ sql ] [ SQL ] SHOW COLUMNS FROM `tp_admin` [ RunTime:0.009000s ]
[ sql ] [ SQL ] SELECT * FROM `tp_admin` WHERE  `id` = 1 LIMIT 1 [ RunTime:0.001000s ]
[ sql ] [ SQL ] SHOW COLUMNS FROM `tp_auth_rule` [ RunTime:0.010000s ]
[ sql ] [ SQL ] SELECT * FROM `tp_auth_rule` WHERE  `name` = 'admin/roles/getlists' LIMIT 1 [ RunTime:0.001000s ]
[ sql ] [ SQL ] SHOW COLUMNS FROM `tp_auth_group` [ RunTime:0.007000s ]
[ sql ] [ SQL ] SELECT `a`.* FROM `tp_auth_group` `a` WHERE  (  1 and a.status =  1 ) ORDER BY `a`.`id` ASC [ RunTime:0.001000s ]
---------------------------------------------------------------
[ 2019-10-26T14:49:29+08:00 ] 127.0.0.1 POST api.hardphp.com/index.php/admin/rules/index
[ sql ] [ DB ] CONNECT:[ UseTime:0.001000s ] mysql:host=127.0.0.1;dbname=tp5qpi;charset=utf8
[ sql ] [ SQL ] SHOW COLUMNS FROM `tp_app` [ RunTime:0.008000s ]
[ sql ] [ SQL ] SELECT * FROM `tp_app` WHERE  `appId` = 'ty9fd2848a039ab554' LIMIT 1 [ RunTime:0.001000s ]
[ sql ] [ SQL ] SHOW COLUMNS FROM `tp_admin` [ RunTime:0.007000s ]
[ sql ] [ SQL ] SELECT * FROM `tp_admin` WHERE  `id` = 1 LIMIT 1 [ RunTime:0.001000s ]
[ sql ] [ SQL ] SHOW COLUMNS FROM `tp_auth_rule` [ RunTime:0.007000s ]
[ sql ] [ SQL ] SELECT * FROM `tp_auth_rule` WHERE  `name` = 'admin/rules/index' LIMIT 1 [ RunTime:0.000000s ]
[ sql ] [ SQL ] SELECT `a`.* FROM `tp_auth_rule` `a` [ RunTime:0.000000s ]
---------------------------------------------------------------
[ 2019-10-26T14:49:38+08:00 ] 127.0.0.1 GET api.hardphp.com/index.php/admin/rules/getinfo?id=2&signature=24ebc3b2b359d4803edfe4882401b3c6
[ sql ] [ DB ] CONNECT:[ UseTime:0.001000s ] mysql:host=127.0.0.1;dbname=tp5qpi;charset=utf8
[ sql ] [ SQL ] SHOW COLUMNS FROM `tp_app` [ RunTime:0.017000s ]
[ sql ] [ SQL ] SELECT * FROM `tp_app` WHERE  `appId` = 'ty9fd2848a039ab554' LIMIT 1 [ RunTime:0.001000s ]
[ sql ] [ SQL ] SHOW COLUMNS FROM `tp_admin` [ RunTime:0.009000s ]
[ sql ] [ SQL ] SELECT * FROM `tp_admin` WHERE  `id` = 1 LIMIT 1 [ RunTime:0.001000s ]
[ sql ] [ SQL ] SHOW COLUMNS FROM `tp_auth_rule` [ RunTime:0.011000s ]
[ sql ] [ SQL ] SELECT * FROM `tp_auth_rule` WHERE  `name` = 'admin/rules/getinfo' LIMIT 1 [ RunTime:0.000000s ]
[ sql ] [ SQL ] SELECT * FROM `tp_auth_rule` WHERE  `id` = 2 LIMIT 1 [ RunTime:0.001000s ]
---------------------------------------------------------------
[ 2019-10-26T14:50:25+08:00 ] 127.0.0.1 POST api.hardphp.com/index.php/admin/rules/getLists
[ sql ] [ DB ] CONNECT:[ UseTime:0.001000s ] mysql:host=127.0.0.1;dbname=tp5qpi;charset=utf8
[ sql ] [ SQL ] SHOW COLUMNS FROM `tp_app` [ RunTime:0.010000s ]
[ sql ] [ SQL ] SELECT * FROM `tp_app` WHERE  `appId` = 'ty9fd2848a039ab554' LIMIT 1 [ RunTime:0.001000s ]
[ sql ] [ SQL ] SHOW COLUMNS FROM `tp_admin` [ RunTime:0.012000s ]
[ sql ] [ SQL ] SELECT * FROM `tp_admin` WHERE  `id` = 1 LIMIT 1 [ RunTime:0.001000s ]
[ sql ] [ SQL ] SHOW COLUMNS FROM `tp_auth_rule` [ RunTime:0.010000s ]
[ sql ] [ SQL ] SELECT * FROM `tp_auth_rule` WHERE  `name` = 'admin/rules/getlists' LIMIT 1 [ RunTime:0.001000s ]
[ sql ] [ SQL ] SELECT `a`.* FROM `tp_auth_rule` `a` WHERE  (  1 and a.status =  1 ) ORDER BY `a`.`id` DESC [ RunTime:0.000000s ]
---------------------------------------------------------------
[ 2019-10-26T14:50:25+08:00 ] 127.0.0.1 POST api.hardphp.com/index.php/admin/roles/index
[ sql ] [ DB ] CONNECT:[ UseTime:0.001000s ] mysql:host=127.0.0.1;dbname=tp5qpi;charset=utf8
[ sql ] [ SQL ] SHOW COLUMNS FROM `tp_app` [ RunTime:0.011000s ]
[ sql ] [ SQL ] SELECT * FROM `tp_app` WHERE  `appId` = 'ty9fd2848a039ab554' LIMIT 1 [ RunTime:0.001000s ]
[ sql ] [ SQL ] SHOW COLUMNS FROM `tp_admin` [ RunTime:0.010000s ]
[ sql ] [ SQL ] SELECT * FROM `tp_admin` WHERE  `id` = 1 LIMIT 1 [ RunTime:0.001000s ]
[ sql ] [ SQL ] SHOW COLUMNS FROM `tp_auth_rule` [ RunTime:0.009000s ]
[ sql ] [ SQL ] SELECT * FROM `tp_auth_rule` WHERE  `name` = 'admin/roles/index' LIMIT 1 [ RunTime:0.000000s ]
[ sql ] [ SQL ] SHOW COLUMNS FROM `tp_auth_group` [ RunTime:0.007000s ]
[ sql ] [ SQL ] SELECT * FROM `tp_auth_group` LIMIT 0,10 [ RunTime:0.001000s ]
[ sql ] [ SQL ] SELECT COUNT(*) AS tp_count FROM `tp_auth_group` LIMIT 1 [ RunTime:0.001000s ]
---------------------------------------------------------------
[ 2019-10-26T14:50:30+08:00 ] 127.0.0.1 GET api.hardphp.com/index.php/admin/roles/getinfo?id=2&signature=24ebc3b2b359d4803edfe4882401b3c6
[ sql ] [ DB ] CONNECT:[ UseTime:0.001000s ] mysql:host=127.0.0.1;dbname=tp5qpi;charset=utf8
[ sql ] [ SQL ] SHOW COLUMNS FROM `tp_app` [ RunTime:0.012000s ]
[ sql ] [ SQL ] SELECT * FROM `tp_app` WHERE  `appId` = 'ty9fd2848a039ab554' LIMIT 1 [ RunTime:0.001000s ]
[ sql ] [ SQL ] SHOW COLUMNS FROM `tp_admin` [ RunTime:0.014000s ]
[ sql ] [ SQL ] SELECT * FROM `tp_admin` WHERE  `id` = 1 LIMIT 1 [ RunTime:0.001000s ]
[ sql ] [ SQL ] SHOW COLUMNS FROM `tp_auth_rule` [ RunTime:0.012000s ]
[ sql ] [ SQL ] SELECT * FROM `tp_auth_rule` WHERE  `name` = 'admin/roles/getinfo' LIMIT 1 [ RunTime:0.000000s ]
[ sql ] [ SQL ] SHOW COLUMNS FROM `tp_auth_group` [ RunTime:0.013000s ]
[ sql ] [ SQL ] SELECT * FROM `tp_auth_group` WHERE  `id` = 2 LIMIT 1 [ RunTime:0.001000s ]
---------------------------------------------------------------
[ 2019-10-26T14:50:35+08:00 ] 127.0.0.1 POST api.hardphp.com/index.php/admin/log/index
[ sql ] [ DB ] CONNECT:[ UseTime:0.010000s ] mysql:host=127.0.0.1;dbname=tp5qpi;charset=utf8
[ sql ] [ SQL ] SHOW COLUMNS FROM `tp_app` [ RunTime:0.008000s ]
[ sql ] [ SQL ] SELECT * FROM `tp_app` WHERE  `appId` = 'ty9fd2848a039ab554' LIMIT 1 [ RunTime:0.000000s ]
[ sql ] [ SQL ] SHOW COLUMNS FROM `tp_admin` [ RunTime:0.008000s ]
[ sql ] [ SQL ] SELECT * FROM `tp_admin` WHERE  `id` = 1 LIMIT 1 [ RunTime:0.001000s ]
[ sql ] [ SQL ] SHOW COLUMNS FROM `tp_auth_rule` [ RunTime:0.007000s ]
[ sql ] [ SQL ] SELECT * FROM `tp_auth_rule` WHERE  `name` = 'admin/log/index' LIMIT 1 [ RunTime:0.001000s ]
[ sql ] [ SQL ] SHOW COLUMNS FROM `tp_login_log` [ RunTime:0.006000s ]
[ sql ] [ SQL ] SELECT `a`.* FROM `tp_login_log` `a` ORDER BY `a`.`id` DESC LIMIT 0,10 [ RunTime:0.001000s ]
[ sql ] [ SQL ] SELECT COUNT(*) AS tp_count FROM `tp_login_log` `a` LIMIT 1 [ RunTime:0.001000s ]
---------------------------------------------------------------
[ 2019-10-26T14:51:46+08:00 ] 127.0.0.1 POST api.hardphp.com/index.php/admin/rules/index
[ sql ] [ DB ] CONNECT:[ UseTime:0.011000s ] mysql:host=127.0.0.1;dbname=tp5qpi;charset=utf8
[ sql ] [ SQL ] SHOW COLUMNS FROM `tp_app` [ RunTime:0.007000s ]
[ sql ] [ SQL ] SELECT * FROM `tp_app` WHERE  `appId` = 'ty9fd2848a039ab554' LIMIT 1 [ RunTime:0.001000s ]
[ sql ] [ SQL ] SHOW COLUMNS FROM `tp_admin` [ RunTime:0.006000s ]
[ sql ] [ SQL ] SELECT * FROM `tp_admin` WHERE  `id` = 1 LIMIT 1 [ RunTime:0.000000s ]
[ sql ] [ SQL ] SHOW COLUMNS FROM `tp_auth_rule` [ RunTime:0.007000s ]
[ sql ] [ SQL ] SELECT * FROM `tp_auth_rule` WHERE  `name` = 'admin/rules/index' LIMIT 1 [ RunTime:0.001000s ]
[ sql ] [ SQL ] SELECT `a`.* FROM `tp_auth_rule` `a` [ RunTime:0.001000s ]
---------------------------------------------------------------
[ 2019-10-26T14:51:49+08:00 ] 127.0.0.1 POST api.hardphp.com/index.php/admin/admin/index
[ sql ] [ DB ] CONNECT:[ UseTime:0.000000s ] mysql:host=127.0.0.1;dbname=tp5qpi;charset=utf8
[ sql ] [ SQL ] SHOW COLUMNS FROM `tp_app` [ RunTime:0.007000s ]
[ sql ] [ SQL ] SELECT * FROM `tp_app` WHERE  `appId` = 'ty9fd2848a039ab554' LIMIT 1 [ RunTime:0.001000s ]
[ sql ] [ SQL ] SHOW COLUMNS FROM `tp_admin` [ RunTime:0.007000s ]
[ sql ] [ SQL ] SELECT * FROM `tp_admin` WHERE  `id` = 1 LIMIT 1 [ RunTime:0.001000s ]
[ sql ] [ SQL ] SHOW COLUMNS FROM `tp_auth_rule` [ RunTime:0.008000s ]
[ sql ] [ SQL ] SELECT * FROM `tp_auth_rule` WHERE  `name` = 'admin/admin/index' LIMIT 1 [ RunTime:0.001000s ]
[ sql ] [ SQL ] SELECT `a`.*,`b`.`title` FROM `tp_admin` `a` LEFT JOIN `tp_auth_group` `b` ON `a`.`groupId`=`b`.`id` ORDER BY `a`.`id` DESC LIMIT 0,10 [ RunTime:0.000000s ]
[ sql ] [ SQL ] SELECT COUNT(*) AS tp_count FROM `tp_admin` `a` LEFT JOIN `tp_auth_group` `b` ON `a`.`groupId`=`b`.`id` LIMIT 1 [ RunTime:0.000000s ]
---------------------------------------------------------------
[ 2019-10-26T14:51:49+08:00 ] 127.0.0.1 POST api.hardphp.com/index.php/admin/roles/getLists
[ sql ] [ DB ] CONNECT:[ UseTime:0.001000s ] mysql:host=127.0.0.1;dbname=tp5qpi;charset=utf8
[ sql ] [ SQL ] SHOW COLUMNS FROM `tp_app` [ RunTime:0.007000s ]
[ sql ] [ SQL ] SELECT * FROM `tp_app` WHERE  `appId` = 'ty9fd2848a039ab554' LIMIT 1 [ RunTime:0.001000s ]
[ sql ] [ SQL ] SHOW COLUMNS FROM `tp_admin` [ RunTime:0.007000s ]
[ sql ] [ SQL ] SELECT * FROM `tp_admin` WHERE  `id` = 1 LIMIT 1 [ RunTime:0.001000s ]
[ sql ] [ SQL ] SHOW COLUMNS FROM `tp_auth_rule` [ RunTime:0.008000s ]
[ sql ] [ SQL ] SELECT * FROM `tp_auth_rule` WHERE  `name` = 'admin/roles/getlists' LIMIT 1 [ RunTime:0.001000s ]
[ sql ] [ SQL ] SHOW COLUMNS FROM `tp_auth_group` [ RunTime:0.007000s ]
[ sql ] [ SQL ] SELECT `a`.* FROM `tp_auth_group` `a` WHERE  (  1 and a.status =  1 ) ORDER BY `a`.`id` ASC [ RunTime:0.000000s ]
---------------------------------------------------------------
[ 2019-10-26T14:51:52+08:00 ] 127.0.0.1 POST api.hardphp.com/index.php/admin/rules/getLists
[ sql ] [ DB ] CONNECT:[ UseTime:0.010000s ] mysql:host=127.0.0.1;dbname=tp5qpi;charset=utf8
[ sql ] [ SQL ] SHOW COLUMNS FROM `tp_app` [ RunTime:0.017000s ]
[ sql ] [ SQL ] SELECT * FROM `tp_app` WHERE  `appId` = 'ty9fd2848a039ab554' LIMIT 1 [ RunTime:0.001000s ]
[ sql ] [ SQL ] SHOW COLUMNS FROM `tp_admin` [ RunTime:0.009000s ]
[ sql ] [ SQL ] SELECT * FROM `tp_admin` WHERE  `id` = 1 LIMIT 1 [ RunTime:0.001000s ]
[ sql ] [ SQL ] SHOW COLUMNS FROM `tp_auth_rule` [ RunTime:0.011000s ]
[ sql ] [ SQL ] SELECT * FROM `tp_auth_rule` WHERE  `name` = 'admin/rules/getlists' LIMIT 1 [ RunTime:0.001000s ]
[ sql ] [ SQL ] SELECT `a`.* FROM `tp_auth_rule` `a` WHERE  (  1 and a.status =  1 ) ORDER BY `a`.`id` DESC [ RunTime:0.001000s ]
---------------------------------------------------------------
[ 2019-10-26T14:51:52+08:00 ] 127.0.0.1 POST api.hardphp.com/index.php/admin/roles/index
[ sql ] [ DB ] CONNECT:[ UseTime:0.010000s ] mysql:host=127.0.0.1;dbname=tp5qpi;charset=utf8
[ sql ] [ SQL ] SHOW COLUMNS FROM `tp_app` [ RunTime:0.007000s ]
[ sql ] [ SQL ] SELECT * FROM `tp_app` WHERE  `appId` = 'ty9fd2848a039ab554' LIMIT 1 [ RunTime:0.001000s ]
[ sql ] [ SQL ] SHOW COLUMNS FROM `tp_admin` [ RunTime:0.018000s ]
[ sql ] [ SQL ] SELECT * FROM `tp_admin` WHERE  `id` = 1 LIMIT 1 [ RunTime:0.001000s ]
[ sql ] [ SQL ] SHOW COLUMNS FROM `tp_auth_rule` [ RunTime:0.009000s ]
[ sql ] [ SQL ] SELECT * FROM `tp_auth_rule` WHERE  `name` = 'admin/roles/index' LIMIT 1 [ RunTime:0.001000s ]
[ sql ] [ SQL ] SHOW COLUMNS FROM `tp_auth_group` [ RunTime:0.009000s ]
[ sql ] [ SQL ] SELECT * FROM `tp_auth_group` LIMIT 0,10 [ RunTime:0.001000s ]
[ sql ] [ SQL ] SELECT COUNT(*) AS tp_count FROM `tp_auth_group` LIMIT 1 [ RunTime:0.001000s ]
---------------------------------------------------------------
[ 2019-10-26T14:51:55+08:00 ] 127.0.0.1 POST api.hardphp.com/index.php/admin/admin/index
[ sql ] [ DB ] CONNECT:[ UseTime:0.001000s ] mysql:host=127.0.0.1;dbname=tp5qpi;charset=utf8
[ sql ] [ SQL ] SHOW COLUMNS FROM `tp_app` [ RunTime:0.008000s ]
[ sql ] [ SQL ] SELECT * FROM `tp_app` WHERE  `appId` = 'ty9fd2848a039ab554' LIMIT 1 [ RunTime:0.000000s ]
[ sql ] [ SQL ] SHOW COLUMNS FROM `tp_admin` [ RunTime:0.008000s ]
[ sql ] [ SQL ] SELECT * FROM `tp_admin` WHERE  `id` = 1 LIMIT 1 [ RunTime:0.001000s ]
[ sql ] [ SQL ] SHOW COLUMNS FROM `tp_auth_rule` [ RunTime:0.007000s ]
[ sql ] [ SQL ] SELECT * FROM `tp_auth_rule` WHERE  `name` = 'admin/admin/index' LIMIT 1 [ RunTime:0.001000s ]
[ sql ] [ SQL ] SELECT `a`.*,`b`.`title` FROM `tp_admin` `a` LEFT JOIN `tp_auth_group` `b` ON `a`.`groupId`=`b`.`id` ORDER BY `a`.`id` DESC LIMIT 0,10 [ RunTime:0.000000s ]
[ sql ] [ SQL ] SELECT COUNT(*) AS tp_count FROM `tp_admin` `a` LEFT JOIN `tp_auth_group` `b` ON `a`.`groupId`=`b`.`id` LIMIT 1 [ RunTime:0.000000s ]
---------------------------------------------------------------
[ 2019-10-26T14:51:56+08:00 ] 127.0.0.1 POST api.hardphp.com/index.php/admin/roles/getLists
[ sql ] [ DB ] CONNECT:[ UseTime:0.010000s ] mysql:host=127.0.0.1;dbname=tp5qpi;charset=utf8
[ sql ] [ SQL ] SHOW COLUMNS FROM `tp_app` [ RunTime:0.006000s ]
[ sql ] [ SQL ] SELECT * FROM `tp_app` WHERE  `appId` = 'ty9fd2848a039ab554' LIMIT 1 [ RunTime:0.001000s ]
[ sql ] [ SQL ] SHOW COLUMNS FROM `tp_admin` [ RunTime:0.008000s ]
[ sql ] [ SQL ] SELECT * FROM `tp_admin` WHERE  `id` = 1 LIMIT 1 [ RunTime:0.001000s ]
[ sql ] [ SQL ] SHOW COLUMNS FROM `tp_auth_rule` [ RunTime:0.008000s ]
[ sql ] [ SQL ] SELECT * FROM `tp_auth_rule` WHERE  `name` = 'admin/roles/getlists' LIMIT 1 [ RunTime:0.001000s ]
[ sql ] [ SQL ] SHOW COLUMNS FROM `tp_auth_group` [ RunTime:0.007000s ]
[ sql ] [ SQL ] SELECT `a`.* FROM `tp_auth_group` `a` WHERE  (  1 and a.status =  1 ) ORDER BY `a`.`id` ASC [ RunTime:0.000000s ]
---------------------------------------------------------------
[ 2019-10-26T14:51:57+08:00 ] 127.0.0.1 POST api.hardphp.com/index.php/admin/rules/index
[ sql ] [ DB ] CONNECT:[ UseTime:0.001000s ] mysql:host=127.0.0.1;dbname=tp5qpi;charset=utf8
[ sql ] [ SQL ] SHOW COLUMNS FROM `tp_app` [ RunTime:0.008000s ]
[ sql ] [ SQL ] SELECT * FROM `tp_app` WHERE  `appId` = 'ty9fd2848a039ab554' LIMIT 1 [ RunTime:0.001000s ]
[ sql ] [ SQL ] SHOW COLUMNS FROM `tp_admin` [ RunTime:0.008000s ]
[ sql ] [ SQL ] SELECT * FROM `tp_admin` WHERE  `id` = 1 LIMIT 1 [ RunTime:0.000000s ]
[ sql ] [ SQL ] SHOW COLUMNS FROM `tp_auth_rule` [ RunTime:0.009000s ]
[ sql ] [ SQL ] SELECT * FROM `tp_auth_rule` WHERE  `name` = 'admin/rules/index' LIMIT 1 [ RunTime:0.001000s ]
[ sql ] [ SQL ] SELECT `a`.* FROM `tp_auth_rule` `a` [ RunTime:0.001000s ]
---------------------------------------------------------------
[ 2019-10-26T14:52:49+08:00 ] 127.0.0.1 POST api.hardphp.com/index.php/admin/rules/getLists
[ sql ] [ DB ] CONNECT:[ UseTime:0.001000s ] mysql:host=127.0.0.1;dbname=tp5qpi;charset=utf8
[ sql ] [ SQL ] SHOW COLUMNS FROM `tp_app` [ RunTime:0.014000s ]
[ sql ] [ SQL ] SELECT * FROM `tp_app` WHERE  `appId` = 'ty9fd2848a039ab554' LIMIT 1 [ RunTime:0.001000s ]
[ sql ] [ SQL ] SHOW COLUMNS FROM `tp_admin` [ RunTime:0.013000s ]
[ sql ] [ SQL ] SELECT * FROM `tp_admin` WHERE  `id` = 1 LIMIT 1 [ RunTime:0.001000s ]
[ sql ] [ SQL ] SHOW COLUMNS FROM `tp_auth_rule` [ RunTime:0.013000s ]
[ sql ] [ SQL ] SELECT * FROM `tp_auth_rule` WHERE  `name` = 'admin/rules/getlists' LIMIT 1 [ RunTime:0.001000s ]
[ sql ] [ SQL ] SELECT `a`.* FROM `tp_auth_rule` `a` WHERE  (  1 and a.status =  1 ) ORDER BY `a`.`id` DESC [ RunTime:0.001000s ]
---------------------------------------------------------------
[ 2019-10-26T14:52:49+08:00 ] 127.0.0.1 POST api.hardphp.com/index.php/admin/roles/index
[ sql ] [ DB ] CONNECT:[ UseTime:0.001000s ] mysql:host=127.0.0.1;dbname=tp5qpi;charset=utf8
[ sql ] [ SQL ] SHOW COLUMNS FROM `tp_app` [ RunTime:0.014000s ]
[ sql ] [ SQL ] SELECT * FROM `tp_app` WHERE  `appId` = 'ty9fd2848a039ab554' LIMIT 1 [ RunTime:0.000000s ]
[ sql ] [ SQL ] SHOW COLUMNS FROM `tp_admin` [ RunTime:0.014000s ]
[ sql ] [ SQL ] SELECT * FROM `tp_admin` WHERE  `id` = 1 LIMIT 1 [ RunTime:0.000000s ]
[ sql ] [ SQL ] SHOW COLUMNS FROM `tp_auth_rule` [ RunTime:0.012000s ]
[ sql ] [ SQL ] SELECT * FROM `tp_auth_rule` WHERE  `name` = 'admin/roles/index' LIMIT 1 [ RunTime:0.001000s ]
[ sql ] [ SQL ] SHOW COLUMNS FROM `tp_auth_group` [ RunTime:0.010000s ]
[ sql ] [ SQL ] SELECT * FROM `tp_auth_group` LIMIT 0,10 [ RunTime:0.001000s ]
[ sql ] [ SQL ] SELECT COUNT(*) AS tp_count FROM `tp_auth_group` LIMIT 1 [ RunTime:0.000000s ]
---------------------------------------------------------------
[ 2019-10-26T14:52:49+08:00 ] 127.0.0.1 POST api.hardphp.com/index.php/admin/admin/index
[ sql ] [ DB ] CONNECT:[ UseTime:0.010000s ] mysql:host=127.0.0.1;dbname=tp5qpi;charset=utf8
[ sql ] [ SQL ] SHOW COLUMNS FROM `tp_app` [ RunTime:0.008000s ]
[ sql ] [ SQL ] SELECT * FROM `tp_app` WHERE  `appId` = 'ty9fd2848a039ab554' LIMIT 1 [ RunTime:0.001000s ]
[ sql ] [ SQL ] SHOW COLUMNS FROM `tp_admin` [ RunTime:0.006000s ]
[ sql ] [ SQL ] SELECT * FROM `tp_admin` WHERE  `id` = 1 LIMIT 1 [ RunTime:0.000000s ]
[ sql ] [ SQL ] SHOW COLUMNS FROM `tp_auth_rule` [ RunTime:0.007000s ]
[ sql ] [ SQL ] SELECT * FROM `tp_auth_rule` WHERE  `name` = 'admin/admin/index' LIMIT 1 [ RunTime:0.001000s ]
[ sql ] [ SQL ] SELECT `a`.*,`b`.`title` FROM `tp_admin` `a` LEFT JOIN `tp_auth_group` `b` ON `a`.`groupId`=`b`.`id` ORDER BY `a`.`id` DESC LIMIT 0,10 [ RunTime:0.001000s ]
[ sql ] [ SQL ] SELECT COUNT(*) AS tp_count FROM `tp_admin` `a` LEFT JOIN `tp_auth_group` `b` ON `a`.`groupId`=`b`.`id` LIMIT 1 [ RunTime:0.001000s ]
---------------------------------------------------------------
[ 2019-10-26T14:52:49+08:00 ] 127.0.0.1 POST api.hardphp.com/index.php/admin/roles/getLists
[ sql ] [ DB ] CONNECT:[ UseTime:0.001000s ] mysql:host=127.0.0.1;dbname=tp5qpi;charset=utf8
[ sql ] [ SQL ] SHOW COLUMNS FROM `tp_app` [ RunTime:0.009000s ]
[ sql ] [ SQL ] SELECT * FROM `tp_app` WHERE  `appId` = 'ty9fd2848a039ab554' LIMIT 1 [ RunTime:0.001000s ]
[ sql ] [ SQL ] SHOW COLUMNS FROM `tp_admin` [ RunTime:0.009000s ]
[ sql ] [ SQL ] SELECT * FROM `tp_admin` WHERE  `id` = 1 LIMIT 1 [ RunTime:0.001000s ]
[ sql ] [ SQL ] SHOW COLUMNS FROM `tp_auth_rule` [ RunTime:0.010000s ]
[ sql ] [ SQL ] SELECT * FROM `tp_auth_rule` WHERE  `name` = 'admin/roles/getlists' LIMIT 1 [ RunTime:0.001000s ]
[ sql ] [ SQL ] SHOW COLUMNS FROM `tp_auth_group` [ RunTime:0.006000s ]
[ sql ] [ SQL ] SELECT `a`.* FROM `tp_auth_group` `a` WHERE  (  1 and a.status =  1 ) ORDER BY `a`.`id` ASC [ RunTime:0.000000s ]
---------------------------------------------------------------
[ 2019-10-26T14:52:50+08:00 ] 127.0.0.1 POST api.hardphp.com/index.php/admin/roles/index
[ sql ] [ DB ] CONNECT:[ UseTime:0.001000s ] mysql:host=127.0.0.1;dbname=tp5qpi;charset=utf8
[ sql ] [ SQL ] SHOW COLUMNS FROM `tp_app` [ RunTime:0.008000s ]
[ sql ] [ SQL ] SELECT * FROM `tp_app` WHERE  `appId` = 'ty9fd2848a039ab554' LIMIT 1 [ RunTime:0.000000s ]
[ sql ] [ SQL ] SHOW COLUMNS FROM `tp_admin` [ RunTime:0.010000s ]
[ sql ] [ SQL ] SELECT * FROM `tp_admin` WHERE  `id` = 1 LIMIT 1 [ RunTime:0.001000s ]
[ sql ] [ SQL ] SHOW COLUMNS FROM `tp_auth_rule` [ RunTime:0.010000s ]
[ sql ] [ SQL ] SELECT * FROM `tp_auth_rule` WHERE  `name` = 'admin/roles/index' LIMIT 1 [ RunTime:0.001000s ]
[ sql ] [ SQL ] SHOW COLUMNS FROM `tp_auth_group` [ RunTime:0.008000s ]
[ sql ] [ SQL ] SELECT * FROM `tp_auth_group` LIMIT 0,10 [ RunTime:0.001000s ]
[ sql ] [ SQL ] SELECT COUNT(*) AS tp_count FROM `tp_auth_group` LIMIT 1 [ RunTime:0.001000s ]
---------------------------------------------------------------
[ 2019-10-26T14:52:51+08:00 ] 127.0.0.1 POST api.hardphp.com/index.php/admin/rules/getLists
[ sql ] [ DB ] CONNECT:[ UseTime:0.010000s ] mysql:host=127.0.0.1;dbname=tp5qpi;charset=utf8
[ sql ] [ SQL ] SHOW COLUMNS FROM `tp_app` [ RunTime:0.007000s ]
[ sql ] [ SQL ] SELECT * FROM `tp_app` WHERE  `appId` = 'ty9fd2848a039ab554' LIMIT 1 [ RunTime:0.001000s ]
[ sql ] [ SQL ] SHOW COLUMNS FROM `tp_admin` [ RunTime:0.007000s ]
[ sql ] [ SQL ] SELECT * FROM `tp_admin` WHERE  `id` = 1 LIMIT 1 [ RunTime:0.000000s ]
[ sql ] [ SQL ] SHOW COLUMNS FROM `tp_auth_rule` [ RunTime:0.009000s ]
[ sql ] [ SQL ] SELECT * FROM `tp_auth_rule` WHERE  `name` = 'admin/rules/getlists' LIMIT 1 [ RunTime:0.001000s ]
[ sql ] [ SQL ] SELECT `a`.* FROM `tp_auth_rule` `a` WHERE  (  1 and a.status =  1 ) ORDER BY `a`.`id` DESC [ RunTime:0.000000s ]
---------------------------------------------------------------
[ 2019-10-26T14:52:56+08:00 ] 127.0.0.1 GET api.hardphp.com/index.php/admin/roles/getinfo?id=1&signature=e7fef94a760055ebd2eccdd1e036cecc
[ sql ] [ DB ] CONNECT:[ UseTime:0.001000s ] mysql:host=127.0.0.1;dbname=tp5qpi;charset=utf8
[ sql ] [ SQL ] SHOW COLUMNS FROM `tp_app` [ RunTime:0.006000s ]
[ sql ] [ SQL ] SELECT * FROM `tp_app` WHERE  `appId` = 'ty9fd2848a039ab554' LIMIT 1 [ RunTime:0.001000s ]
[ sql ] [ SQL ] SHOW COLUMNS FROM `tp_admin` [ RunTime:0.007000s ]
[ sql ] [ SQL ] SELECT * FROM `tp_admin` WHERE  `id` = 1 LIMIT 1 [ RunTime:0.001000s ]
[ sql ] [ SQL ] SHOW COLUMNS FROM `tp_auth_rule` [ RunTime:0.008000s ]
[ sql ] [ SQL ] SELECT * FROM `tp_auth_rule` WHERE  `name` = 'admin/roles/getinfo' LIMIT 1 [ RunTime:0.000000s ]
[ sql ] [ SQL ] SHOW COLUMNS FROM `tp_auth_group` [ RunTime:0.008000s ]
[ sql ] [ SQL ] SELECT * FROM `tp_auth_group` WHERE  `id` = 1 LIMIT 1 [ RunTime:0.001000s ]
---------------------------------------------------------------
[ 2019-10-26T14:52:59+08:00 ] 127.0.0.1 GET api.hardphp.com/index.php/admin/roles/getinfo?id=2&signature=24ebc3b2b359d4803edfe4882401b3c6
[ sql ] [ DB ] CONNECT:[ UseTime:0.002000s ] mysql:host=127.0.0.1;dbname=tp5qpi;charset=utf8
[ sql ] [ SQL ] SHOW COLUMNS FROM `tp_app` [ RunTime:0.011000s ]
[ sql ] [ SQL ] SELECT * FROM `tp_app` WHERE  `appId` = 'ty9fd2848a039ab554' LIMIT 1 [ RunTime:0.000000s ]
[ sql ] [ SQL ] SHOW COLUMNS FROM `tp_admin` [ RunTime:0.012000s ]
[ sql ] [ SQL ] SELECT * FROM `tp_admin` WHERE  `id` = 1 LIMIT 1 [ RunTime:0.001000s ]
[ sql ] [ SQL ] SHOW COLUMNS FROM `tp_auth_rule` [ RunTime:0.012000s ]
[ sql ] [ SQL ] SELECT * FROM `tp_auth_rule` WHERE  `name` = 'admin/roles/getinfo' LIMIT 1 [ RunTime:0.001000s ]
[ sql ] [ SQL ] SHOW COLUMNS FROM `tp_auth_group` [ RunTime:0.009000s ]
[ sql ] [ SQL ] SELECT * FROM `tp_auth_group` WHERE  `id` = 2 LIMIT 1 [ RunTime:0.001000s ]
---------------------------------------------------------------
[ 2019-10-26T14:53:03+08:00 ] 127.0.0.1 POST api.hardphp.com/index.php/admin/rules/index
[ sql ] [ DB ] CONNECT:[ UseTime:0.010000s ] mysql:host=127.0.0.1;dbname=tp5qpi;charset=utf8
[ sql ] [ SQL ] SHOW COLUMNS FROM `tp_app` [ RunTime:0.009000s ]
[ sql ] [ SQL ] SELECT * FROM `tp_app` WHERE  `appId` = 'ty9fd2848a039ab554' LIMIT 1 [ RunTime:0.000000s ]
[ sql ] [ SQL ] SHOW COLUMNS FROM `tp_admin` [ RunTime:0.008000s ]
[ sql ] [ SQL ] SELECT * FROM `tp_admin` WHERE  `id` = 1 LIMIT 1 [ RunTime:0.001000s ]
[ sql ] [ SQL ] SHOW COLUMNS FROM `tp_auth_rule` [ RunTime:0.007000s ]
[ sql ] [ SQL ] SELECT * FROM `tp_auth_rule` WHERE  `name` = 'admin/rules/index' LIMIT 1 [ RunTime:0.001000s ]
[ sql ] [ SQL ] SELECT `a`.* FROM `tp_auth_rule` `a` [ RunTime:0.000000s ]
---------------------------------------------------------------
[ 2019-10-26T14:53:04+08:00 ] 127.0.0.1 POST api.hardphp.com/index.php/admin/admin/index
[ sql ] [ DB ] CONNECT:[ UseTime:0.001000s ] mysql:host=127.0.0.1;dbname=tp5qpi;charset=utf8
[ sql ] [ SQL ] SHOW COLUMNS FROM `tp_app` [ RunTime:0.013000s ]
[ sql ] [ SQL ] SELECT * FROM `tp_app` WHERE  `appId` = 'ty9fd2848a039ab554' LIMIT 1 [ RunTime:0.001000s ]
[ sql ] [ SQL ] SHOW COLUMNS FROM `tp_admin` [ RunTime:0.013000s ]
[ sql ] [ SQL ] SELECT * FROM `tp_admin` WHERE  `id` = 1 LIMIT 1 [ RunTime:0.001000s ]
[ sql ] [ SQL ] SHOW COLUMNS FROM `tp_auth_rule` [ RunTime:0.011000s ]
[ sql ] [ SQL ] SELECT * FROM `tp_auth_rule` WHERE  `name` = 'admin/admin/index' LIMIT 1 [ RunTime:0.001000s ]
[ sql ] [ SQL ] SELECT `a`.*,`b`.`title` FROM `tp_admin` `a` LEFT JOIN `tp_auth_group` `b` ON `a`.`groupId`=`b`.`id` ORDER BY `a`.`id` DESC LIMIT 0,10 [ RunTime:0.001000s ]
[ sql ] [ SQL ] SELECT COUNT(*) AS tp_count FROM `tp_admin` `a` LEFT JOIN `tp_auth_group` `b` ON `a`.`groupId`=`b`.`id` LIMIT 1 [ RunTime:0.001000s ]
---------------------------------------------------------------
[ 2019-10-26T14:53:04+08:00 ] 127.0.0.1 POST api.hardphp.com/index.php/admin/roles/getLists
[ sql ] [ DB ] CONNECT:[ UseTime:0.001000s ] mysql:host=127.0.0.1;dbname=tp5qpi;charset=utf8
[ sql ] [ SQL ] SHOW COLUMNS FROM `tp_app` [ RunTime:0.008000s ]
[ sql ] [ SQL ] SELECT * FROM `tp_app` WHERE  `appId` = 'ty9fd2848a039ab554' LIMIT 1 [ RunTime:0.001000s ]
[ sql ] [ SQL ] SHOW COLUMNS FROM `tp_admin` [ RunTime:0.006000s ]
[ sql ] [ SQL ] SELECT * FROM `tp_admin` WHERE  `id` = 1 LIMIT 1 [ RunTime:0.001000s ]
[ sql ] [ SQL ] SHOW COLUMNS FROM `tp_auth_rule` [ RunTime:0.007000s ]
[ sql ] [ SQL ] SELECT * FROM `tp_auth_rule` WHERE  `name` = 'admin/roles/getlists' LIMIT 1 [ RunTime:0.001000s ]
[ sql ] [ SQL ] SHOW COLUMNS FROM `tp_auth_group` [ RunTime:0.010000s ]
[ sql ] [ SQL ] SELECT `a`.* FROM `tp_auth_group` `a` WHERE  (  1 and a.status =  1 ) ORDER BY `a`.`id` ASC [ RunTime:0.001000s ]
---------------------------------------------------------------
[ 2019-10-26T14:53:06+08:00 ] 127.0.0.1 GET api.hardphp.com/index.php/admin/admin/getinfo?id=1&signature=e7fef94a760055ebd2eccdd1e036cecc
[ sql ] [ DB ] CONNECT:[ UseTime:0.010000s ] mysql:host=127.0.0.1;dbname=tp5qpi;charset=utf8
[ sql ] [ SQL ] SHOW COLUMNS FROM `tp_app` [ RunTime:0.008000s ]
[ sql ] [ SQL ] SELECT * FROM `tp_app` WHERE  `appId` = 'ty9fd2848a039ab554' LIMIT 1 [ RunTime:0.001000s ]
[ sql ] [ SQL ] SHOW COLUMNS FROM `tp_admin` [ RunTime:0.009000s ]
[ sql ] [ SQL ] SELECT * FROM `tp_admin` WHERE  `id` = 1 LIMIT 1 [ RunTime:0.001000s ]
[ sql ] [ SQL ] SHOW COLUMNS FROM `tp_auth_rule` [ RunTime:0.008000s ]
[ sql ] [ SQL ] SELECT * FROM `tp_auth_rule` WHERE  `name` = 'admin/admin/getinfo' LIMIT 1 [ RunTime:0.001000s ]
[ sql ] [ SQL ] SELECT `a`.*,`b`.`title` FROM `tp_admin` `a` LEFT JOIN `tp_auth_group` `b` ON `a`.`groupId`=`b`.`id` WHERE  (   a.id = 1 ) LIMIT 1 [ RunTime:0.000000s ]
---------------------------------------------------------------
[ 2019-10-26T14:53:29+08:00 ] 127.0.0.1 POST api.hardphp.com/index.php/admin/log/index
[ sql ] [ DB ] CONNECT:[ UseTime:0.002000s ] mysql:host=127.0.0.1;dbname=tp5qpi;charset=utf8
[ sql ] [ SQL ] SHOW COLUMNS FROM `tp_app` [ RunTime:0.008000s ]
[ sql ] [ SQL ] SELECT * FROM `tp_app` WHERE  `appId` = 'ty9fd2848a039ab554' LIMIT 1 [ RunTime:0.001000s ]
[ sql ] [ SQL ] SHOW COLUMNS FROM `tp_admin` [ RunTime:0.009000s ]
[ sql ] [ SQL ] SELECT * FROM `tp_admin` WHERE  `id` = 1 LIMIT 1 [ RunTime:0.001000s ]
[ sql ] [ SQL ] SHOW COLUMNS FROM `tp_auth_rule` [ RunTime:0.008000s ]
[ sql ] [ SQL ] SELECT * FROM `tp_auth_rule` WHERE  `name` = 'admin/log/index' LIMIT 1 [ RunTime:0.001000s ]
[ sql ] [ SQL ] SHOW COLUMNS FROM `tp_login_log` [ RunTime:0.006000s ]
[ sql ] [ SQL ] SELECT `a`.* FROM `tp_login_log` `a` ORDER BY `a`.`id` DESC LIMIT 0,10 [ RunTime:0.001000s ]
[ sql ] [ SQL ] SELECT COUNT(*) AS tp_count FROM `tp_login_log` `a` LIMIT 1 [ RunTime:0.000000s ]
---------------------------------------------------------------
[ 2019-10-26T14:53:32+08:00 ] 127.0.0.1 POST api.hardphp.com/index.php/admin/log/index
[ sql ] [ DB ] CONNECT:[ UseTime:0.001000s ] mysql:host=127.0.0.1;dbname=tp5qpi;charset=utf8
[ sql ] [ SQL ] SHOW COLUMNS FROM `tp_app` [ RunTime:0.008000s ]
[ sql ] [ SQL ] SELECT * FROM `tp_app` WHERE  `appId` = 'ty9fd2848a039ab554' LIMIT 1 [ RunTime:0.001000s ]
[ sql ] [ SQL ] SHOW COLUMNS FROM `tp_admin` [ RunTime:0.008000s ]
[ sql ] [ SQL ] SELECT * FROM `tp_admin` WHERE  `id` = 1 LIMIT 1 [ RunTime:0.001000s ]
[ sql ] [ SQL ] SHOW COLUMNS FROM `tp_auth_rule` [ RunTime:0.008000s ]
[ sql ] [ SQL ] SELECT * FROM `tp_auth_rule` WHERE  `name` = 'admin/log/index' LIMIT 1 [ RunTime:0.001000s ]
[ sql ] [ SQL ] SHOW COLUMNS FROM `tp_login_log` [ RunTime:0.009000s ]
[ sql ] [ SQL ] SELECT `a`.* FROM `tp_login_log` `a` ORDER BY `a`.`id` DESC LIMIT 0,10 [ RunTime:0.000000s ]
[ sql ] [ SQL ] SELECT COUNT(*) AS tp_count FROM `tp_login_log` `a` LIMIT 1 [ RunTime:0.001000s ]
