---------------------------------------------------------------
[ 2019-10-31T11:49:29+08:00 ] 127.0.0.1 POST www.hardphp.com/index.php/admin/login/index
[运行时间：0.741000s] [吞吐率：1.35req/s] [内存消耗：2,787.70kb] [文件加载：81]
[ info ] [ LANG ] D:\phpStudy\WWW\hardphp\thinkphp\lang\zh-cn.php
[ info ] [ ROUTE ] array (
  'type' => 'module',
  'module' => 
  array (
    0 => 'admin',
    1 => 'login',
    2 => 'index',
  ),
)
[ info ] [ HEADER ] array (
  'host' => 'www.hardphp.com',
  'connection' => 'close',
  'content-length' => '73',
  'pragma' => 'no-cache',
  'cache-control' => 'no-cache',
  'accept' => 'application/json, text/plain, */*',
  'origin' => 'http://localhost:8080',
  'user-agent' => 'Mozilla/5.0 (Windows NT 6.1; Win64; x64) AppleWebKit/537.36 (KHTML, like Gecko) Chrome/74.0.3729.131 Safari/537.36',
  'x-access-appid' => 'ty9fd2848a039ab554',
  'content-type' => 'application/x-www-form-urlencoded;charset=UTF-8',
  'referer' => 'http://localhost:8080/',
  'accept-encoding' => 'gzip, deflate, br',
  'accept-language' => 'zh-CN,zh;q=0.9',
  'cookie' => 'sidebarStatus=0',
  'x-forwarded-for' => '127.0.0.1',
  'x-forwarded-port' => '8080',
  'x-forwarded-proto' => 'http',
  'x-forwarded-host' => 'localhost:8080',
)
[ info ] [ PARAM ] array (
  'userName' => 'admin',
  'password' => '123456',
  'signature' => 'fcac63765b8ac787d8ea6e16c87f3205',
)
[ info ] [ DB ] INIT mysql
[ info ] [ RUN ] app\admin\controller\Login->index[ D:\phpStudy\WWW\hardphp\application\admin\controller\Login.php ]
[ info ] [ CACHE ] INIT File
[ info ] [ LOG ] INIT File
---------------------------------------------------------------
[ 2019-10-31T11:49:29+08:00 ] 127.0.0.1 POST www.hardphp.com/index.php/admin/admin/getuser
[运行时间：0.133000s] [吞吐率：7.52req/s] [内存消耗：2,787.81kb] [文件加载：80]
[ info ] [ LANG ] D:\phpStudy\WWW\hardphp\thinkphp\lang\zh-cn.php
[ info ] [ ROUTE ] array (
  'type' => 'module',
  'module' => 
  array (
    0 => 'admin',
    1 => 'admin',
    2 => 'getuser',
  ),
)
[ info ] [ HEADER ] array (
  'host' => 'www.hardphp.com',
  'connection' => 'close',
  'content-length' => '42',
  'pragma' => 'no-cache',
  'cache-control' => 'no-cache',
  'accept' => 'application/json, text/plain, */*',
  'origin' => 'http://localhost:8080',
  'x-access-token' => '20488B00A46A0DF7DE133E7C5BB926D0MDAwMDAwMDAwML6Mna-FqrqSib2cgMOHoIC7o36CkY6xfLjQzqGGZIXVuGadr4u5um-LunZ_w4efabGmjmWDo3-gu5SsqIhkp6vHZJ3Ynau-moXTqGG4nZSnyX-ohIONk4a7qbuyiImnt7KJYpqR3a6Ji6pxpcSGen20kIaghqSPgbO4vIGFrIW6sIp2lIW4voecupihuYqcnL6MaXSSgId_yMyWa5iIka3IiHaZktqhdg',
  'user-agent' => 'Mozilla/5.0 (Windows NT 6.1; Win64; x64) AppleWebKit/537.36 (KHTML, like Gecko) Chrome/74.0.3729.131 Safari/537.36',
  'x-access-appid' => 'ty9fd2848a039ab554',
  'content-type' => 'application/x-www-form-urlencoded;charset=UTF-8',
  'referer' => 'http://localhost:8080/',
  'accept-encoding' => 'gzip, deflate, br',
  'accept-language' => 'zh-CN,zh;q=0.9',
  'cookie' => 'sidebarStatus=0; Admin-Token=20488B00A46A0DF7DE133E7C5BB926D0MDAwMDAwMDAwML6Mna-FqrqSib2cgMOHoIC7o36CkY6xfLjQzqGGZIXVuGadr4u5um-LunZ_w4efabGmjmWDo3-gu5SsqIhkp6vHZJ3Ynau-moXTqGG4nZSnyX-ohIONk4a7qbuyiImnt7KJYpqR3a6Ji6pxpcSGen20kIaghqSPgbO4vIGFrIW6sIp2lIW4voecupihuYqcnL6MaXSSgId_yMyWa5iIka3IiHaZktqhdg',
  'x-forwarded-for' => '127.0.0.1',
  'x-forwarded-port' => '8080',
  'x-forwarded-proto' => 'http',
  'x-forwarded-host' => 'localhost:8080',
)
[ info ] [ PARAM ] array (
  'signature' => '37d7b5e3d72e32c75290100a102e0eb7',
)
[ info ] [ DB ] INIT mysql
[ info ] [ RUN ] app\admin\controller\Admin->getuser[ D:\phpStudy\WWW\hardphp\application\admin\controller\Admin.php ]
[ info ] [ LOG ] INIT File
