---------------------------------------------------------------
[ 2023-05-11T21:34:24+08:00 ] 112.41.70.16 POST www.mmcall.net:7002/index.php/admin/Index/historyCallsList
[ sql ] [ DB ] CONNECT:[ UseTime:0.004883s ] mysql:host=47.104.10.49;dbname=yunmmcall_big;charset=utf8
[ sql ] [ SQL ] SHOW COLUMNS FROM `t_app` [ RunTime:0.006836s ]
[ sql ] [ SQL ] SELECT * FROM `t_app` WHERE  `appId` = '123456' LIMIT 1 [ RunTime:0.002929s ]
[ sql ] [ SQL ] SHOW COLUMNS FROM `t_admin` [ RunTime:0.005859s ]
[ sql ] [ SQL ] SELECT * FROM `t_admin` WHERE  `id` = 12 LIMIT 1 [ RunTime:0.002930s ]
[ sql ] [ SQL ] SHOW COLUMNS FROM `t_auth_rule` [ RunTime:0.005859s ]
[ sql ] [ SQL ] SELECT * FROM `t_auth_rule` WHERE  `name` = 'admin/index/historycallslist' LIMIT 1 [ RunTime:0.001953s ]
[ sql ] [ SQL ] SHOW COLUMNS FROM `t_tree` [ RunTime:0.006835s ]
[ sql ] [ SQL ] SELECT DISTINCT  `c`.*,`d`.`No`,`d`.`oldmanname`,`d`.`Address` FROM `t_tree` `a` LEFT JOIN `t_tree_device` `b` ON `a`.`jdno`=`b`.`jdparent` LEFT JOIN `t_calllist_voice` `c` ON `b`.`deviceid`=`c`.`deviceid` LEFT JOIN `t_people` `d` ON `c`.`deviceid`=`d`.`deviceno` WHERE  (   a.jdno = 88 ) ORDER BY `c`.`id` DESC LIMIT 0,10 [ RunTime:0.690386s ]
[ sql ] [ SQL ] SELECT DISTINCT  COUNT(*) AS tp_count FROM `t_tree` `a` LEFT JOIN `t_tree_device` `b` ON `a`.`jdno`=`b`.`jdparent` LEFT JOIN `t_calllist_voice` `c` ON `b`.`deviceid`=`c`.`deviceid` LEFT JOIN `t_people` `d` ON `c`.`deviceid`=`d`.`deviceno` WHERE  (   a.jdno = 88 ) LIMIT 1 [ RunTime:0.490203s ]
---------------------------------------------------------------
[ 2023-05-11T21:34:28+08:00 ] 112.41.70.16 POST www.mmcall.net:7002/index.php/admin/Index/getPeopleList
[ sql ] [ DB ] CONNECT:[ UseTime:0.013671s ] mysql:host=47.104.10.49;dbname=yunmmcall_big;charset=utf8
[ sql ] [ SQL ] SHOW COLUMNS FROM `t_app` [ RunTime:0.005859s ]
[ sql ] [ SQL ] SELECT * FROM `t_app` WHERE  `appId` = '123456' LIMIT 1 [ RunTime:0.002930s ]
[ sql ] [ SQL ] SHOW COLUMNS FROM `t_admin` [ RunTime:0.005859s ]
[ sql ] [ SQL ] SELECT * FROM `t_admin` WHERE  `id` = 12 LIMIT 1 [ RunTime:0.002930s ]
[ sql ] [ SQL ] SHOW COLUMNS FROM `t_auth_rule` [ RunTime:0.006836s ]
[ sql ] [ SQL ] SELECT * FROM `t_auth_rule` WHERE  `name` = 'admin/index/getpeoplelist' LIMIT 1 [ RunTime:0.001953s ]
[ sql ] [ SQL ] SHOW COLUMNS FROM `t_tree` [ RunTime:0.005859s ]
[ sql ] [ SQL ] SELECT DISTINCT  `a`.`jdName`,`c`.* FROM `t_tree` `a` LEFT JOIN `t_tree_device` `b` ON `a`.`jdno`=`b`.`jdparent` LEFT JOIN `t_people` `c` ON `b`.`deviceid`=`c`.`deviceno` WHERE  (   a.jdno = 88 ) ORDER BY `c`.`deviceno` DESC LIMIT 0,10 [ RunTime:0.001953s ]
[ sql ] [ SQL ] SELECT DISTINCT  COUNT(*) AS tp_count FROM `t_tree` `a` LEFT JOIN `t_tree_device` `b` ON `a`.`jdno`=`b`.`jdparent` LEFT JOIN `t_people` `c` ON `b`.`deviceid`=`c`.`deviceno` WHERE  (   a.jdno = 88 ) LIMIT 1 [ RunTime:0.002929s ]
---------------------------------------------------------------
[ 2023-05-11T21:34:39+08:00 ] 112.41.70.16 POST www.mmcall.net:7002/index.php/admin/admin/index
[ sql ] [ DB ] CONNECT:[ UseTime:0.034178s ] mysql:host=47.104.10.49;dbname=yunmmcall_big;charset=utf8
[ sql ] [ SQL ] SHOW COLUMNS FROM `t_app` [ RunTime:0.055661s ]
[ sql ] [ SQL ] SELECT * FROM `t_app` WHERE  `appId` = '123456' LIMIT 1 [ RunTime:0.002929s ]
[ sql ] [ SQL ] SHOW COLUMNS FROM `t_admin` [ RunTime:0.005859s ]
[ sql ] [ SQL ] SELECT * FROM `t_admin` WHERE  `id` = 12 LIMIT 1 [ RunTime:0.017577s ]
[ sql ] [ SQL ] SHOW COLUMNS FROM `t_auth_rule` [ RunTime:0.009765s ]
[ sql ] [ SQL ] SELECT * FROM `t_auth_rule` WHERE  `name` = 'admin/admin/index' LIMIT 1 [ RunTime:0.004883s ]
[ sql ] [ SQL ] SELECT `a`.*,`c`.`jdName` FROM `t_admin` `a` LEFT JOIN `customer` `b` ON `a`.`UnitNo`=`b`.`UnitNo` LEFT JOIN `t_tree` `c` ON `b`.`jdParent`=`c`.`jdno` WHERE  (  1 and a.UnitNo = '80492e8b8c104cc9a81645e9b3ffd80f'  and c.jdName = '内蒙古东江物业居家养老呼叫机项目'  ) ORDER BY `a`.`id` DESC LIMIT 0,10 [ RunTime:0.004882s ]
[ sql ] [ SQL ] SELECT COUNT(*) AS tp_count FROM `t_admin` `a` LEFT JOIN `customer` `b` ON `a`.`UnitNo`=`b`.`UnitNo` LEFT JOIN `t_tree` `c` ON `b`.`jdParent`=`c`.`jdno` LIMIT 1 [ RunTime:0.004883s ]
---------------------------------------------------------------
[ 2023-05-11T21:34:40+08:00 ] 112.41.70.16 POST www.mmcall.net:7002/index.php/admin/roles/getLists
[ sql ] [ DB ] CONNECT:[ UseTime:0.041013s ] mysql:host=47.104.10.49;dbname=yunmmcall_big;charset=utf8
[ sql ] [ SQL ] SHOW COLUMNS FROM `t_app` [ RunTime:0.006835s ]
[ sql ] [ SQL ] SELECT * FROM `t_app` WHERE  `appId` = '123456' LIMIT 1 [ RunTime:0.004882s ]
[ sql ] [ SQL ] SHOW COLUMNS FROM `t_admin` [ RunTime:0.007812s ]
[ sql ] [ SQL ] SELECT * FROM `t_admin` WHERE  `id` = 12 LIMIT 1 [ RunTime:0.005859s ]
[ sql ] [ SQL ] SHOW COLUMNS FROM `t_auth_rule` [ RunTime:0.249008s ]
[ sql ] [ SQL ] SELECT * FROM `t_auth_rule` WHERE  `name` = 'admin/roles/getlists' LIMIT 1 [ RunTime:0.191394s ]
[ sql ] [ SQL ] SHOW COLUMNS FROM `t_auth_group` [ RunTime:0.008789s ]
[ sql ] [ SQL ] SELECT `a`.* FROM `t_auth_group` `a` WHERE  (  1 and a.status =  1 ) ORDER BY `a`.`id` ASC [ RunTime:0.003906s ]
---------------------------------------------------------------
[ 2023-05-11T21:34:44+08:00 ] 112.41.70.16 POST www.mmcall.net:7002/index.php/admin/Index/mapIntegration
[ sql ] [ DB ] CONNECT:[ UseTime:0.016601s ] mysql:host=47.104.10.49;dbname=yunmmcall_big;charset=utf8
[ sql ] [ SQL ] SHOW COLUMNS FROM `t_app` [ RunTime:0.066402s ]
[ sql ] [ SQL ] SELECT * FROM `t_app` WHERE  `appId` = '123456' LIMIT 1 [ RunTime:0.003906s ]
[ sql ] [ SQL ] SHOW COLUMNS FROM `t_admin` [ RunTime:0.009765s ]
[ sql ] [ SQL ] SELECT * FROM `t_admin` WHERE  `id` = 12 LIMIT 1 [ RunTime:0.018553s ]
[ sql ] [ SQL ] SHOW COLUMNS FROM `t_auth_rule` [ RunTime:0.039060s ]
[ sql ] [ SQL ] SELECT * FROM `t_auth_rule` WHERE  `name` = 'admin/index/mapintegration' LIMIT 1 [ RunTime:0.012695s ]
[ sql ] [ SQL ] SHOW COLUMNS FROM `t_tree` [ RunTime:0.055660s ]
[ sql ] [ SQL ] SELECT DISTINCT  `a`.`jdName`,`c`.`No`,`c`.`oldmanname`,`c`.`Contact`,`c`.`Address`,`c`.`birthday`,`c`.`sex`,`c`.`identity_card`,`c`.`deviceno`,`c`.`Residence_state`,`c`.`oldman_type`,`c`.`marital_status`,`c`.`pathography`,`c`.`Children_situation`,`c`.`anaphylactic`,`c`.`Healthy`,`c`.`remark`,`c`.`lianxiren1`,`c`.`lianxiren2`,`c`.`lianxiren3`,`c`.`lianxiren4`,`c`.`lianxiren5`,`c`.`lianxiren6`,`c`.`lianxiren7`,`c`.`lianxiren8`,`c`.`longitude1`,`c`.`latitude1`,`c`.`clientno` FROM `t_tree` `a` LEFT JOIN `t_tree_device` `b` ON `a`.`jdno`=`b`.`jdparent` LEFT JOIN `t_people` `c` ON `b`.`deviceid`=`c`.`deviceno` WHERE  (   a.jdno = 88 ) [ RunTime:0.004883s ]
---------------------------------------------------------------
[ 2023-05-11T21:34:44+08:00 ] 112.41.70.16 GET www.mmcall.net:7002/index.php/admin/Index/dataIntegration?data=%7B%22jdno%22:88,%22dateValue%22:%22%E6%9C%88%22,%22themoonarraylist%22:%22[[%5C%222023-4-11%5C%22,%5C%222023-4-14%5C%22],[%5C%222023-4-15%5C%22,%5C%222023-4-18%5C%22],[%5C%222023-4-19%5C%22,%5C%222023-4-22%5C%22],[%5C%222023-4-23%5C%22,%5C%222023-4-26%5C%22],[%5C%222023-4-27%5C%22,%5C%222023-4-30%5C%22],[%5C%222023-5-1%5C%22,%5C%222023-5-4%5C%22],[%5C%222023-5-5%5C%22,%5C%222023-5-8%5C%22],[%5C%222023-5-9%5C%22,%5C%222023-5-11%5C%22]]%22%7D&signature=310d5ba1e4d11ce34867fc3ae84c6cf3
[ sql ] [ DB ] CONNECT:[ UseTime:0.026366s ] mysql:host=47.104.10.49;dbname=yunmmcall_big;charset=utf8
[ sql ] [ SQL ] SHOW COLUMNS FROM `t_app` [ RunTime:0.051754s ]
[ sql ] [ SQL ] SELECT * FROM `t_app` WHERE  `appId` = '123456' LIMIT 1 [ RunTime:0.005859s ]
[ sql ] [ SQL ] SHOW COLUMNS FROM `t_admin` [ RunTime:0.006836s ]
[ sql ] [ SQL ] SELECT * FROM `t_admin` WHERE  `id` = 12 LIMIT 1 [ RunTime:0.003906s ]
[ sql ] [ SQL ] SHOW COLUMNS FROM `t_auth_rule` [ RunTime:0.070308s ]
[ sql ] [ SQL ] SELECT * FROM `t_auth_rule` WHERE  `name` = 'admin/index/dataintegration' LIMIT 1 [ RunTime:0.057614s ]
[ sql ] [ SQL ] SHOW COLUMNS FROM `t_tree` [ RunTime:0.058590s ]
[ sql ] [ SQL ] SELECT DISTINCT  `a`.`jdName`,`c`.`No`,`c`.`oldmanname`,`c`.`Contact`,`c`.`Address`,`c`.`birthday`,`c`.`sex`,`c`.`identity_card`,`c`.`deviceno`,`c`.`Residence_state`,`c`.`oldman_type`,`c`.`marital_status`,`c`.`pathography`,`c`.`Children_situation`,`c`.`anaphylactic`,`c`.`Healthy`,`c`.`remark`,`c`.`lianxiren1`,`c`.`lianxiren2`,`c`.`lianxiren3`,`c`.`lianxiren4`,`c`.`lianxiren5`,`c`.`lianxiren6`,`c`.`lianxiren7`,`c`.`lianxiren8`,`c`.`longitude1`,`c`.`latitude1`,`c`.`clientno` FROM `t_tree` `a` LEFT JOIN `t_tree_device` `b` ON `a`.`jdno`=`b`.`jdparent` LEFT JOIN `t_people` `c` ON `b`.`deviceid`=`c`.`deviceno` WHERE  (   a.jdno = 88 ) [ RunTime:0.065426s ]
[ sql ] [ SQL ] SELECT DISTINCT  `c`.*,`d`.`No`,`d`.`oldmanname`,`d`.`Address` FROM `t_tree` `a` LEFT JOIN `t_tree_device` `b` ON `a`.`jdno`=`b`.`jdparent` LEFT JOIN `t_calllist_voice` `c` ON `b`.`deviceid`=`c`.`deviceid` LEFT JOIN `t_people` `d` ON `c`.`deviceid`=`d`.`deviceno` WHERE  (   a.jdno = 88 and c.status <> '挂断'  )  AND (  `c`.`status` = '<>' OR `c`.`status` <> '' ) ORDER BY `c`.`id` DESC LIMIT 0,10 [ RunTime:0.004883s ]
[ sql ] [ SQL ] SELECT DISTINCT  COUNT(*) AS tp_count FROM `t_tree` `a` LEFT JOIN `t_tree_device` `b` ON `a`.`jdno`=`b`.`jdparent` LEFT JOIN `t_calllist_voice` `c` ON `b`.`deviceid`=`c`.`deviceid` LEFT JOIN `t_people` `d` ON `c`.`deviceid`=`d`.`deviceno` WHERE  (   a.jdno = 88 and c.status <> '挂断'  )  AND (  `c`.`status` = '<>' OR `c`.`status` <> '' ) LIMIT 1 [ RunTime:0.008789s ]
[ sql ] [ SQL ] SELECT COUNT(c.calltime) AS counts,c.calltime as ctime FROM `t_tree` `a` LEFT JOIN `t_tree_device` `b` ON `a`.`jdno`=`b`.`jdparent` LEFT JOIN `t_calllist_voice` `c` ON `b`.`deviceid`=`c`.`deviceid` WHERE  (   a.jdno = 88 and c.status = '挂断' and  c.calltime >= '2023-4-11' and  c.calltime <= '2023-04-15' ) LIMIT 1 [ RunTime:0.029295s ]
[ sql ] [ SQL ] SELECT COUNT(c.calltime) AS counts,c.calltime as ctime FROM `t_tree` `a` LEFT JOIN `t_tree_device` `b` ON `a`.`jdno`=`b`.`jdparent` LEFT JOIN `t_calllist_voice` `c` ON `b`.`deviceid`=`c`.`deviceid` WHERE  (   a.jdno = 88 and c.status = '挂断' and  c.calltime >= '2023-4-15' and  c.calltime <= '2023-04-19' ) LIMIT 1 [ RunTime:0.043943s ]
[ sql ] [ SQL ] SELECT COUNT(c.calltime) AS counts,c.calltime as ctime FROM `t_tree` `a` LEFT JOIN `t_tree_device` `b` ON `a`.`jdno`=`b`.`jdparent` LEFT JOIN `t_calllist_voice` `c` ON `b`.`deviceid`=`c`.`deviceid` WHERE  (   a.jdno = 88 and c.status = '挂断' and  c.calltime >= '2023-4-19' and  c.calltime <= '2023-04-23' ) LIMIT 1 [ RunTime:0.058590s ]
[ sql ] [ SQL ] SELECT COUNT(c.calltime) AS counts,c.calltime as ctime FROM `t_tree` `a` LEFT JOIN `t_tree_device` `b` ON `a`.`jdno`=`b`.`jdparent` LEFT JOIN `t_calllist_voice` `c` ON `b`.`deviceid`=`c`.`deviceid` WHERE  (   a.jdno = 88 and c.status = '挂断' and  c.calltime >= '2023-4-23' and  c.calltime <= '2023-04-27' ) LIMIT 1 [ RunTime:0.011718s ]
[ sql ] [ SQL ] SELECT COUNT(c.calltime) AS counts,c.calltime as ctime FROM `t_tree` `a` LEFT JOIN `t_tree_device` `b` ON `a`.`jdno`=`b`.`jdparent` LEFT JOIN `t_calllist_voice` `c` ON `b`.`deviceid`=`c`.`deviceid` WHERE  (   a.jdno = 88 and c.status = '挂断' and  c.calltime >= '2023-4-27' and  c.calltime <= '2023-05-01' ) LIMIT 1 [ RunTime:0.065426s ]
[ sql ] [ SQL ] SELECT COUNT(c.calltime) AS counts,c.calltime as ctime FROM `t_tree` `a` LEFT JOIN `t_tree_device` `b` ON `a`.`jdno`=`b`.`jdparent` LEFT JOIN `t_calllist_voice` `c` ON `b`.`deviceid`=`c`.`deviceid` WHERE  (   a.jdno = 88 and c.status = '挂断' and  c.calltime >= '2023-5-1' and  c.calltime <= '2023-05-05' ) LIMIT 1 [ RunTime:0.005859s ]
[ sql ] [ SQL ] SELECT COUNT(c.calltime) AS counts,c.calltime as ctime FROM `t_tree` `a` LEFT JOIN `t_tree_device` `b` ON `a`.`jdno`=`b`.`jdparent` LEFT JOIN `t_calllist_voice` `c` ON `b`.`deviceid`=`c`.`deviceid` WHERE  (   a.jdno = 88 and c.status = '挂断' and  c.calltime >= '2023-5-5' and  c.calltime <= '2023-05-09' ) LIMIT 1 [ RunTime:0.002930s ]
[ sql ] [ SQL ] SELECT COUNT(c.calltime) AS counts,c.calltime as ctime FROM `t_tree` `a` LEFT JOIN `t_tree_device` `b` ON `a`.`jdno`=`b`.`jdparent` LEFT JOIN `t_calllist_voice` `c` ON `b`.`deviceid`=`c`.`deviceid` WHERE  (   a.jdno = 88 and c.status = '挂断' and  c.calltime >= '2023-5-9' and  c.calltime <= '2023-05-12' ) LIMIT 1 [ RunTime:0.003906s ]
[ sql ] [ SQL ] SELECT COUNT(c.calltime) AS counts,c.calltime as ctime FROM `t_tree` `a` LEFT JOIN `t_tree_device` `b` ON `a`.`jdno`=`b`.`jdparent` LEFT JOIN `t_calllist_voice` `c` ON `b`.`deviceid`=`c`.`deviceid` WHERE  (   a.jdno = 88 and c.status = '挂断' and  c.calltime >= '2023-4-11' and  c.calltime <= '2023-04-15' )  AND (  `c`.`taketime` IS NULL OR `c`.`taketime` = '' )  AND (  `c`.`endtime` IS NULL OR `c`.`endtime` = '' ) LIMIT 1 [ RunTime:0.024413s ]
[ sql ] [ SQL ] SELECT COUNT(c.calltime) AS counts,c.calltime as ctime FROM `t_tree` `a` LEFT JOIN `t_tree_device` `b` ON `a`.`jdno`=`b`.`jdparent` LEFT JOIN `t_calllist_voice` `c` ON `b`.`deviceid`=`c`.`deviceid` WHERE  (   a.jdno = 88 and c.status = '挂断' and  c.calltime >= '2023-4-15' and  c.calltime <= '2023-04-19' )  AND (  `c`.`taketime` IS NULL OR `c`.`taketime` = '' )  AND (  `c`.`endtime` IS NULL OR `c`.`endtime` = '' ) LIMIT 1 [ RunTime:0.127921s ]
[ sql ] [ SQL ] SELECT COUNT(c.calltime) AS counts,c.calltime as ctime FROM `t_tree` `a` LEFT JOIN `t_tree_device` `b` ON `a`.`jdno`=`b`.`jdparent` LEFT JOIN `t_calllist_voice` `c` ON `b`.`deviceid`=`c`.`deviceid` WHERE  (   a.jdno = 88 and c.status = '挂断' and  c.calltime >= '2023-4-19' and  c.calltime <= '2023-04-23' )  AND (  `c`.`taketime` IS NULL OR `c`.`taketime` = '' )  AND (  `c`.`endtime` IS NULL OR `c`.`endtime` = '' ) LIMIT 1 [ RunTime:0.024413s ]
[ sql ] [ SQL ] SELECT COUNT(c.calltime) AS counts,c.calltime as ctime FROM `t_tree` `a` LEFT JOIN `t_tree_device` `b` ON `a`.`jdno`=`b`.`jdparent` LEFT JOIN `t_calllist_voice` `c` ON `b`.`deviceid`=`c`.`deviceid` WHERE  (   a.jdno = 88 and c.status = '挂断' and  c.calltime >= '2023-4-23' and  c.calltime <= '2023-04-27' )  AND (  `c`.`taketime` IS NULL OR `c`.`taketime` = '' )  AND (  `c`.`endtime` IS NULL OR `c`.`endtime` = '' ) LIMIT 1 [ RunTime:0.077144s ]
[ sql ] [ SQL ] SELECT COUNT(c.calltime) AS counts,c.calltime as ctime FROM `t_tree` `a` LEFT JOIN `t_tree_device` `b` ON `a`.`jdno`=`b`.`jdparent` LEFT JOIN `t_calllist_voice` `c` ON `b`.`deviceid`=`c`.`deviceid` WHERE  (   a.jdno = 88 and c.status = '挂断' and  c.calltime >= '2023-4-27' and  c.calltime <= '2023-05-01' )  AND (  `c`.`taketime` IS NULL OR `c`.`taketime` = '' )  AND (  `c`.`endtime` IS NULL OR `c`.`endtime` = '' ) LIMIT 1 [ RunTime:0.019530s ]
[ sql ] [ SQL ] SELECT COUNT(c.calltime) AS counts,c.calltime as ctime FROM `t_tree` `a` LEFT JOIN `t_tree_device` `b` ON `a`.`jdno`=`b`.`jdparent` LEFT JOIN `t_calllist_voice` `c` ON `b`.`deviceid`=`c`.`deviceid` WHERE  (   a.jdno = 88 and c.status = '挂断' and  c.calltime >= '2023-5-1' and  c.calltime <= '2023-05-05' )  AND (  `c`.`taketime` IS NULL OR `c`.`taketime` = '' )  AND (  `c`.`endtime` IS NULL OR `c`.`endtime` = '' ) LIMIT 1 [ RunTime:0.022459s ]
[ sql ] [ SQL ] SELECT COUNT(c.calltime) AS counts,c.calltime as ctime FROM `t_tree` `a` LEFT JOIN `t_tree_device` `b` ON `a`.`jdno`=`b`.`jdparent` LEFT JOIN `t_calllist_voice` `c` ON `b`.`deviceid`=`c`.`deviceid` WHERE  (   a.jdno = 88 and c.status = '挂断' and  c.calltime >= '2023-5-5' and  c.calltime <= '2023-05-09' )  AND (  `c`.`taketime` IS NULL OR `c`.`taketime` = '' )  AND (  `c`.`endtime` IS NULL OR `c`.`endtime` = '' ) LIMIT 1 [ RunTime:0.127921s ]
[ sql ] [ SQL ] SELECT COUNT(c.calltime) AS counts,c.calltime as ctime FROM `t_tree` `a` LEFT JOIN `t_tree_device` `b` ON `a`.`jdno`=`b`.`jdparent` LEFT JOIN `t_calllist_voice` `c` ON `b`.`deviceid`=`c`.`deviceid` WHERE  (   a.jdno = 88 and c.status = '挂断' and  c.calltime >= '2023-5-9' and  c.calltime <= '2023-05-12' )  AND (  `c`.`taketime` IS NULL OR `c`.`taketime` = '' )  AND (  `c`.`endtime` IS NULL OR `c`.`endtime` = '' ) LIMIT 1 [ RunTime:0.024412s ]
---------------------------------------------------------------
[ 2023-05-11T21:35:28+08:00 ] 112.41.70.16 GET www.mmcall.net:7002/index.php/admin/Index/dataIntegration?data=%7B%22jdno%22:88,%22dateValue%22:%22%E5%B9%B4%22,%22themoonarraylist%22:[[%222022-06%22,%222022-07%22],[%222022-07%22,%222022-08%22],[%222022-08%22,%222022-09%22],[%222022-09%22,%222022-10%22],[%222022-10%22,%222022-11%22],[%222022-11%22,%222022-12%22],[%222022-12%22,%222023-01%22],[%222023-01%22,%222023-02%22],[%222023-02%22,%222023-03%22],[%222023-03%22,%222023-04%22],[%222023-04%22,%222023-05%22],[%222023-05%22,%222023-06%22]]%7D&signature=217f49b6559947777cf0bb252f4d2d67
[ sql ] [ DB ] CONNECT:[ UseTime:0.009765s ] mysql:host=47.104.10.49;dbname=yunmmcall_big;charset=utf8
[ sql ] [ SQL ] SHOW COLUMNS FROM `t_app` [ RunTime:0.006836s ]
[ sql ] [ SQL ] SELECT * FROM `t_app` WHERE  `appId` = '123456' LIMIT 1 [ RunTime:0.002929s ]
[ sql ] [ SQL ] SHOW COLUMNS FROM `t_admin` [ RunTime:0.006836s ]
[ sql ] [ SQL ] SELECT * FROM `t_admin` WHERE  `id` = 12 LIMIT 1 [ RunTime:0.004882s ]
[ sql ] [ SQL ] SHOW COLUMNS FROM `t_auth_rule` [ RunTime:0.007812s ]
[ sql ] [ SQL ] SELECT * FROM `t_auth_rule` WHERE  `name` = 'admin/index/dataintegration' LIMIT 1 [ RunTime:0.012694s ]
[ sql ] [ SQL ] SHOW COLUMNS FROM `t_tree` [ RunTime:0.007812s ]
[ sql ] [ SQL ] SELECT DISTINCT  `a`.`jdName`,`c`.`No`,`c`.`oldmanname`,`c`.`Contact`,`c`.`Address`,`c`.`birthday`,`c`.`sex`,`c`.`identity_card`,`c`.`deviceno`,`c`.`Residence_state`,`c`.`oldman_type`,`c`.`marital_status`,`c`.`pathography`,`c`.`Children_situation`,`c`.`anaphylactic`,`c`.`Healthy`,`c`.`remark`,`c`.`lianxiren1`,`c`.`lianxiren2`,`c`.`lianxiren3`,`c`.`lianxiren4`,`c`.`lianxiren5`,`c`.`lianxiren6`,`c`.`lianxiren7`,`c`.`lianxiren8`,`c`.`longitude1`,`c`.`latitude1`,`c`.`clientno` FROM `t_tree` `a` LEFT JOIN `t_tree_device` `b` ON `a`.`jdno`=`b`.`jdparent` LEFT JOIN `t_people` `c` ON `b`.`deviceid`=`c`.`deviceno` WHERE  (   a.jdno = 88 ) [ RunTime:0.043943s ]
[ sql ] [ SQL ] SELECT DISTINCT  `c`.*,`d`.`No`,`d`.`oldmanname`,`d`.`Address` FROM `t_tree` `a` LEFT JOIN `t_tree_device` `b` ON `a`.`jdno`=`b`.`jdparent` LEFT JOIN `t_calllist_voice` `c` ON `b`.`deviceid`=`c`.`deviceid` LEFT JOIN `t_people` `d` ON `c`.`deviceid`=`d`.`deviceno` WHERE  (   a.jdno = 88 and c.status <> '挂断'  )  AND (  `c`.`status` = '<>' OR `c`.`status` <> '' ) ORDER BY `c`.`id` DESC LIMIT 0,10 [ RunTime:0.003906s ]
[ sql ] [ SQL ] SELECT DISTINCT  COUNT(*) AS tp_count FROM `t_tree` `a` LEFT JOIN `t_tree_device` `b` ON `a`.`jdno`=`b`.`jdparent` LEFT JOIN `t_calllist_voice` `c` ON `b`.`deviceid`=`c`.`deviceid` LEFT JOIN `t_people` `d` ON `c`.`deviceid`=`d`.`deviceno` WHERE  (   a.jdno = 88 and c.status <> '挂断'  )  AND (  `c`.`status` = '<>' OR `c`.`status` <> '' ) LIMIT 1 [ RunTime:0.003906s ]
[ sql ] [ SQL ] SELECT COUNT(c.calltime) AS counts,c.calltime as ctime FROM `t_tree` `a` LEFT JOIN `t_tree_device` `b` ON `a`.`jdno`=`b`.`jdparent` LEFT JOIN `t_calllist_voice` `c` ON `b`.`deviceid`=`c`.`deviceid` WHERE  (   a.jdno = 88 and c.status = '挂断' and  c.calltime >= '2022-06' and  c.calltime <= '2022-07' ) LIMIT 1 [ RunTime:0.016600s ]
[ sql ] [ SQL ] SELECT COUNT(c.calltime) AS counts,c.calltime as ctime FROM `t_tree` `a` LEFT JOIN `t_tree_device` `b` ON `a`.`jdno`=`b`.`jdparent` LEFT JOIN `t_calllist_voice` `c` ON `b`.`deviceid`=`c`.`deviceid` WHERE  (   a.jdno = 88 and c.status = '挂断' and  c.calltime >= '2022-07' and  c.calltime <= '2022-08' ) LIMIT 1 [ RunTime:0.015624s ]
[ sql ] [ SQL ] SELECT COUNT(c.calltime) AS counts,c.calltime as ctime FROM `t_tree` `a` LEFT JOIN `t_tree_device` `b` ON `a`.`jdno`=`b`.`jdparent` LEFT JOIN `t_calllist_voice` `c` ON `b`.`deviceid`=`c`.`deviceid` WHERE  (   a.jdno = 88 and c.status = '挂断' and  c.calltime >= '2022-08' and  c.calltime <= '2022-09' ) LIMIT 1 [ RunTime:0.017577s ]
[ sql ] [ SQL ] SELECT COUNT(c.calltime) AS counts,c.calltime as ctime FROM `t_tree` `a` LEFT JOIN `t_tree_device` `b` ON `a`.`jdno`=`b`.`jdparent` LEFT JOIN `t_calllist_voice` `c` ON `b`.`deviceid`=`c`.`deviceid` WHERE  (   a.jdno = 88 and c.status = '挂断' and  c.calltime >= '2022-09' and  c.calltime <= '2022-10' ) LIMIT 1 [ RunTime:0.022460s ]
[ sql ] [ SQL ] SELECT COUNT(c.calltime) AS counts,c.calltime as ctime FROM `t_tree` `a` LEFT JOIN `t_tree_device` `b` ON `a`.`jdno`=`b`.`jdparent` LEFT JOIN `t_calllist_voice` `c` ON `b`.`deviceid`=`c`.`deviceid` WHERE  (   a.jdno = 88 and c.status = '挂断' and  c.calltime >= '2022-10' and  c.calltime <= '2022-11' ) LIMIT 1 [ RunTime:0.083979s ]
[ sql ] [ SQL ] SELECT COUNT(c.calltime) AS counts,c.calltime as ctime FROM `t_tree` `a` LEFT JOIN `t_tree_device` `b` ON `a`.`jdno`=`b`.`jdparent` LEFT JOIN `t_calllist_voice` `c` ON `b`.`deviceid`=`c`.`deviceid` WHERE  (   a.jdno = 88 and c.status = '挂断' and  c.calltime >= '2022-11' and  c.calltime <= '2022-12' ) LIMIT 1 [ RunTime:0.026365s ]
[ sql ] [ SQL ] SELECT COUNT(c.calltime) AS counts,c.calltime as ctime FROM `t_tree` `a` LEFT JOIN `t_tree_device` `b` ON `a`.`jdno`=`b`.`jdparent` LEFT JOIN `t_calllist_voice` `c` ON `b`.`deviceid`=`c`.`deviceid` WHERE  (   a.jdno = 88 and c.status = '挂断' and  c.calltime >= '2022-12' and  c.calltime <= '2023-01' ) LIMIT 1 [ RunTime:0.022460s ]
[ sql ] [ SQL ] SELECT COUNT(c.calltime) AS counts,c.calltime as ctime FROM `t_tree` `a` LEFT JOIN `t_tree_device` `b` ON `a`.`jdno`=`b`.`jdparent` LEFT JOIN `t_calllist_voice` `c` ON `b`.`deviceid`=`c`.`deviceid` WHERE  (   a.jdno = 88 and c.status = '挂断' and  c.calltime >= '2023-01' and  c.calltime <= '2023-02' ) LIMIT 1 [ RunTime:0.016600s ]
[ sql ] [ SQL ] SELECT COUNT(c.calltime) AS counts,c.calltime as ctime FROM `t_tree` `a` LEFT JOIN `t_tree_device` `b` ON `a`.`jdno`=`b`.`jdparent` LEFT JOIN `t_calllist_voice` `c` ON `b`.`deviceid`=`c`.`deviceid` WHERE  (   a.jdno = 88 and c.status = '挂断' and  c.calltime >= '2023-02' and  c.calltime <= '2023-03' ) LIMIT 1 [ RunTime:0.020507s ]
[ sql ] [ SQL ] SELECT COUNT(c.calltime) AS counts,c.calltime as ctime FROM `t_tree` `a` LEFT JOIN `t_tree_device` `b` ON `a`.`jdno`=`b`.`jdparent` LEFT JOIN `t_calllist_voice` `c` ON `b`.`deviceid`=`c`.`deviceid` WHERE  (   a.jdno = 88 and c.status = '挂断' and  c.calltime >= '2023-03' and  c.calltime <= '2023-04' ) LIMIT 1 [ RunTime:0.042966s ]
[ sql ] [ SQL ] SELECT COUNT(c.calltime) AS counts,c.calltime as ctime FROM `t_tree` `a` LEFT JOIN `t_tree_device` `b` ON `a`.`jdno`=`b`.`jdparent` LEFT JOIN `t_calllist_voice` `c` ON `b`.`deviceid`=`c`.`deviceid` WHERE  (   a.jdno = 88 and c.status = '挂断' and  c.calltime >= '2023-04' and  c.calltime <= '2023-05' ) LIMIT 1 [ RunTime:0.017577s ]
[ sql ] [ SQL ] SELECT COUNT(c.calltime) AS counts,c.calltime as ctime FROM `t_tree` `a` LEFT JOIN `t_tree_device` `b` ON `a`.`jdno`=`b`.`jdparent` LEFT JOIN `t_calllist_voice` `c` ON `b`.`deviceid`=`c`.`deviceid` WHERE  (   a.jdno = 88 and c.status = '挂断' and  c.calltime >= '2023-05' and  c.calltime <= '2023-06' ) LIMIT 1 [ RunTime:0.019530s ]
[ sql ] [ SQL ] SELECT COUNT(c.calltime) AS counts,c.calltime as ctime FROM `t_tree` `a` LEFT JOIN `t_tree_device` `b` ON `a`.`jdno`=`b`.`jdparent` LEFT JOIN `t_calllist_voice` `c` ON `b`.`deviceid`=`c`.`deviceid` WHERE  (   a.jdno = 88 and c.status = '挂断' and  c.calltime >= '2022-06' and  c.calltime <= '2022-07' )  AND (  `c`.`taketime` IS NULL OR `c`.`taketime` = '' )  AND (  `c`.`endtime` IS NULL OR `c`.`endtime` = '' ) LIMIT 1 [ RunTime:0.018553s ]
[ sql ] [ SQL ] SELECT COUNT(c.calltime) AS counts,c.calltime as ctime FROM `t_tree` `a` LEFT JOIN `t_tree_device` `b` ON `a`.`jdno`=`b`.`jdparent` LEFT JOIN `t_calllist_voice` `c` ON `b`.`deviceid`=`c`.`deviceid` WHERE  (   a.jdno = 88 and c.status = '挂断' and  c.calltime >= '2022-07' and  c.calltime <= '2022-08' )  AND (  `c`.`taketime` IS NULL OR `c`.`taketime` = '' )  AND (  `c`.`endtime` IS NULL OR `c`.`endtime` = '' ) LIMIT 1 [ RunTime:0.018554s ]
[ sql ] [ SQL ] SELECT COUNT(c.calltime) AS counts,c.calltime as ctime FROM `t_tree` `a` LEFT JOIN `t_tree_device` `b` ON `a`.`jdno`=`b`.`jdparent` LEFT JOIN `t_calllist_voice` `c` ON `b`.`deviceid`=`c`.`deviceid` WHERE  (   a.jdno = 88 and c.status = '挂断' and  c.calltime >= '2022-08' and  c.calltime <= '2022-09' )  AND (  `c`.`taketime` IS NULL OR `c`.`taketime` = '' )  AND (  `c`.`endtime` IS NULL OR `c`.`endtime` = '' ) LIMIT 1 [ RunTime:0.018553s ]
[ sql ] [ SQL ] SELECT COUNT(c.calltime) AS counts,c.calltime as ctime FROM `t_tree` `a` LEFT JOIN `t_tree_device` `b` ON `a`.`jdno`=`b`.`jdparent` LEFT JOIN `t_calllist_voice` `c` ON `b`.`deviceid`=`c`.`deviceid` WHERE  (   a.jdno = 88 and c.status = '挂断' and  c.calltime >= '2022-09' and  c.calltime <= '2022-10' )  AND (  `c`.`taketime` IS NULL OR `c`.`taketime` = '' )  AND (  `c`.`endtime` IS NULL OR `c`.`endtime` = '' ) LIMIT 1 [ RunTime:0.018554s ]
[ sql ] [ SQL ] SELECT COUNT(c.calltime) AS counts,c.calltime as ctime FROM `t_tree` `a` LEFT JOIN `t_tree_device` `b` ON `a`.`jdno`=`b`.`jdparent` LEFT JOIN `t_calllist_voice` `c` ON `b`.`deviceid`=`c`.`deviceid` WHERE  (   a.jdno = 88 and c.status = '挂断' and  c.calltime >= '2022-10' and  c.calltime <= '2022-11' )  AND (  `c`.`taketime` IS NULL OR `c`.`taketime` = '' )  AND (  `c`.`endtime` IS NULL OR `c`.`endtime` = '' ) LIMIT 1 [ RunTime:0.017577s ]
[ sql ] [ SQL ] SELECT COUNT(c.calltime) AS counts,c.calltime as ctime FROM `t_tree` `a` LEFT JOIN `t_tree_device` `b` ON `a`.`jdno`=`b`.`jdparent` LEFT JOIN `t_calllist_voice` `c` ON `b`.`deviceid`=`c`.`deviceid` WHERE  (   a.jdno = 88 and c.status = '挂断' and  c.calltime >= '2022-11' and  c.calltime <= '2022-12' )  AND (  `c`.`taketime` IS NULL OR `c`.`taketime` = '' )  AND (  `c`.`endtime` IS NULL OR `c`.`endtime` = '' ) LIMIT 1 [ RunTime:0.017577s ]
[ sql ] [ SQL ] SELECT COUNT(c.calltime) AS counts,c.calltime as ctime FROM `t_tree` `a` LEFT JOIN `t_tree_device` `b` ON `a`.`jdno`=`b`.`jdparent` LEFT JOIN `t_calllist_voice` `c` ON `b`.`deviceid`=`c`.`deviceid` WHERE  (   a.jdno = 88 and c.status = '挂断' and  c.calltime >= '2022-12' and  c.calltime <= '2023-01' )  AND (  `c`.`taketime` IS NULL OR `c`.`taketime` = '' )  AND (  `c`.`endtime` IS NULL OR `c`.`endtime` = '' ) LIMIT 1 [ RunTime:0.017577s ]
[ sql ] [ SQL ] SELECT COUNT(c.calltime) AS counts,c.calltime as ctime FROM `t_tree` `a` LEFT JOIN `t_tree_device` `b` ON `a`.`jdno`=`b`.`jdparent` LEFT JOIN `t_calllist_voice` `c` ON `b`.`deviceid`=`c`.`deviceid` WHERE  (   a.jdno = 88 and c.status = '挂断' and  c.calltime >= '2023-01' and  c.calltime <= '2023-02' )  AND (  `c`.`taketime` IS NULL OR `c`.`taketime` = '' )  AND (  `c`.`endtime` IS NULL OR `c`.`endtime` = '' ) LIMIT 1 [ RunTime:0.081050s ]
[ sql ] [ SQL ] SELECT COUNT(c.calltime) AS counts,c.calltime as ctime FROM `t_tree` `a` LEFT JOIN `t_tree_device` `b` ON `a`.`jdno`=`b`.`jdparent` LEFT JOIN `t_calllist_voice` `c` ON `b`.`deviceid`=`c`.`deviceid` WHERE  (   a.jdno = 88 and c.status = '挂断' and  c.calltime >= '2023-02' and  c.calltime <= '2023-03' )  AND (  `c`.`taketime` IS NULL OR `c`.`taketime` = '' )  AND (  `c`.`endtime` IS NULL OR `c`.`endtime` = '' ) LIMIT 1 [ RunTime:0.017577s ]
[ sql ] [ SQL ] SELECT COUNT(c.calltime) AS counts,c.calltime as ctime FROM `t_tree` `a` LEFT JOIN `t_tree_device` `b` ON `a`.`jdno`=`b`.`jdparent` LEFT JOIN `t_calllist_voice` `c` ON `b`.`deviceid`=`c`.`deviceid` WHERE  (   a.jdno = 88 and c.status = '挂断' and  c.calltime >= '2023-03' and  c.calltime <= '2023-04' )  AND (  `c`.`taketime` IS NULL OR `c`.`taketime` = '' )  AND (  `c`.`endtime` IS NULL OR `c`.`endtime` = '' ) LIMIT 1 [ RunTime:0.018553s ]
[ sql ] [ SQL ] SELECT COUNT(c.calltime) AS counts,c.calltime as ctime FROM `t_tree` `a` LEFT JOIN `t_tree_device` `b` ON `a`.`jdno`=`b`.`jdparent` LEFT JOIN `t_calllist_voice` `c` ON `b`.`deviceid`=`c`.`deviceid` WHERE  (   a.jdno = 88 and c.status = '挂断' and  c.calltime >= '2023-04' and  c.calltime <= '2023-05' )  AND (  `c`.`taketime` IS NULL OR `c`.`taketime` = '' )  AND (  `c`.`endtime` IS NULL OR `c`.`endtime` = '' ) LIMIT 1 [ RunTime:0.017577s ]
[ sql ] [ SQL ] SELECT COUNT(c.calltime) AS counts,c.calltime as ctime FROM `t_tree` `a` LEFT JOIN `t_tree_device` `b` ON `a`.`jdno`=`b`.`jdparent` LEFT JOIN `t_calllist_voice` `c` ON `b`.`deviceid`=`c`.`deviceid` WHERE  (   a.jdno = 88 and c.status = '挂断' and  c.calltime >= '2023-05' and  c.calltime <= '2023-06' )  AND (  `c`.`taketime` IS NULL OR `c`.`taketime` = '' )  AND (  `c`.`endtime` IS NULL OR `c`.`endtime` = '' ) LIMIT 1 [ RunTime:0.016600s ]
---------------------------------------------------------------
[ 2023-05-11T21:35:31+08:00 ] 112.41.70.16 GET www.mmcall.net:7002/index.php/admin/Index/dataIntegration?data=%7B%22jdno%22:88,%22dateValue%22:%22%E6%9C%88%22,%22themoonarraylist%22:%22[[%5C%222023-4-11%5C%22,%5C%222023-4-14%5C%22],[%5C%222023-4-15%5C%22,%5C%222023-4-18%5C%22],[%5C%222023-4-19%5C%22,%5C%222023-4-22%5C%22],[%5C%222023-4-23%5C%22,%5C%222023-4-26%5C%22],[%5C%222023-4-27%5C%22,%5C%222023-4-30%5C%22],[%5C%222023-5-1%5C%22,%5C%222023-5-4%5C%22],[%5C%222023-5-5%5C%22,%5C%222023-5-8%5C%22],[%5C%222023-5-9%5C%22,%5C%222023-5-11%5C%22]]%22%7D&signature=310d5ba1e4d11ce34867fc3ae84c6cf3
[ sql ] [ DB ] CONNECT:[ UseTime:0.008789s ] mysql:host=47.104.10.49;dbname=yunmmcall_big;charset=utf8
[ sql ] [ SQL ] SHOW COLUMNS FROM `t_app` [ RunTime:0.006836s ]
[ sql ] [ SQL ] SELECT * FROM `t_app` WHERE  `appId` = '123456' LIMIT 1 [ RunTime:0.002929s ]
[ sql ] [ SQL ] SHOW COLUMNS FROM `t_admin` [ RunTime:0.006835s ]
[ sql ] [ SQL ] SELECT * FROM `t_admin` WHERE  `id` = 12 LIMIT 1 [ RunTime:0.001953s ]
[ sql ] [ SQL ] SHOW COLUMNS FROM `t_auth_rule` [ RunTime:0.005859s ]
[ sql ] [ SQL ] SELECT * FROM `t_auth_rule` WHERE  `name` = 'admin/index/dataintegration' LIMIT 1 [ RunTime:0.002929s ]
[ sql ] [ SQL ] SHOW COLUMNS FROM `t_tree` [ RunTime:0.005859s ]
[ sql ] [ SQL ] SELECT DISTINCT  `a`.`jdName`,`c`.`No`,`c`.`oldmanname`,`c`.`Contact`,`c`.`Address`,`c`.`birthday`,`c`.`sex`,`c`.`identity_card`,`c`.`deviceno`,`c`.`Residence_state`,`c`.`oldman_type`,`c`.`marital_status`,`c`.`pathography`,`c`.`Children_situation`,`c`.`anaphylactic`,`c`.`Healthy`,`c`.`remark`,`c`.`lianxiren1`,`c`.`lianxiren2`,`c`.`lianxiren3`,`c`.`lianxiren4`,`c`.`lianxiren5`,`c`.`lianxiren6`,`c`.`lianxiren7`,`c`.`lianxiren8`,`c`.`longitude1`,`c`.`latitude1`,`c`.`clientno` FROM `t_tree` `a` LEFT JOIN `t_tree_device` `b` ON `a`.`jdno`=`b`.`jdparent` LEFT JOIN `t_people` `c` ON `b`.`deviceid`=`c`.`deviceno` WHERE  (   a.jdno = 88 ) [ RunTime:0.002930s ]
[ sql ] [ SQL ] SELECT DISTINCT  `c`.*,`d`.`No`,`d`.`oldmanname`,`d`.`Address` FROM `t_tree` `a` LEFT JOIN `t_tree_device` `b` ON `a`.`jdno`=`b`.`jdparent` LEFT JOIN `t_calllist_voice` `c` ON `b`.`deviceid`=`c`.`deviceid` LEFT JOIN `t_people` `d` ON `c`.`deviceid`=`d`.`deviceno` WHERE  (   a.jdno = 88 and c.status <> '挂断'  )  AND (  `c`.`status` = '<>' OR `c`.`status` <> '' ) ORDER BY `c`.`id` DESC LIMIT 0,10 [ RunTime:0.001953s ]
[ sql ] [ SQL ] SELECT DISTINCT  COUNT(*) AS tp_count FROM `t_tree` `a` LEFT JOIN `t_tree_device` `b` ON `a`.`jdno`=`b`.`jdparent` LEFT JOIN `t_calllist_voice` `c` ON `b`.`deviceid`=`c`.`deviceid` LEFT JOIN `t_people` `d` ON `c`.`deviceid`=`d`.`deviceno` WHERE  (   a.jdno = 88 and c.status <> '挂断'  )  AND (  `c`.`status` = '<>' OR `c`.`status` <> '' ) LIMIT 1 [ RunTime:0.003906s ]
[ sql ] [ SQL ] SELECT COUNT(c.calltime) AS counts,c.calltime as ctime FROM `t_tree` `a` LEFT JOIN `t_tree_device` `b` ON `a`.`jdno`=`b`.`jdparent` LEFT JOIN `t_calllist_voice` `c` ON `b`.`deviceid`=`c`.`deviceid` WHERE  (   a.jdno = 88 and c.status = '挂断' and  c.calltime >= '2023-4-11' and  c.calltime <= '2023-04-15' ) LIMIT 1 [ RunTime:0.001953s ]
[ sql ] [ SQL ] SELECT COUNT(c.calltime) AS counts,c.calltime as ctime FROM `t_tree` `a` LEFT JOIN `t_tree_device` `b` ON `a`.`jdno`=`b`.`jdparent` LEFT JOIN `t_calllist_voice` `c` ON `b`.`deviceid`=`c`.`deviceid` WHERE  (   a.jdno = 88 and c.status = '挂断' and  c.calltime >= '2023-4-15' and  c.calltime <= '2023-04-19' ) LIMIT 1 [ RunTime:0.002930s ]
[ sql ] [ SQL ] SELECT COUNT(c.calltime) AS counts,c.calltime as ctime FROM `t_tree` `a` LEFT JOIN `t_tree_device` `b` ON `a`.`jdno`=`b`.`jdparent` LEFT JOIN `t_calllist_voice` `c` ON `b`.`deviceid`=`c`.`deviceid` WHERE  (   a.jdno = 88 and c.status = '挂断' and  c.calltime >= '2023-4-19' and  c.calltime <= '2023-04-23' ) LIMIT 1 [ RunTime:0.001953s ]
[ sql ] [ SQL ] SELECT COUNT(c.calltime) AS counts,c.calltime as ctime FROM `t_tree` `a` LEFT JOIN `t_tree_device` `b` ON `a`.`jdno`=`b`.`jdparent` LEFT JOIN `t_calllist_voice` `c` ON `b`.`deviceid`=`c`.`deviceid` WHERE  (   a.jdno = 88 and c.status = '挂断' and  c.calltime >= '2023-4-23' and  c.calltime <= '2023-04-27' ) LIMIT 1 [ RunTime:0.002929s ]
[ sql ] [ SQL ] SELECT COUNT(c.calltime) AS counts,c.calltime as ctime FROM `t_tree` `a` LEFT JOIN `t_tree_device` `b` ON `a`.`jdno`=`b`.`jdparent` LEFT JOIN `t_calllist_voice` `c` ON `b`.`deviceid`=`c`.`deviceid` WHERE  (   a.jdno = 88 and c.status = '挂断' and  c.calltime >= '2023-4-27' and  c.calltime <= '2023-05-01' ) LIMIT 1 [ RunTime:0.001953s ]
[ sql ] [ SQL ] SELECT COUNT(c.calltime) AS counts,c.calltime as ctime FROM `t_tree` `a` LEFT JOIN `t_tree_device` `b` ON `a`.`jdno`=`b`.`jdparent` LEFT JOIN `t_calllist_voice` `c` ON `b`.`deviceid`=`c`.`deviceid` WHERE  (   a.jdno = 88 and c.status = '挂断' and  c.calltime >= '2023-5-1' and  c.calltime <= '2023-05-05' ) LIMIT 1 [ RunTime:0.002930s ]
[ sql ] [ SQL ] SELECT COUNT(c.calltime) AS counts,c.calltime as ctime FROM `t_tree` `a` LEFT JOIN `t_tree_device` `b` ON `a`.`jdno`=`b`.`jdparent` LEFT JOIN `t_calllist_voice` `c` ON `b`.`deviceid`=`c`.`deviceid` WHERE  (   a.jdno = 88 and c.status = '挂断' and  c.calltime >= '2023-5-5' and  c.calltime <= '2023-05-09' ) LIMIT 1 [ RunTime:0.001953s ]
[ sql ] [ SQL ] SELECT COUNT(c.calltime) AS counts,c.calltime as ctime FROM `t_tree` `a` LEFT JOIN `t_tree_device` `b` ON `a`.`jdno`=`b`.`jdparent` LEFT JOIN `t_calllist_voice` `c` ON `b`.`deviceid`=`c`.`deviceid` WHERE  (   a.jdno = 88 and c.status = '挂断' and  c.calltime >= '2023-5-9' and  c.calltime <= '2023-05-12' ) LIMIT 1 [ RunTime:0.001953s ]
[ sql ] [ SQL ] SELECT COUNT(c.calltime) AS counts,c.calltime as ctime FROM `t_tree` `a` LEFT JOIN `t_tree_device` `b` ON `a`.`jdno`=`b`.`jdparent` LEFT JOIN `t_calllist_voice` `c` ON `b`.`deviceid`=`c`.`deviceid` WHERE  (   a.jdno = 88 and c.status = '挂断' and  c.calltime >= '2023-4-11' and  c.calltime <= '2023-04-15' )  AND (  `c`.`taketime` IS NULL OR `c`.`taketime` = '' )  AND (  `c`.`endtime` IS NULL OR `c`.`endtime` = '' ) LIMIT 1 [ RunTime:0.018554s ]
[ sql ] [ SQL ] SELECT COUNT(c.calltime) AS counts,c.calltime as ctime FROM `t_tree` `a` LEFT JOIN `t_tree_device` `b` ON `a`.`jdno`=`b`.`jdparent` LEFT JOIN `t_calllist_voice` `c` ON `b`.`deviceid`=`c`.`deviceid` WHERE  (   a.jdno = 88 and c.status = '挂断' and  c.calltime >= '2023-4-15' and  c.calltime <= '2023-04-19' )  AND (  `c`.`taketime` IS NULL OR `c`.`taketime` = '' )  AND (  `c`.`endtime` IS NULL OR `c`.`endtime` = '' ) LIMIT 1 [ RunTime:0.021483s ]
[ sql ] [ SQL ] SELECT COUNT(c.calltime) AS counts,c.calltime as ctime FROM `t_tree` `a` LEFT JOIN `t_tree_device` `b` ON `a`.`jdno`=`b`.`jdparent` LEFT JOIN `t_calllist_voice` `c` ON `b`.`deviceid`=`c`.`deviceid` WHERE  (   a.jdno = 88 and c.status = '挂断' and  c.calltime >= '2023-4-19' and  c.calltime <= '2023-04-23' )  AND (  `c`.`taketime` IS NULL OR `c`.`taketime` = '' )  AND (  `c`.`endtime` IS NULL OR `c`.`endtime` = '' ) LIMIT 1 [ RunTime:0.041989s ]
[ sql ] [ SQL ] SELECT COUNT(c.calltime) AS counts,c.calltime as ctime FROM `t_tree` `a` LEFT JOIN `t_tree_device` `b` ON `a`.`jdno`=`b`.`jdparent` LEFT JOIN `t_calllist_voice` `c` ON `b`.`deviceid`=`c`.`deviceid` WHERE  (   a.jdno = 88 and c.status = '挂断' and  c.calltime >= '2023-4-23' and  c.calltime <= '2023-04-27' )  AND (  `c`.`taketime` IS NULL OR `c`.`taketime` = '' )  AND (  `c`.`endtime` IS NULL OR `c`.`endtime` = '' ) LIMIT 1 [ RunTime:0.026365s ]
[ sql ] [ SQL ] SELECT COUNT(c.calltime) AS counts,c.calltime as ctime FROM `t_tree` `a` LEFT JOIN `t_tree_device` `b` ON `a`.`jdno`=`b`.`jdparent` LEFT JOIN `t_calllist_voice` `c` ON `b`.`deviceid`=`c`.`deviceid` WHERE  (   a.jdno = 88 and c.status = '挂断' and  c.calltime >= '2023-4-27' and  c.calltime <= '2023-05-01' )  AND (  `c`.`taketime` IS NULL OR `c`.`taketime` = '' )  AND (  `c`.`endtime` IS NULL OR `c`.`endtime` = '' ) LIMIT 1 [ RunTime:0.020506s ]
[ sql ] [ SQL ] SELECT COUNT(c.calltime) AS counts,c.calltime as ctime FROM `t_tree` `a` LEFT JOIN `t_tree_device` `b` ON `a`.`jdno`=`b`.`jdparent` LEFT JOIN `t_calllist_voice` `c` ON `b`.`deviceid`=`c`.`deviceid` WHERE  (   a.jdno = 88 and c.status = '挂断' and  c.calltime >= '2023-5-1' and  c.calltime <= '2023-05-05' )  AND (  `c`.`taketime` IS NULL OR `c`.`taketime` = '' )  AND (  `c`.`endtime` IS NULL OR `c`.`endtime` = '' ) LIMIT 1 [ RunTime:0.019530s ]
[ sql ] [ SQL ] SELECT COUNT(c.calltime) AS counts,c.calltime as ctime FROM `t_tree` `a` LEFT JOIN `t_tree_device` `b` ON `a`.`jdno`=`b`.`jdparent` LEFT JOIN `t_calllist_voice` `c` ON `b`.`deviceid`=`c`.`deviceid` WHERE  (   a.jdno = 88 and c.status = '挂断' and  c.calltime >= '2023-5-5' and  c.calltime <= '2023-05-09' )  AND (  `c`.`taketime` IS NULL OR `c`.`taketime` = '' )  AND (  `c`.`endtime` IS NULL OR `c`.`endtime` = '' ) LIMIT 1 [ RunTime:0.016600s ]
[ sql ] [ SQL ] SELECT COUNT(c.calltime) AS counts,c.calltime as ctime FROM `t_tree` `a` LEFT JOIN `t_tree_device` `b` ON `a`.`jdno`=`b`.`jdparent` LEFT JOIN `t_calllist_voice` `c` ON `b`.`deviceid`=`c`.`deviceid` WHERE  (   a.jdno = 88 and c.status = '挂断' and  c.calltime >= '2023-5-9' and  c.calltime <= '2023-05-12' )  AND (  `c`.`taketime` IS NULL OR `c`.`taketime` = '' )  AND (  `c`.`endtime` IS NULL OR `c`.`endtime` = '' ) LIMIT 1 [ RunTime:0.017577s ]
---------------------------------------------------------------
[ 2023-05-11T21:35:47+08:00 ] 112.41.70.16 POST www.mmcall.net:7002/index.php/admin/Index/dateCallsList
[ sql ] [ DB ] CONNECT:[ UseTime:0.019530s ] mysql:host=47.104.10.49;dbname=yunmmcall_big;charset=utf8
[ sql ] [ SQL ] SHOW COLUMNS FROM `t_app` [ RunTime:0.075190s ]
[ sql ] [ SQL ] SELECT * FROM `t_app` WHERE  `appId` = '123456' LIMIT 1 [ RunTime:0.002930s ]
[ sql ] [ SQL ] SHOW COLUMNS FROM `t_admin` [ RunTime:0.006835s ]
[ sql ] [ SQL ] SELECT * FROM `t_admin` WHERE  `id` = 12 LIMIT 1 [ RunTime:0.001953s ]
[ sql ] [ SQL ] SHOW COLUMNS FROM `t_auth_rule` [ RunTime:0.006836s ]
[ sql ] [ SQL ] SELECT * FROM `t_auth_rule` WHERE  `name` = 'admin/index/datecallslist' LIMIT 1 [ RunTime:0.002929s ]
[ sql ] [ SQL ] SHOW COLUMNS FROM `t_tree` [ RunTime:0.007812s ]
[ sql ] [ SQL ] SELECT DISTINCT  `c`.*,`d`.`No`,`d`.`oldmanname`,`d`.`Address` FROM `t_tree` `a` LEFT JOIN `t_tree_device` `b` ON `a`.`jdno`=`b`.`jdparent` LEFT JOIN `t_calllist_voice` `c` ON `b`.`deviceid`=`c`.`deviceid` LEFT JOIN `t_people` `d` ON `c`.`deviceid`=`d`.`deviceno` WHERE  (   a.jdno = 88 and c.status <> '挂断'  )  AND (  `c`.`status` = '<>' OR `c`.`status` <> '' ) ORDER BY `c`.`id` DESC LIMIT 0,10 [ RunTime:0.002930s ]
[ sql ] [ SQL ] SELECT DISTINCT  COUNT(*) AS tp_count FROM `t_tree` `a` LEFT JOIN `t_tree_device` `b` ON `a`.`jdno`=`b`.`jdparent` LEFT JOIN `t_calllist_voice` `c` ON `b`.`deviceid`=`c`.`deviceid` LEFT JOIN `t_people` `d` ON `c`.`deviceid`=`d`.`deviceno` WHERE  (   a.jdno = 88 and c.status <> '挂断'  )  AND (  `c`.`status` = '<>' OR `c`.`status` <> '' ) LIMIT 1 [ RunTime:0.002929s ]
---------------------------------------------------------------
[ 2023-05-11T21:35:50+08:00 ] 112.41.70.16 GET www.mmcall.net:7002/index.php/admin/Index/dataIntegration?data=%7B%22jdno%22:88,%22dateValue%22:%22%E6%9C%88%22,%22themoonarraylist%22:%22[[%5C%222023-4-11%5C%22,%5C%222023-4-14%5C%22],[%5C%222023-4-15%5C%22,%5C%222023-4-18%5C%22],[%5C%222023-4-19%5C%22,%5C%222023-4-22%5C%22],[%5C%222023-4-23%5C%22,%5C%222023-4-26%5C%22],[%5C%222023-4-27%5C%22,%5C%222023-4-30%5C%22],[%5C%222023-5-1%5C%22,%5C%222023-5-4%5C%22],[%5C%222023-5-5%5C%22,%5C%222023-5-8%5C%22],[%5C%222023-5-9%5C%22,%5C%222023-5-11%5C%22]]%22%7D&signature=310d5ba1e4d11ce34867fc3ae84c6cf3
[ sql ] [ DB ] CONNECT:[ UseTime:0.016601s ] mysql:host=47.104.10.49;dbname=yunmmcall_big;charset=utf8
[ sql ] [ SQL ] SHOW COLUMNS FROM `t_app` [ RunTime:0.006836s ]
[ sql ] [ SQL ] SELECT * FROM `t_app` WHERE  `appId` = '123456' LIMIT 1 [ RunTime:0.002929s ]
[ sql ] [ SQL ] SHOW COLUMNS FROM `t_admin` [ RunTime:0.006835s ]
[ sql ] [ SQL ] SELECT * FROM `t_admin` WHERE  `id` = 12 LIMIT 1 [ RunTime:0.001953s ]
[ sql ] [ SQL ] SHOW COLUMNS FROM `t_auth_rule` [ RunTime:0.005859s ]
[ sql ] [ SQL ] SELECT * FROM `t_auth_rule` WHERE  `name` = 'admin/index/dataintegration' LIMIT 1 [ RunTime:0.001953s ]
[ sql ] [ SQL ] SHOW COLUMNS FROM `t_tree` [ RunTime:0.006836s ]
[ sql ] [ SQL ] SELECT DISTINCT  `a`.`jdName`,`c`.`No`,`c`.`oldmanname`,`c`.`Contact`,`c`.`Address`,`c`.`birthday`,`c`.`sex`,`c`.`identity_card`,`c`.`deviceno`,`c`.`Residence_state`,`c`.`oldman_type`,`c`.`marital_status`,`c`.`pathography`,`c`.`Children_situation`,`c`.`anaphylactic`,`c`.`Healthy`,`c`.`remark`,`c`.`lianxiren1`,`c`.`lianxiren2`,`c`.`lianxiren3`,`c`.`lianxiren4`,`c`.`lianxiren5`,`c`.`lianxiren6`,`c`.`lianxiren7`,`c`.`lianxiren8`,`c`.`longitude1`,`c`.`latitude1`,`c`.`clientno` FROM `t_tree` `a` LEFT JOIN `t_tree_device` `b` ON `a`.`jdno`=`b`.`jdparent` LEFT JOIN `t_people` `c` ON `b`.`deviceid`=`c`.`deviceno` WHERE  (   a.jdno = 88 ) [ RunTime:0.002929s ]
[ sql ] [ SQL ] SELECT DISTINCT  `c`.*,`d`.`No`,`d`.`oldmanname`,`d`.`Address` FROM `t_tree` `a` LEFT JOIN `t_tree_device` `b` ON `a`.`jdno`=`b`.`jdparent` LEFT JOIN `t_calllist_voice` `c` ON `b`.`deviceid`=`c`.`deviceid` LEFT JOIN `t_people` `d` ON `c`.`deviceid`=`d`.`deviceno` WHERE  (   a.jdno = 88 and c.status <> '挂断'  )  AND (  `c`.`status` = '<>' OR `c`.`status` <> '' ) ORDER BY `c`.`id` DESC LIMIT 0,10 [ RunTime:0.002930s ]
[ sql ] [ SQL ] SELECT DISTINCT  COUNT(*) AS tp_count FROM `t_tree` `a` LEFT JOIN `t_tree_device` `b` ON `a`.`jdno`=`b`.`jdparent` LEFT JOIN `t_calllist_voice` `c` ON `b`.`deviceid`=`c`.`deviceid` LEFT JOIN `t_people` `d` ON `c`.`deviceid`=`d`.`deviceno` WHERE  (   a.jdno = 88 and c.status <> '挂断'  )  AND (  `c`.`status` = '<>' OR `c`.`status` <> '' ) LIMIT 1 [ RunTime:0.001953s ]
[ sql ] [ SQL ] SELECT COUNT(c.calltime) AS counts,c.calltime as ctime FROM `t_tree` `a` LEFT JOIN `t_tree_device` `b` ON `a`.`jdno`=`b`.`jdparent` LEFT JOIN `t_calllist_voice` `c` ON `b`.`deviceid`=`c`.`deviceid` WHERE  (   a.jdno = 88 and c.status = '挂断' and  c.calltime >= '2023-4-11' and  c.calltime <= '2023-04-15' ) LIMIT 1 [ RunTime:0.002929s ]
[ sql ] [ SQL ] SELECT COUNT(c.calltime) AS counts,c.calltime as ctime FROM `t_tree` `a` LEFT JOIN `t_tree_device` `b` ON `a`.`jdno`=`b`.`jdparent` LEFT JOIN `t_calllist_voice` `c` ON `b`.`deviceid`=`c`.`deviceid` WHERE  (   a.jdno = 88 and c.status = '挂断' and  c.calltime >= '2023-4-15' and  c.calltime <= '2023-04-19' ) LIMIT 1 [ RunTime:0.001953s ]
[ sql ] [ SQL ] SELECT COUNT(c.calltime) AS counts,c.calltime as ctime FROM `t_tree` `a` LEFT JOIN `t_tree_device` `b` ON `a`.`jdno`=`b`.`jdparent` LEFT JOIN `t_calllist_voice` `c` ON `b`.`deviceid`=`c`.`deviceid` WHERE  (   a.jdno = 88 and c.status = '挂断' and  c.calltime >= '2023-4-19' and  c.calltime <= '2023-04-23' ) LIMIT 1 [ RunTime:0.001953s ]
[ sql ] [ SQL ] SELECT COUNT(c.calltime) AS counts,c.calltime as ctime FROM `t_tree` `a` LEFT JOIN `t_tree_device` `b` ON `a`.`jdno`=`b`.`jdparent` LEFT JOIN `t_calllist_voice` `c` ON `b`.`deviceid`=`c`.`deviceid` WHERE  (   a.jdno = 88 and c.status = '挂断' and  c.calltime >= '2023-4-23' and  c.calltime <= '2023-04-27' ) LIMIT 1 [ RunTime:0.002929s ]
[ sql ] [ SQL ] SELECT COUNT(c.calltime) AS counts,c.calltime as ctime FROM `t_tree` `a` LEFT JOIN `t_tree_device` `b` ON `a`.`jdno`=`b`.`jdparent` LEFT JOIN `t_calllist_voice` `c` ON `b`.`deviceid`=`c`.`deviceid` WHERE  (   a.jdno = 88 and c.status = '挂断' and  c.calltime >= '2023-4-27' and  c.calltime <= '2023-05-01' ) LIMIT 1 [ RunTime:0.001953s ]
[ sql ] [ SQL ] SELECT COUNT(c.calltime) AS counts,c.calltime as ctime FROM `t_tree` `a` LEFT JOIN `t_tree_device` `b` ON `a`.`jdno`=`b`.`jdparent` LEFT JOIN `t_calllist_voice` `c` ON `b`.`deviceid`=`c`.`deviceid` WHERE  (   a.jdno = 88 and c.status = '挂断' and  c.calltime >= '2023-5-1' and  c.calltime <= '2023-05-05' ) LIMIT 1 [ RunTime:0.001953s ]
[ sql ] [ SQL ] SELECT COUNT(c.calltime) AS counts,c.calltime as ctime FROM `t_tree` `a` LEFT JOIN `t_tree_device` `b` ON `a`.`jdno`=`b`.`jdparent` LEFT JOIN `t_calllist_voice` `c` ON `b`.`deviceid`=`c`.`deviceid` WHERE  (   a.jdno = 88 and c.status = '挂断' and  c.calltime >= '2023-5-5' and  c.calltime <= '2023-05-09' ) LIMIT 1 [ RunTime:0.002929s ]
[ sql ] [ SQL ] SELECT COUNT(c.calltime) AS counts,c.calltime as ctime FROM `t_tree` `a` LEFT JOIN `t_tree_device` `b` ON `a`.`jdno`=`b`.`jdparent` LEFT JOIN `t_calllist_voice` `c` ON `b`.`deviceid`=`c`.`deviceid` WHERE  (   a.jdno = 88 and c.status = '挂断' and  c.calltime >= '2023-5-9' and  c.calltime <= '2023-05-12' ) LIMIT 1 [ RunTime:0.001953s ]
[ sql ] [ SQL ] SELECT COUNT(c.calltime) AS counts,c.calltime as ctime FROM `t_tree` `a` LEFT JOIN `t_tree_device` `b` ON `a`.`jdno`=`b`.`jdparent` LEFT JOIN `t_calllist_voice` `c` ON `b`.`deviceid`=`c`.`deviceid` WHERE  (   a.jdno = 88 and c.status = '挂断' and  c.calltime >= '2023-4-11' and  c.calltime <= '2023-04-15' )  AND (  `c`.`taketime` IS NULL OR `c`.`taketime` = '' )  AND (  `c`.`endtime` IS NULL OR `c`.`endtime` = '' ) LIMIT 1 [ RunTime:0.019530s ]
[ sql ] [ SQL ] SELECT COUNT(c.calltime) AS counts,c.calltime as ctime FROM `t_tree` `a` LEFT JOIN `t_tree_device` `b` ON `a`.`jdno`=`b`.`jdparent` LEFT JOIN `t_calllist_voice` `c` ON `b`.`deviceid`=`c`.`deviceid` WHERE  (   a.jdno = 88 and c.status = '挂断' and  c.calltime >= '2023-4-15' and  c.calltime <= '2023-04-19' )  AND (  `c`.`taketime` IS NULL OR `c`.`taketime` = '' )  AND (  `c`.`endtime` IS NULL OR `c`.`endtime` = '' ) LIMIT 1 [ RunTime:0.074214s ]
[ sql ] [ SQL ] SELECT COUNT(c.calltime) AS counts,c.calltime as ctime FROM `t_tree` `a` LEFT JOIN `t_tree_device` `b` ON `a`.`jdno`=`b`.`jdparent` LEFT JOIN `t_calllist_voice` `c` ON `b`.`deviceid`=`c`.`deviceid` WHERE  (   a.jdno = 88 and c.status = '挂断' and  c.calltime >= '2023-4-19' and  c.calltime <= '2023-04-23' )  AND (  `c`.`taketime` IS NULL OR `c`.`taketime` = '' )  AND (  `c`.`endtime` IS NULL OR `c`.`endtime` = '' ) LIMIT 1 [ RunTime:0.020507s ]
[ sql ] [ SQL ] SELECT COUNT(c.calltime) AS counts,c.calltime as ctime FROM `t_tree` `a` LEFT JOIN `t_tree_device` `b` ON `a`.`jdno`=`b`.`jdparent` LEFT JOIN `t_calllist_voice` `c` ON `b`.`deviceid`=`c`.`deviceid` WHERE  (   a.jdno = 88 and c.status = '挂断' and  c.calltime >= '2023-4-23' and  c.calltime <= '2023-04-27' )  AND (  `c`.`taketime` IS NULL OR `c`.`taketime` = '' )  AND (  `c`.`endtime` IS NULL OR `c`.`endtime` = '' ) LIMIT 1 [ RunTime:0.017577s ]
[ sql ] [ SQL ] SELECT COUNT(c.calltime) AS counts,c.calltime as ctime FROM `t_tree` `a` LEFT JOIN `t_tree_device` `b` ON `a`.`jdno`=`b`.`jdparent` LEFT JOIN `t_calllist_voice` `c` ON `b`.`deviceid`=`c`.`deviceid` WHERE  (   a.jdno = 88 and c.status = '挂断' and  c.calltime >= '2023-4-27' and  c.calltime <= '2023-05-01' )  AND (  `c`.`taketime` IS NULL OR `c`.`taketime` = '' )  AND (  `c`.`endtime` IS NULL OR `c`.`endtime` = '' ) LIMIT 1 [ RunTime:0.021483s ]
[ sql ] [ SQL ] SELECT COUNT(c.calltime) AS counts,c.calltime as ctime FROM `t_tree` `a` LEFT JOIN `t_tree_device` `b` ON `a`.`jdno`=`b`.`jdparent` LEFT JOIN `t_calllist_voice` `c` ON `b`.`deviceid`=`c`.`deviceid` WHERE  (   a.jdno = 88 and c.status = '挂断' and  c.calltime >= '2023-5-1' and  c.calltime <= '2023-05-05' )  AND (  `c`.`taketime` IS NULL OR `c`.`taketime` = '' )  AND (  `c`.`endtime` IS NULL OR `c`.`endtime` = '' ) LIMIT 1 [ RunTime:0.016601s ]
[ sql ] [ SQL ] SELECT COUNT(c.calltime) AS counts,c.calltime as ctime FROM `t_tree` `a` LEFT JOIN `t_tree_device` `b` ON `a`.`jdno`=`b`.`jdparent` LEFT JOIN `t_calllist_voice` `c` ON `b`.`deviceid`=`c`.`deviceid` WHERE  (   a.jdno = 88 and c.status = '挂断' and  c.calltime >= '2023-5-5' and  c.calltime <= '2023-05-09' )  AND (  `c`.`taketime` IS NULL OR `c`.`taketime` = '' )  AND (  `c`.`endtime` IS NULL OR `c`.`endtime` = '' ) LIMIT 1 [ RunTime:0.018553s ]
[ sql ] [ SQL ] SELECT COUNT(c.calltime) AS counts,c.calltime as ctime FROM `t_tree` `a` LEFT JOIN `t_tree_device` `b` ON `a`.`jdno`=`b`.`jdparent` LEFT JOIN `t_calllist_voice` `c` ON `b`.`deviceid`=`c`.`deviceid` WHERE  (   a.jdno = 88 and c.status = '挂断' and  c.calltime >= '2023-5-9' and  c.calltime <= '2023-05-12' )  AND (  `c`.`taketime` IS NULL OR `c`.`taketime` = '' )  AND (  `c`.`endtime` IS NULL OR `c`.`endtime` = '' ) LIMIT 1 [ RunTime:0.017577s ]
---------------------------------------------------------------
[ 2023-05-11T21:35:51+08:00 ] 112.41.70.16 POST www.mmcall.net:7002/index.php/admin/Index/mapIntegration
[ sql ] [ DB ] CONNECT:[ UseTime:0.013671s ] mysql:host=47.104.10.49;dbname=yunmmcall_big;charset=utf8
[ sql ] [ SQL ] SHOW COLUMNS FROM `t_app` [ RunTime:0.006836s ]
[ sql ] [ SQL ] SELECT * FROM `t_app` WHERE  `appId` = '123456' LIMIT 1 [ RunTime:0.002929s ]
[ sql ] [ SQL ] SHOW COLUMNS FROM `t_admin` [ RunTime:0.006836s ]
[ sql ] [ SQL ] SELECT * FROM `t_admin` WHERE  `id` = 12 LIMIT 1 [ RunTime:0.003906s ]
[ sql ] [ SQL ] SHOW COLUMNS FROM `t_auth_rule` [ RunTime:0.070308s ]
[ sql ] [ SQL ] SELECT * FROM `t_auth_rule` WHERE  `name` = 'admin/index/mapintegration' LIMIT 1 [ RunTime:0.005859s ]
[ sql ] [ SQL ] SHOW COLUMNS FROM `t_tree` [ RunTime:0.006836s ]
[ sql ] [ SQL ] SELECT DISTINCT  `a`.`jdName`,`c`.`No`,`c`.`oldmanname`,`c`.`Contact`,`c`.`Address`,`c`.`birthday`,`c`.`sex`,`c`.`identity_card`,`c`.`deviceno`,`c`.`Residence_state`,`c`.`oldman_type`,`c`.`marital_status`,`c`.`pathography`,`c`.`Children_situation`,`c`.`anaphylactic`,`c`.`Healthy`,`c`.`remark`,`c`.`lianxiren1`,`c`.`lianxiren2`,`c`.`lianxiren3`,`c`.`lianxiren4`,`c`.`lianxiren5`,`c`.`lianxiren6`,`c`.`lianxiren7`,`c`.`lianxiren8`,`c`.`longitude1`,`c`.`latitude1`,`c`.`clientno` FROM `t_tree` `a` LEFT JOIN `t_tree_device` `b` ON `a`.`jdno`=`b`.`jdparent` LEFT JOIN `t_people` `c` ON `b`.`deviceid`=`c`.`deviceno` WHERE  (   a.jdno = 88 ) [ RunTime:0.002929s ]
