---------------------------------------------------------------
[ 2023-05-23T08:40:28+08:00 ] 175.164.70.232 OPTIONS www.mmcall.net:7002/index.php/admin/admin/getuser
[运行时间：0.031250s] [吞吐率：32.00req/s] [内存消耗：2,174.32kb] [文件加载：60]
[ info ] [ LANG ] C:\PHP\Apache\Apache24\htdocs\screenphp\thinkphp\lang\zh-cn.php
[ info ] [ ROUTE ] array (
  'type' => 'module',
  'module' => 
  array (
    0 => 'admin',
    1 => 'admin',
    2 => 'getuser',
  ),
)
[ info ] [ HEADER ] array (
  'host' => 'www.mmcall.net:7002',
  'connection' => 'keep-alive',
  'accept' => '*/*',
  'access-control-request-method' => 'POST',
  'access-control-request-headers' => 'x-access-appid,x-access-token',
  'origin' => 'http://localhost:8080',
  'user-agent' => 'Mozilla/5.0 (Windows NT 10.0; Win64; x64) AppleWebKit/537.36 (KHTML, like Gecko) Chrome/111.0.0.0 Safari/537.36',
  'sec-fetch-mode' => 'cors',
  'referer' => 'http://localhost:8080/',
  'accept-encoding' => 'gzip, deflate',
  'accept-language' => 'zh-CN,zh;q=0.9',
)
[ info ] [ PARAM ] array (
)
[ info ] [ LOG ] INIT File
---------------------------------------------------------------
[ 2023-05-23T08:40:28+08:00 ] 175.164.70.232 POST www.mmcall.net:7002/index.php/admin/admin/getuser
[运行时间：0.078125s] [吞吐率：12.80req/s] [内存消耗：3,476.58kb] [文件加载：72]
[ info ] [ LANG ] C:\PHP\Apache\Apache24\htdocs\screenphp\thinkphp\lang\zh-cn.php
[ info ] [ ROUTE ] array (
  'type' => 'module',
  'module' => 
  array (
    0 => 'admin',
    1 => 'admin',
    2 => 'getuser',
  ),
)
[ info ] [ HEADER ] array (
  'host' => 'www.mmcall.net:7002',
  'connection' => 'keep-alive',
  'content-length' => '42',
  'accept' => 'application/json, text/plain, */*',
  'x-access-token' => 'A476459D32A632E2AAFFF2DE6629359DMDAwMDAwMDAwML6Mna-FqrqSib2cgMOHoIC7o36CkY6xfLjQzqGGZIXVuGadr4u5um-LunZ_w4efabGmjmWDo3-gu5SsqIhkp6vJiamoi9GyooXTgqe7n6iHyICCiIaQpYjGzruxiGKJt7FkYrmSltSImdKfZa6ehn-4paOqg6d7qcqotKOGY4Wzt4liso7OtrOMqoKbuZ2YjLOQqHN9aqRru7vAe5edaJmyeZXVjM6Udg',
  'user-agent' => 'Mozilla/5.0 (Windows NT 10.0; Win64; x64) AppleWebKit/537.36 (KHTML, like Gecko) Chrome/111.0.0.0 Safari/537.36',
  'x-access-appid' => '123456',
  'content-type' => 'application/x-www-form-urlencoded;charset=UTF-8',
  'origin' => 'http://localhost:8080',
  'referer' => 'http://localhost:8080/',
  'accept-encoding' => 'gzip, deflate',
  'accept-language' => 'zh-CN,zh;q=0.9',
)
[ info ] [ PARAM ] array (
  'signature' => '776a8773415590486189e97e10f77114',
)
[ info ] [ DB ] INIT mysql
[ info ] [ RUN ] app\admin\controller\Admin->getuser[ C:\PHP\Apache\Apache24\htdocs\screenphp\application\admin\controller\Admin.php ]
[ info ] [ LOG ] INIT File
---------------------------------------------------------------
[ 2023-05-23T08:40:30+08:00 ] 175.164.70.232 OPTIONS www.mmcall.net:7002/index.php/admin/Index/dataIntegration?data=%7B%22jdno%22:88,%22dateValue%22:%22%E6%9C%88%22,%22themoonarraylist%22:%22[[%5C%222023%2F4%2F23%5C%22,%5C%222023%2F4%2F26%5C%22],[%5C%222023%2F4%2F27%5C%22,%5C%222023%2F4%2F30%5C%22],[%5C%222023%2F5%2F1%5C%22,%5C%222023%2F5%2F4%5C%22],[%5C%222023%2F5%2F5%5C%22,%5C%222023%2F5%2F8%5C%22],[%5C%222023%2F5%2F9%5C%22,%5C%222023%2F5%2F12%5C%22],[%5C%222023%2F5%2F13%5C%22,%5C%222023%2F5%2F16%5C%22],[%5C%222023%2F5%2F17%5C%22,%5C%222023%2F5%2F20%5C%22],[%5C%222023%2F5%2F21%5C%22,%5C%222023%2F5%2F23%5C%22]]%22%7D&signature=9e880d95cf7e17b5efd033aa0e9e05f9
[运行时间：0.023438s] [吞吐率：42.67req/s] [内存消耗：2,151.40kb] [文件加载：60]
[ info ] [ LANG ] C:\PHP\Apache\Apache24\htdocs\screenphp\thinkphp\lang\zh-cn.php
[ info ] [ ROUTE ] array (
  'type' => 'module',
  'module' => 
  array (
    0 => 'admin',
    1 => 'Index',
    2 => 'dataIntegration',
  ),
)
[ info ] [ HEADER ] array (
  'host' => 'www.mmcall.net:7002',
  'connection' => 'keep-alive',
  'accept' => '*/*',
  'access-control-request-method' => 'GET',
  'access-control-request-headers' => 'x-access-appid,x-access-token',
  'origin' => 'http://localhost:8080',
  'user-agent' => 'Mozilla/5.0 (Windows NT 10.0; Win64; x64) AppleWebKit/537.36 (KHTML, like Gecko) Chrome/111.0.0.0 Safari/537.36',
  'sec-fetch-mode' => 'cors',
  'referer' => 'http://localhost:8080/',
  'accept-encoding' => 'gzip, deflate',
  'accept-language' => 'zh-CN,zh;q=0.9',
)
[ info ] [ PARAM ] array (
  'data' => '{"jdno":88,"dateValue":"月","themoonarraylist":"[[\\"2023/4/23\\",\\"2023/4/26\\"],[\\"2023/4/27\\",\\"2023/4/30\\"],[\\"2023/5/1\\",\\"2023/5/4\\"],[\\"2023/5/5\\",\\"2023/5/8\\"],[\\"2023/5/9\\",\\"2023/5/12\\"],[\\"2023/5/13\\",\\"2023/5/16\\"],[\\"2023/5/17\\",\\"2023/5/20\\"],[\\"2023/5/21\\",\\"2023/5/23\\"]]"}',
  'signature' => '9e880d95cf7e17b5efd033aa0e9e05f9',
)
[ info ] [ LOG ] INIT File
---------------------------------------------------------------
[ 2023-05-23T08:40:30+08:00 ] 175.164.70.232 GET www.mmcall.net:7002/index.php/admin/Index/dataIntegration?data=%7B%22jdno%22:88,%22dateValue%22:%22%E6%9C%88%22,%22themoonarraylist%22:%22[[%5C%222023%2F4%2F23%5C%22,%5C%222023%2F4%2F26%5C%22],[%5C%222023%2F4%2F27%5C%22,%5C%222023%2F4%2F30%5C%22],[%5C%222023%2F5%2F1%5C%22,%5C%222023%2F5%2F4%5C%22],[%5C%222023%2F5%2F5%5C%22,%5C%222023%2F5%2F8%5C%22],[%5C%222023%2F5%2F9%5C%22,%5C%222023%2F5%2F12%5C%22],[%5C%222023%2F5%2F13%5C%22,%5C%222023%2F5%2F16%5C%22],[%5C%222023%2F5%2F17%5C%22,%5C%222023%2F5%2F20%5C%22],[%5C%222023%2F5%2F21%5C%22,%5C%222023%2F5%2F23%5C%22]]%22%7D&signature=9e880d95cf7e17b5efd033aa0e9e05f9
[运行时间：0.312500s] [吞吐率：3.20req/s] [内存消耗：3,584.84kb] [文件加载：72]
[ info ] [ LANG ] C:\PHP\Apache\Apache24\htdocs\screenphp\thinkphp\lang\zh-cn.php
[ info ] [ ROUTE ] array (
  'type' => 'module',
  'module' => 
  array (
    0 => 'admin',
    1 => 'Index',
    2 => 'dataIntegration',
  ),
)
[ info ] [ HEADER ] array (
  'host' => 'www.mmcall.net:7002',
  'connection' => 'keep-alive',
  'accept' => 'application/json, text/plain, */*',
  'x-access-token' => 'A476459D32A632E2AAFFF2DE6629359DMDAwMDAwMDAwML6Mna-FqrqSib2cgMOHoIC7o36CkY6xfLjQzqGGZIXVuGadr4u5um-LunZ_w4efabGmjmWDo3-gu5SsqIhkp6vJiamoi9GyooXTgqe7n6iHyICCiIaQpYjGzruxiGKJt7FkYrmSltSImdKfZa6ehn-4paOqg6d7qcqotKOGY4Wzt4liso7OtrOMqoKbuZ2YjLOQqHN9aqRru7vAe5edaJmyeZXVjM6Udg',
  'user-agent' => 'Mozilla/5.0 (Windows NT 10.0; Win64; x64) AppleWebKit/537.36 (KHTML, like Gecko) Chrome/111.0.0.0 Safari/537.36',
  'x-access-appid' => '123456',
  'origin' => 'http://localhost:8080',
  'referer' => 'http://localhost:8080/',
  'accept-encoding' => 'gzip, deflate',
  'accept-language' => 'zh-CN,zh;q=0.9',
)
[ info ] [ PARAM ] array (
  'data' => '{"jdno":88,"dateValue":"月","themoonarraylist":"[[\\"2023/4/23\\",\\"2023/4/26\\"],[\\"2023/4/27\\",\\"2023/4/30\\"],[\\"2023/5/1\\",\\"2023/5/4\\"],[\\"2023/5/5\\",\\"2023/5/8\\"],[\\"2023/5/9\\",\\"2023/5/12\\"],[\\"2023/5/13\\",\\"2023/5/16\\"],[\\"2023/5/17\\",\\"2023/5/20\\"],[\\"2023/5/21\\",\\"2023/5/23\\"]]"}',
  'signature' => '9e880d95cf7e17b5efd033aa0e9e05f9',
)
[ info ] [ DB ] INIT mysql
[ info ] [ RUN ] app\admin\controller\Index->dataIntegration[ C:\PHP\Apache\Apache24\htdocs\screenphp\application\admin\controller\Index.php ]
[ info ] [ LOG ] INIT File
---------------------------------------------------------------
[ 2023-05-23T08:40:31+08:00 ] 175.164.70.232 OPTIONS www.mmcall.net:7002/index.php/admin/Index/mapIntegration
[运行时间：0.023437s] [吞吐率：42.67req/s] [内存消耗：2,147.63kb] [文件加载：60]
[ info ] [ LANG ] C:\PHP\Apache\Apache24\htdocs\screenphp\thinkphp\lang\zh-cn.php
[ info ] [ ROUTE ] array (
  'type' => 'module',
  'module' => 
  array (
    0 => 'admin',
    1 => 'Index',
    2 => 'mapIntegration',
  ),
)
[ info ] [ HEADER ] array (
  'host' => 'www.mmcall.net:7002',
  'connection' => 'keep-alive',
  'accept' => '*/*',
  'access-control-request-method' => 'POST',
  'access-control-request-headers' => 'x-access-appid,x-access-token',
  'origin' => 'http://localhost:8080',
  'user-agent' => 'Mozilla/5.0 (Windows NT 10.0; Win64; x64) AppleWebKit/537.36 (KHTML, like Gecko) Chrome/111.0.0.0 Safari/537.36',
  'sec-fetch-mode' => 'cors',
  'referer' => 'http://localhost:8080/',
  'accept-encoding' => 'gzip, deflate',
  'accept-language' => 'zh-CN,zh;q=0.9',
)
[ info ] [ PARAM ] array (
)
[ info ] [ LOG ] INIT File
---------------------------------------------------------------
[ 2023-05-23T08:40:31+08:00 ] 175.164.70.232 POST www.mmcall.net:7002/index.php/admin/Index/mapIntegration
[运行时间：0.132813s] [吞吐率：7.53req/s] [内存消耗：3,527.27kb] [文件加载：72]
[ info ] [ LANG ] C:\PHP\Apache\Apache24\htdocs\screenphp\thinkphp\lang\zh-cn.php
[ info ] [ ROUTE ] array (
  'type' => 'module',
  'module' => 
  array (
    0 => 'admin',
    1 => 'Index',
    2 => 'mapIntegration',
  ),
)
[ info ] [ HEADER ] array (
  'host' => 'www.mmcall.net:7002',
  'connection' => 'keep-alive',
  'content-length' => '50',
  'accept' => 'application/json, text/plain, */*',
  'x-access-token' => 'A476459D32A632E2AAFFF2DE6629359DMDAwMDAwMDAwML6Mna-FqrqSib2cgMOHoIC7o36CkY6xfLjQzqGGZIXVuGadr4u5um-LunZ_w4efabGmjmWDo3-gu5SsqIhkp6vJiamoi9GyooXTgqe7n6iHyICCiIaQpYjGzruxiGKJt7FkYrmSltSImdKfZa6ehn-4paOqg6d7qcqotKOGY4Wzt4liso7OtrOMqoKbuZ2YjLOQqHN9aqRru7vAe5edaJmyeZXVjM6Udg',
  'user-agent' => 'Mozilla/5.0 (Windows NT 10.0; Win64; x64) AppleWebKit/537.36 (KHTML, like Gecko) Chrome/111.0.0.0 Safari/537.36',
  'x-access-appid' => '123456',
  'content-type' => 'application/x-www-form-urlencoded;charset=UTF-8',
  'origin' => 'http://localhost:8080',
  'referer' => 'http://localhost:8080/',
  'accept-encoding' => 'gzip, deflate',
  'accept-language' => 'zh-CN,zh;q=0.9',
)
[ info ] [ PARAM ] array (
  'jdno' => '88',
  'signature' => '76c340d11d30f3764a08c67a37e90fe9',
)
[ info ] [ DB ] INIT mysql
[ info ] [ RUN ] app\admin\controller\Index->mapIntegration[ C:\PHP\Apache\Apache24\htdocs\screenphp\application\admin\controller\Index.php ]
[ info ] [ LOG ] INIT File
---------------------------------------------------------------
[ 2023-05-23T08:44:30+08:00 ] 175.164.70.232 OPTIONS www.mmcall.net:7002/index.php/admin/Index/dataIntegration?data=%7B%22jdno%22:88,%22dateValue%22:%22%E6%9C%88%22,%22themoonarraylist%22:%22[[%5C%222023%2F4%2F23%5C%22,%5C%222023%2F4%2F26%5C%22],[%5C%222023%2F4%2F27%5C%22,%5C%222023%2F4%2F30%5C%22],[%5C%222023%2F5%2F1%5C%22,%5C%222023%2F5%2F4%5C%22],[%5C%222023%2F5%2F5%5C%22,%5C%222023%2F5%2F8%5C%22],[%5C%222023%2F5%2F9%5C%22,%5C%222023%2F5%2F12%5C%22],[%5C%222023%2F5%2F13%5C%22,%5C%222023%2F5%2F16%5C%22],[%5C%222023%2F5%2F17%5C%22,%5C%222023%2F5%2F20%5C%22],[%5C%222023%2F5%2F21%5C%22,%5C%222023%2F5%2F23%5C%22]]%22%7D&signature=9e880d95cf7e17b5efd033aa0e9e05f9
[运行时间：0.023438s] [吞吐率：42.67req/s] [内存消耗：2,151.40kb] [文件加载：60]
[ info ] [ LANG ] C:\PHP\Apache\Apache24\htdocs\screenphp\thinkphp\lang\zh-cn.php
[ info ] [ ROUTE ] array (
  'type' => 'module',
  'module' => 
  array (
    0 => 'admin',
    1 => 'Index',
    2 => 'dataIntegration',
  ),
)
[ info ] [ HEADER ] array (
  'host' => 'www.mmcall.net:7002',
  'connection' => 'keep-alive',
  'accept' => '*/*',
  'access-control-request-method' => 'GET',
  'access-control-request-headers' => 'x-access-appid,x-access-token',
  'origin' => 'http://localhost:8080',
  'user-agent' => 'Mozilla/5.0 (Windows NT 10.0; Win64; x64) AppleWebKit/537.36 (KHTML, like Gecko) Chrome/111.0.0.0 Safari/537.36',
  'sec-fetch-mode' => 'cors',
  'referer' => 'http://localhost:8080/',
  'accept-encoding' => 'gzip, deflate',
  'accept-language' => 'zh-CN,zh;q=0.9',
)
[ info ] [ PARAM ] array (
  'data' => '{"jdno":88,"dateValue":"月","themoonarraylist":"[[\\"2023/4/23\\",\\"2023/4/26\\"],[\\"2023/4/27\\",\\"2023/4/30\\"],[\\"2023/5/1\\",\\"2023/5/4\\"],[\\"2023/5/5\\",\\"2023/5/8\\"],[\\"2023/5/9\\",\\"2023/5/12\\"],[\\"2023/5/13\\",\\"2023/5/16\\"],[\\"2023/5/17\\",\\"2023/5/20\\"],[\\"2023/5/21\\",\\"2023/5/23\\"]]"}',
  'signature' => '9e880d95cf7e17b5efd033aa0e9e05f9',
)
[ info ] [ LOG ] INIT File
---------------------------------------------------------------
[ 2023-05-23T08:44:30+08:00 ] 175.164.70.232 GET www.mmcall.net:7002/index.php/admin/Index/dataIntegration?data=%7B%22jdno%22:88,%22dateValue%22:%22%E6%9C%88%22,%22themoonarraylist%22:%22[[%5C%222023%2F4%2F23%5C%22,%5C%222023%2F4%2F26%5C%22],[%5C%222023%2F4%2F27%5C%22,%5C%222023%2F4%2F30%5C%22],[%5C%222023%2F5%2F1%5C%22,%5C%222023%2F5%2F4%5C%22],[%5C%222023%2F5%2F5%5C%22,%5C%222023%2F5%2F8%5C%22],[%5C%222023%2F5%2F9%5C%22,%5C%222023%2F5%2F12%5C%22],[%5C%222023%2F5%2F13%5C%22,%5C%222023%2F5%2F16%5C%22],[%5C%222023%2F5%2F17%5C%22,%5C%222023%2F5%2F20%5C%22],[%5C%222023%2F5%2F21%5C%22,%5C%222023%2F5%2F23%5C%22]]%22%7D&signature=9e880d95cf7e17b5efd033aa0e9e05f9
[运行时间：0.226562s] [吞吐率：4.41req/s] [内存消耗：3,584.84kb] [文件加载：72]
[ info ] [ LANG ] C:\PHP\Apache\Apache24\htdocs\screenphp\thinkphp\lang\zh-cn.php
[ info ] [ ROUTE ] array (
  'type' => 'module',
  'module' => 
  array (
    0 => 'admin',
    1 => 'Index',
    2 => 'dataIntegration',
  ),
)
[ info ] [ HEADER ] array (
  'host' => 'www.mmcall.net:7002',
  'connection' => 'keep-alive',
  'accept' => 'application/json, text/plain, */*',
  'x-access-token' => 'A476459D32A632E2AAFFF2DE6629359DMDAwMDAwMDAwML6Mna-FqrqSib2cgMOHoIC7o36CkY6xfLjQzqGGZIXVuGadr4u5um-LunZ_w4efabGmjmWDo3-gu5SsqIhkp6vJiamoi9GyooXTgqe7n6iHyICCiIaQpYjGzruxiGKJt7FkYrmSltSImdKfZa6ehn-4paOqg6d7qcqotKOGY4Wzt4liso7OtrOMqoKbuZ2YjLOQqHN9aqRru7vAe5edaJmyeZXVjM6Udg',
  'user-agent' => 'Mozilla/5.0 (Windows NT 10.0; Win64; x64) AppleWebKit/537.36 (KHTML, like Gecko) Chrome/111.0.0.0 Safari/537.36',
  'x-access-appid' => '123456',
  'origin' => 'http://localhost:8080',
  'referer' => 'http://localhost:8080/',
  'accept-encoding' => 'gzip, deflate',
  'accept-language' => 'zh-CN,zh;q=0.9',
)
[ info ] [ PARAM ] array (
  'data' => '{"jdno":88,"dateValue":"月","themoonarraylist":"[[\\"2023/4/23\\",\\"2023/4/26\\"],[\\"2023/4/27\\",\\"2023/4/30\\"],[\\"2023/5/1\\",\\"2023/5/4\\"],[\\"2023/5/5\\",\\"2023/5/8\\"],[\\"2023/5/9\\",\\"2023/5/12\\"],[\\"2023/5/13\\",\\"2023/5/16\\"],[\\"2023/5/17\\",\\"2023/5/20\\"],[\\"2023/5/21\\",\\"2023/5/23\\"]]"}',
  'signature' => '9e880d95cf7e17b5efd033aa0e9e05f9',
)
[ info ] [ DB ] INIT mysql
[ info ] [ RUN ] app\admin\controller\Index->dataIntegration[ C:\PHP\Apache\Apache24\htdocs\screenphp\application\admin\controller\Index.php ]
[ info ] [ LOG ] INIT File
---------------------------------------------------------------
[ 2023-05-23T08:45:31+08:00 ] 175.164.70.232 OPTIONS www.mmcall.net:7002/index.php/admin/Index/mapIntegration
[运行时间：0.031250s] [吞吐率：32.00req/s] [内存消耗：2,147.63kb] [文件加载：60]
[ info ] [ LANG ] C:\PHP\Apache\Apache24\htdocs\screenphp\thinkphp\lang\zh-cn.php
[ info ] [ ROUTE ] array (
  'type' => 'module',
  'module' => 
  array (
    0 => 'admin',
    1 => 'Index',
    2 => 'mapIntegration',
  ),
)
[ info ] [ HEADER ] array (
  'host' => 'www.mmcall.net:7002',
  'connection' => 'keep-alive',
  'accept' => '*/*',
  'access-control-request-method' => 'POST',
  'access-control-request-headers' => 'x-access-appid,x-access-token',
  'origin' => 'http://localhost:8080',
  'user-agent' => 'Mozilla/5.0 (Windows NT 10.0; Win64; x64) AppleWebKit/537.36 (KHTML, like Gecko) Chrome/111.0.0.0 Safari/537.36',
  'sec-fetch-mode' => 'cors',
  'referer' => 'http://localhost:8080/',
  'accept-encoding' => 'gzip, deflate',
  'accept-language' => 'zh-CN,zh;q=0.9',
)
[ info ] [ PARAM ] array (
)
[ info ] [ LOG ] INIT File
---------------------------------------------------------------
[ 2023-05-23T08:45:31+08:00 ] 175.164.70.232 POST www.mmcall.net:7002/index.php/admin/Index/mapIntegration
[运行时间：0.101563s] [吞吐率：9.85req/s] [内存消耗：3,527.27kb] [文件加载：72]
[ info ] [ LANG ] C:\PHP\Apache\Apache24\htdocs\screenphp\thinkphp\lang\zh-cn.php
[ info ] [ ROUTE ] array (
  'type' => 'module',
  'module' => 
  array (
    0 => 'admin',
    1 => 'Index',
    2 => 'mapIntegration',
  ),
)
[ info ] [ HEADER ] array (
  'host' => 'www.mmcall.net:7002',
  'connection' => 'keep-alive',
  'content-length' => '50',
  'accept' => 'application/json, text/plain, */*',
  'x-access-token' => 'A476459D32A632E2AAFFF2DE6629359DMDAwMDAwMDAwML6Mna-FqrqSib2cgMOHoIC7o36CkY6xfLjQzqGGZIXVuGadr4u5um-LunZ_w4efabGmjmWDo3-gu5SsqIhkp6vJiamoi9GyooXTgqe7n6iHyICCiIaQpYjGzruxiGKJt7FkYrmSltSImdKfZa6ehn-4paOqg6d7qcqotKOGY4Wzt4liso7OtrOMqoKbuZ2YjLOQqHN9aqRru7vAe5edaJmyeZXVjM6Udg',
  'user-agent' => 'Mozilla/5.0 (Windows NT 10.0; Win64; x64) AppleWebKit/537.36 (KHTML, like Gecko) Chrome/111.0.0.0 Safari/537.36',
  'x-access-appid' => '123456',
  'content-type' => 'application/x-www-form-urlencoded;charset=UTF-8',
  'origin' => 'http://localhost:8080',
  'referer' => 'http://localhost:8080/',
  'accept-encoding' => 'gzip, deflate',
  'accept-language' => 'zh-CN,zh;q=0.9',
)
[ info ] [ PARAM ] array (
  'jdno' => '88',
  'signature' => '76c340d11d30f3764a08c67a37e90fe9',
)
[ info ] [ DB ] INIT mysql
[ info ] [ RUN ] app\admin\controller\Index->mapIntegration[ C:\PHP\Apache\Apache24\htdocs\screenphp\application\admin\controller\Index.php ]
[ info ] [ LOG ] INIT File
---------------------------------------------------------------
[ 2023-05-23T08:48:30+08:00 ] 175.164.70.232 OPTIONS www.mmcall.net:7002/index.php/admin/Index/dataIntegration?data=%7B%22jdno%22:88,%22dateValue%22:%22%E6%9C%88%22,%22themoonarraylist%22:%22[[%5C%222023%2F4%2F23%5C%22,%5C%222023%2F4%2F26%5C%22],[%5C%222023%2F4%2F27%5C%22,%5C%222023%2F4%2F30%5C%22],[%5C%222023%2F5%2F1%5C%22,%5C%222023%2F5%2F4%5C%22],[%5C%222023%2F5%2F5%5C%22,%5C%222023%2F5%2F8%5C%22],[%5C%222023%2F5%2F9%5C%22,%5C%222023%2F5%2F12%5C%22],[%5C%222023%2F5%2F13%5C%22,%5C%222023%2F5%2F16%5C%22],[%5C%222023%2F5%2F17%5C%22,%5C%222023%2F5%2F20%5C%22],[%5C%222023%2F5%2F21%5C%22,%5C%222023%2F5%2F23%5C%22]]%22%7D&signature=9e880d95cf7e17b5efd033aa0e9e05f9
[运行时间：0.023437s] [吞吐率：42.67req/s] [内存消耗：2,151.40kb] [文件加载：60]
[ info ] [ LANG ] C:\PHP\Apache\Apache24\htdocs\screenphp\thinkphp\lang\zh-cn.php
[ info ] [ ROUTE ] array (
  'type' => 'module',
  'module' => 
  array (
    0 => 'admin',
    1 => 'Index',
    2 => 'dataIntegration',
  ),
)
[ info ] [ HEADER ] array (
  'host' => 'www.mmcall.net:7002',
  'connection' => 'keep-alive',
  'accept' => '*/*',
  'access-control-request-method' => 'GET',
  'access-control-request-headers' => 'x-access-appid,x-access-token',
  'origin' => 'http://localhost:8080',
  'user-agent' => 'Mozilla/5.0 (Windows NT 10.0; Win64; x64) AppleWebKit/537.36 (KHTML, like Gecko) Chrome/111.0.0.0 Safari/537.36',
  'sec-fetch-mode' => 'cors',
  'referer' => 'http://localhost:8080/',
  'accept-encoding' => 'gzip, deflate',
  'accept-language' => 'zh-CN,zh;q=0.9',
)
[ info ] [ PARAM ] array (
  'data' => '{"jdno":88,"dateValue":"月","themoonarraylist":"[[\\"2023/4/23\\",\\"2023/4/26\\"],[\\"2023/4/27\\",\\"2023/4/30\\"],[\\"2023/5/1\\",\\"2023/5/4\\"],[\\"2023/5/5\\",\\"2023/5/8\\"],[\\"2023/5/9\\",\\"2023/5/12\\"],[\\"2023/5/13\\",\\"2023/5/16\\"],[\\"2023/5/17\\",\\"2023/5/20\\"],[\\"2023/5/21\\",\\"2023/5/23\\"]]"}',
  'signature' => '9e880d95cf7e17b5efd033aa0e9e05f9',
)
[ info ] [ LOG ] INIT File
---------------------------------------------------------------
[ 2023-05-23T08:48:30+08:00 ] 175.164.70.232 GET www.mmcall.net:7002/index.php/admin/Index/dataIntegration?data=%7B%22jdno%22:88,%22dateValue%22:%22%E6%9C%88%22,%22themoonarraylist%22:%22[[%5C%222023%2F4%2F23%5C%22,%5C%222023%2F4%2F26%5C%22],[%5C%222023%2F4%2F27%5C%22,%5C%222023%2F4%2F30%5C%22],[%5C%222023%2F5%2F1%5C%22,%5C%222023%2F5%2F4%5C%22],[%5C%222023%2F5%2F5%5C%22,%5C%222023%2F5%2F8%5C%22],[%5C%222023%2F5%2F9%5C%22,%5C%222023%2F5%2F12%5C%22],[%5C%222023%2F5%2F13%5C%22,%5C%222023%2F5%2F16%5C%22],[%5C%222023%2F5%2F17%5C%22,%5C%222023%2F5%2F20%5C%22],[%5C%222023%2F5%2F21%5C%22,%5C%222023%2F5%2F23%5C%22]]%22%7D&signature=9e880d95cf7e17b5efd033aa0e9e05f9
[运行时间：0.210938s] [吞吐率：4.74req/s] [内存消耗：3,584.84kb] [文件加载：72]
[ info ] [ LANG ] C:\PHP\Apache\Apache24\htdocs\screenphp\thinkphp\lang\zh-cn.php
[ info ] [ ROUTE ] array (
  'type' => 'module',
  'module' => 
  array (
    0 => 'admin',
    1 => 'Index',
    2 => 'dataIntegration',
  ),
)
[ info ] [ HEADER ] array (
  'host' => 'www.mmcall.net:7002',
  'connection' => 'keep-alive',
  'accept' => 'application/json, text/plain, */*',
  'x-access-token' => 'A476459D32A632E2AAFFF2DE6629359DMDAwMDAwMDAwML6Mna-FqrqSib2cgMOHoIC7o36CkY6xfLjQzqGGZIXVuGadr4u5um-LunZ_w4efabGmjmWDo3-gu5SsqIhkp6vJiamoi9GyooXTgqe7n6iHyICCiIaQpYjGzruxiGKJt7FkYrmSltSImdKfZa6ehn-4paOqg6d7qcqotKOGY4Wzt4liso7OtrOMqoKbuZ2YjLOQqHN9aqRru7vAe5edaJmyeZXVjM6Udg',
  'user-agent' => 'Mozilla/5.0 (Windows NT 10.0; Win64; x64) AppleWebKit/537.36 (KHTML, like Gecko) Chrome/111.0.0.0 Safari/537.36',
  'x-access-appid' => '123456',
  'origin' => 'http://localhost:8080',
  'referer' => 'http://localhost:8080/',
  'accept-encoding' => 'gzip, deflate',
  'accept-language' => 'zh-CN,zh;q=0.9',
)
[ info ] [ PARAM ] array (
  'data' => '{"jdno":88,"dateValue":"月","themoonarraylist":"[[\\"2023/4/23\\",\\"2023/4/26\\"],[\\"2023/4/27\\",\\"2023/4/30\\"],[\\"2023/5/1\\",\\"2023/5/4\\"],[\\"2023/5/5\\",\\"2023/5/8\\"],[\\"2023/5/9\\",\\"2023/5/12\\"],[\\"2023/5/13\\",\\"2023/5/16\\"],[\\"2023/5/17\\",\\"2023/5/20\\"],[\\"2023/5/21\\",\\"2023/5/23\\"]]"}',
  'signature' => '9e880d95cf7e17b5efd033aa0e9e05f9',
)
[ info ] [ DB ] INIT mysql
[ info ] [ RUN ] app\admin\controller\Index->dataIntegration[ C:\PHP\Apache\Apache24\htdocs\screenphp\application\admin\controller\Index.php ]
[ info ] [ LOG ] INIT File
---------------------------------------------------------------
[ 2023-05-23T08:50:31+08:00 ] 175.164.70.232 OPTIONS www.mmcall.net:7002/index.php/admin/Index/mapIntegration
[运行时间：0.023438s] [吞吐率：42.67req/s] [内存消耗：2,147.63kb] [文件加载：60]
[ info ] [ LANG ] C:\PHP\Apache\Apache24\htdocs\screenphp\thinkphp\lang\zh-cn.php
[ info ] [ ROUTE ] array (
  'type' => 'module',
  'module' => 
  array (
    0 => 'admin',
    1 => 'Index',
    2 => 'mapIntegration',
  ),
)
[ info ] [ HEADER ] array (
  'host' => 'www.mmcall.net:7002',
  'connection' => 'keep-alive',
  'accept' => '*/*',
  'access-control-request-method' => 'POST',
  'access-control-request-headers' => 'x-access-appid,x-access-token',
  'origin' => 'http://localhost:8080',
  'user-agent' => 'Mozilla/5.0 (Windows NT 10.0; Win64; x64) AppleWebKit/537.36 (KHTML, like Gecko) Chrome/111.0.0.0 Safari/537.36',
  'sec-fetch-mode' => 'cors',
  'referer' => 'http://localhost:8080/',
  'accept-encoding' => 'gzip, deflate',
  'accept-language' => 'zh-CN,zh;q=0.9',
)
[ info ] [ PARAM ] array (
)
[ info ] [ LOG ] INIT File
---------------------------------------------------------------
[ 2023-05-23T08:50:31+08:00 ] 175.164.70.232 POST www.mmcall.net:7002/index.php/admin/Index/mapIntegration
[运行时间：0.125000s] [吞吐率：8.00req/s] [内存消耗：3,527.27kb] [文件加载：72]
[ info ] [ LANG ] C:\PHP\Apache\Apache24\htdocs\screenphp\thinkphp\lang\zh-cn.php
[ info ] [ ROUTE ] array (
  'type' => 'module',
  'module' => 
  array (
    0 => 'admin',
    1 => 'Index',
    2 => 'mapIntegration',
  ),
)
[ info ] [ HEADER ] array (
  'host' => 'www.mmcall.net:7002',
  'connection' => 'keep-alive',
  'content-length' => '50',
  'accept' => 'application/json, text/plain, */*',
  'x-access-token' => 'A476459D32A632E2AAFFF2DE6629359DMDAwMDAwMDAwML6Mna-FqrqSib2cgMOHoIC7o36CkY6xfLjQzqGGZIXVuGadr4u5um-LunZ_w4efabGmjmWDo3-gu5SsqIhkp6vJiamoi9GyooXTgqe7n6iHyICCiIaQpYjGzruxiGKJt7FkYrmSltSImdKfZa6ehn-4paOqg6d7qcqotKOGY4Wzt4liso7OtrOMqoKbuZ2YjLOQqHN9aqRru7vAe5edaJmyeZXVjM6Udg',
  'user-agent' => 'Mozilla/5.0 (Windows NT 10.0; Win64; x64) AppleWebKit/537.36 (KHTML, like Gecko) Chrome/111.0.0.0 Safari/537.36',
  'x-access-appid' => '123456',
  'content-type' => 'application/x-www-form-urlencoded;charset=UTF-8',
  'origin' => 'http://localhost:8080',
  'referer' => 'http://localhost:8080/',
  'accept-encoding' => 'gzip, deflate',
  'accept-language' => 'zh-CN,zh;q=0.9',
)
[ info ] [ PARAM ] array (
  'jdno' => '88',
  'signature' => '76c340d11d30f3764a08c67a37e90fe9',
)
[ info ] [ DB ] INIT mysql
[ info ] [ RUN ] app\admin\controller\Index->mapIntegration[ C:\PHP\Apache\Apache24\htdocs\screenphp\application\admin\controller\Index.php ]
[ info ] [ LOG ] INIT File
---------------------------------------------------------------
[ 2023-05-23T08:52:30+08:00 ] 175.164.70.232 OPTIONS www.mmcall.net:7002/index.php/admin/Index/dataIntegration?data=%7B%22jdno%22:88,%22dateValue%22:%22%E6%9C%88%22,%22themoonarraylist%22:%22[[%5C%222023%2F4%2F23%5C%22,%5C%222023%2F4%2F26%5C%22],[%5C%222023%2F4%2F27%5C%22,%5C%222023%2F4%2F30%5C%22],[%5C%222023%2F5%2F1%5C%22,%5C%222023%2F5%2F4%5C%22],[%5C%222023%2F5%2F5%5C%22,%5C%222023%2F5%2F8%5C%22],[%5C%222023%2F5%2F9%5C%22,%5C%222023%2F5%2F12%5C%22],[%5C%222023%2F5%2F13%5C%22,%5C%222023%2F5%2F16%5C%22],[%5C%222023%2F5%2F17%5C%22,%5C%222023%2F5%2F20%5C%22],[%5C%222023%2F5%2F21%5C%22,%5C%222023%2F5%2F23%5C%22]]%22%7D&signature=9e880d95cf7e17b5efd033aa0e9e05f9
[运行时间：0.023437s] [吞吐率：42.67req/s] [内存消耗：2,151.40kb] [文件加载：60]
[ info ] [ LANG ] C:\PHP\Apache\Apache24\htdocs\screenphp\thinkphp\lang\zh-cn.php
[ info ] [ ROUTE ] array (
  'type' => 'module',
  'module' => 
  array (
    0 => 'admin',
    1 => 'Index',
    2 => 'dataIntegration',
  ),
)
[ info ] [ HEADER ] array (
  'host' => 'www.mmcall.net:7002',
  'connection' => 'keep-alive',
  'accept' => '*/*',
  'access-control-request-method' => 'GET',
  'access-control-request-headers' => 'x-access-appid,x-access-token',
  'origin' => 'http://localhost:8080',
  'user-agent' => 'Mozilla/5.0 (Windows NT 10.0; Win64; x64) AppleWebKit/537.36 (KHTML, like Gecko) Chrome/111.0.0.0 Safari/537.36',
  'sec-fetch-mode' => 'cors',
  'referer' => 'http://localhost:8080/',
  'accept-encoding' => 'gzip, deflate',
  'accept-language' => 'zh-CN,zh;q=0.9',
)
[ info ] [ PARAM ] array (
  'data' => '{"jdno":88,"dateValue":"月","themoonarraylist":"[[\\"2023/4/23\\",\\"2023/4/26\\"],[\\"2023/4/27\\",\\"2023/4/30\\"],[\\"2023/5/1\\",\\"2023/5/4\\"],[\\"2023/5/5\\",\\"2023/5/8\\"],[\\"2023/5/9\\",\\"2023/5/12\\"],[\\"2023/5/13\\",\\"2023/5/16\\"],[\\"2023/5/17\\",\\"2023/5/20\\"],[\\"2023/5/21\\",\\"2023/5/23\\"]]"}',
  'signature' => '9e880d95cf7e17b5efd033aa0e9e05f9',
)
[ info ] [ LOG ] INIT File
---------------------------------------------------------------
[ 2023-05-23T08:52:30+08:00 ] 175.164.70.232 GET www.mmcall.net:7002/index.php/admin/Index/dataIntegration?data=%7B%22jdno%22:88,%22dateValue%22:%22%E6%9C%88%22,%22themoonarraylist%22:%22[[%5C%222023%2F4%2F23%5C%22,%5C%222023%2F4%2F26%5C%22],[%5C%222023%2F4%2F27%5C%22,%5C%222023%2F4%2F30%5C%22],[%5C%222023%2F5%2F1%5C%22,%5C%222023%2F5%2F4%5C%22],[%5C%222023%2F5%2F5%5C%22,%5C%222023%2F5%2F8%5C%22],[%5C%222023%2F5%2F9%5C%22,%5C%222023%2F5%2F12%5C%22],[%5C%222023%2F5%2F13%5C%22,%5C%222023%2F5%2F16%5C%22],[%5C%222023%2F5%2F17%5C%22,%5C%222023%2F5%2F20%5C%22],[%5C%222023%2F5%2F21%5C%22,%5C%222023%2F5%2F23%5C%22]]%22%7D&signature=9e880d95cf7e17b5efd033aa0e9e05f9
[运行时间：0.203125s] [吞吐率：4.92req/s] [内存消耗：3,584.84kb] [文件加载：72]
[ info ] [ LANG ] C:\PHP\Apache\Apache24\htdocs\screenphp\thinkphp\lang\zh-cn.php
[ info ] [ ROUTE ] array (
  'type' => 'module',
  'module' => 
  array (
    0 => 'admin',
    1 => 'Index',
    2 => 'dataIntegration',
  ),
)
[ info ] [ HEADER ] array (
  'host' => 'www.mmcall.net:7002',
  'connection' => 'keep-alive',
  'accept' => 'application/json, text/plain, */*',
  'x-access-token' => 'A476459D32A632E2AAFFF2DE6629359DMDAwMDAwMDAwML6Mna-FqrqSib2cgMOHoIC7o36CkY6xfLjQzqGGZIXVuGadr4u5um-LunZ_w4efabGmjmWDo3-gu5SsqIhkp6vJiamoi9GyooXTgqe7n6iHyICCiIaQpYjGzruxiGKJt7FkYrmSltSImdKfZa6ehn-4paOqg6d7qcqotKOGY4Wzt4liso7OtrOMqoKbuZ2YjLOQqHN9aqRru7vAe5edaJmyeZXVjM6Udg',
  'user-agent' => 'Mozilla/5.0 (Windows NT 10.0; Win64; x64) AppleWebKit/537.36 (KHTML, like Gecko) Chrome/111.0.0.0 Safari/537.36',
  'x-access-appid' => '123456',
  'origin' => 'http://localhost:8080',
  'referer' => 'http://localhost:8080/',
  'accept-encoding' => 'gzip, deflate',
  'accept-language' => 'zh-CN,zh;q=0.9',
)
[ info ] [ PARAM ] array (
  'data' => '{"jdno":88,"dateValue":"月","themoonarraylist":"[[\\"2023/4/23\\",\\"2023/4/26\\"],[\\"2023/4/27\\",\\"2023/4/30\\"],[\\"2023/5/1\\",\\"2023/5/4\\"],[\\"2023/5/5\\",\\"2023/5/8\\"],[\\"2023/5/9\\",\\"2023/5/12\\"],[\\"2023/5/13\\",\\"2023/5/16\\"],[\\"2023/5/17\\",\\"2023/5/20\\"],[\\"2023/5/21\\",\\"2023/5/23\\"]]"}',
  'signature' => '9e880d95cf7e17b5efd033aa0e9e05f9',
)
[ info ] [ DB ] INIT mysql
[ info ] [ RUN ] app\admin\controller\Index->dataIntegration[ C:\PHP\Apache\Apache24\htdocs\screenphp\application\admin\controller\Index.php ]
[ info ] [ LOG ] INIT File
---------------------------------------------------------------
[ 2023-05-23T08:55:31+08:00 ] 175.164.70.232 OPTIONS www.mmcall.net:7002/index.php/admin/Index/mapIntegration
[运行时间：0.031250s] [吞吐率：32.00req/s] [内存消耗：2,147.63kb] [文件加载：60]
[ info ] [ LANG ] C:\PHP\Apache\Apache24\htdocs\screenphp\thinkphp\lang\zh-cn.php
[ info ] [ ROUTE ] array (
  'type' => 'module',
  'module' => 
  array (
    0 => 'admin',
    1 => 'Index',
    2 => 'mapIntegration',
  ),
)
[ info ] [ HEADER ] array (
  'host' => 'www.mmcall.net:7002',
  'connection' => 'keep-alive',
  'accept' => '*/*',
  'access-control-request-method' => 'POST',
  'access-control-request-headers' => 'x-access-appid,x-access-token',
  'origin' => 'http://localhost:8080',
  'user-agent' => 'Mozilla/5.0 (Windows NT 10.0; Win64; x64) AppleWebKit/537.36 (KHTML, like Gecko) Chrome/111.0.0.0 Safari/537.36',
  'sec-fetch-mode' => 'cors',
  'referer' => 'http://localhost:8080/',
  'accept-encoding' => 'gzip, deflate',
  'accept-language' => 'zh-CN,zh;q=0.9',
)
[ info ] [ PARAM ] array (
)
[ info ] [ LOG ] INIT File
---------------------------------------------------------------
[ 2023-05-23T08:55:31+08:00 ] 175.164.70.232 POST www.mmcall.net:7002/index.php/admin/Index/mapIntegration
[运行时间：0.109375s] [吞吐率：9.14req/s] [内存消耗：3,527.27kb] [文件加载：72]
[ info ] [ LANG ] C:\PHP\Apache\Apache24\htdocs\screenphp\thinkphp\lang\zh-cn.php
[ info ] [ ROUTE ] array (
  'type' => 'module',
  'module' => 
  array (
    0 => 'admin',
    1 => 'Index',
    2 => 'mapIntegration',
  ),
)
[ info ] [ HEADER ] array (
  'host' => 'www.mmcall.net:7002',
  'connection' => 'keep-alive',
  'content-length' => '50',
  'accept' => 'application/json, text/plain, */*',
  'x-access-token' => 'A476459D32A632E2AAFFF2DE6629359DMDAwMDAwMDAwML6Mna-FqrqSib2cgMOHoIC7o36CkY6xfLjQzqGGZIXVuGadr4u5um-LunZ_w4efabGmjmWDo3-gu5SsqIhkp6vJiamoi9GyooXTgqe7n6iHyICCiIaQpYjGzruxiGKJt7FkYrmSltSImdKfZa6ehn-4paOqg6d7qcqotKOGY4Wzt4liso7OtrOMqoKbuZ2YjLOQqHN9aqRru7vAe5edaJmyeZXVjM6Udg',
  'user-agent' => 'Mozilla/5.0 (Windows NT 10.0; Win64; x64) AppleWebKit/537.36 (KHTML, like Gecko) Chrome/111.0.0.0 Safari/537.36',
  'x-access-appid' => '123456',
  'content-type' => 'application/x-www-form-urlencoded;charset=UTF-8',
  'origin' => 'http://localhost:8080',
  'referer' => 'http://localhost:8080/',
  'accept-encoding' => 'gzip, deflate',
  'accept-language' => 'zh-CN,zh;q=0.9',
)
[ info ] [ PARAM ] array (
  'jdno' => '88',
  'signature' => '76c340d11d30f3764a08c67a37e90fe9',
)
[ info ] [ DB ] INIT mysql
[ info ] [ RUN ] app\admin\controller\Index->mapIntegration[ C:\PHP\Apache\Apache24\htdocs\screenphp\application\admin\controller\Index.php ]
[ info ] [ LOG ] INIT File
---------------------------------------------------------------
[ 2023-05-23T08:56:30+08:00 ] 175.164.70.232 OPTIONS www.mmcall.net:7002/index.php/admin/Index/dataIntegration?data=%7B%22jdno%22:88,%22dateValue%22:%22%E6%9C%88%22,%22themoonarraylist%22:%22[[%5C%222023%2F4%2F23%5C%22,%5C%222023%2F4%2F26%5C%22],[%5C%222023%2F4%2F27%5C%22,%5C%222023%2F4%2F30%5C%22],[%5C%222023%2F5%2F1%5C%22,%5C%222023%2F5%2F4%5C%22],[%5C%222023%2F5%2F5%5C%22,%5C%222023%2F5%2F8%5C%22],[%5C%222023%2F5%2F9%5C%22,%5C%222023%2F5%2F12%5C%22],[%5C%222023%2F5%2F13%5C%22,%5C%222023%2F5%2F16%5C%22],[%5C%222023%2F5%2F17%5C%22,%5C%222023%2F5%2F20%5C%22],[%5C%222023%2F5%2F21%5C%22,%5C%222023%2F5%2F23%5C%22]]%22%7D&signature=9e880d95cf7e17b5efd033aa0e9e05f9
[运行时间：0.023438s] [吞吐率：42.67req/s] [内存消耗：2,151.40kb] [文件加载：60]
[ info ] [ LANG ] C:\PHP\Apache\Apache24\htdocs\screenphp\thinkphp\lang\zh-cn.php
[ info ] [ ROUTE ] array (
  'type' => 'module',
  'module' => 
  array (
    0 => 'admin',
    1 => 'Index',
    2 => 'dataIntegration',
  ),
)
[ info ] [ HEADER ] array (
  'host' => 'www.mmcall.net:7002',
  'connection' => 'keep-alive',
  'accept' => '*/*',
  'access-control-request-method' => 'GET',
  'access-control-request-headers' => 'x-access-appid,x-access-token',
  'origin' => 'http://localhost:8080',
  'user-agent' => 'Mozilla/5.0 (Windows NT 10.0; Win64; x64) AppleWebKit/537.36 (KHTML, like Gecko) Chrome/111.0.0.0 Safari/537.36',
  'sec-fetch-mode' => 'cors',
  'referer' => 'http://localhost:8080/',
  'accept-encoding' => 'gzip, deflate',
  'accept-language' => 'zh-CN,zh;q=0.9',
)
[ info ] [ PARAM ] array (
  'data' => '{"jdno":88,"dateValue":"月","themoonarraylist":"[[\\"2023/4/23\\",\\"2023/4/26\\"],[\\"2023/4/27\\",\\"2023/4/30\\"],[\\"2023/5/1\\",\\"2023/5/4\\"],[\\"2023/5/5\\",\\"2023/5/8\\"],[\\"2023/5/9\\",\\"2023/5/12\\"],[\\"2023/5/13\\",\\"2023/5/16\\"],[\\"2023/5/17\\",\\"2023/5/20\\"],[\\"2023/5/21\\",\\"2023/5/23\\"]]"}',
  'signature' => '9e880d95cf7e17b5efd033aa0e9e05f9',
)
[ info ] [ LOG ] INIT File
---------------------------------------------------------------
[ 2023-05-23T08:56:30+08:00 ] 175.164.70.232 GET www.mmcall.net:7002/index.php/admin/Index/dataIntegration?data=%7B%22jdno%22:88,%22dateValue%22:%22%E6%9C%88%22,%22themoonarraylist%22:%22[[%5C%222023%2F4%2F23%5C%22,%5C%222023%2F4%2F26%5C%22],[%5C%222023%2F4%2F27%5C%22,%5C%222023%2F4%2F30%5C%22],[%5C%222023%2F5%2F1%5C%22,%5C%222023%2F5%2F4%5C%22],[%5C%222023%2F5%2F5%5C%22,%5C%222023%2F5%2F8%5C%22],[%5C%222023%2F5%2F9%5C%22,%5C%222023%2F5%2F12%5C%22],[%5C%222023%2F5%2F13%5C%22,%5C%222023%2F5%2F16%5C%22],[%5C%222023%2F5%2F17%5C%22,%5C%222023%2F5%2F20%5C%22],[%5C%222023%2F5%2F21%5C%22,%5C%222023%2F5%2F23%5C%22]]%22%7D&signature=9e880d95cf7e17b5efd033aa0e9e05f9
[运行时间：0.289063s] [吞吐率：3.46req/s] [内存消耗：3,584.84kb] [文件加载：72]
[ info ] [ LANG ] C:\PHP\Apache\Apache24\htdocs\screenphp\thinkphp\lang\zh-cn.php
[ info ] [ ROUTE ] array (
  'type' => 'module',
  'module' => 
  array (
    0 => 'admin',
    1 => 'Index',
    2 => 'dataIntegration',
  ),
)
[ info ] [ HEADER ] array (
  'host' => 'www.mmcall.net:7002',
  'connection' => 'keep-alive',
  'accept' => 'application/json, text/plain, */*',
  'x-access-token' => 'A476459D32A632E2AAFFF2DE6629359DMDAwMDAwMDAwML6Mna-FqrqSib2cgMOHoIC7o36CkY6xfLjQzqGGZIXVuGadr4u5um-LunZ_w4efabGmjmWDo3-gu5SsqIhkp6vJiamoi9GyooXTgqe7n6iHyICCiIaQpYjGzruxiGKJt7FkYrmSltSImdKfZa6ehn-4paOqg6d7qcqotKOGY4Wzt4liso7OtrOMqoKbuZ2YjLOQqHN9aqRru7vAe5edaJmyeZXVjM6Udg',
  'user-agent' => 'Mozilla/5.0 (Windows NT 10.0; Win64; x64) AppleWebKit/537.36 (KHTML, like Gecko) Chrome/111.0.0.0 Safari/537.36',
  'x-access-appid' => '123456',
  'origin' => 'http://localhost:8080',
  'referer' => 'http://localhost:8080/',
  'accept-encoding' => 'gzip, deflate',
  'accept-language' => 'zh-CN,zh;q=0.9',
)
[ info ] [ PARAM ] array (
  'data' => '{"jdno":88,"dateValue":"月","themoonarraylist":"[[\\"2023/4/23\\",\\"2023/4/26\\"],[\\"2023/4/27\\",\\"2023/4/30\\"],[\\"2023/5/1\\",\\"2023/5/4\\"],[\\"2023/5/5\\",\\"2023/5/8\\"],[\\"2023/5/9\\",\\"2023/5/12\\"],[\\"2023/5/13\\",\\"2023/5/16\\"],[\\"2023/5/17\\",\\"2023/5/20\\"],[\\"2023/5/21\\",\\"2023/5/23\\"]]"}',
  'signature' => '9e880d95cf7e17b5efd033aa0e9e05f9',
)
[ info ] [ DB ] INIT mysql
[ info ] [ RUN ] app\admin\controller\Index->dataIntegration[ C:\PHP\Apache\Apache24\htdocs\screenphp\application\admin\controller\Index.php ]
[ info ] [ LOG ] INIT File
---------------------------------------------------------------
[ 2023-05-23T09:00:31+08:00 ] 175.164.70.232 OPTIONS www.mmcall.net:7002/index.php/admin/Index/dataIntegration?data=%7B%22jdno%22:88,%22dateValue%22:%22%E6%9C%88%22,%22themoonarraylist%22:%22[[%5C%222023%2F4%2F23%5C%22,%5C%222023%2F4%2F26%5C%22],[%5C%222023%2F4%2F27%5C%22,%5C%222023%2F4%2F30%5C%22],[%5C%222023%2F5%2F1%5C%22,%5C%222023%2F5%2F4%5C%22],[%5C%222023%2F5%2F5%5C%22,%5C%222023%2F5%2F8%5C%22],[%5C%222023%2F5%2F9%5C%22,%5C%222023%2F5%2F12%5C%22],[%5C%222023%2F5%2F13%5C%22,%5C%222023%2F5%2F16%5C%22],[%5C%222023%2F5%2F17%5C%22,%5C%222023%2F5%2F20%5C%22],[%5C%222023%2F5%2F21%5C%22,%5C%222023%2F5%2F23%5C%22]]%22%7D&signature=9e880d95cf7e17b5efd033aa0e9e05f9
[运行时间：0.039063s] [吞吐率：25.60req/s] [内存消耗：2,151.40kb] [文件加载：60]
[ info ] [ LANG ] C:\PHP\Apache\Apache24\htdocs\screenphp\thinkphp\lang\zh-cn.php
[ info ] [ ROUTE ] array (
  'type' => 'module',
  'module' => 
  array (
    0 => 'admin',
    1 => 'Index',
    2 => 'dataIntegration',
  ),
)
[ info ] [ HEADER ] array (
  'host' => 'www.mmcall.net:7002',
  'connection' => 'keep-alive',
  'accept' => '*/*',
  'access-control-request-method' => 'GET',
  'access-control-request-headers' => 'x-access-appid,x-access-token',
  'origin' => 'http://localhost:8080',
  'user-agent' => 'Mozilla/5.0 (Windows NT 10.0; Win64; x64) AppleWebKit/537.36 (KHTML, like Gecko) Chrome/111.0.0.0 Safari/537.36',
  'sec-fetch-mode' => 'cors',
  'referer' => 'http://localhost:8080/',
  'accept-encoding' => 'gzip, deflate',
  'accept-language' => 'zh-CN,zh;q=0.9',
)
[ info ] [ PARAM ] array (
  'data' => '{"jdno":88,"dateValue":"月","themoonarraylist":"[[\\"2023/4/23\\",\\"2023/4/26\\"],[\\"2023/4/27\\",\\"2023/4/30\\"],[\\"2023/5/1\\",\\"2023/5/4\\"],[\\"2023/5/5\\",\\"2023/5/8\\"],[\\"2023/5/9\\",\\"2023/5/12\\"],[\\"2023/5/13\\",\\"2023/5/16\\"],[\\"2023/5/17\\",\\"2023/5/20\\"],[\\"2023/5/21\\",\\"2023/5/23\\"]]"}',
  'signature' => '9e880d95cf7e17b5efd033aa0e9e05f9',
)
[ info ] [ LOG ] INIT File
---------------------------------------------------------------
[ 2023-05-23T09:00:31+08:00 ] 175.164.70.232 GET www.mmcall.net:7002/index.php/admin/Index/dataIntegration?data=%7B%22jdno%22:88,%22dateValue%22:%22%E6%9C%88%22,%22themoonarraylist%22:%22[[%5C%222023%2F4%2F23%5C%22,%5C%222023%2F4%2F26%5C%22],[%5C%222023%2F4%2F27%5C%22,%5C%222023%2F4%2F30%5C%22],[%5C%222023%2F5%2F1%5C%22,%5C%222023%2F5%2F4%5C%22],[%5C%222023%2F5%2F5%5C%22,%5C%222023%2F5%2F8%5C%22],[%5C%222023%2F5%2F9%5C%22,%5C%222023%2F5%2F12%5C%22],[%5C%222023%2F5%2F13%5C%22,%5C%222023%2F5%2F16%5C%22],[%5C%222023%2F5%2F17%5C%22,%5C%222023%2F5%2F20%5C%22],[%5C%222023%2F5%2F21%5C%22,%5C%222023%2F5%2F23%5C%22]]%22%7D&signature=9e880d95cf7e17b5efd033aa0e9e05f9
[运行时间：0.226563s] [吞吐率：4.41req/s] [内存消耗：3,584.84kb] [文件加载：72]
[ info ] [ LANG ] C:\PHP\Apache\Apache24\htdocs\screenphp\thinkphp\lang\zh-cn.php
[ info ] [ ROUTE ] array (
  'type' => 'module',
  'module' => 
  array (
    0 => 'admin',
    1 => 'Index',
    2 => 'dataIntegration',
  ),
)
[ info ] [ HEADER ] array (
  'host' => 'www.mmcall.net:7002',
  'connection' => 'keep-alive',
  'accept' => 'application/json, text/plain, */*',
  'x-access-token' => 'A476459D32A632E2AAFFF2DE6629359DMDAwMDAwMDAwML6Mna-FqrqSib2cgMOHoIC7o36CkY6xfLjQzqGGZIXVuGadr4u5um-LunZ_w4efabGmjmWDo3-gu5SsqIhkp6vJiamoi9GyooXTgqe7n6iHyICCiIaQpYjGzruxiGKJt7FkYrmSltSImdKfZa6ehn-4paOqg6d7qcqotKOGY4Wzt4liso7OtrOMqoKbuZ2YjLOQqHN9aqRru7vAe5edaJmyeZXVjM6Udg',
  'user-agent' => 'Mozilla/5.0 (Windows NT 10.0; Win64; x64) AppleWebKit/537.36 (KHTML, like Gecko) Chrome/111.0.0.0 Safari/537.36',
  'x-access-appid' => '123456',
  'origin' => 'http://localhost:8080',
  'referer' => 'http://localhost:8080/',
  'accept-encoding' => 'gzip, deflate',
  'accept-language' => 'zh-CN,zh;q=0.9',
)
[ info ] [ PARAM ] array (
  'data' => '{"jdno":88,"dateValue":"月","themoonarraylist":"[[\\"2023/4/23\\",\\"2023/4/26\\"],[\\"2023/4/27\\",\\"2023/4/30\\"],[\\"2023/5/1\\",\\"2023/5/4\\"],[\\"2023/5/5\\",\\"2023/5/8\\"],[\\"2023/5/9\\",\\"2023/5/12\\"],[\\"2023/5/13\\",\\"2023/5/16\\"],[\\"2023/5/17\\",\\"2023/5/20\\"],[\\"2023/5/21\\",\\"2023/5/23\\"]]"}',
  'signature' => '9e880d95cf7e17b5efd033aa0e9e05f9',
)
[ info ] [ DB ] INIT mysql
[ info ] [ RUN ] app\admin\controller\Index->dataIntegration[ C:\PHP\Apache\Apache24\htdocs\screenphp\application\admin\controller\Index.php ]
[ info ] [ LOG ] INIT File
---------------------------------------------------------------
[ 2023-05-23T09:00:31+08:00 ] 175.164.70.232 OPTIONS www.mmcall.net:7002/index.php/admin/Index/mapIntegration
[运行时间：0.023438s] [吞吐率：42.67req/s] [内存消耗：2,147.63kb] [文件加载：60]
[ info ] [ LANG ] C:\PHP\Apache\Apache24\htdocs\screenphp\thinkphp\lang\zh-cn.php
[ info ] [ ROUTE ] array (
  'type' => 'module',
  'module' => 
  array (
    0 => 'admin',
    1 => 'Index',
    2 => 'mapIntegration',
  ),
)
[ info ] [ HEADER ] array (
  'host' => 'www.mmcall.net:7002',
  'connection' => 'keep-alive',
  'accept' => '*/*',
  'access-control-request-method' => 'POST',
  'access-control-request-headers' => 'x-access-appid,x-access-token',
  'origin' => 'http://localhost:8080',
  'user-agent' => 'Mozilla/5.0 (Windows NT 10.0; Win64; x64) AppleWebKit/537.36 (KHTML, like Gecko) Chrome/111.0.0.0 Safari/537.36',
  'sec-fetch-mode' => 'cors',
  'referer' => 'http://localhost:8080/',
  'accept-encoding' => 'gzip, deflate',
  'accept-language' => 'zh-CN,zh;q=0.9',
)
[ info ] [ PARAM ] array (
)
[ info ] [ LOG ] INIT File
---------------------------------------------------------------
[ 2023-05-23T09:00:32+08:00 ] 175.164.70.232 POST www.mmcall.net:7002/index.php/admin/Index/mapIntegration
[运行时间：0.109375s] [吞吐率：9.14req/s] [内存消耗：3,527.27kb] [文件加载：72]
[ info ] [ LANG ] C:\PHP\Apache\Apache24\htdocs\screenphp\thinkphp\lang\zh-cn.php
[ info ] [ ROUTE ] array (
  'type' => 'module',
  'module' => 
  array (
    0 => 'admin',
    1 => 'Index',
    2 => 'mapIntegration',
  ),
)
[ info ] [ HEADER ] array (
  'host' => 'www.mmcall.net:7002',
  'connection' => 'keep-alive',
  'content-length' => '50',
  'accept' => 'application/json, text/plain, */*',
  'x-access-token' => 'A476459D32A632E2AAFFF2DE6629359DMDAwMDAwMDAwML6Mna-FqrqSib2cgMOHoIC7o36CkY6xfLjQzqGGZIXVuGadr4u5um-LunZ_w4efabGmjmWDo3-gu5SsqIhkp6vJiamoi9GyooXTgqe7n6iHyICCiIaQpYjGzruxiGKJt7FkYrmSltSImdKfZa6ehn-4paOqg6d7qcqotKOGY4Wzt4liso7OtrOMqoKbuZ2YjLOQqHN9aqRru7vAe5edaJmyeZXVjM6Udg',
  'user-agent' => 'Mozilla/5.0 (Windows NT 10.0; Win64; x64) AppleWebKit/537.36 (KHTML, like Gecko) Chrome/111.0.0.0 Safari/537.36',
  'x-access-appid' => '123456',
  'content-type' => 'application/x-www-form-urlencoded;charset=UTF-8',
  'origin' => 'http://localhost:8080',
  'referer' => 'http://localhost:8080/',
  'accept-encoding' => 'gzip, deflate',
  'accept-language' => 'zh-CN,zh;q=0.9',
)
[ info ] [ PARAM ] array (
  'jdno' => '88',
  'signature' => '76c340d11d30f3764a08c67a37e90fe9',
)
[ info ] [ DB ] INIT mysql
[ info ] [ RUN ] app\admin\controller\Index->mapIntegration[ C:\PHP\Apache\Apache24\htdocs\screenphp\application\admin\controller\Index.php ]
[ info ] [ LOG ] INIT File
---------------------------------------------------------------
[ 2023-05-23T09:05:17+08:00 ] 175.164.70.232 OPTIONS www.mmcall.net:7002/index.php/admin/login/index
[运行时间：0.023438s] [吞吐率：42.67req/s] [内存消耗：2,146.98kb] [文件加载：58]
[ info ] [ LANG ] C:\PHP\Apache\Apache24\htdocs\screenphp\thinkphp\lang\zh-cn.php
[ info ] [ ROUTE ] array (
  'type' => 'module',
  'module' => 
  array (
    0 => 'admin',
    1 => 'login',
    2 => 'index',
  ),
)
[ info ] [ HEADER ] array (
  'host' => 'www.mmcall.net:7002',
  'connection' => 'keep-alive',
  'accept' => '*/*',
  'access-control-request-method' => 'POST',
  'access-control-request-headers' => 'x-access-appid',
  'origin' => 'http://www.mmcall.test.net',
  'user-agent' => 'Mozilla/5.0 (Windows NT 10.0; Win64; x64) AppleWebKit/537.36 (KHTML, like Gecko) Chrome/111.0.0.0 Safari/537.36',
  'sec-fetch-mode' => 'cors',
  'referer' => 'http://www.mmcall.test.net/',
  'accept-encoding' => 'gzip, deflate',
  'accept-language' => 'zh-CN,zh;q=0.9',
)
[ info ] [ PARAM ] array (
)
[ info ] [ LOG ] INIT File
---------------------------------------------------------------
[ 2023-05-23T09:05:17+08:00 ] 175.164.70.232 POST www.mmcall.net:7002/index.php/admin/login/index
[运行时间：0.070312s] [吞吐率：14.22req/s] [内存消耗：3,470.34kb] [文件加载：69]
[ info ] [ LANG ] C:\PHP\Apache\Apache24\htdocs\screenphp\thinkphp\lang\zh-cn.php
[ info ] [ ROUTE ] array (
  'type' => 'module',
  'module' => 
  array (
    0 => 'admin',
    1 => 'login',
    2 => 'index',
  ),
)
[ info ] [ HEADER ] array (
  'host' => 'www.mmcall.net:7002',
  'connection' => 'keep-alive',
  'content-length' => '75',
  'accept' => 'application/json, text/plain, */*',
  'user-agent' => 'Mozilla/5.0 (Windows NT 10.0; Win64; x64) AppleWebKit/537.36 (KHTML, like Gecko) Chrome/111.0.0.0 Safari/537.36',
  'x-access-appid' => '123456',
  'content-type' => 'application/x-www-form-urlencoded;charset=UTF-8',
  'origin' => 'http://www.mmcall.test.net',
  'referer' => 'http://www.mmcall.test.net/',
  'accept-encoding' => 'gzip, deflate',
  'accept-language' => 'zh-CN,zh;q=0.9',
)
[ info ] [ PARAM ] array (
  'userName' => 'neimeng',
  'password' => '123456',
  'signature' => 'a313a25cc3f84441f290571c93acc734',
)
[ info ] [ DB ] INIT mysql
[ info ] [ RUN ] app\admin\controller\Login->index[ C:\PHP\Apache\Apache24\htdocs\screenphp\application\admin\controller\Login.php ]
[ info ] [ LOG ] INIT File
---------------------------------------------------------------
[ 2023-05-23T09:05:17+08:00 ] 175.164.70.232 OPTIONS www.mmcall.net:7002/index.php/admin/admin/getuser
[运行时间：0.023437s] [吞吐率：42.67req/s] [内存消耗：2,174.38kb] [文件加载：60]
[ info ] [ LANG ] C:\PHP\Apache\Apache24\htdocs\screenphp\thinkphp\lang\zh-cn.php
[ info ] [ ROUTE ] array (
  'type' => 'module',
  'module' => 
  array (
    0 => 'admin',
    1 => 'admin',
    2 => 'getuser',
  ),
)
[ info ] [ HEADER ] array (
  'host' => 'www.mmcall.net:7002',
  'connection' => 'keep-alive',
  'accept' => '*/*',
  'access-control-request-method' => 'POST',
  'access-control-request-headers' => 'x-access-appid,x-access-token',
  'origin' => 'http://www.mmcall.test.net',
  'user-agent' => 'Mozilla/5.0 (Windows NT 10.0; Win64; x64) AppleWebKit/537.36 (KHTML, like Gecko) Chrome/111.0.0.0 Safari/537.36',
  'sec-fetch-mode' => 'cors',
  'referer' => 'http://www.mmcall.test.net/',
  'accept-encoding' => 'gzip, deflate',
  'accept-language' => 'zh-CN,zh;q=0.9',
)
[ info ] [ PARAM ] array (
)
[ info ] [ LOG ] INIT File
---------------------------------------------------------------
[ 2023-05-23T09:05:17+08:00 ] 175.164.70.232 POST www.mmcall.net:7002/index.php/admin/admin/getuser
[运行时间：0.085938s] [吞吐率：11.64req/s] [内存消耗：3,476.75kb] [文件加载：72]
[ info ] [ LANG ] C:\PHP\Apache\Apache24\htdocs\screenphp\thinkphp\lang\zh-cn.php
[ info ] [ ROUTE ] array (
  'type' => 'module',
  'module' => 
  array (
    0 => 'admin',
    1 => 'admin',
    2 => 'getuser',
  ),
)
[ info ] [ HEADER ] array (
  'host' => 'www.mmcall.net:7002',
  'connection' => 'keep-alive',
  'content-length' => '42',
  'accept' => 'application/json, text/plain, */*',
  'x-access-token' => 'AB350CC821EAE33B11D3860DC79A767CMDAwMDAwMDAwML6Mna-FqrqSib2cgMOHoIC7o36CkY6xfLjQzqGGZIXVuGadr4u5um-LunZ_w4efabGmjmWDo3-gu5SsqIhkp6vJiamoi9GyooXTgqe7n6iHyICCiIaQpYjGzruxiGKJt7J5YqmMt7qHjq2BZa6deqnJbJydlZCpg7mqtGqJn6OxsaKZmZGWsqKMrYJ1vHaCgLyBiWKDkYJrys3SjJZkbLu5Znfamc6Udg',
  'user-agent' => 'Mozilla/5.0 (Windows NT 10.0; Win64; x64) AppleWebKit/537.36 (KHTML, like Gecko) Chrome/111.0.0.0 Safari/537.36',
  'x-access-appid' => '123456',
  'content-type' => 'application/x-www-form-urlencoded;charset=UTF-8',
  'origin' => 'http://www.mmcall.test.net',
  'referer' => 'http://www.mmcall.test.net/',
  'accept-encoding' => 'gzip, deflate',
  'accept-language' => 'zh-CN,zh;q=0.9',
)
[ info ] [ PARAM ] array (
  'signature' => '776a8773415590486189e97e10f77114',
)
[ info ] [ DB ] INIT mysql
[ info ] [ RUN ] app\admin\controller\Admin->getuser[ C:\PHP\Apache\Apache24\htdocs\screenphp\application\admin\controller\Admin.php ]
[ info ] [ LOG ] INIT File
---------------------------------------------------------------
[ 2023-05-23T09:05:18+08:00 ] 175.164.70.232 OPTIONS www.mmcall.net:7002/index.php/admin/Index/dataIntegration?data=%7B%22jdno%22:88,%22dateValue%22:%22%E6%9C%88%22,%22themoonarraylist%22:%22[[%5C%222023%2F4%2F23%5C%22,%5C%222023%2F4%2F26%5C%22],[%5C%222023%2F4%2F27%5C%22,%5C%222023%2F4%2F30%5C%22],[%5C%222023%2F5%2F1%5C%22,%5C%222023%2F5%2F4%5C%22],[%5C%222023%2F5%2F5%5C%22,%5C%222023%2F5%2F8%5C%22],[%5C%222023%2F5%2F9%5C%22,%5C%222023%2F5%2F12%5C%22],[%5C%222023%2F5%2F13%5C%22,%5C%222023%2F5%2F16%5C%22],[%5C%222023%2F5%2F17%5C%22,%5C%222023%2F5%2F20%5C%22],[%5C%222023%2F5%2F21%5C%22,%5C%222023%2F5%2F23%5C%22]]%22%7D&signature=9e880d95cf7e17b5efd033aa0e9e05f9
[运行时间：0.023438s] [吞吐率：42.67req/s] [内存消耗：2,151.45kb] [文件加载：60]
[ info ] [ LANG ] C:\PHP\Apache\Apache24\htdocs\screenphp\thinkphp\lang\zh-cn.php
[ info ] [ ROUTE ] array (
  'type' => 'module',
  'module' => 
  array (
    0 => 'admin',
    1 => 'Index',
    2 => 'dataIntegration',
  ),
)
[ info ] [ HEADER ] array (
  'host' => 'www.mmcall.net:7002',
  'connection' => 'keep-alive',
  'accept' => '*/*',
  'access-control-request-method' => 'GET',
  'access-control-request-headers' => 'x-access-appid,x-access-token',
  'origin' => 'http://www.mmcall.test.net',
  'user-agent' => 'Mozilla/5.0 (Windows NT 10.0; Win64; x64) AppleWebKit/537.36 (KHTML, like Gecko) Chrome/111.0.0.0 Safari/537.36',
  'sec-fetch-mode' => 'cors',
  'referer' => 'http://www.mmcall.test.net/',
  'accept-encoding' => 'gzip, deflate',
  'accept-language' => 'zh-CN,zh;q=0.9',
)
[ info ] [ PARAM ] array (
  'data' => '{"jdno":88,"dateValue":"月","themoonarraylist":"[[\\"2023/4/23\\",\\"2023/4/26\\"],[\\"2023/4/27\\",\\"2023/4/30\\"],[\\"2023/5/1\\",\\"2023/5/4\\"],[\\"2023/5/5\\",\\"2023/5/8\\"],[\\"2023/5/9\\",\\"2023/5/12\\"],[\\"2023/5/13\\",\\"2023/5/16\\"],[\\"2023/5/17\\",\\"2023/5/20\\"],[\\"2023/5/21\\",\\"2023/5/23\\"]]"}',
  'signature' => '9e880d95cf7e17b5efd033aa0e9e05f9',
)
[ info ] [ LOG ] INIT File
---------------------------------------------------------------
[ 2023-05-23T09:05:18+08:00 ] 175.164.70.232 GET www.mmcall.net:7002/index.php/admin/Index/dataIntegration?data=%7B%22jdno%22:88,%22dateValue%22:%22%E6%9C%88%22,%22themoonarraylist%22:%22[[%5C%222023%2F4%2F23%5C%22,%5C%222023%2F4%2F26%5C%22],[%5C%222023%2F4%2F27%5C%22,%5C%222023%2F4%2F30%5C%22],[%5C%222023%2F5%2F1%5C%22,%5C%222023%2F5%2F4%5C%22],[%5C%222023%2F5%2F5%5C%22,%5C%222023%2F5%2F8%5C%22],[%5C%222023%2F5%2F9%5C%22,%5C%222023%2F5%2F12%5C%22],[%5C%222023%2F5%2F13%5C%22,%5C%222023%2F5%2F16%5C%22],[%5C%222023%2F5%2F17%5C%22,%5C%222023%2F5%2F20%5C%22],[%5C%222023%2F5%2F21%5C%22,%5C%222023%2F5%2F23%5C%22]]%22%7D&signature=9e880d95cf7e17b5efd033aa0e9e05f9
[运行时间：0.203125s] [吞吐率：4.92req/s] [内存消耗：3,584.88kb] [文件加载：72]
[ info ] [ LANG ] C:\PHP\Apache\Apache24\htdocs\screenphp\thinkphp\lang\zh-cn.php
[ info ] [ ROUTE ] array (
  'type' => 'module',
  'module' => 
  array (
    0 => 'admin',
    1 => 'Index',
    2 => 'dataIntegration',
  ),
)
[ info ] [ HEADER ] array (
  'host' => 'www.mmcall.net:7002',
  'connection' => 'keep-alive',
  'accept' => 'application/json, text/plain, */*',
  'x-access-token' => 'AB350CC821EAE33B11D3860DC79A767CMDAwMDAwMDAwML6Mna-FqrqSib2cgMOHoIC7o36CkY6xfLjQzqGGZIXVuGadr4u5um-LunZ_w4efabGmjmWDo3-gu5SsqIhkp6vJiamoi9GyooXTgqe7n6iHyICCiIaQpYjGzruxiGKJt7J5YqmMt7qHjq2BZa6deqnJbJydlZCpg7mqtGqJn6OxsaKZmZGWsqKMrYJ1vHaCgLyBiWKDkYJrys3SjJZkbLu5Znfamc6Udg',
  'user-agent' => 'Mozilla/5.0 (Windows NT 10.0; Win64; x64) AppleWebKit/537.36 (KHTML, like Gecko) Chrome/111.0.0.0 Safari/537.36',
  'x-access-appid' => '123456',
  'origin' => 'http://www.mmcall.test.net',
  'referer' => 'http://www.mmcall.test.net/',
  'accept-encoding' => 'gzip, deflate',
  'accept-language' => 'zh-CN,zh;q=0.9',
)
[ info ] [ PARAM ] array (
  'data' => '{"jdno":88,"dateValue":"月","themoonarraylist":"[[\\"2023/4/23\\",\\"2023/4/26\\"],[\\"2023/4/27\\",\\"2023/4/30\\"],[\\"2023/5/1\\",\\"2023/5/4\\"],[\\"2023/5/5\\",\\"2023/5/8\\"],[\\"2023/5/9\\",\\"2023/5/12\\"],[\\"2023/5/13\\",\\"2023/5/16\\"],[\\"2023/5/17\\",\\"2023/5/20\\"],[\\"2023/5/21\\",\\"2023/5/23\\"]]"}',
  'signature' => '9e880d95cf7e17b5efd033aa0e9e05f9',
)
[ info ] [ DB ] INIT mysql
[ info ] [ RUN ] app\admin\controller\Index->dataIntegration[ C:\PHP\Apache\Apache24\htdocs\screenphp\application\admin\controller\Index.php ]
[ info ] [ LOG ] INIT File
---------------------------------------------------------------
[ 2023-05-23T09:05:18+08:00 ] 175.164.70.232 OPTIONS www.mmcall.net:7002/index.php/admin/Index/mapIntegration
[运行时间：0.031250s] [吞吐率：32.00req/s] [内存消耗：2,147.68kb] [文件加载：60]
[ info ] [ LANG ] C:\PHP\Apache\Apache24\htdocs\screenphp\thinkphp\lang\zh-cn.php
[ info ] [ ROUTE ] array (
  'type' => 'module',
  'module' => 
  array (
    0 => 'admin',
    1 => 'Index',
    2 => 'mapIntegration',
  ),
)
[ info ] [ HEADER ] array (
  'host' => 'www.mmcall.net:7002',
  'connection' => 'keep-alive',
  'accept' => '*/*',
  'access-control-request-method' => 'POST',
  'access-control-request-headers' => 'x-access-appid,x-access-token',
  'origin' => 'http://www.mmcall.test.net',
  'user-agent' => 'Mozilla/5.0 (Windows NT 10.0; Win64; x64) AppleWebKit/537.36 (KHTML, like Gecko) Chrome/111.0.0.0 Safari/537.36',
  'sec-fetch-mode' => 'cors',
  'referer' => 'http://www.mmcall.test.net/',
  'accept-encoding' => 'gzip, deflate',
  'accept-language' => 'zh-CN,zh;q=0.9',
)
[ info ] [ PARAM ] array (
)
[ info ] [ LOG ] INIT File
---------------------------------------------------------------
[ 2023-05-23T09:05:18+08:00 ] 175.164.70.232 POST www.mmcall.net:7002/index.php/admin/Index/mapIntegration
[运行时间：0.109375s] [吞吐率：9.14req/s] [内存消耗：3,527.44kb] [文件加载：72]
[ info ] [ LANG ] C:\PHP\Apache\Apache24\htdocs\screenphp\thinkphp\lang\zh-cn.php
[ info ] [ ROUTE ] array (
  'type' => 'module',
  'module' => 
  array (
    0 => 'admin',
    1 => 'Index',
    2 => 'mapIntegration',
  ),
)
[ info ] [ HEADER ] array (
  'host' => 'www.mmcall.net:7002',
  'connection' => 'keep-alive',
  'content-length' => '50',
  'accept' => 'application/json, text/plain, */*',
  'x-access-token' => 'AB350CC821EAE33B11D3860DC79A767CMDAwMDAwMDAwML6Mna-FqrqSib2cgMOHoIC7o36CkY6xfLjQzqGGZIXVuGadr4u5um-LunZ_w4efabGmjmWDo3-gu5SsqIhkp6vJiamoi9GyooXTgqe7n6iHyICCiIaQpYjGzruxiGKJt7J5YqmMt7qHjq2BZa6deqnJbJydlZCpg7mqtGqJn6OxsaKZmZGWsqKMrYJ1vHaCgLyBiWKDkYJrys3SjJZkbLu5Znfamc6Udg',
  'user-agent' => 'Mozilla/5.0 (Windows NT 10.0; Win64; x64) AppleWebKit/537.36 (KHTML, like Gecko) Chrome/111.0.0.0 Safari/537.36',
  'x-access-appid' => '123456',
  'content-type' => 'application/x-www-form-urlencoded;charset=UTF-8',
  'origin' => 'http://www.mmcall.test.net',
  'referer' => 'http://www.mmcall.test.net/',
  'accept-encoding' => 'gzip, deflate',
  'accept-language' => 'zh-CN,zh;q=0.9',
)
[ info ] [ PARAM ] array (
  'jdno' => '88',
  'signature' => '76c340d11d30f3764a08c67a37e90fe9',
)
[ info ] [ DB ] INIT mysql
[ info ] [ RUN ] app\admin\controller\Index->mapIntegration[ C:\PHP\Apache\Apache24\htdocs\screenphp\application\admin\controller\Index.php ]
[ info ] [ LOG ] INIT File
