---------------------------------------------------------------
[ 2023-05-23T08:40:28+08:00 ] 175.164.70.232 POST www.mmcall.net:7002/index.php/admin/admin/getuser
[ sql ] [ DB ] CONNECT:[ UseTime:0.007812s ] mysql:host=47.104.10.49;dbname=yunmmcall_big;charset=utf8
[ sql ] [ SQL ] SHOW COLUMNS FROM `t_app` [ RunTime:0.000000s ]
[ sql ] [ SQL ] SELECT * FROM `t_app` WHERE  `appId` = '123456' LIMIT 1 [ RunTime:0.007813s ]
[ sql ] [ SQL ] SHOW COLUMNS FROM `t_admin` [ RunTime:0.007812s ]
[ sql ] [ SQL ] SELECT * FROM `t_admin` WHERE  `id` = 12 LIMIT 1 [ RunTime:0.000000s ]
[ sql ] [ SQL ] SHOW COLUMNS FROM `t_auth_rule` [ RunTime:0.000000s ]
[ sql ] [ SQL ] SELECT * FROM `t_auth_rule` WHERE  `name` = 'admin/admin/getuser' LIMIT 1 [ RunTime:0.007812s ]
[ sql ] [ SQL ] SHOW COLUMNS FROM `t_tree` [ RunTime:0.000000s ]
[ sql ] [ SQL ] SELECT `b`.`UnitNo`,`a`.* FROM `t_tree` `a` LEFT JOIN `customer` `b` ON `a`.`jdno`=`b`.`jdParent` WHERE  `UnitNo` = '80492e8b8c104cc9a81645e9b3ffd80f' LIMIT 1 [ RunTime:0.007813s ]
[ sql ] [ SQL ] SELECT * FROM `t_auth_rule` WHERE  `id` IN (1,2,3,4,5,6,7,8,9,11)  AND `status` = 1 ORDER BY `sorts` [ RunTime:0.000000s ]
[ sql ] [ SQL ] SELECT `b`.`UnitNo`,`a`.* FROM `t_tree` `a` LEFT JOIN `customer` `b` ON `a`.`jdno`=`b`.`jdParent` WHERE  `UnitNo` = '80492e8b8c104cc9a81645e9b3ffd80f' LIMIT 1 [ RunTime:0.000000s ]
---------------------------------------------------------------
[ 2023-05-23T08:40:30+08:00 ] 175.164.70.232 GET www.mmcall.net:7002/index.php/admin/Index/dataIntegration?data=%7B%22jdno%22:88,%22dateValue%22:%22%E6%9C%88%22,%22themoonarraylist%22:%22[[%5C%222023%2F4%2F23%5C%22,%5C%222023%2F4%2F26%5C%22],[%5C%222023%2F4%2F27%5C%22,%5C%222023%2F4%2F30%5C%22],[%5C%222023%2F5%2F1%5C%22,%5C%222023%2F5%2F4%5C%22],[%5C%222023%2F5%2F5%5C%22,%5C%222023%2F5%2F8%5C%22],[%5C%222023%2F5%2F9%5C%22,%5C%222023%2F5%2F12%5C%22],[%5C%222023%2F5%2F13%5C%22,%5C%222023%2F5%2F16%5C%22],[%5C%222023%2F5%2F17%5C%22,%5C%222023%2F5%2F20%5C%22],[%5C%222023%2F5%2F21%5C%22,%5C%222023%2F5%2F23%5C%22]]%22%7D&signature=9e880d95cf7e17b5efd033aa0e9e05f9
[ sql ] [ DB ] CONNECT:[ UseTime:0.015625s ] mysql:host=47.104.10.49;dbname=yunmmcall_big;charset=utf8
[ sql ] [ SQL ] SHOW COLUMNS FROM `t_app` [ RunTime:0.000000s ]
[ sql ] [ SQL ] SELECT * FROM `t_app` WHERE  `appId` = '123456' LIMIT 1 [ RunTime:0.007813s ]
[ sql ] [ SQL ] SHOW COLUMNS FROM `t_admin` [ RunTime:0.000000s ]
[ sql ] [ SQL ] SELECT * FROM `t_admin` WHERE  `id` = 12 LIMIT 1 [ RunTime:0.007812s ]
[ sql ] [ SQL ] SHOW COLUMNS FROM `t_auth_rule` [ RunTime:0.007813s ]
[ sql ] [ SQL ] SELECT * FROM `t_auth_rule` WHERE  `name` = 'admin/index/dataintegration' LIMIT 1 [ RunTime:0.000000s ]
[ sql ] [ SQL ] SHOW COLUMNS FROM `t_tree` [ RunTime:0.007812s ]
[ sql ] [ SQL ] SELECT DISTINCT  `a`.`jdName`,`c`.`No`,`c`.`oldmanname`,`c`.`Contact`,`c`.`Address`,`c`.`birthday`,`c`.`sex`,`c`.`identity_card`,`c`.`deviceno`,`c`.`Residence_state`,`c`.`oldman_type`,`c`.`marital_status`,`c`.`pathography`,`c`.`Children_situation`,`c`.`anaphylactic`,`c`.`Healthy`,`c`.`remark`,`c`.`lianxiren1`,`c`.`lianxiren2`,`c`.`lianxiren3`,`c`.`lianxiren4`,`c`.`lianxiren5`,`c`.`lianxiren6`,`c`.`lianxiren7`,`c`.`lianxiren8`,`c`.`longitude1`,`c`.`latitude1`,`c`.`clientno` FROM `t_tree` `a` LEFT JOIN `t_tree_device` `b` ON `a`.`jdno`=`b`.`jdparent` LEFT JOIN `t_people` `c` ON `b`.`deviceid`=`c`.`deviceno` WHERE  (   a.jdno = 88 ) [ RunTime:0.000000s ]
[ sql ] [ SQL ] SELECT DISTINCT  `c`.*,`d`.`No`,`d`.`oldmanname`,`d`.`Address` FROM `t_tree` `a` LEFT JOIN `t_tree_device` `b` ON `a`.`jdno`=`b`.`jdparent` LEFT JOIN `t_calllist_voice` `c` ON `b`.`deviceid`=`c`.`deviceid` LEFT JOIN `t_people` `d` ON `c`.`deviceid`=`d`.`deviceno` WHERE  (   a.jdno = 88 and c.status <> '挂断'  )  AND (  `c`.`status` = '<>' OR `c`.`status` <> '' ) ORDER BY `c`.`id` DESC LIMIT 0,10 [ RunTime:0.023438s ]
[ sql ] [ SQL ] SELECT DISTINCT  COUNT(*) AS tp_count FROM `t_tree` `a` LEFT JOIN `t_tree_device` `b` ON `a`.`jdno`=`b`.`jdparent` LEFT JOIN `t_calllist_voice` `c` ON `b`.`deviceid`=`c`.`deviceid` LEFT JOIN `t_people` `d` ON `c`.`deviceid`=`d`.`deviceno` WHERE  (   a.jdno = 88 and c.status <> '挂断'  )  AND (  `c`.`status` = '<>' OR `c`.`status` <> '' ) LIMIT 1 [ RunTime:0.015625s ]
[ sql ] [ SQL ] SELECT COUNT(c.calltime) AS counts,c.calltime as ctime FROM `t_tree` `a` LEFT JOIN `t_tree_device` `b` ON `a`.`jdno`=`b`.`jdparent` LEFT JOIN `t_calllist_voice` `c` ON `b`.`deviceid`=`c`.`deviceid` WHERE  (   a.jdno = 88 and c.status = '挂断' and  c.calltime >= '2023/4/23' and  c.calltime <= '2023-04-27' ) LIMIT 1 [ RunTime:0.007812s ]
[ sql ] [ SQL ] SELECT COUNT(c.calltime) AS counts,c.calltime as ctime FROM `t_tree` `a` LEFT JOIN `t_tree_device` `b` ON `a`.`jdno`=`b`.`jdparent` LEFT JOIN `t_calllist_voice` `c` ON `b`.`deviceid`=`c`.`deviceid` WHERE  (   a.jdno = 88 and c.status = '挂断' and  c.calltime >= '2023/4/27' and  c.calltime <= '2023-05-01' ) LIMIT 1 [ RunTime:0.015625s ]
[ sql ] [ SQL ] SELECT COUNT(c.calltime) AS counts,c.calltime as ctime FROM `t_tree` `a` LEFT JOIN `t_tree_device` `b` ON `a`.`jdno`=`b`.`jdparent` LEFT JOIN `t_calllist_voice` `c` ON `b`.`deviceid`=`c`.`deviceid` WHERE  (   a.jdno = 88 and c.status = '挂断' and  c.calltime >= '2023/5/1' and  c.calltime <= '2023-05-05' ) LIMIT 1 [ RunTime:0.007813s ]
[ sql ] [ SQL ] SELECT COUNT(c.calltime) AS counts,c.calltime as ctime FROM `t_tree` `a` LEFT JOIN `t_tree_device` `b` ON `a`.`jdno`=`b`.`jdparent` LEFT JOIN `t_calllist_voice` `c` ON `b`.`deviceid`=`c`.`deviceid` WHERE  (   a.jdno = 88 and c.status = '挂断' and  c.calltime >= '2023/5/5' and  c.calltime <= '2023-05-09' ) LIMIT 1 [ RunTime:0.015625s ]
[ sql ] [ SQL ] SELECT COUNT(c.calltime) AS counts,c.calltime as ctime FROM `t_tree` `a` LEFT JOIN `t_tree_device` `b` ON `a`.`jdno`=`b`.`jdparent` LEFT JOIN `t_calllist_voice` `c` ON `b`.`deviceid`=`c`.`deviceid` WHERE  (   a.jdno = 88 and c.status = '挂断' and  c.calltime >= '2023/5/9' and  c.calltime <= '2023-05-13' ) LIMIT 1 [ RunTime:0.015625s ]
[ sql ] [ SQL ] SELECT COUNT(c.calltime) AS counts,c.calltime as ctime FROM `t_tree` `a` LEFT JOIN `t_tree_device` `b` ON `a`.`jdno`=`b`.`jdparent` LEFT JOIN `t_calllist_voice` `c` ON `b`.`deviceid`=`c`.`deviceid` WHERE  (   a.jdno = 88 and c.status = '挂断' and  c.calltime >= '2023/5/13' and  c.calltime <= '2023-05-17' ) LIMIT 1 [ RunTime:0.007812s ]
[ sql ] [ SQL ] SELECT COUNT(c.calltime) AS counts,c.calltime as ctime FROM `t_tree` `a` LEFT JOIN `t_tree_device` `b` ON `a`.`jdno`=`b`.`jdparent` LEFT JOIN `t_calllist_voice` `c` ON `b`.`deviceid`=`c`.`deviceid` WHERE  (   a.jdno = 88 and c.status = '挂断' and  c.calltime >= '2023/5/17' and  c.calltime <= '2023-05-21' ) LIMIT 1 [ RunTime:0.015625s ]
[ sql ] [ SQL ] SELECT COUNT(c.calltime) AS counts,c.calltime as ctime FROM `t_tree` `a` LEFT JOIN `t_tree_device` `b` ON `a`.`jdno`=`b`.`jdparent` LEFT JOIN `t_calllist_voice` `c` ON `b`.`deviceid`=`c`.`deviceid` WHERE  (   a.jdno = 88 and c.status = '挂断' and  c.calltime >= '2023/5/21' and  c.calltime <= '2023-05-24' ) LIMIT 1 [ RunTime:0.015625s ]
[ sql ] [ SQL ] SELECT COUNT(c.calltime) AS counts,c.calltime as ctime FROM `t_tree` `a` LEFT JOIN `t_tree_device` `b` ON `a`.`jdno`=`b`.`jdparent` LEFT JOIN `t_calllist_voice` `c` ON `b`.`deviceid`=`c`.`deviceid` WHERE  (   a.jdno = 88 and c.status = '挂断' and  c.calltime >= '2023/4/23' and  c.calltime <= '2023-04-27' )  AND (  `c`.`taketime` IS NULL OR `c`.`taketime` = '' )  AND (  `c`.`endtime` IS NULL OR `c`.`endtime` = '' ) LIMIT 1 [ RunTime:0.007813s ]
[ sql ] [ SQL ] SELECT COUNT(c.calltime) AS counts,c.calltime as ctime FROM `t_tree` `a` LEFT JOIN `t_tree_device` `b` ON `a`.`jdno`=`b`.`jdparent` LEFT JOIN `t_calllist_voice` `c` ON `b`.`deviceid`=`c`.`deviceid` WHERE  (   a.jdno = 88 and c.status = '挂断' and  c.calltime >= '2023/4/27' and  c.calltime <= '2023-05-01' )  AND (  `c`.`taketime` IS NULL OR `c`.`taketime` = '' )  AND (  `c`.`endtime` IS NULL OR `c`.`endtime` = '' ) LIMIT 1 [ RunTime:0.015625s ]
[ sql ] [ SQL ] SELECT COUNT(c.calltime) AS counts,c.calltime as ctime FROM `t_tree` `a` LEFT JOIN `t_tree_device` `b` ON `a`.`jdno`=`b`.`jdparent` LEFT JOIN `t_calllist_voice` `c` ON `b`.`deviceid`=`c`.`deviceid` WHERE  (   a.jdno = 88 and c.status = '挂断' and  c.calltime >= '2023/5/1' and  c.calltime <= '2023-05-05' )  AND (  `c`.`taketime` IS NULL OR `c`.`taketime` = '' )  AND (  `c`.`endtime` IS NULL OR `c`.`endtime` = '' ) LIMIT 1 [ RunTime:0.007812s ]
[ sql ] [ SQL ] SELECT COUNT(c.calltime) AS counts,c.calltime as ctime FROM `t_tree` `a` LEFT JOIN `t_tree_device` `b` ON `a`.`jdno`=`b`.`jdparent` LEFT JOIN `t_calllist_voice` `c` ON `b`.`deviceid`=`c`.`deviceid` WHERE  (   a.jdno = 88 and c.status = '挂断' and  c.calltime >= '2023/5/5' and  c.calltime <= '2023-05-09' )  AND (  `c`.`taketime` IS NULL OR `c`.`taketime` = '' )  AND (  `c`.`endtime` IS NULL OR `c`.`endtime` = '' ) LIMIT 1 [ RunTime:0.015625s ]
[ sql ] [ SQL ] SELECT COUNT(c.calltime) AS counts,c.calltime as ctime FROM `t_tree` `a` LEFT JOIN `t_tree_device` `b` ON `a`.`jdno`=`b`.`jdparent` LEFT JOIN `t_calllist_voice` `c` ON `b`.`deviceid`=`c`.`deviceid` WHERE  (   a.jdno = 88 and c.status = '挂断' and  c.calltime >= '2023/5/9' and  c.calltime <= '2023-05-13' )  AND (  `c`.`taketime` IS NULL OR `c`.`taketime` = '' )  AND (  `c`.`endtime` IS NULL OR `c`.`endtime` = '' ) LIMIT 1 [ RunTime:0.007813s ]
[ sql ] [ SQL ] SELECT COUNT(c.calltime) AS counts,c.calltime as ctime FROM `t_tree` `a` LEFT JOIN `t_tree_device` `b` ON `a`.`jdno`=`b`.`jdparent` LEFT JOIN `t_calllist_voice` `c` ON `b`.`deviceid`=`c`.`deviceid` WHERE  (   a.jdno = 88 and c.status = '挂断' and  c.calltime >= '2023/5/13' and  c.calltime <= '2023-05-17' )  AND (  `c`.`taketime` IS NULL OR `c`.`taketime` = '' )  AND (  `c`.`endtime` IS NULL OR `c`.`endtime` = '' ) LIMIT 1 [ RunTime:0.015625s ]
[ sql ] [ SQL ] SELECT COUNT(c.calltime) AS counts,c.calltime as ctime FROM `t_tree` `a` LEFT JOIN `t_tree_device` `b` ON `a`.`jdno`=`b`.`jdparent` LEFT JOIN `t_calllist_voice` `c` ON `b`.`deviceid`=`c`.`deviceid` WHERE  (   a.jdno = 88 and c.status = '挂断' and  c.calltime >= '2023/5/17' and  c.calltime <= '2023-05-21' )  AND (  `c`.`taketime` IS NULL OR `c`.`taketime` = '' )  AND (  `c`.`endtime` IS NULL OR `c`.`endtime` = '' ) LIMIT 1 [ RunTime:0.015625s ]
[ sql ] [ SQL ] SELECT COUNT(c.calltime) AS counts,c.calltime as ctime FROM `t_tree` `a` LEFT JOIN `t_tree_device` `b` ON `a`.`jdno`=`b`.`jdparent` LEFT JOIN `t_calllist_voice` `c` ON `b`.`deviceid`=`c`.`deviceid` WHERE  (   a.jdno = 88 and c.status = '挂断' and  c.calltime >= '2023/5/21' and  c.calltime <= '2023-05-24' )  AND (  `c`.`taketime` IS NULL OR `c`.`taketime` = '' )  AND (  `c`.`endtime` IS NULL OR `c`.`endtime` = '' ) LIMIT 1 [ RunTime:0.007812s ]
---------------------------------------------------------------
[ 2023-05-23T08:40:31+08:00 ] 175.164.70.232 POST www.mmcall.net:7002/index.php/admin/Index/mapIntegration
[ sql ] [ DB ] CONNECT:[ UseTime:0.007813s ] mysql:host=47.104.10.49;dbname=yunmmcall_big;charset=utf8
[ sql ] [ SQL ] SHOW COLUMNS FROM `t_app` [ RunTime:0.007812s ]
[ sql ] [ SQL ] SELECT * FROM `t_app` WHERE  `appId` = '123456' LIMIT 1 [ RunTime:0.000000s ]
[ sql ] [ SQL ] SHOW COLUMNS FROM `t_admin` [ RunTime:0.007813s ]
[ sql ] [ SQL ] SELECT * FROM `t_admin` WHERE  `id` = 12 LIMIT 1 [ RunTime:0.000000s ]
[ sql ] [ SQL ] SHOW COLUMNS FROM `t_auth_rule` [ RunTime:0.007813s ]
[ sql ] [ SQL ] SELECT * FROM `t_auth_rule` WHERE  `name` = 'admin/index/mapintegration' LIMIT 1 [ RunTime:0.000000s ]
[ sql ] [ SQL ] SHOW COLUMNS FROM `t_tree` [ RunTime:0.007812s ]
[ sql ] [ SQL ] SELECT DISTINCT  `a`.`jdName`,`c`.`No`,`c`.`oldmanname`,`c`.`Contact`,`c`.`Address`,`c`.`birthday`,`c`.`sex`,`c`.`identity_card`,`c`.`deviceno`,`c`.`Residence_state`,`c`.`oldman_type`,`c`.`marital_status`,`c`.`pathography`,`c`.`Children_situation`,`c`.`anaphylactic`,`c`.`Healthy`,`c`.`remark`,`c`.`lianxiren1`,`c`.`lianxiren2`,`c`.`lianxiren3`,`c`.`lianxiren4`,`c`.`lianxiren5`,`c`.`lianxiren6`,`c`.`lianxiren7`,`c`.`lianxiren8`,`c`.`longitude1`,`c`.`latitude1`,`c`.`clientno`,`d`.`isonline` FROM `t_tree` `a` LEFT JOIN `t_tree_device` `b` ON `a`.`jdno`=`b`.`jdparent` LEFT JOIN `t_people` `c` ON `b`.`deviceid`=`c`.`deviceno` LEFT JOIN `t_callno` `d` ON `c`.`deviceno`=`d`.`callno` WHERE  (   a.jdno = 88 ) [ RunTime:0.054688s ]
---------------------------------------------------------------
[ 2023-05-23T08:44:30+08:00 ] 175.164.70.232 GET www.mmcall.net:7002/index.php/admin/Index/dataIntegration?data=%7B%22jdno%22:88,%22dateValue%22:%22%E6%9C%88%22,%22themoonarraylist%22:%22[[%5C%222023%2F4%2F23%5C%22,%5C%222023%2F4%2F26%5C%22],[%5C%222023%2F4%2F27%5C%22,%5C%222023%2F4%2F30%5C%22],[%5C%222023%2F5%2F1%5C%22,%5C%222023%2F5%2F4%5C%22],[%5C%222023%2F5%2F5%5C%22,%5C%222023%2F5%2F8%5C%22],[%5C%222023%2F5%2F9%5C%22,%5C%222023%2F5%2F12%5C%22],[%5C%222023%2F5%2F13%5C%22,%5C%222023%2F5%2F16%5C%22],[%5C%222023%2F5%2F17%5C%22,%5C%222023%2F5%2F20%5C%22],[%5C%222023%2F5%2F21%5C%22,%5C%222023%2F5%2F23%5C%22]]%22%7D&signature=9e880d95cf7e17b5efd033aa0e9e05f9
[ sql ] [ DB ] CONNECT:[ UseTime:0.023438s ] mysql:host=47.104.10.49;dbname=yunmmcall_big;charset=utf8
[ sql ] [ SQL ] SHOW COLUMNS FROM `t_app` [ RunTime:0.000000s ]
[ sql ] [ SQL ] SELECT * FROM `t_app` WHERE  `appId` = '123456' LIMIT 1 [ RunTime:0.007812s ]
[ sql ] [ SQL ] SHOW COLUMNS FROM `t_admin` [ RunTime:0.000000s ]
[ sql ] [ SQL ] SELECT * FROM `t_admin` WHERE  `id` = 12 LIMIT 1 [ RunTime:0.000000s ]
[ sql ] [ SQL ] SHOW COLUMNS FROM `t_auth_rule` [ RunTime:0.007812s ]
[ sql ] [ SQL ] SELECT * FROM `t_auth_rule` WHERE  `name` = 'admin/index/dataintegration' LIMIT 1 [ RunTime:0.000000s ]
[ sql ] [ SQL ] SHOW COLUMNS FROM `t_tree` [ RunTime:0.007813s ]
[ sql ] [ SQL ] SELECT DISTINCT  `a`.`jdName`,`c`.`No`,`c`.`oldmanname`,`c`.`Contact`,`c`.`Address`,`c`.`birthday`,`c`.`sex`,`c`.`identity_card`,`c`.`deviceno`,`c`.`Residence_state`,`c`.`oldman_type`,`c`.`marital_status`,`c`.`pathography`,`c`.`Children_situation`,`c`.`anaphylactic`,`c`.`Healthy`,`c`.`remark`,`c`.`lianxiren1`,`c`.`lianxiren2`,`c`.`lianxiren3`,`c`.`lianxiren4`,`c`.`lianxiren5`,`c`.`lianxiren6`,`c`.`lianxiren7`,`c`.`lianxiren8`,`c`.`longitude1`,`c`.`latitude1`,`c`.`clientno` FROM `t_tree` `a` LEFT JOIN `t_tree_device` `b` ON `a`.`jdno`=`b`.`jdparent` LEFT JOIN `t_people` `c` ON `b`.`deviceid`=`c`.`deviceno` WHERE  (   a.jdno = 88 ) [ RunTime:0.000000s ]
[ sql ] [ SQL ] SELECT DISTINCT  `c`.*,`d`.`No`,`d`.`oldmanname`,`d`.`Address` FROM `t_tree` `a` LEFT JOIN `t_tree_device` `b` ON `a`.`jdno`=`b`.`jdparent` LEFT JOIN `t_calllist_voice` `c` ON `b`.`deviceid`=`c`.`deviceid` LEFT JOIN `t_people` `d` ON `c`.`deviceid`=`d`.`deviceno` WHERE  (   a.jdno = 88 and c.status <> '挂断'  )  AND (  `c`.`status` = '<>' OR `c`.`status` <> '' ) ORDER BY `c`.`id` DESC LIMIT 0,10 [ RunTime:0.007812s ]
[ sql ] [ SQL ] SELECT DISTINCT  COUNT(*) AS tp_count FROM `t_tree` `a` LEFT JOIN `t_tree_device` `b` ON `a`.`jdno`=`b`.`jdparent` LEFT JOIN `t_calllist_voice` `c` ON `b`.`deviceid`=`c`.`deviceid` LEFT JOIN `t_people` `d` ON `c`.`deviceid`=`d`.`deviceno` WHERE  (   a.jdno = 88 and c.status <> '挂断'  )  AND (  `c`.`status` = '<>' OR `c`.`status` <> '' ) LIMIT 1 [ RunTime:0.000000s ]
[ sql ] [ SQL ] SELECT COUNT(c.calltime) AS counts,c.calltime as ctime FROM `t_tree` `a` LEFT JOIN `t_tree_device` `b` ON `a`.`jdno`=`b`.`jdparent` LEFT JOIN `t_calllist_voice` `c` ON `b`.`deviceid`=`c`.`deviceid` WHERE  (   a.jdno = 88 and c.status = '挂断' and  c.calltime >= '2023/4/23' and  c.calltime <= '2023-04-27' ) LIMIT 1 [ RunTime:0.000000s ]
[ sql ] [ SQL ] SELECT COUNT(c.calltime) AS counts,c.calltime as ctime FROM `t_tree` `a` LEFT JOIN `t_tree_device` `b` ON `a`.`jdno`=`b`.`jdparent` LEFT JOIN `t_calllist_voice` `c` ON `b`.`deviceid`=`c`.`deviceid` WHERE  (   a.jdno = 88 and c.status = '挂断' and  c.calltime >= '2023/4/27' and  c.calltime <= '2023-05-01' ) LIMIT 1 [ RunTime:0.000000s ]
[ sql ] [ SQL ] SELECT COUNT(c.calltime) AS counts,c.calltime as ctime FROM `t_tree` `a` LEFT JOIN `t_tree_device` `b` ON `a`.`jdno`=`b`.`jdparent` LEFT JOIN `t_calllist_voice` `c` ON `b`.`deviceid`=`c`.`deviceid` WHERE  (   a.jdno = 88 and c.status = '挂断' and  c.calltime >= '2023/5/1' and  c.calltime <= '2023-05-05' ) LIMIT 1 [ RunTime:0.007813s ]
[ sql ] [ SQL ] SELECT COUNT(c.calltime) AS counts,c.calltime as ctime FROM `t_tree` `a` LEFT JOIN `t_tree_device` `b` ON `a`.`jdno`=`b`.`jdparent` LEFT JOIN `t_calllist_voice` `c` ON `b`.`deviceid`=`c`.`deviceid` WHERE  (   a.jdno = 88 and c.status = '挂断' and  c.calltime >= '2023/5/5' and  c.calltime <= '2023-05-09' ) LIMIT 1 [ RunTime:0.000000s ]
[ sql ] [ SQL ] SELECT COUNT(c.calltime) AS counts,c.calltime as ctime FROM `t_tree` `a` LEFT JOIN `t_tree_device` `b` ON `a`.`jdno`=`b`.`jdparent` LEFT JOIN `t_calllist_voice` `c` ON `b`.`deviceid`=`c`.`deviceid` WHERE  (   a.jdno = 88 and c.status = '挂断' and  c.calltime >= '2023/5/9' and  c.calltime <= '2023-05-13' ) LIMIT 1 [ RunTime:0.000000s ]
[ sql ] [ SQL ] SELECT COUNT(c.calltime) AS counts,c.calltime as ctime FROM `t_tree` `a` LEFT JOIN `t_tree_device` `b` ON `a`.`jdno`=`b`.`jdparent` LEFT JOIN `t_calllist_voice` `c` ON `b`.`deviceid`=`c`.`deviceid` WHERE  (   a.jdno = 88 and c.status = '挂断' and  c.calltime >= '2023/5/13' and  c.calltime <= '2023-05-17' ) LIMIT 1 [ RunTime:0.007812s ]
[ sql ] [ SQL ] SELECT COUNT(c.calltime) AS counts,c.calltime as ctime FROM `t_tree` `a` LEFT JOIN `t_tree_device` `b` ON `a`.`jdno`=`b`.`jdparent` LEFT JOIN `t_calllist_voice` `c` ON `b`.`deviceid`=`c`.`deviceid` WHERE  (   a.jdno = 88 and c.status = '挂断' and  c.calltime >= '2023/5/17' and  c.calltime <= '2023-05-21' ) LIMIT 1 [ RunTime:0.000000s ]
[ sql ] [ SQL ] SELECT COUNT(c.calltime) AS counts,c.calltime as ctime FROM `t_tree` `a` LEFT JOIN `t_tree_device` `b` ON `a`.`jdno`=`b`.`jdparent` LEFT JOIN `t_calllist_voice` `c` ON `b`.`deviceid`=`c`.`deviceid` WHERE  (   a.jdno = 88 and c.status = '挂断' and  c.calltime >= '2023/5/21' and  c.calltime <= '2023-05-24' ) LIMIT 1 [ RunTime:0.000000s ]
[ sql ] [ SQL ] SELECT COUNT(c.calltime) AS counts,c.calltime as ctime FROM `t_tree` `a` LEFT JOIN `t_tree_device` `b` ON `a`.`jdno`=`b`.`jdparent` LEFT JOIN `t_calllist_voice` `c` ON `b`.`deviceid`=`c`.`deviceid` WHERE  (   a.jdno = 88 and c.status = '挂断' and  c.calltime >= '2023/4/23' and  c.calltime <= '2023-04-27' )  AND (  `c`.`taketime` IS NULL OR `c`.`taketime` = '' )  AND (  `c`.`endtime` IS NULL OR `c`.`endtime` = '' ) LIMIT 1 [ RunTime:0.015625s ]
[ sql ] [ SQL ] SELECT COUNT(c.calltime) AS counts,c.calltime as ctime FROM `t_tree` `a` LEFT JOIN `t_tree_device` `b` ON `a`.`jdno`=`b`.`jdparent` LEFT JOIN `t_calllist_voice` `c` ON `b`.`deviceid`=`c`.`deviceid` WHERE  (   a.jdno = 88 and c.status = '挂断' and  c.calltime >= '2023/4/27' and  c.calltime <= '2023-05-01' )  AND (  `c`.`taketime` IS NULL OR `c`.`taketime` = '' )  AND (  `c`.`endtime` IS NULL OR `c`.`endtime` = '' ) LIMIT 1 [ RunTime:0.015625s ]
[ sql ] [ SQL ] SELECT COUNT(c.calltime) AS counts,c.calltime as ctime FROM `t_tree` `a` LEFT JOIN `t_tree_device` `b` ON `a`.`jdno`=`b`.`jdparent` LEFT JOIN `t_calllist_voice` `c` ON `b`.`deviceid`=`c`.`deviceid` WHERE  (   a.jdno = 88 and c.status = '挂断' and  c.calltime >= '2023/5/1' and  c.calltime <= '2023-05-05' )  AND (  `c`.`taketime` IS NULL OR `c`.`taketime` = '' )  AND (  `c`.`endtime` IS NULL OR `c`.`endtime` = '' ) LIMIT 1 [ RunTime:0.015625s ]
[ sql ] [ SQL ] SELECT COUNT(c.calltime) AS counts,c.calltime as ctime FROM `t_tree` `a` LEFT JOIN `t_tree_device` `b` ON `a`.`jdno`=`b`.`jdparent` LEFT JOIN `t_calllist_voice` `c` ON `b`.`deviceid`=`c`.`deviceid` WHERE  (   a.jdno = 88 and c.status = '挂断' and  c.calltime >= '2023/5/5' and  c.calltime <= '2023-05-09' )  AND (  `c`.`taketime` IS NULL OR `c`.`taketime` = '' )  AND (  `c`.`endtime` IS NULL OR `c`.`endtime` = '' ) LIMIT 1 [ RunTime:0.007813s ]
[ sql ] [ SQL ] SELECT COUNT(c.calltime) AS counts,c.calltime as ctime FROM `t_tree` `a` LEFT JOIN `t_tree_device` `b` ON `a`.`jdno`=`b`.`jdparent` LEFT JOIN `t_calllist_voice` `c` ON `b`.`deviceid`=`c`.`deviceid` WHERE  (   a.jdno = 88 and c.status = '挂断' and  c.calltime >= '2023/5/9' and  c.calltime <= '2023-05-13' )  AND (  `c`.`taketime` IS NULL OR `c`.`taketime` = '' )  AND (  `c`.`endtime` IS NULL OR `c`.`endtime` = '' ) LIMIT 1 [ RunTime:0.015625s ]
[ sql ] [ SQL ] SELECT COUNT(c.calltime) AS counts,c.calltime as ctime FROM `t_tree` `a` LEFT JOIN `t_tree_device` `b` ON `a`.`jdno`=`b`.`jdparent` LEFT JOIN `t_calllist_voice` `c` ON `b`.`deviceid`=`c`.`deviceid` WHERE  (   a.jdno = 88 and c.status = '挂断' and  c.calltime >= '2023/5/13' and  c.calltime <= '2023-05-17' )  AND (  `c`.`taketime` IS NULL OR `c`.`taketime` = '' )  AND (  `c`.`endtime` IS NULL OR `c`.`endtime` = '' ) LIMIT 1 [ RunTime:0.007812s ]
[ sql ] [ SQL ] SELECT COUNT(c.calltime) AS counts,c.calltime as ctime FROM `t_tree` `a` LEFT JOIN `t_tree_device` `b` ON `a`.`jdno`=`b`.`jdparent` LEFT JOIN `t_calllist_voice` `c` ON `b`.`deviceid`=`c`.`deviceid` WHERE  (   a.jdno = 88 and c.status = '挂断' and  c.calltime >= '2023/5/17' and  c.calltime <= '2023-05-21' )  AND (  `c`.`taketime` IS NULL OR `c`.`taketime` = '' )  AND (  `c`.`endtime` IS NULL OR `c`.`endtime` = '' ) LIMIT 1 [ RunTime:0.015625s ]
[ sql ] [ SQL ] SELECT COUNT(c.calltime) AS counts,c.calltime as ctime FROM `t_tree` `a` LEFT JOIN `t_tree_device` `b` ON `a`.`jdno`=`b`.`jdparent` LEFT JOIN `t_calllist_voice` `c` ON `b`.`deviceid`=`c`.`deviceid` WHERE  (   a.jdno = 88 and c.status = '挂断' and  c.calltime >= '2023/5/21' and  c.calltime <= '2023-05-24' )  AND (  `c`.`taketime` IS NULL OR `c`.`taketime` = '' )  AND (  `c`.`endtime` IS NULL OR `c`.`endtime` = '' ) LIMIT 1 [ RunTime:0.007813s ]
---------------------------------------------------------------
[ 2023-05-23T08:45:31+08:00 ] 175.164.70.232 POST www.mmcall.net:7002/index.php/admin/Index/mapIntegration
[ sql ] [ DB ] CONNECT:[ UseTime:0.007812s ] mysql:host=47.104.10.49;dbname=yunmmcall_big;charset=utf8
[ sql ] [ SQL ] SHOW COLUMNS FROM `t_app` [ RunTime:0.000000s ]
[ sql ] [ SQL ] SELECT * FROM `t_app` WHERE  `appId` = '123456' LIMIT 1 [ RunTime:0.007813s ]
[ sql ] [ SQL ] SHOW COLUMNS FROM `t_admin` [ RunTime:0.000000s ]
[ sql ] [ SQL ] SELECT * FROM `t_admin` WHERE  `id` = 12 LIMIT 1 [ RunTime:0.007812s ]
[ sql ] [ SQL ] SHOW COLUMNS FROM `t_auth_rule` [ RunTime:0.007813s ]
[ sql ] [ SQL ] SELECT * FROM `t_auth_rule` WHERE  `name` = 'admin/index/mapintegration' LIMIT 1 [ RunTime:0.000000s ]
[ sql ] [ SQL ] SHOW COLUMNS FROM `t_tree` [ RunTime:0.007812s ]
[ sql ] [ SQL ] SELECT DISTINCT  `a`.`jdName`,`c`.`No`,`c`.`oldmanname`,`c`.`Contact`,`c`.`Address`,`c`.`birthday`,`c`.`sex`,`c`.`identity_card`,`c`.`deviceno`,`c`.`Residence_state`,`c`.`oldman_type`,`c`.`marital_status`,`c`.`pathography`,`c`.`Children_situation`,`c`.`anaphylactic`,`c`.`Healthy`,`c`.`remark`,`c`.`lianxiren1`,`c`.`lianxiren2`,`c`.`lianxiren3`,`c`.`lianxiren4`,`c`.`lianxiren5`,`c`.`lianxiren6`,`c`.`lianxiren7`,`c`.`lianxiren8`,`c`.`longitude1`,`c`.`latitude1`,`c`.`clientno`,`d`.`isonline` FROM `t_tree` `a` LEFT JOIN `t_tree_device` `b` ON `a`.`jdno`=`b`.`jdparent` LEFT JOIN `t_people` `c` ON `b`.`deviceid`=`c`.`deviceno` LEFT JOIN `t_callno` `d` ON `c`.`deviceno`=`d`.`callno` WHERE  (   a.jdno = 88 ) [ RunTime:0.039063s ]
---------------------------------------------------------------
[ 2023-05-23T08:48:30+08:00 ] 175.164.70.232 GET www.mmcall.net:7002/index.php/admin/Index/dataIntegration?data=%7B%22jdno%22:88,%22dateValue%22:%22%E6%9C%88%22,%22themoonarraylist%22:%22[[%5C%222023%2F4%2F23%5C%22,%5C%222023%2F4%2F26%5C%22],[%5C%222023%2F4%2F27%5C%22,%5C%222023%2F4%2F30%5C%22],[%5C%222023%2F5%2F1%5C%22,%5C%222023%2F5%2F4%5C%22],[%5C%222023%2F5%2F5%5C%22,%5C%222023%2F5%2F8%5C%22],[%5C%222023%2F5%2F9%5C%22,%5C%222023%2F5%2F12%5C%22],[%5C%222023%2F5%2F13%5C%22,%5C%222023%2F5%2F16%5C%22],[%5C%222023%2F5%2F17%5C%22,%5C%222023%2F5%2F20%5C%22],[%5C%222023%2F5%2F21%5C%22,%5C%222023%2F5%2F23%5C%22]]%22%7D&signature=9e880d95cf7e17b5efd033aa0e9e05f9
[ sql ] [ DB ] CONNECT:[ UseTime:0.015625s ] mysql:host=47.104.10.49;dbname=yunmmcall_big;charset=utf8
[ sql ] [ SQL ] SHOW COLUMNS FROM `t_app` [ RunTime:0.000000s ]
[ sql ] [ SQL ] SELECT * FROM `t_app` WHERE  `appId` = '123456' LIMIT 1 [ RunTime:0.007813s ]
[ sql ] [ SQL ] SHOW COLUMNS FROM `t_admin` [ RunTime:0.007812s ]
[ sql ] [ SQL ] SELECT * FROM `t_admin` WHERE  `id` = 12 LIMIT 1 [ RunTime:0.000000s ]
[ sql ] [ SQL ] SHOW COLUMNS FROM `t_auth_rule` [ RunTime:0.007813s ]
[ sql ] [ SQL ] SELECT * FROM `t_auth_rule` WHERE  `name` = 'admin/index/dataintegration' LIMIT 1 [ RunTime:0.000000s ]
[ sql ] [ SQL ] SHOW COLUMNS FROM `t_tree` [ RunTime:0.000000s ]
[ sql ] [ SQL ] SELECT DISTINCT  `a`.`jdName`,`c`.`No`,`c`.`oldmanname`,`c`.`Contact`,`c`.`Address`,`c`.`birthday`,`c`.`sex`,`c`.`identity_card`,`c`.`deviceno`,`c`.`Residence_state`,`c`.`oldman_type`,`c`.`marital_status`,`c`.`pathography`,`c`.`Children_situation`,`c`.`anaphylactic`,`c`.`Healthy`,`c`.`remark`,`c`.`lianxiren1`,`c`.`lianxiren2`,`c`.`lianxiren3`,`c`.`lianxiren4`,`c`.`lianxiren5`,`c`.`lianxiren6`,`c`.`lianxiren7`,`c`.`lianxiren8`,`c`.`longitude1`,`c`.`latitude1`,`c`.`clientno` FROM `t_tree` `a` LEFT JOIN `t_tree_device` `b` ON `a`.`jdno`=`b`.`jdparent` LEFT JOIN `t_people` `c` ON `b`.`deviceid`=`c`.`deviceno` WHERE  (   a.jdno = 88 ) [ RunTime:0.007813s ]
[ sql ] [ SQL ] SELECT DISTINCT  `c`.*,`d`.`No`,`d`.`oldmanname`,`d`.`Address` FROM `t_tree` `a` LEFT JOIN `t_tree_device` `b` ON `a`.`jdno`=`b`.`jdparent` LEFT JOIN `t_calllist_voice` `c` ON `b`.`deviceid`=`c`.`deviceid` LEFT JOIN `t_people` `d` ON `c`.`deviceid`=`d`.`deviceno` WHERE  (   a.jdno = 88 and c.status <> '挂断'  )  AND (  `c`.`status` = '<>' OR `c`.`status` <> '' ) ORDER BY `c`.`id` DESC LIMIT 0,10 [ RunTime:0.000000s ]
[ sql ] [ SQL ] SELECT DISTINCT  COUNT(*) AS tp_count FROM `t_tree` `a` LEFT JOIN `t_tree_device` `b` ON `a`.`jdno`=`b`.`jdparent` LEFT JOIN `t_calllist_voice` `c` ON `b`.`deviceid`=`c`.`deviceid` LEFT JOIN `t_people` `d` ON `c`.`deviceid`=`d`.`deviceno` WHERE  (   a.jdno = 88 and c.status <> '挂断'  )  AND (  `c`.`status` = '<>' OR `c`.`status` <> '' ) LIMIT 1 [ RunTime:0.000000s ]
[ sql ] [ SQL ] SELECT COUNT(c.calltime) AS counts,c.calltime as ctime FROM `t_tree` `a` LEFT JOIN `t_tree_device` `b` ON `a`.`jdno`=`b`.`jdparent` LEFT JOIN `t_calllist_voice` `c` ON `b`.`deviceid`=`c`.`deviceid` WHERE  (   a.jdno = 88 and c.status = '挂断' and  c.calltime >= '2023/4/23' and  c.calltime <= '2023-04-27' ) LIMIT 1 [ RunTime:0.007812s ]
[ sql ] [ SQL ] SELECT COUNT(c.calltime) AS counts,c.calltime as ctime FROM `t_tree` `a` LEFT JOIN `t_tree_device` `b` ON `a`.`jdno`=`b`.`jdparent` LEFT JOIN `t_calllist_voice` `c` ON `b`.`deviceid`=`c`.`deviceid` WHERE  (   a.jdno = 88 and c.status = '挂断' and  c.calltime >= '2023/4/27' and  c.calltime <= '2023-05-01' ) LIMIT 1 [ RunTime:0.000000s ]
[ sql ] [ SQL ] SELECT COUNT(c.calltime) AS counts,c.calltime as ctime FROM `t_tree` `a` LEFT JOIN `t_tree_device` `b` ON `a`.`jdno`=`b`.`jdparent` LEFT JOIN `t_calllist_voice` `c` ON `b`.`deviceid`=`c`.`deviceid` WHERE  (   a.jdno = 88 and c.status = '挂断' and  c.calltime >= '2023/5/1' and  c.calltime <= '2023-05-05' ) LIMIT 1 [ RunTime:0.000000s ]
[ sql ] [ SQL ] SELECT COUNT(c.calltime) AS counts,c.calltime as ctime FROM `t_tree` `a` LEFT JOIN `t_tree_device` `b` ON `a`.`jdno`=`b`.`jdparent` LEFT JOIN `t_calllist_voice` `c` ON `b`.`deviceid`=`c`.`deviceid` WHERE  (   a.jdno = 88 and c.status = '挂断' and  c.calltime >= '2023/5/5' and  c.calltime <= '2023-05-09' ) LIMIT 1 [ RunTime:0.007813s ]
[ sql ] [ SQL ] SELECT COUNT(c.calltime) AS counts,c.calltime as ctime FROM `t_tree` `a` LEFT JOIN `t_tree_device` `b` ON `a`.`jdno`=`b`.`jdparent` LEFT JOIN `t_calllist_voice` `c` ON `b`.`deviceid`=`c`.`deviceid` WHERE  (   a.jdno = 88 and c.status = '挂断' and  c.calltime >= '2023/5/9' and  c.calltime <= '2023-05-13' ) LIMIT 1 [ RunTime:0.000000s ]
[ sql ] [ SQL ] SELECT COUNT(c.calltime) AS counts,c.calltime as ctime FROM `t_tree` `a` LEFT JOIN `t_tree_device` `b` ON `a`.`jdno`=`b`.`jdparent` LEFT JOIN `t_calllist_voice` `c` ON `b`.`deviceid`=`c`.`deviceid` WHERE  (   a.jdno = 88 and c.status = '挂断' and  c.calltime >= '2023/5/13' and  c.calltime <= '2023-05-17' ) LIMIT 1 [ RunTime:0.000000s ]
[ sql ] [ SQL ] SELECT COUNT(c.calltime) AS counts,c.calltime as ctime FROM `t_tree` `a` LEFT JOIN `t_tree_device` `b` ON `a`.`jdno`=`b`.`jdparent` LEFT JOIN `t_calllist_voice` `c` ON `b`.`deviceid`=`c`.`deviceid` WHERE  (   a.jdno = 88 and c.status = '挂断' and  c.calltime >= '2023/5/17' and  c.calltime <= '2023-05-21' ) LIMIT 1 [ RunTime:0.007812s ]
[ sql ] [ SQL ] SELECT COUNT(c.calltime) AS counts,c.calltime as ctime FROM `t_tree` `a` LEFT JOIN `t_tree_device` `b` ON `a`.`jdno`=`b`.`jdparent` LEFT JOIN `t_calllist_voice` `c` ON `b`.`deviceid`=`c`.`deviceid` WHERE  (   a.jdno = 88 and c.status = '挂断' and  c.calltime >= '2023/5/21' and  c.calltime <= '2023-05-24' ) LIMIT 1 [ RunTime:0.000000s ]
[ sql ] [ SQL ] SELECT COUNT(c.calltime) AS counts,c.calltime as ctime FROM `t_tree` `a` LEFT JOIN `t_tree_device` `b` ON `a`.`jdno`=`b`.`jdparent` LEFT JOIN `t_calllist_voice` `c` ON `b`.`deviceid`=`c`.`deviceid` WHERE  (   a.jdno = 88 and c.status = '挂断' and  c.calltime >= '2023/4/23' and  c.calltime <= '2023-04-27' )  AND (  `c`.`taketime` IS NULL OR `c`.`taketime` = '' )  AND (  `c`.`endtime` IS NULL OR `c`.`endtime` = '' ) LIMIT 1 [ RunTime:0.015625s ]
[ sql ] [ SQL ] SELECT COUNT(c.calltime) AS counts,c.calltime as ctime FROM `t_tree` `a` LEFT JOIN `t_tree_device` `b` ON `a`.`jdno`=`b`.`jdparent` LEFT JOIN `t_calllist_voice` `c` ON `b`.`deviceid`=`c`.`deviceid` WHERE  (   a.jdno = 88 and c.status = '挂断' and  c.calltime >= '2023/4/27' and  c.calltime <= '2023-05-01' )  AND (  `c`.`taketime` IS NULL OR `c`.`taketime` = '' )  AND (  `c`.`endtime` IS NULL OR `c`.`endtime` = '' ) LIMIT 1 [ RunTime:0.007813s ]
[ sql ] [ SQL ] SELECT COUNT(c.calltime) AS counts,c.calltime as ctime FROM `t_tree` `a` LEFT JOIN `t_tree_device` `b` ON `a`.`jdno`=`b`.`jdparent` LEFT JOIN `t_calllist_voice` `c` ON `b`.`deviceid`=`c`.`deviceid` WHERE  (   a.jdno = 88 and c.status = '挂断' and  c.calltime >= '2023/5/1' and  c.calltime <= '2023-05-05' )  AND (  `c`.`taketime` IS NULL OR `c`.`taketime` = '' )  AND (  `c`.`endtime` IS NULL OR `c`.`endtime` = '' ) LIMIT 1 [ RunTime:0.015625s ]
[ sql ] [ SQL ] SELECT COUNT(c.calltime) AS counts,c.calltime as ctime FROM `t_tree` `a` LEFT JOIN `t_tree_device` `b` ON `a`.`jdno`=`b`.`jdparent` LEFT JOIN `t_calllist_voice` `c` ON `b`.`deviceid`=`c`.`deviceid` WHERE  (   a.jdno = 88 and c.status = '挂断' and  c.calltime >= '2023/5/5' and  c.calltime <= '2023-05-09' )  AND (  `c`.`taketime` IS NULL OR `c`.`taketime` = '' )  AND (  `c`.`endtime` IS NULL OR `c`.`endtime` = '' ) LIMIT 1 [ RunTime:0.007812s ]
[ sql ] [ SQL ] SELECT COUNT(c.calltime) AS counts,c.calltime as ctime FROM `t_tree` `a` LEFT JOIN `t_tree_device` `b` ON `a`.`jdno`=`b`.`jdparent` LEFT JOIN `t_calllist_voice` `c` ON `b`.`deviceid`=`c`.`deviceid` WHERE  (   a.jdno = 88 and c.status = '挂断' and  c.calltime >= '2023/5/9' and  c.calltime <= '2023-05-13' )  AND (  `c`.`taketime` IS NULL OR `c`.`taketime` = '' )  AND (  `c`.`endtime` IS NULL OR `c`.`endtime` = '' ) LIMIT 1 [ RunTime:0.015625s ]
[ sql ] [ SQL ] SELECT COUNT(c.calltime) AS counts,c.calltime as ctime FROM `t_tree` `a` LEFT JOIN `t_tree_device` `b` ON `a`.`jdno`=`b`.`jdparent` LEFT JOIN `t_calllist_voice` `c` ON `b`.`deviceid`=`c`.`deviceid` WHERE  (   a.jdno = 88 and c.status = '挂断' and  c.calltime >= '2023/5/13' and  c.calltime <= '2023-05-17' )  AND (  `c`.`taketime` IS NULL OR `c`.`taketime` = '' )  AND (  `c`.`endtime` IS NULL OR `c`.`endtime` = '' ) LIMIT 1 [ RunTime:0.015625s ]
[ sql ] [ SQL ] SELECT COUNT(c.calltime) AS counts,c.calltime as ctime FROM `t_tree` `a` LEFT JOIN `t_tree_device` `b` ON `a`.`jdno`=`b`.`jdparent` LEFT JOIN `t_calllist_voice` `c` ON `b`.`deviceid`=`c`.`deviceid` WHERE  (   a.jdno = 88 and c.status = '挂断' and  c.calltime >= '2023/5/17' and  c.calltime <= '2023-05-21' )  AND (  `c`.`taketime` IS NULL OR `c`.`taketime` = '' )  AND (  `c`.`endtime` IS NULL OR `c`.`endtime` = '' ) LIMIT 1 [ RunTime:0.007813s ]
[ sql ] [ SQL ] SELECT COUNT(c.calltime) AS counts,c.calltime as ctime FROM `t_tree` `a` LEFT JOIN `t_tree_device` `b` ON `a`.`jdno`=`b`.`jdparent` LEFT JOIN `t_calllist_voice` `c` ON `b`.`deviceid`=`c`.`deviceid` WHERE  (   a.jdno = 88 and c.status = '挂断' and  c.calltime >= '2023/5/21' and  c.calltime <= '2023-05-24' )  AND (  `c`.`taketime` IS NULL OR `c`.`taketime` = '' )  AND (  `c`.`endtime` IS NULL OR `c`.`endtime` = '' ) LIMIT 1 [ RunTime:0.015625s ]
---------------------------------------------------------------
[ 2023-05-23T08:50:31+08:00 ] 175.164.70.232 POST www.mmcall.net:7002/index.php/admin/Index/mapIntegration
[ sql ] [ DB ] CONNECT:[ UseTime:0.015625s ] mysql:host=47.104.10.49;dbname=yunmmcall_big;charset=utf8
[ sql ] [ SQL ] SHOW COLUMNS FROM `t_app` [ RunTime:0.007812s ]
[ sql ] [ SQL ] SELECT * FROM `t_app` WHERE  `appId` = '123456' LIMIT 1 [ RunTime:0.000000s ]
[ sql ] [ SQL ] SHOW COLUMNS FROM `t_admin` [ RunTime:0.007813s ]
[ sql ] [ SQL ] SELECT * FROM `t_admin` WHERE  `id` = 12 LIMIT 1 [ RunTime:0.000000s ]
[ sql ] [ SQL ] SHOW COLUMNS FROM `t_auth_rule` [ RunTime:0.000000s ]
[ sql ] [ SQL ] SELECT * FROM `t_auth_rule` WHERE  `name` = 'admin/index/mapintegration' LIMIT 1 [ RunTime:0.007813s ]
[ sql ] [ SQL ] SHOW COLUMNS FROM `t_tree` [ RunTime:0.007812s ]
[ sql ] [ SQL ] SELECT DISTINCT  `a`.`jdName`,`c`.`No`,`c`.`oldmanname`,`c`.`Contact`,`c`.`Address`,`c`.`birthday`,`c`.`sex`,`c`.`identity_card`,`c`.`deviceno`,`c`.`Residence_state`,`c`.`oldman_type`,`c`.`marital_status`,`c`.`pathography`,`c`.`Children_situation`,`c`.`anaphylactic`,`c`.`Healthy`,`c`.`remark`,`c`.`lianxiren1`,`c`.`lianxiren2`,`c`.`lianxiren3`,`c`.`lianxiren4`,`c`.`lianxiren5`,`c`.`lianxiren6`,`c`.`lianxiren7`,`c`.`lianxiren8`,`c`.`longitude1`,`c`.`latitude1`,`c`.`clientno`,`d`.`isonline` FROM `t_tree` `a` LEFT JOIN `t_tree_device` `b` ON `a`.`jdno`=`b`.`jdparent` LEFT JOIN `t_people` `c` ON `b`.`deviceid`=`c`.`deviceno` LEFT JOIN `t_callno` `d` ON `c`.`deviceno`=`d`.`callno` WHERE  (   a.jdno = 88 ) [ RunTime:0.039063s ]
---------------------------------------------------------------
[ 2023-05-23T08:52:30+08:00 ] 175.164.70.232 GET www.mmcall.net:7002/index.php/admin/Index/dataIntegration?data=%7B%22jdno%22:88,%22dateValue%22:%22%E6%9C%88%22,%22themoonarraylist%22:%22[[%5C%222023%2F4%2F23%5C%22,%5C%222023%2F4%2F26%5C%22],[%5C%222023%2F4%2F27%5C%22,%5C%222023%2F4%2F30%5C%22],[%5C%222023%2F5%2F1%5C%22,%5C%222023%2F5%2F4%5C%22],[%5C%222023%2F5%2F5%5C%22,%5C%222023%2F5%2F8%5C%22],[%5C%222023%2F5%2F9%5C%22,%5C%222023%2F5%2F12%5C%22],[%5C%222023%2F5%2F13%5C%22,%5C%222023%2F5%2F16%5C%22],[%5C%222023%2F5%2F17%5C%22,%5C%222023%2F5%2F20%5C%22],[%5C%222023%2F5%2F21%5C%22,%5C%222023%2F5%2F23%5C%22]]%22%7D&signature=9e880d95cf7e17b5efd033aa0e9e05f9
[ sql ] [ DB ] CONNECT:[ UseTime:0.015625s ] mysql:host=47.104.10.49;dbname=yunmmcall_big;charset=utf8
[ sql ] [ SQL ] SHOW COLUMNS FROM `t_app` [ RunTime:0.000000s ]
[ sql ] [ SQL ] SELECT * FROM `t_app` WHERE  `appId` = '123456' LIMIT 1 [ RunTime:0.007813s ]
[ sql ] [ SQL ] SHOW COLUMNS FROM `t_admin` [ RunTime:0.007812s ]
[ sql ] [ SQL ] SELECT * FROM `t_admin` WHERE  `id` = 12 LIMIT 1 [ RunTime:0.000000s ]
[ sql ] [ SQL ] SHOW COLUMNS FROM `t_auth_rule` [ RunTime:0.007813s ]
[ sql ] [ SQL ] SELECT * FROM `t_auth_rule` WHERE  `name` = 'admin/index/dataintegration' LIMIT 1 [ RunTime:0.007812s ]
[ sql ] [ SQL ] SHOW COLUMNS FROM `t_tree` [ RunTime:0.000000s ]
[ sql ] [ SQL ] SELECT DISTINCT  `a`.`jdName`,`c`.`No`,`c`.`oldmanname`,`c`.`Contact`,`c`.`Address`,`c`.`birthday`,`c`.`sex`,`c`.`identity_card`,`c`.`deviceno`,`c`.`Residence_state`,`c`.`oldman_type`,`c`.`marital_status`,`c`.`pathography`,`c`.`Children_situation`,`c`.`anaphylactic`,`c`.`Healthy`,`c`.`remark`,`c`.`lianxiren1`,`c`.`lianxiren2`,`c`.`lianxiren3`,`c`.`lianxiren4`,`c`.`lianxiren5`,`c`.`lianxiren6`,`c`.`lianxiren7`,`c`.`lianxiren8`,`c`.`longitude1`,`c`.`latitude1`,`c`.`clientno` FROM `t_tree` `a` LEFT JOIN `t_tree_device` `b` ON `a`.`jdno`=`b`.`jdparent` LEFT JOIN `t_people` `c` ON `b`.`deviceid`=`c`.`deviceno` WHERE  (   a.jdno = 88 ) [ RunTime:0.007813s ]
[ sql ] [ SQL ] SELECT DISTINCT  `c`.*,`d`.`No`,`d`.`oldmanname`,`d`.`Address` FROM `t_tree` `a` LEFT JOIN `t_tree_device` `b` ON `a`.`jdno`=`b`.`jdparent` LEFT JOIN `t_calllist_voice` `c` ON `b`.`deviceid`=`c`.`deviceid` LEFT JOIN `t_people` `d` ON `c`.`deviceid`=`d`.`deviceno` WHERE  (   a.jdno = 88 and c.status <> '挂断'  )  AND (  `c`.`status` = '<>' OR `c`.`status` <> '' ) ORDER BY `c`.`id` DESC LIMIT 0,10 [ RunTime:0.000000s ]
[ sql ] [ SQL ] SELECT DISTINCT  COUNT(*) AS tp_count FROM `t_tree` `a` LEFT JOIN `t_tree_device` `b` ON `a`.`jdno`=`b`.`jdparent` LEFT JOIN `t_calllist_voice` `c` ON `b`.`deviceid`=`c`.`deviceid` LEFT JOIN `t_people` `d` ON `c`.`deviceid`=`d`.`deviceno` WHERE  (   a.jdno = 88 and c.status <> '挂断'  )  AND (  `c`.`status` = '<>' OR `c`.`status` <> '' ) LIMIT 1 [ RunTime:0.007812s ]
[ sql ] [ SQL ] SELECT COUNT(c.calltime) AS counts,c.calltime as ctime FROM `t_tree` `a` LEFT JOIN `t_tree_device` `b` ON `a`.`jdno`=`b`.`jdparent` LEFT JOIN `t_calllist_voice` `c` ON `b`.`deviceid`=`c`.`deviceid` WHERE  (   a.jdno = 88 and c.status = '挂断' and  c.calltime >= '2023/4/23' and  c.calltime <= '2023-04-27' ) LIMIT 1 [ RunTime:0.000000s ]
[ sql ] [ SQL ] SELECT COUNT(c.calltime) AS counts,c.calltime as ctime FROM `t_tree` `a` LEFT JOIN `t_tree_device` `b` ON `a`.`jdno`=`b`.`jdparent` LEFT JOIN `t_calllist_voice` `c` ON `b`.`deviceid`=`c`.`deviceid` WHERE  (   a.jdno = 88 and c.status = '挂断' and  c.calltime >= '2023/4/27' and  c.calltime <= '2023-05-01' ) LIMIT 1 [ RunTime:0.000000s ]
[ sql ] [ SQL ] SELECT COUNT(c.calltime) AS counts,c.calltime as ctime FROM `t_tree` `a` LEFT JOIN `t_tree_device` `b` ON `a`.`jdno`=`b`.`jdparent` LEFT JOIN `t_calllist_voice` `c` ON `b`.`deviceid`=`c`.`deviceid` WHERE  (   a.jdno = 88 and c.status = '挂断' and  c.calltime >= '2023/5/1' and  c.calltime <= '2023-05-05' ) LIMIT 1 [ RunTime:0.007813s ]
[ sql ] [ SQL ] SELECT COUNT(c.calltime) AS counts,c.calltime as ctime FROM `t_tree` `a` LEFT JOIN `t_tree_device` `b` ON `a`.`jdno`=`b`.`jdparent` LEFT JOIN `t_calllist_voice` `c` ON `b`.`deviceid`=`c`.`deviceid` WHERE  (   a.jdno = 88 and c.status = '挂断' and  c.calltime >= '2023/5/5' and  c.calltime <= '2023-05-09' ) LIMIT 1 [ RunTime:0.000000s ]
[ sql ] [ SQL ] SELECT COUNT(c.calltime) AS counts,c.calltime as ctime FROM `t_tree` `a` LEFT JOIN `t_tree_device` `b` ON `a`.`jdno`=`b`.`jdparent` LEFT JOIN `t_calllist_voice` `c` ON `b`.`deviceid`=`c`.`deviceid` WHERE  (   a.jdno = 88 and c.status = '挂断' and  c.calltime >= '2023/5/9' and  c.calltime <= '2023-05-13' ) LIMIT 1 [ RunTime:0.000000s ]
[ sql ] [ SQL ] SELECT COUNT(c.calltime) AS counts,c.calltime as ctime FROM `t_tree` `a` LEFT JOIN `t_tree_device` `b` ON `a`.`jdno`=`b`.`jdparent` LEFT JOIN `t_calllist_voice` `c` ON `b`.`deviceid`=`c`.`deviceid` WHERE  (   a.jdno = 88 and c.status = '挂断' and  c.calltime >= '2023/5/13' and  c.calltime <= '2023-05-17' ) LIMIT 1 [ RunTime:0.007812s ]
[ sql ] [ SQL ] SELECT COUNT(c.calltime) AS counts,c.calltime as ctime FROM `t_tree` `a` LEFT JOIN `t_tree_device` `b` ON `a`.`jdno`=`b`.`jdparent` LEFT JOIN `t_calllist_voice` `c` ON `b`.`deviceid`=`c`.`deviceid` WHERE  (   a.jdno = 88 and c.status = '挂断' and  c.calltime >= '2023/5/17' and  c.calltime <= '2023-05-21' ) LIMIT 1 [ RunTime:0.000000s ]
[ sql ] [ SQL ] SELECT COUNT(c.calltime) AS counts,c.calltime as ctime FROM `t_tree` `a` LEFT JOIN `t_tree_device` `b` ON `a`.`jdno`=`b`.`jdparent` LEFT JOIN `t_calllist_voice` `c` ON `b`.`deviceid`=`c`.`deviceid` WHERE  (   a.jdno = 88 and c.status = '挂断' and  c.calltime >= '2023/5/21' and  c.calltime <= '2023-05-24' ) LIMIT 1 [ RunTime:0.000000s ]
[ sql ] [ SQL ] SELECT COUNT(c.calltime) AS counts,c.calltime as ctime FROM `t_tree` `a` LEFT JOIN `t_tree_device` `b` ON `a`.`jdno`=`b`.`jdparent` LEFT JOIN `t_calllist_voice` `c` ON `b`.`deviceid`=`c`.`deviceid` WHERE  (   a.jdno = 88 and c.status = '挂断' and  c.calltime >= '2023/4/23' and  c.calltime <= '2023-04-27' )  AND (  `c`.`taketime` IS NULL OR `c`.`taketime` = '' )  AND (  `c`.`endtime` IS NULL OR `c`.`endtime` = '' ) LIMIT 1 [ RunTime:0.015625s ]
[ sql ] [ SQL ] SELECT COUNT(c.calltime) AS counts,c.calltime as ctime FROM `t_tree` `a` LEFT JOIN `t_tree_device` `b` ON `a`.`jdno`=`b`.`jdparent` LEFT JOIN `t_calllist_voice` `c` ON `b`.`deviceid`=`c`.`deviceid` WHERE  (   a.jdno = 88 and c.status = '挂断' and  c.calltime >= '2023/4/27' and  c.calltime <= '2023-05-01' )  AND (  `c`.`taketime` IS NULL OR `c`.`taketime` = '' )  AND (  `c`.`endtime` IS NULL OR `c`.`endtime` = '' ) LIMIT 1 [ RunTime:0.015625s ]
[ sql ] [ SQL ] SELECT COUNT(c.calltime) AS counts,c.calltime as ctime FROM `t_tree` `a` LEFT JOIN `t_tree_device` `b` ON `a`.`jdno`=`b`.`jdparent` LEFT JOIN `t_calllist_voice` `c` ON `b`.`deviceid`=`c`.`deviceid` WHERE  (   a.jdno = 88 and c.status = '挂断' and  c.calltime >= '2023/5/1' and  c.calltime <= '2023-05-05' )  AND (  `c`.`taketime` IS NULL OR `c`.`taketime` = '' )  AND (  `c`.`endtime` IS NULL OR `c`.`endtime` = '' ) LIMIT 1 [ RunTime:0.007813s ]
[ sql ] [ SQL ] SELECT COUNT(c.calltime) AS counts,c.calltime as ctime FROM `t_tree` `a` LEFT JOIN `t_tree_device` `b` ON `a`.`jdno`=`b`.`jdparent` LEFT JOIN `t_calllist_voice` `c` ON `b`.`deviceid`=`c`.`deviceid` WHERE  (   a.jdno = 88 and c.status = '挂断' and  c.calltime >= '2023/5/5' and  c.calltime <= '2023-05-09' )  AND (  `c`.`taketime` IS NULL OR `c`.`taketime` = '' )  AND (  `c`.`endtime` IS NULL OR `c`.`endtime` = '' ) LIMIT 1 [ RunTime:0.015625s ]
[ sql ] [ SQL ] SELECT COUNT(c.calltime) AS counts,c.calltime as ctime FROM `t_tree` `a` LEFT JOIN `t_tree_device` `b` ON `a`.`jdno`=`b`.`jdparent` LEFT JOIN `t_calllist_voice` `c` ON `b`.`deviceid`=`c`.`deviceid` WHERE  (   a.jdno = 88 and c.status = '挂断' and  c.calltime >= '2023/5/9' and  c.calltime <= '2023-05-13' )  AND (  `c`.`taketime` IS NULL OR `c`.`taketime` = '' )  AND (  `c`.`endtime` IS NULL OR `c`.`endtime` = '' ) LIMIT 1 [ RunTime:0.007812s ]
[ sql ] [ SQL ] SELECT COUNT(c.calltime) AS counts,c.calltime as ctime FROM `t_tree` `a` LEFT JOIN `t_tree_device` `b` ON `a`.`jdno`=`b`.`jdparent` LEFT JOIN `t_calllist_voice` `c` ON `b`.`deviceid`=`c`.`deviceid` WHERE  (   a.jdno = 88 and c.status = '挂断' and  c.calltime >= '2023/5/13' and  c.calltime <= '2023-05-17' )  AND (  `c`.`taketime` IS NULL OR `c`.`taketime` = '' )  AND (  `c`.`endtime` IS NULL OR `c`.`endtime` = '' ) LIMIT 1 [ RunTime:0.015625s ]
[ sql ] [ SQL ] SELECT COUNT(c.calltime) AS counts,c.calltime as ctime FROM `t_tree` `a` LEFT JOIN `t_tree_device` `b` ON `a`.`jdno`=`b`.`jdparent` LEFT JOIN `t_calllist_voice` `c` ON `b`.`deviceid`=`c`.`deviceid` WHERE  (   a.jdno = 88 and c.status = '挂断' and  c.calltime >= '2023/5/17' and  c.calltime <= '2023-05-21' )  AND (  `c`.`taketime` IS NULL OR `c`.`taketime` = '' )  AND (  `c`.`endtime` IS NULL OR `c`.`endtime` = '' ) LIMIT 1 [ RunTime:0.015625s ]
[ sql ] [ SQL ] SELECT COUNT(c.calltime) AS counts,c.calltime as ctime FROM `t_tree` `a` LEFT JOIN `t_tree_device` `b` ON `a`.`jdno`=`b`.`jdparent` LEFT JOIN `t_calllist_voice` `c` ON `b`.`deviceid`=`c`.`deviceid` WHERE  (   a.jdno = 88 and c.status = '挂断' and  c.calltime >= '2023/5/21' and  c.calltime <= '2023-05-24' )  AND (  `c`.`taketime` IS NULL OR `c`.`taketime` = '' )  AND (  `c`.`endtime` IS NULL OR `c`.`endtime` = '' ) LIMIT 1 [ RunTime:0.007813s ]
---------------------------------------------------------------
[ 2023-05-23T08:55:31+08:00 ] 175.164.70.232 POST www.mmcall.net:7002/index.php/admin/Index/mapIntegration
[ sql ] [ DB ] CONNECT:[ UseTime:0.015625s ] mysql:host=47.104.10.49;dbname=yunmmcall_big;charset=utf8
[ sql ] [ SQL ] SHOW COLUMNS FROM `t_app` [ RunTime:0.000000s ]
[ sql ] [ SQL ] SELECT * FROM `t_app` WHERE  `appId` = '123456' LIMIT 1 [ RunTime:0.007813s ]
[ sql ] [ SQL ] SHOW COLUMNS FROM `t_admin` [ RunTime:0.007812s ]
[ sql ] [ SQL ] SELECT * FROM `t_admin` WHERE  `id` = 12 LIMIT 1 [ RunTime:0.000000s ]
[ sql ] [ SQL ] SHOW COLUMNS FROM `t_auth_rule` [ RunTime:0.007813s ]
[ sql ] [ SQL ] SELECT * FROM `t_auth_rule` WHERE  `name` = 'admin/index/mapintegration' LIMIT 1 [ RunTime:0.000000s ]
[ sql ] [ SQL ] SHOW COLUMNS FROM `t_tree` [ RunTime:0.000000s ]
[ sql ] [ SQL ] SELECT DISTINCT  `a`.`jdName`,`c`.`No`,`c`.`oldmanname`,`c`.`Contact`,`c`.`Address`,`c`.`birthday`,`c`.`sex`,`c`.`identity_card`,`c`.`deviceno`,`c`.`Residence_state`,`c`.`oldman_type`,`c`.`marital_status`,`c`.`pathography`,`c`.`Children_situation`,`c`.`anaphylactic`,`c`.`Healthy`,`c`.`remark`,`c`.`lianxiren1`,`c`.`lianxiren2`,`c`.`lianxiren3`,`c`.`lianxiren4`,`c`.`lianxiren5`,`c`.`lianxiren6`,`c`.`lianxiren7`,`c`.`lianxiren8`,`c`.`longitude1`,`c`.`latitude1`,`c`.`clientno`,`d`.`isonline` FROM `t_tree` `a` LEFT JOIN `t_tree_device` `b` ON `a`.`jdno`=`b`.`jdparent` LEFT JOIN `t_people` `c` ON `b`.`deviceid`=`c`.`deviceno` LEFT JOIN `t_callno` `d` ON `c`.`deviceno`=`d`.`callno` WHERE  (   a.jdno = 88 ) [ RunTime:0.039063s ]
---------------------------------------------------------------
[ 2023-05-23T08:56:30+08:00 ] 175.164.70.232 GET www.mmcall.net:7002/index.php/admin/Index/dataIntegration?data=%7B%22jdno%22:88,%22dateValue%22:%22%E6%9C%88%22,%22themoonarraylist%22:%22[[%5C%222023%2F4%2F23%5C%22,%5C%222023%2F4%2F26%5C%22],[%5C%222023%2F4%2F27%5C%22,%5C%222023%2F4%2F30%5C%22],[%5C%222023%2F5%2F1%5C%22,%5C%222023%2F5%2F4%5C%22],[%5C%222023%2F5%2F5%5C%22,%5C%222023%2F5%2F8%5C%22],[%5C%222023%2F5%2F9%5C%22,%5C%222023%2F5%2F12%5C%22],[%5C%222023%2F5%2F13%5C%22,%5C%222023%2F5%2F16%5C%22],[%5C%222023%2F5%2F17%5C%22,%5C%222023%2F5%2F20%5C%22],[%5C%222023%2F5%2F21%5C%22,%5C%222023%2F5%2F23%5C%22]]%22%7D&signature=9e880d95cf7e17b5efd033aa0e9e05f9
[ sql ] [ DB ] CONNECT:[ UseTime:0.007812s ] mysql:host=47.104.10.49;dbname=yunmmcall_big;charset=utf8
[ sql ] [ SQL ] SHOW COLUMNS FROM `t_app` [ RunTime:0.007813s ]
[ sql ] [ SQL ] SELECT * FROM `t_app` WHERE  `appId` = '123456' LIMIT 1 [ RunTime:0.000000s ]
[ sql ] [ SQL ] SHOW COLUMNS FROM `t_admin` [ RunTime:0.007812s ]
[ sql ] [ SQL ] SELECT * FROM `t_admin` WHERE  `id` = 12 LIMIT 1 [ RunTime:0.000000s ]
[ sql ] [ SQL ] SHOW COLUMNS FROM `t_auth_rule` [ RunTime:0.000000s ]
[ sql ] [ SQL ] SELECT * FROM `t_auth_rule` WHERE  `name` = 'admin/index/dataintegration' LIMIT 1 [ RunTime:0.007812s ]
[ sql ] [ SQL ] SHOW COLUMNS FROM `t_tree` [ RunTime:0.000000s ]
[ sql ] [ SQL ] SELECT DISTINCT  `a`.`jdName`,`c`.`No`,`c`.`oldmanname`,`c`.`Contact`,`c`.`Address`,`c`.`birthday`,`c`.`sex`,`c`.`identity_card`,`c`.`deviceno`,`c`.`Residence_state`,`c`.`oldman_type`,`c`.`marital_status`,`c`.`pathography`,`c`.`Children_situation`,`c`.`anaphylactic`,`c`.`Healthy`,`c`.`remark`,`c`.`lianxiren1`,`c`.`lianxiren2`,`c`.`lianxiren3`,`c`.`lianxiren4`,`c`.`lianxiren5`,`c`.`lianxiren6`,`c`.`lianxiren7`,`c`.`lianxiren8`,`c`.`longitude1`,`c`.`latitude1`,`c`.`clientno` FROM `t_tree` `a` LEFT JOIN `t_tree_device` `b` ON `a`.`jdno`=`b`.`jdparent` LEFT JOIN `t_people` `c` ON `b`.`deviceid`=`c`.`deviceno` WHERE  (   a.jdno = 88 ) [ RunTime:0.007813s ]
[ sql ] [ SQL ] SELECT DISTINCT  `c`.*,`d`.`No`,`d`.`oldmanname`,`d`.`Address` FROM `t_tree` `a` LEFT JOIN `t_tree_device` `b` ON `a`.`jdno`=`b`.`jdparent` LEFT JOIN `t_calllist_voice` `c` ON `b`.`deviceid`=`c`.`deviceid` LEFT JOIN `t_people` `d` ON `c`.`deviceid`=`d`.`deviceno` WHERE  (   a.jdno = 88 and c.status <> '挂断'  )  AND (  `c`.`status` = '<>' OR `c`.`status` <> '' ) ORDER BY `c`.`id` DESC LIMIT 0,10 [ RunTime:0.015625s ]
[ sql ] [ SQL ] SELECT DISTINCT  COUNT(*) AS tp_count FROM `t_tree` `a` LEFT JOIN `t_tree_device` `b` ON `a`.`jdno`=`b`.`jdparent` LEFT JOIN `t_calllist_voice` `c` ON `b`.`deviceid`=`c`.`deviceid` LEFT JOIN `t_people` `d` ON `c`.`deviceid`=`d`.`deviceno` WHERE  (   a.jdno = 88 and c.status <> '挂断'  )  AND (  `c`.`status` = '<>' OR `c`.`status` <> '' ) LIMIT 1 [ RunTime:0.007812s ]
[ sql ] [ SQL ] SELECT COUNT(c.calltime) AS counts,c.calltime as ctime FROM `t_tree` `a` LEFT JOIN `t_tree_device` `b` ON `a`.`jdno`=`b`.`jdparent` LEFT JOIN `t_calllist_voice` `c` ON `b`.`deviceid`=`c`.`deviceid` WHERE  (   a.jdno = 88 and c.status = '挂断' and  c.calltime >= '2023/4/23' and  c.calltime <= '2023-04-27' ) LIMIT 1 [ RunTime:0.007813s ]
[ sql ] [ SQL ] SELECT COUNT(c.calltime) AS counts,c.calltime as ctime FROM `t_tree` `a` LEFT JOIN `t_tree_device` `b` ON `a`.`jdno`=`b`.`jdparent` LEFT JOIN `t_calllist_voice` `c` ON `b`.`deviceid`=`c`.`deviceid` WHERE  (   a.jdno = 88 and c.status = '挂断' and  c.calltime >= '2023/4/27' and  c.calltime <= '2023-05-01' ) LIMIT 1 [ RunTime:0.015625s ]
[ sql ] [ SQL ] SELECT COUNT(c.calltime) AS counts,c.calltime as ctime FROM `t_tree` `a` LEFT JOIN `t_tree_device` `b` ON `a`.`jdno`=`b`.`jdparent` LEFT JOIN `t_calllist_voice` `c` ON `b`.`deviceid`=`c`.`deviceid` WHERE  (   a.jdno = 88 and c.status = '挂断' and  c.calltime >= '2023/5/1' and  c.calltime <= '2023-05-05' ) LIMIT 1 [ RunTime:0.007812s ]
[ sql ] [ SQL ] SELECT COUNT(c.calltime) AS counts,c.calltime as ctime FROM `t_tree` `a` LEFT JOIN `t_tree_device` `b` ON `a`.`jdno`=`b`.`jdparent` LEFT JOIN `t_calllist_voice` `c` ON `b`.`deviceid`=`c`.`deviceid` WHERE  (   a.jdno = 88 and c.status = '挂断' and  c.calltime >= '2023/5/5' and  c.calltime <= '2023-05-09' ) LIMIT 1 [ RunTime:0.007812s ]
[ sql ] [ SQL ] SELECT COUNT(c.calltime) AS counts,c.calltime as ctime FROM `t_tree` `a` LEFT JOIN `t_tree_device` `b` ON `a`.`jdno`=`b`.`jdparent` LEFT JOIN `t_calllist_voice` `c` ON `b`.`deviceid`=`c`.`deviceid` WHERE  (   a.jdno = 88 and c.status = '挂断' and  c.calltime >= '2023/5/9' and  c.calltime <= '2023-05-13' ) LIMIT 1 [ RunTime:0.007813s ]
[ sql ] [ SQL ] SELECT COUNT(c.calltime) AS counts,c.calltime as ctime FROM `t_tree` `a` LEFT JOIN `t_tree_device` `b` ON `a`.`jdno`=`b`.`jdparent` LEFT JOIN `t_calllist_voice` `c` ON `b`.`deviceid`=`c`.`deviceid` WHERE  (   a.jdno = 88 and c.status = '挂断' and  c.calltime >= '2023/5/13' and  c.calltime <= '2023-05-17' ) LIMIT 1 [ RunTime:0.015625s ]
[ sql ] [ SQL ] SELECT COUNT(c.calltime) AS counts,c.calltime as ctime FROM `t_tree` `a` LEFT JOIN `t_tree_device` `b` ON `a`.`jdno`=`b`.`jdparent` LEFT JOIN `t_calllist_voice` `c` ON `b`.`deviceid`=`c`.`deviceid` WHERE  (   a.jdno = 88 and c.status = '挂断' and  c.calltime >= '2023/5/17' and  c.calltime <= '2023-05-21' ) LIMIT 1 [ RunTime:0.015625s ]
[ sql ] [ SQL ] SELECT COUNT(c.calltime) AS counts,c.calltime as ctime FROM `t_tree` `a` LEFT JOIN `t_tree_device` `b` ON `a`.`jdno`=`b`.`jdparent` LEFT JOIN `t_calllist_voice` `c` ON `b`.`deviceid`=`c`.`deviceid` WHERE  (   a.jdno = 88 and c.status = '挂断' and  c.calltime >= '2023/5/21' and  c.calltime <= '2023-05-24' ) LIMIT 1 [ RunTime:0.007812s ]
[ sql ] [ SQL ] SELECT COUNT(c.calltime) AS counts,c.calltime as ctime FROM `t_tree` `a` LEFT JOIN `t_tree_device` `b` ON `a`.`jdno`=`b`.`jdparent` LEFT JOIN `t_calllist_voice` `c` ON `b`.`deviceid`=`c`.`deviceid` WHERE  (   a.jdno = 88 and c.status = '挂断' and  c.calltime >= '2023/4/23' and  c.calltime <= '2023-04-27' )  AND (  `c`.`taketime` IS NULL OR `c`.`taketime` = '' )  AND (  `c`.`endtime` IS NULL OR `c`.`endtime` = '' ) LIMIT 1 [ RunTime:0.015625s ]
[ sql ] [ SQL ] SELECT COUNT(c.calltime) AS counts,c.calltime as ctime FROM `t_tree` `a` LEFT JOIN `t_tree_device` `b` ON `a`.`jdno`=`b`.`jdparent` LEFT JOIN `t_calllist_voice` `c` ON `b`.`deviceid`=`c`.`deviceid` WHERE  (   a.jdno = 88 and c.status = '挂断' and  c.calltime >= '2023/4/27' and  c.calltime <= '2023-05-01' )  AND (  `c`.`taketime` IS NULL OR `c`.`taketime` = '' )  AND (  `c`.`endtime` IS NULL OR `c`.`endtime` = '' ) LIMIT 1 [ RunTime:0.007813s ]
[ sql ] [ SQL ] SELECT COUNT(c.calltime) AS counts,c.calltime as ctime FROM `t_tree` `a` LEFT JOIN `t_tree_device` `b` ON `a`.`jdno`=`b`.`jdparent` LEFT JOIN `t_calllist_voice` `c` ON `b`.`deviceid`=`c`.`deviceid` WHERE  (   a.jdno = 88 and c.status = '挂断' and  c.calltime >= '2023/5/1' and  c.calltime <= '2023-05-05' )  AND (  `c`.`taketime` IS NULL OR `c`.`taketime` = '' )  AND (  `c`.`endtime` IS NULL OR `c`.`endtime` = '' ) LIMIT 1 [ RunTime:0.015625s ]
[ sql ] [ SQL ] SELECT COUNT(c.calltime) AS counts,c.calltime as ctime FROM `t_tree` `a` LEFT JOIN `t_tree_device` `b` ON `a`.`jdno`=`b`.`jdparent` LEFT JOIN `t_calllist_voice` `c` ON `b`.`deviceid`=`c`.`deviceid` WHERE  (   a.jdno = 88 and c.status = '挂断' and  c.calltime >= '2023/5/5' and  c.calltime <= '2023-05-09' )  AND (  `c`.`taketime` IS NULL OR `c`.`taketime` = '' )  AND (  `c`.`endtime` IS NULL OR `c`.`endtime` = '' ) LIMIT 1 [ RunTime:0.015625s ]
[ sql ] [ SQL ] SELECT COUNT(c.calltime) AS counts,c.calltime as ctime FROM `t_tree` `a` LEFT JOIN `t_tree_device` `b` ON `a`.`jdno`=`b`.`jdparent` LEFT JOIN `t_calllist_voice` `c` ON `b`.`deviceid`=`c`.`deviceid` WHERE  (   a.jdno = 88 and c.status = '挂断' and  c.calltime >= '2023/5/9' and  c.calltime <= '2023-05-13' )  AND (  `c`.`taketime` IS NULL OR `c`.`taketime` = '' )  AND (  `c`.`endtime` IS NULL OR `c`.`endtime` = '' ) LIMIT 1 [ RunTime:0.007812s ]
[ sql ] [ SQL ] SELECT COUNT(c.calltime) AS counts,c.calltime as ctime FROM `t_tree` `a` LEFT JOIN `t_tree_device` `b` ON `a`.`jdno`=`b`.`jdparent` LEFT JOIN `t_calllist_voice` `c` ON `b`.`deviceid`=`c`.`deviceid` WHERE  (   a.jdno = 88 and c.status = '挂断' and  c.calltime >= '2023/5/13' and  c.calltime <= '2023-05-17' )  AND (  `c`.`taketime` IS NULL OR `c`.`taketime` = '' )  AND (  `c`.`endtime` IS NULL OR `c`.`endtime` = '' ) LIMIT 1 [ RunTime:0.015625s ]
[ sql ] [ SQL ] SELECT COUNT(c.calltime) AS counts,c.calltime as ctime FROM `t_tree` `a` LEFT JOIN `t_tree_device` `b` ON `a`.`jdno`=`b`.`jdparent` LEFT JOIN `t_calllist_voice` `c` ON `b`.`deviceid`=`c`.`deviceid` WHERE  (   a.jdno = 88 and c.status = '挂断' and  c.calltime >= '2023/5/17' and  c.calltime <= '2023-05-21' )  AND (  `c`.`taketime` IS NULL OR `c`.`taketime` = '' )  AND (  `c`.`endtime` IS NULL OR `c`.`endtime` = '' ) LIMIT 1 [ RunTime:0.007813s ]
[ sql ] [ SQL ] SELECT COUNT(c.calltime) AS counts,c.calltime as ctime FROM `t_tree` `a` LEFT JOIN `t_tree_device` `b` ON `a`.`jdno`=`b`.`jdparent` LEFT JOIN `t_calllist_voice` `c` ON `b`.`deviceid`=`c`.`deviceid` WHERE  (   a.jdno = 88 and c.status = '挂断' and  c.calltime >= '2023/5/21' and  c.calltime <= '2023-05-24' )  AND (  `c`.`taketime` IS NULL OR `c`.`taketime` = '' )  AND (  `c`.`endtime` IS NULL OR `c`.`endtime` = '' ) LIMIT 1 [ RunTime:0.015625s ]
---------------------------------------------------------------
[ 2023-05-23T09:00:31+08:00 ] 175.164.70.232 GET www.mmcall.net:7002/index.php/admin/Index/dataIntegration?data=%7B%22jdno%22:88,%22dateValue%22:%22%E6%9C%88%22,%22themoonarraylist%22:%22[[%5C%222023%2F4%2F23%5C%22,%5C%222023%2F4%2F26%5C%22],[%5C%222023%2F4%2F27%5C%22,%5C%222023%2F4%2F30%5C%22],[%5C%222023%2F5%2F1%5C%22,%5C%222023%2F5%2F4%5C%22],[%5C%222023%2F5%2F5%5C%22,%5C%222023%2F5%2F8%5C%22],[%5C%222023%2F5%2F9%5C%22,%5C%222023%2F5%2F12%5C%22],[%5C%222023%2F5%2F13%5C%22,%5C%222023%2F5%2F16%5C%22],[%5C%222023%2F5%2F17%5C%22,%5C%222023%2F5%2F20%5C%22],[%5C%222023%2F5%2F21%5C%22,%5C%222023%2F5%2F23%5C%22]]%22%7D&signature=9e880d95cf7e17b5efd033aa0e9e05f9
[ sql ] [ DB ] CONNECT:[ UseTime:0.015625s ] mysql:host=47.104.10.49;dbname=yunmmcall_big;charset=utf8
[ sql ] [ SQL ] SHOW COLUMNS FROM `t_app` [ RunTime:0.007813s ]
[ sql ] [ SQL ] SELECT * FROM `t_app` WHERE  `appId` = '123456' LIMIT 1 [ RunTime:0.000000s ]
[ sql ] [ SQL ] SHOW COLUMNS FROM `t_admin` [ RunTime:0.007812s ]
[ sql ] [ SQL ] SELECT * FROM `t_admin` WHERE  `id` = 12 LIMIT 1 [ RunTime:0.000000s ]
[ sql ] [ SQL ] SHOW COLUMNS FROM `t_auth_rule` [ RunTime:0.000000s ]
[ sql ] [ SQL ] SELECT * FROM `t_auth_rule` WHERE  `name` = 'admin/index/dataintegration' LIMIT 1 [ RunTime:0.007812s ]
[ sql ] [ SQL ] SHOW COLUMNS FROM `t_tree` [ RunTime:0.007813s ]
[ sql ] [ SQL ] SELECT DISTINCT  `a`.`jdName`,`c`.`No`,`c`.`oldmanname`,`c`.`Contact`,`c`.`Address`,`c`.`birthday`,`c`.`sex`,`c`.`identity_card`,`c`.`deviceno`,`c`.`Residence_state`,`c`.`oldman_type`,`c`.`marital_status`,`c`.`pathography`,`c`.`Children_situation`,`c`.`anaphylactic`,`c`.`Healthy`,`c`.`remark`,`c`.`lianxiren1`,`c`.`lianxiren2`,`c`.`lianxiren3`,`c`.`lianxiren4`,`c`.`lianxiren5`,`c`.`lianxiren6`,`c`.`lianxiren7`,`c`.`lianxiren8`,`c`.`longitude1`,`c`.`latitude1`,`c`.`clientno` FROM `t_tree` `a` LEFT JOIN `t_tree_device` `b` ON `a`.`jdno`=`b`.`jdparent` LEFT JOIN `t_people` `c` ON `b`.`deviceid`=`c`.`deviceno` WHERE  (   a.jdno = 88 ) [ RunTime:0.000000s ]
[ sql ] [ SQL ] SELECT DISTINCT  `c`.*,`d`.`No`,`d`.`oldmanname`,`d`.`Address` FROM `t_tree` `a` LEFT JOIN `t_tree_device` `b` ON `a`.`jdno`=`b`.`jdparent` LEFT JOIN `t_calllist_voice` `c` ON `b`.`deviceid`=`c`.`deviceid` LEFT JOIN `t_people` `d` ON `c`.`deviceid`=`d`.`deviceno` WHERE  (   a.jdno = 88 and c.status <> '挂断'  )  AND (  `c`.`status` = '<>' OR `c`.`status` <> '' ) ORDER BY `c`.`id` DESC LIMIT 0,10 [ RunTime:0.007812s ]
[ sql ] [ SQL ] SELECT DISTINCT  COUNT(*) AS tp_count FROM `t_tree` `a` LEFT JOIN `t_tree_device` `b` ON `a`.`jdno`=`b`.`jdparent` LEFT JOIN `t_calllist_voice` `c` ON `b`.`deviceid`=`c`.`deviceid` LEFT JOIN `t_people` `d` ON `c`.`deviceid`=`d`.`deviceno` WHERE  (   a.jdno = 88 and c.status <> '挂断'  )  AND (  `c`.`status` = '<>' OR `c`.`status` <> '' ) LIMIT 1 [ RunTime:0.000000s ]
[ sql ] [ SQL ] SELECT COUNT(c.calltime) AS counts,c.calltime as ctime FROM `t_tree` `a` LEFT JOIN `t_tree_device` `b` ON `a`.`jdno`=`b`.`jdparent` LEFT JOIN `t_calllist_voice` `c` ON `b`.`deviceid`=`c`.`deviceid` WHERE  (   a.jdno = 88 and c.status = '挂断' and  c.calltime >= '2023/4/23' and  c.calltime <= '2023-04-27' ) LIMIT 1 [ RunTime:0.000000s ]
[ sql ] [ SQL ] SELECT COUNT(c.calltime) AS counts,c.calltime as ctime FROM `t_tree` `a` LEFT JOIN `t_tree_device` `b` ON `a`.`jdno`=`b`.`jdparent` LEFT JOIN `t_calllist_voice` `c` ON `b`.`deviceid`=`c`.`deviceid` WHERE  (   a.jdno = 88 and c.status = '挂断' and  c.calltime >= '2023/4/27' and  c.calltime <= '2023-05-01' ) LIMIT 1 [ RunTime:0.007813s ]
[ sql ] [ SQL ] SELECT COUNT(c.calltime) AS counts,c.calltime as ctime FROM `t_tree` `a` LEFT JOIN `t_tree_device` `b` ON `a`.`jdno`=`b`.`jdparent` LEFT JOIN `t_calllist_voice` `c` ON `b`.`deviceid`=`c`.`deviceid` WHERE  (   a.jdno = 88 and c.status = '挂断' and  c.calltime >= '2023/5/1' and  c.calltime <= '2023-05-05' ) LIMIT 1 [ RunTime:0.000000s ]
[ sql ] [ SQL ] SELECT COUNT(c.calltime) AS counts,c.calltime as ctime FROM `t_tree` `a` LEFT JOIN `t_tree_device` `b` ON `a`.`jdno`=`b`.`jdparent` LEFT JOIN `t_calllist_voice` `c` ON `b`.`deviceid`=`c`.`deviceid` WHERE  (   a.jdno = 88 and c.status = '挂断' and  c.calltime >= '2023/5/5' and  c.calltime <= '2023-05-09' ) LIMIT 1 [ RunTime:0.000000s ]
[ sql ] [ SQL ] SELECT COUNT(c.calltime) AS counts,c.calltime as ctime FROM `t_tree` `a` LEFT JOIN `t_tree_device` `b` ON `a`.`jdno`=`b`.`jdparent` LEFT JOIN `t_calllist_voice` `c` ON `b`.`deviceid`=`c`.`deviceid` WHERE  (   a.jdno = 88 and c.status = '挂断' and  c.calltime >= '2023/5/9' and  c.calltime <= '2023-05-13' ) LIMIT 1 [ RunTime:0.007812s ]
[ sql ] [ SQL ] SELECT COUNT(c.calltime) AS counts,c.calltime as ctime FROM `t_tree` `a` LEFT JOIN `t_tree_device` `b` ON `a`.`jdno`=`b`.`jdparent` LEFT JOIN `t_calllist_voice` `c` ON `b`.`deviceid`=`c`.`deviceid` WHERE  (   a.jdno = 88 and c.status = '挂断' and  c.calltime >= '2023/5/13' and  c.calltime <= '2023-05-17' ) LIMIT 1 [ RunTime:0.000000s ]
[ sql ] [ SQL ] SELECT COUNT(c.calltime) AS counts,c.calltime as ctime FROM `t_tree` `a` LEFT JOIN `t_tree_device` `b` ON `a`.`jdno`=`b`.`jdparent` LEFT JOIN `t_calllist_voice` `c` ON `b`.`deviceid`=`c`.`deviceid` WHERE  (   a.jdno = 88 and c.status = '挂断' and  c.calltime >= '2023/5/17' and  c.calltime <= '2023-05-21' ) LIMIT 1 [ RunTime:0.007813s ]
[ sql ] [ SQL ] SELECT COUNT(c.calltime) AS counts,c.calltime as ctime FROM `t_tree` `a` LEFT JOIN `t_tree_device` `b` ON `a`.`jdno`=`b`.`jdparent` LEFT JOIN `t_calllist_voice` `c` ON `b`.`deviceid`=`c`.`deviceid` WHERE  (   a.jdno = 88 and c.status = '挂断' and  c.calltime >= '2023/5/21' and  c.calltime <= '2023-05-24' ) LIMIT 1 [ RunTime:0.000000s ]
[ sql ] [ SQL ] SELECT COUNT(c.calltime) AS counts,c.calltime as ctime FROM `t_tree` `a` LEFT JOIN `t_tree_device` `b` ON `a`.`jdno`=`b`.`jdparent` LEFT JOIN `t_calllist_voice` `c` ON `b`.`deviceid`=`c`.`deviceid` WHERE  (   a.jdno = 88 and c.status = '挂断' and  c.calltime >= '2023/4/23' and  c.calltime <= '2023-04-27' )  AND (  `c`.`taketime` IS NULL OR `c`.`taketime` = '' )  AND (  `c`.`endtime` IS NULL OR `c`.`endtime` = '' ) LIMIT 1 [ RunTime:0.015625s ]
[ sql ] [ SQL ] SELECT COUNT(c.calltime) AS counts,c.calltime as ctime FROM `t_tree` `a` LEFT JOIN `t_tree_device` `b` ON `a`.`jdno`=`b`.`jdparent` LEFT JOIN `t_calllist_voice` `c` ON `b`.`deviceid`=`c`.`deviceid` WHERE  (   a.jdno = 88 and c.status = '挂断' and  c.calltime >= '2023/4/27' and  c.calltime <= '2023-05-01' )  AND (  `c`.`taketime` IS NULL OR `c`.`taketime` = '' )  AND (  `c`.`endtime` IS NULL OR `c`.`endtime` = '' ) LIMIT 1 [ RunTime:0.015625s ]
[ sql ] [ SQL ] SELECT COUNT(c.calltime) AS counts,c.calltime as ctime FROM `t_tree` `a` LEFT JOIN `t_tree_device` `b` ON `a`.`jdno`=`b`.`jdparent` LEFT JOIN `t_calllist_voice` `c` ON `b`.`deviceid`=`c`.`deviceid` WHERE  (   a.jdno = 88 and c.status = '挂断' and  c.calltime >= '2023/5/1' and  c.calltime <= '2023-05-05' )  AND (  `c`.`taketime` IS NULL OR `c`.`taketime` = '' )  AND (  `c`.`endtime` IS NULL OR `c`.`endtime` = '' ) LIMIT 1 [ RunTime:0.007812s ]
[ sql ] [ SQL ] SELECT COUNT(c.calltime) AS counts,c.calltime as ctime FROM `t_tree` `a` LEFT JOIN `t_tree_device` `b` ON `a`.`jdno`=`b`.`jdparent` LEFT JOIN `t_calllist_voice` `c` ON `b`.`deviceid`=`c`.`deviceid` WHERE  (   a.jdno = 88 and c.status = '挂断' and  c.calltime >= '2023/5/5' and  c.calltime <= '2023-05-09' )  AND (  `c`.`taketime` IS NULL OR `c`.`taketime` = '' )  AND (  `c`.`endtime` IS NULL OR `c`.`endtime` = '' ) LIMIT 1 [ RunTime:0.015625s ]
[ sql ] [ SQL ] SELECT COUNT(c.calltime) AS counts,c.calltime as ctime FROM `t_tree` `a` LEFT JOIN `t_tree_device` `b` ON `a`.`jdno`=`b`.`jdparent` LEFT JOIN `t_calllist_voice` `c` ON `b`.`deviceid`=`c`.`deviceid` WHERE  (   a.jdno = 88 and c.status = '挂断' and  c.calltime >= '2023/5/9' and  c.calltime <= '2023-05-13' )  AND (  `c`.`taketime` IS NULL OR `c`.`taketime` = '' )  AND (  `c`.`endtime` IS NULL OR `c`.`endtime` = '' ) LIMIT 1 [ RunTime:0.015625s ]
[ sql ] [ SQL ] SELECT COUNT(c.calltime) AS counts,c.calltime as ctime FROM `t_tree` `a` LEFT JOIN `t_tree_device` `b` ON `a`.`jdno`=`b`.`jdparent` LEFT JOIN `t_calllist_voice` `c` ON `b`.`deviceid`=`c`.`deviceid` WHERE  (   a.jdno = 88 and c.status = '挂断' and  c.calltime >= '2023/5/13' and  c.calltime <= '2023-05-17' )  AND (  `c`.`taketime` IS NULL OR `c`.`taketime` = '' )  AND (  `c`.`endtime` IS NULL OR `c`.`endtime` = '' ) LIMIT 1 [ RunTime:0.007813s ]
[ sql ] [ SQL ] SELECT COUNT(c.calltime) AS counts,c.calltime as ctime FROM `t_tree` `a` LEFT JOIN `t_tree_device` `b` ON `a`.`jdno`=`b`.`jdparent` LEFT JOIN `t_calllist_voice` `c` ON `b`.`deviceid`=`c`.`deviceid` WHERE  (   a.jdno = 88 and c.status = '挂断' and  c.calltime >= '2023/5/17' and  c.calltime <= '2023-05-21' )  AND (  `c`.`taketime` IS NULL OR `c`.`taketime` = '' )  AND (  `c`.`endtime` IS NULL OR `c`.`endtime` = '' ) LIMIT 1 [ RunTime:0.015625s ]
[ sql ] [ SQL ] SELECT COUNT(c.calltime) AS counts,c.calltime as ctime FROM `t_tree` `a` LEFT JOIN `t_tree_device` `b` ON `a`.`jdno`=`b`.`jdparent` LEFT JOIN `t_calllist_voice` `c` ON `b`.`deviceid`=`c`.`deviceid` WHERE  (   a.jdno = 88 and c.status = '挂断' and  c.calltime >= '2023/5/21' and  c.calltime <= '2023-05-24' )  AND (  `c`.`taketime` IS NULL OR `c`.`taketime` = '' )  AND (  `c`.`endtime` IS NULL OR `c`.`endtime` = '' ) LIMIT 1 [ RunTime:0.015625s ]
---------------------------------------------------------------
[ 2023-05-23T09:00:32+08:00 ] 175.164.70.232 POST www.mmcall.net:7002/index.php/admin/Index/mapIntegration
[ sql ] [ DB ] CONNECT:[ UseTime:0.015625s ] mysql:host=47.104.10.49;dbname=yunmmcall_big;charset=utf8
[ sql ] [ SQL ] SHOW COLUMNS FROM `t_app` [ RunTime:0.000000s ]
[ sql ] [ SQL ] SELECT * FROM `t_app` WHERE  `appId` = '123456' LIMIT 1 [ RunTime:0.007813s ]
[ sql ] [ SQL ] SHOW COLUMNS FROM `t_admin` [ RunTime:0.007812s ]
[ sql ] [ SQL ] SELECT * FROM `t_admin` WHERE  `id` = 12 LIMIT 1 [ RunTime:0.000000s ]
[ sql ] [ SQL ] SHOW COLUMNS FROM `t_auth_rule` [ RunTime:0.000000s ]
[ sql ] [ SQL ] SELECT * FROM `t_auth_rule` WHERE  `name` = 'admin/index/mapintegration' LIMIT 1 [ RunTime:0.007812s ]
[ sql ] [ SQL ] SHOW COLUMNS FROM `t_tree` [ RunTime:0.000000s ]
[ sql ] [ SQL ] SELECT DISTINCT  `a`.`jdName`,`c`.`No`,`c`.`oldmanname`,`c`.`Contact`,`c`.`Address`,`c`.`birthday`,`c`.`sex`,`c`.`identity_card`,`c`.`deviceno`,`c`.`Residence_state`,`c`.`oldman_type`,`c`.`marital_status`,`c`.`pathography`,`c`.`Children_situation`,`c`.`anaphylactic`,`c`.`Healthy`,`c`.`remark`,`c`.`lianxiren1`,`c`.`lianxiren2`,`c`.`lianxiren3`,`c`.`lianxiren4`,`c`.`lianxiren5`,`c`.`lianxiren6`,`c`.`lianxiren7`,`c`.`lianxiren8`,`c`.`longitude1`,`c`.`latitude1`,`c`.`clientno`,`d`.`isonline` FROM `t_tree` `a` LEFT JOIN `t_tree_device` `b` ON `a`.`jdno`=`b`.`jdparent` LEFT JOIN `t_people` `c` ON `b`.`deviceid`=`c`.`deviceno` LEFT JOIN `t_callno` `d` ON `c`.`deviceno`=`d`.`callno` WHERE  (   a.jdno = 88 ) [ RunTime:0.039063s ]
---------------------------------------------------------------
[ 2023-05-23T09:05:17+08:00 ] 175.164.70.232 POST www.mmcall.net:7002/index.php/admin/login/index
[ sql ] [ DB ] CONNECT:[ UseTime:0.015625s ] mysql:host=47.104.10.49;dbname=yunmmcall_big;charset=utf8
[ sql ] [ SQL ] SHOW COLUMNS FROM `t_app` [ RunTime:0.007812s ]
[ sql ] [ SQL ] SELECT * FROM `t_app` WHERE  `appId` = '123456' LIMIT 1 [ RunTime:0.000000s ]
[ sql ] [ SQL ] SHOW COLUMNS FROM `t_admin` [ RunTime:0.000000s ]
[ sql ] [ SQL ] SELECT * FROM `t_admin` WHERE  `userName` = 'neimeng' LIMIT 1 [ RunTime:0.007812s ]
---------------------------------------------------------------
[ 2023-05-23T09:05:17+08:00 ] 175.164.70.232 POST www.mmcall.net:7002/index.php/admin/admin/getuser
[ sql ] [ DB ] CONNECT:[ UseTime:0.015625s ] mysql:host=47.104.10.49;dbname=yunmmcall_big;charset=utf8
[ sql ] [ SQL ] SHOW COLUMNS FROM `t_app` [ RunTime:0.000000s ]
[ sql ] [ SQL ] SELECT * FROM `t_app` WHERE  `appId` = '123456' LIMIT 1 [ RunTime:0.007813s ]
[ sql ] [ SQL ] SHOW COLUMNS FROM `t_admin` [ RunTime:0.007812s ]
[ sql ] [ SQL ] SELECT * FROM `t_admin` WHERE  `id` = 12 LIMIT 1 [ RunTime:0.000000s ]
[ sql ] [ SQL ] SHOW COLUMNS FROM `t_auth_rule` [ RunTime:0.007813s ]
[ sql ] [ SQL ] SELECT * FROM `t_auth_rule` WHERE  `name` = 'admin/admin/getuser' LIMIT 1 [ RunTime:0.000000s ]
[ sql ] [ SQL ] SHOW COLUMNS FROM `t_tree` [ RunTime:0.007812s ]
[ sql ] [ SQL ] SELECT `b`.`UnitNo`,`a`.* FROM `t_tree` `a` LEFT JOIN `customer` `b` ON `a`.`jdno`=`b`.`jdParent` WHERE  `UnitNo` = '80492e8b8c104cc9a81645e9b3ffd80f' LIMIT 1 [ RunTime:0.000000s ]
[ sql ] [ SQL ] SELECT * FROM `t_auth_rule` WHERE  `id` IN (1,2,3,4,5,6,7,8,9,11)  AND `status` = 1 ORDER BY `sorts` [ RunTime:0.007813s ]
[ sql ] [ SQL ] SELECT `b`.`UnitNo`,`a`.* FROM `t_tree` `a` LEFT JOIN `customer` `b` ON `a`.`jdno`=`b`.`jdParent` WHERE  `UnitNo` = '80492e8b8c104cc9a81645e9b3ffd80f' LIMIT 1 [ RunTime:0.000000s ]
---------------------------------------------------------------
[ 2023-05-23T09:05:18+08:00 ] 175.164.70.232 GET www.mmcall.net:7002/index.php/admin/Index/dataIntegration?data=%7B%22jdno%22:88,%22dateValue%22:%22%E6%9C%88%22,%22themoonarraylist%22:%22[[%5C%222023%2F4%2F23%5C%22,%5C%222023%2F4%2F26%5C%22],[%5C%222023%2F4%2F27%5C%22,%5C%222023%2F4%2F30%5C%22],[%5C%222023%2F5%2F1%5C%22,%5C%222023%2F5%2F4%5C%22],[%5C%222023%2F5%2F5%5C%22,%5C%222023%2F5%2F8%5C%22],[%5C%222023%2F5%2F9%5C%22,%5C%222023%2F5%2F12%5C%22],[%5C%222023%2F5%2F13%5C%22,%5C%222023%2F5%2F16%5C%22],[%5C%222023%2F5%2F17%5C%22,%5C%222023%2F5%2F20%5C%22],[%5C%222023%2F5%2F21%5C%22,%5C%222023%2F5%2F23%5C%22]]%22%7D&signature=9e880d95cf7e17b5efd033aa0e9e05f9
[ sql ] [ DB ] CONNECT:[ UseTime:0.000000s ] mysql:host=47.104.10.49;dbname=yunmmcall_big;charset=utf8
[ sql ] [ SQL ] SHOW COLUMNS FROM `t_app` [ RunTime:0.007813s ]
[ sql ] [ SQL ] SELECT * FROM `t_app` WHERE  `appId` = '123456' LIMIT 1 [ RunTime:0.000000s ]
[ sql ] [ SQL ] SHOW COLUMNS FROM `t_admin` [ RunTime:0.000000s ]
[ sql ] [ SQL ] SELECT * FROM `t_admin` WHERE  `id` = 12 LIMIT 1 [ RunTime:0.007813s ]
[ sql ] [ SQL ] SHOW COLUMNS FROM `t_auth_rule` [ RunTime:0.007812s ]
[ sql ] [ SQL ] SELECT * FROM `t_auth_rule` WHERE  `name` = 'admin/index/dataintegration' LIMIT 1 [ RunTime:0.000000s ]
[ sql ] [ SQL ] SHOW COLUMNS FROM `t_tree` [ RunTime:0.007813s ]
[ sql ] [ SQL ] SELECT DISTINCT  `a`.`jdName`,`c`.`No`,`c`.`oldmanname`,`c`.`Contact`,`c`.`Address`,`c`.`birthday`,`c`.`sex`,`c`.`identity_card`,`c`.`deviceno`,`c`.`Residence_state`,`c`.`oldman_type`,`c`.`marital_status`,`c`.`pathography`,`c`.`Children_situation`,`c`.`anaphylactic`,`c`.`Healthy`,`c`.`remark`,`c`.`lianxiren1`,`c`.`lianxiren2`,`c`.`lianxiren3`,`c`.`lianxiren4`,`c`.`lianxiren5`,`c`.`lianxiren6`,`c`.`lianxiren7`,`c`.`lianxiren8`,`c`.`longitude1`,`c`.`latitude1`,`c`.`clientno` FROM `t_tree` `a` LEFT JOIN `t_tree_device` `b` ON `a`.`jdno`=`b`.`jdparent` LEFT JOIN `t_people` `c` ON `b`.`deviceid`=`c`.`deviceno` WHERE  (   a.jdno = 88 ) [ RunTime:0.000000s ]
[ sql ] [ SQL ] SELECT DISTINCT  `c`.*,`d`.`No`,`d`.`oldmanname`,`d`.`Address` FROM `t_tree` `a` LEFT JOIN `t_tree_device` `b` ON `a`.`jdno`=`b`.`jdparent` LEFT JOIN `t_calllist_voice` `c` ON `b`.`deviceid`=`c`.`deviceid` LEFT JOIN `t_people` `d` ON `c`.`deviceid`=`d`.`deviceno` WHERE  (   a.jdno = 88 and c.status <> '挂断'  )  AND (  `c`.`status` = '<>' OR `c`.`status` <> '' ) ORDER BY `c`.`id` DESC LIMIT 0,10 [ RunTime:0.007812s ]
[ sql ] [ SQL ] SELECT DISTINCT  COUNT(*) AS tp_count FROM `t_tree` `a` LEFT JOIN `t_tree_device` `b` ON `a`.`jdno`=`b`.`jdparent` LEFT JOIN `t_calllist_voice` `c` ON `b`.`deviceid`=`c`.`deviceid` LEFT JOIN `t_people` `d` ON `c`.`deviceid`=`d`.`deviceno` WHERE  (   a.jdno = 88 and c.status <> '挂断'  )  AND (  `c`.`status` = '<>' OR `c`.`status` <> '' ) LIMIT 1 [ RunTime:0.000000s ]
[ sql ] [ SQL ] SELECT COUNT(c.calltime) AS counts,c.calltime as ctime FROM `t_tree` `a` LEFT JOIN `t_tree_device` `b` ON `a`.`jdno`=`b`.`jdparent` LEFT JOIN `t_calllist_voice` `c` ON `b`.`deviceid`=`c`.`deviceid` WHERE  (   a.jdno = 88 and c.status = '挂断' and  c.calltime >= '2023/4/23' and  c.calltime <= '2023-04-27' ) LIMIT 1 [ RunTime:0.000000s ]
[ sql ] [ SQL ] SELECT COUNT(c.calltime) AS counts,c.calltime as ctime FROM `t_tree` `a` LEFT JOIN `t_tree_device` `b` ON `a`.`jdno`=`b`.`jdparent` LEFT JOIN `t_calllist_voice` `c` ON `b`.`deviceid`=`c`.`deviceid` WHERE  (   a.jdno = 88 and c.status = '挂断' and  c.calltime >= '2023/4/27' and  c.calltime <= '2023-05-01' ) LIMIT 1 [ RunTime:0.007813s ]
[ sql ] [ SQL ] SELECT COUNT(c.calltime) AS counts,c.calltime as ctime FROM `t_tree` `a` LEFT JOIN `t_tree_device` `b` ON `a`.`jdno`=`b`.`jdparent` LEFT JOIN `t_calllist_voice` `c` ON `b`.`deviceid`=`c`.`deviceid` WHERE  (   a.jdno = 88 and c.status = '挂断' and  c.calltime >= '2023/5/1' and  c.calltime <= '2023-05-05' ) LIMIT 1 [ RunTime:0.000000s ]
[ sql ] [ SQL ] SELECT COUNT(c.calltime) AS counts,c.calltime as ctime FROM `t_tree` `a` LEFT JOIN `t_tree_device` `b` ON `a`.`jdno`=`b`.`jdparent` LEFT JOIN `t_calllist_voice` `c` ON `b`.`deviceid`=`c`.`deviceid` WHERE  (   a.jdno = 88 and c.status = '挂断' and  c.calltime >= '2023/5/5' and  c.calltime <= '2023-05-09' ) LIMIT 1 [ RunTime:0.000000s ]
[ sql ] [ SQL ] SELECT COUNT(c.calltime) AS counts,c.calltime as ctime FROM `t_tree` `a` LEFT JOIN `t_tree_device` `b` ON `a`.`jdno`=`b`.`jdparent` LEFT JOIN `t_calllist_voice` `c` ON `b`.`deviceid`=`c`.`deviceid` WHERE  (   a.jdno = 88 and c.status = '挂断' and  c.calltime >= '2023/5/9' and  c.calltime <= '2023-05-13' ) LIMIT 1 [ RunTime:0.007812s ]
[ sql ] [ SQL ] SELECT COUNT(c.calltime) AS counts,c.calltime as ctime FROM `t_tree` `a` LEFT JOIN `t_tree_device` `b` ON `a`.`jdno`=`b`.`jdparent` LEFT JOIN `t_calllist_voice` `c` ON `b`.`deviceid`=`c`.`deviceid` WHERE  (   a.jdno = 88 and c.status = '挂断' and  c.calltime >= '2023/5/13' and  c.calltime <= '2023-05-17' ) LIMIT 1 [ RunTime:0.000000s ]
[ sql ] [ SQL ] SELECT COUNT(c.calltime) AS counts,c.calltime as ctime FROM `t_tree` `a` LEFT JOIN `t_tree_device` `b` ON `a`.`jdno`=`b`.`jdparent` LEFT JOIN `t_calllist_voice` `c` ON `b`.`deviceid`=`c`.`deviceid` WHERE  (   a.jdno = 88 and c.status = '挂断' and  c.calltime >= '2023/5/17' and  c.calltime <= '2023-05-21' ) LIMIT 1 [ RunTime:0.000000s ]
[ sql ] [ SQL ] SELECT COUNT(c.calltime) AS counts,c.calltime as ctime FROM `t_tree` `a` LEFT JOIN `t_tree_device` `b` ON `a`.`jdno`=`b`.`jdparent` LEFT JOIN `t_calllist_voice` `c` ON `b`.`deviceid`=`c`.`deviceid` WHERE  (   a.jdno = 88 and c.status = '挂断' and  c.calltime >= '2023/5/21' and  c.calltime <= '2023-05-24' ) LIMIT 1 [ RunTime:0.007813s ]
[ sql ] [ SQL ] SELECT COUNT(c.calltime) AS counts,c.calltime as ctime FROM `t_tree` `a` LEFT JOIN `t_tree_device` `b` ON `a`.`jdno`=`b`.`jdparent` LEFT JOIN `t_calllist_voice` `c` ON `b`.`deviceid`=`c`.`deviceid` WHERE  (   a.jdno = 88 and c.status = '挂断' and  c.calltime >= '2023/4/23' and  c.calltime <= '2023-04-27' )  AND (  `c`.`taketime` IS NULL OR `c`.`taketime` = '' )  AND (  `c`.`endtime` IS NULL OR `c`.`endtime` = '' ) LIMIT 1 [ RunTime:0.007812s ]
[ sql ] [ SQL ] SELECT COUNT(c.calltime) AS counts,c.calltime as ctime FROM `t_tree` `a` LEFT JOIN `t_tree_device` `b` ON `a`.`jdno`=`b`.`jdparent` LEFT JOIN `t_calllist_voice` `c` ON `b`.`deviceid`=`c`.`deviceid` WHERE  (   a.jdno = 88 and c.status = '挂断' and  c.calltime >= '2023/4/27' and  c.calltime <= '2023-05-01' )  AND (  `c`.`taketime` IS NULL OR `c`.`taketime` = '' )  AND (  `c`.`endtime` IS NULL OR `c`.`endtime` = '' ) LIMIT 1 [ RunTime:0.015625s ]
[ sql ] [ SQL ] SELECT COUNT(c.calltime) AS counts,c.calltime as ctime FROM `t_tree` `a` LEFT JOIN `t_tree_device` `b` ON `a`.`jdno`=`b`.`jdparent` LEFT JOIN `t_calllist_voice` `c` ON `b`.`deviceid`=`c`.`deviceid` WHERE  (   a.jdno = 88 and c.status = '挂断' and  c.calltime >= '2023/5/1' and  c.calltime <= '2023-05-05' )  AND (  `c`.`taketime` IS NULL OR `c`.`taketime` = '' )  AND (  `c`.`endtime` IS NULL OR `c`.`endtime` = '' ) LIMIT 1 [ RunTime:0.007813s ]
[ sql ] [ SQL ] SELECT COUNT(c.calltime) AS counts,c.calltime as ctime FROM `t_tree` `a` LEFT JOIN `t_tree_device` `b` ON `a`.`jdno`=`b`.`jdparent` LEFT JOIN `t_calllist_voice` `c` ON `b`.`deviceid`=`c`.`deviceid` WHERE  (   a.jdno = 88 and c.status = '挂断' and  c.calltime >= '2023/5/5' and  c.calltime <= '2023-05-09' )  AND (  `c`.`taketime` IS NULL OR `c`.`taketime` = '' )  AND (  `c`.`endtime` IS NULL OR `c`.`endtime` = '' ) LIMIT 1 [ RunTime:0.015625s ]
[ sql ] [ SQL ] SELECT COUNT(c.calltime) AS counts,c.calltime as ctime FROM `t_tree` `a` LEFT JOIN `t_tree_device` `b` ON `a`.`jdno`=`b`.`jdparent` LEFT JOIN `t_calllist_voice` `c` ON `b`.`deviceid`=`c`.`deviceid` WHERE  (   a.jdno = 88 and c.status = '挂断' and  c.calltime >= '2023/5/9' and  c.calltime <= '2023-05-13' )  AND (  `c`.`taketime` IS NULL OR `c`.`taketime` = '' )  AND (  `c`.`endtime` IS NULL OR `c`.`endtime` = '' ) LIMIT 1 [ RunTime:0.015625s ]
[ sql ] [ SQL ] SELECT COUNT(c.calltime) AS counts,c.calltime as ctime FROM `t_tree` `a` LEFT JOIN `t_tree_device` `b` ON `a`.`jdno`=`b`.`jdparent` LEFT JOIN `t_calllist_voice` `c` ON `b`.`deviceid`=`c`.`deviceid` WHERE  (   a.jdno = 88 and c.status = '挂断' and  c.calltime >= '2023/5/13' and  c.calltime <= '2023-05-17' )  AND (  `c`.`taketime` IS NULL OR `c`.`taketime` = '' )  AND (  `c`.`endtime` IS NULL OR `c`.`endtime` = '' ) LIMIT 1 [ RunTime:0.015625s ]
[ sql ] [ SQL ] SELECT COUNT(c.calltime) AS counts,c.calltime as ctime FROM `t_tree` `a` LEFT JOIN `t_tree_device` `b` ON `a`.`jdno`=`b`.`jdparent` LEFT JOIN `t_calllist_voice` `c` ON `b`.`deviceid`=`c`.`deviceid` WHERE  (   a.jdno = 88 and c.status = '挂断' and  c.calltime >= '2023/5/17' and  c.calltime <= '2023-05-21' )  AND (  `c`.`taketime` IS NULL OR `c`.`taketime` = '' )  AND (  `c`.`endtime` IS NULL OR `c`.`endtime` = '' ) LIMIT 1 [ RunTime:0.007812s ]
[ sql ] [ SQL ] SELECT COUNT(c.calltime) AS counts,c.calltime as ctime FROM `t_tree` `a` LEFT JOIN `t_tree_device` `b` ON `a`.`jdno`=`b`.`jdparent` LEFT JOIN `t_calllist_voice` `c` ON `b`.`deviceid`=`c`.`deviceid` WHERE  (   a.jdno = 88 and c.status = '挂断' and  c.calltime >= '2023/5/21' and  c.calltime <= '2023-05-24' )  AND (  `c`.`taketime` IS NULL OR `c`.`taketime` = '' )  AND (  `c`.`endtime` IS NULL OR `c`.`endtime` = '' ) LIMIT 1 [ RunTime:0.015625s ]
---------------------------------------------------------------
[ 2023-05-23T09:05:18+08:00 ] 175.164.70.232 POST www.mmcall.net:7002/index.php/admin/Index/mapIntegration
[ sql ] [ DB ] CONNECT:[ UseTime:0.007813s ] mysql:host=47.104.10.49;dbname=yunmmcall_big;charset=utf8
[ sql ] [ SQL ] SHOW COLUMNS FROM `t_app` [ RunTime:0.000000s ]
[ sql ] [ SQL ] SELECT * FROM `t_app` WHERE  `appId` = '123456' LIMIT 1 [ RunTime:0.007812s ]
[ sql ] [ SQL ] SHOW COLUMNS FROM `t_admin` [ RunTime:0.007813s ]
[ sql ] [ SQL ] SELECT * FROM `t_admin` WHERE  `id` = 12 LIMIT 1 [ RunTime:0.000000s ]
[ sql ] [ SQL ] SHOW COLUMNS FROM `t_auth_rule` [ RunTime:0.007812s ]
[ sql ] [ SQL ] SELECT * FROM `t_auth_rule` WHERE  `name` = 'admin/index/mapintegration' LIMIT 1 [ RunTime:0.007813s ]
[ sql ] [ SQL ] SHOW COLUMNS FROM `t_tree` [ RunTime:0.000000s ]
[ sql ] [ SQL ] SELECT DISTINCT  `a`.`jdName`,`c`.`No`,`c`.`oldmanname`,`c`.`Contact`,`c`.`Address`,`c`.`birthday`,`c`.`sex`,`c`.`identity_card`,`c`.`deviceno`,`c`.`Residence_state`,`c`.`oldman_type`,`c`.`marital_status`,`c`.`pathography`,`c`.`Children_situation`,`c`.`anaphylactic`,`c`.`Healthy`,`c`.`remark`,`c`.`lianxiren1`,`c`.`lianxiren2`,`c`.`lianxiren3`,`c`.`lianxiren4`,`c`.`lianxiren5`,`c`.`lianxiren6`,`c`.`lianxiren7`,`c`.`lianxiren8`,`c`.`longitude1`,`c`.`latitude1`,`c`.`clientno`,`d`.`isonline` FROM `t_tree` `a` LEFT JOIN `t_tree_device` `b` ON `a`.`jdno`=`b`.`jdparent` LEFT JOIN `t_people` `c` ON `b`.`deviceid`=`c`.`deviceno` LEFT JOIN `t_callno` `d` ON `c`.`deviceno`=`d`.`callno` WHERE  (   a.jdno = 88 ) [ RunTime:0.039062s ]
