---------------------------------------------------------------
[ 2023-05-24T08:34:11+08:00 ] 175.164.87.219 POST www.mmcall.net:7002/index.php/admin/login/index
[ sql ] [ DB ] CONNECT:[ UseTime:0.012695s ] mysql:host=47.104.10.49;dbname=yunmmcall_big;charset=utf8
[ sql ] [ SQL ] SHOW COLUMNS FROM `t_app` [ RunTime:0.005859s ]
[ sql ] [ SQL ] SELECT * FROM `t_app` WHERE  `appId` = '123456' LIMIT 1 [ RunTime:0.002930s ]
[ sql ] [ SQL ] SHOW COLUMNS FROM `t_admin` [ RunTime:0.005859s ]
[ sql ] [ SQL ] SELECT * FROM `t_admin` WHERE  `userName` = 'neimeng' LIMIT 1 [ RunTime:0.002930s ]
---------------------------------------------------------------
[ 2023-05-24T08:34:12+08:00 ] 175.164.87.219 POST www.mmcall.net:7002/index.php/admin/admin/getuser
[ sql ] [ DB ] CONNECT:[ UseTime:0.002930s ] mysql:host=47.104.10.49;dbname=yunmmcall_big;charset=utf8
[ sql ] [ SQL ] SHOW COLUMNS FROM `t_app` [ RunTime:0.004882s ]
[ sql ] [ SQL ] SELECT * FROM `t_app` WHERE  `appId` = '123456' LIMIT 1 [ RunTime:0.001954s ]
[ sql ] [ SQL ] SHOW COLUMNS FROM `t_admin` [ RunTime:0.004882s ]
[ sql ] [ SQL ] SELECT * FROM `t_admin` WHERE  `id` = 12 LIMIT 1 [ RunTime:0.001954s ]
[ sql ] [ SQL ] SHOW COLUMNS FROM `t_auth_rule` [ RunTime:0.005859s ]
[ sql ] [ SQL ] SELECT * FROM `t_auth_rule` WHERE  `name` = 'admin/admin/getuser' LIMIT 1 [ RunTime:0.001953s ]
[ sql ] [ SQL ] SHOW COLUMNS FROM `t_tree` [ RunTime:0.004882s ]
[ sql ] [ SQL ] SELECT `b`.`UnitNo`,`a`.* FROM `t_tree` `a` LEFT JOIN `customer` `b` ON `a`.`jdno`=`b`.`jdParent` WHERE  `UnitNo` = '80492e8b8c104cc9a81645e9b3ffd80f' LIMIT 1 [ RunTime:0.001954s ]
[ sql ] [ SQL ] SELECT * FROM `t_auth_rule` WHERE  `id` IN (1,2,3,4,5,6,7,8,9,11)  AND `status` = 1 ORDER BY `sorts` [ RunTime:0.001953s ]
[ sql ] [ SQL ] SELECT `b`.`UnitNo`,`a`.* FROM `t_tree` `a` LEFT JOIN `customer` `b` ON `a`.`jdno`=`b`.`jdParent` WHERE  `UnitNo` = '80492e8b8c104cc9a81645e9b3ffd80f' LIMIT 1 [ RunTime:0.002930s ]
---------------------------------------------------------------
[ 2023-05-24T08:34:12+08:00 ] 175.164.87.219 POST www.mmcall.net:7002/index.php/admin/rules/getLists
[ sql ] [ DB ] CONNECT:[ UseTime:0.018555s ] mysql:host=47.104.10.49;dbname=yunmmcall_big;charset=utf8
[ sql ] [ SQL ] SHOW COLUMNS FROM `t_app` [ RunTime:0.008790s ]
[ sql ] [ SQL ] SELECT * FROM `t_app` WHERE  `appId` = '123456' LIMIT 1 [ RunTime:0.004882s ]
[ sql ] [ SQL ] SHOW COLUMNS FROM `t_admin` [ RunTime:0.005860s ]
[ sql ] [ SQL ] SELECT * FROM `t_admin` WHERE  `id` = 12 LIMIT 1 [ RunTime:0.002930s ]
[ sql ] [ SQL ] SHOW COLUMNS FROM `t_auth_rule` [ RunTime:0.006836s ]
[ sql ] [ SQL ] SELECT * FROM `t_auth_rule` WHERE  `name` = 'admin/rules/getlists' LIMIT 1 [ RunTime:0.005860s ]
[ sql ] [ SQL ] SELECT `a`.* FROM `t_auth_rule` `a` WHERE  (  1 and a.status =  1 ) ORDER BY `a`.`id` DESC [ RunTime:0.003906s ]
---------------------------------------------------------------
[ 2023-05-24T08:34:12+08:00 ] 175.164.87.219 POST www.mmcall.net:7002/index.php/admin/rules/getLists
[ sql ] [ DB ] CONNECT:[ UseTime:0.012695s ] mysql:host=47.104.10.49;dbname=yunmmcall_big;charset=utf8
[ sql ] [ SQL ] SHOW COLUMNS FROM `t_app` [ RunTime:0.007812s ]
[ sql ] [ SQL ] SELECT * FROM `t_app` WHERE  `appId` = '123456' LIMIT 1 [ RunTime:0.006836s ]
[ sql ] [ SQL ] SHOW COLUMNS FROM `t_admin` [ RunTime:0.007812s ]
[ sql ] [ SQL ] SELECT * FROM `t_admin` WHERE  `id` = 12 LIMIT 1 [ RunTime:0.004883s ]
[ sql ] [ SQL ] SHOW COLUMNS FROM `t_auth_rule` [ RunTime:0.005859s ]
[ sql ] [ SQL ] SELECT * FROM `t_auth_rule` WHERE  `name` = 'admin/rules/getlists' LIMIT 1 [ RunTime:0.003906s ]
[ sql ] [ SQL ] SELECT `a`.* FROM `t_auth_rule` `a` WHERE  (  1 and a.status =  1 ) ORDER BY `a`.`id` DESC [ RunTime:0.003907s ]
---------------------------------------------------------------
[ 2023-05-24T08:34:12+08:00 ] 175.164.87.219 POST www.mmcall.net:7002/index.php/admin/roles/index
[ sql ] [ DB ] CONNECT:[ UseTime:0.003906s ] mysql:host=47.104.10.49;dbname=yunmmcall_big;charset=utf8
[ sql ] [ SQL ] SHOW COLUMNS FROM `t_app` [ RunTime:0.008789s ]
[ sql ] [ SQL ] SELECT * FROM `t_app` WHERE  `appId` = '123456' LIMIT 1 [ RunTime:0.003906s ]
[ sql ] [ SQL ] SHOW COLUMNS FROM `t_admin` [ RunTime:0.006836s ]
[ sql ] [ SQL ] SELECT * FROM `t_admin` WHERE  `id` = 12 LIMIT 1 [ RunTime:0.002930s ]
[ sql ] [ SQL ] SHOW COLUMNS FROM `t_auth_rule` [ RunTime:0.008789s ]
[ sql ] [ SQL ] SELECT * FROM `t_auth_rule` WHERE  `name` = 'admin/roles/index' LIMIT 1 [ RunTime:0.002930s ]
[ sql ] [ SQL ] SHOW COLUMNS FROM `t_auth_group` [ RunTime:0.005859s ]
[ sql ] [ SQL ] SELECT * FROM `t_auth_group` WHERE  `jdParent` = '内蒙古东江物业居家养老呼叫机项目' [ RunTime:0.003906s ]
---------------------------------------------------------------
[ 2023-05-24T08:34:16+08:00 ] 175.164.87.219 POST www.mmcall.net:7002/index.php/admin/Index/getMapPositioning
[ sql ] [ DB ] CONNECT:[ UseTime:0.003907s ] mysql:host=47.104.10.49;dbname=yunmmcall_big;charset=utf8
[ sql ] [ SQL ] SHOW COLUMNS FROM `t_app` [ RunTime:0.005860s ]
[ sql ] [ SQL ] SELECT * FROM `t_app` WHERE  `appId` = '123456' LIMIT 1 [ RunTime:0.002929s ]
[ sql ] [ SQL ] SHOW COLUMNS FROM `t_admin` [ RunTime:0.006836s ]
[ sql ] [ SQL ] SELECT * FROM `t_admin` WHERE  `id` = 12 LIMIT 1 [ RunTime:0.001953s ]
[ sql ] [ SQL ] SHOW COLUMNS FROM `t_auth_rule` [ RunTime:0.006836s ]
[ sql ] [ SQL ] SELECT * FROM `t_auth_rule` WHERE  `name` = 'admin/index/getmappositioning' LIMIT 1 [ RunTime:0.003906s ]
---------------------------------------------------------------
[ 2023-05-24T08:34:16+08:00 ] 175.164.87.219 GET www.mmcall.net:7002/index.php/admin/Index/dataIntegration?data=%7B%22jdno%22:88,%22dateValue%22:%22%E6%9C%88%22,%22themoonarraylist%22:%22[[%5C%222023%2F4%2F24%5C%22,%5C%222023%2F4%2F27%5C%22],[%5C%222023%2F4%2F28%5C%22,%5C%222023%2F5%2F1%5C%22],[%5C%222023%2F5%2F2%5C%22,%5C%222023%2F5%2F5%5C%22],[%5C%222023%2F5%2F6%5C%22,%5C%222023%2F5%2F9%5C%22],[%5C%222023%2F5%2F10%5C%22,%5C%222023%2F5%2F13%5C%22],[%5C%222023%2F5%2F14%5C%22,%5C%222023%2F5%2F17%5C%22],[%5C%222023%2F5%2F18%5C%22,%5C%222023%2F5%2F21%5C%22],[%5C%222023%2F5%2F22%5C%22,%5C%222023%2F5%2F24%5C%22]]%22%7D&signature=2bea6aa385ae24c121d9502feb26ffc1
[ sql ] [ DB ] CONNECT:[ UseTime:0.005860s ] mysql:host=47.104.10.49;dbname=yunmmcall_big;charset=utf8
[ sql ] [ SQL ] SHOW COLUMNS FROM `t_app` [ RunTime:0.006836s ]
[ sql ] [ SQL ] SELECT * FROM `t_app` WHERE  `appId` = '123456' LIMIT 1 [ RunTime:0.002930s ]
[ sql ] [ SQL ] SHOW COLUMNS FROM `t_admin` [ RunTime:0.006836s ]
[ sql ] [ SQL ] SELECT * FROM `t_admin` WHERE  `id` = 12 LIMIT 1 [ RunTime:0.002930s ]
[ sql ] [ SQL ] SHOW COLUMNS FROM `t_auth_rule` [ RunTime:0.009765s ]
[ sql ] [ SQL ] SELECT * FROM `t_auth_rule` WHERE  `name` = 'admin/index/dataintegration' LIMIT 1 [ RunTime:0.002930s ]
[ sql ] [ SQL ] SHOW COLUMNS FROM `t_tree` [ RunTime:0.005860s ]
[ sql ] [ SQL ] SELECT DISTINCT  `a`.`jdName`,`c`.`No`,`c`.`oldmanname`,`c`.`Contact`,`c`.`Address`,`c`.`birthday`,`c`.`sex`,`c`.`identity_card`,`c`.`deviceno`,`c`.`Residence_state`,`c`.`oldman_type`,`c`.`marital_status`,`c`.`pathography`,`c`.`Children_situation`,`c`.`anaphylactic`,`c`.`Healthy`,`c`.`remark`,`c`.`lianxiren1`,`c`.`lianxiren2`,`c`.`lianxiren3`,`c`.`lianxiren4`,`c`.`lianxiren5`,`c`.`lianxiren6`,`c`.`lianxiren7`,`c`.`lianxiren8`,`c`.`longitude1`,`c`.`latitude1`,`c`.`clientno` FROM `t_tree` `a` LEFT JOIN `t_tree_device` `b` ON `a`.`jdno`=`b`.`jdparent` LEFT JOIN `t_people` `c` ON `b`.`deviceid`=`c`.`deviceno` WHERE  (   a.jdno = 88 ) [ RunTime:0.078125s ]
[ sql ] [ SQL ] SELECT DISTINCT  `c`.*,`d`.`No`,`d`.`oldmanname`,`d`.`Address` FROM `t_tree` `a` LEFT JOIN `t_tree_device` `b` ON `a`.`jdno`=`b`.`jdparent` LEFT JOIN `t_calllist_voice` `c` ON `b`.`deviceid`=`c`.`deviceid` LEFT JOIN `t_people` `d` ON `c`.`deviceid`=`d`.`deviceno` WHERE  (   a.jdno = 88 and c.status <> '挂断'  )  AND (  `c`.`status` = '<>' OR `c`.`status` <> '' ) ORDER BY `c`.`id` DESC LIMIT 0,10 [ RunTime:0.063476s ]
[ sql ] [ SQL ] SELECT DISTINCT  COUNT(*) AS tp_count FROM `t_tree` `a` LEFT JOIN `t_tree_device` `b` ON `a`.`jdno`=`b`.`jdparent` LEFT JOIN `t_calllist_voice` `c` ON `b`.`deviceid`=`c`.`deviceid` LEFT JOIN `t_people` `d` ON `c`.`deviceid`=`d`.`deviceno` WHERE  (   a.jdno = 88 and c.status <> '挂断'  )  AND (  `c`.`status` = '<>' OR `c`.`status` <> '' ) LIMIT 1 [ RunTime:0.012696s ]
[ sql ] [ SQL ] SELECT COUNT(c.calltime) AS counts,c.calltime as ctime FROM `t_tree` `a` LEFT JOIN `t_tree_device` `b` ON `a`.`jdno`=`b`.`jdparent` LEFT JOIN `t_calllist_voice` `c` ON `b`.`deviceid`=`c`.`deviceid` WHERE  (   a.jdno = 88 and c.status = '挂断' and  c.calltime >= '2023/4/24' and  c.calltime <= '2023-04-28' ) LIMIT 1 [ RunTime:0.012695s ]
[ sql ] [ SQL ] SELECT COUNT(c.calltime) AS counts,c.calltime as ctime FROM `t_tree` `a` LEFT JOIN `t_tree_device` `b` ON `a`.`jdno`=`b`.`jdparent` LEFT JOIN `t_calllist_voice` `c` ON `b`.`deviceid`=`c`.`deviceid` WHERE  (   a.jdno = 88 and c.status = '挂断' and  c.calltime >= '2023/4/28' and  c.calltime <= '2023-05-02' ) LIMIT 1 [ RunTime:0.012695s ]
[ sql ] [ SQL ] SELECT COUNT(c.calltime) AS counts,c.calltime as ctime FROM `t_tree` `a` LEFT JOIN `t_tree_device` `b` ON `a`.`jdno`=`b`.`jdparent` LEFT JOIN `t_calllist_voice` `c` ON `b`.`deviceid`=`c`.`deviceid` WHERE  (   a.jdno = 88 and c.status = '挂断' and  c.calltime >= '2023/5/2' and  c.calltime <= '2023-05-06' ) LIMIT 1 [ RunTime:0.012696s ]
[ sql ] [ SQL ] SELECT COUNT(c.calltime) AS counts,c.calltime as ctime FROM `t_tree` `a` LEFT JOIN `t_tree_device` `b` ON `a`.`jdno`=`b`.`jdparent` LEFT JOIN `t_calllist_voice` `c` ON `b`.`deviceid`=`c`.`deviceid` WHERE  (   a.jdno = 88 and c.status = '挂断' and  c.calltime >= '2023/5/6' and  c.calltime <= '2023-05-10' ) LIMIT 1 [ RunTime:0.015625s ]
[ sql ] [ SQL ] SELECT COUNT(c.calltime) AS counts,c.calltime as ctime FROM `t_tree` `a` LEFT JOIN `t_tree_device` `b` ON `a`.`jdno`=`b`.`jdparent` LEFT JOIN `t_calllist_voice` `c` ON `b`.`deviceid`=`c`.`deviceid` WHERE  (   a.jdno = 88 and c.status = '挂断' and  c.calltime >= '2023/5/10' and  c.calltime <= '2023-05-14' ) LIMIT 1 [ RunTime:0.013672s ]
[ sql ] [ SQL ] SELECT COUNT(c.calltime) AS counts,c.calltime as ctime FROM `t_tree` `a` LEFT JOIN `t_tree_device` `b` ON `a`.`jdno`=`b`.`jdparent` LEFT JOIN `t_calllist_voice` `c` ON `b`.`deviceid`=`c`.`deviceid` WHERE  (   a.jdno = 88 and c.status = '挂断' and  c.calltime >= '2023/5/14' and  c.calltime <= '2023-05-18' ) LIMIT 1 [ RunTime:0.012696s ]
[ sql ] [ SQL ] SELECT COUNT(c.calltime) AS counts,c.calltime as ctime FROM `t_tree` `a` LEFT JOIN `t_tree_device` `b` ON `a`.`jdno`=`b`.`jdparent` LEFT JOIN `t_calllist_voice` `c` ON `b`.`deviceid`=`c`.`deviceid` WHERE  (   a.jdno = 88 and c.status = '挂断' and  c.calltime >= '2023/5/18' and  c.calltime <= '2023-05-22' ) LIMIT 1 [ RunTime:0.013672s ]
[ sql ] [ SQL ] SELECT COUNT(c.calltime) AS counts,c.calltime as ctime FROM `t_tree` `a` LEFT JOIN `t_tree_device` `b` ON `a`.`jdno`=`b`.`jdparent` LEFT JOIN `t_calllist_voice` `c` ON `b`.`deviceid`=`c`.`deviceid` WHERE  (   a.jdno = 88 and c.status = '挂断' and  c.calltime >= '2023/5/22' and  c.calltime <= '2023-05-25' ) LIMIT 1 [ RunTime:0.015625s ]
[ sql ] [ SQL ] SELECT COUNT(c.calltime) AS counts,c.calltime as ctime FROM `t_tree` `a` LEFT JOIN `t_tree_device` `b` ON `a`.`jdno`=`b`.`jdparent` LEFT JOIN `t_calllist_voice` `c` ON `b`.`deviceid`=`c`.`deviceid` WHERE  (   a.jdno = 88 and c.status = '挂断' and  c.calltime >= '2023/4/24' and  c.calltime <= '2023-04-28' )  AND (  `c`.`taketime` IS NULL OR `c`.`taketime` = '' )  AND (  `c`.`endtime` IS NULL OR `c`.`endtime` = '' ) LIMIT 1 [ RunTime:0.013672s ]
[ sql ] [ SQL ] SELECT COUNT(c.calltime) AS counts,c.calltime as ctime FROM `t_tree` `a` LEFT JOIN `t_tree_device` `b` ON `a`.`jdno`=`b`.`jdparent` LEFT JOIN `t_calllist_voice` `c` ON `b`.`deviceid`=`c`.`deviceid` WHERE  (   a.jdno = 88 and c.status = '挂断' and  c.calltime >= '2023/4/28' and  c.calltime <= '2023-05-02' )  AND (  `c`.`taketime` IS NULL OR `c`.`taketime` = '' )  AND (  `c`.`endtime` IS NULL OR `c`.`endtime` = '' ) LIMIT 1 [ RunTime:0.013672s ]
[ sql ] [ SQL ] SELECT COUNT(c.calltime) AS counts,c.calltime as ctime FROM `t_tree` `a` LEFT JOIN `t_tree_device` `b` ON `a`.`jdno`=`b`.`jdparent` LEFT JOIN `t_calllist_voice` `c` ON `b`.`deviceid`=`c`.`deviceid` WHERE  (   a.jdno = 88 and c.status = '挂断' and  c.calltime >= '2023/5/2' and  c.calltime <= '2023-05-06' )  AND (  `c`.`taketime` IS NULL OR `c`.`taketime` = '' )  AND (  `c`.`endtime` IS NULL OR `c`.`endtime` = '' ) LIMIT 1 [ RunTime:0.013672s ]
[ sql ] [ SQL ] SELECT COUNT(c.calltime) AS counts,c.calltime as ctime FROM `t_tree` `a` LEFT JOIN `t_tree_device` `b` ON `a`.`jdno`=`b`.`jdparent` LEFT JOIN `t_calllist_voice` `c` ON `b`.`deviceid`=`c`.`deviceid` WHERE  (   a.jdno = 88 and c.status = '挂断' and  c.calltime >= '2023/5/6' and  c.calltime <= '2023-05-10' )  AND (  `c`.`taketime` IS NULL OR `c`.`taketime` = '' )  AND (  `c`.`endtime` IS NULL OR `c`.`endtime` = '' ) LIMIT 1 [ RunTime:0.013672s ]
[ sql ] [ SQL ] SELECT COUNT(c.calltime) AS counts,c.calltime as ctime FROM `t_tree` `a` LEFT JOIN `t_tree_device` `b` ON `a`.`jdno`=`b`.`jdparent` LEFT JOIN `t_calllist_voice` `c` ON `b`.`deviceid`=`c`.`deviceid` WHERE  (   a.jdno = 88 and c.status = '挂断' and  c.calltime >= '2023/5/10' and  c.calltime <= '2023-05-14' )  AND (  `c`.`taketime` IS NULL OR `c`.`taketime` = '' )  AND (  `c`.`endtime` IS NULL OR `c`.`endtime` = '' ) LIMIT 1 [ RunTime:0.016601s ]
[ sql ] [ SQL ] SELECT COUNT(c.calltime) AS counts,c.calltime as ctime FROM `t_tree` `a` LEFT JOIN `t_tree_device` `b` ON `a`.`jdno`=`b`.`jdparent` LEFT JOIN `t_calllist_voice` `c` ON `b`.`deviceid`=`c`.`deviceid` WHERE  (   a.jdno = 88 and c.status = '挂断' and  c.calltime >= '2023/5/14' and  c.calltime <= '2023-05-18' )  AND (  `c`.`taketime` IS NULL OR `c`.`taketime` = '' )  AND (  `c`.`endtime` IS NULL OR `c`.`endtime` = '' ) LIMIT 1 [ RunTime:0.021485s ]
[ sql ] [ SQL ] SELECT COUNT(c.calltime) AS counts,c.calltime as ctime FROM `t_tree` `a` LEFT JOIN `t_tree_device` `b` ON `a`.`jdno`=`b`.`jdparent` LEFT JOIN `t_calllist_voice` `c` ON `b`.`deviceid`=`c`.`deviceid` WHERE  (   a.jdno = 88 and c.status = '挂断' and  c.calltime >= '2023/5/18' and  c.calltime <= '2023-05-22' )  AND (  `c`.`taketime` IS NULL OR `c`.`taketime` = '' )  AND (  `c`.`endtime` IS NULL OR `c`.`endtime` = '' ) LIMIT 1 [ RunTime:0.023438s ]
[ sql ] [ SQL ] SELECT COUNT(c.calltime) AS counts,c.calltime as ctime FROM `t_tree` `a` LEFT JOIN `t_tree_device` `b` ON `a`.`jdno`=`b`.`jdparent` LEFT JOIN `t_calllist_voice` `c` ON `b`.`deviceid`=`c`.`deviceid` WHERE  (   a.jdno = 88 and c.status = '挂断' and  c.calltime >= '2023/5/22' and  c.calltime <= '2023-05-25' )  AND (  `c`.`taketime` IS NULL OR `c`.`taketime` = '' )  AND (  `c`.`endtime` IS NULL OR `c`.`endtime` = '' ) LIMIT 1 [ RunTime:0.013671s ]
---------------------------------------------------------------
[ 2023-05-24T08:34:16+08:00 ] 175.164.87.219 POST www.mmcall.net:7002/index.php/admin/Index/mapIntegration
[ sql ] [ DB ] CONNECT:[ UseTime:0.013672s ] mysql:host=47.104.10.49;dbname=yunmmcall_big;charset=utf8
[ sql ] [ SQL ] SHOW COLUMNS FROM `t_app` [ RunTime:0.005859s ]
[ sql ] [ SQL ] SELECT * FROM `t_app` WHERE  `appId` = '123456' LIMIT 1 [ RunTime:0.002930s ]
[ sql ] [ SQL ] SHOW COLUMNS FROM `t_admin` [ RunTime:0.005860s ]
[ sql ] [ SQL ] SELECT * FROM `t_admin` WHERE  `id` = 12 LIMIT 1 [ RunTime:0.002930s ]
[ sql ] [ SQL ] SHOW COLUMNS FROM `t_auth_rule` [ RunTime:0.005860s ]
[ sql ] [ SQL ] SELECT * FROM `t_auth_rule` WHERE  `name` = 'admin/index/mapintegration' LIMIT 1 [ RunTime:0.002929s ]
[ sql ] [ SQL ] SHOW COLUMNS FROM `t_tree` [ RunTime:0.004883s ]
[ sql ] [ SQL ] SELECT DISTINCT  `a`.`jdName`,`c`.`No`,`c`.`oldmanname`,`c`.`Contact`,`c`.`Address`,`c`.`birthday`,`c`.`sex`,`c`.`identity_card`,`c`.`deviceno`,`c`.`Residence_state`,`c`.`oldman_type`,`c`.`marital_status`,`c`.`pathography`,`c`.`Children_situation`,`c`.`anaphylactic`,`c`.`Healthy`,`c`.`remark`,`c`.`lianxiren1`,`c`.`lianxiren2`,`c`.`lianxiren3`,`c`.`lianxiren4`,`c`.`lianxiren5`,`c`.`lianxiren6`,`c`.`lianxiren7`,`c`.`lianxiren8`,`c`.`longitude1`,`c`.`latitude1`,`c`.`clientno`,`d`.`isonline` FROM `t_tree` `a` LEFT JOIN `t_tree_device` `b` ON `a`.`jdno`=`b`.`jdparent` LEFT JOIN `t_people` `c` ON `b`.`deviceid`=`c`.`deviceno` LEFT JOIN `t_callno` `d` ON `c`.`deviceno`=`d`.`callno` WHERE  (   a.jdno = 88 ) [ RunTime:0.040039s ]
---------------------------------------------------------------
[ 2023-05-24T08:34:25+08:00 ] 175.164.87.219 POST www.mmcall.net:7002/index.php/admin/admin/getuser
[ sql ] [ DB ] CONNECT:[ UseTime:0.012695s ] mysql:host=47.104.10.49;dbname=yunmmcall_big;charset=utf8
[ sql ] [ SQL ] SHOW COLUMNS FROM `t_app` [ RunTime:0.005859s ]
[ sql ] [ SQL ] SELECT * FROM `t_app` WHERE  `appId` = '123456' LIMIT 1 [ RunTime:0.002930s ]
[ sql ] [ SQL ] SHOW COLUMNS FROM `t_admin` [ RunTime:0.005859s ]
[ sql ] [ SQL ] SELECT * FROM `t_admin` WHERE  `id` = 12 LIMIT 1 [ RunTime:0.001953s ]
[ sql ] [ SQL ] SHOW COLUMNS FROM `t_auth_rule` [ RunTime:0.005860s ]
[ sql ] [ SQL ] SELECT * FROM `t_auth_rule` WHERE  `name` = 'admin/admin/getuser' LIMIT 1 [ RunTime:0.002929s ]
[ sql ] [ SQL ] SHOW COLUMNS FROM `t_tree` [ RunTime:0.005860s ]
[ sql ] [ SQL ] SELECT `b`.`UnitNo`,`a`.* FROM `t_tree` `a` LEFT JOIN `customer` `b` ON `a`.`jdno`=`b`.`jdParent` WHERE  `UnitNo` = '80492e8b8c104cc9a81645e9b3ffd80f' LIMIT 1 [ RunTime:0.001953s ]
[ sql ] [ SQL ] SELECT * FROM `t_auth_rule` WHERE  `id` IN (1,2,3,4,5,6,7,8,9,11)  AND `status` = 1 ORDER BY `sorts` [ RunTime:0.002930s ]
[ sql ] [ SQL ] SELECT `b`.`UnitNo`,`a`.* FROM `t_tree` `a` LEFT JOIN `customer` `b` ON `a`.`jdno`=`b`.`jdParent` WHERE  `UnitNo` = '80492e8b8c104cc9a81645e9b3ffd80f' LIMIT 1 [ RunTime:0.002930s ]
---------------------------------------------------------------
[ 2023-05-24T08:34:27+08:00 ] 175.164.87.219 POST www.mmcall.net:7002/index.php/admin/Index/getMapPositioning
[ sql ] [ DB ] CONNECT:[ UseTime:0.002930s ] mysql:host=47.104.10.49;dbname=yunmmcall_big;charset=utf8
[ sql ] [ SQL ] SHOW COLUMNS FROM `t_app` [ RunTime:0.004883s ]
[ sql ] [ SQL ] SELECT * FROM `t_app` WHERE  `appId` = '123456' LIMIT 1 [ RunTime:0.001953s ]
[ sql ] [ SQL ] SHOW COLUMNS FROM `t_admin` [ RunTime:0.004883s ]
[ sql ] [ SQL ] SELECT * FROM `t_admin` WHERE  `id` = 12 LIMIT 1 [ RunTime:0.001953s ]
[ sql ] [ SQL ] SHOW COLUMNS FROM `t_auth_rule` [ RunTime:0.005859s ]
[ sql ] [ SQL ] SELECT * FROM `t_auth_rule` WHERE  `name` = 'admin/index/getmappositioning' LIMIT 1 [ RunTime:0.001953s ]
---------------------------------------------------------------
[ 2023-05-24T08:34:27+08:00 ] 175.164.87.219 GET www.mmcall.net:7002/index.php/admin/Index/dataIntegration?data=%7B%22jdno%22:88,%22dateValue%22:%22%E6%9C%88%22,%22themoonarraylist%22:%22[[%5C%222023%2F4%2F24%5C%22,%5C%222023%2F4%2F27%5C%22],[%5C%222023%2F4%2F28%5C%22,%5C%222023%2F5%2F1%5C%22],[%5C%222023%2F5%2F2%5C%22,%5C%222023%2F5%2F5%5C%22],[%5C%222023%2F5%2F6%5C%22,%5C%222023%2F5%2F9%5C%22],[%5C%222023%2F5%2F10%5C%22,%5C%222023%2F5%2F13%5C%22],[%5C%222023%2F5%2F14%5C%22,%5C%222023%2F5%2F17%5C%22],[%5C%222023%2F5%2F18%5C%22,%5C%222023%2F5%2F21%5C%22],[%5C%222023%2F5%2F22%5C%22,%5C%222023%2F5%2F24%5C%22]]%22%7D&signature=2bea6aa385ae24c121d9502feb26ffc1
[ sql ] [ DB ] CONNECT:[ UseTime:0.003906s ] mysql:host=47.104.10.49;dbname=yunmmcall_big;charset=utf8
[ sql ] [ SQL ] SHOW COLUMNS FROM `t_app` [ RunTime:0.006836s ]
[ sql ] [ SQL ] SELECT * FROM `t_app` WHERE  `appId` = '123456' LIMIT 1 [ RunTime:0.002930s ]
[ sql ] [ SQL ] SHOW COLUMNS FROM `t_admin` [ RunTime:0.005859s ]
[ sql ] [ SQL ] SELECT * FROM `t_admin` WHERE  `id` = 12 LIMIT 1 [ RunTime:0.001953s ]
[ sql ] [ SQL ] SHOW COLUMNS FROM `t_auth_rule` [ RunTime:0.005859s ]
[ sql ] [ SQL ] SELECT * FROM `t_auth_rule` WHERE  `name` = 'admin/index/dataintegration' LIMIT 1 [ RunTime:0.002930s ]
[ sql ] [ SQL ] SHOW COLUMNS FROM `t_tree` [ RunTime:0.005859s ]
[ sql ] [ SQL ] SELECT DISTINCT  `a`.`jdName`,`c`.`No`,`c`.`oldmanname`,`c`.`Contact`,`c`.`Address`,`c`.`birthday`,`c`.`sex`,`c`.`identity_card`,`c`.`deviceno`,`c`.`Residence_state`,`c`.`oldman_type`,`c`.`marital_status`,`c`.`pathography`,`c`.`Children_situation`,`c`.`anaphylactic`,`c`.`Healthy`,`c`.`remark`,`c`.`lianxiren1`,`c`.`lianxiren2`,`c`.`lianxiren3`,`c`.`lianxiren4`,`c`.`lianxiren5`,`c`.`lianxiren6`,`c`.`lianxiren7`,`c`.`lianxiren8`,`c`.`longitude1`,`c`.`latitude1`,`c`.`clientno` FROM `t_tree` `a` LEFT JOIN `t_tree_device` `b` ON `a`.`jdno`=`b`.`jdparent` LEFT JOIN `t_people` `c` ON `b`.`deviceid`=`c`.`deviceno` WHERE  (   a.jdno = 88 ) [ RunTime:0.002930s ]
[ sql ] [ SQL ] SELECT DISTINCT  `c`.*,`d`.`No`,`d`.`oldmanname`,`d`.`Address` FROM `t_tree` `a` LEFT JOIN `t_tree_device` `b` ON `a`.`jdno`=`b`.`jdparent` LEFT JOIN `t_calllist_voice` `c` ON `b`.`deviceid`=`c`.`deviceid` LEFT JOIN `t_people` `d` ON `c`.`deviceid`=`d`.`deviceno` WHERE  (   a.jdno = 88 and c.status <> '挂断'  )  AND (  `c`.`status` = '<>' OR `c`.`status` <> '' ) ORDER BY `c`.`id` DESC LIMIT 0,10 [ RunTime:0.003906s ]
[ sql ] [ SQL ] SELECT DISTINCT  COUNT(*) AS tp_count FROM `t_tree` `a` LEFT JOIN `t_tree_device` `b` ON `a`.`jdno`=`b`.`jdparent` LEFT JOIN `t_calllist_voice` `c` ON `b`.`deviceid`=`c`.`deviceid` LEFT JOIN `t_people` `d` ON `c`.`deviceid`=`d`.`deviceno` WHERE  (   a.jdno = 88 and c.status <> '挂断'  )  AND (  `c`.`status` = '<>' OR `c`.`status` <> '' ) LIMIT 1 [ RunTime:0.002930s ]
[ sql ] [ SQL ] SELECT COUNT(c.calltime) AS counts,c.calltime as ctime FROM `t_tree` `a` LEFT JOIN `t_tree_device` `b` ON `a`.`jdno`=`b`.`jdparent` LEFT JOIN `t_calllist_voice` `c` ON `b`.`deviceid`=`c`.`deviceid` WHERE  (   a.jdno = 88 and c.status = '挂断' and  c.calltime >= '2023/4/24' and  c.calltime <= '2023-04-28' ) LIMIT 1 [ RunTime:0.002929s ]
[ sql ] [ SQL ] SELECT COUNT(c.calltime) AS counts,c.calltime as ctime FROM `t_tree` `a` LEFT JOIN `t_tree_device` `b` ON `a`.`jdno`=`b`.`jdparent` LEFT JOIN `t_calllist_voice` `c` ON `b`.`deviceid`=`c`.`deviceid` WHERE  (   a.jdno = 88 and c.status = '挂断' and  c.calltime >= '2023/4/28' and  c.calltime <= '2023-05-02' ) LIMIT 1 [ RunTime:0.002930s ]
[ sql ] [ SQL ] SELECT COUNT(c.calltime) AS counts,c.calltime as ctime FROM `t_tree` `a` LEFT JOIN `t_tree_device` `b` ON `a`.`jdno`=`b`.`jdparent` LEFT JOIN `t_calllist_voice` `c` ON `b`.`deviceid`=`c`.`deviceid` WHERE  (   a.jdno = 88 and c.status = '挂断' and  c.calltime >= '2023/5/2' and  c.calltime <= '2023-05-06' ) LIMIT 1 [ RunTime:0.002930s ]
[ sql ] [ SQL ] SELECT COUNT(c.calltime) AS counts,c.calltime as ctime FROM `t_tree` `a` LEFT JOIN `t_tree_device` `b` ON `a`.`jdno`=`b`.`jdparent` LEFT JOIN `t_calllist_voice` `c` ON `b`.`deviceid`=`c`.`deviceid` WHERE  (   a.jdno = 88 and c.status = '挂断' and  c.calltime >= '2023/5/6' and  c.calltime <= '2023-05-10' ) LIMIT 1 [ RunTime:0.001953s ]
[ sql ] [ SQL ] SELECT COUNT(c.calltime) AS counts,c.calltime as ctime FROM `t_tree` `a` LEFT JOIN `t_tree_device` `b` ON `a`.`jdno`=`b`.`jdparent` LEFT JOIN `t_calllist_voice` `c` ON `b`.`deviceid`=`c`.`deviceid` WHERE  (   a.jdno = 88 and c.status = '挂断' and  c.calltime >= '2023/5/10' and  c.calltime <= '2023-05-14' ) LIMIT 1 [ RunTime:0.001954s ]
[ sql ] [ SQL ] SELECT COUNT(c.calltime) AS counts,c.calltime as ctime FROM `t_tree` `a` LEFT JOIN `t_tree_device` `b` ON `a`.`jdno`=`b`.`jdparent` LEFT JOIN `t_calllist_voice` `c` ON `b`.`deviceid`=`c`.`deviceid` WHERE  (   a.jdno = 88 and c.status = '挂断' and  c.calltime >= '2023/5/14' and  c.calltime <= '2023-05-18' ) LIMIT 1 [ RunTime:0.002929s ]
[ sql ] [ SQL ] SELECT COUNT(c.calltime) AS counts,c.calltime as ctime FROM `t_tree` `a` LEFT JOIN `t_tree_device` `b` ON `a`.`jdno`=`b`.`jdparent` LEFT JOIN `t_calllist_voice` `c` ON `b`.`deviceid`=`c`.`deviceid` WHERE  (   a.jdno = 88 and c.status = '挂断' and  c.calltime >= '2023/5/18' and  c.calltime <= '2023-05-22' ) LIMIT 1 [ RunTime:0.001953s ]
[ sql ] [ SQL ] SELECT COUNT(c.calltime) AS counts,c.calltime as ctime FROM `t_tree` `a` LEFT JOIN `t_tree_device` `b` ON `a`.`jdno`=`b`.`jdparent` LEFT JOIN `t_calllist_voice` `c` ON `b`.`deviceid`=`c`.`deviceid` WHERE  (   a.jdno = 88 and c.status = '挂断' and  c.calltime >= '2023/5/22' and  c.calltime <= '2023-05-25' ) LIMIT 1 [ RunTime:0.001953s ]
[ sql ] [ SQL ] SELECT COUNT(c.calltime) AS counts,c.calltime as ctime FROM `t_tree` `a` LEFT JOIN `t_tree_device` `b` ON `a`.`jdno`=`b`.`jdparent` LEFT JOIN `t_calllist_voice` `c` ON `b`.`deviceid`=`c`.`deviceid` WHERE  (   a.jdno = 88 and c.status = '挂断' and  c.calltime >= '2023/4/24' and  c.calltime <= '2023-04-28' )  AND (  `c`.`taketime` IS NULL OR `c`.`taketime` = '' )  AND (  `c`.`endtime` IS NULL OR `c`.`endtime` = '' ) LIMIT 1 [ RunTime:0.013672s ]
[ sql ] [ SQL ] SELECT COUNT(c.calltime) AS counts,c.calltime as ctime FROM `t_tree` `a` LEFT JOIN `t_tree_device` `b` ON `a`.`jdno`=`b`.`jdparent` LEFT JOIN `t_calllist_voice` `c` ON `b`.`deviceid`=`c`.`deviceid` WHERE  (   a.jdno = 88 and c.status = '挂断' and  c.calltime >= '2023/4/28' and  c.calltime <= '2023-05-02' )  AND (  `c`.`taketime` IS NULL OR `c`.`taketime` = '' )  AND (  `c`.`endtime` IS NULL OR `c`.`endtime` = '' ) LIMIT 1 [ RunTime:0.012695s ]
[ sql ] [ SQL ] SELECT COUNT(c.calltime) AS counts,c.calltime as ctime FROM `t_tree` `a` LEFT JOIN `t_tree_device` `b` ON `a`.`jdno`=`b`.`jdparent` LEFT JOIN `t_calllist_voice` `c` ON `b`.`deviceid`=`c`.`deviceid` WHERE  (   a.jdno = 88 and c.status = '挂断' and  c.calltime >= '2023/5/2' and  c.calltime <= '2023-05-06' )  AND (  `c`.`taketime` IS NULL OR `c`.`taketime` = '' )  AND (  `c`.`endtime` IS NULL OR `c`.`endtime` = '' ) LIMIT 1 [ RunTime:0.012695s ]
[ sql ] [ SQL ] SELECT COUNT(c.calltime) AS counts,c.calltime as ctime FROM `t_tree` `a` LEFT JOIN `t_tree_device` `b` ON `a`.`jdno`=`b`.`jdparent` LEFT JOIN `t_calllist_voice` `c` ON `b`.`deviceid`=`c`.`deviceid` WHERE  (   a.jdno = 88 and c.status = '挂断' and  c.calltime >= '2023/5/6' and  c.calltime <= '2023-05-10' )  AND (  `c`.`taketime` IS NULL OR `c`.`taketime` = '' )  AND (  `c`.`endtime` IS NULL OR `c`.`endtime` = '' ) LIMIT 1 [ RunTime:0.013672s ]
[ sql ] [ SQL ] SELECT COUNT(c.calltime) AS counts,c.calltime as ctime FROM `t_tree` `a` LEFT JOIN `t_tree_device` `b` ON `a`.`jdno`=`b`.`jdparent` LEFT JOIN `t_calllist_voice` `c` ON `b`.`deviceid`=`c`.`deviceid` WHERE  (   a.jdno = 88 and c.status = '挂断' and  c.calltime >= '2023/5/10' and  c.calltime <= '2023-05-14' )  AND (  `c`.`taketime` IS NULL OR `c`.`taketime` = '' )  AND (  `c`.`endtime` IS NULL OR `c`.`endtime` = '' ) LIMIT 1 [ RunTime:0.012695s ]
[ sql ] [ SQL ] SELECT COUNT(c.calltime) AS counts,c.calltime as ctime FROM `t_tree` `a` LEFT JOIN `t_tree_device` `b` ON `a`.`jdno`=`b`.`jdparent` LEFT JOIN `t_calllist_voice` `c` ON `b`.`deviceid`=`c`.`deviceid` WHERE  (   a.jdno = 88 and c.status = '挂断' and  c.calltime >= '2023/5/14' and  c.calltime <= '2023-05-18' )  AND (  `c`.`taketime` IS NULL OR `c`.`taketime` = '' )  AND (  `c`.`endtime` IS NULL OR `c`.`endtime` = '' ) LIMIT 1 [ RunTime:0.013672s ]
[ sql ] [ SQL ] SELECT COUNT(c.calltime) AS counts,c.calltime as ctime FROM `t_tree` `a` LEFT JOIN `t_tree_device` `b` ON `a`.`jdno`=`b`.`jdparent` LEFT JOIN `t_calllist_voice` `c` ON `b`.`deviceid`=`c`.`deviceid` WHERE  (   a.jdno = 88 and c.status = '挂断' and  c.calltime >= '2023/5/18' and  c.calltime <= '2023-05-22' )  AND (  `c`.`taketime` IS NULL OR `c`.`taketime` = '' )  AND (  `c`.`endtime` IS NULL OR `c`.`endtime` = '' ) LIMIT 1 [ RunTime:0.012696s ]
[ sql ] [ SQL ] SELECT COUNT(c.calltime) AS counts,c.calltime as ctime FROM `t_tree` `a` LEFT JOIN `t_tree_device` `b` ON `a`.`jdno`=`b`.`jdparent` LEFT JOIN `t_calllist_voice` `c` ON `b`.`deviceid`=`c`.`deviceid` WHERE  (   a.jdno = 88 and c.status = '挂断' and  c.calltime >= '2023/5/22' and  c.calltime <= '2023-05-25' )  AND (  `c`.`taketime` IS NULL OR `c`.`taketime` = '' )  AND (  `c`.`endtime` IS NULL OR `c`.`endtime` = '' ) LIMIT 1 [ RunTime:0.013671s ]
---------------------------------------------------------------
[ 2023-05-24T08:34:28+08:00 ] 175.164.87.219 POST www.mmcall.net:7002/index.php/admin/Index/mapIntegration
[ sql ] [ DB ] CONNECT:[ UseTime:0.003907s ] mysql:host=47.104.10.49;dbname=yunmmcall_big;charset=utf8
[ sql ] [ SQL ] SHOW COLUMNS FROM `t_app` [ RunTime:0.004883s ]
[ sql ] [ SQL ] SELECT * FROM `t_app` WHERE  `appId` = '123456' LIMIT 1 [ RunTime:0.001953s ]
[ sql ] [ SQL ] SHOW COLUMNS FROM `t_admin` [ RunTime:0.006836s ]
[ sql ] [ SQL ] SELECT * FROM `t_admin` WHERE  `id` = 12 LIMIT 1 [ RunTime:0.001953s ]
[ sql ] [ SQL ] SHOW COLUMNS FROM `t_auth_rule` [ RunTime:0.005859s ]
[ sql ] [ SQL ] SELECT * FROM `t_auth_rule` WHERE  `name` = 'admin/index/mapintegration' LIMIT 1 [ RunTime:0.001953s ]
[ sql ] [ SQL ] SHOW COLUMNS FROM `t_tree` [ RunTime:0.004883s ]
[ sql ] [ SQL ] SELECT DISTINCT  `a`.`jdName`,`c`.`No`,`c`.`oldmanname`,`c`.`Contact`,`c`.`Address`,`c`.`birthday`,`c`.`sex`,`c`.`identity_card`,`c`.`deviceno`,`c`.`Residence_state`,`c`.`oldman_type`,`c`.`marital_status`,`c`.`pathography`,`c`.`Children_situation`,`c`.`anaphylactic`,`c`.`Healthy`,`c`.`remark`,`c`.`lianxiren1`,`c`.`lianxiren2`,`c`.`lianxiren3`,`c`.`lianxiren4`,`c`.`lianxiren5`,`c`.`lianxiren6`,`c`.`lianxiren7`,`c`.`lianxiren8`,`c`.`longitude1`,`c`.`latitude1`,`c`.`clientno`,`d`.`isonline` FROM `t_tree` `a` LEFT JOIN `t_tree_device` `b` ON `a`.`jdno`=`b`.`jdparent` LEFT JOIN `t_people` `c` ON `b`.`deviceid`=`c`.`deviceno` LEFT JOIN `t_callno` `d` ON `c`.`deviceno`=`d`.`callno` WHERE  (   a.jdno = 88 ) [ RunTime:0.042969s ]
---------------------------------------------------------------
[ 2023-05-24T08:38:27+08:00 ] 175.164.87.219 GET www.mmcall.net:7002/index.php/admin/Index/dataIntegration?data=%7B%22jdno%22:88,%22dateValue%22:%22%E6%9C%88%22,%22themoonarraylist%22:%22[[%5C%222023%2F4%2F24%5C%22,%5C%222023%2F4%2F27%5C%22],[%5C%222023%2F4%2F28%5C%22,%5C%222023%2F5%2F1%5C%22],[%5C%222023%2F5%2F2%5C%22,%5C%222023%2F5%2F5%5C%22],[%5C%222023%2F5%2F6%5C%22,%5C%222023%2F5%2F9%5C%22],[%5C%222023%2F5%2F10%5C%22,%5C%222023%2F5%2F13%5C%22],[%5C%222023%2F5%2F14%5C%22,%5C%222023%2F5%2F17%5C%22],[%5C%222023%2F5%2F18%5C%22,%5C%222023%2F5%2F21%5C%22],[%5C%222023%2F5%2F22%5C%22,%5C%222023%2F5%2F24%5C%22]]%22%7D&signature=2bea6aa385ae24c121d9502feb26ffc1
[ sql ] [ DB ] CONNECT:[ UseTime:0.013671s ] mysql:host=47.104.10.49;dbname=yunmmcall_big;charset=utf8
[ sql ] [ SQL ] SHOW COLUMNS FROM `t_app` [ RunTime:0.006836s ]
[ sql ] [ SQL ] SELECT * FROM `t_app` WHERE  `appId` = '123456' LIMIT 1 [ RunTime:0.002930s ]
[ sql ] [ SQL ] SHOW COLUMNS FROM `t_admin` [ RunTime:0.005859s ]
[ sql ] [ SQL ] SELECT * FROM `t_admin` WHERE  `id` = 12 LIMIT 1 [ RunTime:0.001953s ]
[ sql ] [ SQL ] SHOW COLUMNS FROM `t_auth_rule` [ RunTime:0.005860s ]
[ sql ] [ SQL ] SELECT * FROM `t_auth_rule` WHERE  `name` = 'admin/index/dataintegration' LIMIT 1 [ RunTime:0.003906s ]
[ sql ] [ SQL ] SHOW COLUMNS FROM `t_tree` [ RunTime:0.005859s ]
[ sql ] [ SQL ] SELECT DISTINCT  `a`.`jdName`,`c`.`No`,`c`.`oldmanname`,`c`.`Contact`,`c`.`Address`,`c`.`birthday`,`c`.`sex`,`c`.`identity_card`,`c`.`deviceno`,`c`.`Residence_state`,`c`.`oldman_type`,`c`.`marital_status`,`c`.`pathography`,`c`.`Children_situation`,`c`.`anaphylactic`,`c`.`Healthy`,`c`.`remark`,`c`.`lianxiren1`,`c`.`lianxiren2`,`c`.`lianxiren3`,`c`.`lianxiren4`,`c`.`lianxiren5`,`c`.`lianxiren6`,`c`.`lianxiren7`,`c`.`lianxiren8`,`c`.`longitude1`,`c`.`latitude1`,`c`.`clientno` FROM `t_tree` `a` LEFT JOIN `t_tree_device` `b` ON `a`.`jdno`=`b`.`jdparent` LEFT JOIN `t_people` `c` ON `b`.`deviceid`=`c`.`deviceno` WHERE  (   a.jdno = 88 ) [ RunTime:0.001953s ]
[ sql ] [ SQL ] SELECT DISTINCT  `c`.*,`d`.`No`,`d`.`oldmanname`,`d`.`Address` FROM `t_tree` `a` LEFT JOIN `t_tree_device` `b` ON `a`.`jdno`=`b`.`jdparent` LEFT JOIN `t_calllist_voice` `c` ON `b`.`deviceid`=`c`.`deviceid` LEFT JOIN `t_people` `d` ON `c`.`deviceid`=`d`.`deviceno` WHERE  (   a.jdno = 88 and c.status <> '挂断'  )  AND (  `c`.`status` = '<>' OR `c`.`status` <> '' ) ORDER BY `c`.`id` DESC LIMIT 0,10 [ RunTime:0.001953s ]
[ sql ] [ SQL ] SELECT DISTINCT  COUNT(*) AS tp_count FROM `t_tree` `a` LEFT JOIN `t_tree_device` `b` ON `a`.`jdno`=`b`.`jdparent` LEFT JOIN `t_calllist_voice` `c` ON `b`.`deviceid`=`c`.`deviceid` LEFT JOIN `t_people` `d` ON `c`.`deviceid`=`d`.`deviceno` WHERE  (   a.jdno = 88 and c.status <> '挂断'  )  AND (  `c`.`status` = '<>' OR `c`.`status` <> '' ) LIMIT 1 [ RunTime:0.002930s ]
[ sql ] [ SQL ] SELECT COUNT(c.calltime) AS counts,c.calltime as ctime FROM `t_tree` `a` LEFT JOIN `t_tree_device` `b` ON `a`.`jdno`=`b`.`jdparent` LEFT JOIN `t_calllist_voice` `c` ON `b`.`deviceid`=`c`.`deviceid` WHERE  (   a.jdno = 88 and c.status = '挂断' and  c.calltime >= '2023/4/24' and  c.calltime <= '2023-04-28' ) LIMIT 1 [ RunTime:0.002929s ]
[ sql ] [ SQL ] SELECT COUNT(c.calltime) AS counts,c.calltime as ctime FROM `t_tree` `a` LEFT JOIN `t_tree_device` `b` ON `a`.`jdno`=`b`.`jdparent` LEFT JOIN `t_calllist_voice` `c` ON `b`.`deviceid`=`c`.`deviceid` WHERE  (   a.jdno = 88 and c.status = '挂断' and  c.calltime >= '2023/4/28' and  c.calltime <= '2023-05-02' ) LIMIT 1 [ RunTime:0.001953s ]
[ sql ] [ SQL ] SELECT COUNT(c.calltime) AS counts,c.calltime as ctime FROM `t_tree` `a` LEFT JOIN `t_tree_device` `b` ON `a`.`jdno`=`b`.`jdparent` LEFT JOIN `t_calllist_voice` `c` ON `b`.`deviceid`=`c`.`deviceid` WHERE  (   a.jdno = 88 and c.status = '挂断' and  c.calltime >= '2023/5/2' and  c.calltime <= '2023-05-06' ) LIMIT 1 [ RunTime:0.001953s ]
[ sql ] [ SQL ] SELECT COUNT(c.calltime) AS counts,c.calltime as ctime FROM `t_tree` `a` LEFT JOIN `t_tree_device` `b` ON `a`.`jdno`=`b`.`jdparent` LEFT JOIN `t_calllist_voice` `c` ON `b`.`deviceid`=`c`.`deviceid` WHERE  (   a.jdno = 88 and c.status = '挂断' and  c.calltime >= '2023/5/6' and  c.calltime <= '2023-05-10' ) LIMIT 1 [ RunTime:0.001953s ]
[ sql ] [ SQL ] SELECT COUNT(c.calltime) AS counts,c.calltime as ctime FROM `t_tree` `a` LEFT JOIN `t_tree_device` `b` ON `a`.`jdno`=`b`.`jdparent` LEFT JOIN `t_calllist_voice` `c` ON `b`.`deviceid`=`c`.`deviceid` WHERE  (   a.jdno = 88 and c.status = '挂断' and  c.calltime >= '2023/5/10' and  c.calltime <= '2023-05-14' ) LIMIT 1 [ RunTime:0.001953s ]
[ sql ] [ SQL ] SELECT COUNT(c.calltime) AS counts,c.calltime as ctime FROM `t_tree` `a` LEFT JOIN `t_tree_device` `b` ON `a`.`jdno`=`b`.`jdparent` LEFT JOIN `t_calllist_voice` `c` ON `b`.`deviceid`=`c`.`deviceid` WHERE  (   a.jdno = 88 and c.status = '挂断' and  c.calltime >= '2023/5/14' and  c.calltime <= '2023-05-18' ) LIMIT 1 [ RunTime:0.001953s ]
[ sql ] [ SQL ] SELECT COUNT(c.calltime) AS counts,c.calltime as ctime FROM `t_tree` `a` LEFT JOIN `t_tree_device` `b` ON `a`.`jdno`=`b`.`jdparent` LEFT JOIN `t_calllist_voice` `c` ON `b`.`deviceid`=`c`.`deviceid` WHERE  (   a.jdno = 88 and c.status = '挂断' and  c.calltime >= '2023/5/18' and  c.calltime <= '2023-05-22' ) LIMIT 1 [ RunTime:0.002930s ]
[ sql ] [ SQL ] SELECT COUNT(c.calltime) AS counts,c.calltime as ctime FROM `t_tree` `a` LEFT JOIN `t_tree_device` `b` ON `a`.`jdno`=`b`.`jdparent` LEFT JOIN `t_calllist_voice` `c` ON `b`.`deviceid`=`c`.`deviceid` WHERE  (   a.jdno = 88 and c.status = '挂断' and  c.calltime >= '2023/5/22' and  c.calltime <= '2023-05-25' ) LIMIT 1 [ RunTime:0.001953s ]
[ sql ] [ SQL ] SELECT COUNT(c.calltime) AS counts,c.calltime as ctime FROM `t_tree` `a` LEFT JOIN `t_tree_device` `b` ON `a`.`jdno`=`b`.`jdparent` LEFT JOIN `t_calllist_voice` `c` ON `b`.`deviceid`=`c`.`deviceid` WHERE  (   a.jdno = 88 and c.status = '挂断' and  c.calltime >= '2023/4/24' and  c.calltime <= '2023-04-28' )  AND (  `c`.`taketime` IS NULL OR `c`.`taketime` = '' )  AND (  `c`.`endtime` IS NULL OR `c`.`endtime` = '' ) LIMIT 1 [ RunTime:0.013672s ]
[ sql ] [ SQL ] SELECT COUNT(c.calltime) AS counts,c.calltime as ctime FROM `t_tree` `a` LEFT JOIN `t_tree_device` `b` ON `a`.`jdno`=`b`.`jdparent` LEFT JOIN `t_calllist_voice` `c` ON `b`.`deviceid`=`c`.`deviceid` WHERE  (   a.jdno = 88 and c.status = '挂断' and  c.calltime >= '2023/4/28' and  c.calltime <= '2023-05-02' )  AND (  `c`.`taketime` IS NULL OR `c`.`taketime` = '' )  AND (  `c`.`endtime` IS NULL OR `c`.`endtime` = '' ) LIMIT 1 [ RunTime:0.013672s ]
[ sql ] [ SQL ] SELECT COUNT(c.calltime) AS counts,c.calltime as ctime FROM `t_tree` `a` LEFT JOIN `t_tree_device` `b` ON `a`.`jdno`=`b`.`jdparent` LEFT JOIN `t_calllist_voice` `c` ON `b`.`deviceid`=`c`.`deviceid` WHERE  (   a.jdno = 88 and c.status = '挂断' and  c.calltime >= '2023/5/2' and  c.calltime <= '2023-05-06' )  AND (  `c`.`taketime` IS NULL OR `c`.`taketime` = '' )  AND (  `c`.`endtime` IS NULL OR `c`.`endtime` = '' ) LIMIT 1 [ RunTime:0.013671s ]
[ sql ] [ SQL ] SELECT COUNT(c.calltime) AS counts,c.calltime as ctime FROM `t_tree` `a` LEFT JOIN `t_tree_device` `b` ON `a`.`jdno`=`b`.`jdparent` LEFT JOIN `t_calllist_voice` `c` ON `b`.`deviceid`=`c`.`deviceid` WHERE  (   a.jdno = 88 and c.status = '挂断' and  c.calltime >= '2023/5/6' and  c.calltime <= '2023-05-10' )  AND (  `c`.`taketime` IS NULL OR `c`.`taketime` = '' )  AND (  `c`.`endtime` IS NULL OR `c`.`endtime` = '' ) LIMIT 1 [ RunTime:0.013672s ]
[ sql ] [ SQL ] SELECT COUNT(c.calltime) AS counts,c.calltime as ctime FROM `t_tree` `a` LEFT JOIN `t_tree_device` `b` ON `a`.`jdno`=`b`.`jdparent` LEFT JOIN `t_calllist_voice` `c` ON `b`.`deviceid`=`c`.`deviceid` WHERE  (   a.jdno = 88 and c.status = '挂断' and  c.calltime >= '2023/5/10' and  c.calltime <= '2023-05-14' )  AND (  `c`.`taketime` IS NULL OR `c`.`taketime` = '' )  AND (  `c`.`endtime` IS NULL OR `c`.`endtime` = '' ) LIMIT 1 [ RunTime:0.012696s ]
[ sql ] [ SQL ] SELECT COUNT(c.calltime) AS counts,c.calltime as ctime FROM `t_tree` `a` LEFT JOIN `t_tree_device` `b` ON `a`.`jdno`=`b`.`jdparent` LEFT JOIN `t_calllist_voice` `c` ON `b`.`deviceid`=`c`.`deviceid` WHERE  (   a.jdno = 88 and c.status = '挂断' and  c.calltime >= '2023/5/14' and  c.calltime <= '2023-05-18' )  AND (  `c`.`taketime` IS NULL OR `c`.`taketime` = '' )  AND (  `c`.`endtime` IS NULL OR `c`.`endtime` = '' ) LIMIT 1 [ RunTime:0.012695s ]
[ sql ] [ SQL ] SELECT COUNT(c.calltime) AS counts,c.calltime as ctime FROM `t_tree` `a` LEFT JOIN `t_tree_device` `b` ON `a`.`jdno`=`b`.`jdparent` LEFT JOIN `t_calllist_voice` `c` ON `b`.`deviceid`=`c`.`deviceid` WHERE  (   a.jdno = 88 and c.status = '挂断' and  c.calltime >= '2023/5/18' and  c.calltime <= '2023-05-22' )  AND (  `c`.`taketime` IS NULL OR `c`.`taketime` = '' )  AND (  `c`.`endtime` IS NULL OR `c`.`endtime` = '' ) LIMIT 1 [ RunTime:0.012695s ]
[ sql ] [ SQL ] SELECT COUNT(c.calltime) AS counts,c.calltime as ctime FROM `t_tree` `a` LEFT JOIN `t_tree_device` `b` ON `a`.`jdno`=`b`.`jdparent` LEFT JOIN `t_calllist_voice` `c` ON `b`.`deviceid`=`c`.`deviceid` WHERE  (   a.jdno = 88 and c.status = '挂断' and  c.calltime >= '2023/5/22' and  c.calltime <= '2023-05-25' )  AND (  `c`.`taketime` IS NULL OR `c`.`taketime` = '' )  AND (  `c`.`endtime` IS NULL OR `c`.`endtime` = '' ) LIMIT 1 [ RunTime:0.013672s ]
---------------------------------------------------------------
[ 2023-05-24T08:39:29+08:00 ] 175.164.87.219 POST www.mmcall.net:7002/index.php/admin/Index/mapIntegration
[ sql ] [ DB ] CONNECT:[ UseTime:0.003906s ] mysql:host=47.104.10.49;dbname=yunmmcall_big;charset=utf8
[ sql ] [ SQL ] SHOW COLUMNS FROM `t_app` [ RunTime:0.004883s ]
[ sql ] [ SQL ] SELECT * FROM `t_app` WHERE  `appId` = '123456' LIMIT 1 [ RunTime:0.002930s ]
[ sql ] [ SQL ] SHOW COLUMNS FROM `t_admin` [ RunTime:0.004883s ]
[ sql ] [ SQL ] SELECT * FROM `t_admin` WHERE  `id` = 12 LIMIT 1 [ RunTime:0.002930s ]
[ sql ] [ SQL ] SHOW COLUMNS FROM `t_auth_rule` [ RunTime:0.004883s ]
[ sql ] [ SQL ] SELECT * FROM `t_auth_rule` WHERE  `name` = 'admin/index/mapintegration' LIMIT 1 [ RunTime:0.002929s ]
[ sql ] [ SQL ] SHOW COLUMNS FROM `t_tree` [ RunTime:0.005859s ]
[ sql ] [ SQL ] SELECT DISTINCT  `a`.`jdName`,`c`.`No`,`c`.`oldmanname`,`c`.`Contact`,`c`.`Address`,`c`.`birthday`,`c`.`sex`,`c`.`identity_card`,`c`.`deviceno`,`c`.`Residence_state`,`c`.`oldman_type`,`c`.`marital_status`,`c`.`pathography`,`c`.`Children_situation`,`c`.`anaphylactic`,`c`.`Healthy`,`c`.`remark`,`c`.`lianxiren1`,`c`.`lianxiren2`,`c`.`lianxiren3`,`c`.`lianxiren4`,`c`.`lianxiren5`,`c`.`lianxiren6`,`c`.`lianxiren7`,`c`.`lianxiren8`,`c`.`longitude1`,`c`.`latitude1`,`c`.`clientno`,`d`.`isonline` FROM `t_tree` `a` LEFT JOIN `t_tree_device` `b` ON `a`.`jdno`=`b`.`jdparent` LEFT JOIN `t_people` `c` ON `b`.`deviceid`=`c`.`deviceno` LEFT JOIN `t_callno` `d` ON `c`.`deviceno`=`d`.`callno` WHERE  (   a.jdno = 88 ) [ RunTime:0.044922s ]
---------------------------------------------------------------
[ 2023-05-24T08:42:27+08:00 ] 175.164.87.219 GET www.mmcall.net:7002/index.php/admin/Index/dataIntegration?data=%7B%22jdno%22:88,%22dateValue%22:%22%E6%9C%88%22,%22themoonarraylist%22:%22[[%5C%222023%2F4%2F24%5C%22,%5C%222023%2F4%2F27%5C%22],[%5C%222023%2F4%2F28%5C%22,%5C%222023%2F5%2F1%5C%22],[%5C%222023%2F5%2F2%5C%22,%5C%222023%2F5%2F5%5C%22],[%5C%222023%2F5%2F6%5C%22,%5C%222023%2F5%2F9%5C%22],[%5C%222023%2F5%2F10%5C%22,%5C%222023%2F5%2F13%5C%22],[%5C%222023%2F5%2F14%5C%22,%5C%222023%2F5%2F17%5C%22],[%5C%222023%2F5%2F18%5C%22,%5C%222023%2F5%2F21%5C%22],[%5C%222023%2F5%2F22%5C%22,%5C%222023%2F5%2F24%5C%22]]%22%7D&signature=2bea6aa385ae24c121d9502feb26ffc1
[ sql ] [ DB ] CONNECT:[ UseTime:0.012696s ] mysql:host=47.104.10.49;dbname=yunmmcall_big;charset=utf8
[ sql ] [ SQL ] SHOW COLUMNS FROM `t_app` [ RunTime:0.004883s ]
[ sql ] [ SQL ] SELECT * FROM `t_app` WHERE  `appId` = '123456' LIMIT 1 [ RunTime:0.002930s ]
[ sql ] [ SQL ] SHOW COLUMNS FROM `t_admin` [ RunTime:0.004883s ]
[ sql ] [ SQL ] SELECT * FROM `t_admin` WHERE  `id` = 12 LIMIT 1 [ RunTime:0.001953s ]
[ sql ] [ SQL ] SHOW COLUMNS FROM `t_auth_rule` [ RunTime:0.005860s ]
[ sql ] [ SQL ] SELECT * FROM `t_auth_rule` WHERE  `name` = 'admin/index/dataintegration' LIMIT 1 [ RunTime:0.001953s ]
[ sql ] [ SQL ] SHOW COLUMNS FROM `t_tree` [ RunTime:0.005859s ]
[ sql ] [ SQL ] SELECT DISTINCT  `a`.`jdName`,`c`.`No`,`c`.`oldmanname`,`c`.`Contact`,`c`.`Address`,`c`.`birthday`,`c`.`sex`,`c`.`identity_card`,`c`.`deviceno`,`c`.`Residence_state`,`c`.`oldman_type`,`c`.`marital_status`,`c`.`pathography`,`c`.`Children_situation`,`c`.`anaphylactic`,`c`.`Healthy`,`c`.`remark`,`c`.`lianxiren1`,`c`.`lianxiren2`,`c`.`lianxiren3`,`c`.`lianxiren4`,`c`.`lianxiren5`,`c`.`lianxiren6`,`c`.`lianxiren7`,`c`.`lianxiren8`,`c`.`longitude1`,`c`.`latitude1`,`c`.`clientno` FROM `t_tree` `a` LEFT JOIN `t_tree_device` `b` ON `a`.`jdno`=`b`.`jdparent` LEFT JOIN `t_people` `c` ON `b`.`deviceid`=`c`.`deviceno` WHERE  (   a.jdno = 88 ) [ RunTime:0.001953s ]
[ sql ] [ SQL ] SELECT DISTINCT  `c`.*,`d`.`No`,`d`.`oldmanname`,`d`.`Address` FROM `t_tree` `a` LEFT JOIN `t_tree_device` `b` ON `a`.`jdno`=`b`.`jdparent` LEFT JOIN `t_calllist_voice` `c` ON `b`.`deviceid`=`c`.`deviceid` LEFT JOIN `t_people` `d` ON `c`.`deviceid`=`d`.`deviceno` WHERE  (   a.jdno = 88 and c.status <> '挂断'  )  AND (  `c`.`status` = '<>' OR `c`.`status` <> '' ) ORDER BY `c`.`id` DESC LIMIT 0,10 [ RunTime:0.002930s ]
[ sql ] [ SQL ] SELECT DISTINCT  COUNT(*) AS tp_count FROM `t_tree` `a` LEFT JOIN `t_tree_device` `b` ON `a`.`jdno`=`b`.`jdparent` LEFT JOIN `t_calllist_voice` `c` ON `b`.`deviceid`=`c`.`deviceid` LEFT JOIN `t_people` `d` ON `c`.`deviceid`=`d`.`deviceno` WHERE  (   a.jdno = 88 and c.status <> '挂断'  )  AND (  `c`.`status` = '<>' OR `c`.`status` <> '' ) LIMIT 1 [ RunTime:0.001953s ]
[ sql ] [ SQL ] SELECT COUNT(c.calltime) AS counts,c.calltime as ctime FROM `t_tree` `a` LEFT JOIN `t_tree_device` `b` ON `a`.`jdno`=`b`.`jdparent` LEFT JOIN `t_calllist_voice` `c` ON `b`.`deviceid`=`c`.`deviceid` WHERE  (   a.jdno = 88 and c.status = '挂断' and  c.calltime >= '2023/4/24' and  c.calltime <= '2023-04-28' ) LIMIT 1 [ RunTime:0.001953s ]
[ sql ] [ SQL ] SELECT COUNT(c.calltime) AS counts,c.calltime as ctime FROM `t_tree` `a` LEFT JOIN `t_tree_device` `b` ON `a`.`jdno`=`b`.`jdparent` LEFT JOIN `t_calllist_voice` `c` ON `b`.`deviceid`=`c`.`deviceid` WHERE  (   a.jdno = 88 and c.status = '挂断' and  c.calltime >= '2023/4/28' and  c.calltime <= '2023-05-02' ) LIMIT 1 [ RunTime:0.002930s ]
[ sql ] [ SQL ] SELECT COUNT(c.calltime) AS counts,c.calltime as ctime FROM `t_tree` `a` LEFT JOIN `t_tree_device` `b` ON `a`.`jdno`=`b`.`jdparent` LEFT JOIN `t_calllist_voice` `c` ON `b`.`deviceid`=`c`.`deviceid` WHERE  (   a.jdno = 88 and c.status = '挂断' and  c.calltime >= '2023/5/2' and  c.calltime <= '2023-05-06' ) LIMIT 1 [ RunTime:0.001953s ]
[ sql ] [ SQL ] SELECT COUNT(c.calltime) AS counts,c.calltime as ctime FROM `t_tree` `a` LEFT JOIN `t_tree_device` `b` ON `a`.`jdno`=`b`.`jdparent` LEFT JOIN `t_calllist_voice` `c` ON `b`.`deviceid`=`c`.`deviceid` WHERE  (   a.jdno = 88 and c.status = '挂断' and  c.calltime >= '2023/5/6' and  c.calltime <= '2023-05-10' ) LIMIT 1 [ RunTime:0.001953s ]
[ sql ] [ SQL ] SELECT COUNT(c.calltime) AS counts,c.calltime as ctime FROM `t_tree` `a` LEFT JOIN `t_tree_device` `b` ON `a`.`jdno`=`b`.`jdparent` LEFT JOIN `t_calllist_voice` `c` ON `b`.`deviceid`=`c`.`deviceid` WHERE  (   a.jdno = 88 and c.status = '挂断' and  c.calltime >= '2023/5/10' and  c.calltime <= '2023-05-14' ) LIMIT 1 [ RunTime:0.001953s ]
[ sql ] [ SQL ] SELECT COUNT(c.calltime) AS counts,c.calltime as ctime FROM `t_tree` `a` LEFT JOIN `t_tree_device` `b` ON `a`.`jdno`=`b`.`jdparent` LEFT JOIN `t_calllist_voice` `c` ON `b`.`deviceid`=`c`.`deviceid` WHERE  (   a.jdno = 88 and c.status = '挂断' and  c.calltime >= '2023/5/14' and  c.calltime <= '2023-05-18' ) LIMIT 1 [ RunTime:0.001953s ]
[ sql ] [ SQL ] SELECT COUNT(c.calltime) AS counts,c.calltime as ctime FROM `t_tree` `a` LEFT JOIN `t_tree_device` `b` ON `a`.`jdno`=`b`.`jdparent` LEFT JOIN `t_calllist_voice` `c` ON `b`.`deviceid`=`c`.`deviceid` WHERE  (   a.jdno = 88 and c.status = '挂断' and  c.calltime >= '2023/5/18' and  c.calltime <= '2023-05-22' ) LIMIT 1 [ RunTime:0.001953s ]
[ sql ] [ SQL ] SELECT COUNT(c.calltime) AS counts,c.calltime as ctime FROM `t_tree` `a` LEFT JOIN `t_tree_device` `b` ON `a`.`jdno`=`b`.`jdparent` LEFT JOIN `t_calllist_voice` `c` ON `b`.`deviceid`=`c`.`deviceid` WHERE  (   a.jdno = 88 and c.status = '挂断' and  c.calltime >= '2023/5/22' and  c.calltime <= '2023-05-25' ) LIMIT 1 [ RunTime:0.001953s ]
[ sql ] [ SQL ] SELECT COUNT(c.calltime) AS counts,c.calltime as ctime FROM `t_tree` `a` LEFT JOIN `t_tree_device` `b` ON `a`.`jdno`=`b`.`jdparent` LEFT JOIN `t_calllist_voice` `c` ON `b`.`deviceid`=`c`.`deviceid` WHERE  (   a.jdno = 88 and c.status = '挂断' and  c.calltime >= '2023/4/24' and  c.calltime <= '2023-04-28' )  AND (  `c`.`taketime` IS NULL OR `c`.`taketime` = '' )  AND (  `c`.`endtime` IS NULL OR `c`.`endtime` = '' ) LIMIT 1 [ RunTime:0.014648s ]
[ sql ] [ SQL ] SELECT COUNT(c.calltime) AS counts,c.calltime as ctime FROM `t_tree` `a` LEFT JOIN `t_tree_device` `b` ON `a`.`jdno`=`b`.`jdparent` LEFT JOIN `t_calllist_voice` `c` ON `b`.`deviceid`=`c`.`deviceid` WHERE  (   a.jdno = 88 and c.status = '挂断' and  c.calltime >= '2023/4/28' and  c.calltime <= '2023-05-02' )  AND (  `c`.`taketime` IS NULL OR `c`.`taketime` = '' )  AND (  `c`.`endtime` IS NULL OR `c`.`endtime` = '' ) LIMIT 1 [ RunTime:0.015625s ]
[ sql ] [ SQL ] SELECT COUNT(c.calltime) AS counts,c.calltime as ctime FROM `t_tree` `a` LEFT JOIN `t_tree_device` `b` ON `a`.`jdno`=`b`.`jdparent` LEFT JOIN `t_calllist_voice` `c` ON `b`.`deviceid`=`c`.`deviceid` WHERE  (   a.jdno = 88 and c.status = '挂断' and  c.calltime >= '2023/5/2' and  c.calltime <= '2023-05-06' )  AND (  `c`.`taketime` IS NULL OR `c`.`taketime` = '' )  AND (  `c`.`endtime` IS NULL OR `c`.`endtime` = '' ) LIMIT 1 [ RunTime:0.012695s ]
[ sql ] [ SQL ] SELECT COUNT(c.calltime) AS counts,c.calltime as ctime FROM `t_tree` `a` LEFT JOIN `t_tree_device` `b` ON `a`.`jdno`=`b`.`jdparent` LEFT JOIN `t_calllist_voice` `c` ON `b`.`deviceid`=`c`.`deviceid` WHERE  (   a.jdno = 88 and c.status = '挂断' and  c.calltime >= '2023/5/6' and  c.calltime <= '2023-05-10' )  AND (  `c`.`taketime` IS NULL OR `c`.`taketime` = '' )  AND (  `c`.`endtime` IS NULL OR `c`.`endtime` = '' ) LIMIT 1 [ RunTime:0.012696s ]
[ sql ] [ SQL ] SELECT COUNT(c.calltime) AS counts,c.calltime as ctime FROM `t_tree` `a` LEFT JOIN `t_tree_device` `b` ON `a`.`jdno`=`b`.`jdparent` LEFT JOIN `t_calllist_voice` `c` ON `b`.`deviceid`=`c`.`deviceid` WHERE  (   a.jdno = 88 and c.status = '挂断' and  c.calltime >= '2023/5/10' and  c.calltime <= '2023-05-14' )  AND (  `c`.`taketime` IS NULL OR `c`.`taketime` = '' )  AND (  `c`.`endtime` IS NULL OR `c`.`endtime` = '' ) LIMIT 1 [ RunTime:0.012695s ]
[ sql ] [ SQL ] SELECT COUNT(c.calltime) AS counts,c.calltime as ctime FROM `t_tree` `a` LEFT JOIN `t_tree_device` `b` ON `a`.`jdno`=`b`.`jdparent` LEFT JOIN `t_calllist_voice` `c` ON `b`.`deviceid`=`c`.`deviceid` WHERE  (   a.jdno = 88 and c.status = '挂断' and  c.calltime >= '2023/5/14' and  c.calltime <= '2023-05-18' )  AND (  `c`.`taketime` IS NULL OR `c`.`taketime` = '' )  AND (  `c`.`endtime` IS NULL OR `c`.`endtime` = '' ) LIMIT 1 [ RunTime:0.012695s ]
[ sql ] [ SQL ] SELECT COUNT(c.calltime) AS counts,c.calltime as ctime FROM `t_tree` `a` LEFT JOIN `t_tree_device` `b` ON `a`.`jdno`=`b`.`jdparent` LEFT JOIN `t_calllist_voice` `c` ON `b`.`deviceid`=`c`.`deviceid` WHERE  (   a.jdno = 88 and c.status = '挂断' and  c.calltime >= '2023/5/18' and  c.calltime <= '2023-05-22' )  AND (  `c`.`taketime` IS NULL OR `c`.`taketime` = '' )  AND (  `c`.`endtime` IS NULL OR `c`.`endtime` = '' ) LIMIT 1 [ RunTime:0.013672s ]
[ sql ] [ SQL ] SELECT COUNT(c.calltime) AS counts,c.calltime as ctime FROM `t_tree` `a` LEFT JOIN `t_tree_device` `b` ON `a`.`jdno`=`b`.`jdparent` LEFT JOIN `t_calllist_voice` `c` ON `b`.`deviceid`=`c`.`deviceid` WHERE  (   a.jdno = 88 and c.status = '挂断' and  c.calltime >= '2023/5/22' and  c.calltime <= '2023-05-25' )  AND (  `c`.`taketime` IS NULL OR `c`.`taketime` = '' )  AND (  `c`.`endtime` IS NULL OR `c`.`endtime` = '' ) LIMIT 1 [ RunTime:0.012696s ]
---------------------------------------------------------------
[ 2023-05-24T08:44:29+08:00 ] 175.164.87.219 POST www.mmcall.net:7002/index.php/admin/Index/mapIntegration
[ sql ] [ DB ] CONNECT:[ UseTime:0.013672s ] mysql:host=47.104.10.49;dbname=yunmmcall_big;charset=utf8
[ sql ] [ SQL ] SHOW COLUMNS FROM `t_app` [ RunTime:0.005859s ]
[ sql ] [ SQL ] SELECT * FROM `t_app` WHERE  `appId` = '123456' LIMIT 1 [ RunTime:0.002930s ]
[ sql ] [ SQL ] SHOW COLUMNS FROM `t_admin` [ RunTime:0.005859s ]
[ sql ] [ SQL ] SELECT * FROM `t_admin` WHERE  `id` = 12 LIMIT 1 [ RunTime:0.002930s ]
[ sql ] [ SQL ] SHOW COLUMNS FROM `t_auth_rule` [ RunTime:0.006836s ]
[ sql ] [ SQL ] SELECT * FROM `t_auth_rule` WHERE  `name` = 'admin/index/mapintegration' LIMIT 1 [ RunTime:0.002930s ]
[ sql ] [ SQL ] SHOW COLUMNS FROM `t_tree` [ RunTime:0.006836s ]
[ sql ] [ SQL ] SELECT DISTINCT  `a`.`jdName`,`c`.`No`,`c`.`oldmanname`,`c`.`Contact`,`c`.`Address`,`c`.`birthday`,`c`.`sex`,`c`.`identity_card`,`c`.`deviceno`,`c`.`Residence_state`,`c`.`oldman_type`,`c`.`marital_status`,`c`.`pathography`,`c`.`Children_situation`,`c`.`anaphylactic`,`c`.`Healthy`,`c`.`remark`,`c`.`lianxiren1`,`c`.`lianxiren2`,`c`.`lianxiren3`,`c`.`lianxiren4`,`c`.`lianxiren5`,`c`.`lianxiren6`,`c`.`lianxiren7`,`c`.`lianxiren8`,`c`.`longitude1`,`c`.`latitude1`,`c`.`clientno`,`d`.`isonline` FROM `t_tree` `a` LEFT JOIN `t_tree_device` `b` ON `a`.`jdno`=`b`.`jdparent` LEFT JOIN `t_people` `c` ON `b`.`deviceid`=`c`.`deviceno` LEFT JOIN `t_callno` `d` ON `c`.`deviceno`=`d`.`callno` WHERE  (   a.jdno = 88 ) [ RunTime:0.039062s ]
---------------------------------------------------------------
[ 2023-05-24T17:17:56+08:00 ] 175.164.87.219 POST www.mmcall.net:7002/index.php/admin/login/index
[ sql ] [ DB ] CONNECT:[ UseTime:0.003906s ] mysql:host=47.104.10.49;dbname=yunmmcall_big;charset=utf8
[ sql ] [ SQL ] SHOW COLUMNS FROM `t_app` [ RunTime:0.005859s ]
[ sql ] [ SQL ] SELECT * FROM `t_app` WHERE  `appId` = '123456' LIMIT 1 [ RunTime:0.001953s ]
[ sql ] [ SQL ] SHOW COLUMNS FROM `t_admin` [ RunTime:0.004882s ]
[ sql ] [ SQL ] SELECT * FROM `t_admin` WHERE  `userName` = 'neimeng' LIMIT 1 [ RunTime:0.001954s ]
---------------------------------------------------------------
[ 2023-05-24T17:17:56+08:00 ] 175.164.87.219 POST www.mmcall.net:7002/index.php/admin/admin/getuser
[ sql ] [ DB ] CONNECT:[ UseTime:0.003906s ] mysql:host=47.104.10.49;dbname=yunmmcall_big;charset=utf8
[ sql ] [ SQL ] SHOW COLUMNS FROM `t_app` [ RunTime:0.006836s ]
[ sql ] [ SQL ] SELECT * FROM `t_app` WHERE  `appId` = '123456' LIMIT 1 [ RunTime:0.002929s ]
[ sql ] [ SQL ] SHOW COLUMNS FROM `t_admin` [ RunTime:0.004883s ]
[ sql ] [ SQL ] SELECT * FROM `t_admin` WHERE  `id` = 12 LIMIT 1 [ RunTime:0.001954s ]
[ sql ] [ SQL ] SHOW COLUMNS FROM `t_auth_rule` [ RunTime:0.005859s ]
[ sql ] [ SQL ] SELECT * FROM `t_auth_rule` WHERE  `name` = 'admin/admin/getuser' LIMIT 1 [ RunTime:0.002930s ]
[ sql ] [ SQL ] SHOW COLUMNS FROM `t_tree` [ RunTime:0.005859s ]
[ sql ] [ SQL ] SELECT `b`.`UnitNo`,`a`.* FROM `t_tree` `a` LEFT JOIN `customer` `b` ON `a`.`jdno`=`b`.`jdParent` WHERE  `UnitNo` = '80492e8b8c104cc9a81645e9b3ffd80f' LIMIT 1 [ RunTime:0.001954s ]
[ sql ] [ SQL ] SELECT * FROM `t_auth_rule` WHERE  `id` IN (1,2,3,4,5,6,7,8,9,11)  AND `status` = 1 ORDER BY `sorts` [ RunTime:0.001953s ]
[ sql ] [ SQL ] SELECT `b`.`UnitNo`,`a`.* FROM `t_tree` `a` LEFT JOIN `customer` `b` ON `a`.`jdno`=`b`.`jdParent` WHERE  `UnitNo` = '80492e8b8c104cc9a81645e9b3ffd80f' LIMIT 1 [ RunTime:0.002929s ]
---------------------------------------------------------------
[ 2023-05-24T17:17:57+08:00 ] 175.164.87.219 POST www.mmcall.net:7002/index.php/admin/Index/mapIntegration
[ sql ] [ DB ] CONNECT:[ UseTime:0.003906s ] mysql:host=47.104.10.49;dbname=yunmmcall_big;charset=utf8
[ sql ] [ SQL ] SHOW COLUMNS FROM `t_app` [ RunTime:0.006836s ]
[ sql ] [ SQL ] SELECT * FROM `t_app` WHERE  `appId` = '123456' LIMIT 1 [ RunTime:0.002930s ]
[ sql ] [ SQL ] SHOW COLUMNS FROM `t_admin` [ RunTime:0.005859s ]
[ sql ] [ SQL ] SELECT * FROM `t_admin` WHERE  `id` = 12 LIMIT 1 [ RunTime:0.002930s ]
[ sql ] [ SQL ] SHOW COLUMNS FROM `t_auth_rule` [ RunTime:0.005859s ]
[ sql ] [ SQL ] SELECT * FROM `t_auth_rule` WHERE  `name` = 'admin/index/mapintegration' LIMIT 1 [ RunTime:0.002929s ]
[ sql ] [ SQL ] SHOW COLUMNS FROM `t_tree` [ RunTime:0.004883s ]
[ sql ] [ SQL ] SELECT DISTINCT  `a`.`jdName`,`c`.`No`,`c`.`oldmanname`,`c`.`Contact`,`c`.`Address`,`c`.`birthday`,`c`.`sex`,`c`.`identity_card`,`c`.`deviceno`,`c`.`Residence_state`,`c`.`oldman_type`,`c`.`marital_status`,`c`.`pathography`,`c`.`Children_situation`,`c`.`anaphylactic`,`c`.`Healthy`,`c`.`remark`,`c`.`lianxiren1`,`c`.`lianxiren2`,`c`.`lianxiren3`,`c`.`lianxiren4`,`c`.`lianxiren5`,`c`.`lianxiren6`,`c`.`lianxiren7`,`c`.`lianxiren8`,`c`.`longitude1`,`c`.`latitude1`,`c`.`clientno`,`d`.`isonline` FROM `t_tree` `a` LEFT JOIN `t_tree_device` `b` ON `a`.`jdno`=`b`.`jdparent` LEFT JOIN `t_people` `c` ON `b`.`deviceid`=`c`.`deviceno` LEFT JOIN `t_callno` `d` ON `c`.`deviceno`=`d`.`callno` WHERE  (   a.jdno = 88 ) [ RunTime:0.058593s ]
---------------------------------------------------------------
[ 2023-05-24T17:17:57+08:00 ] 175.164.87.219 GET www.mmcall.net:7002/index.php/admin/Index/dataIntegration?data=%7B%22jdno%22:88,%22dateValue%22:%22%E6%9C%88%22,%22themoonarraylist%22:%22[[%5C%222023%2F4%2F24%5C%22,%5C%222023%2F4%2F27%5C%22],[%5C%222023%2F4%2F28%5C%22,%5C%222023%2F5%2F1%5C%22],[%5C%222023%2F5%2F2%5C%22,%5C%222023%2F5%2F5%5C%22],[%5C%222023%2F5%2F6%5C%22,%5C%222023%2F5%2F9%5C%22],[%5C%222023%2F5%2F10%5C%22,%5C%222023%2F5%2F13%5C%22],[%5C%222023%2F5%2F14%5C%22,%5C%222023%2F5%2F17%5C%22],[%5C%222023%2F5%2F18%5C%22,%5C%222023%2F5%2F21%5C%22],[%5C%222023%2F5%2F22%5C%22,%5C%222023%2F5%2F24%5C%22]]%22%7D&signature=2bea6aa385ae24c121d9502feb26ffc1
[ sql ] [ DB ] CONNECT:[ UseTime:0.013672s ] mysql:host=47.104.10.49;dbname=yunmmcall_big;charset=utf8
[ sql ] [ SQL ] SHOW COLUMNS FROM `t_app` [ RunTime:0.005859s ]
[ sql ] [ SQL ] SELECT * FROM `t_app` WHERE  `appId` = '123456' LIMIT 1 [ RunTime:0.001953s ]
[ sql ] [ SQL ] SHOW COLUMNS FROM `t_admin` [ RunTime:0.005859s ]
[ sql ] [ SQL ] SELECT * FROM `t_admin` WHERE  `id` = 12 LIMIT 1 [ RunTime:0.002930s ]
[ sql ] [ SQL ] SHOW COLUMNS FROM `t_auth_rule` [ RunTime:0.004883s ]
[ sql ] [ SQL ] SELECT * FROM `t_auth_rule` WHERE  `name` = 'admin/index/dataintegration' LIMIT 1 [ RunTime:0.001953s ]
[ sql ] [ SQL ] SHOW COLUMNS FROM `t_tree` [ RunTime:0.005859s ]
[ sql ] [ SQL ] SELECT DISTINCT  `a`.`jdName`,`c`.`No`,`c`.`oldmanname`,`c`.`Contact`,`c`.`Address`,`c`.`birthday`,`c`.`sex`,`c`.`identity_card`,`c`.`deviceno`,`c`.`Residence_state`,`c`.`oldman_type`,`c`.`marital_status`,`c`.`pathography`,`c`.`Children_situation`,`c`.`anaphylactic`,`c`.`Healthy`,`c`.`remark`,`c`.`lianxiren1`,`c`.`lianxiren2`,`c`.`lianxiren3`,`c`.`lianxiren4`,`c`.`lianxiren5`,`c`.`lianxiren6`,`c`.`lianxiren7`,`c`.`lianxiren8`,`c`.`longitude1`,`c`.`latitude1`,`c`.`clientno` FROM `t_tree` `a` LEFT JOIN `t_tree_device` `b` ON `a`.`jdno`=`b`.`jdparent` LEFT JOIN `t_people` `c` ON `b`.`deviceid`=`c`.`deviceno` WHERE  (   a.jdno = 88 ) [ RunTime:0.040039s ]
[ sql ] [ SQL ] SELECT DISTINCT  `c`.*,`d`.`No`,`d`.`oldmanname`,`d`.`Address` FROM `t_tree` `a` LEFT JOIN `t_tree_device` `b` ON `a`.`jdno`=`b`.`jdparent` LEFT JOIN `t_calllist_voice` `c` ON `b`.`deviceid`=`c`.`deviceid` LEFT JOIN `t_people` `d` ON `c`.`deviceid`=`d`.`deviceno` WHERE  (   a.jdno = 88 and c.status <> '挂断'  )  AND (  `c`.`status` = '<>' OR `c`.`status` <> '' ) ORDER BY `c`.`id` DESC LIMIT 0,10 [ RunTime:0.016601s ]
[ sql ] [ SQL ] SELECT DISTINCT  COUNT(*) AS tp_count FROM `t_tree` `a` LEFT JOIN `t_tree_device` `b` ON `a`.`jdno`=`b`.`jdparent` LEFT JOIN `t_calllist_voice` `c` ON `b`.`deviceid`=`c`.`deviceid` LEFT JOIN `t_people` `d` ON `c`.`deviceid`=`d`.`deviceno` WHERE  (   a.jdno = 88 and c.status <> '挂断'  )  AND (  `c`.`status` = '<>' OR `c`.`status` <> '' ) LIMIT 1 [ RunTime:0.012696s ]
[ sql ] [ SQL ] SELECT COUNT(c.calltime) AS counts,c.calltime as ctime FROM `t_tree` `a` LEFT JOIN `t_tree_device` `b` ON `a`.`jdno`=`b`.`jdparent` LEFT JOIN `t_calllist_voice` `c` ON `b`.`deviceid`=`c`.`deviceid` WHERE  (   a.jdno = 88 and c.status = '挂断' and  c.calltime >= '2023/4/24' and  c.calltime <= '2023-04-28' ) LIMIT 1 [ RunTime:0.013672s ]
[ sql ] [ SQL ] SELECT COUNT(c.calltime) AS counts,c.calltime as ctime FROM `t_tree` `a` LEFT JOIN `t_tree_device` `b` ON `a`.`jdno`=`b`.`jdparent` LEFT JOIN `t_calllist_voice` `c` ON `b`.`deviceid`=`c`.`deviceid` WHERE  (   a.jdno = 88 and c.status = '挂断' and  c.calltime >= '2023/4/28' and  c.calltime <= '2023-05-02' ) LIMIT 1 [ RunTime:0.012695s ]
[ sql ] [ SQL ] SELECT COUNT(c.calltime) AS counts,c.calltime as ctime FROM `t_tree` `a` LEFT JOIN `t_tree_device` `b` ON `a`.`jdno`=`b`.`jdparent` LEFT JOIN `t_calllist_voice` `c` ON `b`.`deviceid`=`c`.`deviceid` WHERE  (   a.jdno = 88 and c.status = '挂断' and  c.calltime >= '2023/5/2' and  c.calltime <= '2023-05-06' ) LIMIT 1 [ RunTime:0.014649s ]
[ sql ] [ SQL ] SELECT COUNT(c.calltime) AS counts,c.calltime as ctime FROM `t_tree` `a` LEFT JOIN `t_tree_device` `b` ON `a`.`jdno`=`b`.`jdparent` LEFT JOIN `t_calllist_voice` `c` ON `b`.`deviceid`=`c`.`deviceid` WHERE  (   a.jdno = 88 and c.status = '挂断' and  c.calltime >= '2023/5/6' and  c.calltime <= '2023-05-10' ) LIMIT 1 [ RunTime:0.013672s ]
[ sql ] [ SQL ] SELECT COUNT(c.calltime) AS counts,c.calltime as ctime FROM `t_tree` `a` LEFT JOIN `t_tree_device` `b` ON `a`.`jdno`=`b`.`jdparent` LEFT JOIN `t_calllist_voice` `c` ON `b`.`deviceid`=`c`.`deviceid` WHERE  (   a.jdno = 88 and c.status = '挂断' and  c.calltime >= '2023/5/10' and  c.calltime <= '2023-05-14' ) LIMIT 1 [ RunTime:0.013672s ]
[ sql ] [ SQL ] SELECT COUNT(c.calltime) AS counts,c.calltime as ctime FROM `t_tree` `a` LEFT JOIN `t_tree_device` `b` ON `a`.`jdno`=`b`.`jdparent` LEFT JOIN `t_calllist_voice` `c` ON `b`.`deviceid`=`c`.`deviceid` WHERE  (   a.jdno = 88 and c.status = '挂断' and  c.calltime >= '2023/5/14' and  c.calltime <= '2023-05-18' ) LIMIT 1 [ RunTime:0.013672s ]
[ sql ] [ SQL ] SELECT COUNT(c.calltime) AS counts,c.calltime as ctime FROM `t_tree` `a` LEFT JOIN `t_tree_device` `b` ON `a`.`jdno`=`b`.`jdparent` LEFT JOIN `t_calllist_voice` `c` ON `b`.`deviceid`=`c`.`deviceid` WHERE  (   a.jdno = 88 and c.status = '挂断' and  c.calltime >= '2023/5/18' and  c.calltime <= '2023-05-22' ) LIMIT 1 [ RunTime:0.014648s ]
[ sql ] [ SQL ] SELECT COUNT(c.calltime) AS counts,c.calltime as ctime FROM `t_tree` `a` LEFT JOIN `t_tree_device` `b` ON `a`.`jdno`=`b`.`jdparent` LEFT JOIN `t_calllist_voice` `c` ON `b`.`deviceid`=`c`.`deviceid` WHERE  (   a.jdno = 88 and c.status = '挂断' and  c.calltime >= '2023/5/22' and  c.calltime <= '2023-05-25' ) LIMIT 1 [ RunTime:0.024414s ]
[ sql ] [ SQL ] SELECT COUNT(c.calltime) AS counts,c.calltime as ctime FROM `t_tree` `a` LEFT JOIN `t_tree_device` `b` ON `a`.`jdno`=`b`.`jdparent` LEFT JOIN `t_calllist_voice` `c` ON `b`.`deviceid`=`c`.`deviceid` WHERE  (   a.jdno = 88 and c.status = '挂断' and  c.calltime >= '2023/4/24' and  c.calltime <= '2023-04-28' )  AND (  `c`.`taketime` IS NULL OR `c`.`taketime` = '' )  AND (  `c`.`endtime` IS NULL OR `c`.`endtime` = '' ) LIMIT 1 [ RunTime:0.024414s ]
[ sql ] [ SQL ] SELECT COUNT(c.calltime) AS counts,c.calltime as ctime FROM `t_tree` `a` LEFT JOIN `t_tree_device` `b` ON `a`.`jdno`=`b`.`jdparent` LEFT JOIN `t_calllist_voice` `c` ON `b`.`deviceid`=`c`.`deviceid` WHERE  (   a.jdno = 88 and c.status = '挂断' and  c.calltime >= '2023/4/28' and  c.calltime <= '2023-05-02' )  AND (  `c`.`taketime` IS NULL OR `c`.`taketime` = '' )  AND (  `c`.`endtime` IS NULL OR `c`.`endtime` = '' ) LIMIT 1 [ RunTime:0.019531s ]
[ sql ] [ SQL ] SELECT COUNT(c.calltime) AS counts,c.calltime as ctime FROM `t_tree` `a` LEFT JOIN `t_tree_device` `b` ON `a`.`jdno`=`b`.`jdparent` LEFT JOIN `t_calllist_voice` `c` ON `b`.`deviceid`=`c`.`deviceid` WHERE  (   a.jdno = 88 and c.status = '挂断' and  c.calltime >= '2023/5/2' and  c.calltime <= '2023-05-06' )  AND (  `c`.`taketime` IS NULL OR `c`.`taketime` = '' )  AND (  `c`.`endtime` IS NULL OR `c`.`endtime` = '' ) LIMIT 1 [ RunTime:0.020508s ]
[ sql ] [ SQL ] SELECT COUNT(c.calltime) AS counts,c.calltime as ctime FROM `t_tree` `a` LEFT JOIN `t_tree_device` `b` ON `a`.`jdno`=`b`.`jdparent` LEFT JOIN `t_calllist_voice` `c` ON `b`.`deviceid`=`c`.`deviceid` WHERE  (   a.jdno = 88 and c.status = '挂断' and  c.calltime >= '2023/5/6' and  c.calltime <= '2023-05-10' )  AND (  `c`.`taketime` IS NULL OR `c`.`taketime` = '' )  AND (  `c`.`endtime` IS NULL OR `c`.`endtime` = '' ) LIMIT 1 [ RunTime:0.024414s ]
[ sql ] [ SQL ] SELECT COUNT(c.calltime) AS counts,c.calltime as ctime FROM `t_tree` `a` LEFT JOIN `t_tree_device` `b` ON `a`.`jdno`=`b`.`jdparent` LEFT JOIN `t_calllist_voice` `c` ON `b`.`deviceid`=`c`.`deviceid` WHERE  (   a.jdno = 88 and c.status = '挂断' and  c.calltime >= '2023/5/10' and  c.calltime <= '2023-05-14' )  AND (  `c`.`taketime` IS NULL OR `c`.`taketime` = '' )  AND (  `c`.`endtime` IS NULL OR `c`.`endtime` = '' ) LIMIT 1 [ RunTime:0.026367s ]
[ sql ] [ SQL ] SELECT COUNT(c.calltime) AS counts,c.calltime as ctime FROM `t_tree` `a` LEFT JOIN `t_tree_device` `b` ON `a`.`jdno`=`b`.`jdparent` LEFT JOIN `t_calllist_voice` `c` ON `b`.`deviceid`=`c`.`deviceid` WHERE  (   a.jdno = 88 and c.status = '挂断' and  c.calltime >= '2023/5/14' and  c.calltime <= '2023-05-18' )  AND (  `c`.`taketime` IS NULL OR `c`.`taketime` = '' )  AND (  `c`.`endtime` IS NULL OR `c`.`endtime` = '' ) LIMIT 1 [ RunTime:0.021484s ]
[ sql ] [ SQL ] SELECT COUNT(c.calltime) AS counts,c.calltime as ctime FROM `t_tree` `a` LEFT JOIN `t_tree_device` `b` ON `a`.`jdno`=`b`.`jdparent` LEFT JOIN `t_calllist_voice` `c` ON `b`.`deviceid`=`c`.`deviceid` WHERE  (   a.jdno = 88 and c.status = '挂断' and  c.calltime >= '2023/5/18' and  c.calltime <= '2023-05-22' )  AND (  `c`.`taketime` IS NULL OR `c`.`taketime` = '' )  AND (  `c`.`endtime` IS NULL OR `c`.`endtime` = '' ) LIMIT 1 [ RunTime:0.014649s ]
[ sql ] [ SQL ] SELECT COUNT(c.calltime) AS counts,c.calltime as ctime FROM `t_tree` `a` LEFT JOIN `t_tree_device` `b` ON `a`.`jdno`=`b`.`jdparent` LEFT JOIN `t_calllist_voice` `c` ON `b`.`deviceid`=`c`.`deviceid` WHERE  (   a.jdno = 88 and c.status = '挂断' and  c.calltime >= '2023/5/22' and  c.calltime <= '2023-05-25' )  AND (  `c`.`taketime` IS NULL OR `c`.`taketime` = '' )  AND (  `c`.`endtime` IS NULL OR `c`.`endtime` = '' ) LIMIT 1 [ RunTime:0.014649s ]
---------------------------------------------------------------
[ 2023-05-24T17:18:04+08:00 ] 175.164.87.219 POST www.mmcall.net:7002/index.php/admin/Index/getPeopleList
[ sql ] [ DB ] CONNECT:[ UseTime:0.003906s ] mysql:host=47.104.10.49;dbname=yunmmcall_big;charset=utf8
[ sql ] [ SQL ] SHOW COLUMNS FROM `t_app` [ RunTime:0.005860s ]
[ sql ] [ SQL ] SELECT * FROM `t_app` WHERE  `appId` = '123456' LIMIT 1 [ RunTime:0.002930s ]
[ sql ] [ SQL ] SHOW COLUMNS FROM `t_admin` [ RunTime:0.006836s ]
[ sql ] [ SQL ] SELECT * FROM `t_admin` WHERE  `id` = 12 LIMIT 1 [ RunTime:0.002930s ]
[ sql ] [ SQL ] SHOW COLUMNS FROM `t_auth_rule` [ RunTime:0.006836s ]
[ sql ] [ SQL ] SELECT * FROM `t_auth_rule` WHERE  `name` = 'admin/index/getpeoplelist' LIMIT 1 [ RunTime:0.001953s ]
[ sql ] [ SQL ] SHOW COLUMNS FROM `t_tree` [ RunTime:0.004882s ]
[ sql ] [ SQL ] SELECT DISTINCT  `a`.`jdName`,`c`.* FROM `t_tree` `a` LEFT JOIN `t_tree_device` `b` ON `a`.`jdno`=`b`.`jdparent` LEFT JOIN `t_people` `c` ON `b`.`deviceid`=`c`.`deviceno` WHERE  (   a.jdno = 88 ) ORDER BY `c`.`deviceno` DESC LIMIT 0,10 [ RunTime:0.041992s ]
[ sql ] [ SQL ] SELECT DISTINCT  COUNT(*) AS tp_count FROM `t_tree` `a` LEFT JOIN `t_tree_device` `b` ON `a`.`jdno`=`b`.`jdparent` LEFT JOIN `t_people` `c` ON `b`.`deviceid`=`c`.`deviceno` WHERE  (   a.jdno = 88 ) LIMIT 1 [ RunTime:0.022461s ]
---------------------------------------------------------------
[ 2023-05-24T17:18:07+08:00 ] 175.164.87.219 POST www.mmcall.net:7002/index.php/admin/Index/dateCallsList
[ sql ] [ DB ] CONNECT:[ UseTime:0.003906s ] mysql:host=47.104.10.49;dbname=yunmmcall_big;charset=utf8
[ sql ] [ SQL ] SHOW COLUMNS FROM `t_app` [ RunTime:0.005860s ]
[ sql ] [ SQL ] SELECT * FROM `t_app` WHERE  `appId` = '123456' LIMIT 1 [ RunTime:0.002930s ]
[ sql ] [ SQL ] SHOW COLUMNS FROM `t_admin` [ RunTime:0.005859s ]
[ sql ] [ SQL ] SELECT * FROM `t_admin` WHERE  `id` = 12 LIMIT 1 [ RunTime:0.001953s ]
[ sql ] [ SQL ] SHOW COLUMNS FROM `t_auth_rule` [ RunTime:0.005859s ]
[ sql ] [ SQL ] SELECT * FROM `t_auth_rule` WHERE  `name` = 'admin/index/datecallslist' LIMIT 1 [ RunTime:0.002930s ]
[ sql ] [ SQL ] SHOW COLUMNS FROM `t_tree` [ RunTime:0.006836s ]
[ sql ] [ SQL ] SELECT DISTINCT  `c`.*,`d`.`No`,`d`.`oldmanname`,`d`.`Address` FROM `t_tree` `a` LEFT JOIN `t_tree_device` `b` ON `a`.`jdno`=`b`.`jdparent` LEFT JOIN `t_calllist_voice` `c` ON `b`.`deviceid`=`c`.`deviceid` LEFT JOIN `t_people` `d` ON `c`.`deviceid`=`d`.`deviceno` WHERE  (   a.jdno = 88 and c.status <> '挂断'  )  AND (  `c`.`status` = '<>' OR `c`.`status` <> '' ) ORDER BY `c`.`id` DESC LIMIT 0,10 [ RunTime:0.002930s ]
[ sql ] [ SQL ] SELECT DISTINCT  COUNT(*) AS tp_count FROM `t_tree` `a` LEFT JOIN `t_tree_device` `b` ON `a`.`jdno`=`b`.`jdparent` LEFT JOIN `t_calllist_voice` `c` ON `b`.`deviceid`=`c`.`deviceid` LEFT JOIN `t_people` `d` ON `c`.`deviceid`=`d`.`deviceno` WHERE  (   a.jdno = 88 and c.status <> '挂断'  )  AND (  `c`.`status` = '<>' OR `c`.`status` <> '' ) LIMIT 1 [ RunTime:0.002929s ]
---------------------------------------------------------------
[ 2023-05-24T17:18:09+08:00 ] 175.164.87.219 POST www.mmcall.net:7002/index.php/admin/Index/historyCallsList
[ sql ] [ DB ] CONNECT:[ UseTime:0.012696s ] mysql:host=47.104.10.49;dbname=yunmmcall_big;charset=utf8
[ sql ] [ SQL ] SHOW COLUMNS FROM `t_app` [ RunTime:0.006836s ]
[ sql ] [ SQL ] SELECT * FROM `t_app` WHERE  `appId` = '123456' LIMIT 1 [ RunTime:0.002929s ]
[ sql ] [ SQL ] SHOW COLUMNS FROM `t_admin` [ RunTime:0.005859s ]
[ sql ] [ SQL ] SELECT * FROM `t_admin` WHERE  `id` = 12 LIMIT 1 [ RunTime:0.002930s ]
[ sql ] [ SQL ] SHOW COLUMNS FROM `t_auth_rule` [ RunTime:0.006836s ]
[ sql ] [ SQL ] SELECT * FROM `t_auth_rule` WHERE  `name` = 'admin/index/historycallslist' LIMIT 1 [ RunTime:0.002929s ]
[ sql ] [ SQL ] SHOW COLUMNS FROM `t_tree` [ RunTime:0.006836s ]
[ sql ] [ SQL ] SELECT DISTINCT  `c`.*,`d`.`No`,`d`.`oldmanname`,`d`.`Address` FROM `t_tree` `a` LEFT JOIN `t_tree_device` `b` ON `a`.`jdno`=`b`.`jdparent` LEFT JOIN `t_calllist_voice` `c` ON `b`.`deviceid`=`c`.`deviceid` LEFT JOIN `t_people` `d` ON `c`.`deviceid`=`d`.`deviceno` WHERE  (   a.jdno = 88 ) LIMIT 0,10 [ RunTime:0.023437s ]
[ sql ] [ SQL ] SELECT DISTINCT  COUNT(*) AS tp_count FROM `t_tree` `a` LEFT JOIN `t_tree_device` `b` ON `a`.`jdno`=`b`.`jdparent` LEFT JOIN `t_calllist_voice` `c` ON `b`.`deviceid`=`c`.`deviceid` LEFT JOIN `t_people` `d` ON `c`.`deviceid`=`d`.`deviceno` WHERE  (   a.jdno = 88 )  AND (   a.jdno = 88 ) LIMIT 1 [ RunTime:0.435547s ]
---------------------------------------------------------------
[ 2023-05-24T17:18:11+08:00 ] 175.164.87.219 POST www.mmcall.net:7002/index.php/admin/roles/getLists
[ sql ] [ DB ] CONNECT:[ UseTime:0.003906s ] mysql:host=47.104.10.49;dbname=yunmmcall_big;charset=utf8
[ sql ] [ SQL ] SHOW COLUMNS FROM `t_app` [ RunTime:0.005860s ]
[ sql ] [ SQL ] SELECT * FROM `t_app` WHERE  `appId` = '123456' LIMIT 1 [ RunTime:0.002929s ]
[ sql ] [ SQL ] SHOW COLUMNS FROM `t_admin` [ RunTime:0.006836s ]
[ sql ] [ SQL ] SELECT * FROM `t_admin` WHERE  `id` = 12 LIMIT 1 [ RunTime:0.001953s ]
[ sql ] [ SQL ] SHOW COLUMNS FROM `t_auth_rule` [ RunTime:0.006836s ]
[ sql ] [ SQL ] SELECT * FROM `t_auth_rule` WHERE  `name` = 'admin/roles/getlists' LIMIT 1 [ RunTime:0.003907s ]
[ sql ] [ SQL ] SHOW COLUMNS FROM `t_auth_group` [ RunTime:0.005859s ]
[ sql ] [ SQL ] SELECT `a`.* FROM `t_auth_group` `a` WHERE  (  1 and a.status =  1 ) ORDER BY `a`.`id` ASC [ RunTime:0.001953s ]
---------------------------------------------------------------
[ 2023-05-24T17:18:11+08:00 ] 175.164.87.219 POST www.mmcall.net:7002/index.php/admin/admin/index
[ sql ] [ DB ] CONNECT:[ UseTime:0.012695s ] mysql:host=47.104.10.49;dbname=yunmmcall_big;charset=utf8
[ sql ] [ SQL ] SHOW COLUMNS FROM `t_app` [ RunTime:0.006836s ]
[ sql ] [ SQL ] SELECT * FROM `t_app` WHERE  `appId` = '123456' LIMIT 1 [ RunTime:0.002930s ]
[ sql ] [ SQL ] SHOW COLUMNS FROM `t_admin` [ RunTime:0.006835s ]
[ sql ] [ SQL ] SELECT * FROM `t_admin` WHERE  `id` = 12 LIMIT 1 [ RunTime:0.002930s ]
[ sql ] [ SQL ] SHOW COLUMNS FROM `t_auth_rule` [ RunTime:0.007812s ]
[ sql ] [ SQL ] SELECT * FROM `t_auth_rule` WHERE  `name` = 'admin/admin/index' LIMIT 1 [ RunTime:0.001954s ]
[ sql ] [ SQL ] SELECT `a`.*,`c`.`jdName` FROM `t_admin` `a` LEFT JOIN `customer` `b` ON `a`.`UnitNo`=`b`.`UnitNo` LEFT JOIN `t_tree` `c` ON `b`.`jdParent`=`c`.`jdno` WHERE  (  1 and a.UnitNo = '80492e8b8c104cc9a81645e9b3ffd80f'  and c.jdName = '内蒙古东江物业居家养老呼叫机项目'  ) ORDER BY `a`.`id` DESC LIMIT 0,10 [ RunTime:0.002929s ]
[ sql ] [ SQL ] SELECT COUNT(*) AS tp_count FROM `t_admin` `a` LEFT JOIN `customer` `b` ON `a`.`UnitNo`=`b`.`UnitNo` LEFT JOIN `t_tree` `c` ON `b`.`jdParent`=`c`.`jdno` LIMIT 1 [ RunTime:0.002930s ]
---------------------------------------------------------------
[ 2023-05-24T17:18:15+08:00 ] 175.164.87.219 GET www.mmcall.net:7002/index.php/admin/Index/dataIntegration?data=%7B%22jdno%22:88,%22dateValue%22:%22%E6%9C%88%22,%22themoonarraylist%22:%22[[%5C%222023%2F4%2F24%5C%22,%5C%222023%2F4%2F27%5C%22],[%5C%222023%2F4%2F28%5C%22,%5C%222023%2F5%2F1%5C%22],[%5C%222023%2F5%2F2%5C%22,%5C%222023%2F5%2F5%5C%22],[%5C%222023%2F5%2F6%5C%22,%5C%222023%2F5%2F9%5C%22],[%5C%222023%2F5%2F10%5C%22,%5C%222023%2F5%2F13%5C%22],[%5C%222023%2F5%2F14%5C%22,%5C%222023%2F5%2F17%5C%22],[%5C%222023%2F5%2F18%5C%22,%5C%222023%2F5%2F21%5C%22],[%5C%222023%2F5%2F22%5C%22,%5C%222023%2F5%2F24%5C%22]]%22%7D&signature=2bea6aa385ae24c121d9502feb26ffc1
[ sql ] [ DB ] CONNECT:[ UseTime:0.013672s ] mysql:host=47.104.10.49;dbname=yunmmcall_big;charset=utf8
[ sql ] [ SQL ] SHOW COLUMNS FROM `t_app` [ RunTime:0.005859s ]
[ sql ] [ SQL ] SELECT * FROM `t_app` WHERE  `appId` = '123456' LIMIT 1 [ RunTime:0.002930s ]
[ sql ] [ SQL ] SHOW COLUMNS FROM `t_admin` [ RunTime:0.005859s ]
[ sql ] [ SQL ] SELECT * FROM `t_admin` WHERE  `id` = 12 LIMIT 1 [ RunTime:0.002930s ]
[ sql ] [ SQL ] SHOW COLUMNS FROM `t_auth_rule` [ RunTime:0.005859s ]
[ sql ] [ SQL ] SELECT * FROM `t_auth_rule` WHERE  `name` = 'admin/index/dataintegration' LIMIT 1 [ RunTime:0.002930s ]
[ sql ] [ SQL ] SHOW COLUMNS FROM `t_tree` [ RunTime:0.005860s ]
[ sql ] [ SQL ] SELECT DISTINCT  `a`.`jdName`,`c`.`No`,`c`.`oldmanname`,`c`.`Contact`,`c`.`Address`,`c`.`birthday`,`c`.`sex`,`c`.`identity_card`,`c`.`deviceno`,`c`.`Residence_state`,`c`.`oldman_type`,`c`.`marital_status`,`c`.`pathography`,`c`.`Children_situation`,`c`.`anaphylactic`,`c`.`Healthy`,`c`.`remark`,`c`.`lianxiren1`,`c`.`lianxiren2`,`c`.`lianxiren3`,`c`.`lianxiren4`,`c`.`lianxiren5`,`c`.`lianxiren6`,`c`.`lianxiren7`,`c`.`lianxiren8`,`c`.`longitude1`,`c`.`latitude1`,`c`.`clientno` FROM `t_tree` `a` LEFT JOIN `t_tree_device` `b` ON `a`.`jdno`=`b`.`jdparent` LEFT JOIN `t_people` `c` ON `b`.`deviceid`=`c`.`deviceno` WHERE  (   a.jdno = 88 ) [ RunTime:0.002929s ]
[ sql ] [ SQL ] SELECT DISTINCT  `c`.*,`d`.`No`,`d`.`oldmanname`,`d`.`Address` FROM `t_tree` `a` LEFT JOIN `t_tree_device` `b` ON `a`.`jdno`=`b`.`jdparent` LEFT JOIN `t_calllist_voice` `c` ON `b`.`deviceid`=`c`.`deviceid` LEFT JOIN `t_people` `d` ON `c`.`deviceid`=`d`.`deviceno` WHERE  (   a.jdno = 88 and c.status <> '挂断'  )  AND (  `c`.`status` = '<>' OR `c`.`status` <> '' ) ORDER BY `c`.`id` DESC LIMIT 0,10 [ RunTime:0.002930s ]
[ sql ] [ SQL ] SELECT DISTINCT  COUNT(*) AS tp_count FROM `t_tree` `a` LEFT JOIN `t_tree_device` `b` ON `a`.`jdno`=`b`.`jdparent` LEFT JOIN `t_calllist_voice` `c` ON `b`.`deviceid`=`c`.`deviceid` LEFT JOIN `t_people` `d` ON `c`.`deviceid`=`d`.`deviceno` WHERE  (   a.jdno = 88 and c.status <> '挂断'  )  AND (  `c`.`status` = '<>' OR `c`.`status` <> '' ) LIMIT 1 [ RunTime:0.002930s ]
[ sql ] [ SQL ] SELECT COUNT(c.calltime) AS counts,c.calltime as ctime FROM `t_tree` `a` LEFT JOIN `t_tree_device` `b` ON `a`.`jdno`=`b`.`jdparent` LEFT JOIN `t_calllist_voice` `c` ON `b`.`deviceid`=`c`.`deviceid` WHERE  (   a.jdno = 88 and c.status = '挂断' and  c.calltime >= '2023/4/24' and  c.calltime <= '2023-04-28' ) LIMIT 1 [ RunTime:0.002930s ]
[ sql ] [ SQL ] SELECT COUNT(c.calltime) AS counts,c.calltime as ctime FROM `t_tree` `a` LEFT JOIN `t_tree_device` `b` ON `a`.`jdno`=`b`.`jdparent` LEFT JOIN `t_calllist_voice` `c` ON `b`.`deviceid`=`c`.`deviceid` WHERE  (   a.jdno = 88 and c.status = '挂断' and  c.calltime >= '2023/4/28' and  c.calltime <= '2023-05-02' ) LIMIT 1 [ RunTime:0.002930s ]
[ sql ] [ SQL ] SELECT COUNT(c.calltime) AS counts,c.calltime as ctime FROM `t_tree` `a` LEFT JOIN `t_tree_device` `b` ON `a`.`jdno`=`b`.`jdparent` LEFT JOIN `t_calllist_voice` `c` ON `b`.`deviceid`=`c`.`deviceid` WHERE  (   a.jdno = 88 and c.status = '挂断' and  c.calltime >= '2023/5/2' and  c.calltime <= '2023-05-06' ) LIMIT 1 [ RunTime:0.002929s ]
[ sql ] [ SQL ] SELECT COUNT(c.calltime) AS counts,c.calltime as ctime FROM `t_tree` `a` LEFT JOIN `t_tree_device` `b` ON `a`.`jdno`=`b`.`jdparent` LEFT JOIN `t_calllist_voice` `c` ON `b`.`deviceid`=`c`.`deviceid` WHERE  (   a.jdno = 88 and c.status = '挂断' and  c.calltime >= '2023/5/6' and  c.calltime <= '2023-05-10' ) LIMIT 1 [ RunTime:0.002930s ]
[ sql ] [ SQL ] SELECT COUNT(c.calltime) AS counts,c.calltime as ctime FROM `t_tree` `a` LEFT JOIN `t_tree_device` `b` ON `a`.`jdno`=`b`.`jdparent` LEFT JOIN `t_calllist_voice` `c` ON `b`.`deviceid`=`c`.`deviceid` WHERE  (   a.jdno = 88 and c.status = '挂断' and  c.calltime >= '2023/5/10' and  c.calltime <= '2023-05-14' ) LIMIT 1 [ RunTime:0.002930s ]
[ sql ] [ SQL ] SELECT COUNT(c.calltime) AS counts,c.calltime as ctime FROM `t_tree` `a` LEFT JOIN `t_tree_device` `b` ON `a`.`jdno`=`b`.`jdparent` LEFT JOIN `t_calllist_voice` `c` ON `b`.`deviceid`=`c`.`deviceid` WHERE  (   a.jdno = 88 and c.status = '挂断' and  c.calltime >= '2023/5/14' and  c.calltime <= '2023-05-18' ) LIMIT 1 [ RunTime:0.002929s ]
[ sql ] [ SQL ] SELECT COUNT(c.calltime) AS counts,c.calltime as ctime FROM `t_tree` `a` LEFT JOIN `t_tree_device` `b` ON `a`.`jdno`=`b`.`jdparent` LEFT JOIN `t_calllist_voice` `c` ON `b`.`deviceid`=`c`.`deviceid` WHERE  (   a.jdno = 88 and c.status = '挂断' and  c.calltime >= '2023/5/18' and  c.calltime <= '2023-05-22' ) LIMIT 1 [ RunTime:0.002930s ]
[ sql ] [ SQL ] SELECT COUNT(c.calltime) AS counts,c.calltime as ctime FROM `t_tree` `a` LEFT JOIN `t_tree_device` `b` ON `a`.`jdno`=`b`.`jdparent` LEFT JOIN `t_calllist_voice` `c` ON `b`.`deviceid`=`c`.`deviceid` WHERE  (   a.jdno = 88 and c.status = '挂断' and  c.calltime >= '2023/5/22' and  c.calltime <= '2023-05-25' ) LIMIT 1 [ RunTime:0.002930s ]
[ sql ] [ SQL ] SELECT COUNT(c.calltime) AS counts,c.calltime as ctime FROM `t_tree` `a` LEFT JOIN `t_tree_device` `b` ON `a`.`jdno`=`b`.`jdparent` LEFT JOIN `t_calllist_voice` `c` ON `b`.`deviceid`=`c`.`deviceid` WHERE  (   a.jdno = 88 and c.status = '挂断' and  c.calltime >= '2023/4/24' and  c.calltime <= '2023-04-28' )  AND (  `c`.`taketime` IS NULL OR `c`.`taketime` = '' )  AND (  `c`.`endtime` IS NULL OR `c`.`endtime` = '' ) LIMIT 1 [ RunTime:0.014648s ]
[ sql ] [ SQL ] SELECT COUNT(c.calltime) AS counts,c.calltime as ctime FROM `t_tree` `a` LEFT JOIN `t_tree_device` `b` ON `a`.`jdno`=`b`.`jdparent` LEFT JOIN `t_calllist_voice` `c` ON `b`.`deviceid`=`c`.`deviceid` WHERE  (   a.jdno = 88 and c.status = '挂断' and  c.calltime >= '2023/4/28' and  c.calltime <= '2023-05-02' )  AND (  `c`.`taketime` IS NULL OR `c`.`taketime` = '' )  AND (  `c`.`endtime` IS NULL OR `c`.`endtime` = '' ) LIMIT 1 [ RunTime:0.014649s ]
[ sql ] [ SQL ] SELECT COUNT(c.calltime) AS counts,c.calltime as ctime FROM `t_tree` `a` LEFT JOIN `t_tree_device` `b` ON `a`.`jdno`=`b`.`jdparent` LEFT JOIN `t_calllist_voice` `c` ON `b`.`deviceid`=`c`.`deviceid` WHERE  (   a.jdno = 88 and c.status = '挂断' and  c.calltime >= '2023/5/2' and  c.calltime <= '2023-05-06' )  AND (  `c`.`taketime` IS NULL OR `c`.`taketime` = '' )  AND (  `c`.`endtime` IS NULL OR `c`.`endtime` = '' ) LIMIT 1 [ RunTime:0.013671s ]
[ sql ] [ SQL ] SELECT COUNT(c.calltime) AS counts,c.calltime as ctime FROM `t_tree` `a` LEFT JOIN `t_tree_device` `b` ON `a`.`jdno`=`b`.`jdparent` LEFT JOIN `t_calllist_voice` `c` ON `b`.`deviceid`=`c`.`deviceid` WHERE  (   a.jdno = 88 and c.status = '挂断' and  c.calltime >= '2023/5/6' and  c.calltime <= '2023-05-10' )  AND (  `c`.`taketime` IS NULL OR `c`.`taketime` = '' )  AND (  `c`.`endtime` IS NULL OR `c`.`endtime` = '' ) LIMIT 1 [ RunTime:0.018555s ]
[ sql ] [ SQL ] SELECT COUNT(c.calltime) AS counts,c.calltime as ctime FROM `t_tree` `a` LEFT JOIN `t_tree_device` `b` ON `a`.`jdno`=`b`.`jdparent` LEFT JOIN `t_calllist_voice` `c` ON `b`.`deviceid`=`c`.`deviceid` WHERE  (   a.jdno = 88 and c.status = '挂断' and  c.calltime >= '2023/5/10' and  c.calltime <= '2023-05-14' )  AND (  `c`.`taketime` IS NULL OR `c`.`taketime` = '' )  AND (  `c`.`endtime` IS NULL OR `c`.`endtime` = '' ) LIMIT 1 [ RunTime:0.014649s ]
[ sql ] [ SQL ] SELECT COUNT(c.calltime) AS counts,c.calltime as ctime FROM `t_tree` `a` LEFT JOIN `t_tree_device` `b` ON `a`.`jdno`=`b`.`jdparent` LEFT JOIN `t_calllist_voice` `c` ON `b`.`deviceid`=`c`.`deviceid` WHERE  (   a.jdno = 88 and c.status = '挂断' and  c.calltime >= '2023/5/14' and  c.calltime <= '2023-05-18' )  AND (  `c`.`taketime` IS NULL OR `c`.`taketime` = '' )  AND (  `c`.`endtime` IS NULL OR `c`.`endtime` = '' ) LIMIT 1 [ RunTime:0.030273s ]
[ sql ] [ SQL ] SELECT COUNT(c.calltime) AS counts,c.calltime as ctime FROM `t_tree` `a` LEFT JOIN `t_tree_device` `b` ON `a`.`jdno`=`b`.`jdparent` LEFT JOIN `t_calllist_voice` `c` ON `b`.`deviceid`=`c`.`deviceid` WHERE  (   a.jdno = 88 and c.status = '挂断' and  c.calltime >= '2023/5/18' and  c.calltime <= '2023-05-22' )  AND (  `c`.`taketime` IS NULL OR `c`.`taketime` = '' )  AND (  `c`.`endtime` IS NULL OR `c`.`endtime` = '' ) LIMIT 1 [ RunTime:0.022461s ]
[ sql ] [ SQL ] SELECT COUNT(c.calltime) AS counts,c.calltime as ctime FROM `t_tree` `a` LEFT JOIN `t_tree_device` `b` ON `a`.`jdno`=`b`.`jdparent` LEFT JOIN `t_calllist_voice` `c` ON `b`.`deviceid`=`c`.`deviceid` WHERE  (   a.jdno = 88 and c.status = '挂断' and  c.calltime >= '2023/5/22' and  c.calltime <= '2023-05-25' )  AND (  `c`.`taketime` IS NULL OR `c`.`taketime` = '' )  AND (  `c`.`endtime` IS NULL OR `c`.`endtime` = '' ) LIMIT 1 [ RunTime:0.023437s ]
---------------------------------------------------------------
[ 2023-05-24T17:18:15+08:00 ] 175.164.87.219 POST www.mmcall.net:7002/index.php/admin/Index/mapIntegration
[ sql ] [ DB ] CONNECT:[ UseTime:0.003906s ] mysql:host=47.104.10.49;dbname=yunmmcall_big;charset=utf8
[ sql ] [ SQL ] SHOW COLUMNS FROM `t_app` [ RunTime:0.004883s ]
[ sql ] [ SQL ] SELECT * FROM `t_app` WHERE  `appId` = '123456' LIMIT 1 [ RunTime:0.001953s ]
[ sql ] [ SQL ] SHOW COLUMNS FROM `t_admin` [ RunTime:0.005859s ]
[ sql ] [ SQL ] SELECT * FROM `t_admin` WHERE  `id` = 12 LIMIT 1 [ RunTime:0.001954s ]
[ sql ] [ SQL ] SHOW COLUMNS FROM `t_auth_rule` [ RunTime:0.005859s ]
[ sql ] [ SQL ] SELECT * FROM `t_auth_rule` WHERE  `name` = 'admin/index/mapintegration' LIMIT 1 [ RunTime:0.001953s ]
[ sql ] [ SQL ] SHOW COLUMNS FROM `t_tree` [ RunTime:0.004883s ]
[ sql ] [ SQL ] SELECT DISTINCT  `a`.`jdName`,`c`.`No`,`c`.`oldmanname`,`c`.`Contact`,`c`.`Address`,`c`.`birthday`,`c`.`sex`,`c`.`identity_card`,`c`.`deviceno`,`c`.`Residence_state`,`c`.`oldman_type`,`c`.`marital_status`,`c`.`pathography`,`c`.`Children_situation`,`c`.`anaphylactic`,`c`.`Healthy`,`c`.`remark`,`c`.`lianxiren1`,`c`.`lianxiren2`,`c`.`lianxiren3`,`c`.`lianxiren4`,`c`.`lianxiren5`,`c`.`lianxiren6`,`c`.`lianxiren7`,`c`.`lianxiren8`,`c`.`longitude1`,`c`.`latitude1`,`c`.`clientno`,`d`.`isonline` FROM `t_tree` `a` LEFT JOIN `t_tree_device` `b` ON `a`.`jdno`=`b`.`jdparent` LEFT JOIN `t_people` `c` ON `b`.`deviceid`=`c`.`deviceno` LEFT JOIN `t_callno` `d` ON `c`.`deviceno`=`d`.`callno` WHERE  (   a.jdno = 88 ) [ RunTime:0.042969s ]
---------------------------------------------------------------
[ 2023-05-24T17:18:23+08:00 ] 175.164.87.219 POST www.mmcall.net:7002/index.php/admin/admin/getuser
[ sql ] [ DB ] CONNECT:[ UseTime:0.012695s ] mysql:host=47.104.10.49;dbname=yunmmcall_big;charset=utf8
[ sql ] [ SQL ] SHOW COLUMNS FROM `t_app` [ RunTime:0.005860s ]
[ sql ] [ SQL ] SELECT * FROM `t_app` WHERE  `appId` = '123456' LIMIT 1 [ RunTime:0.002930s ]
[ sql ] [ SQL ] SHOW COLUMNS FROM `t_admin` [ RunTime:0.005859s ]
[ sql ] [ SQL ] SELECT * FROM `t_admin` WHERE  `id` = 12 LIMIT 1 [ RunTime:0.002930s ]
[ sql ] [ SQL ] SHOW COLUMNS FROM `t_auth_rule` [ RunTime:0.005860s ]
[ sql ] [ SQL ] SELECT * FROM `t_auth_rule` WHERE  `name` = 'admin/admin/getuser' LIMIT 1 [ RunTime:0.002929s ]
[ sql ] [ SQL ] SHOW COLUMNS FROM `t_tree` [ RunTime:0.005859s ]
[ sql ] [ SQL ] SELECT `b`.`UnitNo`,`a`.* FROM `t_tree` `a` LEFT JOIN `customer` `b` ON `a`.`jdno`=`b`.`jdParent` WHERE  `UnitNo` = '80492e8b8c104cc9a81645e9b3ffd80f' LIMIT 1 [ RunTime:0.002930s ]
[ sql ] [ SQL ] SELECT * FROM `t_auth_rule` WHERE  `id` IN (1,2,3,4,5,6,7,8,9,11)  AND `status` = 1 ORDER BY `sorts` [ RunTime:0.002930s ]
[ sql ] [ SQL ] SELECT `b`.`UnitNo`,`a`.* FROM `t_tree` `a` LEFT JOIN `customer` `b` ON `a`.`jdno`=`b`.`jdParent` WHERE  `UnitNo` = '80492e8b8c104cc9a81645e9b3ffd80f' LIMIT 1 [ RunTime:0.002930s ]
---------------------------------------------------------------
[ 2023-05-24T17:18:24+08:00 ] 175.164.87.219 GET www.mmcall.net:7002/index.php/admin/Index/dataIntegration?data=%7B%22jdno%22:88,%22dateValue%22:%22%E6%9C%88%22,%22themoonarraylist%22:%22[[%5C%222023%2F4%2F24%5C%22,%5C%222023%2F4%2F27%5C%22],[%5C%222023%2F4%2F28%5C%22,%5C%222023%2F5%2F1%5C%22],[%5C%222023%2F5%2F2%5C%22,%5C%222023%2F5%2F5%5C%22],[%5C%222023%2F5%2F6%5C%22,%5C%222023%2F5%2F9%5C%22],[%5C%222023%2F5%2F10%5C%22,%5C%222023%2F5%2F13%5C%22],[%5C%222023%2F5%2F14%5C%22,%5C%222023%2F5%2F17%5C%22],[%5C%222023%2F5%2F18%5C%22,%5C%222023%2F5%2F21%5C%22],[%5C%222023%2F5%2F22%5C%22,%5C%222023%2F5%2F24%5C%22]]%22%7D&signature=2bea6aa385ae24c121d9502feb26ffc1
[ sql ] [ DB ] CONNECT:[ UseTime:0.012696s ] mysql:host=47.104.10.49;dbname=yunmmcall_big;charset=utf8
[ sql ] [ SQL ] SHOW COLUMNS FROM `t_app` [ RunTime:0.005859s ]
[ sql ] [ SQL ] SELECT * FROM `t_app` WHERE  `appId` = '123456' LIMIT 1 [ RunTime:0.001954s ]
[ sql ] [ SQL ] SHOW COLUMNS FROM `t_admin` [ RunTime:0.004883s ]
[ sql ] [ SQL ] SELECT * FROM `t_admin` WHERE  `id` = 12 LIMIT 1 [ RunTime:0.002929s ]
[ sql ] [ SQL ] SHOW COLUMNS FROM `t_auth_rule` [ RunTime:0.004883s ]
[ sql ] [ SQL ] SELECT * FROM `t_auth_rule` WHERE  `name` = 'admin/index/dataintegration' LIMIT 1 [ RunTime:0.001953s ]
[ sql ] [ SQL ] SHOW COLUMNS FROM `t_tree` [ RunTime:0.004883s ]
[ sql ] [ SQL ] SELECT DISTINCT  `a`.`jdName`,`c`.`No`,`c`.`oldmanname`,`c`.`Contact`,`c`.`Address`,`c`.`birthday`,`c`.`sex`,`c`.`identity_card`,`c`.`deviceno`,`c`.`Residence_state`,`c`.`oldman_type`,`c`.`marital_status`,`c`.`pathography`,`c`.`Children_situation`,`c`.`anaphylactic`,`c`.`Healthy`,`c`.`remark`,`c`.`lianxiren1`,`c`.`lianxiren2`,`c`.`lianxiren3`,`c`.`lianxiren4`,`c`.`lianxiren5`,`c`.`lianxiren6`,`c`.`lianxiren7`,`c`.`lianxiren8`,`c`.`longitude1`,`c`.`latitude1`,`c`.`clientno` FROM `t_tree` `a` LEFT JOIN `t_tree_device` `b` ON `a`.`jdno`=`b`.`jdparent` LEFT JOIN `t_people` `c` ON `b`.`deviceid`=`c`.`deviceno` WHERE  (   a.jdno = 88 ) [ RunTime:0.001954s ]
[ sql ] [ SQL ] SELECT DISTINCT  `c`.*,`d`.`No`,`d`.`oldmanname`,`d`.`Address` FROM `t_tree` `a` LEFT JOIN `t_tree_device` `b` ON `a`.`jdno`=`b`.`jdparent` LEFT JOIN `t_calllist_voice` `c` ON `b`.`deviceid`=`c`.`deviceid` LEFT JOIN `t_people` `d` ON `c`.`deviceid`=`d`.`deviceno` WHERE  (   a.jdno = 88 and c.status <> '挂断'  )  AND (  `c`.`status` = '<>' OR `c`.`status` <> '' ) ORDER BY `c`.`id` DESC LIMIT 0,10 [ RunTime:0.001953s ]
[ sql ] [ SQL ] SELECT DISTINCT  COUNT(*) AS tp_count FROM `t_tree` `a` LEFT JOIN `t_tree_device` `b` ON `a`.`jdno`=`b`.`jdparent` LEFT JOIN `t_calllist_voice` `c` ON `b`.`deviceid`=`c`.`deviceid` LEFT JOIN `t_people` `d` ON `c`.`deviceid`=`d`.`deviceno` WHERE  (   a.jdno = 88 and c.status <> '挂断'  )  AND (  `c`.`status` = '<>' OR `c`.`status` <> '' ) LIMIT 1 [ RunTime:0.002930s ]
[ sql ] [ SQL ] SELECT COUNT(c.calltime) AS counts,c.calltime as ctime FROM `t_tree` `a` LEFT JOIN `t_tree_device` `b` ON `a`.`jdno`=`b`.`jdparent` LEFT JOIN `t_calllist_voice` `c` ON `b`.`deviceid`=`c`.`deviceid` WHERE  (   a.jdno = 88 and c.status = '挂断' and  c.calltime >= '2023/4/24' and  c.calltime <= '2023-04-28' ) LIMIT 1 [ RunTime:0.002930s ]
[ sql ] [ SQL ] SELECT COUNT(c.calltime) AS counts,c.calltime as ctime FROM `t_tree` `a` LEFT JOIN `t_tree_device` `b` ON `a`.`jdno`=`b`.`jdparent` LEFT JOIN `t_calllist_voice` `c` ON `b`.`deviceid`=`c`.`deviceid` WHERE  (   a.jdno = 88 and c.status = '挂断' and  c.calltime >= '2023/4/28' and  c.calltime <= '2023-05-02' ) LIMIT 1 [ RunTime:0.002929s ]
[ sql ] [ SQL ] SELECT COUNT(c.calltime) AS counts,c.calltime as ctime FROM `t_tree` `a` LEFT JOIN `t_tree_device` `b` ON `a`.`jdno`=`b`.`jdparent` LEFT JOIN `t_calllist_voice` `c` ON `b`.`deviceid`=`c`.`deviceid` WHERE  (   a.jdno = 88 and c.status = '挂断' and  c.calltime >= '2023/5/2' and  c.calltime <= '2023-05-06' ) LIMIT 1 [ RunTime:0.002930s ]
[ sql ] [ SQL ] SELECT COUNT(c.calltime) AS counts,c.calltime as ctime FROM `t_tree` `a` LEFT JOIN `t_tree_device` `b` ON `a`.`jdno`=`b`.`jdparent` LEFT JOIN `t_calllist_voice` `c` ON `b`.`deviceid`=`c`.`deviceid` WHERE  (   a.jdno = 88 and c.status = '挂断' and  c.calltime >= '2023/5/6' and  c.calltime <= '2023-05-10' ) LIMIT 1 [ RunTime:0.002930s ]
[ sql ] [ SQL ] SELECT COUNT(c.calltime) AS counts,c.calltime as ctime FROM `t_tree` `a` LEFT JOIN `t_tree_device` `b` ON `a`.`jdno`=`b`.`jdparent` LEFT JOIN `t_calllist_voice` `c` ON `b`.`deviceid`=`c`.`deviceid` WHERE  (   a.jdno = 88 and c.status = '挂断' and  c.calltime >= '2023/5/10' and  c.calltime <= '2023-05-14' ) LIMIT 1 [ RunTime:0.001953s ]
[ sql ] [ SQL ] SELECT COUNT(c.calltime) AS counts,c.calltime as ctime FROM `t_tree` `a` LEFT JOIN `t_tree_device` `b` ON `a`.`jdno`=`b`.`jdparent` LEFT JOIN `t_calllist_voice` `c` ON `b`.`deviceid`=`c`.`deviceid` WHERE  (   a.jdno = 88 and c.status = '挂断' and  c.calltime >= '2023/5/14' and  c.calltime <= '2023-05-18' ) LIMIT 1 [ RunTime:0.002930s ]
[ sql ] [ SQL ] SELECT COUNT(c.calltime) AS counts,c.calltime as ctime FROM `t_tree` `a` LEFT JOIN `t_tree_device` `b` ON `a`.`jdno`=`b`.`jdparent` LEFT JOIN `t_calllist_voice` `c` ON `b`.`deviceid`=`c`.`deviceid` WHERE  (   a.jdno = 88 and c.status = '挂断' and  c.calltime >= '2023/5/18' and  c.calltime <= '2023-05-22' ) LIMIT 1 [ RunTime:0.002929s ]
[ sql ] [ SQL ] SELECT COUNT(c.calltime) AS counts,c.calltime as ctime FROM `t_tree` `a` LEFT JOIN `t_tree_device` `b` ON `a`.`jdno`=`b`.`jdparent` LEFT JOIN `t_calllist_voice` `c` ON `b`.`deviceid`=`c`.`deviceid` WHERE  (   a.jdno = 88 and c.status = '挂断' and  c.calltime >= '2023/5/22' and  c.calltime <= '2023-05-25' ) LIMIT 1 [ RunTime:0.002930s ]
[ sql ] [ SQL ] SELECT COUNT(c.calltime) AS counts,c.calltime as ctime FROM `t_tree` `a` LEFT JOIN `t_tree_device` `b` ON `a`.`jdno`=`b`.`jdparent` LEFT JOIN `t_calllist_voice` `c` ON `b`.`deviceid`=`c`.`deviceid` WHERE  (   a.jdno = 88 and c.status = '挂断' and  c.calltime >= '2023/4/24' and  c.calltime <= '2023-04-28' )  AND (  `c`.`taketime` IS NULL OR `c`.`taketime` = '' )  AND (  `c`.`endtime` IS NULL OR `c`.`endtime` = '' ) LIMIT 1 [ RunTime:0.013672s ]
[ sql ] [ SQL ] SELECT COUNT(c.calltime) AS counts,c.calltime as ctime FROM `t_tree` `a` LEFT JOIN `t_tree_device` `b` ON `a`.`jdno`=`b`.`jdparent` LEFT JOIN `t_calllist_voice` `c` ON `b`.`deviceid`=`c`.`deviceid` WHERE  (   a.jdno = 88 and c.status = '挂断' and  c.calltime >= '2023/4/28' and  c.calltime <= '2023-05-02' )  AND (  `c`.`taketime` IS NULL OR `c`.`taketime` = '' )  AND (  `c`.`endtime` IS NULL OR `c`.`endtime` = '' ) LIMIT 1 [ RunTime:0.014648s ]
[ sql ] [ SQL ] SELECT COUNT(c.calltime) AS counts,c.calltime as ctime FROM `t_tree` `a` LEFT JOIN `t_tree_device` `b` ON `a`.`jdno`=`b`.`jdparent` LEFT JOIN `t_calllist_voice` `c` ON `b`.`deviceid`=`c`.`deviceid` WHERE  (   a.jdno = 88 and c.status = '挂断' and  c.calltime >= '2023/5/2' and  c.calltime <= '2023-05-06' )  AND (  `c`.`taketime` IS NULL OR `c`.`taketime` = '' )  AND (  `c`.`endtime` IS NULL OR `c`.`endtime` = '' ) LIMIT 1 [ RunTime:0.013672s ]
[ sql ] [ SQL ] SELECT COUNT(c.calltime) AS counts,c.calltime as ctime FROM `t_tree` `a` LEFT JOIN `t_tree_device` `b` ON `a`.`jdno`=`b`.`jdparent` LEFT JOIN `t_calllist_voice` `c` ON `b`.`deviceid`=`c`.`deviceid` WHERE  (   a.jdno = 88 and c.status = '挂断' and  c.calltime >= '2023/5/6' and  c.calltime <= '2023-05-10' )  AND (  `c`.`taketime` IS NULL OR `c`.`taketime` = '' )  AND (  `c`.`endtime` IS NULL OR `c`.`endtime` = '' ) LIMIT 1 [ RunTime:0.013672s ]
[ sql ] [ SQL ] SELECT COUNT(c.calltime) AS counts,c.calltime as ctime FROM `t_tree` `a` LEFT JOIN `t_tree_device` `b` ON `a`.`jdno`=`b`.`jdparent` LEFT JOIN `t_calllist_voice` `c` ON `b`.`deviceid`=`c`.`deviceid` WHERE  (   a.jdno = 88 and c.status = '挂断' and  c.calltime >= '2023/5/10' and  c.calltime <= '2023-05-14' )  AND (  `c`.`taketime` IS NULL OR `c`.`taketime` = '' )  AND (  `c`.`endtime` IS NULL OR `c`.`endtime` = '' ) LIMIT 1 [ RunTime:0.013672s ]
[ sql ] [ SQL ] SELECT COUNT(c.calltime) AS counts,c.calltime as ctime FROM `t_tree` `a` LEFT JOIN `t_tree_device` `b` ON `a`.`jdno`=`b`.`jdparent` LEFT JOIN `t_calllist_voice` `c` ON `b`.`deviceid`=`c`.`deviceid` WHERE  (   a.jdno = 88 and c.status = '挂断' and  c.calltime >= '2023/5/14' and  c.calltime <= '2023-05-18' )  AND (  `c`.`taketime` IS NULL OR `c`.`taketime` = '' )  AND (  `c`.`endtime` IS NULL OR `c`.`endtime` = '' ) LIMIT 1 [ RunTime:0.013672s ]
[ sql ] [ SQL ] SELECT COUNT(c.calltime) AS counts,c.calltime as ctime FROM `t_tree` `a` LEFT JOIN `t_tree_device` `b` ON `a`.`jdno`=`b`.`jdparent` LEFT JOIN `t_calllist_voice` `c` ON `b`.`deviceid`=`c`.`deviceid` WHERE  (   a.jdno = 88 and c.status = '挂断' and  c.calltime >= '2023/5/18' and  c.calltime <= '2023-05-22' )  AND (  `c`.`taketime` IS NULL OR `c`.`taketime` = '' )  AND (  `c`.`endtime` IS NULL OR `c`.`endtime` = '' ) LIMIT 1 [ RunTime:0.013672s ]
[ sql ] [ SQL ] SELECT COUNT(c.calltime) AS counts,c.calltime as ctime FROM `t_tree` `a` LEFT JOIN `t_tree_device` `b` ON `a`.`jdno`=`b`.`jdparent` LEFT JOIN `t_calllist_voice` `c` ON `b`.`deviceid`=`c`.`deviceid` WHERE  (   a.jdno = 88 and c.status = '挂断' and  c.calltime >= '2023/5/22' and  c.calltime <= '2023-05-25' )  AND (  `c`.`taketime` IS NULL OR `c`.`taketime` = '' )  AND (  `c`.`endtime` IS NULL OR `c`.`endtime` = '' ) LIMIT 1 [ RunTime:0.014649s ]
---------------------------------------------------------------
[ 2023-05-24T17:18:24+08:00 ] 175.164.87.219 POST www.mmcall.net:7002/index.php/admin/Index/mapIntegration
[ sql ] [ DB ] CONNECT:[ UseTime:0.013672s ] mysql:host=47.104.10.49;dbname=yunmmcall_big;charset=utf8
[ sql ] [ SQL ] SHOW COLUMNS FROM `t_app` [ RunTime:0.006836s ]
[ sql ] [ SQL ] SELECT * FROM `t_app` WHERE  `appId` = '123456' LIMIT 1 [ RunTime:0.002930s ]
[ sql ] [ SQL ] SHOW COLUMNS FROM `t_admin` [ RunTime:0.005859s ]
[ sql ] [ SQL ] SELECT * FROM `t_admin` WHERE  `id` = 12 LIMIT 1 [ RunTime:0.002929s ]
[ sql ] [ SQL ] SHOW COLUMNS FROM `t_auth_rule` [ RunTime:0.005859s ]
[ sql ] [ SQL ] SELECT * FROM `t_auth_rule` WHERE  `name` = 'admin/index/mapintegration' LIMIT 1 [ RunTime:0.002930s ]
[ sql ] [ SQL ] SHOW COLUMNS FROM `t_tree` [ RunTime:0.005859s ]
[ sql ] [ SQL ] SELECT DISTINCT  `a`.`jdName`,`c`.`No`,`c`.`oldmanname`,`c`.`Contact`,`c`.`Address`,`c`.`birthday`,`c`.`sex`,`c`.`identity_card`,`c`.`deviceno`,`c`.`Residence_state`,`c`.`oldman_type`,`c`.`marital_status`,`c`.`pathography`,`c`.`Children_situation`,`c`.`anaphylactic`,`c`.`Healthy`,`c`.`remark`,`c`.`lianxiren1`,`c`.`lianxiren2`,`c`.`lianxiren3`,`c`.`lianxiren4`,`c`.`lianxiren5`,`c`.`lianxiren6`,`c`.`lianxiren7`,`c`.`lianxiren8`,`c`.`longitude1`,`c`.`latitude1`,`c`.`clientno`,`d`.`isonline` FROM `t_tree` `a` LEFT JOIN `t_tree_device` `b` ON `a`.`jdno`=`b`.`jdparent` LEFT JOIN `t_people` `c` ON `b`.`deviceid`=`c`.`deviceno` LEFT JOIN `t_callno` `d` ON `c`.`deviceno`=`d`.`callno` WHERE  (   a.jdno = 88 ) [ RunTime:0.040040s ]
