---------------------------------------------------------------
[ 2023-05-25T20:50:02+08:00 ] 112.41.71.149 POST www.mmcall.net:7002/index.php/admin/login/index
[运行时间：0.184570s] [吞吐率：5.42req/s] [内存消耗：3,470.40kb] [文件加载：69]
[ info ] [ LANG ] C:\PHP\Apache\Apache24\htdocs\screenphp\thinkphp\lang\zh-cn.php
[ info ] [ ROUTE ] array (
  'type' => 'module',
  'module' => 
  array (
    0 => 'admin',
    1 => 'login',
    2 => 'index',
  ),
)
[ info ] [ HEADER ] array (
  'host' => 'www.mmcall.net:7002',
  'connection' => 'keep-alive',
  'content-length' => '75',
  'accept' => 'application/json, text/plain, */*',
  'user-agent' => 'Mozilla/5.0 (Windows NT 10.0; Win64; x64) AppleWebKit/537.36 (KHTML, like Gecko) Chrome/113.0.0.0 Safari/537.36',
  'x-access-appid' => '123456',
  'content-type' => 'application/x-www-form-urlencoded;charset=UTF-8',
  'origin' => 'http://www.mmcall.net:7002',
  'referer' => 'http://www.mmcall.net:7002/datafication/',
  'accept-encoding' => 'gzip, deflate',
  'accept-language' => 'zh-CN,zh;q=0.9',
)
[ info ] [ PARAM ] array (
  'userName' => 'neimeng',
  'password' => '123456',
  'signature' => 'a313a25cc3f84441f290571c93acc734',
)
[ info ] [ DB ] INIT mysql
[ info ] [ RUN ] app\admin\controller\Login->index[ C:\PHP\Apache\Apache24\htdocs\screenphp\application\admin\controller\Login.php ]
[ info ] [ LOG ] INIT File
---------------------------------------------------------------
[ 2023-05-25T20:50:02+08:00 ] 112.41.71.149 POST www.mmcall.net:7002/index.php/admin/admin/getuser
[运行时间：0.086914s] [吞吐率：11.51req/s] [内存消耗：3,478.70kb] [文件加载：72]
[ info ] [ LANG ] C:\PHP\Apache\Apache24\htdocs\screenphp\thinkphp\lang\zh-cn.php
[ info ] [ ROUTE ] array (
  'type' => 'module',
  'module' => 
  array (
    0 => 'admin',
    1 => 'admin',
    2 => 'getuser',
  ),
)
[ info ] [ HEADER ] array (
  'host' => 'www.mmcall.net:7002',
  'connection' => 'keep-alive',
  'content-length' => '42',
  'accept' => 'application/json, text/plain, */*',
  'x-access-token' => 'D0AB5F4858978918651ADC754AB6043FMDAwMDAwMDAwML6Mna-FqrqSib2cgMOHoIC7o36CkY6xfLjQzqGGZIXVuGadr4u5um-LunZ_w4efabGmjmWDo3-gu5SsqIhkp6vJiamoi9GyooXTgqe7n6iHyICCiIaQpYjGzruxiGKJu8hkYrmZlsiHiqufZa6faWSyf5KIhmyDgsi6n42Xn6-tsXulzoyptm6L4HJjw3eoirijkqaGp3-hvribkJhkfcbIjHaZjd21dg',
  'user-agent' => 'Mozilla/5.0 (Windows NT 10.0; Win64; x64) AppleWebKit/537.36 (KHTML, like Gecko) Chrome/113.0.0.0 Safari/537.36',
  'x-access-appid' => '123456',
  'content-type' => 'application/x-www-form-urlencoded;charset=UTF-8',
  'origin' => 'http://www.mmcall.net:7002',
  'referer' => 'http://www.mmcall.net:7002/datafication/',
  'accept-encoding' => 'gzip, deflate',
  'accept-language' => 'zh-CN,zh;q=0.9',
  'cookie' => 'Admin-Token=D0AB5F4858978918651ADC754AB6043FMDAwMDAwMDAwML6Mna-FqrqSib2cgMOHoIC7o36CkY6xfLjQzqGGZIXVuGadr4u5um-LunZ_w4efabGmjmWDo3-gu5SsqIhkp6vJiamoi9GyooXTgqe7n6iHyICCiIaQpYjGzruxiGKJu8hkYrmZlsiHiqufZa6faWSyf5KIhmyDgsi6n42Xn6-tsXulzoyptm6L4HJjw3eoirijkqaGp3-hvribkJhkfcbIjHaZjd21dg',
)
[ info ] [ PARAM ] array (
  'signature' => '776a8773415590486189e97e10f77114',
)
[ info ] [ DB ] INIT mysql
[ info ] [ RUN ] app\admin\controller\Admin->getuser[ C:\PHP\Apache\Apache24\htdocs\screenphp\application\admin\controller\Admin.php ]
[ info ] [ LOG ] INIT File
---------------------------------------------------------------
[ 2023-05-25T20:50:03+08:00 ] 112.41.71.149 GET www.mmcall.net:7002/index.php/admin/Index/dataIntegration?data=%7B%22jdno%22:88,%22dateValue%22:%22%E6%9C%88%22,%22themoonarraylist%22:%22[[%5C%222023%2F4%2F25%5C%22,%5C%222023%2F4%2F28%5C%22],[%5C%222023%2F4%2F29%5C%22,%5C%222023%2F5%2F2%5C%22],[%5C%222023%2F5%2F3%5C%22,%5C%222023%2F5%2F6%5C%22],[%5C%222023%2F5%2F7%5C%22,%5C%222023%2F5%2F10%5C%22],[%5C%222023%2F5%2F11%5C%22,%5C%222023%2F5%2F14%5C%22],[%5C%222023%2F5%2F15%5C%22,%5C%222023%2F5%2F18%5C%22],[%5C%222023%2F5%2F19%5C%22,%5C%222023%2F5%2F22%5C%22],[%5C%222023%2F5%2F23%5C%22,%5C%222023%2F5%2F25%5C%22]]%22%7D&signature=e2ac79da70af24159bf6e90ee92ba47d
[运行时间：0.471680s] [吞吐率：2.12req/s] [内存消耗：3,586.68kb] [文件加载：72]
[ info ] [ LANG ] C:\PHP\Apache\Apache24\htdocs\screenphp\thinkphp\lang\zh-cn.php
[ info ] [ ROUTE ] array (
  'type' => 'module',
  'module' => 
  array (
    0 => 'admin',
    1 => 'Index',
    2 => 'dataIntegration',
  ),
)
[ info ] [ HEADER ] array (
  'host' => 'www.mmcall.net:7002',
  'connection' => 'keep-alive',
  'accept' => 'application/json, text/plain, */*',
  'x-access-token' => 'D0AB5F4858978918651ADC754AB6043FMDAwMDAwMDAwML6Mna-FqrqSib2cgMOHoIC7o36CkY6xfLjQzqGGZIXVuGadr4u5um-LunZ_w4efabGmjmWDo3-gu5SsqIhkp6vJiamoi9GyooXTgqe7n6iHyICCiIaQpYjGzruxiGKJu8hkYrmZlsiHiqufZa6faWSyf5KIhmyDgsi6n42Xn6-tsXulzoyptm6L4HJjw3eoirijkqaGp3-hvribkJhkfcbIjHaZjd21dg',
  'user-agent' => 'Mozilla/5.0 (Windows NT 10.0; Win64; x64) AppleWebKit/537.36 (KHTML, like Gecko) Chrome/113.0.0.0 Safari/537.36',
  'x-access-appid' => '123456',
  'referer' => 'http://www.mmcall.net:7002/datafication/',
  'accept-encoding' => 'gzip, deflate',
  'accept-language' => 'zh-CN,zh;q=0.9',
  'cookie' => 'Admin-Token=D0AB5F4858978918651ADC754AB6043FMDAwMDAwMDAwML6Mna-FqrqSib2cgMOHoIC7o36CkY6xfLjQzqGGZIXVuGadr4u5um-LunZ_w4efabGmjmWDo3-gu5SsqIhkp6vJiamoi9GyooXTgqe7n6iHyICCiIaQpYjGzruxiGKJu8hkYrmZlsiHiqufZa6faWSyf5KIhmyDgsi6n42Xn6-tsXulzoyptm6L4HJjw3eoirijkqaGp3-hvribkJhkfcbIjHaZjd21dg',
)
[ info ] [ PARAM ] array (
  'data' => '{"jdno":88,"dateValue":"月","themoonarraylist":"[[\\"2023/4/25\\",\\"2023/4/28\\"],[\\"2023/4/29\\",\\"2023/5/2\\"],[\\"2023/5/3\\",\\"2023/5/6\\"],[\\"2023/5/7\\",\\"2023/5/10\\"],[\\"2023/5/11\\",\\"2023/5/14\\"],[\\"2023/5/15\\",\\"2023/5/18\\"],[\\"2023/5/19\\",\\"2023/5/22\\"],[\\"2023/5/23\\",\\"2023/5/25\\"]]"}',
  'signature' => 'e2ac79da70af24159bf6e90ee92ba47d',
)
[ info ] [ DB ] INIT mysql
[ info ] [ RUN ] app\admin\controller\Index->dataIntegration[ C:\PHP\Apache\Apache24\htdocs\screenphp\application\admin\controller\Index.php ]
[ info ] [ LOG ] INIT File
---------------------------------------------------------------
[ 2023-05-25T20:50:03+08:00 ] 112.41.71.149 POST www.mmcall.net:7002/index.php/admin/Index/mapIntegration
[运行时间：0.123047s] [吞吐率：8.13req/s] [内存消耗：3,529.42kb] [文件加载：72]
[ info ] [ LANG ] C:\PHP\Apache\Apache24\htdocs\screenphp\thinkphp\lang\zh-cn.php
[ info ] [ ROUTE ] array (
  'type' => 'module',
  'module' => 
  array (
    0 => 'admin',
    1 => 'Index',
    2 => 'mapIntegration',
  ),
)
[ info ] [ HEADER ] array (
  'host' => 'www.mmcall.net:7002',
  'connection' => 'keep-alive',
  'content-length' => '50',
  'accept' => 'application/json, text/plain, */*',
  'x-access-token' => 'D0AB5F4858978918651ADC754AB6043FMDAwMDAwMDAwML6Mna-FqrqSib2cgMOHoIC7o36CkY6xfLjQzqGGZIXVuGadr4u5um-LunZ_w4efabGmjmWDo3-gu5SsqIhkp6vJiamoi9GyooXTgqe7n6iHyICCiIaQpYjGzruxiGKJu8hkYrmZlsiHiqufZa6faWSyf5KIhmyDgsi6n42Xn6-tsXulzoyptm6L4HJjw3eoirijkqaGp3-hvribkJhkfcbIjHaZjd21dg',
  'user-agent' => 'Mozilla/5.0 (Windows NT 10.0; Win64; x64) AppleWebKit/537.36 (KHTML, like Gecko) Chrome/113.0.0.0 Safari/537.36',
  'x-access-appid' => '123456',
  'content-type' => 'application/x-www-form-urlencoded;charset=UTF-8',
  'origin' => 'http://www.mmcall.net:7002',
  'referer' => 'http://www.mmcall.net:7002/datafication/',
  'accept-encoding' => 'gzip, deflate',
  'accept-language' => 'zh-CN,zh;q=0.9',
  'cookie' => 'Admin-Token=D0AB5F4858978918651ADC754AB6043FMDAwMDAwMDAwML6Mna-FqrqSib2cgMOHoIC7o36CkY6xfLjQzqGGZIXVuGadr4u5um-LunZ_w4efabGmjmWDo3-gu5SsqIhkp6vJiamoi9GyooXTgqe7n6iHyICCiIaQpYjGzruxiGKJu8hkYrmZlsiHiqufZa6faWSyf5KIhmyDgsi6n42Xn6-tsXulzoyptm6L4HJjw3eoirijkqaGp3-hvribkJhkfcbIjHaZjd21dg',
)
[ info ] [ PARAM ] array (
  'jdno' => '88',
  'signature' => '76c340d11d30f3764a08c67a37e90fe9',
)
[ info ] [ DB ] INIT mysql
[ info ] [ RUN ] app\admin\controller\Index->mapIntegration[ C:\PHP\Apache\Apache24\htdocs\screenphp\application\admin\controller\Index.php ]
[ info ] [ LOG ] INIT File
---------------------------------------------------------------
[ 2023-05-25T20:52:05+08:00 ] 112.41.71.149 GET www.mmcall.net:7002/index.php/admin/Index/dataIntegration?data=%7B%22jdno%22:88,%22dateValue%22:%22%E5%B9%B4%22,%22themoonarraylist%22:[[%222022-06%22,%222022-07%22],[%222022-07%22,%222022-08%22],[%222022-08%22,%222022-09%22],[%222022-09%22,%222022-10%22],[%222022-10%22,%222022-11%22],[%222022-11%22,%222022-12%22],[%222022-12%22,%222023-01%22],[%222023-01%22,%222023-02%22],[%222023-02%22,%222023-03%22],[%222023-03%22,%222023-04%22],[%222023-04%22,%222023-05%22],[%222023-05%22,%222023-06%22]]%7D&signature=217f49b6559947777cf0bb252f4d2d67
[运行时间：0.485351s] [吞吐率：2.06req/s] [内存消耗：3,623.93kb] [文件加载：72]
[ info ] [ LANG ] C:\PHP\Apache\Apache24\htdocs\screenphp\thinkphp\lang\zh-cn.php
[ info ] [ ROUTE ] array (
  'type' => 'module',
  'module' => 
  array (
    0 => 'admin',
    1 => 'Index',
    2 => 'dataIntegration',
  ),
)
[ info ] [ HEADER ] array (
  'host' => 'www.mmcall.net:7002',
  'connection' => 'keep-alive',
  'accept' => 'application/json, text/plain, */*',
  'x-access-token' => 'D0AB5F4858978918651ADC754AB6043FMDAwMDAwMDAwML6Mna-FqrqSib2cgMOHoIC7o36CkY6xfLjQzqGGZIXVuGadr4u5um-LunZ_w4efabGmjmWDo3-gu5SsqIhkp6vJiamoi9GyooXTgqe7n6iHyICCiIaQpYjGzruxiGKJu8hkYrmZlsiHiqufZa6faWSyf5KIhmyDgsi6n42Xn6-tsXulzoyptm6L4HJjw3eoirijkqaGp3-hvribkJhkfcbIjHaZjd21dg',
  'user-agent' => 'Mozilla/5.0 (Windows NT 10.0; Win64; x64) AppleWebKit/537.36 (KHTML, like Gecko) Chrome/113.0.0.0 Safari/537.36',
  'x-access-appid' => '123456',
  'referer' => 'http://www.mmcall.net:7002/datafication/',
  'accept-encoding' => 'gzip, deflate',
  'accept-language' => 'zh-CN,zh;q=0.9',
  'cookie' => 'Admin-Token=D0AB5F4858978918651ADC754AB6043FMDAwMDAwMDAwML6Mna-FqrqSib2cgMOHoIC7o36CkY6xfLjQzqGGZIXVuGadr4u5um-LunZ_w4efabGmjmWDo3-gu5SsqIhkp6vJiamoi9GyooXTgqe7n6iHyICCiIaQpYjGzruxiGKJu8hkYrmZlsiHiqufZa6faWSyf5KIhmyDgsi6n42Xn6-tsXulzoyptm6L4HJjw3eoirijkqaGp3-hvribkJhkfcbIjHaZjd21dg',
)
[ info ] [ PARAM ] array (
  'data' => '{"jdno":88,"dateValue":"年","themoonarraylist":[["2022-06","2022-07"],["2022-07","2022-08"],["2022-08","2022-09"],["2022-09","2022-10"],["2022-10","2022-11"],["2022-11","2022-12"],["2022-12","2023-01"],["2023-01","2023-02"],["2023-02","2023-03"],["2023-03","2023-04"],["2023-04","2023-05"],["2023-05","2023-06"]]}',
  'signature' => '217f49b6559947777cf0bb252f4d2d67',
)
[ info ] [ DB ] INIT mysql
[ info ] [ RUN ] app\admin\controller\Index->dataIntegration[ C:\PHP\Apache\Apache24\htdocs\screenphp\application\admin\controller\Index.php ]
[ info ] [ LOG ] INIT File
---------------------------------------------------------------
[ 2023-05-25T20:52:18+08:00 ] 112.41.71.149 GET www.mmcall.net:7002/index.php/admin/Index/dataIntegration?data=%7B%22jdno%22:88,%22dateValue%22:%22%E6%9C%88%22,%22themoonarraylist%22:%22[[%5C%222023%2F4%2F25%5C%22,%5C%222023%2F4%2F28%5C%22],[%5C%222023%2F4%2F29%5C%22,%5C%222023%2F5%2F2%5C%22],[%5C%222023%2F5%2F3%5C%22,%5C%222023%2F5%2F6%5C%22],[%5C%222023%2F5%2F7%5C%22,%5C%222023%2F5%2F10%5C%22],[%5C%222023%2F5%2F11%5C%22,%5C%222023%2F5%2F14%5C%22],[%5C%222023%2F5%2F15%5C%22,%5C%222023%2F5%2F18%5C%22],[%5C%222023%2F5%2F19%5C%22,%5C%222023%2F5%2F22%5C%22],[%5C%222023%2F5%2F23%5C%22,%5C%222023%2F5%2F25%5C%22]]%22%7D&signature=e2ac79da70af24159bf6e90ee92ba47d
[运行时间：0.224609s] [吞吐率：4.45req/s] [内存消耗：3,586.68kb] [文件加载：72]
[ info ] [ LANG ] C:\PHP\Apache\Apache24\htdocs\screenphp\thinkphp\lang\zh-cn.php
[ info ] [ ROUTE ] array (
  'type' => 'module',
  'module' => 
  array (
    0 => 'admin',
    1 => 'Index',
    2 => 'dataIntegration',
  ),
)
[ info ] [ HEADER ] array (
  'host' => 'www.mmcall.net:7002',
  'connection' => 'keep-alive',
  'accept' => 'application/json, text/plain, */*',
  'x-access-token' => 'D0AB5F4858978918651ADC754AB6043FMDAwMDAwMDAwML6Mna-FqrqSib2cgMOHoIC7o36CkY6xfLjQzqGGZIXVuGadr4u5um-LunZ_w4efabGmjmWDo3-gu5SsqIhkp6vJiamoi9GyooXTgqe7n6iHyICCiIaQpYjGzruxiGKJu8hkYrmZlsiHiqufZa6faWSyf5KIhmyDgsi6n42Xn6-tsXulzoyptm6L4HJjw3eoirijkqaGp3-hvribkJhkfcbIjHaZjd21dg',
  'user-agent' => 'Mozilla/5.0 (Windows NT 10.0; Win64; x64) AppleWebKit/537.36 (KHTML, like Gecko) Chrome/113.0.0.0 Safari/537.36',
  'x-access-appid' => '123456',
  'referer' => 'http://www.mmcall.net:7002/datafication/',
  'accept-encoding' => 'gzip, deflate',
  'accept-language' => 'zh-CN,zh;q=0.9',
  'cookie' => 'Admin-Token=D0AB5F4858978918651ADC754AB6043FMDAwMDAwMDAwML6Mna-FqrqSib2cgMOHoIC7o36CkY6xfLjQzqGGZIXVuGadr4u5um-LunZ_w4efabGmjmWDo3-gu5SsqIhkp6vJiamoi9GyooXTgqe7n6iHyICCiIaQpYjGzruxiGKJu8hkYrmZlsiHiqufZa6faWSyf5KIhmyDgsi6n42Xn6-tsXulzoyptm6L4HJjw3eoirijkqaGp3-hvribkJhkfcbIjHaZjd21dg',
)
[ info ] [ PARAM ] array (
  'data' => '{"jdno":88,"dateValue":"月","themoonarraylist":"[[\\"2023/4/25\\",\\"2023/4/28\\"],[\\"2023/4/29\\",\\"2023/5/2\\"],[\\"2023/5/3\\",\\"2023/5/6\\"],[\\"2023/5/7\\",\\"2023/5/10\\"],[\\"2023/5/11\\",\\"2023/5/14\\"],[\\"2023/5/15\\",\\"2023/5/18\\"],[\\"2023/5/19\\",\\"2023/5/22\\"],[\\"2023/5/23\\",\\"2023/5/25\\"]]"}',
  'signature' => 'e2ac79da70af24159bf6e90ee92ba47d',
)
[ info ] [ DB ] INIT mysql
[ info ] [ RUN ] app\admin\controller\Index->dataIntegration[ C:\PHP\Apache\Apache24\htdocs\screenphp\application\admin\controller\Index.php ]
[ info ] [ LOG ] INIT File
---------------------------------------------------------------
[ 2023-05-25T20:52:26+08:00 ] 112.41.71.149 GET www.mmcall.net:7002/index.php/admin/Index/dataIntegration?data=%7B%22jdno%22:88,%22dateValue%22:%22%E5%B9%B4%22,%22themoonarraylist%22:[[%222022-06%22,%222022-07%22],[%222022-07%22,%222022-08%22],[%222022-08%22,%222022-09%22],[%222022-09%22,%222022-10%22],[%222022-10%22,%222022-11%22],[%222022-11%22,%222022-12%22],[%222022-12%22,%222023-01%22],[%222023-01%22,%222023-02%22],[%222023-02%22,%222023-03%22],[%222023-03%22,%222023-04%22],[%222023-04%22,%222023-05%22],[%222023-05%22,%222023-06%22]]%7D&signature=217f49b6559947777cf0bb252f4d2d67
[运行时间：0.433594s] [吞吐率：2.31req/s] [内存消耗：3,623.93kb] [文件加载：72]
[ info ] [ LANG ] C:\PHP\Apache\Apache24\htdocs\screenphp\thinkphp\lang\zh-cn.php
[ info ] [ ROUTE ] array (
  'type' => 'module',
  'module' => 
  array (
    0 => 'admin',
    1 => 'Index',
    2 => 'dataIntegration',
  ),
)
[ info ] [ HEADER ] array (
  'host' => 'www.mmcall.net:7002',
  'connection' => 'keep-alive',
  'accept' => 'application/json, text/plain, */*',
  'x-access-token' => 'D0AB5F4858978918651ADC754AB6043FMDAwMDAwMDAwML6Mna-FqrqSib2cgMOHoIC7o36CkY6xfLjQzqGGZIXVuGadr4u5um-LunZ_w4efabGmjmWDo3-gu5SsqIhkp6vJiamoi9GyooXTgqe7n6iHyICCiIaQpYjGzruxiGKJu8hkYrmZlsiHiqufZa6faWSyf5KIhmyDgsi6n42Xn6-tsXulzoyptm6L4HJjw3eoirijkqaGp3-hvribkJhkfcbIjHaZjd21dg',
  'user-agent' => 'Mozilla/5.0 (Windows NT 10.0; Win64; x64) AppleWebKit/537.36 (KHTML, like Gecko) Chrome/113.0.0.0 Safari/537.36',
  'x-access-appid' => '123456',
  'referer' => 'http://www.mmcall.net:7002/datafication/',
  'accept-encoding' => 'gzip, deflate',
  'accept-language' => 'zh-CN,zh;q=0.9',
  'cookie' => 'Admin-Token=D0AB5F4858978918651ADC754AB6043FMDAwMDAwMDAwML6Mna-FqrqSib2cgMOHoIC7o36CkY6xfLjQzqGGZIXVuGadr4u5um-LunZ_w4efabGmjmWDo3-gu5SsqIhkp6vJiamoi9GyooXTgqe7n6iHyICCiIaQpYjGzruxiGKJu8hkYrmZlsiHiqufZa6faWSyf5KIhmyDgsi6n42Xn6-tsXulzoyptm6L4HJjw3eoirijkqaGp3-hvribkJhkfcbIjHaZjd21dg',
)
[ info ] [ PARAM ] array (
  'data' => '{"jdno":88,"dateValue":"年","themoonarraylist":[["2022-06","2022-07"],["2022-07","2022-08"],["2022-08","2022-09"],["2022-09","2022-10"],["2022-10","2022-11"],["2022-11","2022-12"],["2022-12","2023-01"],["2023-01","2023-02"],["2023-02","2023-03"],["2023-03","2023-04"],["2023-04","2023-05"],["2023-05","2023-06"]]}',
  'signature' => '217f49b6559947777cf0bb252f4d2d67',
)
[ info ] [ DB ] INIT mysql
[ info ] [ RUN ] app\admin\controller\Index->dataIntegration[ C:\PHP\Apache\Apache24\htdocs\screenphp\application\admin\controller\Index.php ]
[ info ] [ LOG ] INIT File
---------------------------------------------------------------
[ 2023-05-25T20:52:30+08:00 ] 112.41.71.149 POST www.mmcall.net:7002/index.php/admin/Index/dateCallsList
[运行时间：0.090820s] [吞吐率：11.01req/s] [内存消耗：3,428.04kb] [文件加载：72]
[ info ] [ LANG ] C:\PHP\Apache\Apache24\htdocs\screenphp\thinkphp\lang\zh-cn.php
[ info ] [ ROUTE ] array (
  'type' => 'module',
  'module' => 
  array (
    0 => 'admin',
    1 => 'Index',
    2 => 'dateCallsList',
  ),
)
[ info ] [ HEADER ] array (
  'host' => 'www.mmcall.net:7002',
  'connection' => 'keep-alive',
  'content-length' => '73',
  'accept' => 'application/json, text/plain, */*',
  'x-access-token' => 'D0AB5F4858978918651ADC754AB6043FMDAwMDAwMDAwML6Mna-FqrqSib2cgMOHoIC7o36CkY6xfLjQzqGGZIXVuGadr4u5um-LunZ_w4efabGmjmWDo3-gu5SsqIhkp6vJiamoi9GyooXTgqe7n6iHyICCiIaQpYjGzruxiGKJu8hkYrmZlsiHiqufZa6faWSyf5KIhmyDgsi6n42Xn6-tsXulzoyptm6L4HJjw3eoirijkqaGp3-hvribkJhkfcbIjHaZjd21dg',
  'user-agent' => 'Mozilla/5.0 (Windows NT 10.0; Win64; x64) AppleWebKit/537.36 (KHTML, like Gecko) Chrome/113.0.0.0 Safari/537.36',
  'x-access-appid' => '123456',
  'content-type' => 'application/x-www-form-urlencoded;charset=UTF-8',
  'origin' => 'http://www.mmcall.net:7002',
  'referer' => 'http://www.mmcall.net:7002/datafication/',
  'accept-encoding' => 'gzip, deflate',
  'accept-language' => 'zh-CN,zh;q=0.9',
  'cookie' => 'Admin-Token=D0AB5F4858978918651ADC754AB6043FMDAwMDAwMDAwML6Mna-FqrqSib2cgMOHoIC7o36CkY6xfLjQzqGGZIXVuGadr4u5um-LunZ_w4efabGmjmWDo3-gu5SsqIhkp6vJiamoi9GyooXTgqe7n6iHyICCiIaQpYjGzruxiGKJu8hkYrmZlsiHiqufZa6faWSyf5KIhmyDgsi6n42Xn6-tsXulzoyptm6L4HJjw3eoirijkqaGp3-hvribkJhkfcbIjHaZjd21dg',
)
[ info ] [ PARAM ] array (
  'jdno' => '88',
  'id' => '',
  'oldmanname' => '',
  'page' => '1',
  'signature' => 'ddc4eee07d0bd73bb99aa5f8de192b04',
)
[ info ] [ DB ] INIT mysql
[ info ] [ RUN ] app\admin\controller\Index->dateCallsList[ C:\PHP\Apache\Apache24\htdocs\screenphp\application\admin\controller\Index.php ]
[ info ] [ LOG ] INIT File
---------------------------------------------------------------
[ 2023-05-25T20:52:32+08:00 ] 112.41.71.149 POST www.mmcall.net:7002/index.php/admin/Index/getPeopleList
[运行时间：0.128906s] [吞吐率：7.76req/s] [内存消耗：3,445.01kb] [文件加载：72]
[ info ] [ LANG ] C:\PHP\Apache\Apache24\htdocs\screenphp\thinkphp\lang\zh-cn.php
[ info ] [ ROUTE ] array (
  'type' => 'module',
  'module' => 
  array (
    0 => 'admin',
    1 => 'Index',
    2 => 'getPeopleList',
  ),
)
[ info ] [ HEADER ] array (
  'host' => 'www.mmcall.net:7002',
  'connection' => 'keep-alive',
  'content-length' => '105',
  'accept' => 'application/json, text/plain, */*',
  'x-access-token' => 'D0AB5F4858978918651ADC754AB6043FMDAwMDAwMDAwML6Mna-FqrqSib2cgMOHoIC7o36CkY6xfLjQzqGGZIXVuGadr4u5um-LunZ_w4efabGmjmWDo3-gu5SsqIhkp6vJiamoi9GyooXTgqe7n6iHyICCiIaQpYjGzruxiGKJu8hkYrmZlsiHiqufZa6faWSyf5KIhmyDgsi6n42Xn6-tsXulzoyptm6L4HJjw3eoirijkqaGp3-hvribkJhkfcbIjHaZjd21dg',
  'user-agent' => 'Mozilla/5.0 (Windows NT 10.0; Win64; x64) AppleWebKit/537.36 (KHTML, like Gecko) Chrome/113.0.0.0 Safari/537.36',
  'x-access-appid' => '123456',
  'content-type' => 'application/x-www-form-urlencoded;charset=UTF-8',
  'origin' => 'http://www.mmcall.net:7002',
  'referer' => 'http://www.mmcall.net:7002/datafication/',
  'accept-encoding' => 'gzip, deflate',
  'accept-language' => 'zh-CN,zh;q=0.9',
  'cookie' => 'Admin-Token=D0AB5F4858978918651ADC754AB6043FMDAwMDAwMDAwML6Mna-FqrqSib2cgMOHoIC7o36CkY6xfLjQzqGGZIXVuGadr4u5um-LunZ_w4efabGmjmWDo3-gu5SsqIhkp6vJiamoi9GyooXTgqe7n6iHyICCiIaQpYjGzruxiGKJu8hkYrmZlsiHiqufZa6faWSyf5KIhmyDgsi6n42Xn6-tsXulzoyptm6L4HJjw3eoirijkqaGp3-hvribkJhkfcbIjHaZjd21dg',
)
[ info ] [ PARAM ] array (
  'page' => '1',
  'psize' => '10',
  'sort' => '+deviceno',
  'jdno' => '88',
  'deviceno' => '',
  'oldmanname' => '',
  'signature' => '66d1bfeddaf608da7eaadf0218eb0a83',
)
[ info ] [ DB ] INIT mysql
[ info ] [ RUN ] app\admin\controller\Index->getPeopleList[ C:\PHP\Apache\Apache24\htdocs\screenphp\application\admin\controller\Index.php ]
[ info ] [ LOG ] INIT File
---------------------------------------------------------------
[ 2023-05-25T20:52:57+08:00 ] 112.41.71.149 POST www.mmcall.net:7002/index.php/admin/Index/dateCallsList
[运行时间：0.078125s] [吞吐率：12.80req/s] [内存消耗：3,428.04kb] [文件加载：72]
[ info ] [ LANG ] C:\PHP\Apache\Apache24\htdocs\screenphp\thinkphp\lang\zh-cn.php
[ info ] [ ROUTE ] array (
  'type' => 'module',
  'module' => 
  array (
    0 => 'admin',
    1 => 'Index',
    2 => 'dateCallsList',
  ),
)
[ info ] [ HEADER ] array (
  'host' => 'www.mmcall.net:7002',
  'connection' => 'keep-alive',
  'content-length' => '73',
  'accept' => 'application/json, text/plain, */*',
  'x-access-token' => 'D0AB5F4858978918651ADC754AB6043FMDAwMDAwMDAwML6Mna-FqrqSib2cgMOHoIC7o36CkY6xfLjQzqGGZIXVuGadr4u5um-LunZ_w4efabGmjmWDo3-gu5SsqIhkp6vJiamoi9GyooXTgqe7n6iHyICCiIaQpYjGzruxiGKJu8hkYrmZlsiHiqufZa6faWSyf5KIhmyDgsi6n42Xn6-tsXulzoyptm6L4HJjw3eoirijkqaGp3-hvribkJhkfcbIjHaZjd21dg',
  'user-agent' => 'Mozilla/5.0 (Windows NT 10.0; Win64; x64) AppleWebKit/537.36 (KHTML, like Gecko) Chrome/113.0.0.0 Safari/537.36',
  'x-access-appid' => '123456',
  'content-type' => 'application/x-www-form-urlencoded;charset=UTF-8',
  'origin' => 'http://www.mmcall.net:7002',
  'referer' => 'http://www.mmcall.net:7002/datafication/',
  'accept-encoding' => 'gzip, deflate',
  'accept-language' => 'zh-CN,zh;q=0.9',
  'cookie' => 'Admin-Token=D0AB5F4858978918651ADC754AB6043FMDAwMDAwMDAwML6Mna-FqrqSib2cgMOHoIC7o36CkY6xfLjQzqGGZIXVuGadr4u5um-LunZ_w4efabGmjmWDo3-gu5SsqIhkp6vJiamoi9GyooXTgqe7n6iHyICCiIaQpYjGzruxiGKJu8hkYrmZlsiHiqufZa6faWSyf5KIhmyDgsi6n42Xn6-tsXulzoyptm6L4HJjw3eoirijkqaGp3-hvribkJhkfcbIjHaZjd21dg',
)
[ info ] [ PARAM ] array (
  'jdno' => '88',
  'id' => '',
  'oldmanname' => '',
  'page' => '1',
  'signature' => 'ddc4eee07d0bd73bb99aa5f8de192b04',
)
[ info ] [ DB ] INIT mysql
[ info ] [ RUN ] app\admin\controller\Index->dateCallsList[ C:\PHP\Apache\Apache24\htdocs\screenphp\application\admin\controller\Index.php ]
[ info ] [ LOG ] INIT File
---------------------------------------------------------------
[ 2023-05-25T20:52:58+08:00 ] 112.41.71.149 POST www.mmcall.net:7002/index.php/admin/Index/historyCallsList
[运行时间：0.466797s] [吞吐率：2.14req/s] [内存消耗：3,429.24kb] [文件加载：72]
[ info ] [ LANG ] C:\PHP\Apache\Apache24\htdocs\screenphp\thinkphp\lang\zh-cn.php
[ info ] [ ROUTE ] array (
  'type' => 'module',
  'module' => 
  array (
    0 => 'admin',
    1 => 'Index',
    2 => 'historyCallsList',
  ),
)
[ info ] [ HEADER ] array (
  'host' => 'www.mmcall.net:7002',
  'connection' => 'keep-alive',
  'content-length' => '73',
  'accept' => 'application/json, text/plain, */*',
  'x-access-token' => 'D0AB5F4858978918651ADC754AB6043FMDAwMDAwMDAwML6Mna-FqrqSib2cgMOHoIC7o36CkY6xfLjQzqGGZIXVuGadr4u5um-LunZ_w4efabGmjmWDo3-gu5SsqIhkp6vJiamoi9GyooXTgqe7n6iHyICCiIaQpYjGzruxiGKJu8hkYrmZlsiHiqufZa6faWSyf5KIhmyDgsi6n42Xn6-tsXulzoyptm6L4HJjw3eoirijkqaGp3-hvribkJhkfcbIjHaZjd21dg',
  'user-agent' => 'Mozilla/5.0 (Windows NT 10.0; Win64; x64) AppleWebKit/537.36 (KHTML, like Gecko) Chrome/113.0.0.0 Safari/537.36',
  'x-access-appid' => '123456',
  'content-type' => 'application/x-www-form-urlencoded;charset=UTF-8',
  'origin' => 'http://www.mmcall.net:7002',
  'referer' => 'http://www.mmcall.net:7002/datafication/',
  'accept-encoding' => 'gzip, deflate',
  'accept-language' => 'zh-CN,zh;q=0.9',
  'cookie' => 'Admin-Token=D0AB5F4858978918651ADC754AB6043FMDAwMDAwMDAwML6Mna-FqrqSib2cgMOHoIC7o36CkY6xfLjQzqGGZIXVuGadr4u5um-LunZ_w4efabGmjmWDo3-gu5SsqIhkp6vJiamoi9GyooXTgqe7n6iHyICCiIaQpYjGzruxiGKJu8hkYrmZlsiHiqufZa6faWSyf5KIhmyDgsi6n42Xn6-tsXulzoyptm6L4HJjw3eoirijkqaGp3-hvribkJhkfcbIjHaZjd21dg',
)
[ info ] [ PARAM ] array (
  'jdno' => '88',
  'id' => '',
  'oldmanname' => '',
  'page' => '1',
  'signature' => 'ddc4eee07d0bd73bb99aa5f8de192b04',
)
[ info ] [ DB ] INIT mysql
[ info ] [ RUN ] app\admin\controller\Index->historyCallsList[ C:\PHP\Apache\Apache24\htdocs\screenphp\application\admin\controller\Index.php ]
[ info ] [ LOG ] INIT File
---------------------------------------------------------------
[ 2023-05-25T20:53:05+08:00 ] 112.41.71.149 POST www.mmcall.net:7002/index.php/admin/Index/historyCallsList
[运行时间：0.119141s] [吞吐率：8.39req/s] [内存消耗：3,429.24kb] [文件加载：72]
[ info ] [ LANG ] C:\PHP\Apache\Apache24\htdocs\screenphp\thinkphp\lang\zh-cn.php
[ info ] [ ROUTE ] array (
  'type' => 'module',
  'module' => 
  array (
    0 => 'admin',
    1 => 'Index',
    2 => 'historyCallsList',
  ),
)
[ info ] [ HEADER ] array (
  'host' => 'www.mmcall.net:7002',
  'connection' => 'keep-alive',
  'content-length' => '73',
  'accept' => 'application/json, text/plain, */*',
  'x-access-token' => 'D0AB5F4858978918651ADC754AB6043FMDAwMDAwMDAwML6Mna-FqrqSib2cgMOHoIC7o36CkY6xfLjQzqGGZIXVuGadr4u5um-LunZ_w4efabGmjmWDo3-gu5SsqIhkp6vJiamoi9GyooXTgqe7n6iHyICCiIaQpYjGzruxiGKJu8hkYrmZlsiHiqufZa6faWSyf5KIhmyDgsi6n42Xn6-tsXulzoyptm6L4HJjw3eoirijkqaGp3-hvribkJhkfcbIjHaZjd21dg',
  'user-agent' => 'Mozilla/5.0 (Windows NT 10.0; Win64; x64) AppleWebKit/537.36 (KHTML, like Gecko) Chrome/113.0.0.0 Safari/537.36',
  'x-access-appid' => '123456',
  'content-type' => 'application/x-www-form-urlencoded;charset=UTF-8',
  'origin' => 'http://www.mmcall.net:7002',
  'referer' => 'http://www.mmcall.net:7002/datafication/',
  'accept-encoding' => 'gzip, deflate',
  'accept-language' => 'zh-CN,zh;q=0.9',
  'cookie' => 'Admin-Token=D0AB5F4858978918651ADC754AB6043FMDAwMDAwMDAwML6Mna-FqrqSib2cgMOHoIC7o36CkY6xfLjQzqGGZIXVuGadr4u5um-LunZ_w4efabGmjmWDo3-gu5SsqIhkp6vJiamoi9GyooXTgqe7n6iHyICCiIaQpYjGzruxiGKJu8hkYrmZlsiHiqufZa6faWSyf5KIhmyDgsi6n42Xn6-tsXulzoyptm6L4HJjw3eoirijkqaGp3-hvribkJhkfcbIjHaZjd21dg',
)
[ info ] [ PARAM ] array (
  'jdno' => '88',
  'id' => '',
  'oldmanname' => '',
  'page' => '2',
  'signature' => 'f7b8a9de54dfac757028377c533db47d',
)
[ info ] [ DB ] INIT mysql
[ info ] [ RUN ] app\admin\controller\Index->historyCallsList[ C:\PHP\Apache\Apache24\htdocs\screenphp\application\admin\controller\Index.php ]
[ info ] [ LOG ] INIT File
---------------------------------------------------------------
[ 2023-05-25T20:53:14+08:00 ] 112.41.71.149 POST www.mmcall.net:7002/index.php/admin/Index/historyCallsList
[运行时间：0.083008s] [吞吐率：12.05req/s] [内存消耗：3,429.28kb] [文件加载：72]
[ info ] [ LANG ] C:\PHP\Apache\Apache24\htdocs\screenphp\thinkphp\lang\zh-cn.php
[ info ] [ ROUTE ] array (
  'type' => 'module',
  'module' => 
  array (
    0 => 'admin',
    1 => 'Index',
    2 => 'historyCallsList',
  ),
)
[ info ] [ HEADER ] array (
  'host' => 'www.mmcall.net:7002',
  'connection' => 'keep-alive',
  'content-length' => '101',
  'accept' => 'application/json, text/plain, */*',
  'x-access-token' => 'D0AB5F4858978918651ADC754AB6043FMDAwMDAwMDAwML6Mna-FqrqSib2cgMOHoIC7o36CkY6xfLjQzqGGZIXVuGadr4u5um-LunZ_w4efabGmjmWDo3-gu5SsqIhkp6vJiamoi9GyooXTgqe7n6iHyICCiIaQpYjGzruxiGKJu8hkYrmZlsiHiqufZa6faWSyf5KIhmyDgsi6n42Xn6-tsXulzoyptm6L4HJjw3eoirijkqaGp3-hvribkJhkfcbIjHaZjd21dg',
  'user-agent' => 'Mozilla/5.0 (Windows NT 10.0; Win64; x64) AppleWebKit/537.36 (KHTML, like Gecko) Chrome/113.0.0.0 Safari/537.36',
  'x-access-appid' => '123456',
  'content-type' => 'application/x-www-form-urlencoded;charset=UTF-8',
  'origin' => 'http://www.mmcall.net:7002',
  'referer' => 'http://www.mmcall.net:7002/datafication/',
  'accept-encoding' => 'gzip, deflate',
  'accept-language' => 'zh-CN,zh;q=0.9',
  'cookie' => 'Admin-Token=D0AB5F4858978918651ADC754AB6043FMDAwMDAwMDAwML6Mna-FqrqSib2cgMOHoIC7o36CkY6xfLjQzqGGZIXVuGadr4u5um-LunZ_w4efabGmjmWDo3-gu5SsqIhkp6vJiamoi9GyooXTgqe7n6iHyICCiIaQpYjGzruxiGKJu8hkYrmZlsiHiqufZa6faWSyf5KIhmyDgsi6n42Xn6-tsXulzoyptm6L4HJjw3eoirijkqaGp3-hvribkJhkfcbIjHaZjd21dg',
)
[ info ] [ PARAM ] array (
  'page' => '1',
  'psize' => '10',
  'id' => '',
  'oldmanname' => '',
  'calltime' => '',
  'endtime' => '',
  'jdno' => '88',
  'signature' => '1ada55b1a1eee9fc0665b599f76e9131',
)
[ info ] [ DB ] INIT mysql
[ info ] [ RUN ] app\admin\controller\Index->historyCallsList[ C:\PHP\Apache\Apache24\htdocs\screenphp\application\admin\controller\Index.php ]
[ info ] [ LOG ] INIT File
---------------------------------------------------------------
[ 2023-05-25T20:53:19+08:00 ] 112.41.71.149 POST www.mmcall.net:7002/index.php/admin/admin/index
[运行时间：0.096679s] [吞吐率：10.34req/s] [内存消耗：3,448.65kb] [文件加载：72]
[ info ] [ LANG ] C:\PHP\Apache\Apache24\htdocs\screenphp\thinkphp\lang\zh-cn.php
[ info ] [ ROUTE ] array (
  'type' => 'module',
  'module' => 
  array (
    0 => 'admin',
    1 => 'admin',
    2 => 'index',
  ),
)
[ info ] [ HEADER ] array (
  'host' => 'www.mmcall.net:7002',
  'connection' => 'keep-alive',
  'content-length' => '310',
  'accept' => 'application/json, text/plain, */*',
  'x-access-token' => 'D0AB5F4858978918651ADC754AB6043FMDAwMDAwMDAwML6Mna-FqrqSib2cgMOHoIC7o36CkY6xfLjQzqGGZIXVuGadr4u5um-LunZ_w4efabGmjmWDo3-gu5SsqIhkp6vJiamoi9GyooXTgqe7n6iHyICCiIaQpYjGzruxiGKJu8hkYrmZlsiHiqufZa6faWSyf5KIhmyDgsi6n42Xn6-tsXulzoyptm6L4HJjw3eoirijkqaGp3-hvribkJhkfcbIjHaZjd21dg',
  'user-agent' => 'Mozilla/5.0 (Windows NT 10.0; Win64; x64) AppleWebKit/537.36 (KHTML, like Gecko) Chrome/113.0.0.0 Safari/537.36',
  'x-access-appid' => '123456',
  'content-type' => 'application/x-www-form-urlencoded;charset=UTF-8',
  'origin' => 'http://www.mmcall.net:7002',
  'referer' => 'http://www.mmcall.net:7002/datafication/',
  'accept-encoding' => 'gzip, deflate',
  'accept-language' => 'zh-CN,zh;q=0.9',
  'cookie' => 'Admin-Token=D0AB5F4858978918651ADC754AB6043FMDAwMDAwMDAwML6Mna-FqrqSib2cgMOHoIC7o36CkY6xfLjQzqGGZIXVuGadr4u5um-LunZ_w4efabGmjmWDo3-gu5SsqIhkp6vJiamoi9GyooXTgqe7n6iHyICCiIaQpYjGzruxiGKJu8hkYrmZlsiHiqufZa6faWSyf5KIhmyDgsi6n42Xn6-tsXulzoyptm6L4HJjw3eoirijkqaGp3-hvribkJhkfcbIjHaZjd21dg',
)
[ info ] [ PARAM ] array (
  'page' => '1',
  'psize' => '10',
  'isEnabled' => '-1',
  'userName' => '',
  'phone' => '',
  'realName' => '',
  'startTime' => '',
  'endTime' => '',
  'jdName' => '内蒙古东江物业居家养老呼叫机项目',
  'UnitNo' => '80492e8b8c104cc9a81645e9b3ffd80f',
  'signature' => '9a4ca3425e7a938c79873e28bbac53bd',
)
[ info ] [ DB ] INIT mysql
[ info ] [ RUN ] app\admin\controller\Admin->index[ C:\PHP\Apache\Apache24\htdocs\screenphp\application\admin\controller\Admin.php ]
[ info ] [ LOG ] INIT File
---------------------------------------------------------------
[ 2023-05-25T20:53:19+08:00 ] 112.41.71.149 POST www.mmcall.net:7002/index.php/admin/roles/getLists
[运行时间：0.109375s] [吞吐率：9.14req/s] [内存消耗：3,414.96kb] [文件加载：72]
[ info ] [ LANG ] C:\PHP\Apache\Apache24\htdocs\screenphp\thinkphp\lang\zh-cn.php
[ info ] [ ROUTE ] array (
  'type' => 'module',
  'module' => 
  array (
    0 => 'admin',
    1 => 'roles',
    2 => 'getLists',
  ),
)
[ info ] [ HEADER ] array (
  'host' => 'www.mmcall.net:7002',
  'connection' => 'keep-alive',
  'content-length' => '42',
  'accept' => 'application/json, text/plain, */*',
  'x-access-token' => 'D0AB5F4858978918651ADC754AB6043FMDAwMDAwMDAwML6Mna-FqrqSib2cgMOHoIC7o36CkY6xfLjQzqGGZIXVuGadr4u5um-LunZ_w4efabGmjmWDo3-gu5SsqIhkp6vJiamoi9GyooXTgqe7n6iHyICCiIaQpYjGzruxiGKJu8hkYrmZlsiHiqufZa6faWSyf5KIhmyDgsi6n42Xn6-tsXulzoyptm6L4HJjw3eoirijkqaGp3-hvribkJhkfcbIjHaZjd21dg',
  'user-agent' => 'Mozilla/5.0 (Windows NT 10.0; Win64; x64) AppleWebKit/537.36 (KHTML, like Gecko) Chrome/113.0.0.0 Safari/537.36',
  'x-access-appid' => '123456',
  'content-type' => 'application/x-www-form-urlencoded;charset=UTF-8',
  'origin' => 'http://www.mmcall.net:7002',
  'referer' => 'http://www.mmcall.net:7002/datafication/',
  'accept-encoding' => 'gzip, deflate',
  'accept-language' => 'zh-CN,zh;q=0.9',
  'cookie' => 'Admin-Token=D0AB5F4858978918651ADC754AB6043FMDAwMDAwMDAwML6Mna-FqrqSib2cgMOHoIC7o36CkY6xfLjQzqGGZIXVuGadr4u5um-LunZ_w4efabGmjmWDo3-gu5SsqIhkp6vJiamoi9GyooXTgqe7n6iHyICCiIaQpYjGzruxiGKJu8hkYrmZlsiHiqufZa6faWSyf5KIhmyDgsi6n42Xn6-tsXulzoyptm6L4HJjw3eoirijkqaGp3-hvribkJhkfcbIjHaZjd21dg',
)
[ info ] [ PARAM ] array (
  'signature' => '776a8773415590486189e97e10f77114',
)
[ info ] [ DB ] INIT mysql
[ info ] [ RUN ] app\admin\controller\Roles->getLists[ C:\PHP\Apache\Apache24\htdocs\screenphp\application\admin\controller\Roles.php ]
[ info ] [ LOG ] INIT File
---------------------------------------------------------------
[ 2023-05-25T20:53:21+08:00 ] 112.41.71.149 GET www.mmcall.net:7002/index.php/admin/admin/getinfo?id=12&signature=3f4050a120fc53689e8408fc0e8c6954
[运行时间：0.085937s] [吞吐率：11.64req/s] [内存消耗：3,447.08kb] [文件加载：72]
[ info ] [ LANG ] C:\PHP\Apache\Apache24\htdocs\screenphp\thinkphp\lang\zh-cn.php
[ info ] [ ROUTE ] array (
  'type' => 'module',
  'module' => 
  array (
    0 => 'admin',
    1 => 'admin',
    2 => 'getinfo',
  ),
)
[ info ] [ HEADER ] array (
  'host' => 'www.mmcall.net:7002',
  'connection' => 'keep-alive',
  'accept' => 'application/json, text/plain, */*',
  'x-access-token' => 'D0AB5F4858978918651ADC754AB6043FMDAwMDAwMDAwML6Mna-FqrqSib2cgMOHoIC7o36CkY6xfLjQzqGGZIXVuGadr4u5um-LunZ_w4efabGmjmWDo3-gu5SsqIhkp6vJiamoi9GyooXTgqe7n6iHyICCiIaQpYjGzruxiGKJu8hkYrmZlsiHiqufZa6faWSyf5KIhmyDgsi6n42Xn6-tsXulzoyptm6L4HJjw3eoirijkqaGp3-hvribkJhkfcbIjHaZjd21dg',
  'user-agent' => 'Mozilla/5.0 (Windows NT 10.0; Win64; x64) AppleWebKit/537.36 (KHTML, like Gecko) Chrome/113.0.0.0 Safari/537.36',
  'x-access-appid' => '123456',
  'referer' => 'http://www.mmcall.net:7002/datafication/',
  'accept-encoding' => 'gzip, deflate',
  'accept-language' => 'zh-CN,zh;q=0.9',
  'cookie' => 'Admin-Token=D0AB5F4858978918651ADC754AB6043FMDAwMDAwMDAwML6Mna-FqrqSib2cgMOHoIC7o36CkY6xfLjQzqGGZIXVuGadr4u5um-LunZ_w4efabGmjmWDo3-gu5SsqIhkp6vJiamoi9GyooXTgqe7n6iHyICCiIaQpYjGzruxiGKJu8hkYrmZlsiHiqufZa6faWSyf5KIhmyDgsi6n42Xn6-tsXulzoyptm6L4HJjw3eoirijkqaGp3-hvribkJhkfcbIjHaZjd21dg',
)
[ info ] [ PARAM ] array (
  'id' => '12',
  'signature' => '3f4050a120fc53689e8408fc0e8c6954',
)
[ info ] [ DB ] INIT mysql
[ info ] [ RUN ] app\admin\controller\Admin->getinfo[ C:\PHP\Apache\Apache24\htdocs\screenphp\application\admin\controller\Admin.php ]
[ info ] [ LOG ] INIT File
---------------------------------------------------------------
[ 2023-05-25T20:53:30+08:00 ] 112.41.71.149 POST www.mmcall.net:7002/index.php/admin/rules/getLists
[运行时间：0.107422s] [吞吐率：9.31req/s] [内存消耗：3,365.30kb] [文件加载：70]
[ info ] [ LANG ] C:\PHP\Apache\Apache24\htdocs\screenphp\thinkphp\lang\zh-cn.php
[ info ] [ ROUTE ] array (
  'type' => 'module',
  'module' => 
  array (
    0 => 'admin',
    1 => 'rules',
    2 => 'getLists',
  ),
)
[ info ] [ HEADER ] array (
  'host' => 'www.mmcall.net:7002',
  'connection' => 'keep-alive',
  'content-length' => '42',
  'accept' => 'application/json, text/plain, */*',
  'x-access-token' => 'D0AB5F4858978918651ADC754AB6043FMDAwMDAwMDAwML6Mna-FqrqSib2cgMOHoIC7o36CkY6xfLjQzqGGZIXVuGadr4u5um-LunZ_w4efabGmjmWDo3-gu5SsqIhkp6vJiamoi9GyooXTgqe7n6iHyICCiIaQpYjGzruxiGKJu8hkYrmZlsiHiqufZa6faWSyf5KIhmyDgsi6n42Xn6-tsXulzoyptm6L4HJjw3eoirijkqaGp3-hvribkJhkfcbIjHaZjd21dg',
  'user-agent' => 'Mozilla/5.0 (Windows NT 10.0; Win64; x64) AppleWebKit/537.36 (KHTML, like Gecko) Chrome/113.0.0.0 Safari/537.36',
  'x-access-appid' => '123456',
  'content-type' => 'application/x-www-form-urlencoded;charset=UTF-8',
  'origin' => 'http://www.mmcall.net:7002',
  'referer' => 'http://www.mmcall.net:7002/datafication/',
  'accept-encoding' => 'gzip, deflate',
  'accept-language' => 'zh-CN,zh;q=0.9',
  'cookie' => 'Admin-Token=D0AB5F4858978918651ADC754AB6043FMDAwMDAwMDAwML6Mna-FqrqSib2cgMOHoIC7o36CkY6xfLjQzqGGZIXVuGadr4u5um-LunZ_w4efabGmjmWDo3-gu5SsqIhkp6vJiamoi9GyooXTgqe7n6iHyICCiIaQpYjGzruxiGKJu8hkYrmZlsiHiqufZa6faWSyf5KIhmyDgsi6n42Xn6-tsXulzoyptm6L4HJjw3eoirijkqaGp3-hvribkJhkfcbIjHaZjd21dg',
)
[ info ] [ PARAM ] array (
  'signature' => '776a8773415590486189e97e10f77114',
)
[ info ] [ DB ] INIT mysql
[ info ] [ RUN ] app\admin\controller\Rules->getLists[ C:\PHP\Apache\Apache24\htdocs\screenphp\application\admin\controller\Rules.php ]
[ info ] [ LOG ] INIT File
---------------------------------------------------------------
[ 2023-05-25T20:53:30+08:00 ] 112.41.71.149 POST www.mmcall.net:7002/index.php/admin/rules/getLists
[运行时间：0.110351s] [吞吐率：9.06req/s] [内存消耗：3,365.30kb] [文件加载：70]
[ info ] [ LANG ] C:\PHP\Apache\Apache24\htdocs\screenphp\thinkphp\lang\zh-cn.php
[ info ] [ ROUTE ] array (
  'type' => 'module',
  'module' => 
  array (
    0 => 'admin',
    1 => 'rules',
    2 => 'getLists',
  ),
)
[ info ] [ HEADER ] array (
  'host' => 'www.mmcall.net:7002',
  'connection' => 'keep-alive',
  'content-length' => '42',
  'accept' => 'application/json, text/plain, */*',
  'x-access-token' => 'D0AB5F4858978918651ADC754AB6043FMDAwMDAwMDAwML6Mna-FqrqSib2cgMOHoIC7o36CkY6xfLjQzqGGZIXVuGadr4u5um-LunZ_w4efabGmjmWDo3-gu5SsqIhkp6vJiamoi9GyooXTgqe7n6iHyICCiIaQpYjGzruxiGKJu8hkYrmZlsiHiqufZa6faWSyf5KIhmyDgsi6n42Xn6-tsXulzoyptm6L4HJjw3eoirijkqaGp3-hvribkJhkfcbIjHaZjd21dg',
  'user-agent' => 'Mozilla/5.0 (Windows NT 10.0; Win64; x64) AppleWebKit/537.36 (KHTML, like Gecko) Chrome/113.0.0.0 Safari/537.36',
  'x-access-appid' => '123456',
  'content-type' => 'application/x-www-form-urlencoded;charset=UTF-8',
  'origin' => 'http://www.mmcall.net:7002',
  'referer' => 'http://www.mmcall.net:7002/datafication/',
  'accept-encoding' => 'gzip, deflate',
  'accept-language' => 'zh-CN,zh;q=0.9',
  'cookie' => 'Admin-Token=D0AB5F4858978918651ADC754AB6043FMDAwMDAwMDAwML6Mna-FqrqSib2cgMOHoIC7o36CkY6xfLjQzqGGZIXVuGadr4u5um-LunZ_w4efabGmjmWDo3-gu5SsqIhkp6vJiamoi9GyooXTgqe7n6iHyICCiIaQpYjGzruxiGKJu8hkYrmZlsiHiqufZa6faWSyf5KIhmyDgsi6n42Xn6-tsXulzoyptm6L4HJjw3eoirijkqaGp3-hvribkJhkfcbIjHaZjd21dg',
)
[ info ] [ PARAM ] array (
  'signature' => '776a8773415590486189e97e10f77114',
)
[ info ] [ DB ] INIT mysql
[ info ] [ RUN ] app\admin\controller\Rules->getLists[ C:\PHP\Apache\Apache24\htdocs\screenphp\application\admin\controller\Rules.php ]
[ info ] [ LOG ] INIT File
---------------------------------------------------------------
[ 2023-05-25T20:53:30+08:00 ] 112.41.71.149 POST www.mmcall.net:7002/index.php/admin/roles/index
[运行时间：0.111328s] [吞吐率：8.98req/s] [内存消耗：3,414.44kb] [文件加载：71]
[ info ] [ LANG ] C:\PHP\Apache\Apache24\htdocs\screenphp\thinkphp\lang\zh-cn.php
[ info ] [ ROUTE ] array (
  'type' => 'module',
  'module' => 
  array (
    0 => 'admin',
    1 => 'roles',
    2 => 'index',
  ),
)
[ info ] [ HEADER ] array (
  'host' => 'www.mmcall.net:7002',
  'connection' => 'keep-alive',
  'content-length' => '229',
  'accept' => 'application/json, text/plain, */*',
  'x-access-token' => 'D0AB5F4858978918651ADC754AB6043FMDAwMDAwMDAwML6Mna-FqrqSib2cgMOHoIC7o36CkY6xfLjQzqGGZIXVuGadr4u5um-LunZ_w4efabGmjmWDo3-gu5SsqIhkp6vJiamoi9GyooXTgqe7n6iHyICCiIaQpYjGzruxiGKJu8hkYrmZlsiHiqufZa6faWSyf5KIhmyDgsi6n42Xn6-tsXulzoyptm6L4HJjw3eoirijkqaGp3-hvribkJhkfcbIjHaZjd21dg',
  'user-agent' => 'Mozilla/5.0 (Windows NT 10.0; Win64; x64) AppleWebKit/537.36 (KHTML, like Gecko) Chrome/113.0.0.0 Safari/537.36',
  'x-access-appid' => '123456',
  'content-type' => 'application/x-www-form-urlencoded;charset=UTF-8',
  'origin' => 'http://www.mmcall.net:7002',
  'referer' => 'http://www.mmcall.net:7002/datafication/',
  'accept-encoding' => 'gzip, deflate',
  'accept-language' => 'zh-CN,zh;q=0.9',
  'cookie' => 'Admin-Token=D0AB5F4858978918651ADC754AB6043FMDAwMDAwMDAwML6Mna-FqrqSib2cgMOHoIC7o36CkY6xfLjQzqGGZIXVuGadr4u5um-LunZ_w4efabGmjmWDo3-gu5SsqIhkp6vJiamoi9GyooXTgqe7n6iHyICCiIaQpYjGzruxiGKJu8hkYrmZlsiHiqufZa6faWSyf5KIhmyDgsi6n42Xn6-tsXulzoyptm6L4HJjw3eoirijkqaGp3-hvribkJhkfcbIjHaZjd21dg',
)
[ info ] [ PARAM ] array (
  'page' => '1',
  'psize' => '10',
  'status' => '1',
  'jdName' => '',
  'jdParent' => '内蒙古东江物业居家养老呼叫机项目',
  'signature' => '4809e1f43bed0e139ea9b9409e0d8b02',
)
[ info ] [ DB ] INIT mysql
[ info ] [ RUN ] app\admin\controller\Roles->index[ C:\PHP\Apache\Apache24\htdocs\screenphp\application\admin\controller\Roles.php ]
[ info ] [ LOG ] INIT File
---------------------------------------------------------------
[ 2023-05-25T20:53:32+08:00 ] 112.41.71.149 POST www.mmcall.net:7002/index.php/admin/admin/index
[运行时间：0.084960s] [吞吐率：11.77req/s] [内存消耗：3,448.65kb] [文件加载：72]
[ info ] [ LANG ] C:\PHP\Apache\Apache24\htdocs\screenphp\thinkphp\lang\zh-cn.php
[ info ] [ ROUTE ] array (
  'type' => 'module',
  'module' => 
  array (
    0 => 'admin',
    1 => 'admin',
    2 => 'index',
  ),
)
[ info ] [ HEADER ] array (
  'host' => 'www.mmcall.net:7002',
  'connection' => 'keep-alive',
  'content-length' => '310',
  'accept' => 'application/json, text/plain, */*',
  'x-access-token' => 'D0AB5F4858978918651ADC754AB6043FMDAwMDAwMDAwML6Mna-FqrqSib2cgMOHoIC7o36CkY6xfLjQzqGGZIXVuGadr4u5um-LunZ_w4efabGmjmWDo3-gu5SsqIhkp6vJiamoi9GyooXTgqe7n6iHyICCiIaQpYjGzruxiGKJu8hkYrmZlsiHiqufZa6faWSyf5KIhmyDgsi6n42Xn6-tsXulzoyptm6L4HJjw3eoirijkqaGp3-hvribkJhkfcbIjHaZjd21dg',
  'user-agent' => 'Mozilla/5.0 (Windows NT 10.0; Win64; x64) AppleWebKit/537.36 (KHTML, like Gecko) Chrome/113.0.0.0 Safari/537.36',
  'x-access-appid' => '123456',
  'content-type' => 'application/x-www-form-urlencoded;charset=UTF-8',
  'origin' => 'http://www.mmcall.net:7002',
  'referer' => 'http://www.mmcall.net:7002/datafication/',
  'accept-encoding' => 'gzip, deflate',
  'accept-language' => 'zh-CN,zh;q=0.9',
  'cookie' => 'Admin-Token=D0AB5F4858978918651ADC754AB6043FMDAwMDAwMDAwML6Mna-FqrqSib2cgMOHoIC7o36CkY6xfLjQzqGGZIXVuGadr4u5um-LunZ_w4efabGmjmWDo3-gu5SsqIhkp6vJiamoi9GyooXTgqe7n6iHyICCiIaQpYjGzruxiGKJu8hkYrmZlsiHiqufZa6faWSyf5KIhmyDgsi6n42Xn6-tsXulzoyptm6L4HJjw3eoirijkqaGp3-hvribkJhkfcbIjHaZjd21dg',
)
[ info ] [ PARAM ] array (
  'page' => '1',
  'psize' => '10',
  'isEnabled' => '-1',
  'userName' => '',
  'phone' => '',
  'realName' => '',
  'startTime' => '',
  'endTime' => '',
  'jdName' => '内蒙古东江物业居家养老呼叫机项目',
  'UnitNo' => '80492e8b8c104cc9a81645e9b3ffd80f',
  'signature' => '9a4ca3425e7a938c79873e28bbac53bd',
)
[ info ] [ DB ] INIT mysql
[ info ] [ RUN ] app\admin\controller\Admin->index[ C:\PHP\Apache\Apache24\htdocs\screenphp\application\admin\controller\Admin.php ]
[ info ] [ LOG ] INIT File
---------------------------------------------------------------
[ 2023-05-25T20:53:32+08:00 ] 112.41.71.149 POST www.mmcall.net:7002/index.php/admin/roles/getLists
[运行时间：0.091797s] [吞吐率：10.89req/s] [内存消耗：3,414.96kb] [文件加载：72]
[ info ] [ LANG ] C:\PHP\Apache\Apache24\htdocs\screenphp\thinkphp\lang\zh-cn.php
[ info ] [ ROUTE ] array (
  'type' => 'module',
  'module' => 
  array (
    0 => 'admin',
    1 => 'roles',
    2 => 'getLists',
  ),
)
[ info ] [ HEADER ] array (
  'host' => 'www.mmcall.net:7002',
  'connection' => 'keep-alive',
  'content-length' => '42',
  'accept' => 'application/json, text/plain, */*',
  'x-access-token' => 'D0AB5F4858978918651ADC754AB6043FMDAwMDAwMDAwML6Mna-FqrqSib2cgMOHoIC7o36CkY6xfLjQzqGGZIXVuGadr4u5um-LunZ_w4efabGmjmWDo3-gu5SsqIhkp6vJiamoi9GyooXTgqe7n6iHyICCiIaQpYjGzruxiGKJu8hkYrmZlsiHiqufZa6faWSyf5KIhmyDgsi6n42Xn6-tsXulzoyptm6L4HJjw3eoirijkqaGp3-hvribkJhkfcbIjHaZjd21dg',
  'user-agent' => 'Mozilla/5.0 (Windows NT 10.0; Win64; x64) AppleWebKit/537.36 (KHTML, like Gecko) Chrome/113.0.0.0 Safari/537.36',
  'x-access-appid' => '123456',
  'content-type' => 'application/x-www-form-urlencoded;charset=UTF-8',
  'origin' => 'http://www.mmcall.net:7002',
  'referer' => 'http://www.mmcall.net:7002/datafication/',
  'accept-encoding' => 'gzip, deflate',
  'accept-language' => 'zh-CN,zh;q=0.9',
  'cookie' => 'Admin-Token=D0AB5F4858978918651ADC754AB6043FMDAwMDAwMDAwML6Mna-FqrqSib2cgMOHoIC7o36CkY6xfLjQzqGGZIXVuGadr4u5um-LunZ_w4efabGmjmWDo3-gu5SsqIhkp6vJiamoi9GyooXTgqe7n6iHyICCiIaQpYjGzruxiGKJu8hkYrmZlsiHiqufZa6faWSyf5KIhmyDgsi6n42Xn6-tsXulzoyptm6L4HJjw3eoirijkqaGp3-hvribkJhkfcbIjHaZjd21dg',
)
[ info ] [ PARAM ] array (
  'signature' => '776a8773415590486189e97e10f77114',
)
[ info ] [ DB ] INIT mysql
[ info ] [ RUN ] app\admin\controller\Roles->getLists[ C:\PHP\Apache\Apache24\htdocs\screenphp\application\admin\controller\Roles.php ]
[ info ] [ LOG ] INIT File
---------------------------------------------------------------
[ 2023-05-25T20:54:58+08:00 ] 112.41.71.149 POST www.mmcall.net:7002/index.php/admin/rules/getLists
[运行时间：0.109375s] [吞吐率：9.14req/s] [内存消耗：3,365.30kb] [文件加载：70]
[ info ] [ LANG ] C:\PHP\Apache\Apache24\htdocs\screenphp\thinkphp\lang\zh-cn.php
[ info ] [ ROUTE ] array (
  'type' => 'module',
  'module' => 
  array (
    0 => 'admin',
    1 => 'rules',
    2 => 'getLists',
  ),
)
[ info ] [ HEADER ] array (
  'host' => 'www.mmcall.net:7002',
  'connection' => 'keep-alive',
  'content-length' => '42',
  'accept' => 'application/json, text/plain, */*',
  'x-access-token' => 'D0AB5F4858978918651ADC754AB6043FMDAwMDAwMDAwML6Mna-FqrqSib2cgMOHoIC7o36CkY6xfLjQzqGGZIXVuGadr4u5um-LunZ_w4efabGmjmWDo3-gu5SsqIhkp6vJiamoi9GyooXTgqe7n6iHyICCiIaQpYjGzruxiGKJu8hkYrmZlsiHiqufZa6faWSyf5KIhmyDgsi6n42Xn6-tsXulzoyptm6L4HJjw3eoirijkqaGp3-hvribkJhkfcbIjHaZjd21dg',
  'user-agent' => 'Mozilla/5.0 (Windows NT 10.0; Win64; x64) AppleWebKit/537.36 (KHTML, like Gecko) Chrome/113.0.0.0 Safari/537.36',
  'x-access-appid' => '123456',
  'content-type' => 'application/x-www-form-urlencoded;charset=UTF-8',
  'origin' => 'http://www.mmcall.net:7002',
  'referer' => 'http://www.mmcall.net:7002/datafication/',
  'accept-encoding' => 'gzip, deflate',
  'accept-language' => 'zh-CN,zh;q=0.9',
  'cookie' => 'Admin-Token=D0AB5F4858978918651ADC754AB6043FMDAwMDAwMDAwML6Mna-FqrqSib2cgMOHoIC7o36CkY6xfLjQzqGGZIXVuGadr4u5um-LunZ_w4efabGmjmWDo3-gu5SsqIhkp6vJiamoi9GyooXTgqe7n6iHyICCiIaQpYjGzruxiGKJu8hkYrmZlsiHiqufZa6faWSyf5KIhmyDgsi6n42Xn6-tsXulzoyptm6L4HJjw3eoirijkqaGp3-hvribkJhkfcbIjHaZjd21dg',
)
[ info ] [ PARAM ] array (
  'signature' => '776a8773415590486189e97e10f77114',
)
[ info ] [ DB ] INIT mysql
[ info ] [ RUN ] app\admin\controller\Rules->getLists[ C:\PHP\Apache\Apache24\htdocs\screenphp\application\admin\controller\Rules.php ]
[ info ] [ LOG ] INIT File
---------------------------------------------------------------
[ 2023-05-25T20:54:58+08:00 ] 112.41.71.149 POST www.mmcall.net:7002/index.php/admin/roles/index
[运行时间：0.114258s] [吞吐率：8.75req/s] [内存消耗：3,414.44kb] [文件加载：71]
[ info ] [ LANG ] C:\PHP\Apache\Apache24\htdocs\screenphp\thinkphp\lang\zh-cn.php
[ info ] [ ROUTE ] array (
  'type' => 'module',
  'module' => 
  array (
    0 => 'admin',
    1 => 'roles',
    2 => 'index',
  ),
)
[ info ] [ HEADER ] array (
  'host' => 'www.mmcall.net:7002',
  'connection' => 'keep-alive',
  'content-length' => '229',
  'accept' => 'application/json, text/plain, */*',
  'x-access-token' => 'D0AB5F4858978918651ADC754AB6043FMDAwMDAwMDAwML6Mna-FqrqSib2cgMOHoIC7o36CkY6xfLjQzqGGZIXVuGadr4u5um-LunZ_w4efabGmjmWDo3-gu5SsqIhkp6vJiamoi9GyooXTgqe7n6iHyICCiIaQpYjGzruxiGKJu8hkYrmZlsiHiqufZa6faWSyf5KIhmyDgsi6n42Xn6-tsXulzoyptm6L4HJjw3eoirijkqaGp3-hvribkJhkfcbIjHaZjd21dg',
  'user-agent' => 'Mozilla/5.0 (Windows NT 10.0; Win64; x64) AppleWebKit/537.36 (KHTML, like Gecko) Chrome/113.0.0.0 Safari/537.36',
  'x-access-appid' => '123456',
  'content-type' => 'application/x-www-form-urlencoded;charset=UTF-8',
  'origin' => 'http://www.mmcall.net:7002',
  'referer' => 'http://www.mmcall.net:7002/datafication/',
  'accept-encoding' => 'gzip, deflate',
  'accept-language' => 'zh-CN,zh;q=0.9',
  'cookie' => 'Admin-Token=D0AB5F4858978918651ADC754AB6043FMDAwMDAwMDAwML6Mna-FqrqSib2cgMOHoIC7o36CkY6xfLjQzqGGZIXVuGadr4u5um-LunZ_w4efabGmjmWDo3-gu5SsqIhkp6vJiamoi9GyooXTgqe7n6iHyICCiIaQpYjGzruxiGKJu8hkYrmZlsiHiqufZa6faWSyf5KIhmyDgsi6n42Xn6-tsXulzoyptm6L4HJjw3eoirijkqaGp3-hvribkJhkfcbIjHaZjd21dg',
)
[ info ] [ PARAM ] array (
  'page' => '1',
  'psize' => '10',
  'status' => '1',
  'jdName' => '',
  'jdParent' => '内蒙古东江物业居家养老呼叫机项目',
  'signature' => '4809e1f43bed0e139ea9b9409e0d8b02',
)
[ info ] [ DB ] INIT mysql
[ info ] [ RUN ] app\admin\controller\Roles->index[ C:\PHP\Apache\Apache24\htdocs\screenphp\application\admin\controller\Roles.php ]
[ info ] [ LOG ] INIT File
---------------------------------------------------------------
[ 2023-05-25T20:54:58+08:00 ] 112.41.71.149 POST www.mmcall.net:7002/index.php/admin/rules/getLists
[运行时间：0.095703s] [吞吐率：10.45req/s] [内存消耗：3,365.30kb] [文件加载：70]
[ info ] [ LANG ] C:\PHP\Apache\Apache24\htdocs\screenphp\thinkphp\lang\zh-cn.php
[ info ] [ ROUTE ] array (
  'type' => 'module',
  'module' => 
  array (
    0 => 'admin',
    1 => 'rules',
    2 => 'getLists',
  ),
)
[ info ] [ HEADER ] array (
  'host' => 'www.mmcall.net:7002',
  'connection' => 'keep-alive',
  'content-length' => '42',
  'accept' => 'application/json, text/plain, */*',
  'x-access-token' => 'D0AB5F4858978918651ADC754AB6043FMDAwMDAwMDAwML6Mna-FqrqSib2cgMOHoIC7o36CkY6xfLjQzqGGZIXVuGadr4u5um-LunZ_w4efabGmjmWDo3-gu5SsqIhkp6vJiamoi9GyooXTgqe7n6iHyICCiIaQpYjGzruxiGKJu8hkYrmZlsiHiqufZa6faWSyf5KIhmyDgsi6n42Xn6-tsXulzoyptm6L4HJjw3eoirijkqaGp3-hvribkJhkfcbIjHaZjd21dg',
  'user-agent' => 'Mozilla/5.0 (Windows NT 10.0; Win64; x64) AppleWebKit/537.36 (KHTML, like Gecko) Chrome/113.0.0.0 Safari/537.36',
  'x-access-appid' => '123456',
  'content-type' => 'application/x-www-form-urlencoded;charset=UTF-8',
  'origin' => 'http://www.mmcall.net:7002',
  'referer' => 'http://www.mmcall.net:7002/datafication/',
  'accept-encoding' => 'gzip, deflate',
  'accept-language' => 'zh-CN,zh;q=0.9',
  'cookie' => 'Admin-Token=D0AB5F4858978918651ADC754AB6043FMDAwMDAwMDAwML6Mna-FqrqSib2cgMOHoIC7o36CkY6xfLjQzqGGZIXVuGadr4u5um-LunZ_w4efabGmjmWDo3-gu5SsqIhkp6vJiamoi9GyooXTgqe7n6iHyICCiIaQpYjGzruxiGKJu8hkYrmZlsiHiqufZa6faWSyf5KIhmyDgsi6n42Xn6-tsXulzoyptm6L4HJjw3eoirijkqaGp3-hvribkJhkfcbIjHaZjd21dg',
)
[ info ] [ PARAM ] array (
  'signature' => '776a8773415590486189e97e10f77114',
)
[ info ] [ DB ] INIT mysql
[ info ] [ RUN ] app\admin\controller\Rules->getLists[ C:\PHP\Apache\Apache24\htdocs\screenphp\application\admin\controller\Rules.php ]
[ info ] [ LOG ] INIT File
---------------------------------------------------------------
[ 2023-05-25T20:55:01+08:00 ] 112.41.71.149 POST www.mmcall.net:7002/index.php/admin/Index/historyCallsList
[运行时间：0.087891s] [吞吐率：11.38req/s] [内存消耗：3,429.24kb] [文件加载：72]
[ info ] [ LANG ] C:\PHP\Apache\Apache24\htdocs\screenphp\thinkphp\lang\zh-cn.php
[ info ] [ ROUTE ] array (
  'type' => 'module',
  'module' => 
  array (
    0 => 'admin',
    1 => 'Index',
    2 => 'historyCallsList',
  ),
)
[ info ] [ HEADER ] array (
  'host' => 'www.mmcall.net:7002',
  'connection' => 'keep-alive',
  'content-length' => '73',
  'accept' => 'application/json, text/plain, */*',
  'x-access-token' => 'D0AB5F4858978918651ADC754AB6043FMDAwMDAwMDAwML6Mna-FqrqSib2cgMOHoIC7o36CkY6xfLjQzqGGZIXVuGadr4u5um-LunZ_w4efabGmjmWDo3-gu5SsqIhkp6vJiamoi9GyooXTgqe7n6iHyICCiIaQpYjGzruxiGKJu8hkYrmZlsiHiqufZa6faWSyf5KIhmyDgsi6n42Xn6-tsXulzoyptm6L4HJjw3eoirijkqaGp3-hvribkJhkfcbIjHaZjd21dg',
  'user-agent' => 'Mozilla/5.0 (Windows NT 10.0; Win64; x64) AppleWebKit/537.36 (KHTML, like Gecko) Chrome/113.0.0.0 Safari/537.36',
  'x-access-appid' => '123456',
  'content-type' => 'application/x-www-form-urlencoded;charset=UTF-8',
  'origin' => 'http://www.mmcall.net:7002',
  'referer' => 'http://www.mmcall.net:7002/datafication/',
  'accept-encoding' => 'gzip, deflate',
  'accept-language' => 'zh-CN,zh;q=0.9',
  'cookie' => 'Admin-Token=D0AB5F4858978918651ADC754AB6043FMDAwMDAwMDAwML6Mna-FqrqSib2cgMOHoIC7o36CkY6xfLjQzqGGZIXVuGadr4u5um-LunZ_w4efabGmjmWDo3-gu5SsqIhkp6vJiamoi9GyooXTgqe7n6iHyICCiIaQpYjGzruxiGKJu8hkYrmZlsiHiqufZa6faWSyf5KIhmyDgsi6n42Xn6-tsXulzoyptm6L4HJjw3eoirijkqaGp3-hvribkJhkfcbIjHaZjd21dg',
)
[ info ] [ PARAM ] array (
  'jdno' => '88',
  'id' => '',
  'oldmanname' => '',
  'page' => '1',
  'signature' => 'ddc4eee07d0bd73bb99aa5f8de192b04',
)
[ info ] [ DB ] INIT mysql
[ info ] [ RUN ] app\admin\controller\Index->historyCallsList[ C:\PHP\Apache\Apache24\htdocs\screenphp\application\admin\controller\Index.php ]
[ info ] [ LOG ] INIT File
---------------------------------------------------------------
[ 2023-05-25T20:55:03+08:00 ] 112.41.71.149 POST www.mmcall.net:7002/index.php/admin/Index/dateCallsList
[运行时间：0.085937s] [吞吐率：11.64req/s] [内存消耗：3,428.04kb] [文件加载：72]
[ info ] [ LANG ] C:\PHP\Apache\Apache24\htdocs\screenphp\thinkphp\lang\zh-cn.php
[ info ] [ ROUTE ] array (
  'type' => 'module',
  'module' => 
  array (
    0 => 'admin',
    1 => 'Index',
    2 => 'dateCallsList',
  ),
)
[ info ] [ HEADER ] array (
  'host' => 'www.mmcall.net:7002',
  'connection' => 'keep-alive',
  'content-length' => '73',
  'accept' => 'application/json, text/plain, */*',
  'x-access-token' => 'D0AB5F4858978918651ADC754AB6043FMDAwMDAwMDAwML6Mna-FqrqSib2cgMOHoIC7o36CkY6xfLjQzqGGZIXVuGadr4u5um-LunZ_w4efabGmjmWDo3-gu5SsqIhkp6vJiamoi9GyooXTgqe7n6iHyICCiIaQpYjGzruxiGKJu8hkYrmZlsiHiqufZa6faWSyf5KIhmyDgsi6n42Xn6-tsXulzoyptm6L4HJjw3eoirijkqaGp3-hvribkJhkfcbIjHaZjd21dg',
  'user-agent' => 'Mozilla/5.0 (Windows NT 10.0; Win64; x64) AppleWebKit/537.36 (KHTML, like Gecko) Chrome/113.0.0.0 Safari/537.36',
  'x-access-appid' => '123456',
  'content-type' => 'application/x-www-form-urlencoded;charset=UTF-8',
  'origin' => 'http://www.mmcall.net:7002',
  'referer' => 'http://www.mmcall.net:7002/datafication/',
  'accept-encoding' => 'gzip, deflate',
  'accept-language' => 'zh-CN,zh;q=0.9',
  'cookie' => 'Admin-Token=D0AB5F4858978918651ADC754AB6043FMDAwMDAwMDAwML6Mna-FqrqSib2cgMOHoIC7o36CkY6xfLjQzqGGZIXVuGadr4u5um-LunZ_w4efabGmjmWDo3-gu5SsqIhkp6vJiamoi9GyooXTgqe7n6iHyICCiIaQpYjGzruxiGKJu8hkYrmZlsiHiqufZa6faWSyf5KIhmyDgsi6n42Xn6-tsXulzoyptm6L4HJjw3eoirijkqaGp3-hvribkJhkfcbIjHaZjd21dg',
)
[ info ] [ PARAM ] array (
  'jdno' => '88',
  'id' => '',
  'oldmanname' => '',
  'page' => '1',
  'signature' => 'ddc4eee07d0bd73bb99aa5f8de192b04',
)
[ info ] [ DB ] INIT mysql
[ info ] [ RUN ] app\admin\controller\Index->dateCallsList[ C:\PHP\Apache\Apache24\htdocs\screenphp\application\admin\controller\Index.php ]
[ info ] [ LOG ] INIT File
---------------------------------------------------------------
[ 2023-05-25T20:55:05+08:00 ] 112.41.71.149 POST www.mmcall.net:7002/index.php/admin/Index/getPeopleList
[运行时间：0.086914s] [吞吐率：11.51req/s] [内存消耗：3,445.01kb] [文件加载：72]
[ info ] [ LANG ] C:\PHP\Apache\Apache24\htdocs\screenphp\thinkphp\lang\zh-cn.php
[ info ] [ ROUTE ] array (
  'type' => 'module',
  'module' => 
  array (
    0 => 'admin',
    1 => 'Index',
    2 => 'getPeopleList',
  ),
)
[ info ] [ HEADER ] array (
  'host' => 'www.mmcall.net:7002',
  'connection' => 'keep-alive',
  'content-length' => '105',
  'accept' => 'application/json, text/plain, */*',
  'x-access-token' => 'D0AB5F4858978918651ADC754AB6043FMDAwMDAwMDAwML6Mna-FqrqSib2cgMOHoIC7o36CkY6xfLjQzqGGZIXVuGadr4u5um-LunZ_w4efabGmjmWDo3-gu5SsqIhkp6vJiamoi9GyooXTgqe7n6iHyICCiIaQpYjGzruxiGKJu8hkYrmZlsiHiqufZa6faWSyf5KIhmyDgsi6n42Xn6-tsXulzoyptm6L4HJjw3eoirijkqaGp3-hvribkJhkfcbIjHaZjd21dg',
  'user-agent' => 'Mozilla/5.0 (Windows NT 10.0; Win64; x64) AppleWebKit/537.36 (KHTML, like Gecko) Chrome/113.0.0.0 Safari/537.36',
  'x-access-appid' => '123456',
  'content-type' => 'application/x-www-form-urlencoded;charset=UTF-8',
  'origin' => 'http://www.mmcall.net:7002',
  'referer' => 'http://www.mmcall.net:7002/datafication/',
  'accept-encoding' => 'gzip, deflate',
  'accept-language' => 'zh-CN,zh;q=0.9',
  'cookie' => 'Admin-Token=D0AB5F4858978918651ADC754AB6043FMDAwMDAwMDAwML6Mna-FqrqSib2cgMOHoIC7o36CkY6xfLjQzqGGZIXVuGadr4u5um-LunZ_w4efabGmjmWDo3-gu5SsqIhkp6vJiamoi9GyooXTgqe7n6iHyICCiIaQpYjGzruxiGKJu8hkYrmZlsiHiqufZa6faWSyf5KIhmyDgsi6n42Xn6-tsXulzoyptm6L4HJjw3eoirijkqaGp3-hvribkJhkfcbIjHaZjd21dg',
)
[ info ] [ PARAM ] array (
  'page' => '1',
  'psize' => '10',
  'sort' => '+deviceno',
  'jdno' => '88',
  'deviceno' => '',
  'oldmanname' => '',
  'signature' => '66d1bfeddaf608da7eaadf0218eb0a83',
)
[ info ] [ DB ] INIT mysql
[ info ] [ RUN ] app\admin\controller\Index->getPeopleList[ C:\PHP\Apache\Apache24\htdocs\screenphp\application\admin\controller\Index.php ]
[ info ] [ LOG ] INIT File
---------------------------------------------------------------
[ 2023-05-25T20:55:06+08:00 ] 112.41.71.149 GET www.mmcall.net:7002/index.php/admin/Index/dataIntegration?data=%7B%22jdno%22:88,%22dateValue%22:%22%E6%9C%88%22,%22themoonarraylist%22:%22[[%5C%222023%2F4%2F25%5C%22,%5C%222023%2F4%2F28%5C%22],[%5C%222023%2F4%2F29%5C%22,%5C%222023%2F5%2F2%5C%22],[%5C%222023%2F5%2F3%5C%22,%5C%222023%2F5%2F6%5C%22],[%5C%222023%2F5%2F7%5C%22,%5C%222023%2F5%2F10%5C%22],[%5C%222023%2F5%2F11%5C%22,%5C%222023%2F5%2F14%5C%22],[%5C%222023%2F5%2F15%5C%22,%5C%222023%2F5%2F18%5C%22],[%5C%222023%2F5%2F19%5C%22,%5C%222023%2F5%2F22%5C%22],[%5C%222023%2F5%2F23%5C%22,%5C%222023%2F5%2F25%5C%22]]%22%7D&signature=e2ac79da70af24159bf6e90ee92ba47d
[运行时间：0.250000s] [吞吐率：4.00req/s] [内存消耗：3,586.68kb] [文件加载：72]
[ info ] [ LANG ] C:\PHP\Apache\Apache24\htdocs\screenphp\thinkphp\lang\zh-cn.php
[ info ] [ ROUTE ] array (
  'type' => 'module',
  'module' => 
  array (
    0 => 'admin',
    1 => 'Index',
    2 => 'dataIntegration',
  ),
)
[ info ] [ HEADER ] array (
  'host' => 'www.mmcall.net:7002',
  'connection' => 'keep-alive',
  'accept' => 'application/json, text/plain, */*',
  'x-access-token' => 'D0AB5F4858978918651ADC754AB6043FMDAwMDAwMDAwML6Mna-FqrqSib2cgMOHoIC7o36CkY6xfLjQzqGGZIXVuGadr4u5um-LunZ_w4efabGmjmWDo3-gu5SsqIhkp6vJiamoi9GyooXTgqe7n6iHyICCiIaQpYjGzruxiGKJu8hkYrmZlsiHiqufZa6faWSyf5KIhmyDgsi6n42Xn6-tsXulzoyptm6L4HJjw3eoirijkqaGp3-hvribkJhkfcbIjHaZjd21dg',
  'user-agent' => 'Mozilla/5.0 (Windows NT 10.0; Win64; x64) AppleWebKit/537.36 (KHTML, like Gecko) Chrome/113.0.0.0 Safari/537.36',
  'x-access-appid' => '123456',
  'referer' => 'http://www.mmcall.net:7002/datafication/',
  'accept-encoding' => 'gzip, deflate',
  'accept-language' => 'zh-CN,zh;q=0.9',
  'cookie' => 'Admin-Token=D0AB5F4858978918651ADC754AB6043FMDAwMDAwMDAwML6Mna-FqrqSib2cgMOHoIC7o36CkY6xfLjQzqGGZIXVuGadr4u5um-LunZ_w4efabGmjmWDo3-gu5SsqIhkp6vJiamoi9GyooXTgqe7n6iHyICCiIaQpYjGzruxiGKJu8hkYrmZlsiHiqufZa6faWSyf5KIhmyDgsi6n42Xn6-tsXulzoyptm6L4HJjw3eoirijkqaGp3-hvribkJhkfcbIjHaZjd21dg',
)
[ info ] [ PARAM ] array (
  'data' => '{"jdno":88,"dateValue":"月","themoonarraylist":"[[\\"2023/4/25\\",\\"2023/4/28\\"],[\\"2023/4/29\\",\\"2023/5/2\\"],[\\"2023/5/3\\",\\"2023/5/6\\"],[\\"2023/5/7\\",\\"2023/5/10\\"],[\\"2023/5/11\\",\\"2023/5/14\\"],[\\"2023/5/15\\",\\"2023/5/18\\"],[\\"2023/5/19\\",\\"2023/5/22\\"],[\\"2023/5/23\\",\\"2023/5/25\\"]]"}',
  'signature' => 'e2ac79da70af24159bf6e90ee92ba47d',
)
[ info ] [ DB ] INIT mysql
[ info ] [ RUN ] app\admin\controller\Index->dataIntegration[ C:\PHP\Apache\Apache24\htdocs\screenphp\application\admin\controller\Index.php ]
[ info ] [ LOG ] INIT File
---------------------------------------------------------------
[ 2023-05-25T20:55:06+08:00 ] 112.41.71.149 POST www.mmcall.net:7002/index.php/admin/Index/mapIntegration
[运行时间：0.122071s] [吞吐率：8.19req/s] [内存消耗：3,529.42kb] [文件加载：72]
[ info ] [ LANG ] C:\PHP\Apache\Apache24\htdocs\screenphp\thinkphp\lang\zh-cn.php
[ info ] [ ROUTE ] array (
  'type' => 'module',
  'module' => 
  array (
    0 => 'admin',
    1 => 'Index',
    2 => 'mapIntegration',
  ),
)
[ info ] [ HEADER ] array (
  'host' => 'www.mmcall.net:7002',
  'connection' => 'keep-alive',
  'content-length' => '50',
  'accept' => 'application/json, text/plain, */*',
  'x-access-token' => 'D0AB5F4858978918651ADC754AB6043FMDAwMDAwMDAwML6Mna-FqrqSib2cgMOHoIC7o36CkY6xfLjQzqGGZIXVuGadr4u5um-LunZ_w4efabGmjmWDo3-gu5SsqIhkp6vJiamoi9GyooXTgqe7n6iHyICCiIaQpYjGzruxiGKJu8hkYrmZlsiHiqufZa6faWSyf5KIhmyDgsi6n42Xn6-tsXulzoyptm6L4HJjw3eoirijkqaGp3-hvribkJhkfcbIjHaZjd21dg',
  'user-agent' => 'Mozilla/5.0 (Windows NT 10.0; Win64; x64) AppleWebKit/537.36 (KHTML, like Gecko) Chrome/113.0.0.0 Safari/537.36',
  'x-access-appid' => '123456',
  'content-type' => 'application/x-www-form-urlencoded;charset=UTF-8',
  'origin' => 'http://www.mmcall.net:7002',
  'referer' => 'http://www.mmcall.net:7002/datafication/',
  'accept-encoding' => 'gzip, deflate',
  'accept-language' => 'zh-CN,zh;q=0.9',
  'cookie' => 'Admin-Token=D0AB5F4858978918651ADC754AB6043FMDAwMDAwMDAwML6Mna-FqrqSib2cgMOHoIC7o36CkY6xfLjQzqGGZIXVuGadr4u5um-LunZ_w4efabGmjmWDo3-gu5SsqIhkp6vJiamoi9GyooXTgqe7n6iHyICCiIaQpYjGzruxiGKJu8hkYrmZlsiHiqufZa6faWSyf5KIhmyDgsi6n42Xn6-tsXulzoyptm6L4HJjw3eoirijkqaGp3-hvribkJhkfcbIjHaZjd21dg',
)
[ info ] [ PARAM ] array (
  'jdno' => '88',
  'signature' => '76c340d11d30f3764a08c67a37e90fe9',
)
[ info ] [ DB ] INIT mysql
[ info ] [ RUN ] app\admin\controller\Index->mapIntegration[ C:\PHP\Apache\Apache24\htdocs\screenphp\application\admin\controller\Index.php ]
[ info ] [ LOG ] INIT File
