---------------------------------------------------------------
[ 2023-05-26T14:06:47+08:00 ] 120.92.72.66 GET www.mmcall.net:7002/index.php
[运行时间：0.074219s] [吞吐率：13.47req/s] [内存消耗：1,895.61kb] [文件加载：48]
[ info ] [ LANG ] C:\PHP\Apache\Apache24\htdocs\screenphp\thinkphp\lang\zh-cn.php
[ info ] [ ROUTE ] array (
  'type' => 'module',
  'module' => 
  array (
    0 => '',
    1 => NULL,
    2 => NULL,
  ),
)
[ info ] [ HEADER ] array (
  'host' => 'www.mmcall.net:7002',
  'user-agent' => 'Mozilla/5.0 (Windows NT 10.0; Win64; x64) AppleWebKit/537.36 (KHTML, like Gecko) Chrome/59.0.3071.115 Safari/537.36',
  'accept-encoding' => 'gzip, deflate',
  'accept' => '*/*',
  'connection' => 'keep-alive',
  'referer' => 'http://www.mmcall.net:7002/datafication/js/app.32f1adbb.js',
  'cookie' => '',
)
[ info ] [ PARAM ] array (
)
[ info ] [ RUN ] app\index\controller\Index->index[ C:\PHP\Apache\Apache24\htdocs\screenphp\application\index\controller\Index.php ]
[ info ] [ LOG ] INIT File
---------------------------------------------------------------
[ 2023-05-26T14:06:47+08:00 ] 120.92.72.96 GET www.mmcall.net:7002/index.php
[运行时间：0.019531s] [吞吐率：51.20req/s] [内存消耗：1,895.63kb] [文件加载：48]
[ info ] [ LANG ] C:\PHP\Apache\Apache24\htdocs\screenphp\thinkphp\lang\zh-cn.php
[ info ] [ ROUTE ] array (
  'type' => 'module',
  'module' => 
  array (
    0 => '',
    1 => NULL,
    2 => NULL,
  ),
)
[ info ] [ HEADER ] array (
  'host' => 'www.mmcall.net:7002',
  'user-agent' => 'Mozilla/5.0 (Linux; U; Android 4.0.4; en-gb; GT-I9300 Build/IMM76D) AppleWebKit/534.30 (KHTML, like Gecko) Version/4.0 Mobile Safari/534.30',
  'accept-encoding' => 'gzip, deflate',
  'accept' => '*/*',
  'connection' => 'keep-alive',
  'referer' => 'http://www.mmcall.net:7002/index.php',
  'cookie' => '',
)
[ info ] [ PARAM ] array (
)
[ info ] [ RUN ] app\index\controller\Index->index[ C:\PHP\Apache\Apache24\htdocs\screenphp\application\index\controller\Index.php ]
[ info ] [ LOG ] INIT File
