---------------------------------------------------------------
[ 2021-07-08T13:55:38+08:00 ] 127.0.0.1 OPTIONS www.hardphp.com/index.php/admin/login/index
[运行时间：1.034348s] [吞吐率：0.97req/s] [内存消耗：2,085.13kb] [文件加载：66]
[ info ] [ LANG ] D:\PHPTutorial\WWW\hardphp\thinkphp\lang\zh-cn.php
[ info ] [ ROUTE ] array (
  'type' => 'module',
  'module' => 
  array (
    0 => 'admin',
    1 => 'login',
    2 => 'index',
  ),
)
[ info ] [ HEADER ] array (
  'host' => 'www.hardphp.com',
  'connection' => 'keep-alive',
  'accept' => '*/*',
  'access-control-request-method' => 'POST',
  'access-control-request-headers' => 'x-access-appid',
  'origin' => 'http://localhost:8080',
  'user-agent' => 'Mozilla/5.0 (Windows NT 10.0; Win64; x64) AppleWebKit/537.36 (KHTML, like Gecko) Chrome/90.0.4430.93 Safari/537.36',
  'sec-fetch-mode' => 'cors',
  'referer' => 'http://localhost:8080/',
  'accept-encoding' => 'gzip, deflate',
  'accept-language' => 'zh-CN,zh;q=0.9',
)
[ info ] [ PARAM ] array (
)
[ info ] [ LOG ] INIT File
---------------------------------------------------------------
[ 2021-07-08T13:55:40+08:00 ] 127.0.0.1 POST www.hardphp.com/index.php/admin/login/index
[运行时间：1.163267s] [吞吐率：0.86req/s] [内存消耗：3,497.41kb] [文件加载：81]
[ info ] [ LANG ] D:\PHPTutorial\WWW\hardphp\thinkphp\lang\zh-cn.php
[ info ] [ ROUTE ] array (
  'type' => 'module',
  'module' => 
  array (
    0 => 'admin',
    1 => 'login',
    2 => 'index',
  ),
)
[ info ] [ HEADER ] array (
  'host' => 'www.hardphp.com',
  'connection' => 'keep-alive',
  'content-length' => '73',
  'accept' => 'application/json, text/plain, */*',
  'user-agent' => 'Mozilla/5.0 (Windows NT 10.0; Win64; x64) AppleWebKit/537.36 (KHTML, like Gecko) Chrome/90.0.4430.93 Safari/537.36',
  'x-access-appid' => '123456',
  'content-type' => 'application/x-www-form-urlencoded;charset=UTF-8',
  'origin' => 'http://localhost:8080',
  'referer' => 'http://localhost:8080/',
  'accept-encoding' => 'gzip, deflate',
  'accept-language' => 'zh-CN,zh;q=0.9',
)
[ info ] [ PARAM ] array (
  'userName' => 'admin',
  'password' => '123456',
  'signature' => '5c9dde2ed54c2625dcafa37e79314ea6',
)
[ info ] [ DB ] INIT mysql
[ info ] [ RUN ] app\admin\controller\Login->index[ D:\PHPTutorial\WWW\hardphp\application\admin\controller\Login.php ]
[ info ] [ CACHE ] INIT File
[ info ] [ LOG ] INIT File
---------------------------------------------------------------
[ 2021-07-08T13:55:40+08:00 ] 127.0.0.1 OPTIONS www.hardphp.com/index.php/admin/admin/getuser
[运行时间：0.106003s] [吞吐率：9.43req/s] [内存消耗：2,144.71kb] [文件加载：68]
[ info ] [ LANG ] D:\PHPTutorial\WWW\hardphp\thinkphp\lang\zh-cn.php
[ info ] [ ROUTE ] array (
  'type' => 'module',
  'module' => 
  array (
    0 => 'admin',
    1 => 'admin',
    2 => 'getuser',
  ),
)
[ info ] [ HEADER ] array (
  'host' => 'www.hardphp.com',
  'connection' => 'keep-alive',
  'accept' => '*/*',
  'access-control-request-method' => 'POST',
  'access-control-request-headers' => 'x-access-appid,x-access-token',
  'origin' => 'http://localhost:8080',
  'user-agent' => 'Mozilla/5.0 (Windows NT 10.0; Win64; x64) AppleWebKit/537.36 (KHTML, like Gecko) Chrome/90.0.4430.93 Safari/537.36',
  'sec-fetch-mode' => 'cors',
  'referer' => 'http://localhost:8080/',
  'accept-encoding' => 'gzip, deflate',
  'accept-language' => 'zh-CN,zh;q=0.9',
)
[ info ] [ PARAM ] array (
)
[ info ] [ LOG ] INIT File
---------------------------------------------------------------
[ 2021-07-08T13:55:40+08:00 ] 127.0.0.1 POST www.hardphp.com/index.php/admin/admin/getuser
[运行时间：0.354300s] [吞吐率：2.82req/s] [内存消耗：3,514.63kb] [文件加载：80]
[ info ] [ LANG ] D:\PHPTutorial\WWW\hardphp\thinkphp\lang\zh-cn.php
[ info ] [ ROUTE ] array (
  'type' => 'module',
  'module' => 
  array (
    0 => 'admin',
    1 => 'admin',
    2 => 'getuser',
  ),
)
[ info ] [ HEADER ] array (
  'host' => 'www.hardphp.com',
  'connection' => 'keep-alive',
  'content-length' => '42',
  'accept' => 'application/json, text/plain, */*',
  'x-access-token' => '2D64D658A1E8A7A100D073205F5ED3A7MDAwMDAwMDAwML6Mna-FqrqSib2cgMOHoIC7o36CkY6xfLjQzqGGZIXVuGadr4u5um-LunZ_w4efabGmjmWDo3-gu5SsqIhkp6vHZJ3Ynau-moXTqGG4nZSnyX-ohIONk4a7qdJtiJ6Jz8mJYpqRltSJj6pxpbpkda6_a4afkX2GbLLN0o2YiIyZtYiDuY6Vz62HvYqdxp-Kh8qmoGaBaWqruKmwspmHfd-9Z3KXhaShdg',
  'user-agent' => 'Mozilla/5.0 (Windows NT 10.0; Win64; x64) AppleWebKit/537.36 (KHTML, like Gecko) Chrome/90.0.4430.93 Safari/537.36',
  'x-access-appid' => '123456',
  'content-type' => 'application/x-www-form-urlencoded;charset=UTF-8',
  'origin' => 'http://localhost:8080',
  'referer' => 'http://localhost:8080/',
  'accept-encoding' => 'gzip, deflate',
  'accept-language' => 'zh-CN,zh;q=0.9',
)
[ info ] [ PARAM ] array (
  'signature' => '776a8773415590486189e97e10f77114',
)
[ info ] [ DB ] INIT mysql
[ info ] [ RUN ] app\admin\controller\Admin->getuser[ D:\PHPTutorial\WWW\hardphp\application\admin\controller\Admin.php ]
[ info ] [ LOG ] INIT File
---------------------------------------------------------------
[ 2021-07-08T13:55:45+08:00 ] 127.0.0.1 OPTIONS www.hardphp.com/index.php/admin/user/index
[运行时间：0.149748s] [吞吐率：6.68req/s] [内存消耗：2,120.14kb] [文件加载：68]
[ info ] [ LANG ] D:\PHPTutorial\WWW\hardphp\thinkphp\lang\zh-cn.php
[ info ] [ ROUTE ] array (
  'type' => 'module',
  'module' => 
  array (
    0 => 'admin',
    1 => 'user',
    2 => 'index',
  ),
)
[ info ] [ HEADER ] array (
  'host' => 'www.hardphp.com',
  'connection' => 'keep-alive',
  'accept' => '*/*',
  'access-control-request-method' => 'POST',
  'access-control-request-headers' => 'x-access-appid,x-access-token',
  'origin' => 'http://localhost:8080',
  'user-agent' => 'Mozilla/5.0 (Windows NT 10.0; Win64; x64) AppleWebKit/537.36 (KHTML, like Gecko) Chrome/90.0.4430.93 Safari/537.36',
  'sec-fetch-mode' => 'cors',
  'referer' => 'http://localhost:8080/',
  'accept-encoding' => 'gzip, deflate',
  'accept-language' => 'zh-CN,zh;q=0.9',
)
[ info ] [ PARAM ] array (
)
[ info ] [ LOG ] INIT File
---------------------------------------------------------------
[ 2021-07-08T13:55:45+08:00 ] 127.0.0.1 POST www.hardphp.com/index.php/admin/user/index
[运行时间：0.275509s] [吞吐率：3.63req/s] [内存消耗：3,449.45kb] [文件加载：80]
[ info ] [ LANG ] D:\PHPTutorial\WWW\hardphp\thinkphp\lang\zh-cn.php
[ info ] [ ROUTE ] array (
  'type' => 'module',
  'module' => 
  array (
    0 => 'admin',
    1 => 'user',
    2 => 'index',
  ),
)
[ info ] [ HEADER ] array (
  'host' => 'www.hardphp.com',
  'connection' => 'keep-alive',
  'content-length' => '113',
  'accept' => 'application/json, text/plain, */*',
  'x-access-token' => '2D64D658A1E8A7A100D073205F5ED3A7MDAwMDAwMDAwML6Mna-FqrqSib2cgMOHoIC7o36CkY6xfLjQzqGGZIXVuGadr4u5um-LunZ_w4efabGmjmWDo3-gu5SsqIhkp6vHZJ3Ynau-moXTqGG4nZSnyX-ohIONk4a7qdJtiJ6Jz8mJYpqRltSJj6pxpbpkda6_a4afkX2GbLLN0o2YiIyZtYiDuY6Vz62HvYqdxp-Kh8qmoGaBaWqruKmwspmHfd-9Z3KXhaShdg',
  'user-agent' => 'Mozilla/5.0 (Windows NT 10.0; Win64; x64) AppleWebKit/537.36 (KHTML, like Gecko) Chrome/90.0.4430.93 Safari/537.36',
  'x-access-appid' => '123456',
  'content-type' => 'application/x-www-form-urlencoded;charset=UTF-8',
  'origin' => 'http://localhost:8080',
  'referer' => 'http://localhost:8080/',
  'accept-encoding' => 'gzip, deflate',
  'accept-language' => 'zh-CN,zh;q=0.9',
)
[ info ] [ PARAM ] array (
  'page' => '1',
  'psize' => '10',
  'id' => '',
  'sort' => '+id',
  'userName' => '',
  'realName' => '',
  'startTime' => '',
  'endTime' => '',
  'signature' => 'cd37ba2321ac45805f4858b3f48b6249',
)
[ info ] [ DB ] INIT mysql
[ info ] [ RUN ] app\admin\controller\User->index[ D:\PHPTutorial\WWW\hardphp\application\admin\controller\User.php ]
[ info ] [ LOG ] INIT File
---------------------------------------------------------------
[ 2021-07-08T13:58:25+08:00 ] 127.0.0.1 OPTIONS www.hardphp.com/index.php/admin/log/index
[运行时间：0.451520s] [吞吐率：2.21req/s] [内存消耗：2,102.30kb] [文件加载：68]
[ info ] [ LANG ] D:\PHPTutorial\WWW\hardphp\thinkphp\lang\zh-cn.php
[ info ] [ ROUTE ] array (
  'type' => 'module',
  'module' => 
  array (
    0 => 'admin',
    1 => 'log',
    2 => 'index',
  ),
)
[ info ] [ HEADER ] array (
  'host' => 'www.hardphp.com',
  'connection' => 'keep-alive',
  'accept' => '*/*',
  'access-control-request-method' => 'POST',
  'access-control-request-headers' => 'x-access-appid,x-access-token',
  'origin' => 'http://localhost:8080',
  'user-agent' => 'Mozilla/5.0 (Windows NT 10.0; Win64; x64) AppleWebKit/537.36 (KHTML, like Gecko) Chrome/90.0.4430.93 Safari/537.36',
  'sec-fetch-mode' => 'cors',
  'referer' => 'http://localhost:8080/',
  'accept-encoding' => 'gzip, deflate',
  'accept-language' => 'zh-CN,zh;q=0.9',
)
[ info ] [ PARAM ] array (
)
[ info ] [ LOG ] INIT File
---------------------------------------------------------------
[ 2021-07-08T13:58:25+08:00 ] 127.0.0.1 POST www.hardphp.com/index.php/admin/log/index
[运行时间：0.227583s] [吞吐率：4.39req/s] [内存消耗：3,402.77kb] [文件加载：80]
[ info ] [ LANG ] D:\PHPTutorial\WWW\hardphp\thinkphp\lang\zh-cn.php
[ info ] [ ROUTE ] array (
  'type' => 'module',
  'module' => 
  array (
    0 => 'admin',
    1 => 'log',
    2 => 'index',
  ),
)
[ info ] [ HEADER ] array (
  'host' => 'www.hardphp.com',
  'connection' => 'keep-alive',
  'content-length' => '102',
  'accept' => 'application/json, text/plain, */*',
  'x-access-token' => '2D64D658A1E8A7A100D073205F5ED3A7MDAwMDAwMDAwML6Mna-FqrqSib2cgMOHoIC7o36CkY6xfLjQzqGGZIXVuGadr4u5um-LunZ_w4efabGmjmWDo3-gu5SsqIhkp6vHZJ3Ynau-moXTqGG4nZSnyX-ohIONk4a7qdJtiJ6Jz8mJYpqRltSJj6pxpbpkda6_a4afkX2GbLLN0o2YiIyZtYiDuY6Vz62HvYqdxp-Kh8qmoGaBaWqruKmwspmHfd-9Z3KXhaShdg',
  'user-agent' => 'Mozilla/5.0 (Windows NT 10.0; Win64; x64) AppleWebKit/537.36 (KHTML, like Gecko) Chrome/90.0.4430.93 Safari/537.36',
  'x-access-appid' => '123456',
  'content-type' => 'application/x-www-form-urlencoded;charset=UTF-8',
  'origin' => 'http://localhost:8080',
  'referer' => 'http://localhost:8080/',
  'accept-encoding' => 'gzip, deflate',
  'accept-language' => 'zh-CN,zh;q=0.9',
)
[ info ] [ PARAM ] array (
  'page' => '1',
  'psize' => '10',
  'uid' => '',
  'userName' => '',
  'loginIp' => '',
  'startTime' => '',
  'endTime' => '',
  'signature' => '3a0d400aec6ff9b5dcd635a9d2a62ae9',
)
[ info ] [ DB ] INIT mysql
[ info ] [ RUN ] app\admin\controller\Log->index[ D:\PHPTutorial\WWW\hardphp\application\admin\controller\Log.php ]
[ info ] [ LOG ] INIT File
---------------------------------------------------------------
[ 2021-07-08T13:58:29+08:00 ] 127.0.0.1 OPTIONS www.hardphp.com/index.php/admin/user/index
[运行时间：0.079797s] [吞吐率：12.53req/s] [内存消耗：2,120.14kb] [文件加载：68]
[ info ] [ LANG ] D:\PHPTutorial\WWW\hardphp\thinkphp\lang\zh-cn.php
[ info ] [ ROUTE ] array (
  'type' => 'module',
  'module' => 
  array (
    0 => 'admin',
    1 => 'user',
    2 => 'index',
  ),
)
[ info ] [ HEADER ] array (
  'host' => 'www.hardphp.com',
  'connection' => 'keep-alive',
  'accept' => '*/*',
  'access-control-request-method' => 'POST',
  'access-control-request-headers' => 'x-access-appid,x-access-token',
  'origin' => 'http://localhost:8080',
  'user-agent' => 'Mozilla/5.0 (Windows NT 10.0; Win64; x64) AppleWebKit/537.36 (KHTML, like Gecko) Chrome/90.0.4430.93 Safari/537.36',
  'sec-fetch-mode' => 'cors',
  'referer' => 'http://localhost:8080/',
  'accept-encoding' => 'gzip, deflate',
  'accept-language' => 'zh-CN,zh;q=0.9',
)
[ info ] [ PARAM ] array (
)
[ info ] [ LOG ] INIT File
---------------------------------------------------------------
[ 2021-07-08T13:58:30+08:00 ] 127.0.0.1 POST www.hardphp.com/index.php/admin/user/index
[运行时间：0.677828s] [吞吐率：1.48req/s] [内存消耗：3,449.53kb] [文件加载：80]
[ info ] [ LANG ] D:\PHPTutorial\WWW\hardphp\thinkphp\lang\zh-cn.php
[ info ] [ ROUTE ] array (
  'type' => 'module',
  'module' => 
  array (
    0 => 'admin',
    1 => 'user',
    2 => 'index',
  ),
)
[ info ] [ HEADER ] array (
  'host' => 'www.hardphp.com',
  'connection' => 'keep-alive',
  'content-length' => '113',
  'accept' => 'application/json, text/plain, */*',
  'x-access-token' => '2D64D658A1E8A7A100D073205F5ED3A7MDAwMDAwMDAwML6Mna-FqrqSib2cgMOHoIC7o36CkY6xfLjQzqGGZIXVuGadr4u5um-LunZ_w4efabGmjmWDo3-gu5SsqIhkp6vHZJ3Ynau-moXTqGG4nZSnyX-ohIONk4a7qdJtiJ6Jz8mJYpqRltSJj6pxpbpkda6_a4afkX2GbLLN0o2YiIyZtYiDuY6Vz62HvYqdxp-Kh8qmoGaBaWqruKmwspmHfd-9Z3KXhaShdg',
  'user-agent' => 'Mozilla/5.0 (Windows NT 10.0; Win64; x64) AppleWebKit/537.36 (KHTML, like Gecko) Chrome/90.0.4430.93 Safari/537.36',
  'x-access-appid' => '123456',
  'content-type' => 'application/x-www-form-urlencoded;charset=UTF-8',
  'origin' => 'http://localhost:8080',
  'referer' => 'http://localhost:8080/',
  'accept-encoding' => 'gzip, deflate',
  'accept-language' => 'zh-CN,zh;q=0.9',
)
[ info ] [ PARAM ] array (
  'page' => '1',
  'psize' => '10',
  'id' => '',
  'sort' => '+id',
  'userName' => '',
  'realName' => '',
  'startTime' => '',
  'endTime' => '',
  'signature' => 'cd37ba2321ac45805f4858b3f48b6249',
)
[ info ] [ DB ] INIT mysql
[ info ] [ RUN ] app\admin\controller\User->index[ D:\PHPTutorial\WWW\hardphp\application\admin\controller\User.php ]
[ info ] [ LOG ] INIT File
