---------------------------------------------------------------
[ 2021-07-15T15:34:47+08:00 ] 127.0.0.1 POST www.hardphp.com/index.php/admin/login/index
[ sql ] [ DB ] CONNECT:[ UseTime:0.091202s ] mysql:host=127.0.0.1;dbname=tp5qpi;charset=utf8
[ sql ] [ SQL ] SHOW COLUMNS FROM `tp_app` [ RunTime:0.213645s ]
[ sql ] [ SQL ] SELECT * FROM `tp_app` WHERE  `appId` = '123456' LIMIT 1 [ RunTime:0.014836s ]
[ sql ] [ SQL ] SHOW COLUMNS FROM `tp_admin` [ RunTime:0.061484s ]
[ sql ] [ SQL ] SELECT `a`.*,`b`.`title` FROM `tp_admin` `a` LEFT JOIN `tp_auth_group` `b` ON `a`.`groupId`=`b`.`id` WHERE  `userName` = 'admin' LIMIT 1 [ RunTime:0.053029s ]
[ sql ] [ SQL ] SHOW COLUMNS FROM `tp_auth_group` [ RunTime:0.022272s ]
[ sql ] [ SQL ] SELECT * FROM `tp_auth_group` WHERE  `id` = 1 LIMIT 1 [ RunTime:0.001886s ]
[ sql ] [ SQL ] SHOW COLUMNS FROM `tp_login_log` [ RunTime:0.052400s ]
[ sql ] [ SQL ] INSERT INTO `tp_login_log` (`uid` , `userName` , `roles` , `loginTime` , `loginIp`) VALUES (1 , 'admin' , '超级管理员' , 1626334486 , '127.0.0.1') [ RunTime:0.066166s ]
[ sql ] [ SQL ] UPDATE `tp_admin`  SET `loginTime`=1626334486  WHERE  `id` = 1 [ RunTime:0.054775s ]
---------------------------------------------------------------
[ 2021-07-15T15:34:47+08:00 ] 127.0.0.1 POST www.hardphp.com/index.php/admin/admin/getuser
[ sql ] [ DB ] CONNECT:[ UseTime:0.012009s ] mysql:host=127.0.0.1;dbname=tp5qpi;charset=utf8
[ sql ] [ SQL ] SHOW COLUMNS FROM `tp_app` [ RunTime:0.024195s ]
[ sql ] [ SQL ] SELECT * FROM `tp_app` WHERE  `appId` = '123456' LIMIT 1 [ RunTime:0.001942s ]
[ sql ] [ SQL ] SHOW COLUMNS FROM `tp_admin` [ RunTime:0.024837s ]
[ sql ] [ SQL ] SELECT * FROM `tp_admin` WHERE  `id` = 1 LIMIT 1 [ RunTime:0.000791s ]
[ sql ] [ SQL ] SHOW COLUMNS FROM `tp_auth_rule` [ RunTime:0.046943s ]
[ sql ] [ SQL ] SELECT * FROM `tp_auth_rule` WHERE  `name` = 'admin/admin/getuser' LIMIT 1 [ RunTime:0.000722s ]
[ sql ] [ SQL ] SHOW COLUMNS FROM `tp_auth_group` [ RunTime:0.019510s ]
[ sql ] [ SQL ] SELECT * FROM `tp_auth_group` WHERE  `id` = 1 LIMIT 1 [ RunTime:0.001309s ]
[ sql ] [ SQL ] SELECT * FROM `tp_auth_rule` WHERE  `id` IN (52,53,50,51,46,49,48,47,39,40,1,38,7,2)  AND `status` = 1 ORDER BY `sorts` [ RunTime:0.034943s ]
[ sql ] [ SQL ] SELECT * FROM `tp_auth_group` WHERE  `id` = 1 LIMIT 1 [ RunTime:0.000766s ]
---------------------------------------------------------------
[ 2021-07-15T15:43:29+08:00 ] 127.0.0.1 POST www.hardphp.com/index.php/admin/admin/getuser
[ sql ] [ DB ] CONNECT:[ UseTime:0.001977s ] mysql:host=127.0.0.1;dbname=tp5qpi;charset=utf8
[ sql ] [ SQL ] SHOW COLUMNS FROM `tp_app` [ RunTime:0.021060s ]
[ sql ] [ SQL ] SELECT * FROM `tp_app` WHERE  `appId` = '123456' LIMIT 1 [ RunTime:0.000671s ]
[ sql ] [ SQL ] SHOW COLUMNS FROM `tp_admin` [ RunTime:0.017915s ]
[ sql ] [ SQL ] SELECT * FROM `tp_admin` WHERE  `id` = 1 LIMIT 1 [ RunTime:0.000717s ]
[ sql ] [ SQL ] SHOW COLUMNS FROM `tp_auth_rule` [ RunTime:0.015216s ]
[ sql ] [ SQL ] SELECT * FROM `tp_auth_rule` WHERE  `name` = 'admin/admin/getuser' LIMIT 1 [ RunTime:0.000477s ]
[ sql ] [ SQL ] SHOW COLUMNS FROM `tp_auth_group` [ RunTime:0.014168s ]
[ sql ] [ SQL ] SELECT * FROM `tp_auth_group` WHERE  `id` = 1 LIMIT 1 [ RunTime:0.000636s ]
[ sql ] [ SQL ] SELECT * FROM `tp_auth_rule` WHERE  `id` IN (52,53,50,51,46,49,48,47,39,40,1,38,7,2)  AND `status` = 1 ORDER BY `sorts` [ RunTime:0.000799s ]
[ sql ] [ SQL ] SELECT * FROM `tp_auth_group` WHERE  `id` = 1 LIMIT 1 [ RunTime:0.000586s ]
---------------------------------------------------------------
[ 2021-07-15T15:44:43+08:00 ] 127.0.0.1 POST www.hardphp.com/index.php/admin/login/index
[ sql ] [ DB ] CONNECT:[ UseTime:0.000989s ] mysql:host=127.0.0.1;dbname=tp5qpi;charset=utf8
[ sql ] [ SQL ] SHOW COLUMNS FROM `tp_app` [ RunTime:0.021287s ]
[ sql ] [ SQL ] SELECT * FROM `tp_app` WHERE  `appId` = '123456' LIMIT 1 [ RunTime:0.001681s ]
[ sql ] [ SQL ] SHOW COLUMNS FROM `tp_admin` [ RunTime:0.017592s ]
[ sql ] [ SQL ] SELECT `a`.*,`b`.`title` FROM `tp_admin` `a` LEFT JOIN `tp_auth_group` `b` ON `a`.`groupId`=`b`.`id` WHERE  `userName` = 'admin' LIMIT 1 [ RunTime:0.000543s ]
[ sql ] [ SQL ] SHOW COLUMNS FROM `tp_auth_group` [ RunTime:0.016618s ]
[ sql ] [ SQL ] SELECT * FROM `tp_auth_group` WHERE  `id` = 1 LIMIT 1 [ RunTime:0.001480s ]
[ sql ] [ SQL ] SHOW COLUMNS FROM `tp_login_log` [ RunTime:0.016943s ]
[ sql ] [ SQL ] INSERT INTO `tp_login_log` (`uid` , `userName` , `roles` , `loginTime` , `loginIp`) VALUES (1 , 'admin' , '超级管理员' , 1626335083 , '127.0.0.1') [ RunTime:0.072104s ]
[ sql ] [ SQL ] UPDATE `tp_admin`  SET `loginTime`=1626335083  WHERE  `id` = 1 [ RunTime:0.038734s ]
---------------------------------------------------------------
[ 2021-07-15T15:44:44+08:00 ] 127.0.0.1 POST www.hardphp.com/index.php/admin/admin/getuser
[ sql ] [ DB ] CONNECT:[ UseTime:0.011907s ] mysql:host=127.0.0.1;dbname=tp5qpi;charset=utf8
[ sql ] [ SQL ] SHOW COLUMNS FROM `tp_app` [ RunTime:0.025574s ]
[ sql ] [ SQL ] SELECT * FROM `tp_app` WHERE  `appId` = '123456' LIMIT 1 [ RunTime:0.000660s ]
[ sql ] [ SQL ] SHOW COLUMNS FROM `tp_admin` [ RunTime:0.017530s ]
[ sql ] [ SQL ] SELECT * FROM `tp_admin` WHERE  `id` = 1 LIMIT 1 [ RunTime:0.000622s ]
[ sql ] [ SQL ] SHOW COLUMNS FROM `tp_auth_rule` [ RunTime:0.016817s ]
[ sql ] [ SQL ] SELECT * FROM `tp_auth_rule` WHERE  `name` = 'admin/admin/getuser' LIMIT 1 [ RunTime:0.000630s ]
[ sql ] [ SQL ] SHOW COLUMNS FROM `tp_auth_group` [ RunTime:0.018581s ]
[ sql ] [ SQL ] SELECT * FROM `tp_auth_group` WHERE  `id` = 1 LIMIT 1 [ RunTime:0.000485s ]
[ sql ] [ SQL ] SELECT * FROM `tp_auth_rule` WHERE  `id` IN (52,53,50,51,46,49,48,47,39,40,1,38,7,2)  AND `status` = 1 ORDER BY `sorts` [ RunTime:0.000710s ]
[ sql ] [ SQL ] SELECT * FROM `tp_auth_group` WHERE  `id` = 1 LIMIT 1 [ RunTime:0.001767s ]
---------------------------------------------------------------
[ 2021-07-15T15:58:49+08:00 ] 127.0.0.1 POST www.hardphp.com/index.php/admin/admin/getuser
[ sql ] [ DB ] CONNECT:[ UseTime:0.059732s ] mysql:host=127.0.0.1;dbname=tp5qpi;charset=utf8
[ sql ] [ SQL ] SHOW COLUMNS FROM `tp_app` [ RunTime:0.053647s ]
[ sql ] [ SQL ] SELECT * FROM `tp_app` WHERE  `appId` = '123456' LIMIT 1 [ RunTime:0.000779s ]
[ sql ] [ SQL ] SHOW COLUMNS FROM `tp_admin` [ RunTime:0.014328s ]
[ sql ] [ SQL ] SELECT * FROM `tp_admin` WHERE  `id` = 1 LIMIT 1 [ RunTime:0.000593s ]
[ sql ] [ SQL ] SHOW COLUMNS FROM `tp_auth_rule` [ RunTime:0.014411s ]
[ sql ] [ SQL ] SELECT * FROM `tp_auth_rule` WHERE  `name` = 'admin/admin/getuser' LIMIT 1 [ RunTime:0.014586s ]
[ sql ] [ SQL ] SHOW COLUMNS FROM `tp_auth_group` [ RunTime:0.014160s ]
[ sql ] [ SQL ] SELECT * FROM `tp_auth_group` WHERE  `id` = 1 LIMIT 1 [ RunTime:0.000497s ]
[ sql ] [ SQL ] SELECT * FROM `tp_auth_rule` WHERE  `id` IN (52,53,50,51,46,49,48,47,39,40,1,38,7,2)  AND `status` = 1 ORDER BY `sorts` [ RunTime:0.006589s ]
[ sql ] [ SQL ] SELECT * FROM `tp_auth_group` WHERE  `id` = 1 LIMIT 1 [ RunTime:0.000522s ]
---------------------------------------------------------------
[ 2021-07-15T16:16:24+08:00 ] 127.0.0.1 POST www.hardphp.com/index.php/admin/login/index
[ sql ] [ DB ] CONNECT:[ UseTime:0.001486s ] mysql:host=127.0.0.1;dbname=tp5qpi;charset=utf8
[ sql ] [ SQL ] SHOW COLUMNS FROM `tp_app` [ RunTime:0.076318s ]
[ sql ] [ SQL ] SELECT * FROM `tp_app` WHERE  `appId` = '123456' LIMIT 1 [ RunTime:0.002117s ]
[ sql ] [ SQL ] SHOW COLUMNS FROM `tp_admin` [ RunTime:0.037105s ]
[ sql ] [ SQL ] SELECT `a`.*,`b`.`title` FROM `tp_admin` `a` LEFT JOIN `tp_auth_group` `b` ON `a`.`groupId`=`b`.`id` WHERE  `userName` = 'admin' LIMIT 1 [ RunTime:0.002360s ]
[ sql ] [ SQL ] SHOW COLUMNS FROM `tp_auth_group` [ RunTime:0.016871s ]
[ sql ] [ SQL ] SELECT * FROM `tp_auth_group` WHERE  `id` = 1 LIMIT 1 [ RunTime:0.000505s ]
[ sql ] [ SQL ] SHOW COLUMNS FROM `tp_login_log` [ RunTime:0.021692s ]
[ sql ] [ SQL ] INSERT INTO `tp_login_log` (`uid` , `userName` , `roles` , `loginTime` , `loginIp`) VALUES (1 , 'admin' , '超级管理员' , 1626336983 , '127.0.0.1') [ RunTime:0.048884s ]
[ sql ] [ SQL ] UPDATE `tp_admin`  SET `loginTime`=1626336983  WHERE  `id` = 1 [ RunTime:0.044984s ]
---------------------------------------------------------------
[ 2021-07-15T16:16:24+08:00 ] 127.0.0.1 POST www.hardphp.com/index.php/admin/admin/getuser
[ sql ] [ DB ] CONNECT:[ UseTime:0.011688s ] mysql:host=127.0.0.1;dbname=tp5qpi;charset=utf8
[ sql ] [ SQL ] SHOW COLUMNS FROM `tp_app` [ RunTime:0.027834s ]
[ sql ] [ SQL ] SELECT * FROM `tp_app` WHERE  `appId` = '123456' LIMIT 1 [ RunTime:0.001477s ]
[ sql ] [ SQL ] SHOW COLUMNS FROM `tp_admin` [ RunTime:0.020097s ]
[ sql ] [ SQL ] SELECT * FROM `tp_admin` WHERE  `id` = 1 LIMIT 1 [ RunTime:0.000714s ]
[ sql ] [ SQL ] SHOW COLUMNS FROM `tp_auth_rule` [ RunTime:0.019177s ]
[ sql ] [ SQL ] SELECT * FROM `tp_auth_rule` WHERE  `name` = 'admin/admin/getuser' LIMIT 1 [ RunTime:0.000842s ]
[ sql ] [ SQL ] SHOW COLUMNS FROM `tp_auth_group` [ RunTime:0.019090s ]
[ sql ] [ SQL ] SELECT * FROM `tp_auth_group` WHERE  `id` = 1 LIMIT 1 [ RunTime:0.000452s ]
[ sql ] [ SQL ] SELECT * FROM `tp_auth_rule` WHERE  `id` IN (52,53,50,51,46,49,48,47,39,40,1,38,7,2)  AND `status` = 1 ORDER BY `sorts` [ RunTime:0.001967s ]
[ sql ] [ SQL ] SELECT * FROM `tp_auth_group` WHERE  `id` = 1 LIMIT 1 [ RunTime:0.001105s ]
---------------------------------------------------------------
[ 2021-07-15T16:16:54+08:00 ] 127.0.0.1 POST www.hardphp.com/index.php/admin/admin/getuser
[ sql ] [ DB ] CONNECT:[ UseTime:0.000957s ] mysql:host=127.0.0.1;dbname=tp5qpi;charset=utf8
[ sql ] [ SQL ] SHOW COLUMNS FROM `tp_app` [ RunTime:0.015051s ]
[ sql ] [ SQL ] SELECT * FROM `tp_app` WHERE  `appId` = '123456' LIMIT 1 [ RunTime:0.000593s ]
[ sql ] [ SQL ] SHOW COLUMNS FROM `tp_admin` [ RunTime:0.015262s ]
[ sql ] [ SQL ] SELECT * FROM `tp_admin` WHERE  `id` = 1 LIMIT 1 [ RunTime:0.000744s ]
[ sql ] [ SQL ] SHOW COLUMNS FROM `tp_auth_rule` [ RunTime:0.015802s ]
[ sql ] [ SQL ] SELECT * FROM `tp_auth_rule` WHERE  `name` = 'admin/admin/getuser' LIMIT 1 [ RunTime:0.000614s ]
[ sql ] [ SQL ] SHOW COLUMNS FROM `tp_auth_group` [ RunTime:0.018043s ]
[ sql ] [ SQL ] SELECT * FROM `tp_auth_group` WHERE  `id` = 1 LIMIT 1 [ RunTime:0.000569s ]
[ sql ] [ SQL ] SELECT * FROM `tp_auth_rule` WHERE  `id` IN (52,53,50,51,46,49,48,47,39,40,1,38,7,2)  AND `status` = 1 ORDER BY `sorts` [ RunTime:0.000844s ]
[ sql ] [ SQL ] SELECT * FROM `tp_auth_group` WHERE  `id` = 1 LIMIT 1 [ RunTime:0.000681s ]
---------------------------------------------------------------
[ 2021-07-15T16:25:17+08:00 ] 127.0.0.1 POST www.hardphp.com/index.php/admin/admin/getuser
[ sql ] [ DB ] CONNECT:[ UseTime:0.001420s ] mysql:host=127.0.0.1;dbname=tp5qpi;charset=utf8
[ sql ] [ SQL ] SHOW COLUMNS FROM `tp_app` [ RunTime:0.021089s ]
[ sql ] [ SQL ] SELECT * FROM `tp_app` WHERE  `appId` = '123456' LIMIT 1 [ RunTime:0.000668s ]
[ sql ] [ SQL ] SHOW COLUMNS FROM `tp_admin` [ RunTime:0.015985s ]
[ sql ] [ SQL ] SELECT * FROM `tp_admin` WHERE  `id` = 1 LIMIT 1 [ RunTime:0.000648s ]
[ sql ] [ SQL ] SHOW COLUMNS FROM `tp_auth_rule` [ RunTime:0.016801s ]
[ sql ] [ SQL ] SELECT * FROM `tp_auth_rule` WHERE  `name` = 'admin/admin/getuser' LIMIT 1 [ RunTime:0.000809s ]
[ sql ] [ SQL ] SHOW COLUMNS FROM `tp_auth_group` [ RunTime:0.014914s ]
[ sql ] [ SQL ] SELECT * FROM `tp_auth_group` WHERE  `id` = 1 LIMIT 1 [ RunTime:0.000486s ]
[ sql ] [ SQL ] SELECT * FROM `tp_auth_rule` WHERE  `id` IN (52,53,50,51,46,49,48,47,39,40,1,38,7,2)  AND `status` = 1 ORDER BY `sorts` [ RunTime:0.000650s ]
[ sql ] [ SQL ] SELECT * FROM `tp_auth_group` WHERE  `id` = 1 LIMIT 1 [ RunTime:0.000525s ]
---------------------------------------------------------------
[ 2021-07-15T17:01:41+08:00 ] 127.0.0.1 POST www.hardphp.com/index.php/admin/admin/getuser
[ sql ] [ DB ] CONNECT:[ UseTime:0.001536s ] mysql:host=127.0.0.1;dbname=tp5qpi;charset=utf8
[ sql ] [ SQL ] SHOW COLUMNS FROM `tp_app` [ RunTime:0.015604s ]
[ sql ] [ SQL ] SELECT * FROM `tp_app` WHERE  `appId` = '123456' LIMIT 1 [ RunTime:0.000697s ]
[ sql ] [ SQL ] SHOW COLUMNS FROM `tp_admin` [ RunTime:0.016142s ]
[ sql ] [ SQL ] SELECT * FROM `tp_admin` WHERE  `id` = 1 LIMIT 1 [ RunTime:0.000656s ]
[ sql ] [ SQL ] SHOW COLUMNS FROM `tp_auth_rule` [ RunTime:0.015288s ]
[ sql ] [ SQL ] SELECT * FROM `tp_auth_rule` WHERE  `name` = 'admin/admin/getuser' LIMIT 1 [ RunTime:0.000656s ]
[ sql ] [ SQL ] SHOW COLUMNS FROM `tp_auth_group` [ RunTime:0.015340s ]
[ sql ] [ SQL ] SELECT * FROM `tp_auth_group` WHERE  `id` = 1 LIMIT 1 [ RunTime:0.000584s ]
[ sql ] [ SQL ] SELECT * FROM `tp_auth_rule` WHERE  `id` IN (52,53,50,51,46,49,48,47,39,40,1,38,7,2)  AND `status` = 1 ORDER BY `sorts` [ RunTime:0.000864s ]
[ sql ] [ SQL ] SELECT * FROM `tp_auth_group` WHERE  `id` = 1 LIMIT 1 [ RunTime:0.000650s ]
---------------------------------------------------------------
[ 2021-07-15T17:01:48+08:00 ] 127.0.0.1 POST www.hardphp.com/index.php/admin/admin/getuser
[ sql ] [ DB ] CONNECT:[ UseTime:0.001447s ] mysql:host=127.0.0.1;dbname=tp5qpi;charset=utf8
[ sql ] [ SQL ] SHOW COLUMNS FROM `tp_app` [ RunTime:0.018162s ]
[ sql ] [ SQL ] SELECT * FROM `tp_app` WHERE  `appId` = '123456' LIMIT 1 [ RunTime:0.000845s ]
[ sql ] [ SQL ] SHOW COLUMNS FROM `tp_admin` [ RunTime:0.017225s ]
[ sql ] [ SQL ] SELECT * FROM `tp_admin` WHERE  `id` = 1 LIMIT 1 [ RunTime:0.000641s ]
[ sql ] [ SQL ] SHOW COLUMNS FROM `tp_auth_rule` [ RunTime:0.014511s ]
[ sql ] [ SQL ] SELECT * FROM `tp_auth_rule` WHERE  `name` = 'admin/admin/getuser' LIMIT 1 [ RunTime:0.000979s ]
[ sql ] [ SQL ] SHOW COLUMNS FROM `tp_auth_group` [ RunTime:0.015678s ]
[ sql ] [ SQL ] SELECT * FROM `tp_auth_group` WHERE  `id` = 1 LIMIT 1 [ RunTime:0.000489s ]
[ sql ] [ SQL ] SELECT * FROM `tp_auth_rule` WHERE  `id` IN (52,53,50,51,46,49,48,47,39,40,1,38,7,2)  AND `status` = 1 ORDER BY `sorts` [ RunTime:0.000863s ]
[ sql ] [ SQL ] SELECT * FROM `tp_auth_group` WHERE  `id` = 1 LIMIT 1 [ RunTime:0.000655s ]
---------------------------------------------------------------
[ 2021-07-15T17:03:12+08:00 ] 127.0.0.1 POST www.hardphp.com/index.php/admin/admin/getuser
[ sql ] [ DB ] CONNECT:[ UseTime:0.001257s ] mysql:host=127.0.0.1;dbname=tp5qpi;charset=utf8
[ sql ] [ SQL ] SHOW COLUMNS FROM `tp_app` [ RunTime:0.020221s ]
[ sql ] [ SQL ] SELECT * FROM `tp_app` WHERE  `appId` = '123456' LIMIT 1 [ RunTime:0.000722s ]
[ sql ] [ SQL ] SHOW COLUMNS FROM `tp_admin` [ RunTime:0.015315s ]
[ sql ] [ SQL ] SELECT * FROM `tp_admin` WHERE  `id` = 1 LIMIT 1 [ RunTime:0.000683s ]
[ sql ] [ SQL ] SHOW COLUMNS FROM `tp_auth_rule` [ RunTime:0.018661s ]
[ sql ] [ SQL ] SELECT * FROM `tp_auth_rule` WHERE  `name` = 'admin/admin/getuser' LIMIT 1 [ RunTime:0.000636s ]
[ sql ] [ SQL ] SHOW COLUMNS FROM `tp_auth_group` [ RunTime:0.014894s ]
[ sql ] [ SQL ] SELECT * FROM `tp_auth_group` WHERE  `id` = 1 LIMIT 1 [ RunTime:0.000549s ]
[ sql ] [ SQL ] SELECT * FROM `tp_auth_rule` WHERE  `id` IN (52,53,50,51,46,49,48,47,39,40,1,38,7,2)  AND `status` = 1 ORDER BY `sorts` [ RunTime:0.001435s ]
[ sql ] [ SQL ] SELECT * FROM `tp_auth_group` WHERE  `id` = 1 LIMIT 1 [ RunTime:0.000591s ]
---------------------------------------------------------------
[ 2021-07-15T17:03:39+08:00 ] 127.0.0.1 POST www.hardphp.com/index.php/admin/admin/getuser
[ sql ] [ DB ] CONNECT:[ UseTime:0.001073s ] mysql:host=127.0.0.1;dbname=tp5qpi;charset=utf8
[ sql ] [ SQL ] SHOW COLUMNS FROM `tp_app` [ RunTime:0.020274s ]
[ sql ] [ SQL ] SELECT * FROM `tp_app` WHERE  `appId` = '123456' LIMIT 1 [ RunTime:0.000667s ]
[ sql ] [ SQL ] SHOW COLUMNS FROM `tp_admin` [ RunTime:0.015369s ]
[ sql ] [ SQL ] SELECT * FROM `tp_admin` WHERE  `id` = 1 LIMIT 1 [ RunTime:0.000724s ]
[ sql ] [ SQL ] SHOW COLUMNS FROM `tp_auth_rule` [ RunTime:0.017598s ]
[ sql ] [ SQL ] SELECT * FROM `tp_auth_rule` WHERE  `name` = 'admin/admin/getuser' LIMIT 1 [ RunTime:0.000663s ]
[ sql ] [ SQL ] SHOW COLUMNS FROM `tp_auth_group` [ RunTime:0.015239s ]
[ sql ] [ SQL ] SELECT * FROM `tp_auth_group` WHERE  `id` = 1 LIMIT 1 [ RunTime:0.000548s ]
[ sql ] [ SQL ] SELECT * FROM `tp_auth_rule` WHERE  `id` IN (52,53,50,51,46,49,48,47,39,40,1,38,7,2)  AND `status` = 1 ORDER BY `sorts` [ RunTime:0.000828s ]
[ sql ] [ SQL ] SELECT * FROM `tp_auth_group` WHERE  `id` = 1 LIMIT 1 [ RunTime:0.000617s ]
---------------------------------------------------------------
[ 2021-07-15T17:03:53+08:00 ] 127.0.0.1 POST www.hardphp.com/index.php/admin/admin/getuser
[ sql ] [ DB ] CONNECT:[ UseTime:0.001764s ] mysql:host=127.0.0.1;dbname=tp5qpi;charset=utf8
[ sql ] [ SQL ] SHOW COLUMNS FROM `tp_app` [ RunTime:0.018983s ]
[ sql ] [ SQL ] SELECT * FROM `tp_app` WHERE  `appId` = '123456' LIMIT 1 [ RunTime:0.000718s ]
[ sql ] [ SQL ] SHOW COLUMNS FROM `tp_admin` [ RunTime:0.026107s ]
[ sql ] [ SQL ] SELECT * FROM `tp_admin` WHERE  `id` = 1 LIMIT 1 [ RunTime:0.000748s ]
[ sql ] [ SQL ] SHOW COLUMNS FROM `tp_auth_rule` [ RunTime:0.018503s ]
[ sql ] [ SQL ] SELECT * FROM `tp_auth_rule` WHERE  `name` = 'admin/admin/getuser' LIMIT 1 [ RunTime:0.000704s ]
[ sql ] [ SQL ] SHOW COLUMNS FROM `tp_auth_group` [ RunTime:0.016452s ]
[ sql ] [ SQL ] SELECT * FROM `tp_auth_group` WHERE  `id` = 1 LIMIT 1 [ RunTime:0.000589s ]
[ sql ] [ SQL ] SELECT * FROM `tp_auth_rule` WHERE  `id` IN (52,53,50,51,46,49,48,47,39,40,1,38,7,2)  AND `status` = 1 ORDER BY `sorts` [ RunTime:0.001460s ]
[ sql ] [ SQL ] SELECT * FROM `tp_auth_group` WHERE  `id` = 1 LIMIT 1 [ RunTime:0.001045s ]
---------------------------------------------------------------
[ 2021-07-15T17:09:29+08:00 ] 127.0.0.1 POST www.hardphp.com/index.php/admin/admin/getuser
[ sql ] [ DB ] CONNECT:[ UseTime:0.001235s ] mysql:host=127.0.0.1;dbname=tp5qpi;charset=utf8
[ sql ] [ SQL ] SHOW COLUMNS FROM `tp_app` [ RunTime:0.019936s ]
[ sql ] [ SQL ] SELECT * FROM `tp_app` WHERE  `appId` = '123456' LIMIT 1 [ RunTime:0.000820s ]
[ sql ] [ SQL ] SHOW COLUMNS FROM `tp_admin` [ RunTime:0.014168s ]
[ sql ] [ SQL ] SELECT * FROM `tp_admin` WHERE  `id` = 1 LIMIT 1 [ RunTime:0.000563s ]
[ sql ] [ SQL ] SHOW COLUMNS FROM `tp_auth_rule` [ RunTime:0.014693s ]
[ sql ] [ SQL ] SELECT * FROM `tp_auth_rule` WHERE  `name` = 'admin/admin/getuser' LIMIT 1 [ RunTime:0.000646s ]
[ sql ] [ SQL ] SHOW COLUMNS FROM `tp_auth_group` [ RunTime:0.014346s ]
[ sql ] [ SQL ] SELECT * FROM `tp_auth_group` WHERE  `id` = 1 LIMIT 1 [ RunTime:0.000512s ]
[ sql ] [ SQL ] SELECT * FROM `tp_auth_rule` WHERE  `id` IN (52,53,50,51,46,49,48,47,39,40,1,38,7,2)  AND `status` = 1 ORDER BY `sorts` [ RunTime:0.000745s ]
[ sql ] [ SQL ] SELECT * FROM `tp_auth_group` WHERE  `id` = 1 LIMIT 1 [ RunTime:0.000595s ]
---------------------------------------------------------------
[ 2021-07-15T17:10:03+08:00 ] 127.0.0.1 POST www.hardphp.com/index.php/admin/admin/getuser
[ sql ] [ DB ] CONNECT:[ UseTime:0.001072s ] mysql:host=127.0.0.1;dbname=tp5qpi;charset=utf8
[ sql ] [ SQL ] SHOW COLUMNS FROM `tp_app` [ RunTime:0.020808s ]
[ sql ] [ SQL ] SELECT * FROM `tp_app` WHERE  `appId` = '123456' LIMIT 1 [ RunTime:0.000648s ]
[ sql ] [ SQL ] SHOW COLUMNS FROM `tp_admin` [ RunTime:0.015319s ]
[ sql ] [ SQL ] SELECT * FROM `tp_admin` WHERE  `id` = 1 LIMIT 1 [ RunTime:0.000750s ]
[ sql ] [ SQL ] SHOW COLUMNS FROM `tp_auth_rule` [ RunTime:0.016814s ]
[ sql ] [ SQL ] SELECT * FROM `tp_auth_rule` WHERE  `name` = 'admin/admin/getuser' LIMIT 1 [ RunTime:0.000687s ]
[ sql ] [ SQL ] SHOW COLUMNS FROM `tp_auth_group` [ RunTime:0.015337s ]
[ sql ] [ SQL ] SELECT * FROM `tp_auth_group` WHERE  `id` = 1 LIMIT 1 [ RunTime:0.000534s ]
[ sql ] [ SQL ] SELECT * FROM `tp_auth_rule` WHERE  `id` IN (52,53,50,51,46,49,48,47,39,40,1,38,7,2)  AND `status` = 1 ORDER BY `sorts` [ RunTime:0.000838s ]
[ sql ] [ SQL ] SELECT * FROM `tp_auth_group` WHERE  `id` = 1 LIMIT 1 [ RunTime:0.000620s ]
---------------------------------------------------------------
[ 2021-07-15T17:15:03+08:00 ] 127.0.0.1 POST www.hardphp.com/index.php/admin/admin/getuser
[ sql ] [ DB ] CONNECT:[ UseTime:0.001250s ] mysql:host=127.0.0.1;dbname=tp5qpi;charset=utf8
[ sql ] [ SQL ] SHOW COLUMNS FROM `tp_app` [ RunTime:0.020567s ]
[ sql ] [ SQL ] SELECT * FROM `tp_app` WHERE  `appId` = '123456' LIMIT 1 [ RunTime:0.000799s ]
[ sql ] [ SQL ] SHOW COLUMNS FROM `tp_admin` [ RunTime:0.015358s ]
[ sql ] [ SQL ] SELECT * FROM `tp_admin` WHERE  `id` = 1 LIMIT 1 [ RunTime:0.000651s ]
[ sql ] [ SQL ] SHOW COLUMNS FROM `tp_auth_rule` [ RunTime:0.017243s ]
[ sql ] [ SQL ] SELECT * FROM `tp_auth_rule` WHERE  `name` = 'admin/admin/getuser' LIMIT 1 [ RunTime:0.000636s ]
[ sql ] [ SQL ] SHOW COLUMNS FROM `tp_auth_group` [ RunTime:0.015521s ]
[ sql ] [ SQL ] SELECT * FROM `tp_auth_group` WHERE  `id` = 1 LIMIT 1 [ RunTime:0.000571s ]
[ sql ] [ SQL ] SELECT * FROM `tp_auth_rule` WHERE  `id` IN (52,53,50,51,46,49,48,47,39,40,1,38,7,2)  AND `status` = 1 ORDER BY `sorts` [ RunTime:0.000874s ]
[ sql ] [ SQL ] SELECT * FROM `tp_auth_group` WHERE  `id` = 1 LIMIT 1 [ RunTime:0.000659s ]
---------------------------------------------------------------
[ 2021-07-15T17:15:10+08:00 ] 127.0.0.1 POST www.hardphp.com/index.php/admin/log/index
[ sql ] [ DB ] CONNECT:[ UseTime:0.000961s ] mysql:host=127.0.0.1;dbname=tp5qpi;charset=utf8
[ sql ] [ SQL ] SHOW COLUMNS FROM `tp_app` [ RunTime:0.020663s ]
[ sql ] [ SQL ] SELECT * FROM `tp_app` WHERE  `appId` = '123456' LIMIT 1 [ RunTime:0.000832s ]
[ sql ] [ SQL ] SHOW COLUMNS FROM `tp_admin` [ RunTime:0.014795s ]
[ sql ] [ SQL ] SELECT * FROM `tp_admin` WHERE  `id` = 1 LIMIT 1 [ RunTime:0.000909s ]
[ sql ] [ SQL ] SHOW COLUMNS FROM `tp_auth_rule` [ RunTime:0.015961s ]
[ sql ] [ SQL ] SELECT * FROM `tp_auth_rule` WHERE  `name` = 'admin/log/index' LIMIT 1 [ RunTime:0.000600s ]
[ sql ] [ SQL ] SHOW COLUMNS FROM `tp_login_log` [ RunTime:0.015718s ]
[ sql ] [ SQL ] SELECT `a`.* FROM `tp_login_log` `a` ORDER BY `a`.`id` DESC LIMIT 0,10 [ RunTime:0.000436s ]
[ sql ] [ SQL ] SELECT COUNT(*) AS tp_count FROM `tp_login_log` `a` LIMIT 1 [ RunTime:0.040393s ]
---------------------------------------------------------------
[ 2021-07-15T17:15:16+08:00 ] 127.0.0.1 POST www.hardphp.com/index.php/admin/log/index
[ sql ] [ DB ] CONNECT:[ UseTime:0.000881s ] mysql:host=127.0.0.1;dbname=tp5qpi;charset=utf8
[ sql ] [ SQL ] SHOW COLUMNS FROM `tp_app` [ RunTime:0.019417s ]
[ sql ] [ SQL ] SELECT * FROM `tp_app` WHERE  `appId` = '123456' LIMIT 1 [ RunTime:0.000480s ]
[ sql ] [ SQL ] SHOW COLUMNS FROM `tp_admin` [ RunTime:0.015048s ]
[ sql ] [ SQL ] SELECT * FROM `tp_admin` WHERE  `id` = 1 LIMIT 1 [ RunTime:0.001348s ]
[ sql ] [ SQL ] SHOW COLUMNS FROM `tp_auth_rule` [ RunTime:0.015537s ]
[ sql ] [ SQL ] SELECT * FROM `tp_auth_rule` WHERE  `name` = 'admin/log/index' LIMIT 1 [ RunTime:0.000609s ]
[ sql ] [ SQL ] SHOW COLUMNS FROM `tp_login_log` [ RunTime:0.015266s ]
[ sql ] [ SQL ] SELECT `a`.* FROM `tp_login_log` `a` ORDER BY `a`.`id` DESC LIMIT 0,10 [ RunTime:0.000884s ]
[ sql ] [ SQL ] SELECT COUNT(*) AS tp_count FROM `tp_login_log` `a` LIMIT 1 [ RunTime:0.000478s ]
---------------------------------------------------------------
[ 2021-07-15T17:15:48+08:00 ] 127.0.0.1 POST www.hardphp.com/index.php/admin/log/index
[ sql ] [ DB ] CONNECT:[ UseTime:0.001412s ] mysql:host=127.0.0.1;dbname=tp5qpi;charset=utf8
[ sql ] [ SQL ] SHOW COLUMNS FROM `tp_app` [ RunTime:0.022504s ]
[ sql ] [ SQL ] SELECT * FROM `tp_app` WHERE  `appId` = '123456' LIMIT 1 [ RunTime:0.000628s ]
[ sql ] [ SQL ] SHOW COLUMNS FROM `tp_admin` [ RunTime:0.016449s ]
[ sql ] [ SQL ] SELECT * FROM `tp_admin` WHERE  `id` = 1 LIMIT 1 [ RunTime:0.000776s ]
[ sql ] [ SQL ] SHOW COLUMNS FROM `tp_auth_rule` [ RunTime:0.015245s ]
[ sql ] [ SQL ] SELECT * FROM `tp_auth_rule` WHERE  `name` = 'admin/log/index' LIMIT 1 [ RunTime:0.000502s ]
[ sql ] [ SQL ] SHOW COLUMNS FROM `tp_login_log` [ RunTime:0.015756s ]
[ sql ] [ SQL ] SELECT `a`.* FROM `tp_login_log` `a` ORDER BY `a`.`id` DESC LIMIT 0,10 [ RunTime:0.000444s ]
[ sql ] [ SQL ] SELECT COUNT(*) AS tp_count FROM `tp_login_log` `a` LIMIT 1 [ RunTime:0.000389s ]
---------------------------------------------------------------
[ 2021-07-15T17:22:48+08:00 ] 127.0.0.1 POST www.hardphp.com/index.php/admin/admin/getuser
[ sql ] [ DB ] CONNECT:[ UseTime:0.001401s ] mysql:host=127.0.0.1;dbname=tp5qpi;charset=utf8
[ sql ] [ SQL ] SHOW COLUMNS FROM `tp_app` [ RunTime:0.020187s ]
[ sql ] [ SQL ] SELECT * FROM `tp_app` WHERE  `appId` = '123456' LIMIT 1 [ RunTime:0.000687s ]
[ sql ] [ SQL ] SHOW COLUMNS FROM `tp_admin` [ RunTime:0.016510s ]
[ sql ] [ SQL ] SELECT * FROM `tp_admin` WHERE  `id` = 1 LIMIT 1 [ RunTime:0.000627s ]
[ sql ] [ SQL ] SHOW COLUMNS FROM `tp_auth_rule` [ RunTime:0.016441s ]
[ sql ] [ SQL ] SELECT * FROM `tp_auth_rule` WHERE  `name` = 'admin/admin/getuser' LIMIT 1 [ RunTime:0.000734s ]
[ sql ] [ SQL ] SHOW COLUMNS FROM `tp_auth_group` [ RunTime:0.015067s ]
[ sql ] [ SQL ] SELECT * FROM `tp_auth_group` WHERE  `id` = 1 LIMIT 1 [ RunTime:0.000774s ]
[ sql ] [ SQL ] SELECT * FROM `tp_auth_rule` WHERE  `id` IN (52,53,50,51,46,49,48,47,39,40,1,38,7,2)  AND `status` = 1 ORDER BY `sorts` [ RunTime:0.000673s ]
[ sql ] [ SQL ] SELECT * FROM `tp_auth_group` WHERE  `id` = 1 LIMIT 1 [ RunTime:0.000712s ]
---------------------------------------------------------------
[ 2021-07-15T17:22:49+08:00 ] 127.0.0.1 POST www.hardphp.com/index.php/admin/log/index
[ sql ] [ DB ] CONNECT:[ UseTime:0.001146s ] mysql:host=127.0.0.1;dbname=tp5qpi;charset=utf8
[ sql ] [ SQL ] SHOW COLUMNS FROM `tp_app` [ RunTime:0.024342s ]
[ sql ] [ SQL ] SELECT * FROM `tp_app` WHERE  `appId` = '123456' LIMIT 1 [ RunTime:0.000894s ]
[ sql ] [ SQL ] SHOW COLUMNS FROM `tp_admin` [ RunTime:0.018345s ]
[ sql ] [ SQL ] SELECT * FROM `tp_admin` WHERE  `id` = 1 LIMIT 1 [ RunTime:0.000865s ]
[ sql ] [ SQL ] SHOW COLUMNS FROM `tp_auth_rule` [ RunTime:0.020244s ]
[ sql ] [ SQL ] SELECT * FROM `tp_auth_rule` WHERE  `name` = 'admin/log/index' LIMIT 1 [ RunTime:0.000747s ]
[ sql ] [ SQL ] SHOW COLUMNS FROM `tp_login_log` [ RunTime:0.018610s ]
[ sql ] [ SQL ] SELECT `a`.* FROM `tp_login_log` `a` ORDER BY `a`.`id` DESC LIMIT 0,10 [ RunTime:0.000661s ]
[ sql ] [ SQL ] SELECT COUNT(*) AS tp_count FROM `tp_login_log` `a` LIMIT 1 [ RunTime:0.000826s ]
---------------------------------------------------------------
[ 2021-07-15T17:25:22+08:00 ] 127.0.0.1 POST www.hardphp.com/index.php/admin/admin/getuser
[ sql ] [ DB ] CONNECT:[ UseTime:0.001122s ] mysql:host=127.0.0.1;dbname=tp5qpi;charset=utf8
[ sql ] [ SQL ] SHOW COLUMNS FROM `tp_app` [ RunTime:0.016714s ]
[ sql ] [ SQL ] SELECT * FROM `tp_app` WHERE  `appId` = '123456' LIMIT 1 [ RunTime:0.000725s ]
[ sql ] [ SQL ] SHOW COLUMNS FROM `tp_admin` [ RunTime:0.019958s ]
[ sql ] [ SQL ] SELECT * FROM `tp_admin` WHERE  `id` = 1 LIMIT 1 [ RunTime:0.000601s ]
[ sql ] [ SQL ] SHOW COLUMNS FROM `tp_auth_rule` [ RunTime:0.015885s ]
[ sql ] [ SQL ] SELECT * FROM `tp_auth_rule` WHERE  `name` = 'admin/admin/getuser' LIMIT 1 [ RunTime:0.000567s ]
[ sql ] [ SQL ] SHOW COLUMNS FROM `tp_auth_group` [ RunTime:0.016026s ]
[ sql ] [ SQL ] SELECT * FROM `tp_auth_group` WHERE  `id` = 1 LIMIT 1 [ RunTime:0.000964s ]
[ sql ] [ SQL ] SELECT * FROM `tp_auth_rule` WHERE  `id` IN (52,53,50,51,46,49,48,47,39,40,1,38,7,2)  AND `status` = 1 ORDER BY `sorts` [ RunTime:0.000836s ]
[ sql ] [ SQL ] SELECT * FROM `tp_auth_group` WHERE  `id` = 1 LIMIT 1 [ RunTime:0.000702s ]
---------------------------------------------------------------
[ 2021-07-15T17:26:57+08:00 ] 127.0.0.1 POST www.hardphp.com/index.php/admin/admin/getuser
[ sql ] [ DB ] CONNECT:[ UseTime:0.001087s ] mysql:host=127.0.0.1;dbname=tp5qpi;charset=utf8
[ sql ] [ SQL ] SHOW COLUMNS FROM `tp_app` [ RunTime:0.020623s ]
[ sql ] [ SQL ] SELECT * FROM `tp_app` WHERE  `appId` = '123456' LIMIT 1 [ RunTime:0.000666s ]
[ sql ] [ SQL ] SHOW COLUMNS FROM `tp_admin` [ RunTime:0.016337s ]
[ sql ] [ SQL ] SELECT * FROM `tp_admin` WHERE  `id` = 1 LIMIT 1 [ RunTime:0.000554s ]
[ sql ] [ SQL ] SHOW COLUMNS FROM `tp_auth_rule` [ RunTime:0.015355s ]
[ sql ] [ SQL ] SELECT * FROM `tp_auth_rule` WHERE  `name` = 'admin/admin/getuser' LIMIT 1 [ RunTime:0.000758s ]
[ sql ] [ SQL ] SHOW COLUMNS FROM `tp_auth_group` [ RunTime:0.017199s ]
[ sql ] [ SQL ] SELECT * FROM `tp_auth_group` WHERE  `id` = 1 LIMIT 1 [ RunTime:0.000583s ]
[ sql ] [ SQL ] SELECT * FROM `tp_auth_rule` WHERE  `id` IN (52,53,50,51,46,49,48,47,39,40,1,38,7,2)  AND `status` = 1 ORDER BY `sorts` [ RunTime:0.000842s ]
[ sql ] [ SQL ] SELECT * FROM `tp_auth_group` WHERE  `id` = 1 LIMIT 1 [ RunTime:0.000668s ]
---------------------------------------------------------------
[ 2021-07-15T17:30:16+08:00 ] 127.0.0.1 POST www.hardphp.com/index.php/admin/admin/getuser
[ sql ] [ DB ] CONNECT:[ UseTime:0.001105s ] mysql:host=127.0.0.1;dbname=tp5qpi;charset=utf8
[ sql ] [ SQL ] SHOW COLUMNS FROM `tp_app` [ RunTime:0.021404s ]
[ sql ] [ SQL ] SELECT * FROM `tp_app` WHERE  `appId` = '123456' LIMIT 1 [ RunTime:0.000862s ]
[ sql ] [ SQL ] SHOW COLUMNS FROM `tp_admin` [ RunTime:0.017565s ]
[ sql ] [ SQL ] SELECT * FROM `tp_admin` WHERE  `id` = 1 LIMIT 1 [ RunTime:0.000669s ]
[ sql ] [ SQL ] SHOW COLUMNS FROM `tp_auth_rule` [ RunTime:0.019699s ]
[ sql ] [ SQL ] SELECT * FROM `tp_auth_rule` WHERE  `name` = 'admin/admin/getuser' LIMIT 1 [ RunTime:0.000781s ]
[ sql ] [ SQL ] SHOW COLUMNS FROM `tp_auth_group` [ RunTime:0.015270s ]
[ sql ] [ SQL ] SELECT * FROM `tp_auth_group` WHERE  `id` = 1 LIMIT 1 [ RunTime:0.000584s ]
[ sql ] [ SQL ] SELECT * FROM `tp_auth_rule` WHERE  `id` IN (52,53,50,51,46,49,48,47,39,40,1,38,7,2)  AND `status` = 1 ORDER BY `sorts` [ RunTime:0.000864s ]
[ sql ] [ SQL ] SELECT * FROM `tp_auth_group` WHERE  `id` = 1 LIMIT 1 [ RunTime:0.000603s ]
---------------------------------------------------------------
[ 2021-07-15T17:30:47+08:00 ] 127.0.0.1 POST www.hardphp.com/index.php/admin/admin/getuser
[ sql ] [ DB ] CONNECT:[ UseTime:0.001120s ] mysql:host=127.0.0.1;dbname=tp5qpi;charset=utf8
[ sql ] [ SQL ] SHOW COLUMNS FROM `tp_app` [ RunTime:0.017598s ]
[ sql ] [ SQL ] SELECT * FROM `tp_app` WHERE  `appId` = '123456' LIMIT 1 [ RunTime:0.000667s ]
[ sql ] [ SQL ] SHOW COLUMNS FROM `tp_admin` [ RunTime:0.016335s ]
[ sql ] [ SQL ] SELECT * FROM `tp_admin` WHERE  `id` = 1 LIMIT 1 [ RunTime:0.000678s ]
[ sql ] [ SQL ] SHOW COLUMNS FROM `tp_auth_rule` [ RunTime:0.016943s ]
[ sql ] [ SQL ] SELECT * FROM `tp_auth_rule` WHERE  `name` = 'admin/admin/getuser' LIMIT 1 [ RunTime:0.000614s ]
[ sql ] [ SQL ] SHOW COLUMNS FROM `tp_auth_group` [ RunTime:0.018115s ]
[ sql ] [ SQL ] SELECT * FROM `tp_auth_group` WHERE  `id` = 1 LIMIT 1 [ RunTime:0.000608s ]
[ sql ] [ SQL ] SELECT * FROM `tp_auth_rule` WHERE  `id` IN (52,53,50,51,46,49,48,47,39,40,1,38,7,2)  AND `status` = 1 ORDER BY `sorts` [ RunTime:0.000931s ]
[ sql ] [ SQL ] SELECT * FROM `tp_auth_group` WHERE  `id` = 1 LIMIT 1 [ RunTime:0.001857s ]
---------------------------------------------------------------
[ 2021-07-15T17:31:14+08:00 ] 127.0.0.1 POST www.hardphp.com/index.php/admin/admin/getuser
[ sql ] [ DB ] CONNECT:[ UseTime:0.001178s ] mysql:host=127.0.0.1;dbname=tp5qpi;charset=utf8
[ sql ] [ SQL ] SHOW COLUMNS FROM `tp_app` [ RunTime:0.020268s ]
[ sql ] [ SQL ] SELECT * FROM `tp_app` WHERE  `appId` = '123456' LIMIT 1 [ RunTime:0.001444s ]
[ sql ] [ SQL ] SHOW COLUMNS FROM `tp_admin` [ RunTime:0.015760s ]
[ sql ] [ SQL ] SELECT * FROM `tp_admin` WHERE  `id` = 1 LIMIT 1 [ RunTime:0.000617s ]
[ sql ] [ SQL ] SHOW COLUMNS FROM `tp_auth_rule` [ RunTime:0.016306s ]
[ sql ] [ SQL ] SELECT * FROM `tp_auth_rule` WHERE  `name` = 'admin/admin/getuser' LIMIT 1 [ RunTime:0.000627s ]
[ sql ] [ SQL ] SHOW COLUMNS FROM `tp_auth_group` [ RunTime:0.015647s ]
[ sql ] [ SQL ] SELECT * FROM `tp_auth_group` WHERE  `id` = 1 LIMIT 1 [ RunTime:0.000527s ]
[ sql ] [ SQL ] SELECT * FROM `tp_auth_rule` WHERE  `id` IN (52,53,50,51,46,49,48,47,39,40,1,38,7,2)  AND `status` = 1 ORDER BY `sorts` [ RunTime:0.000734s ]
[ sql ] [ SQL ] SELECT * FROM `tp_auth_group` WHERE  `id` = 1 LIMIT 1 [ RunTime:0.000625s ]
---------------------------------------------------------------
[ 2021-07-15T17:36:26+08:00 ] 127.0.0.1 POST www.hardphp.com/index.php/admin/admin/getuser
[ sql ] [ DB ] CONNECT:[ UseTime:0.001108s ] mysql:host=127.0.0.1;dbname=tp5qpi;charset=utf8
[ sql ] [ SQL ] SHOW COLUMNS FROM `tp_app` [ RunTime:0.021115s ]
[ sql ] [ SQL ] SELECT * FROM `tp_app` WHERE  `appId` = '123456' LIMIT 1 [ RunTime:0.000618s ]
[ sql ] [ SQL ] SHOW COLUMNS FROM `tp_admin` [ RunTime:0.015504s ]
[ sql ] [ SQL ] SELECT * FROM `tp_admin` WHERE  `id` = 1 LIMIT 1 [ RunTime:0.000769s ]
[ sql ] [ SQL ] SHOW COLUMNS FROM `tp_auth_rule` [ RunTime:0.017777s ]
[ sql ] [ SQL ] SELECT * FROM `tp_auth_rule` WHERE  `name` = 'admin/admin/getuser' LIMIT 1 [ RunTime:0.000600s ]
[ sql ] [ SQL ] SHOW COLUMNS FROM `tp_auth_group` [ RunTime:0.015926s ]
[ sql ] [ SQL ] SELECT * FROM `tp_auth_group` WHERE  `id` = 1 LIMIT 1 [ RunTime:0.000567s ]
[ sql ] [ SQL ] SELECT * FROM `tp_auth_rule` WHERE  `id` IN (52,53,50,51,46,49,48,47,39,40,1,38,7,2)  AND `status` = 1 ORDER BY `sorts` [ RunTime:0.000883s ]
[ sql ] [ SQL ] SELECT * FROM `tp_auth_group` WHERE  `id` = 1 LIMIT 1 [ RunTime:0.000715s ]
---------------------------------------------------------------
[ 2021-07-15T17:54:46+08:00 ] 127.0.0.1 POST www.hardphp.com/index.php/admin/admin/getuser
[ sql ] [ DB ] CONNECT:[ UseTime:0.001562s ] mysql:host=127.0.0.1;dbname=tp5qpi;charset=utf8
[ sql ] [ SQL ] SHOW COLUMNS FROM `tp_app` [ RunTime:0.021944s ]
[ sql ] [ SQL ] SELECT * FROM `tp_app` WHERE  `appId` = '123456' LIMIT 1 [ RunTime:0.001274s ]
[ sql ] [ SQL ] SHOW COLUMNS FROM `tp_admin` [ RunTime:0.017494s ]
[ sql ] [ SQL ] SELECT * FROM `tp_admin` WHERE  `id` = 1 LIMIT 1 [ RunTime:0.000687s ]
[ sql ] [ SQL ] SHOW COLUMNS FROM `tp_auth_rule` [ RunTime:0.014770s ]
[ sql ] [ SQL ] SELECT * FROM `tp_auth_rule` WHERE  `name` = 'admin/admin/getuser' LIMIT 1 [ RunTime:0.000551s ]
[ sql ] [ SQL ] SHOW COLUMNS FROM `tp_auth_group` [ RunTime:0.015790s ]
[ sql ] [ SQL ] SELECT * FROM `tp_auth_group` WHERE  `id` = 1 LIMIT 1 [ RunTime:0.000727s ]
[ sql ] [ SQL ] SELECT * FROM `tp_auth_rule` WHERE  `id` IN (52,53,50,51,46,49,48,47,39,40,1,38,7,2)  AND `status` = 1 ORDER BY `sorts` [ RunTime:0.002086s ]
[ sql ] [ SQL ] SELECT * FROM `tp_auth_group` WHERE  `id` = 1 LIMIT 1 [ RunTime:0.000549s ]
---------------------------------------------------------------
[ 2021-07-15T17:55:04+08:00 ] 127.0.0.1 POST www.hardphp.com/index.php/admin/admin/getuser
[ sql ] [ DB ] CONNECT:[ UseTime:0.001054s ] mysql:host=127.0.0.1;dbname=tp5qpi;charset=utf8
[ sql ] [ SQL ] SHOW COLUMNS FROM `tp_app` [ RunTime:0.027280s ]
[ sql ] [ SQL ] SELECT * FROM `tp_app` WHERE  `appId` = '123456' LIMIT 1 [ RunTime:0.000681s ]
[ sql ] [ SQL ] SHOW COLUMNS FROM `tp_admin` [ RunTime:0.025357s ]
[ sql ] [ SQL ] SELECT * FROM `tp_admin` WHERE  `id` = 1 LIMIT 1 [ RunTime:0.001215s ]
[ sql ] [ SQL ] SHOW COLUMNS FROM `tp_auth_rule` [ RunTime:0.018703s ]
[ sql ] [ SQL ] SELECT * FROM `tp_auth_rule` WHERE  `name` = 'admin/admin/getuser' LIMIT 1 [ RunTime:0.000691s ]
[ sql ] [ SQL ] SHOW COLUMNS FROM `tp_auth_group` [ RunTime:0.016965s ]
[ sql ] [ SQL ] SELECT * FROM `tp_auth_group` WHERE  `id` = 1 LIMIT 1 [ RunTime:0.000610s ]
[ sql ] [ SQL ] SELECT * FROM `tp_auth_rule` WHERE  `id` IN (52,53,50,51,46,49,48,47,39,40,1,38,7,2)  AND `status` = 1 ORDER BY `sorts` [ RunTime:0.000838s ]
[ sql ] [ SQL ] SELECT * FROM `tp_auth_group` WHERE  `id` = 1 LIMIT 1 [ RunTime:0.000660s ]
