---------------------------------------------------------------
[ 2021-07-16T09:02:21+08:00 ] 127.0.0.1 OPTIONS www.hardphp.com/index.php/admin/admin/getuser
[运行时间：0.662859s] [吞吐率：1.51req/s] [内存消耗：2,144.74kb] [文件加载：68]
[ info ] [ LANG ] D:\PHPTutorial\WWW\hardphp\thinkphp\lang\zh-cn.php
[ info ] [ ROUTE ] array (
  'type' => 'module',
  'module' => 
  array (
    0 => 'admin',
    1 => 'admin',
    2 => 'getuser',
  ),
)
[ info ] [ HEADER ] array (
  'host' => 'www.hardphp.com',
  'connection' => 'keep-alive',
  'accept' => '*/*',
  'access-control-request-method' => 'POST',
  'access-control-request-headers' => 'x-access-appid,x-access-token',
  'origin' => 'http://localhost:8080',
  'user-agent' => 'Mozilla/5.0 (Windows NT 10.0; Win64; x64) AppleWebKit/537.36 (KHTML, like Gecko) Chrome/90.0.4430.93 Safari/537.36',
  'sec-fetch-mode' => 'cors',
  'referer' => 'http://localhost:8080/',
  'accept-encoding' => 'gzip, deflate',
  'accept-language' => 'zh-CN,zh;q=0.9',
)
[ info ] [ PARAM ] array (
)
[ info ] [ LOG ] INIT File
---------------------------------------------------------------
[ 2021-07-16T09:02:22+08:00 ] 127.0.0.1 POST www.hardphp.com/index.php/admin/admin/getuser
[运行时间：0.675473s] [吞吐率：1.48req/s] [内存消耗：3,514.63kb] [文件加载：80]
[ info ] [ LANG ] D:\PHPTutorial\WWW\hardphp\thinkphp\lang\zh-cn.php
[ info ] [ ROUTE ] array (
  'type' => 'module',
  'module' => 
  array (
    0 => 'admin',
    1 => 'admin',
    2 => 'getuser',
  ),
)
[ info ] [ HEADER ] array (
  'host' => 'www.hardphp.com',
  'connection' => 'keep-alive',
  'content-length' => '42',
  'accept' => 'application/json, text/plain, */*',
  'x-access-token' => '73327DA65D5F5E0B516CEEDDB99DB270MDAwMDAwMDAwML6Mna-FqrqSib2cgMOHoIC7o36CkY6xfLjQzqGGZIXVuGadr4u5um-LunZ_w4efabGmjmWDo3-gu5SsqIhkp6vHZJ3Ynau-moXTqGG4nZSnyX-ohIONk4a7qdJtiJ-ns8mfZtWZ3baHheBxpcefYYvHj5yphZCHqrPP1bGNiZ-zuIqZ2ZyonaeLvYahu2SUlbumaKSCjn-muLq8bYWdr724op3RibShdg',
  'user-agent' => 'Mozilla/5.0 (Windows NT 10.0; Win64; x64) AppleWebKit/537.36 (KHTML, like Gecko) Chrome/90.0.4430.93 Safari/537.36',
  'x-access-appid' => '123456',
  'content-type' => 'application/x-www-form-urlencoded;charset=UTF-8',
  'origin' => 'http://localhost:8080',
  'referer' => 'http://localhost:8080/',
  'accept-encoding' => 'gzip, deflate',
  'accept-language' => 'zh-CN,zh;q=0.9',
)
[ info ] [ PARAM ] array (
  'signature' => '776a8773415590486189e97e10f77114',
)
[ info ] [ DB ] INIT mysql
[ info ] [ RUN ] app\admin\controller\Admin->getuser[ D:\PHPTutorial\WWW\hardphp\application\admin\controller\Admin.php ]
[ info ] [ LOG ] INIT File
---------------------------------------------------------------
[ 2021-07-16T09:14:39+08:00 ] 127.0.0.1 OPTIONS www.hardphp.com/index.php/admin/admin/getuser
[运行时间：0.184494s] [吞吐率：5.42req/s] [内存消耗：2,144.75kb] [文件加载：68]
[ info ] [ LANG ] D:\PHPTutorial\WWW\hardphp\thinkphp\lang\zh-cn.php
[ info ] [ ROUTE ] array (
  'type' => 'module',
  'module' => 
  array (
    0 => 'admin',
    1 => 'admin',
    2 => 'getuser',
  ),
)
[ info ] [ HEADER ] array (
  'host' => 'www.hardphp.com',
  'connection' => 'keep-alive',
  'accept' => '*/*',
  'access-control-request-method' => 'POST',
  'access-control-request-headers' => 'x-access-appid,x-access-token',
  'origin' => 'http://localhost:8080',
  'user-agent' => 'Mozilla/5.0 (Windows NT 10.0; Win64; x64) AppleWebKit/537.36 (KHTML, like Gecko) Chrome/90.0.4430.93 Safari/537.36',
  'sec-fetch-mode' => 'cors',
  'referer' => 'http://localhost:8080/',
  'accept-encoding' => 'gzip, deflate',
  'accept-language' => 'zh-CN,zh;q=0.9',
)
[ info ] [ PARAM ] array (
)
[ info ] [ LOG ] INIT File
---------------------------------------------------------------
[ 2021-07-16T09:14:39+08:00 ] 127.0.0.1 POST www.hardphp.com/index.php/admin/admin/getuser
[运行时间：0.181768s] [吞吐率：5.50req/s] [内存消耗：3,514.63kb] [文件加载：80]
[ info ] [ LANG ] D:\PHPTutorial\WWW\hardphp\thinkphp\lang\zh-cn.php
[ info ] [ ROUTE ] array (
  'type' => 'module',
  'module' => 
  array (
    0 => 'admin',
    1 => 'admin',
    2 => 'getuser',
  ),
)
[ info ] [ HEADER ] array (
  'host' => 'www.hardphp.com',
  'connection' => 'keep-alive',
  'content-length' => '42',
  'accept' => 'application/json, text/plain, */*',
  'x-access-token' => '73327DA65D5F5E0B516CEEDDB99DB270MDAwMDAwMDAwML6Mna-FqrqSib2cgMOHoIC7o36CkY6xfLjQzqGGZIXVuGadr4u5um-LunZ_w4efabGmjmWDo3-gu5SsqIhkp6vHZJ3Ynau-moXTqGG4nZSnyX-ohIONk4a7qdJtiJ-ns8mfZtWZ3baHheBxpcefYYvHj5yphZCHqrPP1bGNiZ-zuIqZ2ZyonaeLvYahu2SUlbumaKSCjn-muLq8bYWdr724op3RibShdg',
  'user-agent' => 'Mozilla/5.0 (Windows NT 10.0; Win64; x64) AppleWebKit/537.36 (KHTML, like Gecko) Chrome/90.0.4430.93 Safari/537.36',
  'x-access-appid' => '123456',
  'content-type' => 'application/x-www-form-urlencoded;charset=UTF-8',
  'origin' => 'http://localhost:8080',
  'referer' => 'http://localhost:8080/',
  'accept-encoding' => 'gzip, deflate',
  'accept-language' => 'zh-CN,zh;q=0.9',
)
[ info ] [ PARAM ] array (
  'signature' => '776a8773415590486189e97e10f77114',
)
[ info ] [ DB ] INIT mysql
[ info ] [ RUN ] app\admin\controller\Admin->getuser[ D:\PHPTutorial\WWW\hardphp\application\admin\controller\Admin.php ]
[ info ] [ LOG ] INIT File
---------------------------------------------------------------
[ 2021-07-16T11:44:36+08:00 ] 127.0.0.1 OPTIONS www.hardphp.com/index.php/admin/admin/getuser
[运行时间：1.063912s] [吞吐率：0.94req/s] [内存消耗：2,144.71kb] [文件加载：68]
[ info ] [ LANG ] D:\PHPTutorial\WWW\hardphp\thinkphp\lang\zh-cn.php
[ info ] [ ROUTE ] array (
  'type' => 'module',
  'module' => 
  array (
    0 => 'admin',
    1 => 'admin',
    2 => 'getuser',
  ),
)
[ info ] [ HEADER ] array (
  'host' => 'www.hardphp.com',
  'connection' => 'keep-alive',
  'accept' => '*/*',
  'access-control-request-method' => 'POST',
  'access-control-request-headers' => 'x-access-appid,x-access-token',
  'origin' => 'http://localhost:8080',
  'user-agent' => 'Mozilla/5.0 (Windows NT 10.0; Win64; x64) AppleWebKit/537.36 (KHTML, like Gecko) Chrome/90.0.4430.93 Safari/537.36',
  'sec-fetch-mode' => 'cors',
  'referer' => 'http://localhost:8080/',
  'accept-encoding' => 'gzip, deflate',
  'accept-language' => 'zh-CN,zh;q=0.9',
)
[ info ] [ PARAM ] array (
)
[ info ] [ LOG ] INIT File
---------------------------------------------------------------
[ 2021-07-16T11:44:37+08:00 ] 127.0.0.1 POST www.hardphp.com/index.php/admin/admin/getuser
[运行时间：0.817707s] [吞吐率：1.22req/s] [内存消耗：3,514.63kb] [文件加载：80]
[ info ] [ LANG ] D:\PHPTutorial\WWW\hardphp\thinkphp\lang\zh-cn.php
[ info ] [ ROUTE ] array (
  'type' => 'module',
  'module' => 
  array (
    0 => 'admin',
    1 => 'admin',
    2 => 'getuser',
  ),
)
[ info ] [ HEADER ] array (
  'host' => 'www.hardphp.com',
  'connection' => 'keep-alive',
  'content-length' => '42',
  'accept' => 'application/json, text/plain, */*',
  'x-access-token' => '73327DA65D5F5E0B516CEEDDB99DB270MDAwMDAwMDAwML6Mna-FqrqSib2cgMOHoIC7o36CkY6xfLjQzqGGZIXVuGadr4u5um-LunZ_w4efabGmjmWDo3-gu5SsqIhkp6vHZJ3Ynau-moXTqGG4nZSnyX-ohIONk4a7qdJtiJ-ns8mfZtWZ3baHheBxpcefYYvHj5yphZCHqrPP1bGNiZ-zuIqZ2ZyonaeLvYahu2SUlbumaKSCjn-muLq8bYWdr724op3RibShdg',
  'user-agent' => 'Mozilla/5.0 (Windows NT 10.0; Win64; x64) AppleWebKit/537.36 (KHTML, like Gecko) Chrome/90.0.4430.93 Safari/537.36',
  'x-access-appid' => '123456',
  'content-type' => 'application/x-www-form-urlencoded;charset=UTF-8',
  'origin' => 'http://localhost:8080',
  'referer' => 'http://localhost:8080/',
  'accept-encoding' => 'gzip, deflate',
  'accept-language' => 'zh-CN,zh;q=0.9',
)
[ info ] [ PARAM ] array (
  'signature' => '776a8773415590486189e97e10f77114',
)
[ info ] [ DB ] INIT mysql
[ info ] [ RUN ] app\admin\controller\Admin->getuser[ D:\PHPTutorial\WWW\hardphp\application\admin\controller\Admin.php ]
[ info ] [ LOG ] INIT File
