---------------------------------------------------------------
[ 2020-03-11T17:42:14+08:00 ] 127.0.0.1 OPTIONS www.hardphp.com/index.php/admin/login/index
[运行时间：0.630662s] [吞吐率：1.59req/s] [内存消耗：2,090.88kb] [文件加载：66]
[ info ] [ LANG ] D:\phpStudy\PHPTutorial\WWW\hardphp\thinkphp\lang\zh-cn.php
[ info ] [ ROUTE ] array (
  'type' => 'module',
  'module' => 
  array (
    0 => 'admin',
    1 => 'login',
    2 => 'index',
  ),
)
[ info ] [ HEADER ] array (
  'host' => 'www.hardphp.com',
  'connection' => 'keep-alive',
  'accept' => '*/*',
  'access-control-request-method' => 'POST',
  'access-control-request-headers' => 'x-access-appid',
  'origin' => 'http://localhost:8080',
  'sec-fetch-mode' => 'cors',
  'referer' => 'http://localhost:8080/',
  'user-agent' => 'Mozilla/5.0 (Windows NT 10.0; Win64; x64) AppleWebKit/537.36 (KHTML, like Gecko) Chrome/80.0.3987.132 Safari/537.36',
  'accept-encoding' => 'gzip, deflate',
  'accept-language' => 'zh-CN,zh;q=0.9',
)
[ info ] [ PARAM ] array (
)
[ info ] [ LOG ] INIT File
---------------------------------------------------------------
[ 2020-03-11T17:42:14+08:00 ] 127.0.0.1 POST www.hardphp.com/index.php/admin/login/index
[运行时间：0.571970s] [吞吐率：1.75req/s] [内存消耗：3,498.82kb] [文件加载：81]
[ info ] [ LANG ] D:\phpStudy\PHPTutorial\WWW\hardphp\thinkphp\lang\zh-cn.php
[ info ] [ ROUTE ] array (
  'type' => 'module',
  'module' => 
  array (
    0 => 'admin',
    1 => 'login',
    2 => 'index',
  ),
)
[ info ] [ HEADER ] array (
  'host' => 'www.hardphp.com',
  'connection' => 'keep-alive',
  'content-length' => '73',
  'accept' => 'application/json, text/plain, */*',
  'user-agent' => 'Mozilla/5.0 (Windows NT 10.0; Win64; x64) AppleWebKit/537.36 (KHTML, like Gecko) Chrome/80.0.3987.132 Safari/537.36',
  'x-access-appid' => '123456',
  'content-type' => 'application/x-www-form-urlencoded;charset=UTF-8',
  'origin' => 'http://localhost:8080',
  'referer' => 'http://localhost:8080/',
  'accept-encoding' => 'gzip, deflate',
  'accept-language' => 'zh-CN,zh;q=0.9',
)
[ info ] [ PARAM ] array (
  'userName' => 'admin',
  'password' => '123456',
  'signature' => '5c9dde2ed54c2625dcafa37e79314ea6',
)
[ info ] [ DB ] INIT mysql
[ info ] [ RUN ] app\admin\controller\Login->index[ D:\phpStudy\PHPTutorial\WWW\hardphp\application\admin\controller\Login.php ]
[ info ] [ CACHE ] INIT File
[ info ] [ LOG ] INIT File
---------------------------------------------------------------
[ 2020-03-11T17:42:14+08:00 ] 127.0.0.1 OPTIONS www.hardphp.com/index.php/admin/admin/getuser
[运行时间：0.087077s] [吞吐率：11.48req/s] [内存消耗：2,151.19kb] [文件加载：68]
[ info ] [ LANG ] D:\phpStudy\PHPTutorial\WWW\hardphp\thinkphp\lang\zh-cn.php
[ info ] [ ROUTE ] array (
  'type' => 'module',
  'module' => 
  array (
    0 => 'admin',
    1 => 'admin',
    2 => 'getuser',
  ),
)
[ info ] [ HEADER ] array (
  'host' => 'www.hardphp.com',
  'connection' => 'keep-alive',
  'accept' => '*/*',
  'access-control-request-method' => 'POST',
  'access-control-request-headers' => 'x-access-appid,x-access-token',
  'origin' => 'http://localhost:8080',
  'sec-fetch-mode' => 'cors',
  'referer' => 'http://localhost:8080/',
  'user-agent' => 'Mozilla/5.0 (Windows NT 10.0; Win64; x64) AppleWebKit/537.36 (KHTML, like Gecko) Chrome/80.0.3987.132 Safari/537.36',
  'accept-encoding' => 'gzip, deflate',
  'accept-language' => 'zh-CN,zh;q=0.9',
)
[ info ] [ PARAM ] array (
)
[ info ] [ LOG ] INIT File
---------------------------------------------------------------
[ 2020-03-11T17:42:14+08:00 ] 127.0.0.1 POST www.hardphp.com/index.php/admin/admin/getuser
[运行时间：0.129675s] [吞吐率：7.71req/s] [内存消耗：3,516.85kb] [文件加载：80]
[ info ] [ LANG ] D:\phpStudy\PHPTutorial\WWW\hardphp\thinkphp\lang\zh-cn.php
[ info ] [ ROUTE ] array (
  'type' => 'module',
  'module' => 
  array (
    0 => 'admin',
    1 => 'admin',
    2 => 'getuser',
  ),
)
[ info ] [ HEADER ] array (
  'host' => 'www.hardphp.com',
  'connection' => 'keep-alive',
  'content-length' => '42',
  'accept' => 'application/json, text/plain, */*',
  'x-access-token' => 'BDCD902A5B2A29349E8FD3D05ED06E4BMDAwMDAwMDAwML6Mna-FqrqSib2cgMOHoIC7o36CkY6xfLjQzqGGZIXVuGadr4u5um-LunZ_w4efabGmjmWDo3-gu5SsqIhkp6vHZJ3Ynau-moXTqGG4nZSnyX-ohIONk4a7qbtoiIqn18l5armRltSIi6pxpbRiqGrIpYZ6lIB_fsjdwLGXZae3yKGpuoyVtq-ZvpyAxYqfrslqkqGKp6GuuKuofIaHr5fJn2K8m9qhdg',
  'user-agent' => 'Mozilla/5.0 (Windows NT 10.0; Win64; x64) AppleWebKit/537.36 (KHTML, like Gecko) Chrome/80.0.3987.132 Safari/537.36',
  'x-access-appid' => '123456',
  'content-type' => 'application/x-www-form-urlencoded;charset=UTF-8',
  'origin' => 'http://localhost:8080',
  'referer' => 'http://localhost:8080/',
  'accept-encoding' => 'gzip, deflate',
  'accept-language' => 'zh-CN,zh;q=0.9',
)
[ info ] [ PARAM ] array (
  'signature' => '776a8773415590486189e97e10f77114',
)
[ info ] [ DB ] INIT mysql
[ info ] [ RUN ] app\admin\controller\Admin->getuser[ D:\phpStudy\PHPTutorial\WWW\hardphp\application\admin\controller\Admin.php ]
[ info ] [ LOG ] INIT File
---------------------------------------------------------------
[ 2020-03-11T17:42:31+08:00 ] 127.0.0.1 OPTIONS www.hardphp.com/index.php/admin/admin/getuser
[运行时间：0.088774s] [吞吐率：11.26req/s] [内存消耗：2,151.22kb] [文件加载：68]
[ info ] [ LANG ] D:\phpStudy\PHPTutorial\WWW\hardphp\thinkphp\lang\zh-cn.php
[ info ] [ ROUTE ] array (
  'type' => 'module',
  'module' => 
  array (
    0 => 'admin',
    1 => 'admin',
    2 => 'getuser',
  ),
)
[ info ] [ HEADER ] array (
  'host' => 'www.hardphp.com',
  'connection' => 'keep-alive',
  'accept' => '*/*',
  'access-control-request-method' => 'POST',
  'access-control-request-headers' => 'x-access-appid,x-access-token',
  'origin' => 'http://localhost:8080',
  'sec-fetch-mode' => 'cors',
  'referer' => 'http://localhost:8080/',
  'user-agent' => 'Mozilla/5.0 (Windows NT 10.0; Win64; x64) AppleWebKit/537.36 (KHTML, like Gecko) Chrome/80.0.3987.132 Safari/537.36',
  'accept-encoding' => 'gzip, deflate',
  'accept-language' => 'zh-CN,zh;q=0.9',
)
[ info ] [ PARAM ] array (
)
[ info ] [ LOG ] INIT File
---------------------------------------------------------------
[ 2020-03-11T17:42:31+08:00 ] 127.0.0.1 POST www.hardphp.com/index.php/admin/admin/getuser
[运行时间：0.102599s] [吞吐率：9.75req/s] [内存消耗：3,516.96kb] [文件加载：80]
[ info ] [ LANG ] D:\phpStudy\PHPTutorial\WWW\hardphp\thinkphp\lang\zh-cn.php
[ info ] [ ROUTE ] array (
  'type' => 'module',
  'module' => 
  array (
    0 => 'admin',
    1 => 'admin',
    2 => 'getuser',
  ),
)
[ info ] [ HEADER ] array (
  'host' => 'www.hardphp.com',
  'connection' => 'keep-alive',
  'content-length' => '42',
  'accept' => 'application/json, text/plain, */*',
  'x-access-token' => 'BDCD902A5B2A29349E8FD3D05ED06E4BMDAwMDAwMDAwML6Mna-FqrqSib2cgMOHoIC7o36CkY6xfLjQzqGGZIXVuGadr4u5um-LunZ_w4efabGmjmWDo3-gu5SsqIhkp6vHZJ3Ynau-moXTqGG4nZSnyX-ohIONk4a7qbtoiIqn18l5armRltSIi6pxpbRiqGrIpYZ6lIB_fsjdwLGXZae3yKGpuoyVtq-ZvpyAxYqfrslqkqGKp6GuuKuofIaHr5fJn2K8m9qhdg',
  'user-agent' => 'Mozilla/5.0 (Windows NT 10.0; Win64; x64) AppleWebKit/537.36 (KHTML, like Gecko) Chrome/80.0.3987.132 Safari/537.36',
  'x-access-appid' => '123456',
  'content-type' => 'application/x-www-form-urlencoded;charset=UTF-8',
  'origin' => 'http://localhost:8080',
  'referer' => 'http://localhost:8080/',
  'accept-encoding' => 'gzip, deflate',
  'accept-language' => 'zh-CN,zh;q=0.9',
)
[ info ] [ PARAM ] array (
  'signature' => '776a8773415590486189e97e10f77114',
)
[ info ] [ DB ] INIT mysql
[ info ] [ RUN ] app\admin\controller\Admin->getuser[ D:\phpStudy\PHPTutorial\WWW\hardphp\application\admin\controller\Admin.php ]
[ info ] [ LOG ] INIT File
---------------------------------------------------------------
[ 2020-03-11T17:45:42+08:00 ] 127.0.0.1 OPTIONS www.hardphp.com/index.php/admin/user/index
[运行时间：0.054759s] [吞吐率：18.26req/s] [内存消耗：2,127.13kb] [文件加载：68]
[ info ] [ LANG ] D:\phpStudy\PHPTutorial\WWW\hardphp\thinkphp\lang\zh-cn.php
[ info ] [ ROUTE ] array (
  'type' => 'module',
  'module' => 
  array (
    0 => 'admin',
    1 => 'user',
    2 => 'index',
  ),
)
[ info ] [ HEADER ] array (
  'host' => 'www.hardphp.com',
  'connection' => 'keep-alive',
  'accept' => '*/*',
  'access-control-request-method' => 'POST',
  'access-control-request-headers' => 'x-access-appid,x-access-token',
  'origin' => 'http://localhost:8080',
  'sec-fetch-mode' => 'cors',
  'referer' => 'http://localhost:8080/',
  'user-agent' => 'Mozilla/5.0 (Windows NT 10.0; Win64; x64) AppleWebKit/537.36 (KHTML, like Gecko) Chrome/80.0.3987.132 Safari/537.36',
  'accept-encoding' => 'gzip, deflate',
  'accept-language' => 'zh-CN,zh;q=0.9',
)
[ info ] [ PARAM ] array (
)
[ info ] [ LOG ] INIT File
---------------------------------------------------------------
[ 2020-03-11T17:45:42+08:00 ] 127.0.0.1 POST www.hardphp.com/index.php/admin/user/index
[运行时间：0.143884s] [吞吐率：6.95req/s] [内存消耗：3,456.14kb] [文件加载：80]
[ info ] [ LANG ] D:\phpStudy\PHPTutorial\WWW\hardphp\thinkphp\lang\zh-cn.php
[ info ] [ ROUTE ] array (
  'type' => 'module',
  'module' => 
  array (
    0 => 'admin',
    1 => 'user',
    2 => 'index',
  ),
)
[ info ] [ HEADER ] array (
  'host' => 'www.hardphp.com',
  'connection' => 'keep-alive',
  'content-length' => '113',
  'accept' => 'application/json, text/plain, */*',
  'x-access-token' => 'BDCD902A5B2A29349E8FD3D05ED06E4BMDAwMDAwMDAwML6Mna-FqrqSib2cgMOHoIC7o36CkY6xfLjQzqGGZIXVuGadr4u5um-LunZ_w4efabGmjmWDo3-gu5SsqIhkp6vHZJ3Ynau-moXTqGG4nZSnyX-ohIONk4a7qbtoiIqn18l5armRltSIi6pxpbRiqGrIpYZ6lIB_fsjdwLGXZae3yKGpuoyVtq-ZvpyAxYqfrslqkqGKp6GuuKuofIaHr5fJn2K8m9qhdg',
  'user-agent' => 'Mozilla/5.0 (Windows NT 10.0; Win64; x64) AppleWebKit/537.36 (KHTML, like Gecko) Chrome/80.0.3987.132 Safari/537.36',
  'x-access-appid' => '123456',
  'content-type' => 'application/x-www-form-urlencoded;charset=UTF-8',
  'origin' => 'http://localhost:8080',
  'referer' => 'http://localhost:8080/',
  'accept-encoding' => 'gzip, deflate',
  'accept-language' => 'zh-CN,zh;q=0.9',
)
[ info ] [ PARAM ] array (
  'page' => '1',
  'psize' => '10',
  'id' => '',
  'sort' => '+id',
  'userName' => '',
  'realName' => '',
  'startTime' => '',
  'endTime' => '',
  'signature' => 'cd37ba2321ac45805f4858b3f48b6249',
)
[ info ] [ DB ] INIT mysql
[ info ] [ RUN ] app\admin\controller\User->index[ D:\phpStudy\PHPTutorial\WWW\hardphp\application\admin\controller\User.php ]
[ info ] [ LOG ] INIT File
---------------------------------------------------------------
[ 2020-03-11T17:45:47+08:00 ] 127.0.0.1 OPTIONS www.hardphp.com/index.php/admin/user/getinfo?id=3&signature=4ad264678314d9dc41e5ed8c18b8c82a
[运行时间：0.042201s] [吞吐率：23.70req/s] [内存消耗：2,127.55kb] [文件加载：68]
[ info ] [ LANG ] D:\phpStudy\PHPTutorial\WWW\hardphp\thinkphp\lang\zh-cn.php
[ info ] [ ROUTE ] array (
  'type' => 'module',
  'module' => 
  array (
    0 => 'admin',
    1 => 'user',
    2 => 'getinfo',
  ),
)
[ info ] [ HEADER ] array (
  'host' => 'www.hardphp.com',
  'connection' => 'keep-alive',
  'accept' => '*/*',
  'access-control-request-method' => 'GET',
  'access-control-request-headers' => 'x-access-appid,x-access-token',
  'origin' => 'http://localhost:8080',
  'sec-fetch-mode' => 'cors',
  'referer' => 'http://localhost:8080/',
  'user-agent' => 'Mozilla/5.0 (Windows NT 10.0; Win64; x64) AppleWebKit/537.36 (KHTML, like Gecko) Chrome/80.0.3987.132 Safari/537.36',
  'accept-encoding' => 'gzip, deflate',
  'accept-language' => 'zh-CN,zh;q=0.9',
)
[ info ] [ PARAM ] array (
  'id' => '3',
  'signature' => '4ad264678314d9dc41e5ed8c18b8c82a',
)
[ info ] [ LOG ] INIT File
---------------------------------------------------------------
[ 2020-03-11T17:45:47+08:00 ] 127.0.0.1 GET www.hardphp.com/index.php/admin/user/getinfo?id=3&signature=4ad264678314d9dc41e5ed8c18b8c82a
[运行时间：0.093920s] [吞吐率：10.65req/s] [内存消耗：3,454.79kb] [文件加载：80]
[ info ] [ LANG ] D:\phpStudy\PHPTutorial\WWW\hardphp\thinkphp\lang\zh-cn.php
[ info ] [ ROUTE ] array (
  'type' => 'module',
  'module' => 
  array (
    0 => 'admin',
    1 => 'user',
    2 => 'getinfo',
  ),
)
[ info ] [ HEADER ] array (
  'host' => 'www.hardphp.com',
  'connection' => 'keep-alive',
  'accept' => 'application/json, text/plain, */*',
  'x-access-token' => 'BDCD902A5B2A29349E8FD3D05ED06E4BMDAwMDAwMDAwML6Mna-FqrqSib2cgMOHoIC7o36CkY6xfLjQzqGGZIXVuGadr4u5um-LunZ_w4efabGmjmWDo3-gu5SsqIhkp6vHZJ3Ynau-moXTqGG4nZSnyX-ohIONk4a7qbtoiIqn18l5armRltSIi6pxpbRiqGrIpYZ6lIB_fsjdwLGXZae3yKGpuoyVtq-ZvpyAxYqfrslqkqGKp6GuuKuofIaHr5fJn2K8m9qhdg',
  'user-agent' => 'Mozilla/5.0 (Windows NT 10.0; Win64; x64) AppleWebKit/537.36 (KHTML, like Gecko) Chrome/80.0.3987.132 Safari/537.36',
  'x-access-appid' => '123456',
  'origin' => 'http://localhost:8080',
  'referer' => 'http://localhost:8080/',
  'accept-encoding' => 'gzip, deflate',
  'accept-language' => 'zh-CN,zh;q=0.9',
)
[ info ] [ PARAM ] array (
  'id' => '3',
  'signature' => '4ad264678314d9dc41e5ed8c18b8c82a',
)
[ info ] [ DB ] INIT mysql
[ info ] [ RUN ] app\admin\controller\User->getinfo[ D:\phpStudy\PHPTutorial\WWW\hardphp\application\admin\controller\User.php ]
[ info ] [ LOG ] INIT File
---------------------------------------------------------------
[ 2020-03-11T17:45:59+08:00 ] 127.0.0.1 OPTIONS www.hardphp.com/index.php/api/login/index2
[运行时间：0.041182s] [吞吐率：24.28req/s] [内存消耗：2,100.23kb] [文件加载：67]
[ info ] [ LANG ] D:\phpStudy\PHPTutorial\WWW\hardphp\thinkphp\lang\zh-cn.php
[ info ] [ ROUTE ] array (
  'type' => 'module',
  'module' => 
  array (
    0 => 'api',
    1 => 'login',
    2 => 'index2',
  ),
)
[ info ] [ HEADER ] array (
  'host' => 'www.hardphp.com',
  'connection' => 'keep-alive',
  'accept' => '*/*',
  'access-control-request-method' => 'POST',
  'access-control-request-headers' => 'x-access-appid',
  'origin' => 'http://localhost:8081',
  'sec-fetch-mode' => 'cors',
  'referer' => 'http://localhost:8081/',
  'user-agent' => 'Mozilla/5.0 (Windows NT 10.0; Win64; x64) AppleWebKit/537.36 (KHTML, like Gecko) Chrome/80.0.3987.132 Safari/537.36',
  'accept-encoding' => 'gzip, deflate',
  'accept-language' => 'zh-CN,zh;q=0.9',
)
[ info ] [ PARAM ] array (
)
[ info ] [ LOG ] INIT File
---------------------------------------------------------------
[ 2020-03-11T17:45:59+08:00 ] 127.0.0.1 POST www.hardphp.com/index.php/api/login/index2
[运行时间：0.089818s] [吞吐率：11.13req/s] [内存消耗：3,344.55kb] [文件加载：79]
[ info ] [ LANG ] D:\phpStudy\PHPTutorial\WWW\hardphp\thinkphp\lang\zh-cn.php
[ info ] [ ROUTE ] array (
  'type' => 'module',
  'module' => 
  array (
    0 => 'api',
    1 => 'login',
    2 => 'index2',
  ),
)
[ info ] [ HEADER ] array (
  'host' => 'www.hardphp.com',
  'connection' => 'keep-alive',
  'content-length' => '76',
  'user-agent' => 'Mozilla/5.0 (iPhone; CPU iPhone OS 13_2_3 like Mac OS X) AppleWebKit/605.1.15 (KHTML, like Gecko) Version/13.0.3 Mobile/15E148 Safari/604.1',
  'x-access-appid' => '123456',
  'content-type' => 'application/x-www-form-urlencoded;charset=UTF-8',
  'accept' => '*/*',
  'origin' => 'http://localhost:8081',
  'referer' => 'http://localhost:8081/',
  'accept-encoding' => 'gzip, deflate',
  'accept-language' => 'zh-CN,zh;q=0.9',
)
[ info ] [ PARAM ] array (
  'userName' => 'nameuser',
  'password' => '123456',
  'signature' => '91de0e08c07b4a078bb56c792e91cc16',
)
[ info ] [ DB ] INIT mysql
[ info ] [ RUN ] app\api\controller\Login->index2[ D:\phpStudy\PHPTutorial\WWW\hardphp\application\api\controller\Login.php ]
[ info ] [ LOG ] INIT File
---------------------------------------------------------------
[ 2020-03-11T17:46:07+08:00 ] 127.0.0.1 OPTIONS www.hardphp.com/index.php/api/login/index2
[运行时间：0.034509s] [吞吐率：28.98req/s] [内存消耗：2,100.23kb] [文件加载：67]
[ info ] [ LANG ] D:\phpStudy\PHPTutorial\WWW\hardphp\thinkphp\lang\zh-cn.php
[ info ] [ ROUTE ] array (
  'type' => 'module',
  'module' => 
  array (
    0 => 'api',
    1 => 'login',
    2 => 'index2',
  ),
)
[ info ] [ HEADER ] array (
  'host' => 'www.hardphp.com',
  'connection' => 'keep-alive',
  'accept' => '*/*',
  'access-control-request-method' => 'POST',
  'access-control-request-headers' => 'x-access-appid',
  'origin' => 'http://localhost:8081',
  'sec-fetch-mode' => 'cors',
  'referer' => 'http://localhost:8081/',
  'user-agent' => 'Mozilla/5.0 (Windows NT 10.0; Win64; x64) AppleWebKit/537.36 (KHTML, like Gecko) Chrome/80.0.3987.132 Safari/537.36',
  'accept-encoding' => 'gzip, deflate',
  'accept-language' => 'zh-CN,zh;q=0.9',
)
[ info ] [ PARAM ] array (
)
[ info ] [ LOG ] INIT File
---------------------------------------------------------------
[ 2020-03-11T17:46:07+08:00 ] 127.0.0.1 POST www.hardphp.com/index.php/api/login/index2
[运行时间：0.121688s] [吞吐率：8.22req/s] [内存消耗：3,413.93kb] [文件加载：81]
[ info ] [ LANG ] D:\phpStudy\PHPTutorial\WWW\hardphp\thinkphp\lang\zh-cn.php
[ info ] [ ROUTE ] array (
  'type' => 'module',
  'module' => 
  array (
    0 => 'api',
    1 => 'login',
    2 => 'index2',
  ),
)
[ info ] [ HEADER ] array (
  'host' => 'www.hardphp.com',
  'connection' => 'keep-alive',
  'content-length' => '76',
  'user-agent' => 'Mozilla/5.0 (iPhone; CPU iPhone OS 13_2_3 like Mac OS X) AppleWebKit/605.1.15 (KHTML, like Gecko) Version/13.0.3 Mobile/15E148 Safari/604.1',
  'x-access-appid' => '123456',
  'content-type' => 'application/x-www-form-urlencoded;charset=UTF-8',
  'accept' => '*/*',
  'origin' => 'http://localhost:8081',
  'referer' => 'http://localhost:8081/',
  'accept-encoding' => 'gzip, deflate',
  'accept-language' => 'zh-CN,zh;q=0.9',
)
[ info ] [ PARAM ] array (
  'userName' => 'nameuser',
  'password' => '111111',
  'signature' => '76d7c7d0d1c2681bf7772504862dde27',
)
[ info ] [ DB ] INIT mysql
[ info ] [ RUN ] app\api\controller\Login->index2[ D:\phpStudy\PHPTutorial\WWW\hardphp\application\api\controller\Login.php ]
[ info ] [ CACHE ] INIT File
[ info ] [ LOG ] INIT File
