---------------------------------------------------------------
[ 2021-01-01T23:59:41+08:00 ] 127.0.0.1 POST www.hardphp.com/index.php/admin/index/refesh
[运行时间：0.083195s] [吞吐率：12.02req/s] [内存消耗：2,433.93kb] [文件加载：74]
[ info ] [ LANG ] D:\phpStudy\PHPTutorial\WWW\hardphp\thinkphp\lang\zh-cn.php
[ info ] [ ROUTE ] array (
  'type' => 'module',
  'module' => 
  array (
    0 => 'admin',
    1 => 'index',
    2 => 'refesh',
  ),
)
[ info ] [ HEADER ] array (
  'accept-language' => 'zh-CN,zh;q=0.9',
  'accept-encoding' => 'gzip, deflate',
  'referer' => 'http://localhost:8181/',
  'origin' => 'http://localhost:8181',
  'accept' => '*/*',
  'content-type' => 'application/x-www-form-urlencoded;charset=UTF-8',
  'x-access-appid' => '123456',
  'user-agent' => 'Mozilla/5.0 (Windows NT 10.0; Win64; x64) AppleWebKit/537.36 (KHTML, like Gecko) Chrome/87.0.4280.88 Safari/537.36',
  'x-access-token' => '6D2D52D8CC508473D5D9BA45C21D2749MDAwMDAwMDAwML6Mna-FqrqSib2cgMOHoIC7o36CkY6xfLjQzqGGZIXVuGadr4u5um-LunZ_w4efabGmjmWDo3-gu5SsqIhkp6vHZJ3Ynau-moXTqGG4nZSnyX-ohIONk4a7qdJriGOJu8hkZqmPu8yIi6pxpbV2iqu3p4apkY6Sacm5qKCXipvSuYiYloa7rm6crpyYw6x2hraOnJ18kG6ku7vRsYego7a1nnPajLShdg',
  'content-length' => '47',
  'connection' => 'close',
  'host' => 'www.hardphp.com',
)
[ info ] [ PARAM ] array (
  'id' => '1',
  'signature' => '87495664d26339aacda755a9e6f857bb',
)
[ info ] [ DB ] INIT mysql
[ info ] [ LOG ] INIT File
---------------------------------------------------------------
[ 2021-01-01T23:59:42+08:00 ] 127.0.0.1 POST www.hardphp.com/index.php/admin/index/refesh
[运行时间：0.069205s] [吞吐率：14.45req/s] [内存消耗：2,434.00kb] [文件加载：74]
[ info ] [ LANG ] D:\phpStudy\PHPTutorial\WWW\hardphp\thinkphp\lang\zh-cn.php
[ info ] [ ROUTE ] array (
  'type' => 'module',
  'module' => 
  array (
    0 => 'admin',
    1 => 'index',
    2 => 'refesh',
  ),
)
[ info ] [ HEADER ] array (
  'accept-language' => 'zh-CN,zh;q=0.9',
  'accept-encoding' => 'gzip, deflate',
  'referer' => 'http://localhost:8181/',
  'origin' => 'http://localhost:8181',
  'accept' => '*/*',
  'content-type' => 'application/x-www-form-urlencoded;charset=UTF-8',
  'x-access-appid' => '123456',
  'user-agent' => 'Mozilla/5.0 (Windows NT 10.0; Win64; x64) AppleWebKit/537.36 (KHTML, like Gecko) Chrome/87.0.4280.88 Safari/537.36',
  'x-access-token' => '6D2D52D8CC508473D5D9BA45C21D2749MDAwMDAwMDAwML6Mna-FqrqSib2cgMOHoIC7o36CkY6xfLjQzqGGZIXVuGadr4u5um-LunZ_w4efabGmjmWDo3-gu5SsqIhkp6vHZJ3Ynau-moXTqGG4nZSnyX-ohIONk4a7qdJriGOJu8hkZqmPu8yIi6pxpbV2iqu3p4apkY6Sacm5qKCXipvSuYiYloa7rm6crpyYw6x2hraOnJ18kG6ku7vRsYego7a1nnPajLShdg',
  'content-length' => '47',
  'connection' => 'close',
  'host' => 'www.hardphp.com',
)
[ info ] [ PARAM ] array (
  'id' => '1',
  'signature' => '87495664d26339aacda755a9e6f857bb',
)
[ info ] [ DB ] INIT mysql
[ info ] [ LOG ] INIT File
---------------------------------------------------------------
[ 2021-01-01T23:59:43+08:00 ] 127.0.0.1 OPTIONS www.hardphp.com/index.php/admin/index/refesh
[运行时间：0.037559s] [吞吐率：26.62req/s] [内存消耗：1,741.10kb] [文件加载：65]
[ info ] [ LANG ] D:\phpStudy\PHPTutorial\WWW\hardphp\thinkphp\lang\zh-cn.php
[ info ] [ ROUTE ] array (
  'type' => 'module',
  'module' => 
  array (
    0 => 'admin',
    1 => 'index',
    2 => 'refesh',
  ),
)
[ info ] [ HEADER ] array (
  'accept-language' => 'zh-CN,zh;q=0.9',
  'accept-encoding' => 'gzip, deflate',
  'referer' => 'http://localhost:8181/',
  'sec-fetch-mode' => 'cors',
  'user-agent' => 'Mozilla/5.0 (Windows NT 10.0; Win64; x64) AppleWebKit/537.36 (KHTML, like Gecko) Chrome/87.0.4280.88 Safari/537.36',
  'origin' => 'http://localhost:8181',
  'access-control-request-headers' => 'x-access-appid,x-access-token',
  'access-control-request-method' => 'POST',
  'accept' => '*/*',
  'connection' => 'close',
  'host' => 'www.hardphp.com',
)
[ info ] [ PARAM ] array (
)
[ info ] [ LOG ] INIT File
---------------------------------------------------------------
[ 2021-01-01T23:59:43+08:00 ] 127.0.0.1 POST www.hardphp.com/index.php/admin/index/refesh
[运行时间：0.073210s] [吞吐率：13.66req/s] [内存消耗：2,434.00kb] [文件加载：74]
[ info ] [ LANG ] D:\phpStudy\PHPTutorial\WWW\hardphp\thinkphp\lang\zh-cn.php
[ info ] [ ROUTE ] array (
  'type' => 'module',
  'module' => 
  array (
    0 => 'admin',
    1 => 'index',
    2 => 'refesh',
  ),
)
[ info ] [ HEADER ] array (
  'accept-language' => 'zh-CN,zh;q=0.9',
  'accept-encoding' => 'gzip, deflate',
  'referer' => 'http://localhost:8181/',
  'origin' => 'http://localhost:8181',
  'accept' => '*/*',
  'content-type' => 'application/x-www-form-urlencoded;charset=UTF-8',
  'x-access-appid' => '123456',
  'user-agent' => 'Mozilla/5.0 (Windows NT 10.0; Win64; x64) AppleWebKit/537.36 (KHTML, like Gecko) Chrome/87.0.4280.88 Safari/537.36',
  'x-access-token' => '6D2D52D8CC508473D5D9BA45C21D2749MDAwMDAwMDAwML6Mna-FqrqSib2cgMOHoIC7o36CkY6xfLjQzqGGZIXVuGadr4u5um-LunZ_w4efabGmjmWDo3-gu5SsqIhkp6vHZJ3Ynau-moXTqGG4nZSnyX-ohIONk4a7qdJriGOJu8hkZqmPu8yIi6pxpbV2iqu3p4apkY6Sacm5qKCXipvSuYiYloa7rm6crpyYw6x2hraOnJ18kG6ku7vRsYego7a1nnPajLShdg',
  'content-length' => '47',
  'connection' => 'close',
  'host' => 'www.hardphp.com',
)
[ info ] [ PARAM ] array (
  'id' => '1',
  'signature' => '87495664d26339aacda755a9e6f857bb',
)
[ info ] [ DB ] INIT mysql
[ info ] [ LOG ] INIT File
---------------------------------------------------------------
[ 2021-01-01T23:59:44+08:00 ] 127.0.0.1 POST www.hardphp.com/index.php/admin/index/refesh
[运行时间：0.068873s] [吞吐率：14.52req/s] [内存消耗：2,434.00kb] [文件加载：74]
[ info ] [ LANG ] D:\phpStudy\PHPTutorial\WWW\hardphp\thinkphp\lang\zh-cn.php
[ info ] [ ROUTE ] array (
  'type' => 'module',
  'module' => 
  array (
    0 => 'admin',
    1 => 'index',
    2 => 'refesh',
  ),
)
[ info ] [ HEADER ] array (
  'accept-language' => 'zh-CN,zh;q=0.9',
  'accept-encoding' => 'gzip, deflate',
  'referer' => 'http://localhost:8181/',
  'origin' => 'http://localhost:8181',
  'accept' => '*/*',
  'content-type' => 'application/x-www-form-urlencoded;charset=UTF-8',
  'x-access-appid' => '123456',
  'user-agent' => 'Mozilla/5.0 (Windows NT 10.0; Win64; x64) AppleWebKit/537.36 (KHTML, like Gecko) Chrome/87.0.4280.88 Safari/537.36',
  'x-access-token' => '6D2D52D8CC508473D5D9BA45C21D2749MDAwMDAwMDAwML6Mna-FqrqSib2cgMOHoIC7o36CkY6xfLjQzqGGZIXVuGadr4u5um-LunZ_w4efabGmjmWDo3-gu5SsqIhkp6vHZJ3Ynau-moXTqGG4nZSnyX-ohIONk4a7qdJriGOJu8hkZqmPu8yIi6pxpbV2iqu3p4apkY6Sacm5qKCXipvSuYiYloa7rm6crpyYw6x2hraOnJ18kG6ku7vRsYego7a1nnPajLShdg',
  'content-length' => '47',
  'connection' => 'close',
  'host' => 'www.hardphp.com',
)
[ info ] [ PARAM ] array (
  'id' => '1',
  'signature' => '87495664d26339aacda755a9e6f857bb',
)
[ info ] [ DB ] INIT mysql
[ info ] [ LOG ] INIT File
---------------------------------------------------------------
[ 2021-01-01T23:59:45+08:00 ] 127.0.0.1 POST www.hardphp.com/index.php/admin/index/refesh
[运行时间：0.062624s] [吞吐率：15.97req/s] [内存消耗：2,434.00kb] [文件加载：74]
[ info ] [ LANG ] D:\phpStudy\PHPTutorial\WWW\hardphp\thinkphp\lang\zh-cn.php
[ info ] [ ROUTE ] array (
  'type' => 'module',
  'module' => 
  array (
    0 => 'admin',
    1 => 'index',
    2 => 'refesh',
  ),
)
[ info ] [ HEADER ] array (
  'accept-language' => 'zh-CN,zh;q=0.9',
  'accept-encoding' => 'gzip, deflate',
  'referer' => 'http://localhost:8181/',
  'origin' => 'http://localhost:8181',
  'accept' => '*/*',
  'content-type' => 'application/x-www-form-urlencoded;charset=UTF-8',
  'x-access-appid' => '123456',
  'user-agent' => 'Mozilla/5.0 (Windows NT 10.0; Win64; x64) AppleWebKit/537.36 (KHTML, like Gecko) Chrome/87.0.4280.88 Safari/537.36',
  'x-access-token' => '6D2D52D8CC508473D5D9BA45C21D2749MDAwMDAwMDAwML6Mna-FqrqSib2cgMOHoIC7o36CkY6xfLjQzqGGZIXVuGadr4u5um-LunZ_w4efabGmjmWDo3-gu5SsqIhkp6vHZJ3Ynau-moXTqGG4nZSnyX-ohIONk4a7qdJriGOJu8hkZqmPu8yIi6pxpbV2iqu3p4apkY6Sacm5qKCXipvSuYiYloa7rm6crpyYw6x2hraOnJ18kG6ku7vRsYego7a1nnPajLShdg',
  'content-length' => '47',
  'connection' => 'close',
  'host' => 'www.hardphp.com',
)
[ info ] [ PARAM ] array (
  'id' => '1',
  'signature' => '87495664d26339aacda755a9e6f857bb',
)
[ info ] [ DB ] INIT mysql
[ info ] [ LOG ] INIT File
---------------------------------------------------------------
[ 2021-01-01T23:59:46+08:00 ] 127.0.0.1 POST www.hardphp.com/index.php/admin/index/refesh
[运行时间：0.071996s] [吞吐率：13.89req/s] [内存消耗：2,434.00kb] [文件加载：74]
[ info ] [ LANG ] D:\phpStudy\PHPTutorial\WWW\hardphp\thinkphp\lang\zh-cn.php
[ info ] [ ROUTE ] array (
  'type' => 'module',
  'module' => 
  array (
    0 => 'admin',
    1 => 'index',
    2 => 'refesh',
  ),
)
[ info ] [ HEADER ] array (
  'accept-language' => 'zh-CN,zh;q=0.9',
  'accept-encoding' => 'gzip, deflate',
  'referer' => 'http://localhost:8181/',
  'origin' => 'http://localhost:8181',
  'accept' => '*/*',
  'content-type' => 'application/x-www-form-urlencoded;charset=UTF-8',
  'x-access-appid' => '123456',
  'user-agent' => 'Mozilla/5.0 (Windows NT 10.0; Win64; x64) AppleWebKit/537.36 (KHTML, like Gecko) Chrome/87.0.4280.88 Safari/537.36',
  'x-access-token' => '6D2D52D8CC508473D5D9BA45C21D2749MDAwMDAwMDAwML6Mna-FqrqSib2cgMOHoIC7o36CkY6xfLjQzqGGZIXVuGadr4u5um-LunZ_w4efabGmjmWDo3-gu5SsqIhkp6vHZJ3Ynau-moXTqGG4nZSnyX-ohIONk4a7qdJriGOJu8hkZqmPu8yIi6pxpbV2iqu3p4apkY6Sacm5qKCXipvSuYiYloa7rm6crpyYw6x2hraOnJ18kG6ku7vRsYego7a1nnPajLShdg',
  'content-length' => '47',
  'connection' => 'close',
  'host' => 'www.hardphp.com',
)
[ info ] [ PARAM ] array (
  'id' => '1',
  'signature' => '87495664d26339aacda755a9e6f857bb',
)
[ info ] [ DB ] INIT mysql
[ info ] [ LOG ] INIT File
---------------------------------------------------------------
[ 2021-01-01T23:59:47+08:00 ] 127.0.0.1 POST www.hardphp.com/index.php/admin/index/refesh
[运行时间：0.075343s] [吞吐率：13.27req/s] [内存消耗：2,434.00kb] [文件加载：74]
[ info ] [ LANG ] D:\phpStudy\PHPTutorial\WWW\hardphp\thinkphp\lang\zh-cn.php
[ info ] [ ROUTE ] array (
  'type' => 'module',
  'module' => 
  array (
    0 => 'admin',
    1 => 'index',
    2 => 'refesh',
  ),
)
[ info ] [ HEADER ] array (
  'accept-language' => 'zh-CN,zh;q=0.9',
  'accept-encoding' => 'gzip, deflate',
  'referer' => 'http://localhost:8181/',
  'origin' => 'http://localhost:8181',
  'accept' => '*/*',
  'content-type' => 'application/x-www-form-urlencoded;charset=UTF-8',
  'x-access-appid' => '123456',
  'user-agent' => 'Mozilla/5.0 (Windows NT 10.0; Win64; x64) AppleWebKit/537.36 (KHTML, like Gecko) Chrome/87.0.4280.88 Safari/537.36',
  'x-access-token' => '6D2D52D8CC508473D5D9BA45C21D2749MDAwMDAwMDAwML6Mna-FqrqSib2cgMOHoIC7o36CkY6xfLjQzqGGZIXVuGadr4u5um-LunZ_w4efabGmjmWDo3-gu5SsqIhkp6vHZJ3Ynau-moXTqGG4nZSnyX-ohIONk4a7qdJriGOJu8hkZqmPu8yIi6pxpbV2iqu3p4apkY6Sacm5qKCXipvSuYiYloa7rm6crpyYw6x2hraOnJ18kG6ku7vRsYego7a1nnPajLShdg',
  'content-length' => '47',
  'connection' => 'close',
  'host' => 'www.hardphp.com',
)
[ info ] [ PARAM ] array (
  'id' => '1',
  'signature' => '87495664d26339aacda755a9e6f857bb',
)
[ info ] [ DB ] INIT mysql
[ info ] [ LOG ] INIT File
---------------------------------------------------------------
[ 2021-01-01T23:59:48+08:00 ] 127.0.0.1 POST www.hardphp.com/index.php/admin/index/refesh
[运行时间：0.074290s] [吞吐率：13.46req/s] [内存消耗：2,434.00kb] [文件加载：74]
[ info ] [ LANG ] D:\phpStudy\PHPTutorial\WWW\hardphp\thinkphp\lang\zh-cn.php
[ info ] [ ROUTE ] array (
  'type' => 'module',
  'module' => 
  array (
    0 => 'admin',
    1 => 'index',
    2 => 'refesh',
  ),
)
[ info ] [ HEADER ] array (
  'accept-language' => 'zh-CN,zh;q=0.9',
  'accept-encoding' => 'gzip, deflate',
  'referer' => 'http://localhost:8181/',
  'origin' => 'http://localhost:8181',
  'accept' => '*/*',
  'content-type' => 'application/x-www-form-urlencoded;charset=UTF-8',
  'x-access-appid' => '123456',
  'user-agent' => 'Mozilla/5.0 (Windows NT 10.0; Win64; x64) AppleWebKit/537.36 (KHTML, like Gecko) Chrome/87.0.4280.88 Safari/537.36',
  'x-access-token' => '6D2D52D8CC508473D5D9BA45C21D2749MDAwMDAwMDAwML6Mna-FqrqSib2cgMOHoIC7o36CkY6xfLjQzqGGZIXVuGadr4u5um-LunZ_w4efabGmjmWDo3-gu5SsqIhkp6vHZJ3Ynau-moXTqGG4nZSnyX-ohIONk4a7qdJriGOJu8hkZqmPu8yIi6pxpbV2iqu3p4apkY6Sacm5qKCXipvSuYiYloa7rm6crpyYw6x2hraOnJ18kG6ku7vRsYego7a1nnPajLShdg',
  'content-length' => '47',
  'connection' => 'close',
  'host' => 'www.hardphp.com',
)
[ info ] [ PARAM ] array (
  'id' => '1',
  'signature' => '87495664d26339aacda755a9e6f857bb',
)
[ info ] [ DB ] INIT mysql
[ info ] [ LOG ] INIT File
---------------------------------------------------------------
[ 2021-01-01T23:59:49+08:00 ] 127.0.0.1 OPTIONS www.hardphp.com/index.php/admin/index/refesh
[运行时间：0.036592s] [吞吐率：27.33req/s] [内存消耗：1,741.10kb] [文件加载：65]
[ info ] [ LANG ] D:\phpStudy\PHPTutorial\WWW\hardphp\thinkphp\lang\zh-cn.php
[ info ] [ ROUTE ] array (
  'type' => 'module',
  'module' => 
  array (
    0 => 'admin',
    1 => 'index',
    2 => 'refesh',
  ),
)
[ info ] [ HEADER ] array (
  'accept-language' => 'zh-CN,zh;q=0.9',
  'accept-encoding' => 'gzip, deflate',
  'referer' => 'http://localhost:8181/',
  'sec-fetch-mode' => 'cors',
  'user-agent' => 'Mozilla/5.0 (Windows NT 10.0; Win64; x64) AppleWebKit/537.36 (KHTML, like Gecko) Chrome/87.0.4280.88 Safari/537.36',
  'origin' => 'http://localhost:8181',
  'access-control-request-headers' => 'x-access-appid,x-access-token',
  'access-control-request-method' => 'POST',
  'accept' => '*/*',
  'connection' => 'close',
  'host' => 'www.hardphp.com',
)
[ info ] [ PARAM ] array (
)
[ info ] [ LOG ] INIT File
---------------------------------------------------------------
[ 2021-01-01T23:59:49+08:00 ] 127.0.0.1 POST www.hardphp.com/index.php/admin/index/refesh
[运行时间：0.073520s] [吞吐率：13.60req/s] [内存消耗：2,434.00kb] [文件加载：74]
[ info ] [ LANG ] D:\phpStudy\PHPTutorial\WWW\hardphp\thinkphp\lang\zh-cn.php
[ info ] [ ROUTE ] array (
  'type' => 'module',
  'module' => 
  array (
    0 => 'admin',
    1 => 'index',
    2 => 'refesh',
  ),
)
[ info ] [ HEADER ] array (
  'accept-language' => 'zh-CN,zh;q=0.9',
  'accept-encoding' => 'gzip, deflate',
  'referer' => 'http://localhost:8181/',
  'origin' => 'http://localhost:8181',
  'accept' => '*/*',
  'content-type' => 'application/x-www-form-urlencoded;charset=UTF-8',
  'x-access-appid' => '123456',
  'user-agent' => 'Mozilla/5.0 (Windows NT 10.0; Win64; x64) AppleWebKit/537.36 (KHTML, like Gecko) Chrome/87.0.4280.88 Safari/537.36',
  'x-access-token' => '6D2D52D8CC508473D5D9BA45C21D2749MDAwMDAwMDAwML6Mna-FqrqSib2cgMOHoIC7o36CkY6xfLjQzqGGZIXVuGadr4u5um-LunZ_w4efabGmjmWDo3-gu5SsqIhkp6vHZJ3Ynau-moXTqGG4nZSnyX-ohIONk4a7qdJriGOJu8hkZqmPu8yIi6pxpbV2iqu3p4apkY6Sacm5qKCXipvSuYiYloa7rm6crpyYw6x2hraOnJ18kG6ku7vRsYego7a1nnPajLShdg',
  'content-length' => '47',
  'connection' => 'close',
  'host' => 'www.hardphp.com',
)
[ info ] [ PARAM ] array (
  'id' => '1',
  'signature' => '87495664d26339aacda755a9e6f857bb',
)
[ info ] [ DB ] INIT mysql
[ info ] [ LOG ] INIT File
---------------------------------------------------------------
[ 2021-01-01T23:59:50+08:00 ] 127.0.0.1 POST www.hardphp.com/index.php/admin/index/refesh
[运行时间：0.077170s] [吞吐率：12.96req/s] [内存消耗：2,434.00kb] [文件加载：74]
[ info ] [ LANG ] D:\phpStudy\PHPTutorial\WWW\hardphp\thinkphp\lang\zh-cn.php
[ info ] [ ROUTE ] array (
  'type' => 'module',
  'module' => 
  array (
    0 => 'admin',
    1 => 'index',
    2 => 'refesh',
  ),
)
[ info ] [ HEADER ] array (
  'accept-language' => 'zh-CN,zh;q=0.9',
  'accept-encoding' => 'gzip, deflate',
  'referer' => 'http://localhost:8181/',
  'origin' => 'http://localhost:8181',
  'accept' => '*/*',
  'content-type' => 'application/x-www-form-urlencoded;charset=UTF-8',
  'x-access-appid' => '123456',
  'user-agent' => 'Mozilla/5.0 (Windows NT 10.0; Win64; x64) AppleWebKit/537.36 (KHTML, like Gecko) Chrome/87.0.4280.88 Safari/537.36',
  'x-access-token' => '6D2D52D8CC508473D5D9BA45C21D2749MDAwMDAwMDAwML6Mna-FqrqSib2cgMOHoIC7o36CkY6xfLjQzqGGZIXVuGadr4u5um-LunZ_w4efabGmjmWDo3-gu5SsqIhkp6vHZJ3Ynau-moXTqGG4nZSnyX-ohIONk4a7qdJriGOJu8hkZqmPu8yIi6pxpbV2iqu3p4apkY6Sacm5qKCXipvSuYiYloa7rm6crpyYw6x2hraOnJ18kG6ku7vRsYego7a1nnPajLShdg',
  'content-length' => '47',
  'connection' => 'close',
  'host' => 'www.hardphp.com',
)
[ info ] [ PARAM ] array (
  'id' => '1',
  'signature' => '87495664d26339aacda755a9e6f857bb',
)
[ info ] [ DB ] INIT mysql
[ info ] [ LOG ] INIT File
---------------------------------------------------------------
[ 2021-01-01T23:59:51+08:00 ] 127.0.0.1 POST www.hardphp.com/index.php/admin/index/refesh
[运行时间：0.066399s] [吞吐率：15.06req/s] [内存消耗：2,434.00kb] [文件加载：74]
[ info ] [ LANG ] D:\phpStudy\PHPTutorial\WWW\hardphp\thinkphp\lang\zh-cn.php
[ info ] [ ROUTE ] array (
  'type' => 'module',
  'module' => 
  array (
    0 => 'admin',
    1 => 'index',
    2 => 'refesh',
  ),
)
[ info ] [ HEADER ] array (
  'accept-language' => 'zh-CN,zh;q=0.9',
  'accept-encoding' => 'gzip, deflate',
  'referer' => 'http://localhost:8181/',
  'origin' => 'http://localhost:8181',
  'accept' => '*/*',
  'content-type' => 'application/x-www-form-urlencoded;charset=UTF-8',
  'x-access-appid' => '123456',
  'user-agent' => 'Mozilla/5.0 (Windows NT 10.0; Win64; x64) AppleWebKit/537.36 (KHTML, like Gecko) Chrome/87.0.4280.88 Safari/537.36',
  'x-access-token' => '6D2D52D8CC508473D5D9BA45C21D2749MDAwMDAwMDAwML6Mna-FqrqSib2cgMOHoIC7o36CkY6xfLjQzqGGZIXVuGadr4u5um-LunZ_w4efabGmjmWDo3-gu5SsqIhkp6vHZJ3Ynau-moXTqGG4nZSnyX-ohIONk4a7qdJriGOJu8hkZqmPu8yIi6pxpbV2iqu3p4apkY6Sacm5qKCXipvSuYiYloa7rm6crpyYw6x2hraOnJ18kG6ku7vRsYego7a1nnPajLShdg',
  'content-length' => '47',
  'connection' => 'close',
  'host' => 'www.hardphp.com',
)
[ info ] [ PARAM ] array (
  'id' => '1',
  'signature' => '87495664d26339aacda755a9e6f857bb',
)
[ info ] [ DB ] INIT mysql
[ info ] [ LOG ] INIT File
---------------------------------------------------------------
[ 2021-01-01T23:59:52+08:00 ] 127.0.0.1 POST www.hardphp.com/index.php/admin/index/refesh
[运行时间：0.073449s] [吞吐率：13.61req/s] [内存消耗：2,434.00kb] [文件加载：74]
[ info ] [ LANG ] D:\phpStudy\PHPTutorial\WWW\hardphp\thinkphp\lang\zh-cn.php
[ info ] [ ROUTE ] array (
  'type' => 'module',
  'module' => 
  array (
    0 => 'admin',
    1 => 'index',
    2 => 'refesh',
  ),
)
[ info ] [ HEADER ] array (
  'accept-language' => 'zh-CN,zh;q=0.9',
  'accept-encoding' => 'gzip, deflate',
  'referer' => 'http://localhost:8181/',
  'origin' => 'http://localhost:8181',
  'accept' => '*/*',
  'content-type' => 'application/x-www-form-urlencoded;charset=UTF-8',
  'x-access-appid' => '123456',
  'user-agent' => 'Mozilla/5.0 (Windows NT 10.0; Win64; x64) AppleWebKit/537.36 (KHTML, like Gecko) Chrome/87.0.4280.88 Safari/537.36',
  'x-access-token' => '6D2D52D8CC508473D5D9BA45C21D2749MDAwMDAwMDAwML6Mna-FqrqSib2cgMOHoIC7o36CkY6xfLjQzqGGZIXVuGadr4u5um-LunZ_w4efabGmjmWDo3-gu5SsqIhkp6vHZJ3Ynau-moXTqGG4nZSnyX-ohIONk4a7qdJriGOJu8hkZqmPu8yIi6pxpbV2iqu3p4apkY6Sacm5qKCXipvSuYiYloa7rm6crpyYw6x2hraOnJ18kG6ku7vRsYego7a1nnPajLShdg',
  'content-length' => '47',
  'connection' => 'close',
  'host' => 'www.hardphp.com',
)
[ info ] [ PARAM ] array (
  'id' => '1',
  'signature' => '87495664d26339aacda755a9e6f857bb',
)
[ info ] [ DB ] INIT mysql
[ info ] [ LOG ] INIT File
---------------------------------------------------------------
[ 2021-01-01T23:59:53+08:00 ] 127.0.0.1 POST www.hardphp.com/index.php/admin/index/refesh
[运行时间：0.073857s] [吞吐率：13.54req/s] [内存消耗：2,434.00kb] [文件加载：74]
[ info ] [ LANG ] D:\phpStudy\PHPTutorial\WWW\hardphp\thinkphp\lang\zh-cn.php
[ info ] [ ROUTE ] array (
  'type' => 'module',
  'module' => 
  array (
    0 => 'admin',
    1 => 'index',
    2 => 'refesh',
  ),
)
[ info ] [ HEADER ] array (
  'accept-language' => 'zh-CN,zh;q=0.9',
  'accept-encoding' => 'gzip, deflate',
  'referer' => 'http://localhost:8181/',
  'origin' => 'http://localhost:8181',
  'accept' => '*/*',
  'content-type' => 'application/x-www-form-urlencoded;charset=UTF-8',
  'x-access-appid' => '123456',
  'user-agent' => 'Mozilla/5.0 (Windows NT 10.0; Win64; x64) AppleWebKit/537.36 (KHTML, like Gecko) Chrome/87.0.4280.88 Safari/537.36',
  'x-access-token' => '6D2D52D8CC508473D5D9BA45C21D2749MDAwMDAwMDAwML6Mna-FqrqSib2cgMOHoIC7o36CkY6xfLjQzqGGZIXVuGadr4u5um-LunZ_w4efabGmjmWDo3-gu5SsqIhkp6vHZJ3Ynau-moXTqGG4nZSnyX-ohIONk4a7qdJriGOJu8hkZqmPu8yIi6pxpbV2iqu3p4apkY6Sacm5qKCXipvSuYiYloa7rm6crpyYw6x2hraOnJ18kG6ku7vRsYego7a1nnPajLShdg',
  'content-length' => '47',
  'connection' => 'close',
  'host' => 'www.hardphp.com',
)
[ info ] [ PARAM ] array (
  'id' => '1',
  'signature' => '87495664d26339aacda755a9e6f857bb',
)
[ info ] [ DB ] INIT mysql
[ info ] [ LOG ] INIT File
---------------------------------------------------------------
[ 2021-01-01T23:59:54+08:00 ] 127.0.0.1 POST www.hardphp.com/index.php/admin/index/refesh
[运行时间：0.075509s] [吞吐率：13.24req/s] [内存消耗：2,434.00kb] [文件加载：74]
[ info ] [ LANG ] D:\phpStudy\PHPTutorial\WWW\hardphp\thinkphp\lang\zh-cn.php
[ info ] [ ROUTE ] array (
  'type' => 'module',
  'module' => 
  array (
    0 => 'admin',
    1 => 'index',
    2 => 'refesh',
  ),
)
[ info ] [ HEADER ] array (
  'accept-language' => 'zh-CN,zh;q=0.9',
  'accept-encoding' => 'gzip, deflate',
  'referer' => 'http://localhost:8181/',
  'origin' => 'http://localhost:8181',
  'accept' => '*/*',
  'content-type' => 'application/x-www-form-urlencoded;charset=UTF-8',
  'x-access-appid' => '123456',
  'user-agent' => 'Mozilla/5.0 (Windows NT 10.0; Win64; x64) AppleWebKit/537.36 (KHTML, like Gecko) Chrome/87.0.4280.88 Safari/537.36',
  'x-access-token' => '6D2D52D8CC508473D5D9BA45C21D2749MDAwMDAwMDAwML6Mna-FqrqSib2cgMOHoIC7o36CkY6xfLjQzqGGZIXVuGadr4u5um-LunZ_w4efabGmjmWDo3-gu5SsqIhkp6vHZJ3Ynau-moXTqGG4nZSnyX-ohIONk4a7qdJriGOJu8hkZqmPu8yIi6pxpbV2iqu3p4apkY6Sacm5qKCXipvSuYiYloa7rm6crpyYw6x2hraOnJ18kG6ku7vRsYego7a1nnPajLShdg',
  'content-length' => '47',
  'connection' => 'close',
  'host' => 'www.hardphp.com',
)
[ info ] [ PARAM ] array (
  'id' => '1',
  'signature' => '87495664d26339aacda755a9e6f857bb',
)
[ info ] [ DB ] INIT mysql
[ info ] [ LOG ] INIT File
---------------------------------------------------------------
[ 2021-01-01T23:59:55+08:00 ] 127.0.0.1 OPTIONS www.hardphp.com/index.php/admin/index/refesh
[运行时间：0.035507s] [吞吐率：28.16req/s] [内存消耗：1,741.10kb] [文件加载：65]
[ info ] [ LANG ] D:\phpStudy\PHPTutorial\WWW\hardphp\thinkphp\lang\zh-cn.php
[ info ] [ ROUTE ] array (
  'type' => 'module',
  'module' => 
  array (
    0 => 'admin',
    1 => 'index',
    2 => 'refesh',
  ),
)
[ info ] [ HEADER ] array (
  'accept-language' => 'zh-CN,zh;q=0.9',
  'accept-encoding' => 'gzip, deflate',
  'referer' => 'http://localhost:8181/',
  'sec-fetch-mode' => 'cors',
  'user-agent' => 'Mozilla/5.0 (Windows NT 10.0; Win64; x64) AppleWebKit/537.36 (KHTML, like Gecko) Chrome/87.0.4280.88 Safari/537.36',
  'origin' => 'http://localhost:8181',
  'access-control-request-headers' => 'x-access-appid,x-access-token',
  'access-control-request-method' => 'POST',
  'accept' => '*/*',
  'connection' => 'close',
  'host' => 'www.hardphp.com',
)
[ info ] [ PARAM ] array (
)
[ info ] [ LOG ] INIT File
---------------------------------------------------------------
[ 2021-01-01T23:59:55+08:00 ] 127.0.0.1 POST www.hardphp.com/index.php/admin/index/refesh
[运行时间：0.073262s] [吞吐率：13.65req/s] [内存消耗：2,434.00kb] [文件加载：74]
[ info ] [ LANG ] D:\phpStudy\PHPTutorial\WWW\hardphp\thinkphp\lang\zh-cn.php
[ info ] [ ROUTE ] array (
  'type' => 'module',
  'module' => 
  array (
    0 => 'admin',
    1 => 'index',
    2 => 'refesh',
  ),
)
[ info ] [ HEADER ] array (
  'accept-language' => 'zh-CN,zh;q=0.9',
  'accept-encoding' => 'gzip, deflate',
  'referer' => 'http://localhost:8181/',
  'origin' => 'http://localhost:8181',
  'accept' => '*/*',
  'content-type' => 'application/x-www-form-urlencoded;charset=UTF-8',
  'x-access-appid' => '123456',
  'user-agent' => 'Mozilla/5.0 (Windows NT 10.0; Win64; x64) AppleWebKit/537.36 (KHTML, like Gecko) Chrome/87.0.4280.88 Safari/537.36',
  'x-access-token' => '6D2D52D8CC508473D5D9BA45C21D2749MDAwMDAwMDAwML6Mna-FqrqSib2cgMOHoIC7o36CkY6xfLjQzqGGZIXVuGadr4u5um-LunZ_w4efabGmjmWDo3-gu5SsqIhkp6vHZJ3Ynau-moXTqGG4nZSnyX-ohIONk4a7qdJriGOJu8hkZqmPu8yIi6pxpbV2iqu3p4apkY6Sacm5qKCXipvSuYiYloa7rm6crpyYw6x2hraOnJ18kG6ku7vRsYego7a1nnPajLShdg',
  'content-length' => '47',
  'connection' => 'close',
  'host' => 'www.hardphp.com',
)
[ info ] [ PARAM ] array (
  'id' => '1',
  'signature' => '87495664d26339aacda755a9e6f857bb',
)
[ info ] [ DB ] INIT mysql
[ info ] [ LOG ] INIT File
---------------------------------------------------------------
[ 2021-01-01T23:59:56+08:00 ] 127.0.0.1 POST www.hardphp.com/index.php/admin/index/refesh
[运行时间：0.074731s] [吞吐率：13.38req/s] [内存消耗：2,434.00kb] [文件加载：74]
[ info ] [ LANG ] D:\phpStudy\PHPTutorial\WWW\hardphp\thinkphp\lang\zh-cn.php
[ info ] [ ROUTE ] array (
  'type' => 'module',
  'module' => 
  array (
    0 => 'admin',
    1 => 'index',
    2 => 'refesh',
  ),
)
[ info ] [ HEADER ] array (
  'accept-language' => 'zh-CN,zh;q=0.9',
  'accept-encoding' => 'gzip, deflate',
  'referer' => 'http://localhost:8181/',
  'origin' => 'http://localhost:8181',
  'accept' => '*/*',
  'content-type' => 'application/x-www-form-urlencoded;charset=UTF-8',
  'x-access-appid' => '123456',
  'user-agent' => 'Mozilla/5.0 (Windows NT 10.0; Win64; x64) AppleWebKit/537.36 (KHTML, like Gecko) Chrome/87.0.4280.88 Safari/537.36',
  'x-access-token' => '6D2D52D8CC508473D5D9BA45C21D2749MDAwMDAwMDAwML6Mna-FqrqSib2cgMOHoIC7o36CkY6xfLjQzqGGZIXVuGadr4u5um-LunZ_w4efabGmjmWDo3-gu5SsqIhkp6vHZJ3Ynau-moXTqGG4nZSnyX-ohIONk4a7qdJriGOJu8hkZqmPu8yIi6pxpbV2iqu3p4apkY6Sacm5qKCXipvSuYiYloa7rm6crpyYw6x2hraOnJ18kG6ku7vRsYego7a1nnPajLShdg',
  'content-length' => '47',
  'connection' => 'close',
  'host' => 'www.hardphp.com',
)
[ info ] [ PARAM ] array (
  'id' => '1',
  'signature' => '87495664d26339aacda755a9e6f857bb',
)
[ info ] [ DB ] INIT mysql
[ info ] [ LOG ] INIT File
---------------------------------------------------------------
[ 2021-01-01T23:59:57+08:00 ] 127.0.0.1 POST www.hardphp.com/index.php/admin/index/refesh
[运行时间：0.082051s] [吞吐率：12.19req/s] [内存消耗：2,434.00kb] [文件加载：74]
[ info ] [ LANG ] D:\phpStudy\PHPTutorial\WWW\hardphp\thinkphp\lang\zh-cn.php
[ info ] [ ROUTE ] array (
  'type' => 'module',
  'module' => 
  array (
    0 => 'admin',
    1 => 'index',
    2 => 'refesh',
  ),
)
[ info ] [ HEADER ] array (
  'accept-language' => 'zh-CN,zh;q=0.9',
  'accept-encoding' => 'gzip, deflate',
  'referer' => 'http://localhost:8181/',
  'origin' => 'http://localhost:8181',
  'accept' => '*/*',
  'content-type' => 'application/x-www-form-urlencoded;charset=UTF-8',
  'x-access-appid' => '123456',
  'user-agent' => 'Mozilla/5.0 (Windows NT 10.0; Win64; x64) AppleWebKit/537.36 (KHTML, like Gecko) Chrome/87.0.4280.88 Safari/537.36',
  'x-access-token' => '6D2D52D8CC508473D5D9BA45C21D2749MDAwMDAwMDAwML6Mna-FqrqSib2cgMOHoIC7o36CkY6xfLjQzqGGZIXVuGadr4u5um-LunZ_w4efabGmjmWDo3-gu5SsqIhkp6vHZJ3Ynau-moXTqGG4nZSnyX-ohIONk4a7qdJriGOJu8hkZqmPu8yIi6pxpbV2iqu3p4apkY6Sacm5qKCXipvSuYiYloa7rm6crpyYw6x2hraOnJ18kG6ku7vRsYego7a1nnPajLShdg',
  'content-length' => '47',
  'connection' => 'close',
  'host' => 'www.hardphp.com',
)
[ info ] [ PARAM ] array (
  'id' => '1',
  'signature' => '87495664d26339aacda755a9e6f857bb',
)
[ info ] [ DB ] INIT mysql
[ info ] [ LOG ] INIT File
---------------------------------------------------------------
[ 2021-01-01T23:59:58+08:00 ] 127.0.0.1 POST www.hardphp.com/index.php/admin/index/refesh
[运行时间：0.062691s] [吞吐率：15.95req/s] [内存消耗：2,434.00kb] [文件加载：74]
[ info ] [ LANG ] D:\phpStudy\PHPTutorial\WWW\hardphp\thinkphp\lang\zh-cn.php
[ info ] [ ROUTE ] array (
  'type' => 'module',
  'module' => 
  array (
    0 => 'admin',
    1 => 'index',
    2 => 'refesh',
  ),
)
[ info ] [ HEADER ] array (
  'accept-language' => 'zh-CN,zh;q=0.9',
  'accept-encoding' => 'gzip, deflate',
  'referer' => 'http://localhost:8181/',
  'origin' => 'http://localhost:8181',
  'accept' => '*/*',
  'content-type' => 'application/x-www-form-urlencoded;charset=UTF-8',
  'x-access-appid' => '123456',
  'user-agent' => 'Mozilla/5.0 (Windows NT 10.0; Win64; x64) AppleWebKit/537.36 (KHTML, like Gecko) Chrome/87.0.4280.88 Safari/537.36',
  'x-access-token' => '6D2D52D8CC508473D5D9BA45C21D2749MDAwMDAwMDAwML6Mna-FqrqSib2cgMOHoIC7o36CkY6xfLjQzqGGZIXVuGadr4u5um-LunZ_w4efabGmjmWDo3-gu5SsqIhkp6vHZJ3Ynau-moXTqGG4nZSnyX-ohIONk4a7qdJriGOJu8hkZqmPu8yIi6pxpbV2iqu3p4apkY6Sacm5qKCXipvSuYiYloa7rm6crpyYw6x2hraOnJ18kG6ku7vRsYego7a1nnPajLShdg',
  'content-length' => '47',
  'connection' => 'close',
  'host' => 'www.hardphp.com',
)
[ info ] [ PARAM ] array (
  'id' => '1',
  'signature' => '87495664d26339aacda755a9e6f857bb',
)
[ info ] [ DB ] INIT mysql
[ info ] [ LOG ] INIT File
---------------------------------------------------------------
[ 2021-01-01T23:59:59+08:00 ] 127.0.0.1 POST www.hardphp.com/index.php/admin/index/refesh
[运行时间：0.076234s] [吞吐率：13.12req/s] [内存消耗：2,434.00kb] [文件加载：74]
[ info ] [ LANG ] D:\phpStudy\PHPTutorial\WWW\hardphp\thinkphp\lang\zh-cn.php
[ info ] [ ROUTE ] array (
  'type' => 'module',
  'module' => 
  array (
    0 => 'admin',
    1 => 'index',
    2 => 'refesh',
  ),
)
[ info ] [ HEADER ] array (
  'accept-language' => 'zh-CN,zh;q=0.9',
  'accept-encoding' => 'gzip, deflate',
  'referer' => 'http://localhost:8181/',
  'origin' => 'http://localhost:8181',
  'accept' => '*/*',
  'content-type' => 'application/x-www-form-urlencoded;charset=UTF-8',
  'x-access-appid' => '123456',
  'user-agent' => 'Mozilla/5.0 (Windows NT 10.0; Win64; x64) AppleWebKit/537.36 (KHTML, like Gecko) Chrome/87.0.4280.88 Safari/537.36',
  'x-access-token' => '6D2D52D8CC508473D5D9BA45C21D2749MDAwMDAwMDAwML6Mna-FqrqSib2cgMOHoIC7o36CkY6xfLjQzqGGZIXVuGadr4u5um-LunZ_w4efabGmjmWDo3-gu5SsqIhkp6vHZJ3Ynau-moXTqGG4nZSnyX-ohIONk4a7qdJriGOJu8hkZqmPu8yIi6pxpbV2iqu3p4apkY6Sacm5qKCXipvSuYiYloa7rm6crpyYw6x2hraOnJ18kG6ku7vRsYego7a1nnPajLShdg',
  'content-length' => '47',
  'connection' => 'close',
  'host' => 'www.hardphp.com',
)
[ info ] [ PARAM ] array (
  'id' => '1',
  'signature' => '87495664d26339aacda755a9e6f857bb',
)
[ info ] [ DB ] INIT mysql
[ info ] [ LOG ] INIT File
