---------------------------------------------------------------
[ 2021-01-13T11:13:58+08:00 ] 127.0.0.1 POST www.hardphp.com/index.php/admin/login/index
[ sql ] [ DB ] CONNECT:[ UseTime:0.017214s ] mysql:host=127.0.0.1;dbname=tp5qpi;charset=utf8
[ sql ] [ SQL ] SHOW COLUMNS FROM `tp_app` [ RunTime:0.062480s ]
[ sql ] [ SQL ] SELECT * FROM `tp_app` WHERE  `appId` = '123456' LIMIT 1 [ RunTime:0.001274s ]
[ sql ] [ SQL ] SHOW COLUMNS FROM `tp_admin` [ RunTime:0.064218s ]
[ sql ] [ SQL ] SELECT `a`.*,`b`.`title` FROM `tp_admin` `a` LEFT JOIN `tp_auth_group` `b` ON `a`.`groupId`=`b`.`id` WHERE  `userName` = 'admin' LIMIT 1 [ RunTime:0.013722s ]
[ sql ] [ SQL ] SHOW COLUMNS FROM `tp_auth_group` [ RunTime:0.037451s ]
[ sql ] [ SQL ] SELECT * FROM `tp_auth_group` WHERE  `id` = 1 LIMIT 1 [ RunTime:0.002762s ]
[ sql ] [ SQL ] SHOW COLUMNS FROM `tp_login_log` [ RunTime:0.053973s ]
[ sql ] [ SQL ] INSERT INTO `tp_login_log` (`uid` , `userName` , `roles` , `loginTime` , `loginIp`) VALUES (1 , 'admin' , '超级管理员' , 1610507638 , '127.0.0.1') [ RunTime:0.044053s ]
[ sql ] [ SQL ] UPDATE `tp_admin`  SET `loginTime`=1610507638  WHERE  `id` = 1 [ RunTime:0.047224s ]
---------------------------------------------------------------
[ 2021-01-13T11:13:59+08:00 ] 127.0.0.1 POST www.hardphp.com/index.php/admin/admin/getuser
[ sql ] [ DB ] CONNECT:[ UseTime:0.028742s ] mysql:host=127.0.0.1;dbname=tp5qpi;charset=utf8
[ sql ] [ SQL ] SHOW COLUMNS FROM `tp_app` [ RunTime:0.020410s ]
[ sql ] [ SQL ] SELECT * FROM `tp_app` WHERE  `appId` = '123456' LIMIT 1 [ RunTime:0.000773s ]
[ sql ] [ SQL ] SHOW COLUMNS FROM `tp_admin` [ RunTime:0.015223s ]
[ sql ] [ SQL ] SELECT * FROM `tp_admin` WHERE  `id` = 1 LIMIT 1 [ RunTime:0.000815s ]
[ sql ] [ SQL ] SHOW COLUMNS FROM `tp_auth_rule` [ RunTime:0.053243s ]
[ sql ] [ SQL ] SELECT * FROM `tp_auth_rule` WHERE  `name` = 'admin/admin/getuser' LIMIT 1 [ RunTime:0.000773s ]
[ sql ] [ SQL ] SHOW COLUMNS FROM `tp_auth_group` [ RunTime:0.030159s ]
[ sql ] [ SQL ] SELECT * FROM `tp_auth_group` WHERE  `id` = 1 LIMIT 1 [ RunTime:0.001642s ]
[ sql ] [ SQL ] SELECT * FROM `tp_auth_rule` WHERE  `id` IN (52,53,50,51,46,49,48,47,39,40,1,38,7,2)  AND `status` = 1 ORDER BY `sorts` [ RunTime:0.002534s ]
[ sql ] [ SQL ] SELECT * FROM `tp_auth_group` WHERE  `id` = 1 LIMIT 1 [ RunTime:0.001574s ]
---------------------------------------------------------------
[ 2021-01-13T11:13:59+08:00 ] 127.0.0.1 GET www.hardphp.com/index.php/admin/index/getTopMenu?signature=776a8773415590486189e97e10f77114
[ sql ] [ DB ] CONNECT:[ UseTime:0.000929s ] mysql:host=127.0.0.1;dbname=tp5qpi;charset=utf8
[ sql ] [ SQL ] SHOW COLUMNS FROM `tp_app` [ RunTime:0.020781s ]
[ sql ] [ SQL ] SELECT * FROM `tp_app` WHERE  `appId` = '123456' LIMIT 1 [ RunTime:0.000608s ]
[ sql ] [ SQL ] SHOW COLUMNS FROM `tp_admin` [ RunTime:0.023980s ]
[ sql ] [ SQL ] SELECT * FROM `tp_admin` WHERE  `id` = 1 LIMIT 1 [ RunTime:0.000579s ]
[ sql ] [ SQL ] SHOW COLUMNS FROM `tp_auth_rule` [ RunTime:0.017986s ]
[ sql ] [ SQL ] SELECT * FROM `tp_auth_rule` WHERE  `name` = 'admin/index/gettopmenu' LIMIT 1 [ RunTime:0.000799s ]
---------------------------------------------------------------
[ 2021-01-13T11:13:59+08:00 ] 127.0.0.1 GET www.hardphp.com/index.php/admin/index/getMenu?signature=776a8773415590486189e97e10f77114
[ sql ] [ DB ] CONNECT:[ UseTime:0.000945s ] mysql:host=127.0.0.1;dbname=tp5qpi;charset=utf8
[ sql ] [ SQL ] SHOW COLUMNS FROM `tp_app` [ RunTime:0.020193s ]
[ sql ] [ SQL ] SELECT * FROM `tp_app` WHERE  `appId` = '123456' LIMIT 1 [ RunTime:0.000789s ]
[ sql ] [ SQL ] SHOW COLUMNS FROM `tp_admin` [ RunTime:0.024175s ]
[ sql ] [ SQL ] SELECT * FROM `tp_admin` WHERE  `id` = 1 LIMIT 1 [ RunTime:0.000641s ]
[ sql ] [ SQL ] SHOW COLUMNS FROM `tp_auth_rule` [ RunTime:0.024138s ]
[ sql ] [ SQL ] SELECT * FROM `tp_auth_rule` WHERE  `name` = 'admin/index/getmenu' LIMIT 1 [ RunTime:0.000542s ]
---------------------------------------------------------------
[ 2021-01-13T11:16:45+08:00 ] 127.0.0.1 POST www.hardphp.com/index.php/admin/admin/getuser
[ sql ] [ DB ] CONNECT:[ UseTime:0.010927s ] mysql:host=127.0.0.1;dbname=tp5qpi;charset=utf8
[ sql ] [ SQL ] SHOW COLUMNS FROM `tp_app` [ RunTime:0.018282s ]
[ sql ] [ SQL ] SELECT * FROM `tp_app` WHERE  `appId` = '123456' LIMIT 1 [ RunTime:0.000766s ]
[ sql ] [ SQL ] SHOW COLUMNS FROM `tp_admin` [ RunTime:0.011880s ]
[ sql ] [ SQL ] SELECT * FROM `tp_admin` WHERE  `id` = 1 LIMIT 1 [ RunTime:0.000782s ]
[ sql ] [ SQL ] SHOW COLUMNS FROM `tp_auth_rule` [ RunTime:0.012591s ]
[ sql ] [ SQL ] SELECT * FROM `tp_auth_rule` WHERE  `name` = 'admin/admin/getuser' LIMIT 1 [ RunTime:0.000785s ]
[ sql ] [ SQL ] SHOW COLUMNS FROM `tp_auth_group` [ RunTime:0.012114s ]
[ sql ] [ SQL ] SELECT * FROM `tp_auth_group` WHERE  `id` = 1 LIMIT 1 [ RunTime:0.000666s ]
[ sql ] [ SQL ] SELECT * FROM `tp_auth_rule` WHERE  `id` IN (52,53,50,51,46,49,48,47,39,40,1,38,7,2)  AND `status` = 1 ORDER BY `sorts` [ RunTime:0.000964s ]
[ sql ] [ SQL ] SELECT * FROM `tp_auth_group` WHERE  `id` = 1 LIMIT 1 [ RunTime:0.000738s ]
---------------------------------------------------------------
[ 2021-01-13T11:41:55+08:00 ] 127.0.0.1 POST www.hardphp.com/index.php/admin/admin/index
[ sql ] [ DB ] CONNECT:[ UseTime:0.009679s ] mysql:host=127.0.0.1;dbname=tp5qpi;charset=utf8
[ sql ] [ SQL ] SHOW COLUMNS FROM `tp_app` [ RunTime:0.017986s ]
[ sql ] [ SQL ] SELECT * FROM `tp_app` WHERE  `appId` = '123456' LIMIT 1 [ RunTime:0.001381s ]
[ sql ] [ SQL ] SHOW COLUMNS FROM `tp_admin` [ RunTime:0.013286s ]
[ sql ] [ SQL ] SELECT * FROM `tp_admin` WHERE  `id` = 1 LIMIT 1 [ RunTime:0.000831s ]
[ sql ] [ SQL ] SHOW COLUMNS FROM `tp_auth_rule` [ RunTime:0.014910s ]
[ sql ] [ SQL ] SELECT * FROM `tp_auth_rule` WHERE  `name` = 'admin/admin/index' LIMIT 1 [ RunTime:0.000735s ]
[ sql ] [ SQL ] SELECT `a`.*,`b`.`title` FROM `tp_admin` `a` LEFT JOIN `tp_auth_group` `b` ON `a`.`groupId`=`b`.`id` ORDER BY `a`.`id` DESC LIMIT 0,10 [ RunTime:0.000765s ]
[ sql ] [ SQL ] SELECT COUNT(*) AS tp_count FROM `tp_admin` `a` LEFT JOIN `tp_auth_group` `b` ON `a`.`groupId`=`b`.`id` LIMIT 1 [ RunTime:0.001974s ]
---------------------------------------------------------------
[ 2021-01-13T11:41:56+08:00 ] 127.0.0.1 POST www.hardphp.com/index.php/admin/roles/getLists
[ sql ] [ DB ] CONNECT:[ UseTime:0.013678s ] mysql:host=127.0.0.1;dbname=tp5qpi;charset=utf8
[ sql ] [ SQL ] SHOW COLUMNS FROM `tp_app` [ RunTime:0.019080s ]
[ sql ] [ SQL ] SELECT * FROM `tp_app` WHERE  `appId` = '123456' LIMIT 1 [ RunTime:0.000805s ]
[ sql ] [ SQL ] SHOW COLUMNS FROM `tp_admin` [ RunTime:0.013786s ]
[ sql ] [ SQL ] SELECT * FROM `tp_admin` WHERE  `id` = 1 LIMIT 1 [ RunTime:0.000783s ]
[ sql ] [ SQL ] SHOW COLUMNS FROM `tp_auth_rule` [ RunTime:0.013573s ]
[ sql ] [ SQL ] SELECT * FROM `tp_auth_rule` WHERE  `name` = 'admin/roles/getlists' LIMIT 1 [ RunTime:0.000727s ]
[ sql ] [ SQL ] SHOW COLUMNS FROM `tp_auth_group` [ RunTime:0.013811s ]
[ sql ] [ SQL ] SELECT `a`.* FROM `tp_auth_group` `a` WHERE  (  1 and a.status =  1 ) ORDER BY `a`.`id` ASC [ RunTime:0.000612s ]
---------------------------------------------------------------
[ 2021-01-13T11:42:02+08:00 ] 127.0.0.1 POST www.hardphp.com/index.php/admin/rules/index
[ sql ] [ DB ] CONNECT:[ UseTime:0.001791s ] mysql:host=127.0.0.1;dbname=tp5qpi;charset=utf8
[ sql ] [ SQL ] SHOW COLUMNS FROM `tp_app` [ RunTime:0.020151s ]
[ sql ] [ SQL ] SELECT * FROM `tp_app` WHERE  `appId` = '123456' LIMIT 1 [ RunTime:0.000623s ]
[ sql ] [ SQL ] SHOW COLUMNS FROM `tp_admin` [ RunTime:0.012898s ]
[ sql ] [ SQL ] SELECT * FROM `tp_admin` WHERE  `id` = 1 LIMIT 1 [ RunTime:0.000748s ]
[ sql ] [ SQL ] SHOW COLUMNS FROM `tp_auth_rule` [ RunTime:0.014571s ]
[ sql ] [ SQL ] SELECT * FROM `tp_auth_rule` WHERE  `name` = 'admin/rules/index' LIMIT 1 [ RunTime:0.000691s ]
[ sql ] [ SQL ] SELECT `a`.* FROM `tp_auth_rule` `a` [ RunTime:0.000592s ]
---------------------------------------------------------------
[ 2021-01-13T11:42:08+08:00 ] 127.0.0.1 POST www.hardphp.com/index.php/admin/rules/getLists
[ sql ] [ DB ] CONNECT:[ UseTime:0.001915s ] mysql:host=127.0.0.1;dbname=tp5qpi;charset=utf8
[ sql ] [ SQL ] SHOW COLUMNS FROM `tp_app` [ RunTime:0.025177s ]
[ sql ] [ SQL ] SELECT * FROM `tp_app` WHERE  `appId` = '123456' LIMIT 1 [ RunTime:0.000684s ]
[ sql ] [ SQL ] SHOW COLUMNS FROM `tp_admin` [ RunTime:0.018679s ]
[ sql ] [ SQL ] SELECT * FROM `tp_admin` WHERE  `id` = 1 LIMIT 1 [ RunTime:0.000592s ]
[ sql ] [ SQL ] SHOW COLUMNS FROM `tp_auth_rule` [ RunTime:0.018407s ]
[ sql ] [ SQL ] SELECT * FROM `tp_auth_rule` WHERE  `name` = 'admin/rules/getlists' LIMIT 1 [ RunTime:0.000562s ]
[ sql ] [ SQL ] SELECT `a`.* FROM `tp_auth_rule` `a` WHERE  (  1 and a.status =  1 ) ORDER BY `a`.`id` DESC [ RunTime:0.001023s ]
---------------------------------------------------------------
[ 2021-01-13T11:42:08+08:00 ] 127.0.0.1 POST www.hardphp.com/index.php/admin/roles/index
[ sql ] [ DB ] CONNECT:[ UseTime:0.002394s ] mysql:host=127.0.0.1;dbname=tp5qpi;charset=utf8
[ sql ] [ SQL ] SHOW COLUMNS FROM `tp_app` [ RunTime:0.024334s ]
[ sql ] [ SQL ] SELECT * FROM `tp_app` WHERE  `appId` = '123456' LIMIT 1 [ RunTime:0.000633s ]
[ sql ] [ SQL ] SHOW COLUMNS FROM `tp_admin` [ RunTime:0.017763s ]
[ sql ] [ SQL ] SELECT * FROM `tp_admin` WHERE  `id` = 1 LIMIT 1 [ RunTime:0.000634s ]
[ sql ] [ SQL ] SHOW COLUMNS FROM `tp_auth_rule` [ RunTime:0.018397s ]
[ sql ] [ SQL ] SELECT * FROM `tp_auth_rule` WHERE  `name` = 'admin/roles/index' LIMIT 1 [ RunTime:0.000600s ]
[ sql ] [ SQL ] SHOW COLUMNS FROM `tp_auth_group` [ RunTime:0.010522s ]
[ sql ] [ SQL ] SELECT * FROM `tp_auth_group` LIMIT 0,10 [ RunTime:0.000528s ]
[ sql ] [ SQL ] SELECT COUNT(*) AS tp_count FROM `tp_auth_group` LIMIT 1 [ RunTime:0.000532s ]
---------------------------------------------------------------
[ 2021-01-13T11:42:10+08:00 ] 127.0.0.1 POST www.hardphp.com/index.php/admin/log/index
[ sql ] [ DB ] CONNECT:[ UseTime:0.010187s ] mysql:host=127.0.0.1;dbname=tp5qpi;charset=utf8
[ sql ] [ SQL ] SHOW COLUMNS FROM `tp_app` [ RunTime:0.017885s ]
[ sql ] [ SQL ] SELECT * FROM `tp_app` WHERE  `appId` = '123456' LIMIT 1 [ RunTime:0.000680s ]
[ sql ] [ SQL ] SHOW COLUMNS FROM `tp_admin` [ RunTime:0.012804s ]
[ sql ] [ SQL ] SELECT * FROM `tp_admin` WHERE  `id` = 1 LIMIT 1 [ RunTime:0.000678s ]
[ sql ] [ SQL ] SHOW COLUMNS FROM `tp_auth_rule` [ RunTime:0.013153s ]
[ sql ] [ SQL ] SELECT * FROM `tp_auth_rule` WHERE  `name` = 'admin/log/index' LIMIT 1 [ RunTime:0.000615s ]
[ sql ] [ SQL ] SHOW COLUMNS FROM `tp_login_log` [ RunTime:0.012439s ]
[ sql ] [ SQL ] SELECT `a`.* FROM `tp_login_log` `a` ORDER BY `a`.`id` DESC LIMIT 0,10 [ RunTime:0.000540s ]
[ sql ] [ SQL ] SELECT COUNT(*) AS tp_count FROM `tp_login_log` `a` LIMIT 1 [ RunTime:0.000485s ]
---------------------------------------------------------------
[ 2021-01-13T11:42:23+08:00 ] 127.0.0.1 GET www.hardphp.com/index.php/admin/Banner/getbanner?signature=776a8773415590486189e97e10f77114
[ sql ] [ DB ] CONNECT:[ UseTime:0.012335s ] mysql:host=127.0.0.1;dbname=tp5qpi;charset=utf8
[ sql ] [ SQL ] SHOW COLUMNS FROM `tp_app` [ RunTime:0.019177s ]
[ sql ] [ SQL ] SELECT * FROM `tp_app` WHERE  `appId` = '123456' LIMIT 1 [ RunTime:0.000773s ]
[ sql ] [ SQL ] SHOW COLUMNS FROM `tp_admin` [ RunTime:0.013140s ]
[ sql ] [ SQL ] SELECT * FROM `tp_admin` WHERE  `id` = 1 LIMIT 1 [ RunTime:0.002103s ]
[ sql ] [ SQL ] SHOW COLUMNS FROM `tp_auth_rule` [ RunTime:0.014578s ]
[ sql ] [ SQL ] SELECT * FROM `tp_auth_rule` WHERE  `name` = 'admin/banner/getbanner' LIMIT 1 [ RunTime:0.000745s ]
[ sql ] [ SQL ] SHOW COLUMNS FROM `tp_banner` [ RunTime:0.047588s ]
[ sql ] [ SQL ] SELECT * FROM `tp_banner` [ RunTime:0.000710s ]
