---------------------------------------------------------------
[ 2019-11-06T09:17:12+08:00 ] 127.0.0.1 POST www.hardphp.com/index.php/admin/admin/getuser
[ sql ] [ DB ] CONNECT:[ UseTime:0.083000s ] mysql:host=127.0.0.1;dbname=tp5qpi;charset=utf8
[ sql ] [ SQL ] SHOW COLUMNS FROM `tp_app` [ RunTime:0.116000s ]
[ sql ] [ SQL ] SELECT * FROM `tp_app` WHERE  `appId` = '123456' LIMIT 1 [ RunTime:0.000000s ]
[ sql ] [ SQL ] SHOW COLUMNS FROM `tp_admin` [ RunTime:0.131000s ]
[ sql ] [ SQL ] SELECT * FROM `tp_admin` WHERE  `id` = 1 LIMIT 1 [ RunTime:0.000000s ]
[ sql ] [ SQL ] SHOW COLUMNS FROM `tp_auth_rule` [ RunTime:0.042000s ]
[ sql ] [ SQL ] SELECT * FROM `tp_auth_rule` WHERE  `name` = 'admin/admin/getuser' LIMIT 1 [ RunTime:0.000000s ]
[ sql ] [ SQL ] SHOW COLUMNS FROM `tp_auth_group` [ RunTime:0.019000s ]
[ sql ] [ SQL ] SELECT * FROM `tp_auth_group` WHERE  `id` = 1 LIMIT 1 [ RunTime:0.001000s ]
[ sql ] [ SQL ] SELECT * FROM `tp_auth_rule` WHERE  `id` IN (46,49,48,47,39,40,1,38,7,2)  AND `status` = 1 ORDER BY `sorts` [ RunTime:0.001000s ]
[ sql ] [ SQL ] SELECT * FROM `tp_auth_group` WHERE  `id` = 1 LIMIT 1 [ RunTime:0.001000s ]
---------------------------------------------------------------
[ 2019-11-06T09:28:49+08:00 ] 127.0.0.1 POST www.hardphp.com/index.php/admin/admin/getuser
[ sql ] [ DB ] CONNECT:[ UseTime:0.003000s ] mysql:host=127.0.0.1;dbname=tp5qpi;charset=utf8
[ sql ] [ SQL ] SHOW COLUMNS FROM `tp_app` [ RunTime:0.006000s ]
[ sql ] [ SQL ] SELECT * FROM `tp_app` WHERE  `appId` = '123456' LIMIT 1 [ RunTime:0.000000s ]
[ sql ] [ SQL ] SHOW COLUMNS FROM `tp_admin` [ RunTime:0.007000s ]
[ sql ] [ SQL ] SELECT * FROM `tp_admin` WHERE  `id` = 1 LIMIT 1 [ RunTime:0.001000s ]
[ sql ] [ SQL ] SHOW COLUMNS FROM `tp_auth_rule` [ RunTime:0.006000s ]
[ sql ] [ SQL ] SELECT * FROM `tp_auth_rule` WHERE  `name` = 'admin/admin/getuser' LIMIT 1 [ RunTime:0.000000s ]
[ sql ] [ SQL ] SHOW COLUMNS FROM `tp_auth_group` [ RunTime:0.007000s ]
[ sql ] [ SQL ] SELECT * FROM `tp_auth_group` WHERE  `id` = 1 LIMIT 1 [ RunTime:0.000000s ]
[ sql ] [ SQL ] SELECT * FROM `tp_auth_rule` WHERE  `id` IN (46,49,48,47,39,40,1,38,7,2)  AND `status` = 1 ORDER BY `sorts` [ RunTime:0.000000s ]
[ sql ] [ SQL ] SELECT * FROM `tp_auth_group` WHERE  `id` = 1 LIMIT 1 [ RunTime:0.001000s ]
---------------------------------------------------------------
[ 2019-11-06T09:28:52+08:00 ] 127.0.0.1 GET www.hardphp.com/index.php/admin/Banner/getbanner?signature=776a8773415590486189e97e10f77114
[ sql ] [ DB ] CONNECT:[ UseTime:0.000000s ] mysql:host=127.0.0.1;dbname=tp5qpi;charset=utf8
[ sql ] [ SQL ] SHOW COLUMNS FROM `tp_app` [ RunTime:0.008000s ]
[ sql ] [ SQL ] SELECT * FROM `tp_app` WHERE  `appId` = '123456' LIMIT 1 [ RunTime:0.000000s ]
[ sql ] [ SQL ] SHOW COLUMNS FROM `tp_admin` [ RunTime:0.006000s ]
[ sql ] [ SQL ] SELECT * FROM `tp_admin` WHERE  `id` = 1 LIMIT 1 [ RunTime:0.000000s ]
[ sql ] [ SQL ] SHOW COLUMNS FROM `tp_auth_rule` [ RunTime:0.008000s ]
[ sql ] [ SQL ] SELECT * FROM `tp_auth_rule` WHERE  `name` = 'admin/banner/getbanner' LIMIT 1 [ RunTime:0.000000s ]
[ sql ] [ SQL ] SHOW COLUMNS FROM `tp_banner` [ RunTime:0.009000s ]
[ sql ] [ SQL ] SELECT * FROM `tp_banner` [ RunTime:0.000000s ]
---------------------------------------------------------------
[ 2019-11-06T09:29:58+08:00 ] 127.0.0.1 POST www.hardphp.com/index.php/admin/Banner/save
[ sql ] [ DB ] CONNECT:[ UseTime:0.001000s ] mysql:host=127.0.0.1;dbname=tp5qpi;charset=utf8
[ sql ] [ SQL ] SHOW COLUMNS FROM `tp_app` [ RunTime:0.007000s ]
[ sql ] [ SQL ] SELECT * FROM `tp_app` WHERE  `appId` = '123456' LIMIT 1 [ RunTime:0.001000s ]
[ sql ] [ SQL ] SHOW COLUMNS FROM `tp_admin` [ RunTime:0.008000s ]
[ sql ] [ SQL ] SELECT * FROM `tp_admin` WHERE  `id` = 1 LIMIT 1 [ RunTime:0.000000s ]
[ sql ] [ SQL ] SHOW COLUMNS FROM `tp_auth_rule` [ RunTime:0.006000s ]
[ sql ] [ SQL ] SELECT * FROM `tp_auth_rule` WHERE  `name` = 'admin/banner/save' LIMIT 1 [ RunTime:0.001000s ]
[ sql ] [ SQL ] SHOW COLUMNS FROM `tp_banner` [ RunTime:0.010000s ]
[ sql ] [ SQL ] SELECT * FROM `tp_banner` [ RunTime:0.000000s ]
[ sql ] [ SQL ] INSERT INTO `tp_banner` (`img` , `createtime` , `status`) VALUES ('http://www.hardphp.com/uploads/images/20191106/d5e5410809cc01bf9f879d4a0aeabcbd.jpg' , '1573003732' , 1) [ RunTime:0.001000s ]
---------------------------------------------------------------
[ 2019-11-06T09:46:52+08:00 ] 127.0.0.1 POST www.hardphp.com/index.php/admin/admin/getuser
[ sql ] [ DB ] CONNECT:[ UseTime:0.002000s ] mysql:host=127.0.0.1;dbname=tp5qpi;charset=utf8
[ sql ] [ SQL ] SHOW COLUMNS FROM `tp_app` [ RunTime:0.010000s ]
[ sql ] [ SQL ] SELECT * FROM `tp_app` WHERE  `appId` = '123456' LIMIT 1 [ RunTime:0.001000s ]
[ sql ] [ SQL ] SHOW COLUMNS FROM `tp_admin` [ RunTime:0.007000s ]
[ sql ] [ SQL ] SELECT * FROM `tp_admin` WHERE  `id` = 1 LIMIT 1 [ RunTime:0.001000s ]
[ sql ] [ SQL ] SHOW COLUMNS FROM `tp_auth_rule` [ RunTime:0.008000s ]
[ sql ] [ SQL ] SELECT * FROM `tp_auth_rule` WHERE  `name` = 'admin/admin/getuser' LIMIT 1 [ RunTime:0.000000s ]
[ sql ] [ SQL ] SHOW COLUMNS FROM `tp_auth_group` [ RunTime:0.007000s ]
[ sql ] [ SQL ] SELECT * FROM `tp_auth_group` WHERE  `id` = 1 LIMIT 1 [ RunTime:0.000000s ]
[ sql ] [ SQL ] SELECT * FROM `tp_auth_rule` WHERE  `id` IN (46,49,48,47,39,40,1,38,7,2)  AND `status` = 1 ORDER BY `sorts` [ RunTime:0.001000s ]
[ sql ] [ SQL ] SELECT * FROM `tp_auth_group` WHERE  `id` = 1 LIMIT 1 [ RunTime:0.001000s ]
---------------------------------------------------------------
[ 2019-11-06T09:46:53+08:00 ] 127.0.0.1 GET www.hardphp.com/index.php/admin/Banner/getbanner?signature=776a8773415590486189e97e10f77114
[ sql ] [ DB ] CONNECT:[ UseTime:0.001000s ] mysql:host=127.0.0.1;dbname=tp5qpi;charset=utf8
[ sql ] [ SQL ] SHOW COLUMNS FROM `tp_app` [ RunTime:0.008000s ]
[ sql ] [ SQL ] SELECT * FROM `tp_app` WHERE  `appId` = '123456' LIMIT 1 [ RunTime:0.001000s ]
[ sql ] [ SQL ] SHOW COLUMNS FROM `tp_admin` [ RunTime:0.011000s ]
[ sql ] [ SQL ] SELECT * FROM `tp_admin` WHERE  `id` = 1 LIMIT 1 [ RunTime:0.001000s ]
[ sql ] [ SQL ] SHOW COLUMNS FROM `tp_auth_rule` [ RunTime:0.008000s ]
[ sql ] [ SQL ] SELECT * FROM `tp_auth_rule` WHERE  `name` = 'admin/banner/getbanner' LIMIT 1 [ RunTime:0.001000s ]
[ sql ] [ SQL ] SHOW COLUMNS FROM `tp_banner` [ RunTime:0.010000s ]
[ sql ] [ SQL ] SELECT * FROM `tp_banner` [ RunTime:0.002000s ]
---------------------------------------------------------------
[ 2019-11-06T09:47:02+08:00 ] 127.0.0.1 POST www.hardphp.com/index.php/admin/admin/getuser
[ sql ] [ DB ] CONNECT:[ UseTime:0.011000s ] mysql:host=127.0.0.1;dbname=tp5qpi;charset=utf8
[ sql ] [ SQL ] SHOW COLUMNS FROM `tp_app` [ RunTime:0.010000s ]
[ sql ] [ SQL ] SELECT * FROM `tp_app` WHERE  `appId` = '123456' LIMIT 1 [ RunTime:0.000000s ]
[ sql ] [ SQL ] SHOW COLUMNS FROM `tp_admin` [ RunTime:0.009000s ]
[ sql ] [ SQL ] SELECT * FROM `tp_admin` WHERE  `id` = 1 LIMIT 1 [ RunTime:0.001000s ]
[ sql ] [ SQL ] SHOW COLUMNS FROM `tp_auth_rule` [ RunTime:0.008000s ]
[ sql ] [ SQL ] SELECT * FROM `tp_auth_rule` WHERE  `name` = 'admin/admin/getuser' LIMIT 1 [ RunTime:0.001000s ]
[ sql ] [ SQL ] SHOW COLUMNS FROM `tp_auth_group` [ RunTime:0.008000s ]
[ sql ] [ SQL ] SELECT * FROM `tp_auth_group` WHERE  `id` = 1 LIMIT 1 [ RunTime:0.001000s ]
[ sql ] [ SQL ] SELECT * FROM `tp_auth_rule` WHERE  `id` IN (46,49,48,47,39,40,1,38,7,2)  AND `status` = 1 ORDER BY `sorts` [ RunTime:0.001000s ]
[ sql ] [ SQL ] SELECT * FROM `tp_auth_group` WHERE  `id` = 1 LIMIT 1 [ RunTime:0.000000s ]
---------------------------------------------------------------
[ 2019-11-06T09:47:02+08:00 ] 127.0.0.1 GET www.hardphp.com/index.php/admin/Banner/getbanner?signature=776a8773415590486189e97e10f77114
[ sql ] [ DB ] CONNECT:[ UseTime:0.003000s ] mysql:host=127.0.0.1;dbname=tp5qpi;charset=utf8
[ sql ] [ SQL ] SHOW COLUMNS FROM `tp_app` [ RunTime:0.011000s ]
[ sql ] [ SQL ] SELECT * FROM `tp_app` WHERE  `appId` = '123456' LIMIT 1 [ RunTime:0.003000s ]
[ sql ] [ SQL ] SHOW COLUMNS FROM `tp_admin` [ RunTime:0.008000s ]
[ sql ] [ SQL ] SELECT * FROM `tp_admin` WHERE  `id` = 1 LIMIT 1 [ RunTime:0.001000s ]
[ sql ] [ SQL ] SHOW COLUMNS FROM `tp_auth_rule` [ RunTime:0.008000s ]
[ sql ] [ SQL ] SELECT * FROM `tp_auth_rule` WHERE  `name` = 'admin/banner/getbanner' LIMIT 1 [ RunTime:0.001000s ]
[ sql ] [ SQL ] SHOW COLUMNS FROM `tp_banner` [ RunTime:0.010000s ]
[ sql ] [ SQL ] SELECT * FROM `tp_banner` [ RunTime:0.001000s ]
---------------------------------------------------------------
[ 2019-11-06T09:47:22+08:00 ] 127.0.0.1 POST www.hardphp.com/index.php/admin/login/index
[ sql ] [ DB ] CONNECT:[ UseTime:0.010000s ] mysql:host=127.0.0.1;dbname=tp5qpi;charset=utf8
[ sql ] [ SQL ] SHOW COLUMNS FROM `tp_app` [ RunTime:0.022000s ]
[ sql ] [ SQL ] SELECT * FROM `tp_app` WHERE  `appId` = '123456' LIMIT 1 [ RunTime:0.000000s ]
[ sql ] [ SQL ] SHOW COLUMNS FROM `tp_admin` [ RunTime:0.009000s ]
[ sql ] [ SQL ] SELECT `a`.*,`b`.`title` FROM `tp_admin` `a` LEFT JOIN `tp_auth_group` `b` ON `a`.`groupId`=`b`.`id` WHERE  `userName` = 'admin' LIMIT 1 [ RunTime:0.001000s ]
[ sql ] [ SQL ] SHOW COLUMNS FROM `tp_auth_group` [ RunTime:0.007000s ]
[ sql ] [ SQL ] SELECT * FROM `tp_auth_group` WHERE  `id` = 1 LIMIT 1 [ RunTime:0.001000s ]
[ sql ] [ SQL ] SHOW COLUMNS FROM `tp_login_log` [ RunTime:0.007000s ]
[ sql ] [ SQL ] INSERT INTO `tp_login_log` (`uid` , `userName` , `roles` , `loginTime` , `loginIp`) VALUES (1 , 'admin' , '超级管理员' , 1573004842 , '127.0.0.1') [ RunTime:0.081000s ]
[ sql ] [ SQL ] UPDATE `tp_admin`  SET `loginTime`=1573004842  WHERE  `id` = 1 [ RunTime:0.036000s ]
---------------------------------------------------------------
[ 2019-11-06T09:47:22+08:00 ] 127.0.0.1 POST www.hardphp.com/index.php/admin/admin/getuser
[ sql ] [ DB ] CONNECT:[ UseTime:0.010000s ] mysql:host=127.0.0.1;dbname=tp5qpi;charset=utf8
[ sql ] [ SQL ] SHOW COLUMNS FROM `tp_app` [ RunTime:0.009000s ]
[ sql ] [ SQL ] SELECT * FROM `tp_app` WHERE  `appId` = '123456' LIMIT 1 [ RunTime:0.001000s ]
[ sql ] [ SQL ] SHOW COLUMNS FROM `tp_admin` [ RunTime:0.008000s ]
[ sql ] [ SQL ] SELECT * FROM `tp_admin` WHERE  `id` = 1 LIMIT 1 [ RunTime:0.001000s ]
[ sql ] [ SQL ] SHOW COLUMNS FROM `tp_auth_rule` [ RunTime:0.006000s ]
[ sql ] [ SQL ] SELECT * FROM `tp_auth_rule` WHERE  `name` = 'admin/admin/getuser' LIMIT 1 [ RunTime:0.000000s ]
[ sql ] [ SQL ] SHOW COLUMNS FROM `tp_auth_group` [ RunTime:0.008000s ]
[ sql ] [ SQL ] SELECT * FROM `tp_auth_group` WHERE  `id` = 1 LIMIT 1 [ RunTime:0.001000s ]
[ sql ] [ SQL ] SELECT * FROM `tp_auth_rule` WHERE  `id` IN (46,49,48,47,39,40,1,38,7,2)  AND `status` = 1 ORDER BY `sorts` [ RunTime:0.001000s ]
[ sql ] [ SQL ] SELECT * FROM `tp_auth_group` WHERE  `id` = 1 LIMIT 1 [ RunTime:0.001000s ]
---------------------------------------------------------------
[ 2019-11-06T09:47:22+08:00 ] 127.0.0.1 GET www.hardphp.com/index.php/admin/Banner/getbanner?signature=776a8773415590486189e97e10f77114
[ sql ] [ DB ] CONNECT:[ UseTime:0.011000s ] mysql:host=127.0.0.1;dbname=tp5qpi;charset=utf8
[ sql ] [ SQL ] SHOW COLUMNS FROM `tp_app` [ RunTime:0.010000s ]
[ sql ] [ SQL ] SELECT * FROM `tp_app` WHERE  `appId` = '123456' LIMIT 1 [ RunTime:0.000000s ]
[ sql ] [ SQL ] SHOW COLUMNS FROM `tp_admin` [ RunTime:0.010000s ]
[ sql ] [ SQL ] SELECT * FROM `tp_admin` WHERE  `id` = 1 LIMIT 1 [ RunTime:0.001000s ]
[ sql ] [ SQL ] SHOW COLUMNS FROM `tp_auth_rule` [ RunTime:0.009000s ]
[ sql ] [ SQL ] SELECT * FROM `tp_auth_rule` WHERE  `name` = 'admin/banner/getbanner' LIMIT 1 [ RunTime:0.001000s ]
[ sql ] [ SQL ] SHOW COLUMNS FROM `tp_banner` [ RunTime:0.007000s ]
[ sql ] [ SQL ] SELECT * FROM `tp_banner` [ RunTime:0.001000s ]
---------------------------------------------------------------
[ 2019-11-06T09:47:28+08:00 ] 127.0.0.1 POST www.hardphp.com/index.php/admin/rules/index
[ sql ] [ DB ] CONNECT:[ UseTime:0.001000s ] mysql:host=127.0.0.1;dbname=tp5qpi;charset=utf8
[ sql ] [ SQL ] SHOW COLUMNS FROM `tp_app` [ RunTime:0.008000s ]
[ sql ] [ SQL ] SELECT * FROM `tp_app` WHERE  `appId` = '123456' LIMIT 1 [ RunTime:0.001000s ]
[ sql ] [ SQL ] SHOW COLUMNS FROM `tp_admin` [ RunTime:0.006000s ]
[ sql ] [ SQL ] SELECT * FROM `tp_admin` WHERE  `id` = 1 LIMIT 1 [ RunTime:0.001000s ]
[ sql ] [ SQL ] SHOW COLUMNS FROM `tp_auth_rule` [ RunTime:0.006000s ]
[ sql ] [ SQL ] SELECT * FROM `tp_auth_rule` WHERE  `name` = 'admin/rules/index' LIMIT 1 [ RunTime:0.000000s ]
[ sql ] [ SQL ] SELECT `a`.* FROM `tp_auth_rule` `a` [ RunTime:0.000000s ]
---------------------------------------------------------------
[ 2019-11-06T09:47:29+08:00 ] 127.0.0.1 POST www.hardphp.com/index.php/admin/roles/index
[ sql ] [ DB ] CONNECT:[ UseTime:0.003000s ] mysql:host=127.0.0.1;dbname=tp5qpi;charset=utf8
[ sql ] [ SQL ] SHOW COLUMNS FROM `tp_app` [ RunTime:0.007000s ]
[ sql ] [ SQL ] SELECT * FROM `tp_app` WHERE  `appId` = '123456' LIMIT 1 [ RunTime:0.000000s ]
[ sql ] [ SQL ] SHOW COLUMNS FROM `tp_admin` [ RunTime:0.008000s ]
[ sql ] [ SQL ] SELECT * FROM `tp_admin` WHERE  `id` = 1 LIMIT 1 [ RunTime:0.000000s ]
[ sql ] [ SQL ] SHOW COLUMNS FROM `tp_auth_rule` [ RunTime:0.007000s ]
[ sql ] [ SQL ] SELECT * FROM `tp_auth_rule` WHERE  `name` = 'admin/roles/index' LIMIT 1 [ RunTime:0.000000s ]
[ sql ] [ SQL ] SHOW COLUMNS FROM `tp_auth_group` [ RunTime:0.007000s ]
[ sql ] [ SQL ] SELECT * FROM `tp_auth_group` LIMIT 0,10 [ RunTime:0.000000s ]
[ sql ] [ SQL ] SELECT COUNT(*) AS tp_count FROM `tp_auth_group` LIMIT 1 [ RunTime:0.000000s ]
---------------------------------------------------------------
[ 2019-11-06T09:47:30+08:00 ] 127.0.0.1 POST www.hardphp.com/index.php/admin/rules/getLists
[ sql ] [ DB ] CONNECT:[ UseTime:0.010000s ] mysql:host=127.0.0.1;dbname=tp5qpi;charset=utf8
[ sql ] [ SQL ] SHOW COLUMNS FROM `tp_app` [ RunTime:0.006000s ]
[ sql ] [ SQL ] SELECT * FROM `tp_app` WHERE  `appId` = '123456' LIMIT 1 [ RunTime:0.001000s ]
[ sql ] [ SQL ] SHOW COLUMNS FROM `tp_admin` [ RunTime:0.009000s ]
[ sql ] [ SQL ] SELECT * FROM `tp_admin` WHERE  `id` = 1 LIMIT 1 [ RunTime:0.001000s ]
[ sql ] [ SQL ] SHOW COLUMNS FROM `tp_auth_rule` [ RunTime:0.006000s ]
[ sql ] [ SQL ] SELECT * FROM `tp_auth_rule` WHERE  `name` = 'admin/rules/getlists' LIMIT 1 [ RunTime:0.001000s ]
[ sql ] [ SQL ] SELECT `a`.* FROM `tp_auth_rule` `a` WHERE  (  1 and a.status =  1 ) ORDER BY `a`.`id` DESC [ RunTime:0.001000s ]
---------------------------------------------------------------
[ 2019-11-06T09:47:32+08:00 ] 127.0.0.1 POST www.hardphp.com/index.php/admin/admin/index
[ sql ] [ DB ] CONNECT:[ UseTime:0.010000s ] mysql:host=127.0.0.1;dbname=tp5qpi;charset=utf8
[ sql ] [ SQL ] SHOW COLUMNS FROM `tp_app` [ RunTime:0.007000s ]
[ sql ] [ SQL ] SELECT * FROM `tp_app` WHERE  `appId` = '123456' LIMIT 1 [ RunTime:0.000000s ]
[ sql ] [ SQL ] SHOW COLUMNS FROM `tp_admin` [ RunTime:0.008000s ]
[ sql ] [ SQL ] SELECT * FROM `tp_admin` WHERE  `id` = 1 LIMIT 1 [ RunTime:0.001000s ]
[ sql ] [ SQL ] SHOW COLUMNS FROM `tp_auth_rule` [ RunTime:0.008000s ]
[ sql ] [ SQL ] SELECT * FROM `tp_auth_rule` WHERE  `name` = 'admin/admin/index' LIMIT 1 [ RunTime:0.001000s ]
[ sql ] [ SQL ] SELECT `a`.*,`b`.`title` FROM `tp_admin` `a` LEFT JOIN `tp_auth_group` `b` ON `a`.`groupId`=`b`.`id` ORDER BY `a`.`id` DESC LIMIT 0,10 [ RunTime:0.001000s ]
[ sql ] [ SQL ] SELECT COUNT(*) AS tp_count FROM `tp_admin` `a` LEFT JOIN `tp_auth_group` `b` ON `a`.`groupId`=`b`.`id` LIMIT 1 [ RunTime:0.000000s ]
---------------------------------------------------------------
[ 2019-11-06T09:47:33+08:00 ] 127.0.0.1 POST www.hardphp.com/index.php/admin/roles/getLists
[ sql ] [ DB ] CONNECT:[ UseTime:0.010000s ] mysql:host=127.0.0.1;dbname=tp5qpi;charset=utf8
[ sql ] [ SQL ] SHOW COLUMNS FROM `tp_app` [ RunTime:0.008000s ]
[ sql ] [ SQL ] SELECT * FROM `tp_app` WHERE  `appId` = '123456' LIMIT 1 [ RunTime:0.000000s ]
[ sql ] [ SQL ] SHOW COLUMNS FROM `tp_admin` [ RunTime:0.008000s ]
[ sql ] [ SQL ] SELECT * FROM `tp_admin` WHERE  `id` = 1 LIMIT 1 [ RunTime:0.001000s ]
[ sql ] [ SQL ] SHOW COLUMNS FROM `tp_auth_rule` [ RunTime:0.008000s ]
[ sql ] [ SQL ] SELECT * FROM `tp_auth_rule` WHERE  `name` = 'admin/roles/getlists' LIMIT 1 [ RunTime:0.001000s ]
[ sql ] [ SQL ] SHOW COLUMNS FROM `tp_auth_group` [ RunTime:0.007000s ]
[ sql ] [ SQL ] SELECT `a`.* FROM `tp_auth_group` `a` WHERE  (  1 and a.status =  1 ) ORDER BY `a`.`id` ASC [ RunTime:0.001000s ]
---------------------------------------------------------------
[ 2019-11-06T09:47:35+08:00 ] 127.0.0.1 GET www.hardphp.com/index.php/admin/admin/getinfo?id=1&signature=87495664d26339aacda755a9e6f857bb
[ sql ] [ DB ] CONNECT:[ UseTime:0.001000s ] mysql:host=127.0.0.1;dbname=tp5qpi;charset=utf8
[ sql ] [ SQL ] SHOW COLUMNS FROM `tp_app` [ RunTime:0.011000s ]
[ sql ] [ SQL ] SELECT * FROM `tp_app` WHERE  `appId` = '123456' LIMIT 1 [ RunTime:0.000000s ]
[ sql ] [ SQL ] SHOW COLUMNS FROM `tp_admin` [ RunTime:0.009000s ]
[ sql ] [ SQL ] SELECT * FROM `tp_admin` WHERE  `id` = 1 LIMIT 1 [ RunTime:0.001000s ]
[ sql ] [ SQL ] SHOW COLUMNS FROM `tp_auth_rule` [ RunTime:0.007000s ]
[ sql ] [ SQL ] SELECT * FROM `tp_auth_rule` WHERE  `name` = 'admin/admin/getinfo' LIMIT 1 [ RunTime:0.001000s ]
[ sql ] [ SQL ] SELECT `a`.*,`b`.`title` FROM `tp_admin` `a` LEFT JOIN `tp_auth_group` `b` ON `a`.`groupId`=`b`.`id` WHERE  (   a.id = 1 ) LIMIT 1 [ RunTime:0.000000s ]
---------------------------------------------------------------
[ 2019-11-06T09:48:29+08:00 ] 127.0.0.1 POST www.hardphp.com/index.php/admin/admin/save
[ sql ] [ DB ] CONNECT:[ UseTime:0.001000s ] mysql:host=127.0.0.1;dbname=tp5qpi;charset=utf8
[ sql ] [ SQL ] SHOW COLUMNS FROM `tp_app` [ RunTime:0.011000s ]
[ sql ] [ SQL ] SELECT * FROM `tp_app` WHERE  `appId` = '123456' LIMIT 1 [ RunTime:0.001000s ]
[ sql ] [ SQL ] SHOW COLUMNS FROM `tp_admin` [ RunTime:0.007000s ]
[ sql ] [ SQL ] SELECT * FROM `tp_admin` WHERE  `id` = 1 LIMIT 1 [ RunTime:0.000000s ]
[ sql ] [ SQL ] SHOW COLUMNS FROM `tp_auth_rule` [ RunTime:0.008000s ]
[ sql ] [ SQL ] SELECT * FROM `tp_auth_rule` WHERE  `name` = 'admin/admin/save' LIMIT 1 [ RunTime:0.001000s ]
[ sql ] [ SQL ] SELECT `id` FROM `tp_admin` WHERE  `userName` = 'admin' LIMIT 1 [ RunTime:0.001000s ]
[ sql ] [ SQL ] SELECT `id` FROM `tp_admin` WHERE  `userName` = 'admin' LIMIT 1 [ RunTime:0.001000s ]
[ sql ] [ SQL ] UPDATE `tp_admin`  SET `groupId`=1,`userName`='admin',`realName`='123',`img`='http://www.hardphp.com/uploads/images/20191106/f8265aed2823cb9a261648c21fa8850d.png',`phone`='18212345678',`email`='123@163.com',`isEnabled`=1,`updateTime`=1573004909  WHERE  `id` = 1 [ RunTime:0.039000s ]
---------------------------------------------------------------
[ 2019-11-06T09:48:34+08:00 ] 127.0.0.1 POST www.hardphp.com/index.php/admin/admin/getuser
[ sql ] [ DB ] CONNECT:[ UseTime:0.006000s ] mysql:host=127.0.0.1;dbname=tp5qpi;charset=utf8
[ sql ] [ SQL ] SHOW COLUMNS FROM `tp_app` [ RunTime:0.008000s ]
[ sql ] [ SQL ] SELECT * FROM `tp_app` WHERE  `appId` = '123456' LIMIT 1 [ RunTime:0.001000s ]
[ sql ] [ SQL ] SHOW COLUMNS FROM `tp_admin` [ RunTime:0.010000s ]
[ sql ] [ SQL ] SELECT * FROM `tp_admin` WHERE  `id` = 1 LIMIT 1 [ RunTime:0.001000s ]
[ sql ] [ SQL ] SHOW COLUMNS FROM `tp_auth_rule` [ RunTime:0.008000s ]
[ sql ] [ SQL ] SELECT * FROM `tp_auth_rule` WHERE  `name` = 'admin/admin/getuser' LIMIT 1 [ RunTime:0.000000s ]
[ sql ] [ SQL ] SHOW COLUMNS FROM `tp_auth_group` [ RunTime:0.013000s ]
[ sql ] [ SQL ] SELECT * FROM `tp_auth_group` WHERE  `id` = 1 LIMIT 1 [ RunTime:0.000000s ]
[ sql ] [ SQL ] SELECT * FROM `tp_auth_rule` WHERE  `id` IN (46,49,48,47,39,40,1,38,7,2)  AND `status` = 1 ORDER BY `sorts` [ RunTime:0.000000s ]
[ sql ] [ SQL ] SELECT * FROM `tp_auth_group` WHERE  `id` = 1 LIMIT 1 [ RunTime:0.001000s ]
---------------------------------------------------------------
[ 2019-11-06T09:48:35+08:00 ] 127.0.0.1 POST www.hardphp.com/index.php/admin/admin/index
[ sql ] [ DB ] CONNECT:[ UseTime:0.019000s ] mysql:host=127.0.0.1;dbname=tp5qpi;charset=utf8
[ sql ] [ SQL ] SHOW COLUMNS FROM `tp_app` [ RunTime:0.008000s ]
[ sql ] [ SQL ] SELECT * FROM `tp_app` WHERE  `appId` = '123456' LIMIT 1 [ RunTime:0.001000s ]
[ sql ] [ SQL ] SHOW COLUMNS FROM `tp_admin` [ RunTime:0.008000s ]
[ sql ] [ SQL ] SELECT * FROM `tp_admin` WHERE  `id` = 1 LIMIT 1 [ RunTime:0.000000s ]
[ sql ] [ SQL ] SHOW COLUMNS FROM `tp_auth_rule` [ RunTime:0.008000s ]
[ sql ] [ SQL ] SELECT * FROM `tp_auth_rule` WHERE  `name` = 'admin/admin/index' LIMIT 1 [ RunTime:0.001000s ]
[ sql ] [ SQL ] SELECT `a`.*,`b`.`title` FROM `tp_admin` `a` LEFT JOIN `tp_auth_group` `b` ON `a`.`groupId`=`b`.`id` ORDER BY `a`.`id` DESC LIMIT 0,10 [ RunTime:0.001000s ]
[ sql ] [ SQL ] SELECT COUNT(*) AS tp_count FROM `tp_admin` `a` LEFT JOIN `tp_auth_group` `b` ON `a`.`groupId`=`b`.`id` LIMIT 1 [ RunTime:0.001000s ]
---------------------------------------------------------------
[ 2019-11-06T09:48:36+08:00 ] 127.0.0.1 POST www.hardphp.com/index.php/admin/roles/getLists
[ sql ] [ DB ] CONNECT:[ UseTime:0.012000s ] mysql:host=127.0.0.1;dbname=tp5qpi;charset=utf8
[ sql ] [ SQL ] SHOW COLUMNS FROM `tp_app` [ RunTime:0.007000s ]
[ sql ] [ SQL ] SELECT * FROM `tp_app` WHERE  `appId` = '123456' LIMIT 1 [ RunTime:0.001000s ]
[ sql ] [ SQL ] SHOW COLUMNS FROM `tp_admin` [ RunTime:0.008000s ]
[ sql ] [ SQL ] SELECT * FROM `tp_admin` WHERE  `id` = 1 LIMIT 1 [ RunTime:0.001000s ]
[ sql ] [ SQL ] SHOW COLUMNS FROM `tp_auth_rule` [ RunTime:0.008000s ]
[ sql ] [ SQL ] SELECT * FROM `tp_auth_rule` WHERE  `name` = 'admin/roles/getlists' LIMIT 1 [ RunTime:0.001000s ]
[ sql ] [ SQL ] SHOW COLUMNS FROM `tp_auth_group` [ RunTime:0.009000s ]
[ sql ] [ SQL ] SELECT `a`.* FROM `tp_auth_group` `a` WHERE  (  1 and a.status =  1 ) ORDER BY `a`.`id` ASC [ RunTime:0.000000s ]
---------------------------------------------------------------
[ 2019-11-06T09:48:58+08:00 ] 127.0.0.1 GET www.hardphp.com/index.php/admin/Banner/getbanner?signature=776a8773415590486189e97e10f77114
[ sql ] [ DB ] CONNECT:[ UseTime:0.010000s ] mysql:host=127.0.0.1;dbname=tp5qpi;charset=utf8
[ sql ] [ SQL ] SHOW COLUMNS FROM `tp_app` [ RunTime:0.006000s ]
[ sql ] [ SQL ] SELECT * FROM `tp_app` WHERE  `appId` = '123456' LIMIT 1 [ RunTime:0.001000s ]
[ sql ] [ SQL ] SHOW COLUMNS FROM `tp_admin` [ RunTime:0.009000s ]
[ sql ] [ SQL ] SELECT * FROM `tp_admin` WHERE  `id` = 1 LIMIT 1 [ RunTime:0.000000s ]
[ sql ] [ SQL ] SHOW COLUMNS FROM `tp_auth_rule` [ RunTime:0.008000s ]
[ sql ] [ SQL ] SELECT * FROM `tp_auth_rule` WHERE  `name` = 'admin/banner/getbanner' LIMIT 1 [ RunTime:0.000000s ]
[ sql ] [ SQL ] SHOW COLUMNS FROM `tp_banner` [ RunTime:0.006000s ]
[ sql ] [ SQL ] SELECT * FROM `tp_banner` [ RunTime:0.001000s ]
---------------------------------------------------------------
[ 2019-11-06T09:49:02+08:00 ] 127.0.0.1 POST www.hardphp.com/index.php/admin/admin/getuser
[ sql ] [ DB ] CONNECT:[ UseTime:0.001000s ] mysql:host=127.0.0.1;dbname=tp5qpi;charset=utf8
[ sql ] [ SQL ] SHOW COLUMNS FROM `tp_app` [ RunTime:0.009000s ]
[ sql ] [ SQL ] SELECT * FROM `tp_app` WHERE  `appId` = '123456' LIMIT 1 [ RunTime:0.001000s ]
[ sql ] [ SQL ] SHOW COLUMNS FROM `tp_admin` [ RunTime:0.010000s ]
[ sql ] [ SQL ] SELECT * FROM `tp_admin` WHERE  `id` = 1 LIMIT 1 [ RunTime:0.001000s ]
[ sql ] [ SQL ] SHOW COLUMNS FROM `tp_auth_rule` [ RunTime:0.008000s ]
[ sql ] [ SQL ] SELECT * FROM `tp_auth_rule` WHERE  `name` = 'admin/admin/getuser' LIMIT 1 [ RunTime:0.001000s ]
[ sql ] [ SQL ] SHOW COLUMNS FROM `tp_auth_group` [ RunTime:0.011000s ]
[ sql ] [ SQL ] SELECT * FROM `tp_auth_group` WHERE  `id` = 1 LIMIT 1 [ RunTime:0.008000s ]
[ sql ] [ SQL ] SELECT * FROM `tp_auth_rule` WHERE  `id` IN (46,49,48,47,39,40,1,38,7,2)  AND `status` = 1 ORDER BY `sorts` [ RunTime:0.001000s ]
[ sql ] [ SQL ] SELECT * FROM `tp_auth_group` WHERE  `id` = 1 LIMIT 1 [ RunTime:0.001000s ]
---------------------------------------------------------------
[ 2019-11-06T09:49:03+08:00 ] 127.0.0.1 GET www.hardphp.com/index.php/admin/Banner/getbanner?signature=776a8773415590486189e97e10f77114
[ sql ] [ DB ] CONNECT:[ UseTime:0.006000s ] mysql:host=127.0.0.1;dbname=tp5qpi;charset=utf8
[ sql ] [ SQL ] SHOW COLUMNS FROM `tp_app` [ RunTime:0.009000s ]
[ sql ] [ SQL ] SELECT * FROM `tp_app` WHERE  `appId` = '123456' LIMIT 1 [ RunTime:0.001000s ]
[ sql ] [ SQL ] SHOW COLUMNS FROM `tp_admin` [ RunTime:0.010000s ]
[ sql ] [ SQL ] SELECT * FROM `tp_admin` WHERE  `id` = 1 LIMIT 1 [ RunTime:0.000000s ]
[ sql ] [ SQL ] SHOW COLUMNS FROM `tp_auth_rule` [ RunTime:0.010000s ]
[ sql ] [ SQL ] SELECT * FROM `tp_auth_rule` WHERE  `name` = 'admin/banner/getbanner' LIMIT 1 [ RunTime:0.000000s ]
[ sql ] [ SQL ] SHOW COLUMNS FROM `tp_banner` [ RunTime:0.008000s ]
[ sql ] [ SQL ] SELECT * FROM `tp_banner` [ RunTime:0.000000s ]
---------------------------------------------------------------
[ 2019-11-06T09:49:27+08:00 ] 127.0.0.1 POST www.hardphp.com/index.php/admin/Banner/save
[ sql ] [ DB ] CONNECT:[ UseTime:0.010000s ] mysql:host=127.0.0.1;dbname=tp5qpi;charset=utf8
[ sql ] [ SQL ] SHOW COLUMNS FROM `tp_app` [ RunTime:0.007000s ]
[ sql ] [ SQL ] SELECT * FROM `tp_app` WHERE  `appId` = '123456' LIMIT 1 [ RunTime:0.001000s ]
[ sql ] [ SQL ] SHOW COLUMNS FROM `tp_admin` [ RunTime:0.007000s ]
[ sql ] [ SQL ] SELECT * FROM `tp_admin` WHERE  `id` = 1 LIMIT 1 [ RunTime:0.000000s ]
[ sql ] [ SQL ] SHOW COLUMNS FROM `tp_auth_rule` [ RunTime:0.007000s ]
[ sql ] [ SQL ] SELECT * FROM `tp_auth_rule` WHERE  `name` = 'admin/banner/save' LIMIT 1 [ RunTime:0.000000s ]
[ sql ] [ SQL ] SHOW COLUMNS FROM `tp_banner` [ RunTime:0.007000s ]
[ sql ] [ SQL ] SELECT * FROM `tp_banner` [ RunTime:0.001000s ]
[ sql ] [ SQL ] INSERT INTO `tp_banner` (`img` , `createtime` , `status` , `updateTime`) VALUES ('http://www.hardphp.com/uploads/images/20191106/4a1e18d80693ba760f451b5568fe9877.jpg' , '1573004942' , 1 , '1573004967') [ RunTime:0.000000s ]
---------------------------------------------------------------
[ 2019-11-06T10:00:37+08:00 ] 127.0.0.1 POST www.hardphp.com/index.php/admin/admin/getuser
[ sql ] [ DB ] CONNECT:[ UseTime:0.015000s ] mysql:host=127.0.0.1;dbname=tp5qpi;charset=utf8
[ sql ] [ SQL ] SHOW COLUMNS FROM `tp_app` [ RunTime:0.016000s ]
[ sql ] [ SQL ] SELECT * FROM `tp_app` WHERE  `appId` = '123456' LIMIT 1 [ RunTime:0.001000s ]
[ sql ] [ SQL ] SHOW COLUMNS FROM `tp_admin` [ RunTime:0.007000s ]
[ sql ] [ SQL ] SELECT * FROM `tp_admin` WHERE  `id` = 1 LIMIT 1 [ RunTime:0.000000s ]
[ sql ] [ SQL ] SHOW COLUMNS FROM `tp_auth_rule` [ RunTime:0.007000s ]
[ sql ] [ SQL ] SELECT * FROM `tp_auth_rule` WHERE  `name` = 'admin/admin/getuser' LIMIT 1 [ RunTime:0.001000s ]
[ sql ] [ SQL ] SHOW COLUMNS FROM `tp_auth_group` [ RunTime:0.009000s ]
[ sql ] [ SQL ] SELECT * FROM `tp_auth_group` WHERE  `id` = 1 LIMIT 1 [ RunTime:0.001000s ]
[ sql ] [ SQL ] SELECT * FROM `tp_auth_rule` WHERE  `id` IN (46,49,48,47,39,40,1,38,7,2)  AND `status` = 1 ORDER BY `sorts` [ RunTime:0.002000s ]
[ sql ] [ SQL ] SELECT * FROM `tp_auth_group` WHERE  `id` = 1 LIMIT 1 [ RunTime:0.001000s ]
---------------------------------------------------------------
[ 2019-11-06T10:00:37+08:00 ] 127.0.0.1 GET www.hardphp.com/index.php/admin/Banner/getbanner?signature=776a8773415590486189e97e10f77114
[ sql ] [ DB ] CONNECT:[ UseTime:0.002000s ] mysql:host=127.0.0.1;dbname=tp5qpi;charset=utf8
[ sql ] [ SQL ] SHOW COLUMNS FROM `tp_app` [ RunTime:0.010000s ]
[ sql ] [ SQL ] SELECT * FROM `tp_app` WHERE  `appId` = '123456' LIMIT 1 [ RunTime:0.000000s ]
[ sql ] [ SQL ] SHOW COLUMNS FROM `tp_admin` [ RunTime:0.011000s ]
[ sql ] [ SQL ] SELECT * FROM `tp_admin` WHERE  `id` = 1 LIMIT 1 [ RunTime:0.000000s ]
[ sql ] [ SQL ] SHOW COLUMNS FROM `tp_auth_rule` [ RunTime:0.012000s ]
[ sql ] [ SQL ] SELECT * FROM `tp_auth_rule` WHERE  `name` = 'admin/banner/getbanner' LIMIT 1 [ RunTime:0.000000s ]
[ sql ] [ SQL ] SHOW COLUMNS FROM `tp_banner` [ RunTime:0.011000s ]
[ sql ] [ SQL ] SELECT * FROM `tp_banner` [ RunTime:0.000000s ]
---------------------------------------------------------------
[ 2019-11-06T10:00:47+08:00 ] 127.0.0.1 POST www.hardphp.com/index.php/admin/admin/getuser
[ sql ] [ DB ] CONNECT:[ UseTime:0.001000s ] mysql:host=127.0.0.1;dbname=tp5qpi;charset=utf8
[ sql ] [ SQL ] SHOW COLUMNS FROM `tp_app` [ RunTime:0.009000s ]
[ sql ] [ SQL ] SELECT * FROM `tp_app` WHERE  `appId` = '123456' LIMIT 1 [ RunTime:0.001000s ]
[ sql ] [ SQL ] SHOW COLUMNS FROM `tp_admin` [ RunTime:0.010000s ]
[ sql ] [ SQL ] SELECT * FROM `tp_admin` WHERE  `id` = 1 LIMIT 1 [ RunTime:0.000000s ]
[ sql ] [ SQL ] SHOW COLUMNS FROM `tp_auth_rule` [ RunTime:0.010000s ]
[ sql ] [ SQL ] SELECT * FROM `tp_auth_rule` WHERE  `name` = 'admin/admin/getuser' LIMIT 1 [ RunTime:0.001000s ]
[ sql ] [ SQL ] SHOW COLUMNS FROM `tp_auth_group` [ RunTime:0.013000s ]
[ sql ] [ SQL ] SELECT * FROM `tp_auth_group` WHERE  `id` = 1 LIMIT 1 [ RunTime:0.001000s ]
[ sql ] [ SQL ] SELECT * FROM `tp_auth_rule` WHERE  `id` IN (46,49,48,47,39,40,1,38,7,2)  AND `status` = 1 ORDER BY `sorts` [ RunTime:0.001000s ]
[ sql ] [ SQL ] SELECT * FROM `tp_auth_group` WHERE  `id` = 1 LIMIT 1 [ RunTime:0.001000s ]
---------------------------------------------------------------
[ 2019-11-06T10:00:47+08:00 ] 127.0.0.1 GET www.hardphp.com/index.php/admin/Banner/getbanner?signature=776a8773415590486189e97e10f77114
[ sql ] [ DB ] CONNECT:[ UseTime:0.003000s ] mysql:host=127.0.0.1;dbname=tp5qpi;charset=utf8
[ sql ] [ SQL ] SHOW COLUMNS FROM `tp_app` [ RunTime:0.009000s ]
[ sql ] [ SQL ] SELECT * FROM `tp_app` WHERE  `appId` = '123456' LIMIT 1 [ RunTime:0.000000s ]
[ sql ] [ SQL ] SHOW COLUMNS FROM `tp_admin` [ RunTime:0.008000s ]
[ sql ] [ SQL ] SELECT * FROM `tp_admin` WHERE  `id` = 1 LIMIT 1 [ RunTime:0.001000s ]
[ sql ] [ SQL ] SHOW COLUMNS FROM `tp_auth_rule` [ RunTime:0.011000s ]
[ sql ] [ SQL ] SELECT * FROM `tp_auth_rule` WHERE  `name` = 'admin/banner/getbanner' LIMIT 1 [ RunTime:0.000000s ]
[ sql ] [ SQL ] SHOW COLUMNS FROM `tp_banner` [ RunTime:0.010000s ]
[ sql ] [ SQL ] SELECT * FROM `tp_banner` [ RunTime:0.001000s ]
---------------------------------------------------------------
[ 2019-11-06T10:01:38+08:00 ] 127.0.0.1 POST www.hardphp.com/index.php/admin/admin/getuser
[ sql ] [ DB ] CONNECT:[ UseTime:0.002000s ] mysql:host=127.0.0.1;dbname=tp5qpi;charset=utf8
[ sql ] [ SQL ] SHOW COLUMNS FROM `tp_app` [ RunTime:0.009000s ]
[ sql ] [ SQL ] SELECT * FROM `tp_app` WHERE  `appId` = '123456' LIMIT 1 [ RunTime:0.001000s ]
[ sql ] [ SQL ] SHOW COLUMNS FROM `tp_admin` [ RunTime:0.010000s ]
[ sql ] [ SQL ] SELECT * FROM `tp_admin` WHERE  `id` = 1 LIMIT 1 [ RunTime:0.001000s ]
[ sql ] [ SQL ] SHOW COLUMNS FROM `tp_auth_rule` [ RunTime:0.010000s ]
[ sql ] [ SQL ] SELECT * FROM `tp_auth_rule` WHERE  `name` = 'admin/admin/getuser' LIMIT 1 [ RunTime:0.000000s ]
[ sql ] [ SQL ] SHOW COLUMNS FROM `tp_auth_group` [ RunTime:0.007000s ]
[ sql ] [ SQL ] SELECT * FROM `tp_auth_group` WHERE  `id` = 1 LIMIT 1 [ RunTime:0.000000s ]
[ sql ] [ SQL ] SELECT * FROM `tp_auth_rule` WHERE  `id` IN (46,49,48,47,39,40,1,38,7,2)  AND `status` = 1 ORDER BY `sorts` [ RunTime:0.001000s ]
[ sql ] [ SQL ] SELECT * FROM `tp_auth_group` WHERE  `id` = 1 LIMIT 1 [ RunTime:0.002000s ]
---------------------------------------------------------------
[ 2019-11-06T10:01:39+08:00 ] 127.0.0.1 GET www.hardphp.com/index.php/admin/Banner/getbanner?signature=776a8773415590486189e97e10f77114
[ sql ] [ DB ] CONNECT:[ UseTime:0.002000s ] mysql:host=127.0.0.1;dbname=tp5qpi;charset=utf8
[ sql ] [ SQL ] SHOW COLUMNS FROM `tp_app` [ RunTime:0.009000s ]
[ sql ] [ SQL ] SELECT * FROM `tp_app` WHERE  `appId` = '123456' LIMIT 1 [ RunTime:0.000000s ]
[ sql ] [ SQL ] SHOW COLUMNS FROM `tp_admin` [ RunTime:0.009000s ]
[ sql ] [ SQL ] SELECT * FROM `tp_admin` WHERE  `id` = 1 LIMIT 1 [ RunTime:0.001000s ]
[ sql ] [ SQL ] SHOW COLUMNS FROM `tp_auth_rule` [ RunTime:0.008000s ]
[ sql ] [ SQL ] SELECT * FROM `tp_auth_rule` WHERE  `name` = 'admin/banner/getbanner' LIMIT 1 [ RunTime:0.000000s ]
[ sql ] [ SQL ] SHOW COLUMNS FROM `tp_banner` [ RunTime:0.011000s ]
[ sql ] [ SQL ] SELECT * FROM `tp_banner` [ RunTime:0.000000s ]
---------------------------------------------------------------
[ 2019-11-06T10:01:57+08:00 ] 127.0.0.1 POST www.hardphp.com/index.php/admin/admin/getuser
[ sql ] [ DB ] CONNECT:[ UseTime:0.010000s ] mysql:host=127.0.0.1;dbname=tp5qpi;charset=utf8
[ sql ] [ SQL ] SHOW COLUMNS FROM `tp_app` [ RunTime:0.009000s ]
[ sql ] [ SQL ] SELECT * FROM `tp_app` WHERE  `appId` = '123456' LIMIT 1 [ RunTime:0.001000s ]
[ sql ] [ SQL ] SHOW COLUMNS FROM `tp_admin` [ RunTime:0.009000s ]
[ sql ] [ SQL ] SELECT * FROM `tp_admin` WHERE  `id` = 1 LIMIT 1 [ RunTime:0.001000s ]
[ sql ] [ SQL ] SHOW COLUMNS FROM `tp_auth_rule` [ RunTime:0.008000s ]
[ sql ] [ SQL ] SELECT * FROM `tp_auth_rule` WHERE  `name` = 'admin/admin/getuser' LIMIT 1 [ RunTime:0.001000s ]
[ sql ] [ SQL ] SHOW COLUMNS FROM `tp_auth_group` [ RunTime:0.008000s ]
[ sql ] [ SQL ] SELECT * FROM `tp_auth_group` WHERE  `id` = 1 LIMIT 1 [ RunTime:0.000000s ]
[ sql ] [ SQL ] SELECT * FROM `tp_auth_rule` WHERE  `id` IN (46,49,48,47,39,40,1,38,7,2)  AND `status` = 1 ORDER BY `sorts` [ RunTime:0.001000s ]
[ sql ] [ SQL ] SELECT * FROM `tp_auth_group` WHERE  `id` = 1 LIMIT 1 [ RunTime:0.000000s ]
---------------------------------------------------------------
[ 2019-11-06T10:01:58+08:00 ] 127.0.0.1 GET www.hardphp.com/index.php/admin/Banner/getbanner?signature=776a8773415590486189e97e10f77114
[ sql ] [ DB ] CONNECT:[ UseTime:0.004000s ] mysql:host=127.0.0.1;dbname=tp5qpi;charset=utf8
[ sql ] [ SQL ] SHOW COLUMNS FROM `tp_app` [ RunTime:0.008000s ]
[ sql ] [ SQL ] SELECT * FROM `tp_app` WHERE  `appId` = '123456' LIMIT 1 [ RunTime:0.001000s ]
[ sql ] [ SQL ] SHOW COLUMNS FROM `tp_admin` [ RunTime:0.008000s ]
[ sql ] [ SQL ] SELECT * FROM `tp_admin` WHERE  `id` = 1 LIMIT 1 [ RunTime:0.001000s ]
[ sql ] [ SQL ] SHOW COLUMNS FROM `tp_auth_rule` [ RunTime:0.011000s ]
[ sql ] [ SQL ] SELECT * FROM `tp_auth_rule` WHERE  `name` = 'admin/banner/getbanner' LIMIT 1 [ RunTime:0.000000s ]
[ sql ] [ SQL ] SHOW COLUMNS FROM `tp_banner` [ RunTime:0.011000s ]
[ sql ] [ SQL ] SELECT * FROM `tp_banner` [ RunTime:0.001000s ]
---------------------------------------------------------------
[ 2019-11-06T10:02:39+08:00 ] 127.0.0.1 POST www.hardphp.com/index.php/admin/Banner/save
[ sql ] [ DB ] CONNECT:[ UseTime:0.010000s ] mysql:host=127.0.0.1;dbname=tp5qpi;charset=utf8
[ sql ] [ SQL ] SHOW COLUMNS FROM `tp_app` [ RunTime:0.007000s ]
[ sql ] [ SQL ] SELECT * FROM `tp_app` WHERE  `appId` = '123456' LIMIT 1 [ RunTime:0.000000s ]
[ sql ] [ SQL ] SHOW COLUMNS FROM `tp_admin` [ RunTime:0.008000s ]
[ sql ] [ SQL ] SELECT * FROM `tp_admin` WHERE  `id` = 1 LIMIT 1 [ RunTime:0.000000s ]
[ sql ] [ SQL ] SHOW COLUMNS FROM `tp_auth_rule` [ RunTime:0.007000s ]
[ sql ] [ SQL ] SELECT * FROM `tp_auth_rule` WHERE  `name` = 'admin/banner/save' LIMIT 1 [ RunTime:0.001000s ]
[ sql ] [ SQL ] SHOW COLUMNS FROM `tp_banner` [ RunTime:0.006000s ]
[ sql ] [ SQL ] SELECT * FROM `tp_banner` [ RunTime:0.000000s ]
[ sql ] [ SQL ] INSERT INTO `tp_banner` (`img` , `createtime` , `status` , `updateTime`) VALUES ('http://www.hardphp.com/uploads/images/20191106/a7204760515b671e0fd06fa4900ffbf2.jpg,http://www.hardphp.com/uploads/images/20191106/6c43c0ac0975c5e0c78d6fa303f6c136.png' , '1573005717' , 1 , '1573005759') [ RunTime:0.001000s ]
---------------------------------------------------------------
[ 2019-11-06T10:13:43+08:00 ] 127.0.0.1 POST www.hardphp.com/index.php/admin/admin/getuser
[ sql ] [ DB ] CONNECT:[ UseTime:0.008000s ] mysql:host=127.0.0.1;dbname=tp5qpi;charset=utf8
[ sql ] [ SQL ] SHOW COLUMNS FROM `tp_app` [ RunTime:0.008000s ]
[ sql ] [ SQL ] SELECT * FROM `tp_app` WHERE  `appId` = '123456' LIMIT 1 [ RunTime:0.001000s ]
[ sql ] [ SQL ] SHOW COLUMNS FROM `tp_admin` [ RunTime:0.011000s ]
[ sql ] [ SQL ] SELECT * FROM `tp_admin` WHERE  `id` = 1 LIMIT 1 [ RunTime:0.001000s ]
[ sql ] [ SQL ] SHOW COLUMNS FROM `tp_auth_rule` [ RunTime:0.010000s ]
[ sql ] [ SQL ] SELECT * FROM `tp_auth_rule` WHERE  `name` = 'admin/admin/getuser' LIMIT 1 [ RunTime:0.001000s ]
[ sql ] [ SQL ] SHOW COLUMNS FROM `tp_auth_group` [ RunTime:0.007000s ]
[ sql ] [ SQL ] SELECT * FROM `tp_auth_group` WHERE  `id` = 1 LIMIT 1 [ RunTime:0.000000s ]
[ sql ] [ SQL ] SELECT * FROM `tp_auth_rule` WHERE  `id` IN (46,49,48,47,39,40,1,38,7,2)  AND `status` = 1 ORDER BY `sorts` [ RunTime:0.001000s ]
[ sql ] [ SQL ] SELECT * FROM `tp_auth_group` WHERE  `id` = 1 LIMIT 1 [ RunTime:0.000000s ]
---------------------------------------------------------------
[ 2019-11-06T10:13:47+08:00 ] 127.0.0.1 GET www.hardphp.com/index.php/admin/Banner/getbanner?signature=776a8773415590486189e97e10f77114
[ sql ] [ DB ] CONNECT:[ UseTime:0.000000s ] mysql:host=127.0.0.1;dbname=tp5qpi;charset=utf8
[ sql ] [ SQL ] SHOW COLUMNS FROM `tp_app` [ RunTime:0.008000s ]
[ sql ] [ SQL ] SELECT * FROM `tp_app` WHERE  `appId` = '123456' LIMIT 1 [ RunTime:0.001000s ]
[ sql ] [ SQL ] SHOW COLUMNS FROM `tp_admin` [ RunTime:0.007000s ]
[ sql ] [ SQL ] SELECT * FROM `tp_admin` WHERE  `id` = 1 LIMIT 1 [ RunTime:0.000000s ]
[ sql ] [ SQL ] SHOW COLUMNS FROM `tp_auth_rule` [ RunTime:0.006000s ]
[ sql ] [ SQL ] SELECT * FROM `tp_auth_rule` WHERE  `name` = 'admin/banner/getbanner' LIMIT 1 [ RunTime:0.001000s ]
[ sql ] [ SQL ] SHOW COLUMNS FROM `tp_banner` [ RunTime:0.008000s ]
[ sql ] [ SQL ] SELECT * FROM `tp_banner` [ RunTime:0.001000s ]
---------------------------------------------------------------
[ 2019-11-06T10:14:02+08:00 ] 127.0.0.1 POST www.hardphp.com/index.php/admin/admin/getuser
[ sql ] [ DB ] CONNECT:[ UseTime:0.001000s ] mysql:host=127.0.0.1;dbname=tp5qpi;charset=utf8
[ sql ] [ SQL ] SHOW COLUMNS FROM `tp_app` [ RunTime:0.008000s ]
[ sql ] [ SQL ] SELECT * FROM `tp_app` WHERE  `appId` = '123456' LIMIT 1 [ RunTime:0.000000s ]
[ sql ] [ SQL ] SHOW COLUMNS FROM `tp_admin` [ RunTime:0.011000s ]
[ sql ] [ SQL ] SELECT * FROM `tp_admin` WHERE  `id` = 1 LIMIT 1 [ RunTime:0.001000s ]
[ sql ] [ SQL ] SHOW COLUMNS FROM `tp_auth_rule` [ RunTime:0.010000s ]
[ sql ] [ SQL ] SELECT * FROM `tp_auth_rule` WHERE  `name` = 'admin/admin/getuser' LIMIT 1 [ RunTime:0.001000s ]
[ sql ] [ SQL ] SHOW COLUMNS FROM `tp_auth_group` [ RunTime:0.008000s ]
[ sql ] [ SQL ] SELECT * FROM `tp_auth_group` WHERE  `id` = 1 LIMIT 1 [ RunTime:0.001000s ]
[ sql ] [ SQL ] SELECT * FROM `tp_auth_rule` WHERE  `id` IN (46,49,48,47,39,40,1,38,7,2)  AND `status` = 1 ORDER BY `sorts` [ RunTime:0.000000s ]
[ sql ] [ SQL ] SELECT * FROM `tp_auth_group` WHERE  `id` = 1 LIMIT 1 [ RunTime:0.001000s ]
---------------------------------------------------------------
[ 2019-11-06T10:14:02+08:00 ] 127.0.0.1 GET www.hardphp.com/index.php/admin/Banner/getbanner?signature=776a8773415590486189e97e10f77114
[ sql ] [ DB ] CONNECT:[ UseTime:0.001000s ] mysql:host=127.0.0.1;dbname=tp5qpi;charset=utf8
[ sql ] [ SQL ] SHOW COLUMNS FROM `tp_app` [ RunTime:0.009000s ]
[ sql ] [ SQL ] SELECT * FROM `tp_app` WHERE  `appId` = '123456' LIMIT 1 [ RunTime:0.000000s ]
[ sql ] [ SQL ] SHOW COLUMNS FROM `tp_admin` [ RunTime:0.012000s ]
[ sql ] [ SQL ] SELECT * FROM `tp_admin` WHERE  `id` = 1 LIMIT 1 [ RunTime:0.001000s ]
[ sql ] [ SQL ] SHOW COLUMNS FROM `tp_auth_rule` [ RunTime:0.008000s ]
[ sql ] [ SQL ] SELECT * FROM `tp_auth_rule` WHERE  `name` = 'admin/banner/getbanner' LIMIT 1 [ RunTime:0.000000s ]
[ sql ] [ SQL ] SHOW COLUMNS FROM `tp_banner` [ RunTime:0.008000s ]
[ sql ] [ SQL ] SELECT * FROM `tp_banner` [ RunTime:0.001000s ]
---------------------------------------------------------------
[ 2019-11-06T10:14:38+08:00 ] 127.0.0.1 GET www.hardphp.com/index.php/admin/Banner/getbanner?signature=776a8773415590486189e97e10f77114
[ sql ] [ DB ] CONNECT:[ UseTime:0.010000s ] mysql:host=127.0.0.1;dbname=tp5qpi;charset=utf8
[ sql ] [ SQL ] SHOW COLUMNS FROM `tp_app` [ RunTime:0.011000s ]
[ sql ] [ SQL ] SELECT * FROM `tp_app` WHERE  `appId` = '123456' LIMIT 1 [ RunTime:0.001000s ]
[ sql ] [ SQL ] SHOW COLUMNS FROM `tp_admin` [ RunTime:0.010000s ]
[ sql ] [ SQL ] SELECT * FROM `tp_admin` WHERE  `id` = 1 LIMIT 1 [ RunTime:0.000000s ]
[ sql ] [ SQL ] SHOW COLUMNS FROM `tp_auth_rule` [ RunTime:0.007000s ]
[ sql ] [ SQL ] SELECT * FROM `tp_auth_rule` WHERE  `name` = 'admin/banner/getbanner' LIMIT 1 [ RunTime:0.001000s ]
[ sql ] [ SQL ] SHOW COLUMNS FROM `tp_banner` [ RunTime:0.008000s ]
[ sql ] [ SQL ] SELECT * FROM `tp_banner` [ RunTime:0.000000s ]
---------------------------------------------------------------
[ 2019-11-06T10:16:04+08:00 ] 127.0.0.1 POST www.hardphp.com/index.php/admin/admin/getuser
[ sql ] [ DB ] CONNECT:[ UseTime:0.002000s ] mysql:host=127.0.0.1;dbname=tp5qpi;charset=utf8
[ sql ] [ SQL ] SHOW COLUMNS FROM `tp_app` [ RunTime:0.009000s ]
[ sql ] [ SQL ] SELECT * FROM `tp_app` WHERE  `appId` = '123456' LIMIT 1 [ RunTime:0.001000s ]
[ sql ] [ SQL ] SHOW COLUMNS FROM `tp_admin` [ RunTime:0.009000s ]
[ sql ] [ SQL ] SELECT * FROM `tp_admin` WHERE  `id` = 1 LIMIT 1 [ RunTime:0.002000s ]
[ sql ] [ SQL ] SHOW COLUMNS FROM `tp_auth_rule` [ RunTime:0.010000s ]
[ sql ] [ SQL ] SELECT * FROM `tp_auth_rule` WHERE  `name` = 'admin/admin/getuser' LIMIT 1 [ RunTime:0.002000s ]
[ sql ] [ SQL ] SHOW COLUMNS FROM `tp_auth_group` [ RunTime:0.011000s ]
[ sql ] [ SQL ] SELECT * FROM `tp_auth_group` WHERE  `id` = 1 LIMIT 1 [ RunTime:0.002000s ]
[ sql ] [ SQL ] SELECT * FROM `tp_auth_rule` WHERE  `id` IN (46,49,48,47,39,40,1,38,7,2)  AND `status` = 1 ORDER BY `sorts` [ RunTime:0.002000s ]
[ sql ] [ SQL ] SELECT * FROM `tp_auth_group` WHERE  `id` = 1 LIMIT 1 [ RunTime:0.001000s ]
---------------------------------------------------------------
[ 2019-11-06T10:16:05+08:00 ] 127.0.0.1 GET www.hardphp.com/index.php/admin/Banner/getbanner?signature=776a8773415590486189e97e10f77114
[ sql ] [ DB ] CONNECT:[ UseTime:0.001000s ] mysql:host=127.0.0.1;dbname=tp5qpi;charset=utf8
[ sql ] [ SQL ] SHOW COLUMNS FROM `tp_app` [ RunTime:0.012000s ]
[ sql ] [ SQL ] SELECT * FROM `tp_app` WHERE  `appId` = '123456' LIMIT 1 [ RunTime:0.001000s ]
[ sql ] [ SQL ] SHOW COLUMNS FROM `tp_admin` [ RunTime:0.009000s ]
[ sql ] [ SQL ] SELECT * FROM `tp_admin` WHERE  `id` = 1 LIMIT 1 [ RunTime:0.001000s ]
[ sql ] [ SQL ] SHOW COLUMNS FROM `tp_auth_rule` [ RunTime:0.008000s ]
[ sql ] [ SQL ] SELECT * FROM `tp_auth_rule` WHERE  `name` = 'admin/banner/getbanner' LIMIT 1 [ RunTime:0.001000s ]
[ sql ] [ SQL ] SHOW COLUMNS FROM `tp_banner` [ RunTime:0.010000s ]
[ sql ] [ SQL ] SELECT * FROM `tp_banner` [ RunTime:0.001000s ]
---------------------------------------------------------------
[ 2019-11-06T10:17:38+08:00 ] 127.0.0.1 POST www.hardphp.com/index.php/admin/admin/getuser
[ sql ] [ DB ] CONNECT:[ UseTime:0.002000s ] mysql:host=127.0.0.1;dbname=tp5qpi;charset=utf8
[ sql ] [ SQL ] SHOW COLUMNS FROM `tp_app` [ RunTime:0.009000s ]
[ sql ] [ SQL ] SELECT * FROM `tp_app` WHERE  `appId` = '123456' LIMIT 1 [ RunTime:0.001000s ]
[ sql ] [ SQL ] SHOW COLUMNS FROM `tp_admin` [ RunTime:0.011000s ]
[ sql ] [ SQL ] SELECT * FROM `tp_admin` WHERE  `id` = 1 LIMIT 1 [ RunTime:0.001000s ]
[ sql ] [ SQL ] SHOW COLUMNS FROM `tp_auth_rule` [ RunTime:0.008000s ]
[ sql ] [ SQL ] SELECT * FROM `tp_auth_rule` WHERE  `name` = 'admin/admin/getuser' LIMIT 1 [ RunTime:0.001000s ]
[ sql ] [ SQL ] SHOW COLUMNS FROM `tp_auth_group` [ RunTime:0.008000s ]
[ sql ] [ SQL ] SELECT * FROM `tp_auth_group` WHERE  `id` = 1 LIMIT 1 [ RunTime:0.000000s ]
[ sql ] [ SQL ] SELECT * FROM `tp_auth_rule` WHERE  `id` IN (46,49,48,47,39,40,1,38,7,2)  AND `status` = 1 ORDER BY `sorts` [ RunTime:0.001000s ]
[ sql ] [ SQL ] SELECT * FROM `tp_auth_group` WHERE  `id` = 1 LIMIT 1 [ RunTime:0.001000s ]
---------------------------------------------------------------
[ 2019-11-06T10:17:39+08:00 ] 127.0.0.1 GET www.hardphp.com/index.php/admin/Banner/getbanner?signature=776a8773415590486189e97e10f77114
[ sql ] [ DB ] CONNECT:[ UseTime:0.002000s ] mysql:host=127.0.0.1;dbname=tp5qpi;charset=utf8
[ sql ] [ SQL ] SHOW COLUMNS FROM `tp_app` [ RunTime:0.010000s ]
[ sql ] [ SQL ] SELECT * FROM `tp_app` WHERE  `appId` = '123456' LIMIT 1 [ RunTime:0.000000s ]
[ sql ] [ SQL ] SHOW COLUMNS FROM `tp_admin` [ RunTime:0.009000s ]
[ sql ] [ SQL ] SELECT * FROM `tp_admin` WHERE  `id` = 1 LIMIT 1 [ RunTime:0.001000s ]
[ sql ] [ SQL ] SHOW COLUMNS FROM `tp_auth_rule` [ RunTime:0.007000s ]
[ sql ] [ SQL ] SELECT * FROM `tp_auth_rule` WHERE  `name` = 'admin/banner/getbanner' LIMIT 1 [ RunTime:0.001000s ]
[ sql ] [ SQL ] SHOW COLUMNS FROM `tp_banner` [ RunTime:0.008000s ]
[ sql ] [ SQL ] SELECT * FROM `tp_banner` [ RunTime:0.000000s ]
---------------------------------------------------------------
[ 2019-11-06T10:34:59+08:00 ] 127.0.0.1 GET www.hardphp.com/index.php/admin/Banner/getbanner?signature=776a8773415590486189e97e10f77114
[ sql ] [ DB ] CONNECT:[ UseTime:0.011000s ] mysql:host=127.0.0.1;dbname=tp5qpi;charset=utf8
[ sql ] [ SQL ] SHOW COLUMNS FROM `tp_app` [ RunTime:0.006000s ]
[ sql ] [ SQL ] SELECT * FROM `tp_app` WHERE  `appId` = '123456' LIMIT 1 [ RunTime:0.001000s ]
[ sql ] [ SQL ] SHOW COLUMNS FROM `tp_admin` [ RunTime:0.007000s ]
[ sql ] [ SQL ] SELECT * FROM `tp_admin` WHERE  `id` = 1 LIMIT 1 [ RunTime:0.000000s ]
[ sql ] [ SQL ] SHOW COLUMNS FROM `tp_auth_rule` [ RunTime:0.006000s ]
[ sql ] [ SQL ] SELECT * FROM `tp_auth_rule` WHERE  `name` = 'admin/banner/getbanner' LIMIT 1 [ RunTime:0.001000s ]
[ sql ] [ SQL ] SHOW COLUMNS FROM `tp_banner` [ RunTime:0.007000s ]
[ sql ] [ SQL ] SELECT * FROM `tp_banner` [ RunTime:0.000000s ]
---------------------------------------------------------------
[ 2019-11-06T10:35:00+08:00 ] 127.0.0.1 POST www.hardphp.com/index.php/admin/admin/getuser
[ sql ] [ DB ] CONNECT:[ UseTime:0.001000s ] mysql:host=127.0.0.1;dbname=tp5qpi;charset=utf8
[ sql ] [ SQL ] SHOW COLUMNS FROM `tp_app` [ RunTime:0.007000s ]
[ sql ] [ SQL ] SELECT * FROM `tp_app` WHERE  `appId` = '123456' LIMIT 1 [ RunTime:0.001000s ]
[ sql ] [ SQL ] SHOW COLUMNS FROM `tp_admin` [ RunTime:0.007000s ]
[ sql ] [ SQL ] SELECT * FROM `tp_admin` WHERE  `id` = 1 LIMIT 1 [ RunTime:0.001000s ]
[ sql ] [ SQL ] SHOW COLUMNS FROM `tp_auth_rule` [ RunTime:0.008000s ]
[ sql ] [ SQL ] SELECT * FROM `tp_auth_rule` WHERE  `name` = 'admin/admin/getuser' LIMIT 1 [ RunTime:0.001000s ]
[ sql ] [ SQL ] SHOW COLUMNS FROM `tp_auth_group` [ RunTime:0.007000s ]
[ sql ] [ SQL ] SELECT * FROM `tp_auth_group` WHERE  `id` = 1 LIMIT 1 [ RunTime:0.000000s ]
[ sql ] [ SQL ] SELECT * FROM `tp_auth_rule` WHERE  `id` IN (46,49,48,47,39,40,1,38,7,2)  AND `status` = 1 ORDER BY `sorts` [ RunTime:0.001000s ]
[ sql ] [ SQL ] SELECT * FROM `tp_auth_group` WHERE  `id` = 1 LIMIT 1 [ RunTime:0.000000s ]
---------------------------------------------------------------
[ 2019-11-06T10:35:20+08:00 ] 127.0.0.1 POST www.hardphp.com/index.php/admin/admin/getuser
[ sql ] [ DB ] CONNECT:[ UseTime:0.002000s ] mysql:host=127.0.0.1;dbname=tp5qpi;charset=utf8
[ sql ] [ SQL ] SHOW COLUMNS FROM `tp_app` [ RunTime:0.014000s ]
[ sql ] [ SQL ] SELECT * FROM `tp_app` WHERE  `appId` = '123456' LIMIT 1 [ RunTime:0.001000s ]
[ sql ] [ SQL ] SHOW COLUMNS FROM `tp_admin` [ RunTime:0.012000s ]
[ sql ] [ SQL ] SELECT * FROM `tp_admin` WHERE  `id` = 1 LIMIT 1 [ RunTime:0.001000s ]
[ sql ] [ SQL ] SHOW COLUMNS FROM `tp_auth_rule` [ RunTime:0.015000s ]
[ sql ] [ SQL ] SELECT * FROM `tp_auth_rule` WHERE  `name` = 'admin/admin/getuser' LIMIT 1 [ RunTime:0.001000s ]
[ sql ] [ SQL ] SHOW COLUMNS FROM `tp_auth_group` [ RunTime:0.008000s ]
[ sql ] [ SQL ] SELECT * FROM `tp_auth_group` WHERE  `id` = 1 LIMIT 1 [ RunTime:0.000000s ]
[ sql ] [ SQL ] SELECT * FROM `tp_auth_rule` WHERE  `id` IN (46,49,48,47,39,40,1,38,7,2)  AND `status` = 1 ORDER BY `sorts` [ RunTime:0.001000s ]
[ sql ] [ SQL ] SELECT * FROM `tp_auth_group` WHERE  `id` = 1 LIMIT 1 [ RunTime:0.001000s ]
---------------------------------------------------------------
[ 2019-11-06T10:35:25+08:00 ] 127.0.0.1 GET www.hardphp.com/index.php/admin/Banner/getbanner?signature=776a8773415590486189e97e10f77114
[ sql ] [ DB ] CONNECT:[ UseTime:0.012000s ] mysql:host=127.0.0.1;dbname=tp5qpi;charset=utf8
[ sql ] [ SQL ] SHOW COLUMNS FROM `tp_app` [ RunTime:0.010000s ]
[ sql ] [ SQL ] SELECT * FROM `tp_app` WHERE  `appId` = '123456' LIMIT 1 [ RunTime:0.002000s ]
[ sql ] [ SQL ] SHOW COLUMNS FROM `tp_admin` [ RunTime:0.006000s ]
[ sql ] [ SQL ] SELECT * FROM `tp_admin` WHERE  `id` = 1 LIMIT 1 [ RunTime:0.001000s ]
[ sql ] [ SQL ] SHOW COLUMNS FROM `tp_auth_rule` [ RunTime:0.008000s ]
[ sql ] [ SQL ] SELECT * FROM `tp_auth_rule` WHERE  `name` = 'admin/banner/getbanner' LIMIT 1 [ RunTime:0.000000s ]
[ sql ] [ SQL ] SHOW COLUMNS FROM `tp_banner` [ RunTime:0.006000s ]
[ sql ] [ SQL ] SELECT * FROM `tp_banner` [ RunTime:0.000000s ]
---------------------------------------------------------------
[ 2019-11-06T10:35:36+08:00 ] 127.0.0.1 POST www.hardphp.com/index.php/admin/admin/getuser
[ sql ] [ DB ] CONNECT:[ UseTime:0.000000s ] mysql:host=127.0.0.1;dbname=tp5qpi;charset=utf8
[ sql ] [ SQL ] SHOW COLUMNS FROM `tp_app` [ RunTime:0.009000s ]
[ sql ] [ SQL ] SELECT * FROM `tp_app` WHERE  `appId` = '123456' LIMIT 1 [ RunTime:0.001000s ]
[ sql ] [ SQL ] SHOW COLUMNS FROM `tp_admin` [ RunTime:0.010000s ]
[ sql ] [ SQL ] SELECT * FROM `tp_admin` WHERE  `id` = 1 LIMIT 1 [ RunTime:0.001000s ]
[ sql ] [ SQL ] SHOW COLUMNS FROM `tp_auth_rule` [ RunTime:0.008000s ]
[ sql ] [ SQL ] SELECT * FROM `tp_auth_rule` WHERE  `name` = 'admin/admin/getuser' LIMIT 1 [ RunTime:0.001000s ]
[ sql ] [ SQL ] SHOW COLUMNS FROM `tp_auth_group` [ RunTime:0.008000s ]
[ sql ] [ SQL ] SELECT * FROM `tp_auth_group` WHERE  `id` = 1 LIMIT 1 [ RunTime:0.000000s ]
[ sql ] [ SQL ] SELECT * FROM `tp_auth_rule` WHERE  `id` IN (46,49,48,47,39,40,1,38,7,2)  AND `status` = 1 ORDER BY `sorts` [ RunTime:0.001000s ]
[ sql ] [ SQL ] SELECT * FROM `tp_auth_group` WHERE  `id` = 1 LIMIT 1 [ RunTime:0.001000s ]
---------------------------------------------------------------
[ 2019-11-06T10:35:36+08:00 ] 127.0.0.1 GET www.hardphp.com/index.php/admin/Banner/getbanner?signature=776a8773415590486189e97e10f77114
[ sql ] [ DB ] CONNECT:[ UseTime:0.001000s ] mysql:host=127.0.0.1;dbname=tp5qpi;charset=utf8
[ sql ] [ SQL ] SHOW COLUMNS FROM `tp_app` [ RunTime:0.010000s ]
[ sql ] [ SQL ] SELECT * FROM `tp_app` WHERE  `appId` = '123456' LIMIT 1 [ RunTime:0.001000s ]
[ sql ] [ SQL ] SHOW COLUMNS FROM `tp_admin` [ RunTime:0.010000s ]
[ sql ] [ SQL ] SELECT * FROM `tp_admin` WHERE  `id` = 1 LIMIT 1 [ RunTime:0.001000s ]
[ sql ] [ SQL ] SHOW COLUMNS FROM `tp_auth_rule` [ RunTime:0.010000s ]
[ sql ] [ SQL ] SELECT * FROM `tp_auth_rule` WHERE  `name` = 'admin/banner/getbanner' LIMIT 1 [ RunTime:0.001000s ]
[ sql ] [ SQL ] SHOW COLUMNS FROM `tp_banner` [ RunTime:0.007000s ]
[ sql ] [ SQL ] SELECT * FROM `tp_banner` [ RunTime:0.001000s ]
---------------------------------------------------------------
[ 2019-11-06T10:37:24+08:00 ] 127.0.0.1 GET www.hardphp.com/index.php/admin/Banner/getbanner?signature=776a8773415590486189e97e10f77114
[ sql ] [ DB ] CONNECT:[ UseTime:0.005000s ] mysql:host=127.0.0.1;dbname=tp5qpi;charset=utf8
[ sql ] [ SQL ] SHOW COLUMNS FROM `tp_app` [ RunTime:0.008000s ]
[ sql ] [ SQL ] SELECT * FROM `tp_app` WHERE  `appId` = '123456' LIMIT 1 [ RunTime:0.001000s ]
[ sql ] [ SQL ] SHOW COLUMNS FROM `tp_admin` [ RunTime:0.008000s ]
[ sql ] [ SQL ] SELECT * FROM `tp_admin` WHERE  `id` = 1 LIMIT 1 [ RunTime:0.000000s ]
[ sql ] [ SQL ] SHOW COLUMNS FROM `tp_auth_rule` [ RunTime:0.009000s ]
[ sql ] [ SQL ] SELECT * FROM `tp_auth_rule` WHERE  `name` = 'admin/banner/getbanner' LIMIT 1 [ RunTime:0.001000s ]
[ sql ] [ SQL ] SHOW COLUMNS FROM `tp_banner` [ RunTime:0.006000s ]
[ sql ] [ SQL ] SELECT * FROM `tp_banner` [ RunTime:0.000000s ]
---------------------------------------------------------------
[ 2019-11-06T10:37:26+08:00 ] 127.0.0.1 POST www.hardphp.com/index.php/admin/admin/getuser
[ sql ] [ DB ] CONNECT:[ UseTime:0.001000s ] mysql:host=127.0.0.1;dbname=tp5qpi;charset=utf8
[ sql ] [ SQL ] SHOW COLUMNS FROM `tp_app` [ RunTime:0.008000s ]
[ sql ] [ SQL ] SELECT * FROM `tp_app` WHERE  `appId` = '123456' LIMIT 1 [ RunTime:0.001000s ]
[ sql ] [ SQL ] SHOW COLUMNS FROM `tp_admin` [ RunTime:0.011000s ]
[ sql ] [ SQL ] SELECT * FROM `tp_admin` WHERE  `id` = 1 LIMIT 1 [ RunTime:0.000000s ]
[ sql ] [ SQL ] SHOW COLUMNS FROM `tp_auth_rule` [ RunTime:0.010000s ]
[ sql ] [ SQL ] SELECT * FROM `tp_auth_rule` WHERE  `name` = 'admin/admin/getuser' LIMIT 1 [ RunTime:0.001000s ]
[ sql ] [ SQL ] SHOW COLUMNS FROM `tp_auth_group` [ RunTime:0.011000s ]
[ sql ] [ SQL ] SELECT * FROM `tp_auth_group` WHERE  `id` = 1 LIMIT 1 [ RunTime:0.001000s ]
[ sql ] [ SQL ] SELECT * FROM `tp_auth_rule` WHERE  `id` IN (46,49,48,47,39,40,1,38,7,2)  AND `status` = 1 ORDER BY `sorts` [ RunTime:0.000000s ]
[ sql ] [ SQL ] SELECT * FROM `tp_auth_group` WHERE  `id` = 1 LIMIT 1 [ RunTime:0.001000s ]
---------------------------------------------------------------
[ 2019-11-06T10:37:27+08:00 ] 127.0.0.1 GET www.hardphp.com/index.php/admin/Banner/getbanner?signature=776a8773415590486189e97e10f77114
[ sql ] [ DB ] CONNECT:[ UseTime:0.001000s ] mysql:host=127.0.0.1;dbname=tp5qpi;charset=utf8
[ sql ] [ SQL ] SHOW COLUMNS FROM `tp_app` [ RunTime:0.014000s ]
[ sql ] [ SQL ] SELECT * FROM `tp_app` WHERE  `appId` = '123456' LIMIT 1 [ RunTime:0.000000s ]
[ sql ] [ SQL ] SHOW COLUMNS FROM `tp_admin` [ RunTime:0.013000s ]
[ sql ] [ SQL ] SELECT * FROM `tp_admin` WHERE  `id` = 1 LIMIT 1 [ RunTime:0.001000s ]
[ sql ] [ SQL ] SHOW COLUMNS FROM `tp_auth_rule` [ RunTime:0.011000s ]
[ sql ] [ SQL ] SELECT * FROM `tp_auth_rule` WHERE  `name` = 'admin/banner/getbanner' LIMIT 1 [ RunTime:0.001000s ]
[ sql ] [ SQL ] SHOW COLUMNS FROM `tp_banner` [ RunTime:0.010000s ]
[ sql ] [ SQL ] SELECT * FROM `tp_banner` [ RunTime:0.000000s ]
---------------------------------------------------------------
[ 2019-11-06T10:38:03+08:00 ] 127.0.0.1 GET www.hardphp.com/index.php/admin/Banner/getbanner?signature=776a8773415590486189e97e10f77114
[ sql ] [ DB ] CONNECT:[ UseTime:0.010000s ] mysql:host=127.0.0.1;dbname=tp5qpi;charset=utf8
[ sql ] [ SQL ] SHOW COLUMNS FROM `tp_app` [ RunTime:0.007000s ]
[ sql ] [ SQL ] SELECT * FROM `tp_app` WHERE  `appId` = '123456' LIMIT 1 [ RunTime:0.000000s ]
[ sql ] [ SQL ] SHOW COLUMNS FROM `tp_admin` [ RunTime:0.008000s ]
[ sql ] [ SQL ] SELECT * FROM `tp_admin` WHERE  `id` = 1 LIMIT 1 [ RunTime:0.001000s ]
[ sql ] [ SQL ] SHOW COLUMNS FROM `tp_auth_rule` [ RunTime:0.008000s ]
[ sql ] [ SQL ] SELECT * FROM `tp_auth_rule` WHERE  `name` = 'admin/banner/getbanner' LIMIT 1 [ RunTime:0.000000s ]
[ sql ] [ SQL ] SHOW COLUMNS FROM `tp_banner` [ RunTime:0.007000s ]
[ sql ] [ SQL ] SELECT * FROM `tp_banner` [ RunTime:0.000000s ]
---------------------------------------------------------------
[ 2019-11-06T10:38:05+08:00 ] 127.0.0.1 POST www.hardphp.com/index.php/admin/admin/getuser
[ sql ] [ DB ] CONNECT:[ UseTime:0.001000s ] mysql:host=127.0.0.1;dbname=tp5qpi;charset=utf8
[ sql ] [ SQL ] SHOW COLUMNS FROM `tp_app` [ RunTime:0.008000s ]
[ sql ] [ SQL ] SELECT * FROM `tp_app` WHERE  `appId` = '123456' LIMIT 1 [ RunTime:0.001000s ]
[ sql ] [ SQL ] SHOW COLUMNS FROM `tp_admin` [ RunTime:0.008000s ]
[ sql ] [ SQL ] SELECT * FROM `tp_admin` WHERE  `id` = 1 LIMIT 1 [ RunTime:0.000000s ]
[ sql ] [ SQL ] SHOW COLUMNS FROM `tp_auth_rule` [ RunTime:0.009000s ]
[ sql ] [ SQL ] SELECT * FROM `tp_auth_rule` WHERE  `name` = 'admin/admin/getuser' LIMIT 1 [ RunTime:0.001000s ]
[ sql ] [ SQL ] SHOW COLUMNS FROM `tp_auth_group` [ RunTime:0.008000s ]
[ sql ] [ SQL ] SELECT * FROM `tp_auth_group` WHERE  `id` = 1 LIMIT 1 [ RunTime:0.001000s ]
[ sql ] [ SQL ] SELECT * FROM `tp_auth_rule` WHERE  `id` IN (46,49,48,47,39,40,1,38,7,2)  AND `status` = 1 ORDER BY `sorts` [ RunTime:0.000000s ]
[ sql ] [ SQL ] SELECT * FROM `tp_auth_group` WHERE  `id` = 1 LIMIT 1 [ RunTime:0.001000s ]
---------------------------------------------------------------
[ 2019-11-06T10:38:06+08:00 ] 127.0.0.1 GET www.hardphp.com/index.php/admin/Banner/getbanner?signature=776a8773415590486189e97e10f77114
[ sql ] [ DB ] CONNECT:[ UseTime:0.001000s ] mysql:host=127.0.0.1;dbname=tp5qpi;charset=utf8
[ sql ] [ SQL ] SHOW COLUMNS FROM `tp_app` [ RunTime:0.009000s ]
[ sql ] [ SQL ] SELECT * FROM `tp_app` WHERE  `appId` = '123456' LIMIT 1 [ RunTime:0.000000s ]
[ sql ] [ SQL ] SHOW COLUMNS FROM `tp_admin` [ RunTime:0.010000s ]
[ sql ] [ SQL ] SELECT * FROM `tp_admin` WHERE  `id` = 1 LIMIT 1 [ RunTime:0.000000s ]
[ sql ] [ SQL ] SHOW COLUMNS FROM `tp_auth_rule` [ RunTime:0.009000s ]
[ sql ] [ SQL ] SELECT * FROM `tp_auth_rule` WHERE  `name` = 'admin/banner/getbanner' LIMIT 1 [ RunTime:0.001000s ]
[ sql ] [ SQL ] SHOW COLUMNS FROM `tp_banner` [ RunTime:0.008000s ]
[ sql ] [ SQL ] SELECT * FROM `tp_banner` [ RunTime:0.001000s ]
---------------------------------------------------------------
[ 2019-11-06T10:38:37+08:00 ] 127.0.0.1 POST www.hardphp.com/index.php/admin/admin/getuser
[ sql ] [ DB ] CONNECT:[ UseTime:0.011000s ] mysql:host=127.0.0.1;dbname=tp5qpi;charset=utf8
[ sql ] [ SQL ] SHOW COLUMNS FROM `tp_app` [ RunTime:0.011000s ]
[ sql ] [ SQL ] SELECT * FROM `tp_app` WHERE  `appId` = '123456' LIMIT 1 [ RunTime:0.001000s ]
[ sql ] [ SQL ] SHOW COLUMNS FROM `tp_admin` [ RunTime:0.009000s ]
[ sql ] [ SQL ] SELECT * FROM `tp_admin` WHERE  `id` = 1 LIMIT 1 [ RunTime:0.001000s ]
[ sql ] [ SQL ] SHOW COLUMNS FROM `tp_auth_rule` [ RunTime:0.008000s ]
[ sql ] [ SQL ] SELECT * FROM `tp_auth_rule` WHERE  `name` = 'admin/admin/getuser' LIMIT 1 [ RunTime:0.001000s ]
[ sql ] [ SQL ] SHOW COLUMNS FROM `tp_auth_group` [ RunTime:0.008000s ]
[ sql ] [ SQL ] SELECT * FROM `tp_auth_group` WHERE  `id` = 1 LIMIT 1 [ RunTime:0.000000s ]
[ sql ] [ SQL ] SELECT * FROM `tp_auth_rule` WHERE  `id` IN (46,49,48,47,39,40,1,38,7,2)  AND `status` = 1 ORDER BY `sorts` [ RunTime:0.001000s ]
[ sql ] [ SQL ] SELECT * FROM `tp_auth_group` WHERE  `id` = 1 LIMIT 1 [ RunTime:0.005000s ]
---------------------------------------------------------------
[ 2019-11-06T10:38:37+08:00 ] 127.0.0.1 GET www.hardphp.com/index.php/admin/Banner/getbanner?signature=776a8773415590486189e97e10f77114
[ sql ] [ DB ] CONNECT:[ UseTime:0.001000s ] mysql:host=127.0.0.1;dbname=tp5qpi;charset=utf8
[ sql ] [ SQL ] SHOW COLUMNS FROM `tp_app` [ RunTime:0.009000s ]
[ sql ] [ SQL ] SELECT * FROM `tp_app` WHERE  `appId` = '123456' LIMIT 1 [ RunTime:0.001000s ]
[ sql ] [ SQL ] SHOW COLUMNS FROM `tp_admin` [ RunTime:0.011000s ]
[ sql ] [ SQL ] SELECT * FROM `tp_admin` WHERE  `id` = 1 LIMIT 1 [ RunTime:0.001000s ]
[ sql ] [ SQL ] SHOW COLUMNS FROM `tp_auth_rule` [ RunTime:0.009000s ]
[ sql ] [ SQL ] SELECT * FROM `tp_auth_rule` WHERE  `name` = 'admin/banner/getbanner' LIMIT 1 [ RunTime:0.000000s ]
[ sql ] [ SQL ] SHOW COLUMNS FROM `tp_banner` [ RunTime:0.009000s ]
[ sql ] [ SQL ] SELECT * FROM `tp_banner` [ RunTime:0.001000s ]
