---------------------------------------------------------------
[ 2019-11-11T09:16:47+08:00 ] 127.0.0.1 POST www.hardphp.com/index.php/admin/login/index
[ sql ] [ DB ] CONNECT:[ UseTime:0.004000s ] mysql:host=127.0.0.1;dbname=tp5qpi;charset=utf8
[ sql ] [ SQL ] SHOW COLUMNS FROM `tp_app` [ RunTime:0.055000s ]
[ sql ] [ SQL ] SELECT * FROM `tp_app` WHERE  `appId` = '123456' LIMIT 1 [ RunTime:0.001000s ]
[ sql ] [ SQL ] SHOW COLUMNS FROM `tp_admin` [ RunTime:0.071000s ]
[ sql ] [ SQL ] SELECT `a`.*,`b`.`title` FROM `tp_admin` `a` LEFT JOIN `tp_auth_group` `b` ON `a`.`groupId`=`b`.`id` WHERE  `userName` = 'admin' LIMIT 1 [ RunTime:0.040000s ]
[ sql ] [ SQL ] SHOW COLUMNS FROM `tp_auth_group` [ RunTime:0.008000s ]
[ sql ] [ SQL ] SELECT * FROM `tp_auth_group` WHERE  `id` = 1 LIMIT 1 [ RunTime:0.000000s ]
[ sql ] [ SQL ] SHOW COLUMNS FROM `tp_login_log` [ RunTime:0.065000s ]
[ sql ] [ SQL ] INSERT INTO `tp_login_log` (`uid` , `userName` , `roles` , `loginTime` , `loginIp`) VALUES (1 , 'admin' , '超级管理员' , 1573435006 , '127.0.0.1') [ RunTime:0.130000s ]
[ sql ] [ SQL ] UPDATE `tp_admin`  SET `loginTime`=1573435006  WHERE  `id` = 1 [ RunTime:0.038000s ]
---------------------------------------------------------------
[ 2019-11-11T09:16:47+08:00 ] 127.0.0.1 POST www.hardphp.com/index.php/admin/admin/getuser
[ sql ] [ DB ] CONNECT:[ UseTime:0.010000s ] mysql:host=127.0.0.1;dbname=tp5qpi;charset=utf8
[ sql ] [ SQL ] SHOW COLUMNS FROM `tp_app` [ RunTime:0.006000s ]
[ sql ] [ SQL ] SELECT * FROM `tp_app` WHERE  `appId` = '123456' LIMIT 1 [ RunTime:0.001000s ]
[ sql ] [ SQL ] SHOW COLUMNS FROM `tp_admin` [ RunTime:0.006000s ]
[ sql ] [ SQL ] SELECT * FROM `tp_admin` WHERE  `id` = 1 LIMIT 1 [ RunTime:0.001000s ]
[ sql ] [ SQL ] SHOW COLUMNS FROM `tp_auth_rule` [ RunTime:0.008000s ]
[ sql ] [ SQL ] SELECT * FROM `tp_auth_rule` WHERE  `name` = 'admin/admin/getuser' LIMIT 1 [ RunTime:0.001000s ]
[ sql ] [ SQL ] SHOW COLUMNS FROM `tp_auth_group` [ RunTime:0.006000s ]
[ sql ] [ SQL ] SELECT * FROM `tp_auth_group` WHERE  `id` = 1 LIMIT 1 [ RunTime:0.000000s ]
[ sql ] [ SQL ] SELECT * FROM `tp_auth_rule` WHERE  `id` IN (50,51,46,49,48,47,39,40,1,38,7,2)  AND `status` = 1 ORDER BY `sorts` [ RunTime:0.001000s ]
[ sql ] [ SQL ] SELECT * FROM `tp_auth_group` WHERE  `id` = 1 LIMIT 1 [ RunTime:0.001000s ]
---------------------------------------------------------------
[ 2019-11-11T09:16:52+08:00 ] 127.0.0.1 POST www.hardphp.com/index.php/admin/user/index
[ sql ] [ DB ] CONNECT:[ UseTime:0.010000s ] mysql:host=127.0.0.1;dbname=tp5qpi;charset=utf8
[ sql ] [ SQL ] SHOW COLUMNS FROM `tp_app` [ RunTime:0.006000s ]
[ sql ] [ SQL ] SELECT * FROM `tp_app` WHERE  `appId` = '123456' LIMIT 1 [ RunTime:0.000000s ]
[ sql ] [ SQL ] SHOW COLUMNS FROM `tp_admin` [ RunTime:0.006000s ]
[ sql ] [ SQL ] SELECT * FROM `tp_admin` WHERE  `id` = 1 LIMIT 1 [ RunTime:0.001000s ]
[ sql ] [ SQL ] SHOW COLUMNS FROM `tp_auth_rule` [ RunTime:0.007000s ]
[ sql ] [ SQL ] SELECT * FROM `tp_auth_rule` WHERE  `name` = 'admin/user/index' LIMIT 1 [ RunTime:0.001000s ]
[ sql ] [ SQL ] SHOW COLUMNS FROM `tp_user` [ RunTime:0.043000s ]
[ sql ] [ SQL ] SELECT `a`.* FROM `tp_user` `a` ORDER BY `a`.`id` DESC LIMIT 0,10 [ RunTime:0.000000s ]
[ sql ] [ SQL ] SELECT COUNT(*) AS tp_count FROM `tp_user` `a` LIMIT 1 [ RunTime:0.001000s ]
---------------------------------------------------------------
[ 2019-11-11T09:16:55+08:00 ] 127.0.0.1 GET www.hardphp.com/index.php/admin/user/getinfo?id=4&signature=eb0e77d10152b1172d36eb1e15cf7e35
[ sql ] [ DB ] CONNECT:[ UseTime:0.010000s ] mysql:host=127.0.0.1;dbname=tp5qpi;charset=utf8
[ sql ] [ SQL ] SHOW COLUMNS FROM `tp_app` [ RunTime:0.008000s ]
[ sql ] [ SQL ] SELECT * FROM `tp_app` WHERE  `appId` = '123456' LIMIT 1 [ RunTime:0.001000s ]
[ sql ] [ SQL ] SHOW COLUMNS FROM `tp_admin` [ RunTime:0.011000s ]
[ sql ] [ SQL ] SELECT * FROM `tp_admin` WHERE  `id` = 1 LIMIT 1 [ RunTime:0.000000s ]
[ sql ] [ SQL ] SHOW COLUMNS FROM `tp_auth_rule` [ RunTime:0.006000s ]
[ sql ] [ SQL ] SELECT * FROM `tp_auth_rule` WHERE  `name` = 'admin/user/getinfo' LIMIT 1 [ RunTime:0.002000s ]
[ sql ] [ SQL ] SHOW COLUMNS FROM `tp_user` [ RunTime:0.006000s ]
[ sql ] [ SQL ] SELECT * FROM `tp_user` `a` WHERE  (   a.id = 4 ) LIMIT 1 [ RunTime:0.001000s ]
---------------------------------------------------------------
[ 2019-11-11T09:17:21+08:00 ] 127.0.0.1 POST www.hardphp.com/index.php/admin/log/index
[ sql ] [ DB ] CONNECT:[ UseTime:0.010000s ] mysql:host=127.0.0.1;dbname=tp5qpi;charset=utf8
[ sql ] [ SQL ] SHOW COLUMNS FROM `tp_app` [ RunTime:0.005000s ]
[ sql ] [ SQL ] SELECT * FROM `tp_app` WHERE  `appId` = '123456' LIMIT 1 [ RunTime:0.001000s ]
[ sql ] [ SQL ] SHOW COLUMNS FROM `tp_admin` [ RunTime:0.007000s ]
[ sql ] [ SQL ] SELECT * FROM `tp_admin` WHERE  `id` = 1 LIMIT 1 [ RunTime:0.001000s ]
[ sql ] [ SQL ] SHOW COLUMNS FROM `tp_auth_rule` [ RunTime:0.006000s ]
[ sql ] [ SQL ] SELECT * FROM `tp_auth_rule` WHERE  `name` = 'admin/log/index' LIMIT 1 [ RunTime:0.001000s ]
[ sql ] [ SQL ] SHOW COLUMNS FROM `tp_login_log` [ RunTime:0.006000s ]
[ sql ] [ SQL ] SELECT `a`.* FROM `tp_login_log` `a` ORDER BY `a`.`id` DESC LIMIT 0,10 [ RunTime:0.001000s ]
[ sql ] [ SQL ] SELECT COUNT(*) AS tp_count FROM `tp_login_log` `a` LIMIT 1 [ RunTime:0.001000s ]
---------------------------------------------------------------
[ 2019-11-11T09:17:25+08:00 ] 127.0.0.1 POST www.hardphp.com/index.php/admin/admin/index
[ sql ] [ DB ] CONNECT:[ UseTime:0.001000s ] mysql:host=127.0.0.1;dbname=tp5qpi;charset=utf8
[ sql ] [ SQL ] SHOW COLUMNS FROM `tp_app` [ RunTime:0.006000s ]
[ sql ] [ SQL ] SELECT * FROM `tp_app` WHERE  `appId` = '123456' LIMIT 1 [ RunTime:0.001000s ]
[ sql ] [ SQL ] SHOW COLUMNS FROM `tp_admin` [ RunTime:0.008000s ]
[ sql ] [ SQL ] SELECT * FROM `tp_admin` WHERE  `id` = 1 LIMIT 1 [ RunTime:0.001000s ]
[ sql ] [ SQL ] SHOW COLUMNS FROM `tp_auth_rule` [ RunTime:0.006000s ]
[ sql ] [ SQL ] SELECT * FROM `tp_auth_rule` WHERE  `name` = 'admin/admin/index' LIMIT 1 [ RunTime:0.001000s ]
[ sql ] [ SQL ] SELECT `a`.*,`b`.`title` FROM `tp_admin` `a` LEFT JOIN `tp_auth_group` `b` ON `a`.`groupId`=`b`.`id` ORDER BY `a`.`id` DESC LIMIT 0,10 [ RunTime:0.001000s ]
[ sql ] [ SQL ] SELECT COUNT(*) AS tp_count FROM `tp_admin` `a` LEFT JOIN `tp_auth_group` `b` ON `a`.`groupId`=`b`.`id` LIMIT 1 [ RunTime:0.001000s ]
---------------------------------------------------------------
[ 2019-11-11T09:17:25+08:00 ] 127.0.0.1 POST www.hardphp.com/index.php/admin/roles/getLists
[ sql ] [ DB ] CONNECT:[ UseTime:0.000000s ] mysql:host=127.0.0.1;dbname=tp5qpi;charset=utf8
[ sql ] [ SQL ] SHOW COLUMNS FROM `tp_app` [ RunTime:0.005000s ]
[ sql ] [ SQL ] SELECT * FROM `tp_app` WHERE  `appId` = '123456' LIMIT 1 [ RunTime:0.001000s ]
[ sql ] [ SQL ] SHOW COLUMNS FROM `tp_admin` [ RunTime:0.007000s ]
[ sql ] [ SQL ] SELECT * FROM `tp_admin` WHERE  `id` = 1 LIMIT 1 [ RunTime:0.001000s ]
[ sql ] [ SQL ] SHOW COLUMNS FROM `tp_auth_rule` [ RunTime:0.005000s ]
[ sql ] [ SQL ] SELECT * FROM `tp_auth_rule` WHERE  `name` = 'admin/roles/getlists' LIMIT 1 [ RunTime:0.001000s ]
[ sql ] [ SQL ] SHOW COLUMNS FROM `tp_auth_group` [ RunTime:0.005000s ]
[ sql ] [ SQL ] SELECT `a`.* FROM `tp_auth_group` `a` WHERE  (  1 and a.status =  1 ) ORDER BY `a`.`id` ASC [ RunTime:0.001000s ]
---------------------------------------------------------------
[ 2019-11-11T09:17:27+08:00 ] 127.0.0.1 POST www.hardphp.com/index.php/admin/rules/index
[ sql ] [ DB ] CONNECT:[ UseTime:0.001000s ] mysql:host=127.0.0.1;dbname=tp5qpi;charset=utf8
[ sql ] [ SQL ] SHOW COLUMNS FROM `tp_app` [ RunTime:0.007000s ]
[ sql ] [ SQL ] SELECT * FROM `tp_app` WHERE  `appId` = '123456' LIMIT 1 [ RunTime:0.001000s ]
[ sql ] [ SQL ] SHOW COLUMNS FROM `tp_admin` [ RunTime:0.006000s ]
[ sql ] [ SQL ] SELECT * FROM `tp_admin` WHERE  `id` = 1 LIMIT 1 [ RunTime:0.001000s ]
[ sql ] [ SQL ] SHOW COLUMNS FROM `tp_auth_rule` [ RunTime:0.005000s ]
[ sql ] [ SQL ] SELECT * FROM `tp_auth_rule` WHERE  `name` = 'admin/rules/index' LIMIT 1 [ RunTime:0.001000s ]
[ sql ] [ SQL ] SELECT `a`.* FROM `tp_auth_rule` `a` [ RunTime:0.001000s ]
---------------------------------------------------------------
[ 2019-11-11T09:17:28+08:00 ] 127.0.0.1 POST www.hardphp.com/index.php/admin/roles/index
[ sql ] [ DB ] CONNECT:[ UseTime:0.001000s ] mysql:host=127.0.0.1;dbname=tp5qpi;charset=utf8
[ sql ] [ SQL ] SHOW COLUMNS FROM `tp_app` [ RunTime:0.005000s ]
[ sql ] [ SQL ] SELECT * FROM `tp_app` WHERE  `appId` = '123456' LIMIT 1 [ RunTime:0.000000s ]
[ sql ] [ SQL ] SHOW COLUMNS FROM `tp_admin` [ RunTime:0.006000s ]
[ sql ] [ SQL ] SELECT * FROM `tp_admin` WHERE  `id` = 1 LIMIT 1 [ RunTime:0.001000s ]
[ sql ] [ SQL ] SHOW COLUMNS FROM `tp_auth_rule` [ RunTime:0.007000s ]
[ sql ] [ SQL ] SELECT * FROM `tp_auth_rule` WHERE  `name` = 'admin/roles/index' LIMIT 1 [ RunTime:0.001000s ]
[ sql ] [ SQL ] SHOW COLUMNS FROM `tp_auth_group` [ RunTime:0.005000s ]
[ sql ] [ SQL ] SELECT * FROM `tp_auth_group` LIMIT 0,10 [ RunTime:0.000000s ]
[ sql ] [ SQL ] SELECT COUNT(*) AS tp_count FROM `tp_auth_group` LIMIT 1 [ RunTime:0.000000s ]
---------------------------------------------------------------
[ 2019-11-11T09:17:28+08:00 ] 127.0.0.1 POST www.hardphp.com/index.php/admin/rules/getLists
[ sql ] [ DB ] CONNECT:[ UseTime:0.001000s ] mysql:host=127.0.0.1;dbname=tp5qpi;charset=utf8
[ sql ] [ SQL ] SHOW COLUMNS FROM `tp_app` [ RunTime:0.007000s ]
[ sql ] [ SQL ] SELECT * FROM `tp_app` WHERE  `appId` = '123456' LIMIT 1 [ RunTime:0.001000s ]
[ sql ] [ SQL ] SHOW COLUMNS FROM `tp_admin` [ RunTime:0.007000s ]
[ sql ] [ SQL ] SELECT * FROM `tp_admin` WHERE  `id` = 1 LIMIT 1 [ RunTime:0.001000s ]
[ sql ] [ SQL ] SHOW COLUMNS FROM `tp_auth_rule` [ RunTime:0.006000s ]
[ sql ] [ SQL ] SELECT * FROM `tp_auth_rule` WHERE  `name` = 'admin/rules/getlists' LIMIT 1 [ RunTime:0.001000s ]
[ sql ] [ SQL ] SELECT `a`.* FROM `tp_auth_rule` `a` WHERE  (  1 and a.status =  1 ) ORDER BY `a`.`id` DESC [ RunTime:0.001000s ]
---------------------------------------------------------------
[ 2019-11-11T09:17:30+08:00 ] 127.0.0.1 POST www.hardphp.com/index.php/admin/admin/index
[ sql ] [ DB ] CONNECT:[ UseTime:0.001000s ] mysql:host=127.0.0.1;dbname=tp5qpi;charset=utf8
[ sql ] [ SQL ] SHOW COLUMNS FROM `tp_app` [ RunTime:0.006000s ]
[ sql ] [ SQL ] SELECT * FROM `tp_app` WHERE  `appId` = '123456' LIMIT 1 [ RunTime:0.001000s ]
[ sql ] [ SQL ] SHOW COLUMNS FROM `tp_admin` [ RunTime:0.007000s ]
[ sql ] [ SQL ] SELECT * FROM `tp_admin` WHERE  `id` = 1 LIMIT 1 [ RunTime:0.000000s ]
[ sql ] [ SQL ] SHOW COLUMNS FROM `tp_auth_rule` [ RunTime:0.005000s ]
[ sql ] [ SQL ] SELECT * FROM `tp_auth_rule` WHERE  `name` = 'admin/admin/index' LIMIT 1 [ RunTime:0.002000s ]
[ sql ] [ SQL ] SELECT `a`.*,`b`.`title` FROM `tp_admin` `a` LEFT JOIN `tp_auth_group` `b` ON `a`.`groupId`=`b`.`id` ORDER BY `a`.`id` DESC LIMIT 0,10 [ RunTime:0.001000s ]
[ sql ] [ SQL ] SELECT COUNT(*) AS tp_count FROM `tp_admin` `a` LEFT JOIN `tp_auth_group` `b` ON `a`.`groupId`=`b`.`id` LIMIT 1 [ RunTime:0.000000s ]
---------------------------------------------------------------
[ 2019-11-11T09:17:31+08:00 ] 127.0.0.1 POST www.hardphp.com/index.php/admin/roles/getLists
[ sql ] [ DB ] CONNECT:[ UseTime:0.001000s ] mysql:host=127.0.0.1;dbname=tp5qpi;charset=utf8
[ sql ] [ SQL ] SHOW COLUMNS FROM `tp_app` [ RunTime:0.006000s ]
[ sql ] [ SQL ] SELECT * FROM `tp_app` WHERE  `appId` = '123456' LIMIT 1 [ RunTime:0.001000s ]
[ sql ] [ SQL ] SHOW COLUMNS FROM `tp_admin` [ RunTime:0.007000s ]
[ sql ] [ SQL ] SELECT * FROM `tp_admin` WHERE  `id` = 1 LIMIT 1 [ RunTime:0.000000s ]
[ sql ] [ SQL ] SHOW COLUMNS FROM `tp_auth_rule` [ RunTime:0.007000s ]
[ sql ] [ SQL ] SELECT * FROM `tp_auth_rule` WHERE  `name` = 'admin/roles/getlists' LIMIT 1 [ RunTime:0.001000s ]
[ sql ] [ SQL ] SHOW COLUMNS FROM `tp_auth_group` [ RunTime:0.008000s ]
[ sql ] [ SQL ] SELECT `a`.* FROM `tp_auth_group` `a` WHERE  (  1 and a.status =  1 ) ORDER BY `a`.`id` ASC [ RunTime:0.001000s ]
