---------------------------------------------------------------
[ 2019-11-19T09:11:21+08:00 ] 127.0.0.1 POST www.hardphp.com/index.php/admin/admin/getuser
[运行时间：1.264000s] [吞吐率：0.79req/s] [内存消耗：2,708.11kb] [文件加载：72]
[ info ] [ LANG ] D:\phpStudy\WWW\hardphp\thinkphp\lang\zh-cn.php
[ info ] [ ROUTE ] array (
  'type' => 'module',
  'module' => 
  array (
    0 => 'admin',
    1 => 'admin',
    2 => 'getuser',
  ),
)
[ info ] [ HEADER ] array (
  'host' => 'www.hardphp.com',
  'connection' => 'close',
  'content-length' => '42',
  'accept' => 'application/json, text/plain, */*',
  'origin' => 'http://localhost:8080',
  'x-access-token' => 'FC455D0D02DB0A1DD52F94CB2B80189EMDAwMDAwMDAwML6Mna-FqrqSib2cgMOHoIC7o36CkY6xfLjQzqGGZIXVuGadr4u5um-LunZ_w4efabGmjmWDo3-gu5SsqIhkp6vHZJ3Ynau-moXTqGG4nZSnyX-ohIONk4a7qbuyiJ2Jp7F5YqmNt66Hj6pxpbadlKW6gKydf46LgbjQzqCYrJ-5umal2InP07KcrGl_sXeooLiiaXWTbIJryLizbJmGeJfFiaXKmdqhdg',
  'user-agent' => 'Mozilla/5.0 (Windows NT 6.1; Win64; x64) AppleWebKit/537.36 (KHTML, like Gecko) Chrome/74.0.3729.131 Safari/537.36',
  'x-access-appid' => '123456',
  'content-type' => 'application/x-www-form-urlencoded;charset=UTF-8',
  'referer' => 'http://localhost:8080/',
  'accept-encoding' => 'gzip, deflate, br',
  'accept-language' => 'zh-CN,zh;q=0.9',
  'cookie' => 'Admin-Token=FC455D0D02DB0A1DD52F94CB2B80189EMDAwMDAwMDAwML6Mna-FqrqSib2cgMOHoIC7o36CkY6xfLjQzqGGZIXVuGadr4u5um-LunZ_w4efabGmjmWDo3-gu5SsqIhkp6vHZJ3Ynau-moXTqGG4nZSnyX-ohIONk4a7qbuyiJ2Jp7F5YqmNt66Hj6pxpbadlKW6gKydf46LgbjQzqCYrJ-5umal2InP07KcrGl_sXeooLiiaXWTbIJryLizbJmGeJfFiaXKmdqhdg',
  'x-forwarded-for' => '127.0.0.1',
  'x-forwarded-port' => '8080',
  'x-forwarded-proto' => 'http',
  'x-forwarded-host' => 'localhost:8080',
)
[ info ] [ PARAM ] array (
  'signature' => '776a8773415590486189e97e10f77114',
)
[ info ] [ DB ] INIT mysql
[ info ] [ RUN ] app\admin\controller\Admin->getuser[ D:\phpStudy\WWW\hardphp\application\admin\controller\Admin.php ]
[ info ] [ LOG ] INIT File
---------------------------------------------------------------
[ 2019-11-19T09:12:27+08:00 ] 127.0.0.1 POST www.hardphp.com/index.php/admin/roles/index
[运行时间：0.117000s] [吞吐率：8.55req/s] [内存消耗：2,655.84kb] [文件加载：72]
[ info ] [ LANG ] D:\phpStudy\WWW\hardphp\thinkphp\lang\zh-cn.php
[ info ] [ ROUTE ] array (
  'type' => 'module',
  'module' => 
  array (
    0 => 'admin',
    1 => 'roles',
    2 => 'index',
  ),
)
[ info ] [ HEADER ] array (
  'host' => 'www.hardphp.com',
  'connection' => 'close',
  'content-length' => '75',
  'pragma' => 'no-cache',
  'cache-control' => 'no-cache',
  'accept' => 'application/json, text/plain, */*',
  'origin' => 'http://localhost:8080',
  'x-access-token' => 'FC455D0D02DB0A1DD52F94CB2B80189EMDAwMDAwMDAwML6Mna-FqrqSib2cgMOHoIC7o36CkY6xfLjQzqGGZIXVuGadr4u5um-LunZ_w4efabGmjmWDo3-gu5SsqIhkp6vHZJ3Ynau-moXTqGG4nZSnyX-ohIONk4a7qbuyiJ2Jp7F5YqmNt66Hj6pxpbadlKW6gKydf46LgbjQzqCYrJ-5umal2InP07KcrGl_sXeooLiiaXWTbIJryLizbJmGeJfFiaXKmdqhdg',
  'user-agent' => 'Mozilla/5.0 (Windows NT 6.1; Win64; x64) AppleWebKit/537.36 (KHTML, like Gecko) Chrome/74.0.3729.131 Safari/537.36',
  'x-access-appid' => '123456',
  'content-type' => 'application/x-www-form-urlencoded;charset=UTF-8',
  'referer' => 'http://localhost:8080/',
  'accept-encoding' => 'gzip, deflate, br',
  'accept-language' => 'zh-CN,zh;q=0.9',
  'cookie' => 'Admin-Token=FC455D0D02DB0A1DD52F94CB2B80189EMDAwMDAwMDAwML6Mna-FqrqSib2cgMOHoIC7o36CkY6xfLjQzqGGZIXVuGadr4u5um-LunZ_w4efabGmjmWDo3-gu5SsqIhkp6vHZJ3Ynau-moXTqGG4nZSnyX-ohIONk4a7qbuyiJ2Jp7F5YqmNt66Hj6pxpbadlKW6gKydf46LgbjQzqCYrJ-5umal2InP07KcrGl_sXeooLiiaXWTbIJryLizbJmGeJfFiaXKmdqhdg',
  'x-forwarded-for' => '127.0.0.1',
  'x-forwarded-port' => '8080',
  'x-forwarded-proto' => 'http',
  'x-forwarded-host' => 'localhost:8080',
)
[ info ] [ PARAM ] array (
  'page' => '1',
  'psize' => '10',
  'status' => '-1',
  'title' => '',
  'signature' => '7fa90b2669f6e5f17c695cdd71342653',
)
[ info ] [ DB ] INIT mysql
[ info ] [ RUN ] app\admin\controller\Roles->index[ D:\phpStudy\WWW\hardphp\application\admin\controller\Roles.php ]
[ info ] [ LOG ] INIT File
---------------------------------------------------------------
[ 2019-11-19T09:12:28+08:00 ] 127.0.0.1 POST www.hardphp.com/index.php/admin/rules/getLists
[运行时间：0.087000s] [吞吐率：11.49req/s] [内存消耗：2,642.55kb] [文件加载：70]
[ info ] [ LANG ] D:\phpStudy\WWW\hardphp\thinkphp\lang\zh-cn.php
[ info ] [ ROUTE ] array (
  'type' => 'module',
  'module' => 
  array (
    0 => 'admin',
    1 => 'rules',
    2 => 'getLists',
  ),
)
[ info ] [ HEADER ] array (
  'host' => 'www.hardphp.com',
  'connection' => 'close',
  'content-length' => '42',
  'pragma' => 'no-cache',
  'cache-control' => 'no-cache',
  'accept' => 'application/json, text/plain, */*',
  'origin' => 'http://localhost:8080',
  'x-access-token' => 'FC455D0D02DB0A1DD52F94CB2B80189EMDAwMDAwMDAwML6Mna-FqrqSib2cgMOHoIC7o36CkY6xfLjQzqGGZIXVuGadr4u5um-LunZ_w4efabGmjmWDo3-gu5SsqIhkp6vHZJ3Ynau-moXTqGG4nZSnyX-ohIONk4a7qbuyiJ2Jp7F5YqmNt66Hj6pxpbadlKW6gKydf46LgbjQzqCYrJ-5umal2InP07KcrGl_sXeooLiiaXWTbIJryLizbJmGeJfFiaXKmdqhdg',
  'user-agent' => 'Mozilla/5.0 (Windows NT 6.1; Win64; x64) AppleWebKit/537.36 (KHTML, like Gecko) Chrome/74.0.3729.131 Safari/537.36',
  'x-access-appid' => '123456',
  'content-type' => 'application/x-www-form-urlencoded;charset=UTF-8',
  'referer' => 'http://localhost:8080/',
  'accept-encoding' => 'gzip, deflate, br',
  'accept-language' => 'zh-CN,zh;q=0.9',
  'cookie' => 'Admin-Token=FC455D0D02DB0A1DD52F94CB2B80189EMDAwMDAwMDAwML6Mna-FqrqSib2cgMOHoIC7o36CkY6xfLjQzqGGZIXVuGadr4u5um-LunZ_w4efabGmjmWDo3-gu5SsqIhkp6vHZJ3Ynau-moXTqGG4nZSnyX-ohIONk4a7qbuyiJ2Jp7F5YqmNt66Hj6pxpbadlKW6gKydf46LgbjQzqCYrJ-5umal2InP07KcrGl_sXeooLiiaXWTbIJryLizbJmGeJfFiaXKmdqhdg',
  'x-forwarded-for' => '127.0.0.1',
  'x-forwarded-port' => '8080',
  'x-forwarded-proto' => 'http',
  'x-forwarded-host' => 'localhost:8080',
)
[ info ] [ PARAM ] array (
  'signature' => '776a8773415590486189e97e10f77114',
)
[ info ] [ DB ] INIT mysql
[ info ] [ RUN ] app\admin\controller\Rules->getLists[ D:\phpStudy\WWW\hardphp\application\admin\controller\Rules.php ]
[ info ] [ LOG ] INIT File
---------------------------------------------------------------
[ 2019-11-19T09:12:29+08:00 ] 127.0.0.1 POST www.hardphp.com/index.php/admin/rules/index
[运行时间：0.091000s] [吞吐率：10.99req/s] [内存消耗：2,641.13kb] [文件加载：69]
[ info ] [ LANG ] D:\phpStudy\WWW\hardphp\thinkphp\lang\zh-cn.php
[ info ] [ ROUTE ] array (
  'type' => 'module',
  'module' => 
  array (
    0 => 'admin',
    1 => 'rules',
    2 => 'index',
  ),
)
[ info ] [ HEADER ] array (
  'host' => 'www.hardphp.com',
  'connection' => 'close',
  'content-length' => '59',
  'pragma' => 'no-cache',
  'cache-control' => 'no-cache',
  'accept' => 'application/json, text/plain, */*',
  'origin' => 'http://localhost:8080',
  'x-access-token' => 'FC455D0D02DB0A1DD52F94CB2B80189EMDAwMDAwMDAwML6Mna-FqrqSib2cgMOHoIC7o36CkY6xfLjQzqGGZIXVuGadr4u5um-LunZ_w4efabGmjmWDo3-gu5SsqIhkp6vHZJ3Ynau-moXTqGG4nZSnyX-ohIONk4a7qbuyiJ2Jp7F5YqmNt66Hj6pxpbadlKW6gKydf46LgbjQzqCYrJ-5umal2InP07KcrGl_sXeooLiiaXWTbIJryLizbJmGeJfFiaXKmdqhdg',
  'user-agent' => 'Mozilla/5.0 (Windows NT 6.1; Win64; x64) AppleWebKit/537.36 (KHTML, like Gecko) Chrome/74.0.3729.131 Safari/537.36',
  'x-access-appid' => '123456',
  'content-type' => 'application/x-www-form-urlencoded;charset=UTF-8',
  'referer' => 'http://localhost:8080/',
  'accept-encoding' => 'gzip, deflate, br',
  'accept-language' => 'zh-CN,zh;q=0.9',
  'cookie' => 'Admin-Token=FC455D0D02DB0A1DD52F94CB2B80189EMDAwMDAwMDAwML6Mna-FqrqSib2cgMOHoIC7o36CkY6xfLjQzqGGZIXVuGadr4u5um-LunZ_w4efabGmjmWDo3-gu5SsqIhkp6vHZJ3Ynau-moXTqGG4nZSnyX-ohIONk4a7qbuyiJ2Jp7F5YqmNt66Hj6pxpbadlKW6gKydf46LgbjQzqCYrJ-5umal2InP07KcrGl_sXeooLiiaXWTbIJryLizbJmGeJfFiaXKmdqhdg',
  'x-forwarded-for' => '127.0.0.1',
  'x-forwarded-port' => '8080',
  'x-forwarded-proto' => 'http',
  'x-forwarded-host' => 'localhost:8080',
)
[ info ] [ PARAM ] array (
  'status' => '-1',
  'title' => '',
  'signature' => 'eda86b96e73171c8656485a45222da3f',
)
[ info ] [ DB ] INIT mysql
[ info ] [ RUN ] app\admin\controller\Rules->index[ D:\phpStudy\WWW\hardphp\application\admin\controller\Rules.php ]
[ info ] [ LOG ] INIT File
---------------------------------------------------------------
[ 2019-11-19T09:12:32+08:00 ] 127.0.0.1 GET www.hardphp.com/index.php/admin/rules/getinfo?id=53&signature=3e772f74d6881fcb57cc585e45ad0e57
[运行时间：0.072000s] [吞吐率：13.89req/s] [内存消耗：2,628.27kb] [文件加载：69]
[ info ] [ LANG ] D:\phpStudy\WWW\hardphp\thinkphp\lang\zh-cn.php
[ info ] [ ROUTE ] array (
  'type' => 'module',
  'module' => 
  array (
    0 => 'admin',
    1 => 'rules',
    2 => 'getinfo',
  ),
)
[ info ] [ HEADER ] array (
  'host' => 'www.hardphp.com',
  'connection' => 'close',
  'pragma' => 'no-cache',
  'cache-control' => 'no-cache',
  'accept' => 'application/json, text/plain, */*',
  'x-access-token' => 'FC455D0D02DB0A1DD52F94CB2B80189EMDAwMDAwMDAwML6Mna-FqrqSib2cgMOHoIC7o36CkY6xfLjQzqGGZIXVuGadr4u5um-LunZ_w4efabGmjmWDo3-gu5SsqIhkp6vHZJ3Ynau-moXTqGG4nZSnyX-ohIONk4a7qbuyiJ2Jp7F5YqmNt66Hj6pxpbadlKW6gKydf46LgbjQzqCYrJ-5umal2InP07KcrGl_sXeooLiiaXWTbIJryLizbJmGeJfFiaXKmdqhdg',
  'user-agent' => 'Mozilla/5.0 (Windows NT 6.1; Win64; x64) AppleWebKit/537.36 (KHTML, like Gecko) Chrome/74.0.3729.131 Safari/537.36',
  'x-access-appid' => '123456',
  'referer' => 'http://localhost:8080/',
  'accept-encoding' => 'gzip, deflate, br',
  'accept-language' => 'zh-CN,zh;q=0.9',
  'cookie' => 'Admin-Token=FC455D0D02DB0A1DD52F94CB2B80189EMDAwMDAwMDAwML6Mna-FqrqSib2cgMOHoIC7o36CkY6xfLjQzqGGZIXVuGadr4u5um-LunZ_w4efabGmjmWDo3-gu5SsqIhkp6vHZJ3Ynau-moXTqGG4nZSnyX-ohIONk4a7qbuyiJ2Jp7F5YqmNt66Hj6pxpbadlKW6gKydf46LgbjQzqCYrJ-5umal2InP07KcrGl_sXeooLiiaXWTbIJryLizbJmGeJfFiaXKmdqhdg',
  'x-forwarded-for' => '127.0.0.1',
  'x-forwarded-port' => '8080',
  'x-forwarded-proto' => 'http',
  'x-forwarded-host' => 'localhost:8080',
)
[ info ] [ PARAM ] array (
  'id' => '53',
  'signature' => '3e772f74d6881fcb57cc585e45ad0e57',
)
[ info ] [ DB ] INIT mysql
[ info ] [ RUN ] app\admin\controller\Rules->getinfo[ D:\phpStudy\WWW\hardphp\application\admin\controller\Rules.php ]
[ info ] [ LOG ] INIT File
---------------------------------------------------------------
[ 2019-11-19T09:13:15+08:00 ] 127.0.0.1 POST www.hardphp.com/index.php/admin/rules/save
[运行时间：0.144000s] [吞吐率：6.94req/s] [内存消耗：2,658.95kb] [文件加载：73]
[ info ] [ LANG ] D:\phpStudy\WWW\hardphp\thinkphp\lang\zh-cn.php
[ info ] [ ROUTE ] array (
  'type' => 'module',
  'module' => 
  array (
    0 => 'admin',
    1 => 'rules',
    2 => 'save',
  ),
)
[ info ] [ HEADER ] array (
  'host' => 'www.hardphp.com',
  'connection' => 'close',
  'content-length' => '210',
  'pragma' => 'no-cache',
  'cache-control' => 'no-cache',
  'accept' => 'application/json, text/plain, */*',
  'origin' => 'http://localhost:8080',
  'x-access-token' => 'FC455D0D02DB0A1DD52F94CB2B80189EMDAwMDAwMDAwML6Mna-FqrqSib2cgMOHoIC7o36CkY6xfLjQzqGGZIXVuGadr4u5um-LunZ_w4efabGmjmWDo3-gu5SsqIhkp6vHZJ3Ynau-moXTqGG4nZSnyX-ohIONk4a7qbuyiJ2Jp7F5YqmNt66Hj6pxpbadlKW6gKydf46LgbjQzqCYrJ-5umal2InP07KcrGl_sXeooLiiaXWTbIJryLizbJmGeJfFiaXKmdqhdg',
  'user-agent' => 'Mozilla/5.0 (Windows NT 6.1; Win64; x64) AppleWebKit/537.36 (KHTML, like Gecko) Chrome/74.0.3729.131 Safari/537.36',
  'x-access-appid' => '123456',
  'content-type' => 'application/x-www-form-urlencoded;charset=UTF-8',
  'referer' => 'http://localhost:8080/',
  'accept-encoding' => 'gzip, deflate, br',
  'accept-language' => 'zh-CN,zh;q=0.9',
  'cookie' => 'Admin-Token=FC455D0D02DB0A1DD52F94CB2B80189EMDAwMDAwMDAwML6Mna-FqrqSib2cgMOHoIC7o36CkY6xfLjQzqGGZIXVuGadr4u5um-LunZ_w4efabGmjmWDo3-gu5SsqIhkp6vHZJ3Ynau-moXTqGG4nZSnyX-ohIONk4a7qbuyiJ2Jp7F5YqmNt66Hj6pxpbadlKW6gKydf46LgbjQzqCYrJ-5umal2InP07KcrGl_sXeooLiiaXWTbIJryLizbJmGeJfFiaXKmdqhdg',
  'x-forwarded-for' => '127.0.0.1',
  'x-forwarded-port' => '8080',
  'x-forwarded-proto' => 'http',
  'x-forwarded-host' => 'localhost:8080',
)
[ info ] [ PARAM ] array (
  'id' => '53',
  'pid' => '52',
  'title' => '客服',
  'name' => 'imServer/imChat',
  'status' => '1',
  'icon' => 'imServer',
  'path' => 'imServer',
  'component' => 'imServer/imChat',
  'hidden' => '0',
  'noCache' => '1',
  'alwaysShow' => '1',
  'redirect' => '',
  'signature' => '7bc969f250d8b3f4bce2990897100544',
)
[ info ] [ DB ] INIT mysql
[ info ] [ RUN ] app\admin\controller\Rules->save[ D:\phpStudy\WWW\hardphp\application\admin\controller\Rules.php ]
[ info ] [ CACHE ] INIT File
[ info ] [ LOG ] INIT File
---------------------------------------------------------------
[ 2019-11-19T09:13:16+08:00 ] 127.0.0.1 POST www.hardphp.com/index.php/admin/rules/index
[运行时间：0.090000s] [吞吐率：11.11req/s] [内存消耗：2,641.14kb] [文件加载：69]
[ info ] [ LANG ] D:\phpStudy\WWW\hardphp\thinkphp\lang\zh-cn.php
[ info ] [ ROUTE ] array (
  'type' => 'module',
  'module' => 
  array (
    0 => 'admin',
    1 => 'rules',
    2 => 'index',
  ),
)
[ info ] [ HEADER ] array (
  'host' => 'www.hardphp.com',
  'connection' => 'close',
  'content-length' => '59',
  'pragma' => 'no-cache',
  'cache-control' => 'no-cache',
  'accept' => 'application/json, text/plain, */*',
  'origin' => 'http://localhost:8080',
  'x-access-token' => 'FC455D0D02DB0A1DD52F94CB2B80189EMDAwMDAwMDAwML6Mna-FqrqSib2cgMOHoIC7o36CkY6xfLjQzqGGZIXVuGadr4u5um-LunZ_w4efabGmjmWDo3-gu5SsqIhkp6vHZJ3Ynau-moXTqGG4nZSnyX-ohIONk4a7qbuyiJ2Jp7F5YqmNt66Hj6pxpbadlKW6gKydf46LgbjQzqCYrJ-5umal2InP07KcrGl_sXeooLiiaXWTbIJryLizbJmGeJfFiaXKmdqhdg',
  'user-agent' => 'Mozilla/5.0 (Windows NT 6.1; Win64; x64) AppleWebKit/537.36 (KHTML, like Gecko) Chrome/74.0.3729.131 Safari/537.36',
  'x-access-appid' => '123456',
  'content-type' => 'application/x-www-form-urlencoded;charset=UTF-8',
  'referer' => 'http://localhost:8080/',
  'accept-encoding' => 'gzip, deflate, br',
  'accept-language' => 'zh-CN,zh;q=0.9',
  'cookie' => 'Admin-Token=FC455D0D02DB0A1DD52F94CB2B80189EMDAwMDAwMDAwML6Mna-FqrqSib2cgMOHoIC7o36CkY6xfLjQzqGGZIXVuGadr4u5um-LunZ_w4efabGmjmWDo3-gu5SsqIhkp6vHZJ3Ynau-moXTqGG4nZSnyX-ohIONk4a7qbuyiJ2Jp7F5YqmNt66Hj6pxpbadlKW6gKydf46LgbjQzqCYrJ-5umal2InP07KcrGl_sXeooLiiaXWTbIJryLizbJmGeJfFiaXKmdqhdg',
  'x-forwarded-for' => '127.0.0.1',
  'x-forwarded-port' => '8080',
  'x-forwarded-proto' => 'http',
  'x-forwarded-host' => 'localhost:8080',
)
[ info ] [ PARAM ] array (
  'status' => '-1',
  'title' => '',
  'signature' => 'eda86b96e73171c8656485a45222da3f',
)
[ info ] [ DB ] INIT mysql
[ info ] [ RUN ] app\admin\controller\Rules->index[ D:\phpStudy\WWW\hardphp\application\admin\controller\Rules.php ]
[ info ] [ LOG ] INIT File
---------------------------------------------------------------
[ 2019-11-19T09:13:40+08:00 ] 127.0.0.1 POST www.hardphp.com/index.php/admin/admin/getuser
[运行时间：0.079000s] [吞吐率：12.66req/s] [内存消耗：2,708.50kb] [文件加载：72]
[ info ] [ LANG ] D:\phpStudy\WWW\hardphp\thinkphp\lang\zh-cn.php
[ info ] [ ROUTE ] array (
  'type' => 'module',
  'module' => 
  array (
    0 => 'admin',
    1 => 'admin',
    2 => 'getuser',
  ),
)
[ info ] [ HEADER ] array (
  'host' => 'www.hardphp.com',
  'connection' => 'close',
  'content-length' => '42',
  'pragma' => 'no-cache',
  'cache-control' => 'no-cache',
  'accept' => 'application/json, text/plain, */*',
  'origin' => 'http://localhost:8080',
  'x-access-token' => 'FC455D0D02DB0A1DD52F94CB2B80189EMDAwMDAwMDAwML6Mna-FqrqSib2cgMOHoIC7o36CkY6xfLjQzqGGZIXVuGadr4u5um-LunZ_w4efabGmjmWDo3-gu5SsqIhkp6vHZJ3Ynau-moXTqGG4nZSnyX-ohIONk4a7qbuyiJ2Jp7F5YqmNt66Hj6pxpbadlKW6gKydf46LgbjQzqCYrJ-5umal2InP07KcrGl_sXeooLiiaXWTbIJryLizbJmGeJfFiaXKmdqhdg',
  'user-agent' => 'Mozilla/5.0 (Windows NT 6.1; Win64; x64) AppleWebKit/537.36 (KHTML, like Gecko) Chrome/74.0.3729.131 Safari/537.36',
  'x-access-appid' => '123456',
  'content-type' => 'application/x-www-form-urlencoded;charset=UTF-8',
  'referer' => 'http://localhost:8080/',
  'accept-encoding' => 'gzip, deflate, br',
  'accept-language' => 'zh-CN,zh;q=0.9',
  'cookie' => 'Admin-Token=FC455D0D02DB0A1DD52F94CB2B80189EMDAwMDAwMDAwML6Mna-FqrqSib2cgMOHoIC7o36CkY6xfLjQzqGGZIXVuGadr4u5um-LunZ_w4efabGmjmWDo3-gu5SsqIhkp6vHZJ3Ynau-moXTqGG4nZSnyX-ohIONk4a7qbuyiJ2Jp7F5YqmNt66Hj6pxpbadlKW6gKydf46LgbjQzqCYrJ-5umal2InP07KcrGl_sXeooLiiaXWTbIJryLizbJmGeJfFiaXKmdqhdg',
  'x-forwarded-for' => '127.0.0.1',
  'x-forwarded-port' => '8080',
  'x-forwarded-proto' => 'http',
  'x-forwarded-host' => 'localhost:8080',
)
[ info ] [ PARAM ] array (
  'signature' => '776a8773415590486189e97e10f77114',
)
[ info ] [ DB ] INIT mysql
[ info ] [ RUN ] app\admin\controller\Admin->getuser[ D:\phpStudy\WWW\hardphp\application\admin\controller\Admin.php ]
[ info ] [ LOG ] INIT File
---------------------------------------------------------------
[ 2019-11-19T09:13:41+08:00 ] 127.0.0.1 POST www.hardphp.com/index.php/admin/rules/index
[运行时间：0.103000s] [吞吐率：9.71req/s] [内存消耗：2,641.14kb] [文件加载：69]
[ info ] [ LANG ] D:\phpStudy\WWW\hardphp\thinkphp\lang\zh-cn.php
[ info ] [ ROUTE ] array (
  'type' => 'module',
  'module' => 
  array (
    0 => 'admin',
    1 => 'rules',
    2 => 'index',
  ),
)
[ info ] [ HEADER ] array (
  'host' => 'www.hardphp.com',
  'connection' => 'close',
  'content-length' => '59',
  'pragma' => 'no-cache',
  'cache-control' => 'no-cache',
  'accept' => 'application/json, text/plain, */*',
  'origin' => 'http://localhost:8080',
  'x-access-token' => 'FC455D0D02DB0A1DD52F94CB2B80189EMDAwMDAwMDAwML6Mna-FqrqSib2cgMOHoIC7o36CkY6xfLjQzqGGZIXVuGadr4u5um-LunZ_w4efabGmjmWDo3-gu5SsqIhkp6vHZJ3Ynau-moXTqGG4nZSnyX-ohIONk4a7qbuyiJ2Jp7F5YqmNt66Hj6pxpbadlKW6gKydf46LgbjQzqCYrJ-5umal2InP07KcrGl_sXeooLiiaXWTbIJryLizbJmGeJfFiaXKmdqhdg',
  'user-agent' => 'Mozilla/5.0 (Windows NT 6.1; Win64; x64) AppleWebKit/537.36 (KHTML, like Gecko) Chrome/74.0.3729.131 Safari/537.36',
  'x-access-appid' => '123456',
  'content-type' => 'application/x-www-form-urlencoded;charset=UTF-8',
  'referer' => 'http://localhost:8080/',
  'accept-encoding' => 'gzip, deflate, br',
  'accept-language' => 'zh-CN,zh;q=0.9',
  'cookie' => 'Admin-Token=FC455D0D02DB0A1DD52F94CB2B80189EMDAwMDAwMDAwML6Mna-FqrqSib2cgMOHoIC7o36CkY6xfLjQzqGGZIXVuGadr4u5um-LunZ_w4efabGmjmWDo3-gu5SsqIhkp6vHZJ3Ynau-moXTqGG4nZSnyX-ohIONk4a7qbuyiJ2Jp7F5YqmNt66Hj6pxpbadlKW6gKydf46LgbjQzqCYrJ-5umal2InP07KcrGl_sXeooLiiaXWTbIJryLizbJmGeJfFiaXKmdqhdg',
  'x-forwarded-for' => '127.0.0.1',
  'x-forwarded-port' => '8080',
  'x-forwarded-proto' => 'http',
  'x-forwarded-host' => 'localhost:8080',
)
[ info ] [ PARAM ] array (
  'status' => '-1',
  'title' => '',
  'signature' => 'eda86b96e73171c8656485a45222da3f',
)
[ info ] [ DB ] INIT mysql
[ info ] [ RUN ] app\admin\controller\Rules->index[ D:\phpStudy\WWW\hardphp\application\admin\controller\Rules.php ]
[ info ] [ LOG ] INIT File
---------------------------------------------------------------
[ 2019-11-19T18:00:48+08:00 ] 127.0.0.1 POST www.hardphp.com/index.php/admin/login/index
[运行时间：1.334000s] [吞吐率：0.75req/s] [内存消耗：2,787.11kb] [文件加载：81]
[ info ] [ LANG ] D:\phpStudy\WWW\hardphp\thinkphp\lang\zh-cn.php
[ info ] [ ROUTE ] array (
  'type' => 'module',
  'module' => 
  array (
    0 => 'admin',
    1 => 'login',
    2 => 'index',
  ),
)
[ info ] [ HEADER ] array (
  'host' => 'www.hardphp.com',
  'connection' => 'close',
  'content-length' => '73',
  'pragma' => 'no-cache',
  'cache-control' => 'no-cache',
  'accept' => 'application/json, text/plain, */*',
  'origin' => 'http://localhost:8080',
  'user-agent' => 'Mozilla/5.0 (Windows NT 6.1; Win64; x64) AppleWebKit/537.36 (KHTML, like Gecko) Chrome/74.0.3729.131 Safari/537.36',
  'x-access-appid' => '123456',
  'content-type' => 'application/x-www-form-urlencoded;charset=UTF-8',
  'referer' => 'http://localhost:8080/',
  'accept-encoding' => 'gzip, deflate, br',
  'accept-language' => 'zh-CN,zh;q=0.9',
  'x-forwarded-for' => '127.0.0.1',
  'x-forwarded-port' => '8080',
  'x-forwarded-proto' => 'http',
  'x-forwarded-host' => 'localhost:8080',
)
[ info ] [ PARAM ] array (
  'userName' => 'admin',
  'password' => '123456',
  'signature' => '5c9dde2ed54c2625dcafa37e79314ea6',
)
[ info ] [ DB ] INIT mysql
[ info ] [ RUN ] app\admin\controller\Login->index[ D:\phpStudy\WWW\hardphp\application\admin\controller\Login.php ]
[ info ] [ CACHE ] INIT File
[ info ] [ LOG ] INIT File
---------------------------------------------------------------
[ 2019-11-19T18:00:48+08:00 ] 127.0.0.1 POST www.hardphp.com/index.php/admin/admin/getuser
[运行时间：0.270000s] [吞吐率：3.70req/s] [内存消耗：2,803.95kb] [文件加载：80]
[ info ] [ LANG ] D:\phpStudy\WWW\hardphp\thinkphp\lang\zh-cn.php
[ info ] [ ROUTE ] array (
  'type' => 'module',
  'module' => 
  array (
    0 => 'admin',
    1 => 'admin',
    2 => 'getuser',
  ),
)
[ info ] [ HEADER ] array (
  'host' => 'www.hardphp.com',
  'connection' => 'close',
  'content-length' => '42',
  'pragma' => 'no-cache',
  'cache-control' => 'no-cache',
  'accept' => 'application/json, text/plain, */*',
  'origin' => 'http://localhost:8080',
  'x-access-token' => '0DD4DC5CB212DCE4419C8603C4517655MDAwMDAwMDAwML6Mna-FqrqSib2cgMOHoIC7o36CkY6xfLjQzqGGZIXVuGadr4u5um-LunZ_w4efabGmjmWDo3-gu5SsqIhkp6vHZJ3Ynau-moXTqGG4nZSnyX-ohIONk4a7qbuyiJ2Jq7GJZpqPt6aJi6pxpbiInKG7aayghX-Pg7-40oOZiJ-WsIqD25nOnW6Zvahhu4iKo8iNepuUjYOGys-4gYFigdmzin-yjrShdg',
  'user-agent' => 'Mozilla/5.0 (Windows NT 6.1; Win64; x64) AppleWebKit/537.36 (KHTML, like Gecko) Chrome/74.0.3729.131 Safari/537.36',
  'x-access-appid' => '123456',
  'content-type' => 'application/x-www-form-urlencoded;charset=UTF-8',
  'referer' => 'http://localhost:8080/',
  'accept-encoding' => 'gzip, deflate, br',
  'accept-language' => 'zh-CN,zh;q=0.9',
  'cookie' => 'Admin-Token=0DD4DC5CB212DCE4419C8603C4517655MDAwMDAwMDAwML6Mna-FqrqSib2cgMOHoIC7o36CkY6xfLjQzqGGZIXVuGadr4u5um-LunZ_w4efabGmjmWDo3-gu5SsqIhkp6vHZJ3Ynau-moXTqGG4nZSnyX-ohIONk4a7qbuyiJ2Jq7GJZpqPt6aJi6pxpbiInKG7aayghX-Pg7-40oOZiJ-WsIqD25nOnW6Zvahhu4iKo8iNepuUjYOGys-4gYFigdmzin-yjrShdg',
  'x-forwarded-for' => '127.0.0.1',
  'x-forwarded-port' => '8080',
  'x-forwarded-proto' => 'http',
  'x-forwarded-host' => 'localhost:8080',
)
[ info ] [ PARAM ] array (
  'signature' => '776a8773415590486189e97e10f77114',
)
[ info ] [ DB ] INIT mysql
[ info ] [ RUN ] app\admin\controller\Admin->getuser[ D:\phpStudy\WWW\hardphp\application\admin\controller\Admin.php ]
[ info ] [ LOG ] INIT File
---------------------------------------------------------------
[ 2019-11-19T18:00:55+08:00 ] 127.0.0.1 POST www.hardphp.com/index.php/admin/roles/index
[运行时间：0.183000s] [吞吐率：5.46req/s] [内存消耗：2,739.66kb] [文件加载：80]
[ info ] [ LANG ] D:\phpStudy\WWW\hardphp\thinkphp\lang\zh-cn.php
[ info ] [ ROUTE ] array (
  'type' => 'module',
  'module' => 
  array (
    0 => 'admin',
    1 => 'roles',
    2 => 'index',
  ),
)
[ info ] [ HEADER ] array (
  'host' => 'www.hardphp.com',
  'connection' => 'close',
  'content-length' => '75',
  'pragma' => 'no-cache',
  'cache-control' => 'no-cache',
  'accept' => 'application/json, text/plain, */*',
  'origin' => 'http://localhost:8080',
  'x-access-token' => '0DD4DC5CB212DCE4419C8603C4517655MDAwMDAwMDAwML6Mna-FqrqSib2cgMOHoIC7o36CkY6xfLjQzqGGZIXVuGadr4u5um-LunZ_w4efabGmjmWDo3-gu5SsqIhkp6vHZJ3Ynau-moXTqGG4nZSnyX-ohIONk4a7qbuyiJ2Jq7GJZpqPt6aJi6pxpbiInKG7aayghX-Pg7-40oOZiJ-WsIqD25nOnW6Zvahhu4iKo8iNepuUjYOGys-4gYFigdmzin-yjrShdg',
  'user-agent' => 'Mozilla/5.0 (Windows NT 6.1; Win64; x64) AppleWebKit/537.36 (KHTML, like Gecko) Chrome/74.0.3729.131 Safari/537.36',
  'x-access-appid' => '123456',
  'content-type' => 'application/x-www-form-urlencoded;charset=UTF-8',
  'referer' => 'http://localhost:8080/',
  'accept-encoding' => 'gzip, deflate, br',
  'accept-language' => 'zh-CN,zh;q=0.9',
  'cookie' => 'Admin-Token=0DD4DC5CB212DCE4419C8603C4517655MDAwMDAwMDAwML6Mna-FqrqSib2cgMOHoIC7o36CkY6xfLjQzqGGZIXVuGadr4u5um-LunZ_w4efabGmjmWDo3-gu5SsqIhkp6vHZJ3Ynau-moXTqGG4nZSnyX-ohIONk4a7qbuyiJ2Jq7GJZpqPt6aJi6pxpbiInKG7aayghX-Pg7-40oOZiJ-WsIqD25nOnW6Zvahhu4iKo8iNepuUjYOGys-4gYFigdmzin-yjrShdg',
  'x-forwarded-for' => '127.0.0.1',
  'x-forwarded-port' => '8080',
  'x-forwarded-proto' => 'http',
  'x-forwarded-host' => 'localhost:8080',
)
[ info ] [ PARAM ] array (
  'page' => '1',
  'psize' => '10',
  'status' => '-1',
  'title' => '',
  'signature' => '7fa90b2669f6e5f17c695cdd71342653',
)
[ info ] [ DB ] INIT mysql
[ info ] [ RUN ] app\admin\controller\Roles->index[ D:\phpStudy\WWW\hardphp\application\admin\controller\Roles.php ]
[ info ] [ LOG ] INIT File
---------------------------------------------------------------
[ 2019-11-19T18:00:56+08:00 ] 127.0.0.1 POST www.hardphp.com/index.php/admin/rules/getLists
[运行时间：0.092000s] [吞吐率：10.87req/s] [内存消耗：2,698.04kb] [文件加载：78]
[ info ] [ LANG ] D:\phpStudy\WWW\hardphp\thinkphp\lang\zh-cn.php
[ info ] [ ROUTE ] array (
  'type' => 'module',
  'module' => 
  array (
    0 => 'admin',
    1 => 'rules',
    2 => 'getLists',
  ),
)
[ info ] [ HEADER ] array (
  'host' => 'www.hardphp.com',
  'connection' => 'close',
  'content-length' => '42',
  'pragma' => 'no-cache',
  'cache-control' => 'no-cache',
  'accept' => 'application/json, text/plain, */*',
  'origin' => 'http://localhost:8080',
  'x-access-token' => '0DD4DC5CB212DCE4419C8603C4517655MDAwMDAwMDAwML6Mna-FqrqSib2cgMOHoIC7o36CkY6xfLjQzqGGZIXVuGadr4u5um-LunZ_w4efabGmjmWDo3-gu5SsqIhkp6vHZJ3Ynau-moXTqGG4nZSnyX-ohIONk4a7qbuyiJ2Jq7GJZpqPt6aJi6pxpbiInKG7aayghX-Pg7-40oOZiJ-WsIqD25nOnW6Zvahhu4iKo8iNepuUjYOGys-4gYFigdmzin-yjrShdg',
  'user-agent' => 'Mozilla/5.0 (Windows NT 6.1; Win64; x64) AppleWebKit/537.36 (KHTML, like Gecko) Chrome/74.0.3729.131 Safari/537.36',
  'x-access-appid' => '123456',
  'content-type' => 'application/x-www-form-urlencoded;charset=UTF-8',
  'referer' => 'http://localhost:8080/',
  'accept-encoding' => 'gzip, deflate, br',
  'accept-language' => 'zh-CN,zh;q=0.9',
  'cookie' => 'Admin-Token=0DD4DC5CB212DCE4419C8603C4517655MDAwMDAwMDAwML6Mna-FqrqSib2cgMOHoIC7o36CkY6xfLjQzqGGZIXVuGadr4u5um-LunZ_w4efabGmjmWDo3-gu5SsqIhkp6vHZJ3Ynau-moXTqGG4nZSnyX-ohIONk4a7qbuyiJ2Jq7GJZpqPt6aJi6pxpbiInKG7aayghX-Pg7-40oOZiJ-WsIqD25nOnW6Zvahhu4iKo8iNepuUjYOGys-4gYFigdmzin-yjrShdg',
  'x-forwarded-for' => '127.0.0.1',
  'x-forwarded-port' => '8080',
  'x-forwarded-proto' => 'http',
  'x-forwarded-host' => 'localhost:8080',
)
[ info ] [ PARAM ] array (
  'signature' => '776a8773415590486189e97e10f77114',
)
[ info ] [ DB ] INIT mysql
[ info ] [ RUN ] app\admin\controller\Rules->getLists[ D:\phpStudy\WWW\hardphp\application\admin\controller\Rules.php ]
[ info ] [ LOG ] INIT File
---------------------------------------------------------------
[ 2019-11-19T18:01:10+08:00 ] 127.0.0.1 POST www.hardphp.com/index.php/admin/user/index
[运行时间：0.141000s] [吞吐率：7.09req/s] [内存消耗：2,754.42kb] [文件加载：80]
[ info ] [ LANG ] D:\phpStudy\WWW\hardphp\thinkphp\lang\zh-cn.php
[ info ] [ ROUTE ] array (
  'type' => 'module',
  'module' => 
  array (
    0 => 'admin',
    1 => 'user',
    2 => 'index',
  ),
)
[ info ] [ HEADER ] array (
  'host' => 'www.hardphp.com',
  'connection' => 'close',
  'content-length' => '113',
  'pragma' => 'no-cache',
  'cache-control' => 'no-cache',
  'accept' => 'application/json, text/plain, */*',
  'origin' => 'http://localhost:8080',
  'x-access-token' => '0DD4DC5CB212DCE4419C8603C4517655MDAwMDAwMDAwML6Mna-FqrqSib2cgMOHoIC7o36CkY6xfLjQzqGGZIXVuGadr4u5um-LunZ_w4efabGmjmWDo3-gu5SsqIhkp6vHZJ3Ynau-moXTqGG4nZSnyX-ohIONk4a7qbuyiJ2Jq7GJZpqPt6aJi6pxpbiInKG7aayghX-Pg7-40oOZiJ-WsIqD25nOnW6Zvahhu4iKo8iNepuUjYOGys-4gYFigdmzin-yjrShdg',
  'user-agent' => 'Mozilla/5.0 (Windows NT 6.1; Win64; x64) AppleWebKit/537.36 (KHTML, like Gecko) Chrome/74.0.3729.131 Safari/537.36',
  'x-access-appid' => '123456',
  'content-type' => 'application/x-www-form-urlencoded;charset=UTF-8',
  'referer' => 'http://localhost:8080/',
  'accept-encoding' => 'gzip, deflate, br',
  'accept-language' => 'zh-CN,zh;q=0.9',
  'cookie' => 'Admin-Token=0DD4DC5CB212DCE4419C8603C4517655MDAwMDAwMDAwML6Mna-FqrqSib2cgMOHoIC7o36CkY6xfLjQzqGGZIXVuGadr4u5um-LunZ_w4efabGmjmWDo3-gu5SsqIhkp6vHZJ3Ynau-moXTqGG4nZSnyX-ohIONk4a7qbuyiJ2Jq7GJZpqPt6aJi6pxpbiInKG7aayghX-Pg7-40oOZiJ-WsIqD25nOnW6Zvahhu4iKo8iNepuUjYOGys-4gYFigdmzin-yjrShdg',
  'x-forwarded-for' => '127.0.0.1',
  'x-forwarded-port' => '8080',
  'x-forwarded-proto' => 'http',
  'x-forwarded-host' => 'localhost:8080',
)
[ info ] [ PARAM ] array (
  'page' => '1',
  'psize' => '10',
  'id' => '',
  'sort' => '+id',
  'userName' => '',
  'realName' => '',
  'startTime' => '',
  'endTime' => '',
  'signature' => 'cd37ba2321ac45805f4858b3f48b6249',
)
[ info ] [ DB ] INIT mysql
[ info ] [ RUN ] app\admin\controller\User->index[ D:\phpStudy\WWW\hardphp\application\admin\controller\User.php ]
[ info ] [ LOG ] INIT File
---------------------------------------------------------------
[ 2019-11-19T18:01:21+08:00 ] 127.0.0.1 POST www.hardphp.com/index.php/admin/admin/getuser
[运行时间：0.079000s] [吞吐率：12.66req/s] [内存消耗：2,803.95kb] [文件加载：80]
[ info ] [ LANG ] D:\phpStudy\WWW\hardphp\thinkphp\lang\zh-cn.php
[ info ] [ ROUTE ] array (
  'type' => 'module',
  'module' => 
  array (
    0 => 'admin',
    1 => 'admin',
    2 => 'getuser',
  ),
)
[ info ] [ HEADER ] array (
  'host' => 'www.hardphp.com',
  'connection' => 'close',
  'content-length' => '42',
  'pragma' => 'no-cache',
  'cache-control' => 'no-cache',
  'accept' => 'application/json, text/plain, */*',
  'origin' => 'http://localhost:8080',
  'x-access-token' => '0DD4DC5CB212DCE4419C8603C4517655MDAwMDAwMDAwML6Mna-FqrqSib2cgMOHoIC7o36CkY6xfLjQzqGGZIXVuGadr4u5um-LunZ_w4efabGmjmWDo3-gu5SsqIhkp6vHZJ3Ynau-moXTqGG4nZSnyX-ohIONk4a7qbuyiJ2Jq7GJZpqPt6aJi6pxpbiInKG7aayghX-Pg7-40oOZiJ-WsIqD25nOnW6Zvahhu4iKo8iNepuUjYOGys-4gYFigdmzin-yjrShdg',
  'user-agent' => 'Mozilla/5.0 (Windows NT 6.1; Win64; x64) AppleWebKit/537.36 (KHTML, like Gecko) Chrome/74.0.3729.131 Safari/537.36',
  'x-access-appid' => '123456',
  'content-type' => 'application/x-www-form-urlencoded;charset=UTF-8',
  'referer' => 'http://localhost:8080/',
  'accept-encoding' => 'gzip, deflate, br',
  'accept-language' => 'zh-CN,zh;q=0.9',
  'cookie' => 'Admin-Token=0DD4DC5CB212DCE4419C8603C4517655MDAwMDAwMDAwML6Mna-FqrqSib2cgMOHoIC7o36CkY6xfLjQzqGGZIXVuGadr4u5um-LunZ_w4efabGmjmWDo3-gu5SsqIhkp6vHZJ3Ynau-moXTqGG4nZSnyX-ohIONk4a7qbuyiJ2Jq7GJZpqPt6aJi6pxpbiInKG7aayghX-Pg7-40oOZiJ-WsIqD25nOnW6Zvahhu4iKo8iNepuUjYOGys-4gYFigdmzin-yjrShdg',
  'x-forwarded-for' => '127.0.0.1',
  'x-forwarded-port' => '8080',
  'x-forwarded-proto' => 'http',
  'x-forwarded-host' => 'localhost:8080',
)
[ info ] [ PARAM ] array (
  'signature' => '776a8773415590486189e97e10f77114',
)
[ info ] [ DB ] INIT mysql
[ info ] [ RUN ] app\admin\controller\Admin->getuser[ D:\phpStudy\WWW\hardphp\application\admin\controller\Admin.php ]
[ info ] [ LOG ] INIT File
---------------------------------------------------------------
[ 2019-11-19T18:01:22+08:00 ] 127.0.0.1 POST www.hardphp.com/index.php/admin/user/index
[运行时间：0.089000s] [吞吐率：11.24req/s] [内存消耗：2,754.42kb] [文件加载：80]
[ info ] [ LANG ] D:\phpStudy\WWW\hardphp\thinkphp\lang\zh-cn.php
[ info ] [ ROUTE ] array (
  'type' => 'module',
  'module' => 
  array (
    0 => 'admin',
    1 => 'user',
    2 => 'index',
  ),
)
[ info ] [ HEADER ] array (
  'host' => 'www.hardphp.com',
  'connection' => 'close',
  'content-length' => '113',
  'pragma' => 'no-cache',
  'cache-control' => 'no-cache',
  'accept' => 'application/json, text/plain, */*',
  'origin' => 'http://localhost:8080',
  'x-access-token' => '0DD4DC5CB212DCE4419C8603C4517655MDAwMDAwMDAwML6Mna-FqrqSib2cgMOHoIC7o36CkY6xfLjQzqGGZIXVuGadr4u5um-LunZ_w4efabGmjmWDo3-gu5SsqIhkp6vHZJ3Ynau-moXTqGG4nZSnyX-ohIONk4a7qbuyiJ2Jq7GJZpqPt6aJi6pxpbiInKG7aayghX-Pg7-40oOZiJ-WsIqD25nOnW6Zvahhu4iKo8iNepuUjYOGys-4gYFigdmzin-yjrShdg',
  'user-agent' => 'Mozilla/5.0 (Windows NT 6.1; Win64; x64) AppleWebKit/537.36 (KHTML, like Gecko) Chrome/74.0.3729.131 Safari/537.36',
  'x-access-appid' => '123456',
  'content-type' => 'application/x-www-form-urlencoded;charset=UTF-8',
  'referer' => 'http://localhost:8080/',
  'accept-encoding' => 'gzip, deflate, br',
  'accept-language' => 'zh-CN,zh;q=0.9',
  'cookie' => 'Admin-Token=0DD4DC5CB212DCE4419C8603C4517655MDAwMDAwMDAwML6Mna-FqrqSib2cgMOHoIC7o36CkY6xfLjQzqGGZIXVuGadr4u5um-LunZ_w4efabGmjmWDo3-gu5SsqIhkp6vHZJ3Ynau-moXTqGG4nZSnyX-ohIONk4a7qbuyiJ2Jq7GJZpqPt6aJi6pxpbiInKG7aayghX-Pg7-40oOZiJ-WsIqD25nOnW6Zvahhu4iKo8iNepuUjYOGys-4gYFigdmzin-yjrShdg',
  'x-forwarded-for' => '127.0.0.1',
  'x-forwarded-port' => '8080',
  'x-forwarded-proto' => 'http',
  'x-forwarded-host' => 'localhost:8080',
)
[ info ] [ PARAM ] array (
  'page' => '1',
  'psize' => '10',
  'id' => '',
  'sort' => '+id',
  'userName' => '',
  'realName' => '',
  'startTime' => '',
  'endTime' => '',
  'signature' => 'cd37ba2321ac45805f4858b3f48b6249',
)
[ info ] [ DB ] INIT mysql
[ info ] [ RUN ] app\admin\controller\User->index[ D:\phpStudy\WWW\hardphp\application\admin\controller\User.php ]
[ info ] [ LOG ] INIT File
---------------------------------------------------------------
[ 2019-11-19T18:21:00+08:00 ] 127.0.0.1 POST www.hardphp.com/index.php/admin/login/index
[运行时间：0.327000s] [吞吐率：3.06req/s] [内存消耗：2,786.77kb] [文件加载：81]
[ info ] [ LANG ] D:\phpStudy\WWW\hardphp\thinkphp\lang\zh-cn.php
[ info ] [ ROUTE ] array (
  'type' => 'module',
  'module' => 
  array (
    0 => 'admin',
    1 => 'login',
    2 => 'index',
  ),
)
[ info ] [ HEADER ] array (
  'host' => 'www.hardphp.com',
  'connection' => 'close',
  'content-length' => '73',
  'accept' => 'application/json, text/plain, */*',
  'origin' => 'http://localhost:8080',
  'user-agent' => 'Mozilla/5.0 (Windows NT 6.1; Win64; x64) AppleWebKit/537.36 (KHTML, like Gecko) Chrome/74.0.3729.131 Safari/537.36',
  'x-access-appid' => '123456',
  'content-type' => 'application/x-www-form-urlencoded;charset=UTF-8',
  'referer' => 'http://localhost:8080/',
  'accept-encoding' => 'gzip, deflate, br',
  'accept-language' => 'zh-CN,zh;q=0.9',
  'x-forwarded-for' => '127.0.0.1',
  'x-forwarded-port' => '8080',
  'x-forwarded-proto' => 'http',
  'x-forwarded-host' => 'localhost:8080',
)
[ info ] [ PARAM ] array (
  'userName' => 'admin',
  'password' => '123456',
  'signature' => '5c9dde2ed54c2625dcafa37e79314ea6',
)
[ info ] [ DB ] INIT mysql
[ info ] [ RUN ] app\admin\controller\Login->index[ D:\phpStudy\WWW\hardphp\application\admin\controller\Login.php ]
[ info ] [ CACHE ] INIT File
[ info ] [ LOG ] INIT File
---------------------------------------------------------------
[ 2019-11-19T18:21:00+08:00 ] 127.0.0.1 POST www.hardphp.com/index.php/admin/admin/getuser
[运行时间：0.256000s] [吞吐率：3.91req/s] [内存消耗：2,803.71kb] [文件加载：80]
[ info ] [ LANG ] D:\phpStudy\WWW\hardphp\thinkphp\lang\zh-cn.php
[ info ] [ ROUTE ] array (
  'type' => 'module',
  'module' => 
  array (
    0 => 'admin',
    1 => 'admin',
    2 => 'getuser',
  ),
)
[ info ] [ HEADER ] array (
  'host' => 'www.hardphp.com',
  'connection' => 'close',
  'content-length' => '42',
  'accept' => 'application/json, text/plain, */*',
  'origin' => 'http://localhost:8080',
  'x-access-token' => 'F101689C0619B27A537D0677C27F08DCMDAwMDAwMDAwML6Mna-FqrqSib2cgMOHoIC7o36CkY6xfLjQzqGGZIXVuGadr4u5um-LunZ_w4efabGmjmWDo3-gu5SsqIhkp6vHZJ3Ynau-moXTqGG4nZSnyX-ohIONk4a7qbuyiJ2Jq7GJaqmS3a6Hi6pxpbV3epq7pXmng7OKsbaVwIOLiIyZxYuZsIWr1I-a0op3uJ-Yrrl_fWV9o4OAyLvSeolihbTIe5mxirShdg',
  'user-agent' => 'Mozilla/5.0 (Windows NT 6.1; Win64; x64) AppleWebKit/537.36 (KHTML, like Gecko) Chrome/74.0.3729.131 Safari/537.36',
  'x-access-appid' => '123456',
  'content-type' => 'application/x-www-form-urlencoded;charset=UTF-8',
  'referer' => 'http://localhost:8080/',
  'accept-encoding' => 'gzip, deflate, br',
  'accept-language' => 'zh-CN,zh;q=0.9',
  'cookie' => 'Admin-Token=F101689C0619B27A537D0677C27F08DCMDAwMDAwMDAwML6Mna-FqrqSib2cgMOHoIC7o36CkY6xfLjQzqGGZIXVuGadr4u5um-LunZ_w4efabGmjmWDo3-gu5SsqIhkp6vHZJ3Ynau-moXTqGG4nZSnyX-ohIONk4a7qbuyiJ2Jq7GJaqmS3a6Hi6pxpbV3epq7pXmng7OKsbaVwIOLiIyZxYuZsIWr1I-a0op3uJ-Yrrl_fWV9o4OAyLvSeolihbTIe5mxirShdg',
  'x-forwarded-for' => '127.0.0.1',
  'x-forwarded-port' => '8080',
  'x-forwarded-proto' => 'http',
  'x-forwarded-host' => 'localhost:8080',
)
[ info ] [ PARAM ] array (
  'signature' => '776a8773415590486189e97e10f77114',
)
[ info ] [ DB ] INIT mysql
[ info ] [ RUN ] app\admin\controller\Admin->getuser[ D:\phpStudy\WWW\hardphp\application\admin\controller\Admin.php ]
[ info ] [ LOG ] INIT File
---------------------------------------------------------------
[ 2019-11-19T18:21:24+08:00 ] 127.0.0.1 POST www.hardphp.com/index.php/admin/admin/getuser
[运行时间：0.094000s] [吞吐率：10.64req/s] [内存消耗：2,803.98kb] [文件加载：80]
[ info ] [ LANG ] D:\phpStudy\WWW\hardphp\thinkphp\lang\zh-cn.php
[ info ] [ ROUTE ] array (
  'type' => 'module',
  'module' => 
  array (
    0 => 'admin',
    1 => 'admin',
    2 => 'getuser',
  ),
)
[ info ] [ HEADER ] array (
  'host' => 'www.hardphp.com',
  'connection' => 'close',
  'content-length' => '42',
  'pragma' => 'no-cache',
  'cache-control' => 'no-cache',
  'accept' => 'application/json, text/plain, */*',
  'origin' => 'http://localhost:8080',
  'x-access-token' => 'F101689C0619B27A537D0677C27F08DCMDAwMDAwMDAwML6Mna-FqrqSib2cgMOHoIC7o36CkY6xfLjQzqGGZIXVuGadr4u5um-LunZ_w4efabGmjmWDo3-gu5SsqIhkp6vHZJ3Ynau-moXTqGG4nZSnyX-ohIONk4a7qbuyiJ2Jq7GJaqmS3a6Hi6pxpbV3epq7pXmng7OKsbaVwIOLiIyZxYuZsIWr1I-a0op3uJ-Yrrl_fWV9o4OAyLvSeolihbTIe5mxirShdg',
  'user-agent' => 'Mozilla/5.0 (Windows NT 6.1; Win64; x64) AppleWebKit/537.36 (KHTML, like Gecko) Chrome/74.0.3729.131 Safari/537.36',
  'x-access-appid' => '123456',
  'content-type' => 'application/x-www-form-urlencoded;charset=UTF-8',
  'referer' => 'http://localhost:8080/',
  'accept-encoding' => 'gzip, deflate, br',
  'accept-language' => 'zh-CN,zh;q=0.9',
  'cookie' => 'Admin-Token=F101689C0619B27A537D0677C27F08DCMDAwMDAwMDAwML6Mna-FqrqSib2cgMOHoIC7o36CkY6xfLjQzqGGZIXVuGadr4u5um-LunZ_w4efabGmjmWDo3-gu5SsqIhkp6vHZJ3Ynau-moXTqGG4nZSnyX-ohIONk4a7qbuyiJ2Jq7GJaqmS3a6Hi6pxpbV3epq7pXmng7OKsbaVwIOLiIyZxYuZsIWr1I-a0op3uJ-Yrrl_fWV9o4OAyLvSeolihbTIe5mxirShdg',
  'x-forwarded-for' => '127.0.0.1',
  'x-forwarded-port' => '8080',
  'x-forwarded-proto' => 'http',
  'x-forwarded-host' => 'localhost:8080',
)
[ info ] [ PARAM ] array (
  'signature' => '776a8773415590486189e97e10f77114',
)
[ info ] [ DB ] INIT mysql
[ info ] [ RUN ] app\admin\controller\Admin->getuser[ D:\phpStudy\WWW\hardphp\application\admin\controller\Admin.php ]
[ info ] [ LOG ] INIT File
---------------------------------------------------------------
[ 2019-11-19T18:21:34+08:00 ] 127.0.0.1 POST www.hardphp.com/index.php/admin/user/index
[运行时间：0.101000s] [吞吐率：9.90req/s] [内存消耗：2,754.45kb] [文件加载：80]
[ info ] [ LANG ] D:\phpStudy\WWW\hardphp\thinkphp\lang\zh-cn.php
[ info ] [ ROUTE ] array (
  'type' => 'module',
  'module' => 
  array (
    0 => 'admin',
    1 => 'user',
    2 => 'index',
  ),
)
[ info ] [ HEADER ] array (
  'host' => 'www.hardphp.com',
  'connection' => 'close',
  'content-length' => '113',
  'pragma' => 'no-cache',
  'cache-control' => 'no-cache',
  'accept' => 'application/json, text/plain, */*',
  'origin' => 'http://localhost:8080',
  'x-access-token' => 'F101689C0619B27A537D0677C27F08DCMDAwMDAwMDAwML6Mna-FqrqSib2cgMOHoIC7o36CkY6xfLjQzqGGZIXVuGadr4u5um-LunZ_w4efabGmjmWDo3-gu5SsqIhkp6vHZJ3Ynau-moXTqGG4nZSnyX-ohIONk4a7qbuyiJ2Jq7GJaqmS3a6Hi6pxpbV3epq7pXmng7OKsbaVwIOLiIyZxYuZsIWr1I-a0op3uJ-Yrrl_fWV9o4OAyLvSeolihbTIe5mxirShdg',
  'user-agent' => 'Mozilla/5.0 (Windows NT 6.1; Win64; x64) AppleWebKit/537.36 (KHTML, like Gecko) Chrome/74.0.3729.131 Safari/537.36',
  'x-access-appid' => '123456',
  'content-type' => 'application/x-www-form-urlencoded;charset=UTF-8',
  'referer' => 'http://localhost:8080/',
  'accept-encoding' => 'gzip, deflate, br',
  'accept-language' => 'zh-CN,zh;q=0.9',
  'cookie' => 'Admin-Token=F101689C0619B27A537D0677C27F08DCMDAwMDAwMDAwML6Mna-FqrqSib2cgMOHoIC7o36CkY6xfLjQzqGGZIXVuGadr4u5um-LunZ_w4efabGmjmWDo3-gu5SsqIhkp6vHZJ3Ynau-moXTqGG4nZSnyX-ohIONk4a7qbuyiJ2Jq7GJaqmS3a6Hi6pxpbV3epq7pXmng7OKsbaVwIOLiIyZxYuZsIWr1I-a0op3uJ-Yrrl_fWV9o4OAyLvSeolihbTIe5mxirShdg',
  'x-forwarded-for' => '127.0.0.1',
  'x-forwarded-port' => '8080',
  'x-forwarded-proto' => 'http',
  'x-forwarded-host' => 'localhost:8080',
)
[ info ] [ PARAM ] array (
  'page' => '1',
  'psize' => '10',
  'id' => '',
  'sort' => '+id',
  'userName' => '',
  'realName' => '',
  'startTime' => '',
  'endTime' => '',
  'signature' => 'cd37ba2321ac45805f4858b3f48b6249',
)
[ info ] [ DB ] INIT mysql
[ info ] [ RUN ] app\admin\controller\User->index[ D:\phpStudy\WWW\hardphp\application\admin\controller\User.php ]
[ info ] [ LOG ] INIT File
---------------------------------------------------------------
[ 2019-11-19T18:21:52+08:00 ] 127.0.0.1 POST www.hardphp.com/index.php/admin/login/index
[运行时间：0.281000s] [吞吐率：3.56req/s] [内存消耗：2,787.08kb] [文件加载：81]
[ info ] [ LANG ] D:\phpStudy\WWW\hardphp\thinkphp\lang\zh-cn.php
[ info ] [ ROUTE ] array (
  'type' => 'module',
  'module' => 
  array (
    0 => 'admin',
    1 => 'login',
    2 => 'index',
  ),
)
[ info ] [ HEADER ] array (
  'host' => 'www.hardphp.com',
  'connection' => 'close',
  'content-length' => '73',
  'pragma' => 'no-cache',
  'cache-control' => 'no-cache',
  'accept' => 'application/json, text/plain, */*',
  'origin' => 'http://localhost:8080',
  'user-agent' => 'Mozilla/5.0 (Windows NT 6.1; Win64; x64) AppleWebKit/537.36 (KHTML, like Gecko) Chrome/74.0.3729.131 Safari/537.36',
  'x-access-appid' => '123456',
  'content-type' => 'application/x-www-form-urlencoded;charset=UTF-8',
  'referer' => 'http://localhost:8080/',
  'accept-encoding' => 'gzip, deflate, br',
  'accept-language' => 'zh-CN,zh;q=0.9',
  'x-forwarded-for' => '127.0.0.1',
  'x-forwarded-port' => '8080',
  'x-forwarded-proto' => 'http',
  'x-forwarded-host' => 'localhost:8080',
)
[ info ] [ PARAM ] array (
  'userName' => 'admin',
  'password' => '123456',
  'signature' => '5c9dde2ed54c2625dcafa37e79314ea6',
)
[ info ] [ DB ] INIT mysql
[ info ] [ RUN ] app\admin\controller\Login->index[ D:\phpStudy\WWW\hardphp\application\admin\controller\Login.php ]
[ info ] [ CACHE ] INIT File
[ info ] [ LOG ] INIT File
---------------------------------------------------------------
[ 2019-11-19T18:21:52+08:00 ] 127.0.0.1 POST www.hardphp.com/index.php/admin/admin/getuser
[运行时间：0.129000s] [吞吐率：7.75req/s] [内存消耗：2,803.98kb] [文件加载：80]
[ info ] [ LANG ] D:\phpStudy\WWW\hardphp\thinkphp\lang\zh-cn.php
[ info ] [ ROUTE ] array (
  'type' => 'module',
  'module' => 
  array (
    0 => 'admin',
    1 => 'admin',
    2 => 'getuser',
  ),
)
[ info ] [ HEADER ] array (
  'host' => 'www.hardphp.com',
  'connection' => 'close',
  'content-length' => '42',
  'pragma' => 'no-cache',
  'cache-control' => 'no-cache',
  'accept' => 'application/json, text/plain, */*',
  'origin' => 'http://localhost:8080',
  'x-access-token' => '7A6BE5AC61EEF1C2D11B0984B5C13093MDAwMDAwMDAwML6Mna-FqrqSib2cgMOHoIC7o36CkY6xfLjQzqGGZIXVuGadr4u5um-LunZ_w4efabGmjmWDo3-gu5SsqIhkp6vHZJ3Ynau-moXTqGG4nZSnyX-ohIONk4a7qbuyiJ2Jq7GJaqmZlsyHmtBxpbl4oJq3aXGlfaRyhrvQtIaBioWVxXidp52nrrOKvoqcuKB2Zrazinh9fZNrus3AbYqso5i5jKHcibShdg',
  'user-agent' => 'Mozilla/5.0 (Windows NT 6.1; Win64; x64) AppleWebKit/537.36 (KHTML, like Gecko) Chrome/74.0.3729.131 Safari/537.36',
  'x-access-appid' => '123456',
  'content-type' => 'application/x-www-form-urlencoded;charset=UTF-8',
  'referer' => 'http://localhost:8080/',
  'accept-encoding' => 'gzip, deflate, br',
  'accept-language' => 'zh-CN,zh;q=0.9',
  'cookie' => 'Admin-Token=7A6BE5AC61EEF1C2D11B0984B5C13093MDAwMDAwMDAwML6Mna-FqrqSib2cgMOHoIC7o36CkY6xfLjQzqGGZIXVuGadr4u5um-LunZ_w4efabGmjmWDo3-gu5SsqIhkp6vHZJ3Ynau-moXTqGG4nZSnyX-ohIONk4a7qbuyiJ2Jq7GJaqmZlsyHmtBxpbl4oJq3aXGlfaRyhrvQtIaBioWVxXidp52nrrOKvoqcuKB2Zrazinh9fZNrus3AbYqso5i5jKHcibShdg',
  'x-forwarded-for' => '127.0.0.1',
  'x-forwarded-port' => '8080',
  'x-forwarded-proto' => 'http',
  'x-forwarded-host' => 'localhost:8080',
)
[ info ] [ PARAM ] array (
  'signature' => '776a8773415590486189e97e10f77114',
)
[ info ] [ DB ] INIT mysql
[ info ] [ RUN ] app\admin\controller\Admin->getuser[ D:\phpStudy\WWW\hardphp\application\admin\controller\Admin.php ]
[ info ] [ LOG ] INIT File
---------------------------------------------------------------
[ 2019-11-19T18:21:58+08:00 ] 127.0.0.1 POST www.hardphp.com/index.php/admin/admin/index
[运行时间：0.153000s] [吞吐率：6.54req/s] [内存消耗：2,769.80kb] [文件加载：80]
[ info ] [ LANG ] D:\phpStudy\WWW\hardphp\thinkphp\lang\zh-cn.php
[ info ] [ ROUTE ] array (
  'type' => 'module',
  'module' => 
  array (
    0 => 'admin',
    1 => 'admin',
    2 => 'index',
  ),
)
[ info ] [ HEADER ] array (
  'host' => 'www.hardphp.com',
  'connection' => 'close',
  'content-length' => '118',
  'pragma' => 'no-cache',
  'cache-control' => 'no-cache',
  'accept' => 'application/json, text/plain, */*',
  'origin' => 'http://localhost:8080',
  'x-access-token' => '7A6BE5AC61EEF1C2D11B0984B5C13093MDAwMDAwMDAwML6Mna-FqrqSib2cgMOHoIC7o36CkY6xfLjQzqGGZIXVuGadr4u5um-LunZ_w4efabGmjmWDo3-gu5SsqIhkp6vHZJ3Ynau-moXTqGG4nZSnyX-ohIONk4a7qbuyiJ2Jq7GJaqmZlsyHmtBxpbl4oJq3aXGlfaRyhrvQtIaBioWVxXidp52nrrOKvoqcuKB2Zrazinh9fZNrus3AbYqso5i5jKHcibShdg',
  'user-agent' => 'Mozilla/5.0 (Windows NT 6.1; Win64; x64) AppleWebKit/537.36 (KHTML, like Gecko) Chrome/74.0.3729.131 Safari/537.36',
  'x-access-appid' => '123456',
  'content-type' => 'application/x-www-form-urlencoded;charset=UTF-8',
  'referer' => 'http://localhost:8080/',
  'accept-encoding' => 'gzip, deflate, br',
  'accept-language' => 'zh-CN,zh;q=0.9',
  'cookie' => 'Admin-Token=7A6BE5AC61EEF1C2D11B0984B5C13093MDAwMDAwMDAwML6Mna-FqrqSib2cgMOHoIC7o36CkY6xfLjQzqGGZIXVuGadr4u5um-LunZ_w4efabGmjmWDo3-gu5SsqIhkp6vHZJ3Ynau-moXTqGG4nZSnyX-ohIONk4a7qbuyiJ2Jq7GJaqmZlsyHmtBxpbl4oJq3aXGlfaRyhrvQtIaBioWVxXidp52nrrOKvoqcuKB2Zrazinh9fZNrus3AbYqso5i5jKHcibShdg',
  'x-forwarded-for' => '127.0.0.1',
  'x-forwarded-port' => '8080',
  'x-forwarded-proto' => 'http',
  'x-forwarded-host' => 'localhost:8080',
)
[ info ] [ PARAM ] array (
  'page' => '1',
  'psize' => '10',
  'isEnabled' => '-1',
  'userName' => '',
  'phone' => '',
  'realName' => '',
  'startTime' => '',
  'endTime' => '',
  'signature' => 'ea720ce6bff79f5c85434cc7ef1bd258',
)
[ info ] [ DB ] INIT mysql
[ info ] [ RUN ] app\admin\controller\Admin->index[ D:\phpStudy\WWW\hardphp\application\admin\controller\Admin.php ]
[ info ] [ LOG ] INIT File
---------------------------------------------------------------
[ 2019-11-19T18:21:59+08:00 ] 127.0.0.1 POST www.hardphp.com/index.php/admin/roles/getLists
[运行时间：0.141000s] [吞吐率：7.09req/s] [内存消耗：2,739.74kb] [文件加载：80]
[ info ] [ LANG ] D:\phpStudy\WWW\hardphp\thinkphp\lang\zh-cn.php
[ info ] [ ROUTE ] array (
  'type' => 'module',
  'module' => 
  array (
    0 => 'admin',
    1 => 'roles',
    2 => 'getLists',
  ),
)
[ info ] [ HEADER ] array (
  'host' => 'www.hardphp.com',
  'connection' => 'close',
  'content-length' => '42',
  'pragma' => 'no-cache',
  'cache-control' => 'no-cache',
  'accept' => 'application/json, text/plain, */*',
  'origin' => 'http://localhost:8080',
  'x-access-token' => '7A6BE5AC61EEF1C2D11B0984B5C13093MDAwMDAwMDAwML6Mna-FqrqSib2cgMOHoIC7o36CkY6xfLjQzqGGZIXVuGadr4u5um-LunZ_w4efabGmjmWDo3-gu5SsqIhkp6vHZJ3Ynau-moXTqGG4nZSnyX-ohIONk4a7qbuyiJ2Jq7GJaqmZlsyHmtBxpbl4oJq3aXGlfaRyhrvQtIaBioWVxXidp52nrrOKvoqcuKB2Zrazinh9fZNrus3AbYqso5i5jKHcibShdg',
  'user-agent' => 'Mozilla/5.0 (Windows NT 6.1; Win64; x64) AppleWebKit/537.36 (KHTML, like Gecko) Chrome/74.0.3729.131 Safari/537.36',
  'x-access-appid' => '123456',
  'content-type' => 'application/x-www-form-urlencoded;charset=UTF-8',
  'referer' => 'http://localhost:8080/',
  'accept-encoding' => 'gzip, deflate, br',
  'accept-language' => 'zh-CN,zh;q=0.9',
  'cookie' => 'Admin-Token=7A6BE5AC61EEF1C2D11B0984B5C13093MDAwMDAwMDAwML6Mna-FqrqSib2cgMOHoIC7o36CkY6xfLjQzqGGZIXVuGadr4u5um-LunZ_w4efabGmjmWDo3-gu5SsqIhkp6vHZJ3Ynau-moXTqGG4nZSnyX-ohIONk4a7qbuyiJ2Jq7GJaqmZlsyHmtBxpbl4oJq3aXGlfaRyhrvQtIaBioWVxXidp52nrrOKvoqcuKB2Zrazinh9fZNrus3AbYqso5i5jKHcibShdg',
  'x-forwarded-for' => '127.0.0.1',
  'x-forwarded-port' => '8080',
  'x-forwarded-proto' => 'http',
  'x-forwarded-host' => 'localhost:8080',
)
[ info ] [ PARAM ] array (
  'signature' => '776a8773415590486189e97e10f77114',
)
[ info ] [ DB ] INIT mysql
[ info ] [ RUN ] app\admin\controller\Roles->getLists[ D:\phpStudy\WWW\hardphp\application\admin\controller\Roles.php ]
[ info ] [ LOG ] INIT File
---------------------------------------------------------------
[ 2019-11-19T18:22:02+08:00 ] 127.0.0.1 POST www.hardphp.com/index.php/admin/user/index
[运行时间：0.145000s] [吞吐率：6.90req/s] [内存消耗：2,754.45kb] [文件加载：80]
[ info ] [ LANG ] D:\phpStudy\WWW\hardphp\thinkphp\lang\zh-cn.php
[ info ] [ ROUTE ] array (
  'type' => 'module',
  'module' => 
  array (
    0 => 'admin',
    1 => 'user',
    2 => 'index',
  ),
)
[ info ] [ HEADER ] array (
  'host' => 'www.hardphp.com',
  'connection' => 'close',
  'content-length' => '113',
  'pragma' => 'no-cache',
  'cache-control' => 'no-cache',
  'accept' => 'application/json, text/plain, */*',
  'origin' => 'http://localhost:8080',
  'x-access-token' => '7A6BE5AC61EEF1C2D11B0984B5C13093MDAwMDAwMDAwML6Mna-FqrqSib2cgMOHoIC7o36CkY6xfLjQzqGGZIXVuGadr4u5um-LunZ_w4efabGmjmWDo3-gu5SsqIhkp6vHZJ3Ynau-moXTqGG4nZSnyX-ohIONk4a7qbuyiJ2Jq7GJaqmZlsyHmtBxpbl4oJq3aXGlfaRyhrvQtIaBioWVxXidp52nrrOKvoqcuKB2Zrazinh9fZNrus3AbYqso5i5jKHcibShdg',
  'user-agent' => 'Mozilla/5.0 (Windows NT 6.1; Win64; x64) AppleWebKit/537.36 (KHTML, like Gecko) Chrome/74.0.3729.131 Safari/537.36',
  'x-access-appid' => '123456',
  'content-type' => 'application/x-www-form-urlencoded;charset=UTF-8',
  'referer' => 'http://localhost:8080/',
  'accept-encoding' => 'gzip, deflate, br',
  'accept-language' => 'zh-CN,zh;q=0.9',
  'cookie' => 'Admin-Token=7A6BE5AC61EEF1C2D11B0984B5C13093MDAwMDAwMDAwML6Mna-FqrqSib2cgMOHoIC7o36CkY6xfLjQzqGGZIXVuGadr4u5um-LunZ_w4efabGmjmWDo3-gu5SsqIhkp6vHZJ3Ynau-moXTqGG4nZSnyX-ohIONk4a7qbuyiJ2Jq7GJaqmZlsyHmtBxpbl4oJq3aXGlfaRyhrvQtIaBioWVxXidp52nrrOKvoqcuKB2Zrazinh9fZNrus3AbYqso5i5jKHcibShdg',
  'x-forwarded-for' => '127.0.0.1',
  'x-forwarded-port' => '8080',
  'x-forwarded-proto' => 'http',
  'x-forwarded-host' => 'localhost:8080',
)
[ info ] [ PARAM ] array (
  'page' => '1',
  'psize' => '10',
  'id' => '',
  'sort' => '+id',
  'userName' => '',
  'realName' => '',
  'startTime' => '',
  'endTime' => '',
  'signature' => 'cd37ba2321ac45805f4858b3f48b6249',
)
[ info ] [ DB ] INIT mysql
[ info ] [ RUN ] app\admin\controller\User->index[ D:\phpStudy\WWW\hardphp\application\admin\controller\User.php ]
[ info ] [ LOG ] INIT File
---------------------------------------------------------------
[ 2019-11-19T18:22:09+08:00 ] 127.0.0.1 POST www.hardphp.com/index.php/admin/log/index
[运行时间：0.113000s] [吞吐率：8.85req/s] [内存消耗：2,718.13kb] [文件加载：80]
[ info ] [ LANG ] D:\phpStudy\WWW\hardphp\thinkphp\lang\zh-cn.php
[ info ] [ ROUTE ] array (
  'type' => 'module',
  'module' => 
  array (
    0 => 'admin',
    1 => 'log',
    2 => 'index',
  ),
)
[ info ] [ HEADER ] array (
  'host' => 'www.hardphp.com',
  'connection' => 'close',
  'content-length' => '102',
  'pragma' => 'no-cache',
  'cache-control' => 'no-cache',
  'accept' => 'application/json, text/plain, */*',
  'origin' => 'http://localhost:8080',
  'x-access-token' => '7A6BE5AC61EEF1C2D11B0984B5C13093MDAwMDAwMDAwML6Mna-FqrqSib2cgMOHoIC7o36CkY6xfLjQzqGGZIXVuGadr4u5um-LunZ_w4efabGmjmWDo3-gu5SsqIhkp6vHZJ3Ynau-moXTqGG4nZSnyX-ohIONk4a7qbuyiJ2Jq7GJaqmZlsyHmtBxpbl4oJq3aXGlfaRyhrvQtIaBioWVxXidp52nrrOKvoqcuKB2Zrazinh9fZNrus3AbYqso5i5jKHcibShdg',
  'user-agent' => 'Mozilla/5.0 (Windows NT 6.1; Win64; x64) AppleWebKit/537.36 (KHTML, like Gecko) Chrome/74.0.3729.131 Safari/537.36',
  'x-access-appid' => '123456',
  'content-type' => 'application/x-www-form-urlencoded;charset=UTF-8',
  'referer' => 'http://localhost:8080/',
  'accept-encoding' => 'gzip, deflate, br',
  'accept-language' => 'zh-CN,zh;q=0.9',
  'cookie' => 'Admin-Token=7A6BE5AC61EEF1C2D11B0984B5C13093MDAwMDAwMDAwML6Mna-FqrqSib2cgMOHoIC7o36CkY6xfLjQzqGGZIXVuGadr4u5um-LunZ_w4efabGmjmWDo3-gu5SsqIhkp6vHZJ3Ynau-moXTqGG4nZSnyX-ohIONk4a7qbuyiJ2Jq7GJaqmZlsyHmtBxpbl4oJq3aXGlfaRyhrvQtIaBioWVxXidp52nrrOKvoqcuKB2Zrazinh9fZNrus3AbYqso5i5jKHcibShdg',
  'x-forwarded-for' => '127.0.0.1',
  'x-forwarded-port' => '8080',
  'x-forwarded-proto' => 'http',
  'x-forwarded-host' => 'localhost:8080',
)
[ info ] [ PARAM ] array (
  'page' => '1',
  'psize' => '10',
  'uid' => '',
  'userName' => '',
  'loginIp' => '',
  'startTime' => '',
  'endTime' => '',
  'signature' => '3a0d400aec6ff9b5dcd635a9d2a62ae9',
)
[ info ] [ DB ] INIT mysql
[ info ] [ RUN ] app\admin\controller\Log->index[ D:\phpStudy\WWW\hardphp\application\admin\controller\Log.php ]
[ info ] [ LOG ] INIT File
---------------------------------------------------------------
[ 2019-11-19T18:22:10+08:00 ] 127.0.0.1 POST www.hardphp.com/index.php/admin/log/index
[运行时间：0.084000s] [吞吐率：11.90req/s] [内存消耗：2,713.83kb] [文件加载：80]
[ info ] [ LANG ] D:\phpStudy\WWW\hardphp\thinkphp\lang\zh-cn.php
[ info ] [ ROUTE ] array (
  'type' => 'module',
  'module' => 
  array (
    0 => 'admin',
    1 => 'log',
    2 => 'index',
  ),
)
[ info ] [ HEADER ] array (
  'host' => 'www.hardphp.com',
  'connection' => 'close',
  'content-length' => '102',
  'pragma' => 'no-cache',
  'cache-control' => 'no-cache',
  'accept' => 'application/json, text/plain, */*',
  'origin' => 'http://localhost:8080',
  'x-access-token' => '7A6BE5AC61EEF1C2D11B0984B5C13093MDAwMDAwMDAwML6Mna-FqrqSib2cgMOHoIC7o36CkY6xfLjQzqGGZIXVuGadr4u5um-LunZ_w4efabGmjmWDo3-gu5SsqIhkp6vHZJ3Ynau-moXTqGG4nZSnyX-ohIONk4a7qbuyiJ2Jq7GJaqmZlsyHmtBxpbl4oJq3aXGlfaRyhrvQtIaBioWVxXidp52nrrOKvoqcuKB2Zrazinh9fZNrus3AbYqso5i5jKHcibShdg',
  'user-agent' => 'Mozilla/5.0 (Windows NT 6.1; Win64; x64) AppleWebKit/537.36 (KHTML, like Gecko) Chrome/74.0.3729.131 Safari/537.36',
  'x-access-appid' => '123456',
  'content-type' => 'application/x-www-form-urlencoded;charset=UTF-8',
  'referer' => 'http://localhost:8080/',
  'accept-encoding' => 'gzip, deflate, br',
  'accept-language' => 'zh-CN,zh;q=0.9',
  'cookie' => 'Admin-Token=7A6BE5AC61EEF1C2D11B0984B5C13093MDAwMDAwMDAwML6Mna-FqrqSib2cgMOHoIC7o36CkY6xfLjQzqGGZIXVuGadr4u5um-LunZ_w4efabGmjmWDo3-gu5SsqIhkp6vHZJ3Ynau-moXTqGG4nZSnyX-ohIONk4a7qbuyiJ2Jq7GJaqmZlsyHmtBxpbl4oJq3aXGlfaRyhrvQtIaBioWVxXidp52nrrOKvoqcuKB2Zrazinh9fZNrus3AbYqso5i5jKHcibShdg',
  'x-forwarded-for' => '127.0.0.1',
  'x-forwarded-port' => '8080',
  'x-forwarded-proto' => 'http',
  'x-forwarded-host' => 'localhost:8080',
)
[ info ] [ PARAM ] array (
  'page' => '4',
  'psize' => '10',
  'uid' => '',
  'userName' => '',
  'loginIp' => '',
  'startTime' => '',
  'endTime' => '',
  'signature' => 'f86055070783ce70227347d0fde2577f',
)
[ info ] [ DB ] INIT mysql
[ info ] [ RUN ] app\admin\controller\Log->index[ D:\phpStudy\WWW\hardphp\application\admin\controller\Log.php ]
[ info ] [ LOG ] INIT File
---------------------------------------------------------------
[ 2019-11-19T18:22:13+08:00 ] 127.0.0.1 POST www.hardphp.com/index.php/admin/log/index
[运行时间：0.088000s] [吞吐率：11.36req/s] [内存消耗：2,718.13kb] [文件加载：80]
[ info ] [ LANG ] D:\phpStudy\WWW\hardphp\thinkphp\lang\zh-cn.php
[ info ] [ ROUTE ] array (
  'type' => 'module',
  'module' => 
  array (
    0 => 'admin',
    1 => 'log',
    2 => 'index',
  ),
)
[ info ] [ HEADER ] array (
  'host' => 'www.hardphp.com',
  'connection' => 'close',
  'content-length' => '102',
  'pragma' => 'no-cache',
  'cache-control' => 'no-cache',
  'accept' => 'application/json, text/plain, */*',
  'origin' => 'http://localhost:8080',
  'x-access-token' => '7A6BE5AC61EEF1C2D11B0984B5C13093MDAwMDAwMDAwML6Mna-FqrqSib2cgMOHoIC7o36CkY6xfLjQzqGGZIXVuGadr4u5um-LunZ_w4efabGmjmWDo3-gu5SsqIhkp6vHZJ3Ynau-moXTqGG4nZSnyX-ohIONk4a7qbuyiJ2Jq7GJaqmZlsyHmtBxpbl4oJq3aXGlfaRyhrvQtIaBioWVxXidp52nrrOKvoqcuKB2Zrazinh9fZNrus3AbYqso5i5jKHcibShdg',
  'user-agent' => 'Mozilla/5.0 (Windows NT 6.1; Win64; x64) AppleWebKit/537.36 (KHTML, like Gecko) Chrome/74.0.3729.131 Safari/537.36',
  'x-access-appid' => '123456',
  'content-type' => 'application/x-www-form-urlencoded;charset=UTF-8',
  'referer' => 'http://localhost:8080/',
  'accept-encoding' => 'gzip, deflate, br',
  'accept-language' => 'zh-CN,zh;q=0.9',
  'cookie' => 'Admin-Token=7A6BE5AC61EEF1C2D11B0984B5C13093MDAwMDAwMDAwML6Mna-FqrqSib2cgMOHoIC7o36CkY6xfLjQzqGGZIXVuGadr4u5um-LunZ_w4efabGmjmWDo3-gu5SsqIhkp6vHZJ3Ynau-moXTqGG4nZSnyX-ohIONk4a7qbuyiJ2Jq7GJaqmZlsyHmtBxpbl4oJq3aXGlfaRyhrvQtIaBioWVxXidp52nrrOKvoqcuKB2Zrazinh9fZNrus3AbYqso5i5jKHcibShdg',
  'x-forwarded-for' => '127.0.0.1',
  'x-forwarded-port' => '8080',
  'x-forwarded-proto' => 'http',
  'x-forwarded-host' => 'localhost:8080',
)
[ info ] [ PARAM ] array (
  'page' => '1',
  'psize' => '10',
  'uid' => '',
  'userName' => '',
  'loginIp' => '',
  'startTime' => '',
  'endTime' => '',
  'signature' => '3a0d400aec6ff9b5dcd635a9d2a62ae9',
)
[ info ] [ DB ] INIT mysql
[ info ] [ RUN ] app\admin\controller\Log->index[ D:\phpStudy\WWW\hardphp\application\admin\controller\Log.php ]
[ info ] [ LOG ] INIT File
---------------------------------------------------------------
[ 2019-11-19T18:22:32+08:00 ] 127.0.0.1 POST www.hardphp.com/index.php/admin/admin/index
[运行时间：0.088000s] [吞吐率：11.36req/s] [内存消耗：2,769.80kb] [文件加载：80]
[ info ] [ LANG ] D:\phpStudy\WWW\hardphp\thinkphp\lang\zh-cn.php
[ info ] [ ROUTE ] array (
  'type' => 'module',
  'module' => 
  array (
    0 => 'admin',
    1 => 'admin',
    2 => 'index',
  ),
)
[ info ] [ HEADER ] array (
  'host' => 'www.hardphp.com',
  'connection' => 'close',
  'content-length' => '118',
  'pragma' => 'no-cache',
  'cache-control' => 'no-cache',
  'accept' => 'application/json, text/plain, */*',
  'origin' => 'http://localhost:8080',
  'x-access-token' => '7A6BE5AC61EEF1C2D11B0984B5C13093MDAwMDAwMDAwML6Mna-FqrqSib2cgMOHoIC7o36CkY6xfLjQzqGGZIXVuGadr4u5um-LunZ_w4efabGmjmWDo3-gu5SsqIhkp6vHZJ3Ynau-moXTqGG4nZSnyX-ohIONk4a7qbuyiJ2Jq7GJaqmZlsyHmtBxpbl4oJq3aXGlfaRyhrvQtIaBioWVxXidp52nrrOKvoqcuKB2Zrazinh9fZNrus3AbYqso5i5jKHcibShdg',
  'user-agent' => 'Mozilla/5.0 (Windows NT 6.1; Win64; x64) AppleWebKit/537.36 (KHTML, like Gecko) Chrome/74.0.3729.131 Safari/537.36',
  'x-access-appid' => '123456',
  'content-type' => 'application/x-www-form-urlencoded;charset=UTF-8',
  'referer' => 'http://localhost:8080/',
  'accept-encoding' => 'gzip, deflate, br',
  'accept-language' => 'zh-CN,zh;q=0.9',
  'cookie' => 'Admin-Token=7A6BE5AC61EEF1C2D11B0984B5C13093MDAwMDAwMDAwML6Mna-FqrqSib2cgMOHoIC7o36CkY6xfLjQzqGGZIXVuGadr4u5um-LunZ_w4efabGmjmWDo3-gu5SsqIhkp6vHZJ3Ynau-moXTqGG4nZSnyX-ohIONk4a7qbuyiJ2Jq7GJaqmZlsyHmtBxpbl4oJq3aXGlfaRyhrvQtIaBioWVxXidp52nrrOKvoqcuKB2Zrazinh9fZNrus3AbYqso5i5jKHcibShdg',
  'x-forwarded-for' => '127.0.0.1',
  'x-forwarded-port' => '8080',
  'x-forwarded-proto' => 'http',
  'x-forwarded-host' => 'localhost:8080',
)
[ info ] [ PARAM ] array (
  'page' => '1',
  'psize' => '10',
  'isEnabled' => '-1',
  'userName' => '',
  'phone' => '',
  'realName' => '',
  'startTime' => '',
  'endTime' => '',
  'signature' => 'ea720ce6bff79f5c85434cc7ef1bd258',
)
[ info ] [ DB ] INIT mysql
[ info ] [ RUN ] app\admin\controller\Admin->index[ D:\phpStudy\WWW\hardphp\application\admin\controller\Admin.php ]
[ info ] [ LOG ] INIT File
---------------------------------------------------------------
[ 2019-11-19T18:22:33+08:00 ] 127.0.0.1 POST www.hardphp.com/index.php/admin/roles/getLists
[运行时间：0.095000s] [吞吐率：10.53req/s] [内存消耗：2,739.74kb] [文件加载：80]
[ info ] [ LANG ] D:\phpStudy\WWW\hardphp\thinkphp\lang\zh-cn.php
[ info ] [ ROUTE ] array (
  'type' => 'module',
  'module' => 
  array (
    0 => 'admin',
    1 => 'roles',
    2 => 'getLists',
  ),
)
[ info ] [ HEADER ] array (
  'host' => 'www.hardphp.com',
  'connection' => 'close',
  'content-length' => '42',
  'pragma' => 'no-cache',
  'cache-control' => 'no-cache',
  'accept' => 'application/json, text/plain, */*',
  'origin' => 'http://localhost:8080',
  'x-access-token' => '7A6BE5AC61EEF1C2D11B0984B5C13093MDAwMDAwMDAwML6Mna-FqrqSib2cgMOHoIC7o36CkY6xfLjQzqGGZIXVuGadr4u5um-LunZ_w4efabGmjmWDo3-gu5SsqIhkp6vHZJ3Ynau-moXTqGG4nZSnyX-ohIONk4a7qbuyiJ2Jq7GJaqmZlsyHmtBxpbl4oJq3aXGlfaRyhrvQtIaBioWVxXidp52nrrOKvoqcuKB2Zrazinh9fZNrus3AbYqso5i5jKHcibShdg',
  'user-agent' => 'Mozilla/5.0 (Windows NT 6.1; Win64; x64) AppleWebKit/537.36 (KHTML, like Gecko) Chrome/74.0.3729.131 Safari/537.36',
  'x-access-appid' => '123456',
  'content-type' => 'application/x-www-form-urlencoded;charset=UTF-8',
  'referer' => 'http://localhost:8080/',
  'accept-encoding' => 'gzip, deflate, br',
  'accept-language' => 'zh-CN,zh;q=0.9',
  'cookie' => 'Admin-Token=7A6BE5AC61EEF1C2D11B0984B5C13093MDAwMDAwMDAwML6Mna-FqrqSib2cgMOHoIC7o36CkY6xfLjQzqGGZIXVuGadr4u5um-LunZ_w4efabGmjmWDo3-gu5SsqIhkp6vHZJ3Ynau-moXTqGG4nZSnyX-ohIONk4a7qbuyiJ2Jq7GJaqmZlsyHmtBxpbl4oJq3aXGlfaRyhrvQtIaBioWVxXidp52nrrOKvoqcuKB2Zrazinh9fZNrus3AbYqso5i5jKHcibShdg',
  'x-forwarded-for' => '127.0.0.1',
  'x-forwarded-port' => '8080',
  'x-forwarded-proto' => 'http',
  'x-forwarded-host' => 'localhost:8080',
)
[ info ] [ PARAM ] array (
  'signature' => '776a8773415590486189e97e10f77114',
)
[ info ] [ DB ] INIT mysql
[ info ] [ RUN ] app\admin\controller\Roles->getLists[ D:\phpStudy\WWW\hardphp\application\admin\controller\Roles.php ]
[ info ] [ LOG ] INIT File
