---------------------------------------------------------------
[ 2023-02-12T20:40:04+08:00 ] 127.0.0.1 OPTIONS www.hardphp.com/index.php/admin/login/index
[运行时间：1.068015s] [吞吐率：0.94req/s] [内存消耗：2,085.28kb] [文件加载：66]
[ info ] [ LANG ] D:\PHPTutorial\WWW\hardphp\thinkphp\lang\zh-cn.php
[ info ] [ ROUTE ] array (
  'type' => 'module',
  'module' => 
  array (
    0 => 'admin',
    1 => 'login',
    2 => 'index',
  ),
)
[ info ] [ HEADER ] array (
  'host' => 'www.hardphp.com',
  'connection' => 'keep-alive',
  'accept' => '*/*',
  'access-control-request-method' => 'POST',
  'access-control-request-headers' => 'x-access-appid',
  'origin' => 'http://localhost:8080',
  'user-agent' => 'Mozilla/5.0 (Windows NT 10.0; Win64; x64) AppleWebKit/537.36 (KHTML, like Gecko) Chrome/97.0.4692.99 Safari/537.36',
  'sec-fetch-mode' => 'cors',
  'referer' => 'http://localhost:8080/',
  'accept-encoding' => 'gzip, deflate',
  'accept-language' => 'zh-CN,zh;q=0.9,en;q=0.8',
)
[ info ] [ PARAM ] array (
)
[ info ] [ LOG ] INIT File
---------------------------------------------------------------
[ 2023-02-12T20:40:04+08:00 ] 127.0.0.1 POST www.hardphp.com/index.php/admin/login/index
[运行时间：0.283706s] [吞吐率：3.52req/s] [内存消耗：2,830.78kb] [文件加载：71]
[ info ] [ LANG ] D:\PHPTutorial\WWW\hardphp\thinkphp\lang\zh-cn.php
[ info ] [ ROUTE ] array (
  'type' => 'module',
  'module' => 
  array (
    0 => 'admin',
    1 => 'login',
    2 => 'index',
  ),
)
[ info ] [ HEADER ] array (
  'host' => 'www.hardphp.com',
  'connection' => 'keep-alive',
  'content-length' => '76',
  'accept' => 'application/json, text/plain, */*',
  'user-agent' => 'Mozilla/5.0 (Windows NT 10.0; Win64; x64) AppleWebKit/537.36 (KHTML, like Gecko) Chrome/97.0.4692.99 Safari/537.36',
  'x-access-appid' => '123456',
  'content-type' => 'application/x-www-form-urlencoded;charset=UTF-8',
  'origin' => 'http://localhost:8080',
  'referer' => 'http://localhost:8080/',
  'accept-encoding' => 'gzip, deflate',
  'accept-language' => 'zh-CN,zh;q=0.9,en;q=0.8',
)
[ info ] [ PARAM ] array (
  'userName' => 'R2646328',
  'password' => '123456',
  'signature' => '3ccd9bb1da39c2411b563a5f72a36394',
)
[ info ] [ DB ] INIT mysql
[ info ] [ RUN ] app\admin\controller\Login->index[ D:\PHPTutorial\WWW\hardphp\application\admin\controller\Login.php ]
[ info ] [ LOG ] INIT File
---------------------------------------------------------------
[ 2023-02-12T20:40:12+08:00 ] 127.0.0.1 OPTIONS www.hardphp.com/index.php/admin/login/index
[运行时间：0.137595s] [吞吐率：7.27req/s] [内存消耗：2,085.27kb] [文件加载：66]
[ info ] [ LANG ] D:\PHPTutorial\WWW\hardphp\thinkphp\lang\zh-cn.php
[ info ] [ ROUTE ] array (
  'type' => 'module',
  'module' => 
  array (
    0 => 'admin',
    1 => 'login',
    2 => 'index',
  ),
)
[ info ] [ HEADER ] array (
  'host' => 'www.hardphp.com',
  'connection' => 'keep-alive',
  'accept' => '*/*',
  'access-control-request-method' => 'POST',
  'access-control-request-headers' => 'x-access-appid',
  'origin' => 'http://localhost:8080',
  'user-agent' => 'Mozilla/5.0 (Windows NT 10.0; Win64; x64) AppleWebKit/537.36 (KHTML, like Gecko) Chrome/97.0.4692.99 Safari/537.36',
  'sec-fetch-mode' => 'cors',
  'referer' => 'http://localhost:8080/',
  'accept-encoding' => 'gzip, deflate',
  'accept-language' => 'zh-CN,zh;q=0.9,en;q=0.8',
)
[ info ] [ PARAM ] array (
)
[ info ] [ LOG ] INIT File
---------------------------------------------------------------
[ 2023-02-12T20:40:13+08:00 ] 127.0.0.1 POST www.hardphp.com/index.php/admin/login/index
[运行时间：0.760986s] [吞吐率：1.31req/s] [内存消耗：3,497.41kb] [文件加载：81]
[ info ] [ LANG ] D:\PHPTutorial\WWW\hardphp\thinkphp\lang\zh-cn.php
[ info ] [ ROUTE ] array (
  'type' => 'module',
  'module' => 
  array (
    0 => 'admin',
    1 => 'login',
    2 => 'index',
  ),
)
[ info ] [ HEADER ] array (
  'host' => 'www.hardphp.com',
  'connection' => 'keep-alive',
  'content-length' => '73',
  'accept' => 'application/json, text/plain, */*',
  'user-agent' => 'Mozilla/5.0 (Windows NT 10.0; Win64; x64) AppleWebKit/537.36 (KHTML, like Gecko) Chrome/97.0.4692.99 Safari/537.36',
  'x-access-appid' => '123456',
  'content-type' => 'application/x-www-form-urlencoded;charset=UTF-8',
  'origin' => 'http://localhost:8080',
  'referer' => 'http://localhost:8080/',
  'accept-encoding' => 'gzip, deflate',
  'accept-language' => 'zh-CN,zh;q=0.9,en;q=0.8',
)
[ info ] [ PARAM ] array (
  'userName' => 'admin',
  'password' => '123456',
  'signature' => '5c9dde2ed54c2625dcafa37e79314ea6',
)
[ info ] [ DB ] INIT mysql
[ info ] [ RUN ] app\admin\controller\Login->index[ D:\PHPTutorial\WWW\hardphp\application\admin\controller\Login.php ]
[ info ] [ CACHE ] INIT File
[ info ] [ LOG ] INIT File
---------------------------------------------------------------
[ 2023-02-12T20:40:13+08:00 ] 127.0.0.1 OPTIONS www.hardphp.com/index.php/admin/admin/getuser
[运行时间：0.132839s] [吞吐率：7.53req/s] [内存消耗：2,144.78kb] [文件加载：68]
[ info ] [ LANG ] D:\PHPTutorial\WWW\hardphp\thinkphp\lang\zh-cn.php
[ info ] [ ROUTE ] array (
  'type' => 'module',
  'module' => 
  array (
    0 => 'admin',
    1 => 'admin',
    2 => 'getuser',
  ),
)
[ info ] [ HEADER ] array (
  'host' => 'www.hardphp.com',
  'connection' => 'keep-alive',
  'accept' => '*/*',
  'access-control-request-method' => 'POST',
  'access-control-request-headers' => 'x-access-appid,x-access-token',
  'origin' => 'http://localhost:8080',
  'user-agent' => 'Mozilla/5.0 (Windows NT 10.0; Win64; x64) AppleWebKit/537.36 (KHTML, like Gecko) Chrome/97.0.4692.99 Safari/537.36',
  'sec-fetch-mode' => 'cors',
  'referer' => 'http://localhost:8080/',
  'accept-encoding' => 'gzip, deflate',
  'accept-language' => 'zh-CN,zh;q=0.9,en;q=0.8',
)
[ info ] [ PARAM ] array (
)
[ info ] [ LOG ] INIT File
---------------------------------------------------------------
[ 2023-02-12T20:40:14+08:00 ] 127.0.0.1 POST www.hardphp.com/index.php/admin/admin/getuser
[运行时间：0.370300s] [吞吐率：2.70req/s] [内存消耗：3,514.71kb] [文件加载：80]
[ info ] [ LANG ] D:\PHPTutorial\WWW\hardphp\thinkphp\lang\zh-cn.php
[ info ] [ ROUTE ] array (
  'type' => 'module',
  'module' => 
  array (
    0 => 'admin',
    1 => 'admin',
    2 => 'getuser',
  ),
)
[ info ] [ HEADER ] array (
  'host' => 'www.hardphp.com',
  'connection' => 'keep-alive',
  'content-length' => '42',
  'accept' => 'application/json, text/plain, */*',
  'x-access-token' => '04879AADDEC088AF0C3BFBEB884C2987MDAwMDAwMDAwML6Mna-FqrqSib2cgMOHoIC7o36CkY6xfLjQzqGGZIXVuGadr4u5um-LunZ_w4efabGmjmWDo3-gu5SsqIhkp6vHZJ3Ynau-moXTqGG4nZSnyX-ohIONk4a7qdGyiJ-nr8hkZrmPu8yHheBxpbGJgquya5-oh4GLfrq4rLKDd5uotouL2Y-40KGcl5SIvImcjr-Qo6d9jm6evZW8hYaIiNm6oZmuktqhdg',
  'user-agent' => 'Mozilla/5.0 (Windows NT 10.0; Win64; x64) AppleWebKit/537.36 (KHTML, like Gecko) Chrome/97.0.4692.99 Safari/537.36',
  'x-access-appid' => '123456',
  'content-type' => 'application/x-www-form-urlencoded;charset=UTF-8',
  'origin' => 'http://localhost:8080',
  'referer' => 'http://localhost:8080/',
  'accept-encoding' => 'gzip, deflate',
  'accept-language' => 'zh-CN,zh;q=0.9,en;q=0.8',
)
[ info ] [ PARAM ] array (
  'signature' => '776a8773415590486189e97e10f77114',
)
[ info ] [ DB ] INIT mysql
[ info ] [ RUN ] app\admin\controller\Admin->getuser[ D:\PHPTutorial\WWW\hardphp\application\admin\controller\Admin.php ]
[ info ] [ LOG ] INIT File
---------------------------------------------------------------
[ 2023-02-12T20:40:21+08:00 ] 127.0.0.1 OPTIONS www.hardphp.com/index.php/admin/rules/index
[运行时间：0.210224s] [吞吐率：4.76req/s] [内存消耗：2,127.24kb] [文件加载：68]
[ info ] [ LANG ] D:\PHPTutorial\WWW\hardphp\thinkphp\lang\zh-cn.php
[ info ] [ ROUTE ] array (
  'type' => 'module',
  'module' => 
  array (
    0 => 'admin',
    1 => 'rules',
    2 => 'index',
  ),
)
[ info ] [ HEADER ] array (
  'host' => 'www.hardphp.com',
  'connection' => 'keep-alive',
  'accept' => '*/*',
  'access-control-request-method' => 'POST',
  'access-control-request-headers' => 'x-access-appid,x-access-token',
  'origin' => 'http://localhost:8080',
  'user-agent' => 'Mozilla/5.0 (Windows NT 10.0; Win64; x64) AppleWebKit/537.36 (KHTML, like Gecko) Chrome/97.0.4692.99 Safari/537.36',
  'sec-fetch-mode' => 'cors',
  'referer' => 'http://localhost:8080/',
  'accept-encoding' => 'gzip, deflate',
  'accept-language' => 'zh-CN,zh;q=0.9,en;q=0.8',
)
[ info ] [ PARAM ] array (
)
[ info ] [ LOG ] INIT File
---------------------------------------------------------------
[ 2023-02-12T20:40:21+08:00 ] 127.0.0.1 POST www.hardphp.com/index.php/admin/rules/index
[运行时间：0.247912s] [吞吐率：4.03req/s] [内存消耗：3,376.35kb] [文件加载：77]
[ info ] [ LANG ] D:\PHPTutorial\WWW\hardphp\thinkphp\lang\zh-cn.php
[ info ] [ ROUTE ] array (
  'type' => 'module',
  'module' => 
  array (
    0 => 'admin',
    1 => 'rules',
    2 => 'index',
  ),
)
[ info ] [ HEADER ] array (
  'host' => 'www.hardphp.com',
  'connection' => 'keep-alive',
  'content-length' => '59',
  'accept' => 'application/json, text/plain, */*',
  'x-access-token' => '04879AADDEC088AF0C3BFBEB884C2987MDAwMDAwMDAwML6Mna-FqrqSib2cgMOHoIC7o36CkY6xfLjQzqGGZIXVuGadr4u5um-LunZ_w4efabGmjmWDo3-gu5SsqIhkp6vHZJ3Ynau-moXTqGG4nZSnyX-ohIONk4a7qdGyiJ-nr8hkZrmPu8yHheBxpbGJgquya5-oh4GLfrq4rLKDd5uotouL2Y-40KGcl5SIvImcjr-Qo6d9jm6evZW8hYaIiNm6oZmuktqhdg',
  'user-agent' => 'Mozilla/5.0 (Windows NT 10.0; Win64; x64) AppleWebKit/537.36 (KHTML, like Gecko) Chrome/97.0.4692.99 Safari/537.36',
  'x-access-appid' => '123456',
  'content-type' => 'application/x-www-form-urlencoded;charset=UTF-8',
  'origin' => 'http://localhost:8080',
  'referer' => 'http://localhost:8080/',
  'accept-encoding' => 'gzip, deflate',
  'accept-language' => 'zh-CN,zh;q=0.9,en;q=0.8',
)
[ info ] [ PARAM ] array (
  'status' => '-1',
  'title' => '',
  'signature' => 'eda86b96e73171c8656485a45222da3f',
)
[ info ] [ DB ] INIT mysql
[ info ] [ RUN ] app\admin\controller\Rules->index[ D:\PHPTutorial\WWW\hardphp\application\admin\controller\Rules.php ]
[ info ] [ LOG ] INIT File
---------------------------------------------------------------
[ 2023-02-12T20:40:23+08:00 ] 127.0.0.1 OPTIONS www.hardphp.com/index.php/admin/roles/getLists
[运行时间：0.124216s] [吞吐率：8.05req/s] [内存消耗：2,123.71kb] [文件加载：68]
[ info ] [ LANG ] D:\PHPTutorial\WWW\hardphp\thinkphp\lang\zh-cn.php
[ info ] [ ROUTE ] array (
  'type' => 'module',
  'module' => 
  array (
    0 => 'admin',
    1 => 'roles',
    2 => 'getLists',
  ),
)
[ info ] [ HEADER ] array (
  'host' => 'www.hardphp.com',
  'connection' => 'keep-alive',
  'accept' => '*/*',
  'access-control-request-method' => 'POST',
  'access-control-request-headers' => 'x-access-appid,x-access-token',
  'origin' => 'http://localhost:8080',
  'user-agent' => 'Mozilla/5.0 (Windows NT 10.0; Win64; x64) AppleWebKit/537.36 (KHTML, like Gecko) Chrome/97.0.4692.99 Safari/537.36',
  'sec-fetch-mode' => 'cors',
  'referer' => 'http://localhost:8080/',
  'accept-encoding' => 'gzip, deflate',
  'accept-language' => 'zh-CN,zh;q=0.9,en;q=0.8',
)
[ info ] [ PARAM ] array (
)
[ info ] [ LOG ] INIT File
---------------------------------------------------------------
[ 2023-02-12T20:40:23+08:00 ] 127.0.0.1 OPTIONS www.hardphp.com/index.php/admin/admin/index
[运行时间：0.234448s] [吞吐率：4.27req/s] [内存消耗：2,144.77kb] [文件加载：68]
[ info ] [ LANG ] D:\PHPTutorial\WWW\hardphp\thinkphp\lang\zh-cn.php
[ info ] [ ROUTE ] array (
  'type' => 'module',
  'module' => 
  array (
    0 => 'admin',
    1 => 'admin',
    2 => 'index',
  ),
)
[ info ] [ HEADER ] array (
  'host' => 'www.hardphp.com',
  'connection' => 'keep-alive',
  'accept' => '*/*',
  'access-control-request-method' => 'POST',
  'access-control-request-headers' => 'x-access-appid,x-access-token',
  'origin' => 'http://localhost:8080',
  'user-agent' => 'Mozilla/5.0 (Windows NT 10.0; Win64; x64) AppleWebKit/537.36 (KHTML, like Gecko) Chrome/97.0.4692.99 Safari/537.36',
  'sec-fetch-mode' => 'cors',
  'referer' => 'http://localhost:8080/',
  'accept-encoding' => 'gzip, deflate',
  'accept-language' => 'zh-CN,zh;q=0.9,en;q=0.8',
)
[ info ] [ PARAM ] array (
)
[ info ] [ LOG ] INIT File
---------------------------------------------------------------
[ 2023-02-12T20:40:23+08:00 ] 127.0.0.1 POST www.hardphp.com/index.php/admin/roles/getLists
[运行时间：0.445213s] [吞吐率：2.25req/s] [内存消耗：3,432.01kb] [文件加载：80]
[ info ] [ LANG ] D:\PHPTutorial\WWW\hardphp\thinkphp\lang\zh-cn.php
[ info ] [ ROUTE ] array (
  'type' => 'module',
  'module' => 
  array (
    0 => 'admin',
    1 => 'roles',
    2 => 'getLists',
  ),
)
[ info ] [ HEADER ] array (
  'host' => 'www.hardphp.com',
  'connection' => 'keep-alive',
  'content-length' => '42',
  'accept' => 'application/json, text/plain, */*',
  'x-access-token' => '04879AADDEC088AF0C3BFBEB884C2987MDAwMDAwMDAwML6Mna-FqrqSib2cgMOHoIC7o36CkY6xfLjQzqGGZIXVuGadr4u5um-LunZ_w4efabGmjmWDo3-gu5SsqIhkp6vHZJ3Ynau-moXTqGG4nZSnyX-ohIONk4a7qdGyiJ-nr8hkZrmPu8yHheBxpbGJgquya5-oh4GLfrq4rLKDd5uotouL2Y-40KGcl5SIvImcjr-Qo6d9jm6evZW8hYaIiNm6oZmuktqhdg',
  'user-agent' => 'Mozilla/5.0 (Windows NT 10.0; Win64; x64) AppleWebKit/537.36 (KHTML, like Gecko) Chrome/97.0.4692.99 Safari/537.36',
  'x-access-appid' => '123456',
  'content-type' => 'application/x-www-form-urlencoded;charset=UTF-8',
  'origin' => 'http://localhost:8080',
  'referer' => 'http://localhost:8080/',
  'accept-encoding' => 'gzip, deflate',
  'accept-language' => 'zh-CN,zh;q=0.9,en;q=0.8',
)
[ info ] [ PARAM ] array (
  'signature' => '776a8773415590486189e97e10f77114',
)
[ info ] [ DB ] INIT mysql
[ info ] [ RUN ] app\admin\controller\Roles->getLists[ D:\PHPTutorial\WWW\hardphp\application\admin\controller\Roles.php ]
[ info ] [ LOG ] INIT File
---------------------------------------------------------------
[ 2023-02-12T20:40:23+08:00 ] 127.0.0.1 POST www.hardphp.com/index.php/admin/admin/index
[运行时间：0.434149s] [吞吐率：2.30req/s] [内存消耗：3,482.28kb] [文件加载：80]
[ info ] [ LANG ] D:\PHPTutorial\WWW\hardphp\thinkphp\lang\zh-cn.php
[ info ] [ ROUTE ] array (
  'type' => 'module',
  'module' => 
  array (
    0 => 'admin',
    1 => 'admin',
    2 => 'index',
  ),
)
[ info ] [ HEADER ] array (
  'host' => 'www.hardphp.com',
  'connection' => 'keep-alive',
  'content-length' => '118',
  'accept' => 'application/json, text/plain, */*',
  'x-access-token' => '04879AADDEC088AF0C3BFBEB884C2987MDAwMDAwMDAwML6Mna-FqrqSib2cgMOHoIC7o36CkY6xfLjQzqGGZIXVuGadr4u5um-LunZ_w4efabGmjmWDo3-gu5SsqIhkp6vHZJ3Ynau-moXTqGG4nZSnyX-ohIONk4a7qdGyiJ-nr8hkZrmPu8yHheBxpbGJgquya5-oh4GLfrq4rLKDd5uotouL2Y-40KGcl5SIvImcjr-Qo6d9jm6evZW8hYaIiNm6oZmuktqhdg',
  'user-agent' => 'Mozilla/5.0 (Windows NT 10.0; Win64; x64) AppleWebKit/537.36 (KHTML, like Gecko) Chrome/97.0.4692.99 Safari/537.36',
  'x-access-appid' => '123456',
  'content-type' => 'application/x-www-form-urlencoded;charset=UTF-8',
  'origin' => 'http://localhost:8080',
  'referer' => 'http://localhost:8080/',
  'accept-encoding' => 'gzip, deflate',
  'accept-language' => 'zh-CN,zh;q=0.9,en;q=0.8',
)
[ info ] [ PARAM ] array (
  'page' => '1',
  'psize' => '10',
  'isEnabled' => '-1',
  'userName' => '',
  'phone' => '',
  'realName' => '',
  'startTime' => '',
  'endTime' => '',
  'signature' => 'ea720ce6bff79f5c85434cc7ef1bd258',
)
[ info ] [ DB ] INIT mysql
[ info ] [ RUN ] app\admin\controller\Admin->index[ D:\PHPTutorial\WWW\hardphp\application\admin\controller\Admin.php ]
[ info ] [ LOG ] INIT File
---------------------------------------------------------------
[ 2023-02-12T20:40:26+08:00 ] 127.0.0.1 OPTIONS www.hardphp.com/index.php/admin/roles/index
[运行时间：0.093868s] [吞吐率：10.65req/s] [内存消耗：2,123.67kb] [文件加载：68]
[ info ] [ LANG ] D:\PHPTutorial\WWW\hardphp\thinkphp\lang\zh-cn.php
[ info ] [ ROUTE ] array (
  'type' => 'module',
  'module' => 
  array (
    0 => 'admin',
    1 => 'roles',
    2 => 'index',
  ),
)
[ info ] [ HEADER ] array (
  'host' => 'www.hardphp.com',
  'connection' => 'keep-alive',
  'accept' => '*/*',
  'access-control-request-method' => 'POST',
  'access-control-request-headers' => 'x-access-appid,x-access-token',
  'origin' => 'http://localhost:8080',
  'user-agent' => 'Mozilla/5.0 (Windows NT 10.0; Win64; x64) AppleWebKit/537.36 (KHTML, like Gecko) Chrome/97.0.4692.99 Safari/537.36',
  'sec-fetch-mode' => 'cors',
  'referer' => 'http://localhost:8080/',
  'accept-encoding' => 'gzip, deflate',
  'accept-language' => 'zh-CN,zh;q=0.9,en;q=0.8',
)
[ info ] [ PARAM ] array (
)
[ info ] [ LOG ] INIT File
---------------------------------------------------------------
[ 2023-02-12T20:40:26+08:00 ] 127.0.0.1 OPTIONS www.hardphp.com/index.php/admin/rules/getLists
[运行时间：0.092592s] [吞吐率：10.80req/s] [内存消耗：2,127.18kb] [文件加载：68]
[ info ] [ LANG ] D:\PHPTutorial\WWW\hardphp\thinkphp\lang\zh-cn.php
[ info ] [ ROUTE ] array (
  'type' => 'module',
  'module' => 
  array (
    0 => 'admin',
    1 => 'rules',
    2 => 'getLists',
  ),
)
[ info ] [ HEADER ] array (
  'host' => 'www.hardphp.com',
  'connection' => 'keep-alive',
  'accept' => '*/*',
  'access-control-request-method' => 'POST',
  'access-control-request-headers' => 'x-access-appid,x-access-token',
  'origin' => 'http://localhost:8080',
  'user-agent' => 'Mozilla/5.0 (Windows NT 10.0; Win64; x64) AppleWebKit/537.36 (KHTML, like Gecko) Chrome/97.0.4692.99 Safari/537.36',
  'sec-fetch-mode' => 'cors',
  'referer' => 'http://localhost:8080/',
  'accept-encoding' => 'gzip, deflate',
  'accept-language' => 'zh-CN,zh;q=0.9,en;q=0.8',
)
[ info ] [ PARAM ] array (
)
[ info ] [ LOG ] INIT File
---------------------------------------------------------------
[ 2023-02-12T20:40:26+08:00 ] 127.0.0.1 POST www.hardphp.com/index.php/admin/rules/getLists
[运行时间：0.253095s] [吞吐率：3.95req/s] [内存消耗：3,378.40kb] [文件加载：78]
[ info ] [ LANG ] D:\PHPTutorial\WWW\hardphp\thinkphp\lang\zh-cn.php
[ info ] [ ROUTE ] array (
  'type' => 'module',
  'module' => 
  array (
    0 => 'admin',
    1 => 'rules',
    2 => 'getLists',
  ),
)
[ info ] [ HEADER ] array (
  'host' => 'www.hardphp.com',
  'connection' => 'keep-alive',
  'content-length' => '42',
  'accept' => 'application/json, text/plain, */*',
  'x-access-token' => '04879AADDEC088AF0C3BFBEB884C2987MDAwMDAwMDAwML6Mna-FqrqSib2cgMOHoIC7o36CkY6xfLjQzqGGZIXVuGadr4u5um-LunZ_w4efabGmjmWDo3-gu5SsqIhkp6vHZJ3Ynau-moXTqGG4nZSnyX-ohIONk4a7qdGyiJ-nr8hkZrmPu8yHheBxpbGJgquya5-oh4GLfrq4rLKDd5uotouL2Y-40KGcl5SIvImcjr-Qo6d9jm6evZW8hYaIiNm6oZmuktqhdg',
  'user-agent' => 'Mozilla/5.0 (Windows NT 10.0; Win64; x64) AppleWebKit/537.36 (KHTML, like Gecko) Chrome/97.0.4692.99 Safari/537.36',
  'x-access-appid' => '123456',
  'content-type' => 'application/x-www-form-urlencoded;charset=UTF-8',
  'origin' => 'http://localhost:8080',
  'referer' => 'http://localhost:8080/',
  'accept-encoding' => 'gzip, deflate',
  'accept-language' => 'zh-CN,zh;q=0.9,en;q=0.8',
)
[ info ] [ PARAM ] array (
  'signature' => '776a8773415590486189e97e10f77114',
)
[ info ] [ DB ] INIT mysql
[ info ] [ RUN ] app\admin\controller\Rules->getLists[ D:\PHPTutorial\WWW\hardphp\application\admin\controller\Rules.php ]
[ info ] [ LOG ] INIT File
---------------------------------------------------------------
[ 2023-02-12T20:40:26+08:00 ] 127.0.0.1 POST www.hardphp.com/index.php/admin/roles/index
[运行时间：0.282354s] [吞吐率：3.54req/s] [内存消耗：3,434.33kb] [文件加载：80]
[ info ] [ LANG ] D:\PHPTutorial\WWW\hardphp\thinkphp\lang\zh-cn.php
[ info ] [ ROUTE ] array (
  'type' => 'module',
  'module' => 
  array (
    0 => 'admin',
    1 => 'roles',
    2 => 'index',
  ),
)
[ info ] [ HEADER ] array (
  'host' => 'www.hardphp.com',
  'connection' => 'keep-alive',
  'content-length' => '75',
  'accept' => 'application/json, text/plain, */*',
  'x-access-token' => '04879AADDEC088AF0C3BFBEB884C2987MDAwMDAwMDAwML6Mna-FqrqSib2cgMOHoIC7o36CkY6xfLjQzqGGZIXVuGadr4u5um-LunZ_w4efabGmjmWDo3-gu5SsqIhkp6vHZJ3Ynau-moXTqGG4nZSnyX-ohIONk4a7qdGyiJ-nr8hkZrmPu8yHheBxpbGJgquya5-oh4GLfrq4rLKDd5uotouL2Y-40KGcl5SIvImcjr-Qo6d9jm6evZW8hYaIiNm6oZmuktqhdg',
  'user-agent' => 'Mozilla/5.0 (Windows NT 10.0; Win64; x64) AppleWebKit/537.36 (KHTML, like Gecko) Chrome/97.0.4692.99 Safari/537.36',
  'x-access-appid' => '123456',
  'content-type' => 'application/x-www-form-urlencoded;charset=UTF-8',
  'origin' => 'http://localhost:8080',
  'referer' => 'http://localhost:8080/',
  'accept-encoding' => 'gzip, deflate',
  'accept-language' => 'zh-CN,zh;q=0.9,en;q=0.8',
)
[ info ] [ PARAM ] array (
  'page' => '1',
  'psize' => '10',
  'status' => '-1',
  'title' => '',
  'signature' => '7fa90b2669f6e5f17c695cdd71342653',
)
[ info ] [ DB ] INIT mysql
[ info ] [ RUN ] app\admin\controller\Roles->index[ D:\PHPTutorial\WWW\hardphp\application\admin\controller\Roles.php ]
[ info ] [ LOG ] INIT File
---------------------------------------------------------------
[ 2023-02-12T20:40:30+08:00 ] 127.0.0.1 OPTIONS www.hardphp.com/index.php/admin/log/index
[运行时间：0.150330s] [吞吐率：6.65req/s] [内存消耗：2,102.34kb] [文件加载：68]
[ info ] [ LANG ] D:\PHPTutorial\WWW\hardphp\thinkphp\lang\zh-cn.php
[ info ] [ ROUTE ] array (
  'type' => 'module',
  'module' => 
  array (
    0 => 'admin',
    1 => 'log',
    2 => 'index',
  ),
)
[ info ] [ HEADER ] array (
  'host' => 'www.hardphp.com',
  'connection' => 'keep-alive',
  'accept' => '*/*',
  'access-control-request-method' => 'POST',
  'access-control-request-headers' => 'x-access-appid,x-access-token',
  'origin' => 'http://localhost:8080',
  'user-agent' => 'Mozilla/5.0 (Windows NT 10.0; Win64; x64) AppleWebKit/537.36 (KHTML, like Gecko) Chrome/97.0.4692.99 Safari/537.36',
  'sec-fetch-mode' => 'cors',
  'referer' => 'http://localhost:8080/',
  'accept-encoding' => 'gzip, deflate',
  'accept-language' => 'zh-CN,zh;q=0.9,en;q=0.8',
)
[ info ] [ PARAM ] array (
)
[ info ] [ LOG ] INIT File
---------------------------------------------------------------
[ 2023-02-12T20:40:30+08:00 ] 127.0.0.1 POST www.hardphp.com/index.php/admin/log/index
[运行时间：0.281803s] [吞吐率：3.55req/s] [内存消耗：3,402.73kb] [文件加载：80]
[ info ] [ LANG ] D:\PHPTutorial\WWW\hardphp\thinkphp\lang\zh-cn.php
[ info ] [ ROUTE ] array (
  'type' => 'module',
  'module' => 
  array (
    0 => 'admin',
    1 => 'log',
    2 => 'index',
  ),
)
[ info ] [ HEADER ] array (
  'host' => 'www.hardphp.com',
  'connection' => 'keep-alive',
  'content-length' => '102',
  'accept' => 'application/json, text/plain, */*',
  'x-access-token' => '04879AADDEC088AF0C3BFBEB884C2987MDAwMDAwMDAwML6Mna-FqrqSib2cgMOHoIC7o36CkY6xfLjQzqGGZIXVuGadr4u5um-LunZ_w4efabGmjmWDo3-gu5SsqIhkp6vHZJ3Ynau-moXTqGG4nZSnyX-ohIONk4a7qdGyiJ-nr8hkZrmPu8yHheBxpbGJgquya5-oh4GLfrq4rLKDd5uotouL2Y-40KGcl5SIvImcjr-Qo6d9jm6evZW8hYaIiNm6oZmuktqhdg',
  'user-agent' => 'Mozilla/5.0 (Windows NT 10.0; Win64; x64) AppleWebKit/537.36 (KHTML, like Gecko) Chrome/97.0.4692.99 Safari/537.36',
  'x-access-appid' => '123456',
  'content-type' => 'application/x-www-form-urlencoded;charset=UTF-8',
  'origin' => 'http://localhost:8080',
  'referer' => 'http://localhost:8080/',
  'accept-encoding' => 'gzip, deflate',
  'accept-language' => 'zh-CN,zh;q=0.9,en;q=0.8',
)
[ info ] [ PARAM ] array (
  'page' => '1',
  'psize' => '10',
  'uid' => '',
  'userName' => '',
  'loginIp' => '',
  'startTime' => '',
  'endTime' => '',
  'signature' => '3a0d400aec6ff9b5dcd635a9d2a62ae9',
)
[ info ] [ DB ] INIT mysql
[ info ] [ RUN ] app\admin\controller\Log->index[ D:\PHPTutorial\WWW\hardphp\application\admin\controller\Log.php ]
[ info ] [ LOG ] INIT File
---------------------------------------------------------------
[ 2023-02-12T20:40:40+08:00 ] 127.0.0.1 OPTIONS www.hardphp.com/index.php/admin/Banner/getbanner?signature=776a8773415590486189e97e10f77114
[运行时间：0.139441s] [吞吐率：7.17req/s] [内存消耗：2,113.42kb] [文件加载：68]
[ info ] [ LANG ] D:\PHPTutorial\WWW\hardphp\thinkphp\lang\zh-cn.php
[ info ] [ ROUTE ] array (
  'type' => 'module',
  'module' => 
  array (
    0 => 'admin',
    1 => 'Banner',
    2 => 'getbanner',
  ),
)
[ info ] [ HEADER ] array (
  'host' => 'www.hardphp.com',
  'connection' => 'keep-alive',
  'accept' => '*/*',
  'access-control-request-method' => 'GET',
  'access-control-request-headers' => 'x-access-appid,x-access-token',
  'origin' => 'http://localhost:8080',
  'user-agent' => 'Mozilla/5.0 (Windows NT 10.0; Win64; x64) AppleWebKit/537.36 (KHTML, like Gecko) Chrome/97.0.4692.99 Safari/537.36',
  'sec-fetch-mode' => 'cors',
  'referer' => 'http://localhost:8080/',
  'accept-encoding' => 'gzip, deflate',
  'accept-language' => 'zh-CN,zh;q=0.9,en;q=0.8',
)
[ info ] [ PARAM ] array (
  'signature' => '776a8773415590486189e97e10f77114',
)
[ info ] [ LOG ] INIT File
---------------------------------------------------------------
[ 2023-02-12T20:40:41+08:00 ] 127.0.0.1 GET www.hardphp.com/index.php/admin/Banner/getbanner?signature=776a8773415590486189e97e10f77114
[运行时间：0.277175s] [吞吐率：3.61req/s] [内存消耗：3,403.50kb] [文件加载：79]
[ info ] [ LANG ] D:\PHPTutorial\WWW\hardphp\thinkphp\lang\zh-cn.php
[ info ] [ ROUTE ] array (
  'type' => 'module',
  'module' => 
  array (
    0 => 'admin',
    1 => 'Banner',
    2 => 'getbanner',
  ),
)
[ info ] [ HEADER ] array (
  'host' => 'www.hardphp.com',
  'connection' => 'keep-alive',
  'accept' => 'application/json, text/plain, */*',
  'x-access-token' => '04879AADDEC088AF0C3BFBEB884C2987MDAwMDAwMDAwML6Mna-FqrqSib2cgMOHoIC7o36CkY6xfLjQzqGGZIXVuGadr4u5um-LunZ_w4efabGmjmWDo3-gu5SsqIhkp6vHZJ3Ynau-moXTqGG4nZSnyX-ohIONk4a7qdGyiJ-nr8hkZrmPu8yHheBxpbGJgquya5-oh4GLfrq4rLKDd5uotouL2Y-40KGcl5SIvImcjr-Qo6d9jm6evZW8hYaIiNm6oZmuktqhdg',
  'user-agent' => 'Mozilla/5.0 (Windows NT 10.0; Win64; x64) AppleWebKit/537.36 (KHTML, like Gecko) Chrome/97.0.4692.99 Safari/537.36',
  'x-access-appid' => '123456',
  'origin' => 'http://localhost:8080',
  'referer' => 'http://localhost:8080/',
  'accept-encoding' => 'gzip, deflate',
  'accept-language' => 'zh-CN,zh;q=0.9,en;q=0.8',
)
[ info ] [ PARAM ] array (
  'signature' => '776a8773415590486189e97e10f77114',
)
[ info ] [ DB ] INIT mysql
[ info ] [ RUN ] app\admin\controller\Banner->getbanner[ D:\PHPTutorial\WWW\hardphp\application\admin\controller\Banner.php ]
[ info ] [ LOG ] INIT File
---------------------------------------------------------------
[ 2023-02-12T20:40:45+08:00 ] 127.0.0.1 OPTIONS www.hardphp.com/index.php/admin/user/index
[运行时间：0.170886s] [吞吐率：5.85req/s] [内存消耗：2,120.21kb] [文件加载：68]
[ info ] [ LANG ] D:\PHPTutorial\WWW\hardphp\thinkphp\lang\zh-cn.php
[ info ] [ ROUTE ] array (
  'type' => 'module',
  'module' => 
  array (
    0 => 'admin',
    1 => 'user',
    2 => 'index',
  ),
)
[ info ] [ HEADER ] array (
  'host' => 'www.hardphp.com',
  'connection' => 'keep-alive',
  'accept' => '*/*',
  'access-control-request-method' => 'POST',
  'access-control-request-headers' => 'x-access-appid,x-access-token',
  'origin' => 'http://localhost:8080',
  'user-agent' => 'Mozilla/5.0 (Windows NT 10.0; Win64; x64) AppleWebKit/537.36 (KHTML, like Gecko) Chrome/97.0.4692.99 Safari/537.36',
  'sec-fetch-mode' => 'cors',
  'referer' => 'http://localhost:8080/',
  'accept-encoding' => 'gzip, deflate',
  'accept-language' => 'zh-CN,zh;q=0.9,en;q=0.8',
)
[ info ] [ PARAM ] array (
)
[ info ] [ LOG ] INIT File
---------------------------------------------------------------
[ 2023-02-12T20:40:45+08:00 ] 127.0.0.1 POST www.hardphp.com/index.php/admin/user/index
[运行时间：0.300811s] [吞吐率：3.32req/s] [内存消耗：3,449.52kb] [文件加载：80]
[ info ] [ LANG ] D:\PHPTutorial\WWW\hardphp\thinkphp\lang\zh-cn.php
[ info ] [ ROUTE ] array (
  'type' => 'module',
  'module' => 
  array (
    0 => 'admin',
    1 => 'user',
    2 => 'index',
  ),
)
[ info ] [ HEADER ] array (
  'host' => 'www.hardphp.com',
  'connection' => 'keep-alive',
  'content-length' => '113',
  'accept' => 'application/json, text/plain, */*',
  'x-access-token' => '04879AADDEC088AF0C3BFBEB884C2987MDAwMDAwMDAwML6Mna-FqrqSib2cgMOHoIC7o36CkY6xfLjQzqGGZIXVuGadr4u5um-LunZ_w4efabGmjmWDo3-gu5SsqIhkp6vHZJ3Ynau-moXTqGG4nZSnyX-ohIONk4a7qdGyiJ-nr8hkZrmPu8yHheBxpbGJgquya5-oh4GLfrq4rLKDd5uotouL2Y-40KGcl5SIvImcjr-Qo6d9jm6evZW8hYaIiNm6oZmuktqhdg',
  'user-agent' => 'Mozilla/5.0 (Windows NT 10.0; Win64; x64) AppleWebKit/537.36 (KHTML, like Gecko) Chrome/97.0.4692.99 Safari/537.36',
  'x-access-appid' => '123456',
  'content-type' => 'application/x-www-form-urlencoded;charset=UTF-8',
  'origin' => 'http://localhost:8080',
  'referer' => 'http://localhost:8080/',
  'accept-encoding' => 'gzip, deflate',
  'accept-language' => 'zh-CN,zh;q=0.9,en;q=0.8',
)
[ info ] [ PARAM ] array (
  'page' => '1',
  'psize' => '10',
  'id' => '',
  'sort' => '+id',
  'userName' => '',
  'realName' => '',
  'startTime' => '',
  'endTime' => '',
  'signature' => 'cd37ba2321ac45805f4858b3f48b6249',
)
[ info ] [ DB ] INIT mysql
[ info ] [ RUN ] app\admin\controller\User->index[ D:\PHPTutorial\WWW\hardphp\application\admin\controller\User.php ]
[ info ] [ LOG ] INIT File
---------------------------------------------------------------
[ 2023-02-12T20:40:53+08:00 ] 127.0.0.1 OPTIONS www.hardphp.com/index.php/admin/Banner/getbanner?signature=776a8773415590486189e97e10f77114
[运行时间：0.100336s] [吞吐率：9.97req/s] [内存消耗：2,113.42kb] [文件加载：68]
[ info ] [ LANG ] D:\PHPTutorial\WWW\hardphp\thinkphp\lang\zh-cn.php
[ info ] [ ROUTE ] array (
  'type' => 'module',
  'module' => 
  array (
    0 => 'admin',
    1 => 'Banner',
    2 => 'getbanner',
  ),
)
[ info ] [ HEADER ] array (
  'host' => 'www.hardphp.com',
  'connection' => 'keep-alive',
  'accept' => '*/*',
  'access-control-request-method' => 'GET',
  'access-control-request-headers' => 'x-access-appid,x-access-token',
  'origin' => 'http://localhost:8080',
  'user-agent' => 'Mozilla/5.0 (Windows NT 10.0; Win64; x64) AppleWebKit/537.36 (KHTML, like Gecko) Chrome/97.0.4692.99 Safari/537.36',
  'sec-fetch-mode' => 'cors',
  'referer' => 'http://localhost:8080/',
  'accept-encoding' => 'gzip, deflate',
  'accept-language' => 'zh-CN,zh;q=0.9,en;q=0.8',
)
[ info ] [ PARAM ] array (
  'signature' => '776a8773415590486189e97e10f77114',
)
[ info ] [ LOG ] INIT File
---------------------------------------------------------------
[ 2023-02-12T20:40:53+08:00 ] 127.0.0.1 GET www.hardphp.com/index.php/admin/Banner/getbanner?signature=776a8773415590486189e97e10f77114
[运行时间：0.271501s] [吞吐率：3.68req/s] [内存消耗：3,403.50kb] [文件加载：79]
[ info ] [ LANG ] D:\PHPTutorial\WWW\hardphp\thinkphp\lang\zh-cn.php
[ info ] [ ROUTE ] array (
  'type' => 'module',
  'module' => 
  array (
    0 => 'admin',
    1 => 'Banner',
    2 => 'getbanner',
  ),
)
[ info ] [ HEADER ] array (
  'host' => 'www.hardphp.com',
  'connection' => 'keep-alive',
  'accept' => 'application/json, text/plain, */*',
  'x-access-token' => '04879AADDEC088AF0C3BFBEB884C2987MDAwMDAwMDAwML6Mna-FqrqSib2cgMOHoIC7o36CkY6xfLjQzqGGZIXVuGadr4u5um-LunZ_w4efabGmjmWDo3-gu5SsqIhkp6vHZJ3Ynau-moXTqGG4nZSnyX-ohIONk4a7qdGyiJ-nr8hkZrmPu8yHheBxpbGJgquya5-oh4GLfrq4rLKDd5uotouL2Y-40KGcl5SIvImcjr-Qo6d9jm6evZW8hYaIiNm6oZmuktqhdg',
  'user-agent' => 'Mozilla/5.0 (Windows NT 10.0; Win64; x64) AppleWebKit/537.36 (KHTML, like Gecko) Chrome/97.0.4692.99 Safari/537.36',
  'x-access-appid' => '123456',
  'origin' => 'http://localhost:8080',
  'referer' => 'http://localhost:8080/',
  'accept-encoding' => 'gzip, deflate',
  'accept-language' => 'zh-CN,zh;q=0.9,en;q=0.8',
)
[ info ] [ PARAM ] array (
  'signature' => '776a8773415590486189e97e10f77114',
)
[ info ] [ DB ] INIT mysql
[ info ] [ RUN ] app\admin\controller\Banner->getbanner[ D:\PHPTutorial\WWW\hardphp\application\admin\controller\Banner.php ]
[ info ] [ LOG ] INIT File
---------------------------------------------------------------
[ 2023-02-12T20:40:59+08:00 ] 127.0.0.1 OPTIONS www.hardphp.com/index.php/admin/admin/getuser
[运行时间：0.127482s] [吞吐率：7.84req/s] [内存消耗：2,144.78kb] [文件加载：68]
[ info ] [ LANG ] D:\PHPTutorial\WWW\hardphp\thinkphp\lang\zh-cn.php
[ info ] [ ROUTE ] array (
  'type' => 'module',
  'module' => 
  array (
    0 => 'admin',
    1 => 'admin',
    2 => 'getuser',
  ),
)
[ info ] [ HEADER ] array (
  'host' => 'www.hardphp.com',
  'connection' => 'keep-alive',
  'accept' => '*/*',
  'access-control-request-method' => 'POST',
  'access-control-request-headers' => 'x-access-appid,x-access-token',
  'origin' => 'http://localhost:8080',
  'user-agent' => 'Mozilla/5.0 (Windows NT 10.0; Win64; x64) AppleWebKit/537.36 (KHTML, like Gecko) Chrome/97.0.4692.99 Safari/537.36',
  'sec-fetch-mode' => 'cors',
  'referer' => 'http://localhost:8080/',
  'accept-encoding' => 'gzip, deflate',
  'accept-language' => 'zh-CN,zh;q=0.9,en;q=0.8',
)
[ info ] [ PARAM ] array (
)
[ info ] [ LOG ] INIT File
---------------------------------------------------------------
[ 2023-02-12T20:40:59+08:00 ] 127.0.0.1 POST www.hardphp.com/index.php/admin/admin/getuser
[运行时间：0.217404s] [吞吐率：4.60req/s] [内存消耗：3,514.71kb] [文件加载：80]
[ info ] [ LANG ] D:\PHPTutorial\WWW\hardphp\thinkphp\lang\zh-cn.php
[ info ] [ ROUTE ] array (
  'type' => 'module',
  'module' => 
  array (
    0 => 'admin',
    1 => 'admin',
    2 => 'getuser',
  ),
)
[ info ] [ HEADER ] array (
  'host' => 'www.hardphp.com',
  'connection' => 'keep-alive',
  'content-length' => '42',
  'accept' => 'application/json, text/plain, */*',
  'x-access-token' => '04879AADDEC088AF0C3BFBEB884C2987MDAwMDAwMDAwML6Mna-FqrqSib2cgMOHoIC7o36CkY6xfLjQzqGGZIXVuGadr4u5um-LunZ_w4efabGmjmWDo3-gu5SsqIhkp6vHZJ3Ynau-moXTqGG4nZSnyX-ohIONk4a7qdGyiJ-nr8hkZrmPu8yHheBxpbGJgquya5-oh4GLfrq4rLKDd5uotouL2Y-40KGcl5SIvImcjr-Qo6d9jm6evZW8hYaIiNm6oZmuktqhdg',
  'user-agent' => 'Mozilla/5.0 (Windows NT 10.0; Win64; x64) AppleWebKit/537.36 (KHTML, like Gecko) Chrome/97.0.4692.99 Safari/537.36',
  'x-access-appid' => '123456',
  'content-type' => 'application/x-www-form-urlencoded;charset=UTF-8',
  'origin' => 'http://localhost:8080',
  'referer' => 'http://localhost:8080/',
  'accept-encoding' => 'gzip, deflate',
  'accept-language' => 'zh-CN,zh;q=0.9,en;q=0.8',
)
[ info ] [ PARAM ] array (
  'signature' => '776a8773415590486189e97e10f77114',
)
[ info ] [ DB ] INIT mysql
[ info ] [ RUN ] app\admin\controller\Admin->getuser[ D:\PHPTutorial\WWW\hardphp\application\admin\controller\Admin.php ]
[ info ] [ LOG ] INIT File
---------------------------------------------------------------
[ 2023-02-12T22:21:35+08:00 ] 127.0.0.1 OPTIONS www.hardphp.com/index.php/admin/admin/getuser
[运行时间：0.353722s] [吞吐率：2.83req/s] [内存消耗：2,144.78kb] [文件加载：68]
[ info ] [ LANG ] D:\PHPTutorial\WWW\hardphp\thinkphp\lang\zh-cn.php
[ info ] [ ROUTE ] array (
  'type' => 'module',
  'module' => 
  array (
    0 => 'admin',
    1 => 'admin',
    2 => 'getuser',
  ),
)
[ info ] [ HEADER ] array (
  'host' => 'www.hardphp.com',
  'connection' => 'keep-alive',
  'accept' => '*/*',
  'access-control-request-method' => 'POST',
  'access-control-request-headers' => 'x-access-appid,x-access-token',
  'origin' => 'http://localhost:8080',
  'user-agent' => 'Mozilla/5.0 (Windows NT 10.0; Win64; x64) AppleWebKit/537.36 (KHTML, like Gecko) Chrome/97.0.4692.99 Safari/537.36',
  'sec-fetch-mode' => 'cors',
  'referer' => 'http://localhost:8080/',
  'accept-encoding' => 'gzip, deflate',
  'accept-language' => 'zh-CN,zh;q=0.9,en;q=0.8',
)
[ info ] [ PARAM ] array (
)
[ info ] [ LOG ] INIT File
---------------------------------------------------------------
[ 2023-02-12T22:21:35+08:00 ] 127.0.0.1 POST www.hardphp.com/index.php/admin/admin/getuser
[运行时间：0.268008s] [吞吐率：3.73req/s] [内存消耗：3,514.71kb] [文件加载：80]
[ info ] [ LANG ] D:\PHPTutorial\WWW\hardphp\thinkphp\lang\zh-cn.php
[ info ] [ ROUTE ] array (
  'type' => 'module',
  'module' => 
  array (
    0 => 'admin',
    1 => 'admin',
    2 => 'getuser',
  ),
)
[ info ] [ HEADER ] array (
  'host' => 'www.hardphp.com',
  'connection' => 'keep-alive',
  'content-length' => '42',
  'accept' => 'application/json, text/plain, */*',
  'x-access-token' => '04879AADDEC088AF0C3BFBEB884C2987MDAwMDAwMDAwML6Mna-FqrqSib2cgMOHoIC7o36CkY6xfLjQzqGGZIXVuGadr4u5um-LunZ_w4efabGmjmWDo3-gu5SsqIhkp6vHZJ3Ynau-moXTqGG4nZSnyX-ohIONk4a7qdGyiJ-nr8hkZrmPu8yHheBxpbGJgquya5-oh4GLfrq4rLKDd5uotouL2Y-40KGcl5SIvImcjr-Qo6d9jm6evZW8hYaIiNm6oZmuktqhdg',
  'user-agent' => 'Mozilla/5.0 (Windows NT 10.0; Win64; x64) AppleWebKit/537.36 (KHTML, like Gecko) Chrome/97.0.4692.99 Safari/537.36',
  'x-access-appid' => '123456',
  'content-type' => 'application/x-www-form-urlencoded;charset=UTF-8',
  'origin' => 'http://localhost:8080',
  'referer' => 'http://localhost:8080/',
  'accept-encoding' => 'gzip, deflate',
  'accept-language' => 'zh-CN,zh;q=0.9,en;q=0.8',
)
[ info ] [ PARAM ] array (
  'signature' => '776a8773415590486189e97e10f77114',
)
[ info ] [ DB ] INIT mysql
[ info ] [ RUN ] app\admin\controller\Admin->getuser[ D:\PHPTutorial\WWW\hardphp\application\admin\controller\Admin.php ]
[ info ] [ LOG ] INIT File
---------------------------------------------------------------
[ 2023-02-12T22:26:27+08:00 ] 127.0.0.1 OPTIONS www.hardphp.com/index.php/admin/admin/index
[运行时间：0.116068s] [吞吐率：8.62req/s] [内存消耗：2,144.77kb] [文件加载：68]
[ info ] [ LANG ] D:\PHPTutorial\WWW\hardphp\thinkphp\lang\zh-cn.php
[ info ] [ ROUTE ] array (
  'type' => 'module',
  'module' => 
  array (
    0 => 'admin',
    1 => 'admin',
    2 => 'index',
  ),
)
[ info ] [ HEADER ] array (
  'host' => 'www.hardphp.com',
  'connection' => 'keep-alive',
  'accept' => '*/*',
  'access-control-request-method' => 'POST',
  'access-control-request-headers' => 'x-access-appid,x-access-token',
  'origin' => 'http://localhost:8080',
  'user-agent' => 'Mozilla/5.0 (Windows NT 10.0; Win64; x64) AppleWebKit/537.36 (KHTML, like Gecko) Chrome/97.0.4692.99 Safari/537.36',
  'sec-fetch-mode' => 'cors',
  'referer' => 'http://localhost:8080/',
  'accept-encoding' => 'gzip, deflate',
  'accept-language' => 'zh-CN,zh;q=0.9,en;q=0.8',
)
[ info ] [ PARAM ] array (
)
[ info ] [ LOG ] INIT File
---------------------------------------------------------------
[ 2023-02-12T22:26:27+08:00 ] 127.0.0.1 OPTIONS www.hardphp.com/index.php/admin/roles/getLists
[运行时间：0.165061s] [吞吐率：6.06req/s] [内存消耗：2,123.71kb] [文件加载：68]
[ info ] [ LANG ] D:\PHPTutorial\WWW\hardphp\thinkphp\lang\zh-cn.php
[ info ] [ ROUTE ] array (
  'type' => 'module',
  'module' => 
  array (
    0 => 'admin',
    1 => 'roles',
    2 => 'getLists',
  ),
)
[ info ] [ HEADER ] array (
  'host' => 'www.hardphp.com',
  'connection' => 'keep-alive',
  'accept' => '*/*',
  'access-control-request-method' => 'POST',
  'access-control-request-headers' => 'x-access-appid,x-access-token',
  'origin' => 'http://localhost:8080',
  'user-agent' => 'Mozilla/5.0 (Windows NT 10.0; Win64; x64) AppleWebKit/537.36 (KHTML, like Gecko) Chrome/97.0.4692.99 Safari/537.36',
  'sec-fetch-mode' => 'cors',
  'referer' => 'http://localhost:8080/',
  'accept-encoding' => 'gzip, deflate',
  'accept-language' => 'zh-CN,zh;q=0.9,en;q=0.8',
)
[ info ] [ PARAM ] array (
)
[ info ] [ LOG ] INIT File
---------------------------------------------------------------
[ 2023-02-12T22:26:27+08:00 ] 127.0.0.1 POST www.hardphp.com/index.php/admin/admin/index
[运行时间：0.222105s] [吞吐率：4.50req/s] [内存消耗：3,482.28kb] [文件加载：80]
[ info ] [ LANG ] D:\PHPTutorial\WWW\hardphp\thinkphp\lang\zh-cn.php
[ info ] [ ROUTE ] array (
  'type' => 'module',
  'module' => 
  array (
    0 => 'admin',
    1 => 'admin',
    2 => 'index',
  ),
)
[ info ] [ HEADER ] array (
  'host' => 'www.hardphp.com',
  'connection' => 'keep-alive',
  'content-length' => '118',
  'accept' => 'application/json, text/plain, */*',
  'x-access-token' => '04879AADDEC088AF0C3BFBEB884C2987MDAwMDAwMDAwML6Mna-FqrqSib2cgMOHoIC7o36CkY6xfLjQzqGGZIXVuGadr4u5um-LunZ_w4efabGmjmWDo3-gu5SsqIhkp6vHZJ3Ynau-moXTqGG4nZSnyX-ohIONk4a7qdGyiJ-nr8hkZrmPu8yHheBxpbGJgquya5-oh4GLfrq4rLKDd5uotouL2Y-40KGcl5SIvImcjr-Qo6d9jm6evZW8hYaIiNm6oZmuktqhdg',
  'user-agent' => 'Mozilla/5.0 (Windows NT 10.0; Win64; x64) AppleWebKit/537.36 (KHTML, like Gecko) Chrome/97.0.4692.99 Safari/537.36',
  'x-access-appid' => '123456',
  'content-type' => 'application/x-www-form-urlencoded;charset=UTF-8',
  'origin' => 'http://localhost:8080',
  'referer' => 'http://localhost:8080/',
  'accept-encoding' => 'gzip, deflate',
  'accept-language' => 'zh-CN,zh;q=0.9,en;q=0.8',
)
[ info ] [ PARAM ] array (
  'page' => '1',
  'psize' => '10',
  'isEnabled' => '-1',
  'userName' => '',
  'phone' => '',
  'realName' => '',
  'startTime' => '',
  'endTime' => '',
  'signature' => 'ea720ce6bff79f5c85434cc7ef1bd258',
)
[ info ] [ DB ] INIT mysql
[ info ] [ RUN ] app\admin\controller\Admin->index[ D:\PHPTutorial\WWW\hardphp\application\admin\controller\Admin.php ]
[ info ] [ LOG ] INIT File
---------------------------------------------------------------
[ 2023-02-12T22:26:27+08:00 ] 127.0.0.1 POST www.hardphp.com/index.php/admin/roles/getLists
[运行时间：0.271509s] [吞吐率：3.68req/s] [内存消耗：3,432.00kb] [文件加载：80]
[ info ] [ LANG ] D:\PHPTutorial\WWW\hardphp\thinkphp\lang\zh-cn.php
[ info ] [ ROUTE ] array (
  'type' => 'module',
  'module' => 
  array (
    0 => 'admin',
    1 => 'roles',
    2 => 'getLists',
  ),
)
[ info ] [ HEADER ] array (
  'host' => 'www.hardphp.com',
  'connection' => 'keep-alive',
  'content-length' => '42',
  'accept' => 'application/json, text/plain, */*',
  'x-access-token' => '04879AADDEC088AF0C3BFBEB884C2987MDAwMDAwMDAwML6Mna-FqrqSib2cgMOHoIC7o36CkY6xfLjQzqGGZIXVuGadr4u5um-LunZ_w4efabGmjmWDo3-gu5SsqIhkp6vHZJ3Ynau-moXTqGG4nZSnyX-ohIONk4a7qdGyiJ-nr8hkZrmPu8yHheBxpbGJgquya5-oh4GLfrq4rLKDd5uotouL2Y-40KGcl5SIvImcjr-Qo6d9jm6evZW8hYaIiNm6oZmuktqhdg',
  'user-agent' => 'Mozilla/5.0 (Windows NT 10.0; Win64; x64) AppleWebKit/537.36 (KHTML, like Gecko) Chrome/97.0.4692.99 Safari/537.36',
  'x-access-appid' => '123456',
  'content-type' => 'application/x-www-form-urlencoded;charset=UTF-8',
  'origin' => 'http://localhost:8080',
  'referer' => 'http://localhost:8080/',
  'accept-encoding' => 'gzip, deflate',
  'accept-language' => 'zh-CN,zh;q=0.9,en;q=0.8',
)
[ info ] [ PARAM ] array (
  'signature' => '776a8773415590486189e97e10f77114',
)
[ info ] [ DB ] INIT mysql
[ info ] [ RUN ] app\admin\controller\Roles->getLists[ D:\PHPTutorial\WWW\hardphp\application\admin\controller\Roles.php ]
[ info ] [ LOG ] INIT File
---------------------------------------------------------------
[ 2023-02-12T22:26:32+08:00 ] 127.0.0.1 OPTIONS www.hardphp.com/index.php/admin/rules/index
[运行时间：0.096650s] [吞吐率：10.35req/s] [内存消耗：2,127.21kb] [文件加载：68]
[ info ] [ LANG ] D:\PHPTutorial\WWW\hardphp\thinkphp\lang\zh-cn.php
[ info ] [ ROUTE ] array (
  'type' => 'module',
  'module' => 
  array (
    0 => 'admin',
    1 => 'rules',
    2 => 'index',
  ),
)
[ info ] [ HEADER ] array (
  'host' => 'www.hardphp.com',
  'connection' => 'keep-alive',
  'accept' => '*/*',
  'access-control-request-method' => 'POST',
  'access-control-request-headers' => 'x-access-appid,x-access-token',
  'origin' => 'http://localhost:8080',
  'user-agent' => 'Mozilla/5.0 (Windows NT 10.0; Win64; x64) AppleWebKit/537.36 (KHTML, like Gecko) Chrome/97.0.4692.99 Safari/537.36',
  'sec-fetch-mode' => 'cors',
  'referer' => 'http://localhost:8080/',
  'accept-encoding' => 'gzip, deflate',
  'accept-language' => 'zh-CN,zh;q=0.9,en;q=0.8',
)
[ info ] [ PARAM ] array (
)
[ info ] [ LOG ] INIT File
---------------------------------------------------------------
[ 2023-02-12T22:26:32+08:00 ] 127.0.0.1 POST www.hardphp.com/index.php/admin/rules/index
[运行时间：0.252280s] [吞吐率：3.96req/s] [内存消耗：3,376.35kb] [文件加载：77]
[ info ] [ LANG ] D:\PHPTutorial\WWW\hardphp\thinkphp\lang\zh-cn.php
[ info ] [ ROUTE ] array (
  'type' => 'module',
  'module' => 
  array (
    0 => 'admin',
    1 => 'rules',
    2 => 'index',
  ),
)
[ info ] [ HEADER ] array (
  'host' => 'www.hardphp.com',
  'connection' => 'keep-alive',
  'content-length' => '59',
  'accept' => 'application/json, text/plain, */*',
  'x-access-token' => '04879AADDEC088AF0C3BFBEB884C2987MDAwMDAwMDAwML6Mna-FqrqSib2cgMOHoIC7o36CkY6xfLjQzqGGZIXVuGadr4u5um-LunZ_w4efabGmjmWDo3-gu5SsqIhkp6vHZJ3Ynau-moXTqGG4nZSnyX-ohIONk4a7qdGyiJ-nr8hkZrmPu8yHheBxpbGJgquya5-oh4GLfrq4rLKDd5uotouL2Y-40KGcl5SIvImcjr-Qo6d9jm6evZW8hYaIiNm6oZmuktqhdg',
  'user-agent' => 'Mozilla/5.0 (Windows NT 10.0; Win64; x64) AppleWebKit/537.36 (KHTML, like Gecko) Chrome/97.0.4692.99 Safari/537.36',
  'x-access-appid' => '123456',
  'content-type' => 'application/x-www-form-urlencoded;charset=UTF-8',
  'origin' => 'http://localhost:8080',
  'referer' => 'http://localhost:8080/',
  'accept-encoding' => 'gzip, deflate',
  'accept-language' => 'zh-CN,zh;q=0.9,en;q=0.8',
)
[ info ] [ PARAM ] array (
  'status' => '-1',
  'title' => '',
  'signature' => 'eda86b96e73171c8656485a45222da3f',
)
[ info ] [ DB ] INIT mysql
[ info ] [ RUN ] app\admin\controller\Rules->index[ D:\PHPTutorial\WWW\hardphp\application\admin\controller\Rules.php ]
[ info ] [ LOG ] INIT File
---------------------------------------------------------------
[ 2023-02-12T22:26:38+08:00 ] 127.0.0.1 OPTIONS www.hardphp.com/index.php/admin/admin/index
[运行时间：0.099453s] [吞吐率：10.06req/s] [内存消耗：2,144.77kb] [文件加载：68]
[ info ] [ LANG ] D:\PHPTutorial\WWW\hardphp\thinkphp\lang\zh-cn.php
[ info ] [ ROUTE ] array (
  'type' => 'module',
  'module' => 
  array (
    0 => 'admin',
    1 => 'admin',
    2 => 'index',
  ),
)
[ info ] [ HEADER ] array (
  'host' => 'www.hardphp.com',
  'connection' => 'keep-alive',
  'accept' => '*/*',
  'access-control-request-method' => 'POST',
  'access-control-request-headers' => 'x-access-appid,x-access-token',
  'origin' => 'http://localhost:8080',
  'user-agent' => 'Mozilla/5.0 (Windows NT 10.0; Win64; x64) AppleWebKit/537.36 (KHTML, like Gecko) Chrome/97.0.4692.99 Safari/537.36',
  'sec-fetch-mode' => 'cors',
  'referer' => 'http://localhost:8080/',
  'accept-encoding' => 'gzip, deflate',
  'accept-language' => 'zh-CN,zh;q=0.9,en;q=0.8',
)
[ info ] [ PARAM ] array (
)
[ info ] [ LOG ] INIT File
---------------------------------------------------------------
[ 2023-02-12T22:26:38+08:00 ] 127.0.0.1 OPTIONS www.hardphp.com/index.php/admin/roles/getLists
[运行时间：0.102856s] [吞吐率：9.72req/s] [内存消耗：2,123.71kb] [文件加载：68]
[ info ] [ LANG ] D:\PHPTutorial\WWW\hardphp\thinkphp\lang\zh-cn.php
[ info ] [ ROUTE ] array (
  'type' => 'module',
  'module' => 
  array (
    0 => 'admin',
    1 => 'roles',
    2 => 'getLists',
  ),
)
[ info ] [ HEADER ] array (
  'host' => 'www.hardphp.com',
  'connection' => 'keep-alive',
  'accept' => '*/*',
  'access-control-request-method' => 'POST',
  'access-control-request-headers' => 'x-access-appid,x-access-token',
  'origin' => 'http://localhost:8080',
  'user-agent' => 'Mozilla/5.0 (Windows NT 10.0; Win64; x64) AppleWebKit/537.36 (KHTML, like Gecko) Chrome/97.0.4692.99 Safari/537.36',
  'sec-fetch-mode' => 'cors',
  'referer' => 'http://localhost:8080/',
  'accept-encoding' => 'gzip, deflate',
  'accept-language' => 'zh-CN,zh;q=0.9,en;q=0.8',
)
[ info ] [ PARAM ] array (
)
[ info ] [ LOG ] INIT File
---------------------------------------------------------------
[ 2023-02-12T22:26:38+08:00 ] 127.0.0.1 POST www.hardphp.com/index.php/admin/admin/index
[运行时间：0.202505s] [吞吐率：4.94req/s] [内存消耗：3,482.28kb] [文件加载：80]
[ info ] [ LANG ] D:\PHPTutorial\WWW\hardphp\thinkphp\lang\zh-cn.php
[ info ] [ ROUTE ] array (
  'type' => 'module',
  'module' => 
  array (
    0 => 'admin',
    1 => 'admin',
    2 => 'index',
  ),
)
[ info ] [ HEADER ] array (
  'host' => 'www.hardphp.com',
  'connection' => 'keep-alive',
  'content-length' => '118',
  'accept' => 'application/json, text/plain, */*',
  'x-access-token' => '04879AADDEC088AF0C3BFBEB884C2987MDAwMDAwMDAwML6Mna-FqrqSib2cgMOHoIC7o36CkY6xfLjQzqGGZIXVuGadr4u5um-LunZ_w4efabGmjmWDo3-gu5SsqIhkp6vHZJ3Ynau-moXTqGG4nZSnyX-ohIONk4a7qdGyiJ-nr8hkZrmPu8yHheBxpbGJgquya5-oh4GLfrq4rLKDd5uotouL2Y-40KGcl5SIvImcjr-Qo6d9jm6evZW8hYaIiNm6oZmuktqhdg',
  'user-agent' => 'Mozilla/5.0 (Windows NT 10.0; Win64; x64) AppleWebKit/537.36 (KHTML, like Gecko) Chrome/97.0.4692.99 Safari/537.36',
  'x-access-appid' => '123456',
  'content-type' => 'application/x-www-form-urlencoded;charset=UTF-8',
  'origin' => 'http://localhost:8080',
  'referer' => 'http://localhost:8080/',
  'accept-encoding' => 'gzip, deflate',
  'accept-language' => 'zh-CN,zh;q=0.9,en;q=0.8',
)
[ info ] [ PARAM ] array (
  'page' => '1',
  'psize' => '10',
  'isEnabled' => '-1',
  'userName' => '',
  'phone' => '',
  'realName' => '',
  'startTime' => '',
  'endTime' => '',
  'signature' => 'ea720ce6bff79f5c85434cc7ef1bd258',
)
[ info ] [ DB ] INIT mysql
[ info ] [ RUN ] app\admin\controller\Admin->index[ D:\PHPTutorial\WWW\hardphp\application\admin\controller\Admin.php ]
[ info ] [ LOG ] INIT File
---------------------------------------------------------------
[ 2023-02-12T22:26:38+08:00 ] 127.0.0.1 POST www.hardphp.com/index.php/admin/roles/getLists
[运行时间：0.217931s] [吞吐率：4.59req/s] [内存消耗：3,432.01kb] [文件加载：80]
[ info ] [ LANG ] D:\PHPTutorial\WWW\hardphp\thinkphp\lang\zh-cn.php
[ info ] [ ROUTE ] array (
  'type' => 'module',
  'module' => 
  array (
    0 => 'admin',
    1 => 'roles',
    2 => 'getLists',
  ),
)
[ info ] [ HEADER ] array (
  'host' => 'www.hardphp.com',
  'connection' => 'keep-alive',
  'content-length' => '42',
  'accept' => 'application/json, text/plain, */*',
  'x-access-token' => '04879AADDEC088AF0C3BFBEB884C2987MDAwMDAwMDAwML6Mna-FqrqSib2cgMOHoIC7o36CkY6xfLjQzqGGZIXVuGadr4u5um-LunZ_w4efabGmjmWDo3-gu5SsqIhkp6vHZJ3Ynau-moXTqGG4nZSnyX-ohIONk4a7qdGyiJ-nr8hkZrmPu8yHheBxpbGJgquya5-oh4GLfrq4rLKDd5uotouL2Y-40KGcl5SIvImcjr-Qo6d9jm6evZW8hYaIiNm6oZmuktqhdg',
  'user-agent' => 'Mozilla/5.0 (Windows NT 10.0; Win64; x64) AppleWebKit/537.36 (KHTML, like Gecko) Chrome/97.0.4692.99 Safari/537.36',
  'x-access-appid' => '123456',
  'content-type' => 'application/x-www-form-urlencoded;charset=UTF-8',
  'origin' => 'http://localhost:8080',
  'referer' => 'http://localhost:8080/',
  'accept-encoding' => 'gzip, deflate',
  'accept-language' => 'zh-CN,zh;q=0.9,en;q=0.8',
)
[ info ] [ PARAM ] array (
  'signature' => '776a8773415590486189e97e10f77114',
)
[ info ] [ DB ] INIT mysql
[ info ] [ RUN ] app\admin\controller\Roles->getLists[ D:\PHPTutorial\WWW\hardphp\application\admin\controller\Roles.php ]
[ info ] [ LOG ] INIT File
---------------------------------------------------------------
[ 2023-02-12T22:26:44+08:00 ] 127.0.0.1 OPTIONS www.hardphp.com/index.php/admin/roles/index
[运行时间：0.093301s] [吞吐率：10.72req/s] [内存消耗：2,123.67kb] [文件加载：68]
[ info ] [ LANG ] D:\PHPTutorial\WWW\hardphp\thinkphp\lang\zh-cn.php
[ info ] [ ROUTE ] array (
  'type' => 'module',
  'module' => 
  array (
    0 => 'admin',
    1 => 'roles',
    2 => 'index',
  ),
)
[ info ] [ HEADER ] array (
  'host' => 'www.hardphp.com',
  'connection' => 'keep-alive',
  'accept' => '*/*',
  'access-control-request-method' => 'POST',
  'access-control-request-headers' => 'x-access-appid,x-access-token',
  'origin' => 'http://localhost:8080',
  'user-agent' => 'Mozilla/5.0 (Windows NT 10.0; Win64; x64) AppleWebKit/537.36 (KHTML, like Gecko) Chrome/97.0.4692.99 Safari/537.36',
  'sec-fetch-mode' => 'cors',
  'referer' => 'http://localhost:8080/',
  'accept-encoding' => 'gzip, deflate',
  'accept-language' => 'zh-CN,zh;q=0.9,en;q=0.8',
)
[ info ] [ PARAM ] array (
)
[ info ] [ LOG ] INIT File
---------------------------------------------------------------
[ 2023-02-12T22:26:44+08:00 ] 127.0.0.1 OPTIONS www.hardphp.com/index.php/admin/rules/getLists
[运行时间：0.095112s] [吞吐率：10.51req/s] [内存消耗：2,127.18kb] [文件加载：68]
[ info ] [ LANG ] D:\PHPTutorial\WWW\hardphp\thinkphp\lang\zh-cn.php
[ info ] [ ROUTE ] array (
  'type' => 'module',
  'module' => 
  array (
    0 => 'admin',
    1 => 'rules',
    2 => 'getLists',
  ),
)
[ info ] [ HEADER ] array (
  'host' => 'www.hardphp.com',
  'connection' => 'keep-alive',
  'accept' => '*/*',
  'access-control-request-method' => 'POST',
  'access-control-request-headers' => 'x-access-appid,x-access-token',
  'origin' => 'http://localhost:8080',
  'user-agent' => 'Mozilla/5.0 (Windows NT 10.0; Win64; x64) AppleWebKit/537.36 (KHTML, like Gecko) Chrome/97.0.4692.99 Safari/537.36',
  'sec-fetch-mode' => 'cors',
  'referer' => 'http://localhost:8080/',
  'accept-encoding' => 'gzip, deflate',
  'accept-language' => 'zh-CN,zh;q=0.9,en;q=0.8',
)
[ info ] [ PARAM ] array (
)
[ info ] [ LOG ] INIT File
---------------------------------------------------------------
[ 2023-02-12T22:26:44+08:00 ] 127.0.0.1 POST www.hardphp.com/index.php/admin/rules/getLists
[运行时间：0.209232s] [吞吐率：4.78req/s] [内存消耗：3,378.40kb] [文件加载：78]
[ info ] [ LANG ] D:\PHPTutorial\WWW\hardphp\thinkphp\lang\zh-cn.php
[ info ] [ ROUTE ] array (
  'type' => 'module',
  'module' => 
  array (
    0 => 'admin',
    1 => 'rules',
    2 => 'getLists',
  ),
)
[ info ] [ HEADER ] array (
  'host' => 'www.hardphp.com',
  'connection' => 'keep-alive',
  'content-length' => '42',
  'accept' => 'application/json, text/plain, */*',
  'x-access-token' => '04879AADDEC088AF0C3BFBEB884C2987MDAwMDAwMDAwML6Mna-FqrqSib2cgMOHoIC7o36CkY6xfLjQzqGGZIXVuGadr4u5um-LunZ_w4efabGmjmWDo3-gu5SsqIhkp6vHZJ3Ynau-moXTqGG4nZSnyX-ohIONk4a7qdGyiJ-nr8hkZrmPu8yHheBxpbGJgquya5-oh4GLfrq4rLKDd5uotouL2Y-40KGcl5SIvImcjr-Qo6d9jm6evZW8hYaIiNm6oZmuktqhdg',
  'user-agent' => 'Mozilla/5.0 (Windows NT 10.0; Win64; x64) AppleWebKit/537.36 (KHTML, like Gecko) Chrome/97.0.4692.99 Safari/537.36',
  'x-access-appid' => '123456',
  'content-type' => 'application/x-www-form-urlencoded;charset=UTF-8',
  'origin' => 'http://localhost:8080',
  'referer' => 'http://localhost:8080/',
  'accept-encoding' => 'gzip, deflate',
  'accept-language' => 'zh-CN,zh;q=0.9,en;q=0.8',
)
[ info ] [ PARAM ] array (
  'signature' => '776a8773415590486189e97e10f77114',
)
[ info ] [ DB ] INIT mysql
[ info ] [ RUN ] app\admin\controller\Rules->getLists[ D:\PHPTutorial\WWW\hardphp\application\admin\controller\Rules.php ]
[ info ] [ LOG ] INIT File
---------------------------------------------------------------
[ 2023-02-12T22:26:44+08:00 ] 127.0.0.1 POST www.hardphp.com/index.php/admin/roles/index
[运行时间：0.233970s] [吞吐率：4.27req/s] [内存消耗：3,434.33kb] [文件加载：80]
[ info ] [ LANG ] D:\PHPTutorial\WWW\hardphp\thinkphp\lang\zh-cn.php
[ info ] [ ROUTE ] array (
  'type' => 'module',
  'module' => 
  array (
    0 => 'admin',
    1 => 'roles',
    2 => 'index',
  ),
)
[ info ] [ HEADER ] array (
  'host' => 'www.hardphp.com',
  'connection' => 'keep-alive',
  'content-length' => '75',
  'accept' => 'application/json, text/plain, */*',
  'x-access-token' => '04879AADDEC088AF0C3BFBEB884C2987MDAwMDAwMDAwML6Mna-FqrqSib2cgMOHoIC7o36CkY6xfLjQzqGGZIXVuGadr4u5um-LunZ_w4efabGmjmWDo3-gu5SsqIhkp6vHZJ3Ynau-moXTqGG4nZSnyX-ohIONk4a7qdGyiJ-nr8hkZrmPu8yHheBxpbGJgquya5-oh4GLfrq4rLKDd5uotouL2Y-40KGcl5SIvImcjr-Qo6d9jm6evZW8hYaIiNm6oZmuktqhdg',
  'user-agent' => 'Mozilla/5.0 (Windows NT 10.0; Win64; x64) AppleWebKit/537.36 (KHTML, like Gecko) Chrome/97.0.4692.99 Safari/537.36',
  'x-access-appid' => '123456',
  'content-type' => 'application/x-www-form-urlencoded;charset=UTF-8',
  'origin' => 'http://localhost:8080',
  'referer' => 'http://localhost:8080/',
  'accept-encoding' => 'gzip, deflate',
  'accept-language' => 'zh-CN,zh;q=0.9,en;q=0.8',
)
[ info ] [ PARAM ] array (
  'page' => '1',
  'psize' => '10',
  'status' => '-1',
  'title' => '',
  'signature' => '7fa90b2669f6e5f17c695cdd71342653',
)
[ info ] [ DB ] INIT mysql
[ info ] [ RUN ] app\admin\controller\Roles->index[ D:\PHPTutorial\WWW\hardphp\application\admin\controller\Roles.php ]
[ info ] [ LOG ] INIT File
