---------------------------------------------------------------
[ 2020-04-01T18:04:11+08:00 ] 127.0.0.1 OPTIONS www.hardphp.com/index.php/api/banner/index
[运行时间：0.817863s] [吞吐率：1.22req/s] [内存消耗：1,710.69kb] [文件加载：64]
[ info ] [ LANG ] D:\phpStudy\PHPTutorial\WWW\hardphp\thinkphp\lang\zh-cn.php
[ info ] [ ROUTE ] array (
  'type' => 'module',
  'module' => 
  array (
    0 => 'api',
    1 => 'banner',
    2 => 'index',
  ),
)
[ info ] [ HEADER ] array (
  'accept-language' => 'zh-CN,zh;q=0.9',
  'accept-encoding' => 'gzip, deflate',
  'user-agent' => 'Mozilla/5.0 (Windows NT 10.0; Win64; x64) AppleWebKit/537.36 (KHTML, like Gecko) Chrome/80.0.3987.149 Safari/537.36',
  'referer' => 'http://localhost:8081/',
  'sec-fetch-mode' => 'cors',
  'origin' => 'http://localhost:8081',
  'access-control-request-headers' => 'x-access-appid',
  'access-control-request-method' => 'POST',
  'accept' => '*/*',
  'connection' => 'close',
  'host' => 'www.hardphp.com',
)
[ info ] [ PARAM ] array (
)
[ info ] [ LOG ] INIT File
---------------------------------------------------------------
[ 2020-04-01T18:04:11+08:00 ] 127.0.0.1 POST www.hardphp.com/index.php/api/banner/index
[运行时间：0.170675s] [吞吐率：5.86req/s] [内存消耗：2,617.49kb] [文件加载：71]
[ info ] [ LANG ] D:\phpStudy\PHPTutorial\WWW\hardphp\thinkphp\lang\zh-cn.php
[ info ] [ ROUTE ] array (
  'type' => 'module',
  'module' => 
  array (
    0 => 'api',
    1 => 'banner',
    2 => 'index',
  ),
)
[ info ] [ HEADER ] array (
  'accept-language' => 'zh-CN,zh;q=0.9',
  'accept-encoding' => 'gzip, deflate',
  'referer' => 'http://localhost:8081/',
  'origin' => 'http://localhost:8081',
  'accept' => '*/*',
  'content-type' => 'application/x-www-form-urlencoded;charset=UTF-8',
  'x-access-appid' => '123456',
  'user-agent' => 'Mozilla/5.0 (Windows NT 10.0; Win64; x64) AppleWebKit/537.36 (KHTML, like Gecko) Chrome/80.0.3987.149 Safari/537.36',
  'content-length' => '57',
  'connection' => 'close',
  'host' => 'www.hardphp.com',
)
[ info ] [ PARAM ] array (
  'config_log' => 'log',
  'signature' => '657d91f133a3c252e661d0e945d96315',
)
[ info ] [ DB ] INIT mysql
[ info ] [ RUN ] app\api\controller\Banner->index[ D:\phpStudy\PHPTutorial\WWW\hardphp\application\api\controller\Banner.php ]
[ info ] [ LOG ] INIT File
---------------------------------------------------------------
[ 2020-04-01T18:04:11+08:00 ] 127.0.0.1 GET www.hardphp.com/index.php/static/imgs/loading.gif
[运行时间：0.034522s] [吞吐率：28.97req/s] [内存消耗：1,454.97kb] [文件加载：53]
[ info ] [ LANG ] D:\phpStudy\PHPTutorial\WWW\hardphp\thinkphp\lang\zh-cn.php
[ info ] [ ROUTE ] array (
  'type' => 'module',
  'module' => 
  array (
    0 => 'static',
    1 => 'imgs',
    2 => 'loading.gif',
  ),
)
[ info ] [ HEADER ] array (
  'host' => 'www.hardphp.com',
  'connection' => 'close',
  'user-agent' => 'Mozilla/5.0 (Windows NT 10.0; Win64; x64) AppleWebKit/537.36 (KHTML, like Gecko) Chrome/80.0.3987.149 Safari/537.36',
  'sec-fetch-dest' => 'image',
  'accept' => 'image/webp,image/apng,image/*,*/*;q=0.8',
  'sec-fetch-site' => 'same-origin',
  'sec-fetch-mode' => 'no-cors',
  'referer' => 'http://localhost:8081/',
  'accept-encoding' => 'gzip, deflate, br',
  'accept-language' => 'zh-CN,zh;q=0.9',
  'x-forwarded-for' => '127.0.0.1',
  'x-forwarded-port' => '8081',
  'x-forwarded-proto' => 'http',
  'x-forwarded-host' => 'localhost:8081',
)
[ info ] [ PARAM ] array (
)
[ info ] [ LOG ] INIT File
---------------------------------------------------------------
[ 2020-04-01T18:04:12+08:00 ] 127.0.0.1 GET www.hardphp.com/index.php/static/imgs/loading.gif
[运行时间：0.038624s] [吞吐率：25.89req/s] [内存消耗：1,454.97kb] [文件加载：53]
[ info ] [ LANG ] D:\phpStudy\PHPTutorial\WWW\hardphp\thinkphp\lang\zh-cn.php
[ info ] [ ROUTE ] array (
  'type' => 'module',
  'module' => 
  array (
    0 => 'static',
    1 => 'imgs',
    2 => 'loading.gif',
  ),
)
[ info ] [ HEADER ] array (
  'host' => 'www.hardphp.com',
  'connection' => 'close',
  'user-agent' => 'Mozilla/5.0 (Windows NT 10.0; Win64; x64) AppleWebKit/537.36 (KHTML, like Gecko) Chrome/80.0.3987.149 Safari/537.36',
  'sec-fetch-dest' => 'image',
  'accept' => 'image/webp,image/apng,image/*,*/*;q=0.8',
  'sec-fetch-site' => 'same-origin',
  'sec-fetch-mode' => 'no-cors',
  'referer' => 'http://localhost:8081/',
  'accept-encoding' => 'gzip, deflate, br',
  'accept-language' => 'zh-CN,zh;q=0.9',
  'x-forwarded-for' => '127.0.0.1',
  'x-forwarded-port' => '8081',
  'x-forwarded-proto' => 'http',
  'x-forwarded-host' => 'localhost:8081',
)
[ info ] [ PARAM ] array (
)
[ info ] [ LOG ] INIT File
---------------------------------------------------------------
[ 2020-04-01T18:04:15+08:00 ] 127.0.0.1 POST www.hardphp.com/index.php/api/banner/index
[运行时间：0.083336s] [吞吐率：12.00req/s] [内存消耗：2,617.49kb] [文件加载：71]
[ info ] [ LANG ] D:\phpStudy\PHPTutorial\WWW\hardphp\thinkphp\lang\zh-cn.php
[ info ] [ ROUTE ] array (
  'type' => 'module',
  'module' => 
  array (
    0 => 'api',
    1 => 'banner',
    2 => 'index',
  ),
)
[ info ] [ HEADER ] array (
  'accept-language' => 'zh-CN,zh;q=0.9',
  'accept-encoding' => 'gzip, deflate',
  'referer' => 'http://localhost:8081/',
  'origin' => 'http://localhost:8081',
  'accept' => '*/*',
  'content-type' => 'application/x-www-form-urlencoded;charset=UTF-8',
  'x-access-appid' => '123456',
  'user-agent' => 'Mozilla/5.0 (Windows NT 10.0; Win64; x64) AppleWebKit/537.36 (KHTML, like Gecko) Chrome/80.0.3987.149 Safari/537.36',
  'content-length' => '57',
  'connection' => 'close',
  'host' => 'www.hardphp.com',
)
[ info ] [ PARAM ] array (
  'config_log' => 'log',
  'signature' => '657d91f133a3c252e661d0e945d96315',
)
[ info ] [ DB ] INIT mysql
[ info ] [ RUN ] app\api\controller\Banner->index[ D:\phpStudy\PHPTutorial\WWW\hardphp\application\api\controller\Banner.php ]
[ info ] [ LOG ] INIT File
---------------------------------------------------------------
[ 2020-04-01T18:04:15+08:00 ] 127.0.0.1 GET www.hardphp.com/index.php/static/imgs/loading.gif
[运行时间：0.031960s] [吞吐率：31.29req/s] [内存消耗：1,454.97kb] [文件加载：53]
[ info ] [ LANG ] D:\phpStudy\PHPTutorial\WWW\hardphp\thinkphp\lang\zh-cn.php
[ info ] [ ROUTE ] array (
  'type' => 'module',
  'module' => 
  array (
    0 => 'static',
    1 => 'imgs',
    2 => 'loading.gif',
  ),
)
[ info ] [ HEADER ] array (
  'host' => 'www.hardphp.com',
  'connection' => 'close',
  'user-agent' => 'Mozilla/5.0 (Windows NT 10.0; Win64; x64) AppleWebKit/537.36 (KHTML, like Gecko) Chrome/80.0.3987.149 Safari/537.36',
  'sec-fetch-dest' => 'image',
  'accept' => 'image/webp,image/apng,image/*,*/*;q=0.8',
  'sec-fetch-site' => 'same-origin',
  'sec-fetch-mode' => 'no-cors',
  'referer' => 'http://localhost:8081/',
  'accept-encoding' => 'gzip, deflate, br',
  'accept-language' => 'zh-CN,zh;q=0.9',
  'x-forwarded-for' => '127.0.0.1',
  'x-forwarded-port' => '8081',
  'x-forwarded-proto' => 'http',
  'x-forwarded-host' => 'localhost:8081',
)
[ info ] [ PARAM ] array (
)
[ info ] [ LOG ] INIT File
---------------------------------------------------------------
[ 2020-04-01T18:04:16+08:00 ] 127.0.0.1 GET www.hardphp.com/index.php/static/imgs/loading.gif
[运行时间：0.056470s] [吞吐率：17.71req/s] [内存消耗：1,454.97kb] [文件加载：53]
[ info ] [ LANG ] D:\phpStudy\PHPTutorial\WWW\hardphp\thinkphp\lang\zh-cn.php
[ info ] [ ROUTE ] array (
  'type' => 'module',
  'module' => 
  array (
    0 => 'static',
    1 => 'imgs',
    2 => 'loading.gif',
  ),
)
[ info ] [ HEADER ] array (
  'host' => 'www.hardphp.com',
  'connection' => 'close',
  'user-agent' => 'Mozilla/5.0 (Windows NT 10.0; Win64; x64) AppleWebKit/537.36 (KHTML, like Gecko) Chrome/80.0.3987.149 Safari/537.36',
  'sec-fetch-dest' => 'image',
  'accept' => 'image/webp,image/apng,image/*,*/*;q=0.8',
  'sec-fetch-site' => 'same-origin',
  'sec-fetch-mode' => 'no-cors',
  'referer' => 'http://localhost:8081/',
  'accept-encoding' => 'gzip, deflate, br',
  'accept-language' => 'zh-CN,zh;q=0.9',
  'x-forwarded-for' => '127.0.0.1',
  'x-forwarded-port' => '8081',
  'x-forwarded-proto' => 'http',
  'x-forwarded-host' => 'localhost:8081',
)
[ info ] [ PARAM ] array (
)
[ info ] [ LOG ] INIT File
---------------------------------------------------------------
[ 2020-04-01T18:04:27+08:00 ] 127.0.0.1 OPTIONS www.hardphp.com/index.php/api/banner/index
[运行时间：0.049175s] [吞吐率：20.34req/s] [内存消耗：1,710.56kb] [文件加载：64]
[ info ] [ LANG ] D:\phpStudy\PHPTutorial\WWW\hardphp\thinkphp\lang\zh-cn.php
[ info ] [ ROUTE ] array (
  'type' => 'module',
  'module' => 
  array (
    0 => 'api',
    1 => 'banner',
    2 => 'index',
  ),
)
[ info ] [ HEADER ] array (
  'accept-language' => 'zh-CN,zh;q=0.9',
  'accept-encoding' => 'gzip, deflate',
  'user-agent' => 'Mozilla/5.0 (Windows NT 10.0; Win64; x64) AppleWebKit/537.36 (KHTML, like Gecko) Chrome/80.0.3987.149 Safari/537.36',
  'referer' => 'http://localhost:8081/',
  'sec-fetch-mode' => 'cors',
  'origin' => 'http://localhost:8081',
  'access-control-request-headers' => 'x-access-appid',
  'access-control-request-method' => 'POST',
  'accept' => '*/*',
  'connection' => 'close',
  'host' => 'www.hardphp.com',
)
[ info ] [ PARAM ] array (
)
[ info ] [ LOG ] INIT File
---------------------------------------------------------------
[ 2020-04-01T18:04:28+08:00 ] 127.0.0.1 POST www.hardphp.com/index.php/api/banner/index
[运行时间：0.076170s] [吞吐率：13.13req/s] [内存消耗：2,617.48kb] [文件加载：71]
[ info ] [ LANG ] D:\phpStudy\PHPTutorial\WWW\hardphp\thinkphp\lang\zh-cn.php
[ info ] [ ROUTE ] array (
  'type' => 'module',
  'module' => 
  array (
    0 => 'api',
    1 => 'banner',
    2 => 'index',
  ),
)
[ info ] [ HEADER ] array (
  'accept-language' => 'zh-CN,zh;q=0.9',
  'accept-encoding' => 'gzip, deflate',
  'referer' => 'http://localhost:8081/',
  'origin' => 'http://localhost:8081',
  'accept' => '*/*',
  'content-type' => 'application/x-www-form-urlencoded;charset=UTF-8',
  'x-access-appid' => '123456',
  'user-agent' => 'Mozilla/5.0 (iPhone; CPU iPhone OS 13_2_3 like Mac OS X) AppleWebKit/605.1.15 (KHTML, like Gecko) Version/13.0.3 Mobile/15E148 Safari/604.1',
  'content-length' => '57',
  'connection' => 'close',
  'host' => 'www.hardphp.com',
)
[ info ] [ PARAM ] array (
  'config_log' => 'log',
  'signature' => '657d91f133a3c252e661d0e945d96315',
)
[ info ] [ DB ] INIT mysql
[ info ] [ RUN ] app\api\controller\Banner->index[ D:\phpStudy\PHPTutorial\WWW\hardphp\application\api\controller\Banner.php ]
[ info ] [ LOG ] INIT File
---------------------------------------------------------------
[ 2020-04-01T18:04:28+08:00 ] 127.0.0.1 GET www.hardphp.com/index.php/static/imgs/loading.gif
[运行时间：0.034825s] [吞吐率：28.71req/s] [内存消耗：1,455.13kb] [文件加载：53]
[ info ] [ LANG ] D:\phpStudy\PHPTutorial\WWW\hardphp\thinkphp\lang\zh-cn.php
[ info ] [ ROUTE ] array (
  'type' => 'module',
  'module' => 
  array (
    0 => 'static',
    1 => 'imgs',
    2 => 'loading.gif',
  ),
)
[ info ] [ HEADER ] array (
  'host' => 'www.hardphp.com',
  'connection' => 'close',
  'user-agent' => 'Mozilla/5.0 (iPhone; CPU iPhone OS 13_2_3 like Mac OS X) AppleWebKit/605.1.15 (KHTML, like Gecko) Version/13.0.3 Mobile/15E148 Safari/604.1',
  'sec-fetch-dest' => 'image',
  'accept' => 'image/webp,image/apng,image/*,*/*;q=0.8',
  'sec-fetch-site' => 'same-origin',
  'sec-fetch-mode' => 'no-cors',
  'referer' => 'http://localhost:8081/',
  'accept-encoding' => 'gzip, deflate, br',
  'accept-language' => 'zh-CN,zh;q=0.9',
  'x-forwarded-for' => '127.0.0.1',
  'x-forwarded-port' => '8081',
  'x-forwarded-proto' => 'http',
  'x-forwarded-host' => 'localhost:8081',
)
[ info ] [ PARAM ] array (
)
[ info ] [ LOG ] INIT File
---------------------------------------------------------------
[ 2020-04-01T18:04:28+08:00 ] 127.0.0.1 GET www.hardphp.com/index.php/static/imgs/loading.gif
[运行时间：0.029593s] [吞吐率：33.79req/s] [内存消耗：1,455.13kb] [文件加载：53]
[ info ] [ LANG ] D:\phpStudy\PHPTutorial\WWW\hardphp\thinkphp\lang\zh-cn.php
[ info ] [ ROUTE ] array (
  'type' => 'module',
  'module' => 
  array (
    0 => 'static',
    1 => 'imgs',
    2 => 'loading.gif',
  ),
)
[ info ] [ HEADER ] array (
  'host' => 'www.hardphp.com',
  'connection' => 'close',
  'user-agent' => 'Mozilla/5.0 (iPhone; CPU iPhone OS 13_2_3 like Mac OS X) AppleWebKit/605.1.15 (KHTML, like Gecko) Version/13.0.3 Mobile/15E148 Safari/604.1',
  'sec-fetch-dest' => 'image',
  'accept' => 'image/webp,image/apng,image/*,*/*;q=0.8',
  'sec-fetch-site' => 'same-origin',
  'sec-fetch-mode' => 'no-cors',
  'referer' => 'http://localhost:8081/',
  'accept-encoding' => 'gzip, deflate, br',
  'accept-language' => 'zh-CN,zh;q=0.9',
  'x-forwarded-for' => '127.0.0.1',
  'x-forwarded-port' => '8081',
  'x-forwarded-proto' => 'http',
  'x-forwarded-host' => 'localhost:8081',
)
[ info ] [ PARAM ] array (
)
[ info ] [ LOG ] INIT File
---------------------------------------------------------------
[ 2020-04-01T18:04:39+08:00 ] 127.0.0.1 OPTIONS www.hardphp.com/index.php/api/banner/index
[运行时间：0.045380s] [吞吐率：22.04req/s] [内存消耗：1,710.56kb] [文件加载：64]
[ info ] [ LANG ] D:\phpStudy\PHPTutorial\WWW\hardphp\thinkphp\lang\zh-cn.php
[ info ] [ ROUTE ] array (
  'type' => 'module',
  'module' => 
  array (
    0 => 'api',
    1 => 'banner',
    2 => 'index',
  ),
)
[ info ] [ HEADER ] array (
  'accept-language' => 'zh-CN,zh;q=0.9',
  'accept-encoding' => 'gzip, deflate',
  'user-agent' => 'Mozilla/5.0 (Windows NT 10.0; Win64; x64) AppleWebKit/537.36 (KHTML, like Gecko) Chrome/80.0.3987.149 Safari/537.36',
  'referer' => 'http://localhost:8081/',
  'sec-fetch-mode' => 'cors',
  'origin' => 'http://localhost:8081',
  'access-control-request-headers' => 'x-access-appid',
  'access-control-request-method' => 'POST',
  'accept' => '*/*',
  'connection' => 'close',
  'host' => 'www.hardphp.com',
)
[ info ] [ PARAM ] array (
)
[ info ] [ LOG ] INIT File
---------------------------------------------------------------
[ 2020-04-01T18:04:40+08:00 ] 127.0.0.1 POST www.hardphp.com/index.php/api/banner/index
[运行时间：0.081091s] [吞吐率：12.33req/s] [内存消耗：2,617.48kb] [文件加载：71]
[ info ] [ LANG ] D:\phpStudy\PHPTutorial\WWW\hardphp\thinkphp\lang\zh-cn.php
[ info ] [ ROUTE ] array (
  'type' => 'module',
  'module' => 
  array (
    0 => 'api',
    1 => 'banner',
    2 => 'index',
  ),
)
[ info ] [ HEADER ] array (
  'accept-language' => 'zh-CN,zh;q=0.9',
  'accept-encoding' => 'gzip, deflate',
  'referer' => 'http://localhost:8081/',
  'origin' => 'http://localhost:8081',
  'accept' => '*/*',
  'content-type' => 'application/x-www-form-urlencoded;charset=UTF-8',
  'x-access-appid' => '123456',
  'user-agent' => 'Mozilla/5.0 (iPhone; CPU iPhone OS 13_2_3 like Mac OS X) AppleWebKit/605.1.15 (KHTML, like Gecko) Version/13.0.3 Mobile/15E148 Safari/604.1',
  'content-length' => '57',
  'connection' => 'close',
  'host' => 'www.hardphp.com',
)
[ info ] [ PARAM ] array (
  'config_log' => 'log',
  'signature' => '657d91f133a3c252e661d0e945d96315',
)
[ info ] [ DB ] INIT mysql
[ info ] [ RUN ] app\api\controller\Banner->index[ D:\phpStudy\PHPTutorial\WWW\hardphp\application\api\controller\Banner.php ]
[ info ] [ LOG ] INIT File
---------------------------------------------------------------
[ 2020-04-01T18:04:46+08:00 ] 127.0.0.1 OPTIONS www.hardphp.com/index.php/api/banner/index
[运行时间：0.039782s] [吞吐率：25.14req/s] [内存消耗：1,710.56kb] [文件加载：64]
[ info ] [ LANG ] D:\phpStudy\PHPTutorial\WWW\hardphp\thinkphp\lang\zh-cn.php
[ info ] [ ROUTE ] array (
  'type' => 'module',
  'module' => 
  array (
    0 => 'api',
    1 => 'banner',
    2 => 'index',
  ),
)
[ info ] [ HEADER ] array (
  'accept-language' => 'zh-CN,zh;q=0.9',
  'accept-encoding' => 'gzip, deflate',
  'user-agent' => 'Mozilla/5.0 (Windows NT 10.0; Win64; x64) AppleWebKit/537.36 (KHTML, like Gecko) Chrome/80.0.3987.149 Safari/537.36',
  'referer' => 'http://localhost:8081/',
  'sec-fetch-mode' => 'cors',
  'origin' => 'http://localhost:8081',
  'access-control-request-headers' => 'x-access-appid',
  'access-control-request-method' => 'POST',
  'accept' => '*/*',
  'connection' => 'close',
  'host' => 'www.hardphp.com',
)
[ info ] [ PARAM ] array (
)
[ info ] [ LOG ] INIT File
---------------------------------------------------------------
[ 2020-04-01T18:04:46+08:00 ] 127.0.0.1 POST www.hardphp.com/index.php/api/banner/index
[运行时间：0.063905s] [吞吐率：15.65req/s] [内存消耗：2,617.48kb] [文件加载：71]
[ info ] [ LANG ] D:\phpStudy\PHPTutorial\WWW\hardphp\thinkphp\lang\zh-cn.php
[ info ] [ ROUTE ] array (
  'type' => 'module',
  'module' => 
  array (
    0 => 'api',
    1 => 'banner',
    2 => 'index',
  ),
)
[ info ] [ HEADER ] array (
  'accept-language' => 'zh-CN,zh;q=0.9',
  'accept-encoding' => 'gzip, deflate',
  'referer' => 'http://localhost:8081/',
  'origin' => 'http://localhost:8081',
  'accept' => '*/*',
  'content-type' => 'application/x-www-form-urlencoded;charset=UTF-8',
  'x-access-appid' => '123456',
  'user-agent' => 'Mozilla/5.0 (iPhone; CPU iPhone OS 13_2_3 like Mac OS X) AppleWebKit/605.1.15 (KHTML, like Gecko) Version/13.0.3 Mobile/15E148 Safari/604.1',
  'content-length' => '57',
  'connection' => 'close',
  'host' => 'www.hardphp.com',
)
[ info ] [ PARAM ] array (
  'config_log' => 'log',
  'signature' => '657d91f133a3c252e661d0e945d96315',
)
[ info ] [ DB ] INIT mysql
[ info ] [ RUN ] app\api\controller\Banner->index[ D:\phpStudy\PHPTutorial\WWW\hardphp\application\api\controller\Banner.php ]
[ info ] [ LOG ] INIT File
---------------------------------------------------------------
[ 2020-04-01T18:04:46+08:00 ] 127.0.0.1 GET www.hardphp.com/index.php/static/imgs/loading.gif
[运行时间：0.030571s] [吞吐率：32.71req/s] [内存消耗：1,455.13kb] [文件加载：53]
[ info ] [ LANG ] D:\phpStudy\PHPTutorial\WWW\hardphp\thinkphp\lang\zh-cn.php
[ info ] [ ROUTE ] array (
  'type' => 'module',
  'module' => 
  array (
    0 => 'static',
    1 => 'imgs',
    2 => 'loading.gif',
  ),
)
[ info ] [ HEADER ] array (
  'host' => 'www.hardphp.com',
  'connection' => 'close',
  'user-agent' => 'Mozilla/5.0 (iPhone; CPU iPhone OS 13_2_3 like Mac OS X) AppleWebKit/605.1.15 (KHTML, like Gecko) Version/13.0.3 Mobile/15E148 Safari/604.1',
  'sec-fetch-dest' => 'image',
  'accept' => 'image/webp,image/apng,image/*,*/*;q=0.8',
  'sec-fetch-site' => 'same-origin',
  'sec-fetch-mode' => 'no-cors',
  'referer' => 'http://localhost:8081/',
  'accept-encoding' => 'gzip, deflate, br',
  'accept-language' => 'zh-CN,zh;q=0.9',
  'x-forwarded-for' => '127.0.0.1',
  'x-forwarded-port' => '8081',
  'x-forwarded-proto' => 'http',
  'x-forwarded-host' => 'localhost:8081',
)
[ info ] [ PARAM ] array (
)
[ info ] [ LOG ] INIT File
---------------------------------------------------------------
[ 2020-04-01T18:04:57+08:00 ] 127.0.0.1 OPTIONS www.hardphp.com/index.php/api/login/index2
[运行时间：0.051241s] [吞吐率：19.52req/s] [内存消耗：1,715.62kb] [文件加载：64]
[ info ] [ LANG ] D:\phpStudy\PHPTutorial\WWW\hardphp\thinkphp\lang\zh-cn.php
[ info ] [ ROUTE ] array (
  'type' => 'module',
  'module' => 
  array (
    0 => 'api',
    1 => 'login',
    2 => 'index2',
  ),
)
[ info ] [ HEADER ] array (
  'accept-language' => 'zh-CN,zh;q=0.9',
  'accept-encoding' => 'gzip, deflate',
  'user-agent' => 'Mozilla/5.0 (Windows NT 10.0; Win64; x64) AppleWebKit/537.36 (KHTML, like Gecko) Chrome/80.0.3987.149 Safari/537.36',
  'referer' => 'http://localhost:8081/',
  'sec-fetch-mode' => 'cors',
  'origin' => 'http://localhost:8081',
  'access-control-request-headers' => 'x-access-appid',
  'access-control-request-method' => 'POST',
  'accept' => '*/*',
  'connection' => 'close',
  'host' => 'www.hardphp.com',
)
[ info ] [ PARAM ] array (
)
[ info ] [ LOG ] INIT File
---------------------------------------------------------------
[ 2020-04-01T18:04:57+08:00 ] 127.0.0.1 POST www.hardphp.com/index.php/api/login/index2
[运行时间：0.274699s] [吞吐率：3.64req/s] [内存消耗：2,801.52kb] [文件加载：78]
[ info ] [ LANG ] D:\phpStudy\PHPTutorial\WWW\hardphp\thinkphp\lang\zh-cn.php
[ info ] [ ROUTE ] array (
  'type' => 'module',
  'module' => 
  array (
    0 => 'api',
    1 => 'login',
    2 => 'index2',
  ),
)
[ info ] [ HEADER ] array (
  'accept-language' => 'zh-CN,zh;q=0.9',
  'accept-encoding' => 'gzip, deflate',
  'referer' => 'http://localhost:8081/',
  'origin' => 'http://localhost:8081',
  'accept' => '*/*',
  'content-type' => 'application/x-www-form-urlencoded;charset=UTF-8',
  'x-access-appid' => '123456',
  'user-agent' => 'Mozilla/5.0 (iPhone; CPU iPhone OS 13_2_3 like Mac OS X) AppleWebKit/605.1.15 (KHTML, like Gecko) Version/13.0.3 Mobile/15E148 Safari/604.1',
  'content-length' => '88',
  'connection' => 'close',
  'host' => 'www.hardphp.com',
)
[ info ] [ PARAM ] array (
  'userName' => 'nameuser',
  'password' => '123456',
  'config_log' => '',
  'signature' => 'cd849e9df3f961f8ef1ab63c2248ee95',
)
[ info ] [ DB ] INIT mysql
[ info ] [ RUN ] app\api\controller\Login->index2[ D:\phpStudy\PHPTutorial\WWW\hardphp\application\api\controller\Login.php ]
[ info ] [ CACHE ] INIT File
[ info ] [ LOG ] INIT File
---------------------------------------------------------------
[ 2020-04-01T18:04:58+08:00 ] 127.0.0.1 OPTIONS www.hardphp.com/index.php/api/banner/index
[运行时间：0.046116s] [吞吐率：21.68req/s] [内存消耗：1,710.56kb] [文件加载：64]
[ info ] [ LANG ] D:\phpStudy\PHPTutorial\WWW\hardphp\thinkphp\lang\zh-cn.php
[ info ] [ ROUTE ] array (
  'type' => 'module',
  'module' => 
  array (
    0 => 'api',
    1 => 'banner',
    2 => 'index',
  ),
)
[ info ] [ HEADER ] array (
  'accept-language' => 'zh-CN,zh;q=0.9',
  'accept-encoding' => 'gzip, deflate',
  'user-agent' => 'Mozilla/5.0 (Windows NT 10.0; Win64; x64) AppleWebKit/537.36 (KHTML, like Gecko) Chrome/80.0.3987.149 Safari/537.36',
  'referer' => 'http://localhost:8081/',
  'sec-fetch-mode' => 'cors',
  'origin' => 'http://localhost:8081',
  'access-control-request-headers' => 'x-access-appid',
  'access-control-request-method' => 'POST',
  'accept' => '*/*',
  'connection' => 'close',
  'host' => 'www.hardphp.com',
)
[ info ] [ PARAM ] array (
)
[ info ] [ LOG ] INIT File
---------------------------------------------------------------
[ 2020-04-01T18:04:58+08:00 ] 127.0.0.1 POST www.hardphp.com/index.php/api/banner/index
[运行时间：0.081735s] [吞吐率：12.23req/s] [内存消耗：2,617.48kb] [文件加载：71]
[ info ] [ LANG ] D:\phpStudy\PHPTutorial\WWW\hardphp\thinkphp\lang\zh-cn.php
[ info ] [ ROUTE ] array (
  'type' => 'module',
  'module' => 
  array (
    0 => 'api',
    1 => 'banner',
    2 => 'index',
  ),
)
[ info ] [ HEADER ] array (
  'accept-language' => 'zh-CN,zh;q=0.9',
  'accept-encoding' => 'gzip, deflate',
  'referer' => 'http://localhost:8081/',
  'origin' => 'http://localhost:8081',
  'accept' => '*/*',
  'content-type' => 'application/x-www-form-urlencoded;charset=UTF-8',
  'x-access-appid' => '123456',
  'user-agent' => 'Mozilla/5.0 (iPhone; CPU iPhone OS 13_2_3 like Mac OS X) AppleWebKit/605.1.15 (KHTML, like Gecko) Version/13.0.3 Mobile/15E148 Safari/604.1',
  'content-length' => '57',
  'connection' => 'close',
  'host' => 'www.hardphp.com',
)
[ info ] [ PARAM ] array (
  'config_log' => 'log',
  'signature' => '657d91f133a3c252e661d0e945d96315',
)
[ info ] [ DB ] INIT mysql
[ info ] [ RUN ] app\api\controller\Banner->index[ D:\phpStudy\PHPTutorial\WWW\hardphp\application\api\controller\Banner.php ]
[ info ] [ LOG ] INIT File
---------------------------------------------------------------
[ 2020-04-01T18:08:11+08:00 ] 127.0.0.1 OPTIONS www.hardphp.com/index.php/admin/login/index
[运行时间：0.091898s] [吞吐率：10.88req/s] [内存消耗：1,707.81kb] [文件加载：63]
[ info ] [ LANG ] D:\phpStudy\PHPTutorial\WWW\hardphp\thinkphp\lang\zh-cn.php
[ info ] [ ROUTE ] array (
  'type' => 'module',
  'module' => 
  array (
    0 => 'admin',
    1 => 'login',
    2 => 'index',
  ),
)
[ info ] [ HEADER ] array (
  'accept-language' => 'zh-CN,zh;q=0.9',
  'accept-encoding' => 'gzip, deflate',
  'user-agent' => 'Mozilla/5.0 (Windows NT 10.0; Win64; x64) AppleWebKit/537.36 (KHTML, like Gecko) Chrome/80.0.3987.149 Safari/537.36',
  'referer' => 'http://localhost:8080/',
  'sec-fetch-mode' => 'cors',
  'origin' => 'http://localhost:8080',
  'access-control-request-headers' => 'x-access-appid',
  'access-control-request-method' => 'POST',
  'accept' => '*/*',
  'connection' => 'close',
  'host' => 'www.hardphp.com',
)
[ info ] [ PARAM ] array (
)
[ info ] [ LOG ] INIT File
---------------------------------------------------------------
[ 2020-04-01T18:08:11+08:00 ] 127.0.0.1 POST www.hardphp.com/index.php/admin/login/index
[运行时间：0.309130s] [吞吐率：3.23req/s] [内存消耗：2,831.41kb] [文件加载：78]
[ info ] [ LANG ] D:\phpStudy\PHPTutorial\WWW\hardphp\thinkphp\lang\zh-cn.php
[ info ] [ ROUTE ] array (
  'type' => 'module',
  'module' => 
  array (
    0 => 'admin',
    1 => 'login',
    2 => 'index',
  ),
)
[ info ] [ HEADER ] array (
  'accept-language' => 'zh-CN,zh;q=0.9',
  'accept-encoding' => 'gzip, deflate',
  'referer' => 'http://localhost:8080/',
  'origin' => 'http://localhost:8080',
  'content-type' => 'application/x-www-form-urlencoded;charset=UTF-8',
  'x-access-appid' => '123456',
  'user-agent' => 'Mozilla/5.0 (Windows NT 10.0; Win64; x64) AppleWebKit/537.36 (KHTML, like Gecko) Chrome/80.0.3987.149 Safari/537.36',
  'accept' => 'application/json, text/plain, */*',
  'content-length' => '73',
  'connection' => 'close',
  'host' => 'www.hardphp.com',
)
[ info ] [ PARAM ] array (
  'userName' => 'admin',
  'password' => '123456',
  'signature' => '5c9dde2ed54c2625dcafa37e79314ea6',
)
[ info ] [ DB ] INIT mysql
[ info ] [ RUN ] app\admin\controller\Login->index[ D:\phpStudy\PHPTutorial\WWW\hardphp\application\admin\controller\Login.php ]
[ info ] [ CACHE ] INIT File
[ info ] [ LOG ] INIT File
---------------------------------------------------------------
[ 2020-04-01T18:08:11+08:00 ] 127.0.0.1 OPTIONS www.hardphp.com/index.php/admin/admin/getuser
[运行时间：0.074452s] [吞吐率：13.43req/s] [内存消耗：1,753.66kb] [文件加载：65]
[ info ] [ LANG ] D:\phpStudy\PHPTutorial\WWW\hardphp\thinkphp\lang\zh-cn.php
[ info ] [ ROUTE ] array (
  'type' => 'module',
  'module' => 
  array (
    0 => 'admin',
    1 => 'admin',
    2 => 'getuser',
  ),
)
[ info ] [ HEADER ] array (
  'accept-language' => 'zh-CN,zh;q=0.9',
  'accept-encoding' => 'gzip, deflate',
  'user-agent' => 'Mozilla/5.0 (Windows NT 10.0; Win64; x64) AppleWebKit/537.36 (KHTML, like Gecko) Chrome/80.0.3987.149 Safari/537.36',
  'referer' => 'http://localhost:8080/',
  'sec-fetch-mode' => 'cors',
  'origin' => 'http://localhost:8080',
  'access-control-request-headers' => 'x-access-appid,x-access-token',
  'access-control-request-method' => 'POST',
  'accept' => '*/*',
  'connection' => 'close',
  'host' => 'www.hardphp.com',
)
[ info ] [ PARAM ] array (
)
[ info ] [ LOG ] INIT File
---------------------------------------------------------------
[ 2020-04-01T18:08:12+08:00 ] 127.0.0.1 POST www.hardphp.com/index.php/admin/admin/getuser
[运行时间：0.178063s] [吞吐率：5.62req/s] [内存消耗：2,847.09kb] [文件加载：77]
[ info ] [ LANG ] D:\phpStudy\PHPTutorial\WWW\hardphp\thinkphp\lang\zh-cn.php
[ info ] [ ROUTE ] array (
  'type' => 'module',
  'module' => 
  array (
    0 => 'admin',
    1 => 'admin',
    2 => 'getuser',
  ),
)
[ info ] [ HEADER ] array (
  'accept-language' => 'zh-CN,zh;q=0.9',
  'accept-encoding' => 'gzip, deflate',
  'referer' => 'http://localhost:8080/',
  'origin' => 'http://localhost:8080',
  'content-type' => 'application/x-www-form-urlencoded;charset=UTF-8',
  'x-access-appid' => '123456',
  'user-agent' => 'Mozilla/5.0 (Windows NT 10.0; Win64; x64) AppleWebKit/537.36 (KHTML, like Gecko) Chrome/80.0.3987.149 Safari/537.36',
  'x-access-token' => '36113393C5C92EBF5122CFBC0AED6A48MDAwMDAwMDAwML6Mna-FqrqSib2cgMOHoIC7o36CkY6xfLjQzqGGZIXVuGadr4u5um-LunZ_w4efabGmjmWDo3-gu5SsqIhkp6vHZJ3Ynau-moXTqGG4nZSnyX-ohIONk4a7qbtoiJ6Jz8mfZrmPt7qHj6pxpcVklIi8gIp8iqd7oLmq0o6Bnau-vGRi146qtoSOu2V6tKCcfsp-cGCFa62ovKjWro6skbe-jJW-haShdg',
  'accept' => 'application/json, text/plain, */*',
  'content-length' => '42',
  'connection' => 'close',
  'host' => 'www.hardphp.com',
)
[ info ] [ PARAM ] array (
  'signature' => '776a8773415590486189e97e10f77114',
)
[ info ] [ DB ] INIT mysql
[ info ] [ RUN ] app\admin\controller\Admin->getuser[ D:\phpStudy\PHPTutorial\WWW\hardphp\application\admin\controller\Admin.php ]
[ info ] [ LOG ] INIT File
---------------------------------------------------------------
[ 2020-04-01T18:12:21+08:00 ] 127.0.0.1 OPTIONS www.hardphp.com/index.php/admin/admin/getuser
[运行时间：0.046246s] [吞吐率：21.62req/s] [内存消耗：1,753.68kb] [文件加载：65]
[ info ] [ LANG ] D:\phpStudy\PHPTutorial\WWW\hardphp\thinkphp\lang\zh-cn.php
[ info ] [ ROUTE ] array (
  'type' => 'module',
  'module' => 
  array (
    0 => 'admin',
    1 => 'admin',
    2 => 'getuser',
  ),
)
[ info ] [ HEADER ] array (
  'accept-language' => 'zh-CN,zh;q=0.9',
  'accept-encoding' => 'gzip, deflate',
  'user-agent' => 'Mozilla/5.0 (Windows NT 10.0; Win64; x64) AppleWebKit/537.36 (KHTML, like Gecko) Chrome/80.0.3987.149 Safari/537.36',
  'referer' => 'http://localhost:8080/',
  'sec-fetch-mode' => 'cors',
  'origin' => 'http://localhost:8080',
  'access-control-request-headers' => 'x-access-appid,x-access-token',
  'access-control-request-method' => 'POST',
  'accept' => '*/*',
  'connection' => 'close',
  'host' => 'www.hardphp.com',
)
[ info ] [ PARAM ] array (
)
[ info ] [ LOG ] INIT File
---------------------------------------------------------------
[ 2020-04-01T18:12:21+08:00 ] 127.0.0.1 POST www.hardphp.com/index.php/admin/admin/getuser
[运行时间：0.111772s] [吞吐率：8.95req/s] [内存消耗：2,847.09kb] [文件加载：77]
[ info ] [ LANG ] D:\phpStudy\PHPTutorial\WWW\hardphp\thinkphp\lang\zh-cn.php
[ info ] [ ROUTE ] array (
  'type' => 'module',
  'module' => 
  array (
    0 => 'admin',
    1 => 'admin',
    2 => 'getuser',
  ),
)
[ info ] [ HEADER ] array (
  'accept-language' => 'zh-CN,zh;q=0.9',
  'accept-encoding' => 'gzip, deflate',
  'referer' => 'http://localhost:8080/',
  'origin' => 'http://localhost:8080',
  'content-type' => 'application/x-www-form-urlencoded;charset=UTF-8',
  'x-access-appid' => '123456',
  'user-agent' => 'Mozilla/5.0 (Windows NT 10.0; Win64; x64) AppleWebKit/537.36 (KHTML, like Gecko) Chrome/80.0.3987.149 Safari/537.36',
  'x-access-token' => '36113393C5C92EBF5122CFBC0AED6A48MDAwMDAwMDAwML6Mna-FqrqSib2cgMOHoIC7o36CkY6xfLjQzqGGZIXVuGadr4u5um-LunZ_w4efabGmjmWDo3-gu5SsqIhkp6vHZJ3Ynau-moXTqGG4nZSnyX-ohIONk4a7qbtoiJ6Jz8mfZrmPt7qHj6pxpcVklIi8gIp8iqd7oLmq0o6Bnau-vGRi146qtoSOu2V6tKCcfsp-cGCFa62ovKjWro6skbe-jJW-haShdg',
  'accept' => 'application/json, text/plain, */*',
  'content-length' => '42',
  'connection' => 'close',
  'host' => 'www.hardphp.com',
)
[ info ] [ PARAM ] array (
  'signature' => '776a8773415590486189e97e10f77114',
)
[ info ] [ DB ] INIT mysql
[ info ] [ RUN ] app\admin\controller\Admin->getuser[ D:\phpStudy\PHPTutorial\WWW\hardphp\application\admin\controller\Admin.php ]
[ info ] [ LOG ] INIT File
